[LOG] Initiating analysis at 2023-06-10 18:59:59.807432
---------------------------------------------------
[LOG] Removing pre-existing mutants from current working directory
[LOG] Cleaning up LittleDarwin results
---------------------------------------------------
[LOG] Working with available
[LOG] Generating mutants for its parent RandomAccessInputStream.java
---------------------------------------------------
[LOG] Running littledarwin on /home/dee/dev/rick-major-review/pdfbox/pdfbox/src/main/java/org/apache/pdfbox/io/
[LOG] Invoked LitteDarwin with ['python3', '-m', 'littledarwin', '-m', '-v', '-p', '/home/dee/dev/rick-major-review/pdfbox/pdfbox/src/main/java/org/apache/pdfbox/io/', '--all']

    __     _  __   __   __       ____                          _
   / /    (_)/ /_ / /_ / /___   / __ \ ____ _ _____ _      __ (_)____
  / /    / // __// __// // _ \ / / / // __ `// ___/| | /| / // // __ \
 / /___ / // /_ / /_ / //  __// /_/ // /_/ // /    | |/ |/ // // / / /
/_____//_/ \__/ \__//_/ \___//_____/ \__,_//_/     |__/|__//_//_/ /_/

      _                     _                 ___
     /_|  /|/|  _/__/'     /_|   _ /   _ ' _ (_  _ _ _  _      _ /
    (  | /   |(//(///()/) (  |/)(/((/_) /_)  /  / (///)(-((/()/ /(
                                  /


    LittleDarwin version 0.10.7 Copyright (C) 2014-2020 Ali Parsai

    LittleDarwin comes with ABSOLUTELY NO WARRANTY.
    This is free software, and you are welcome to redistribute it
    under certain conditions; run LittleDarwin --license for details.

    
Source Path:  /home/dee/dev/rick-major-review/pdfbox/pdfbox/src/main/java/org/apache/pdfbox/io
Target Path:  /home/dee/anaconda3/lib/python3.8/site-packages/littledarwin/LittleDarwinResults
Creating Mutation Database:  /home/dee/anaconda3/lib/python3.8/site-packages/littledarwin/LittleDarwinResults/mutationdatabase

(1/13) Source file:  /home/dee/dev/rick-major-review/pdfbox/pdfbox/src/main/java/org/apache/pdfbox/io/SequentialRead.java
ANTLR runtime and generated code versions disagree: 4.13.0!=4.10.1
ANTLR runtime and generated code versions disagree: 4.13.0!=4.10.1
--> Mutations found:  0

(2/13) Source file:  /home/dee/dev/rick-major-review/pdfbox/pdfbox/src/main/java/org/apache/pdfbox/io/RandomAccessWrite.java
ANTLR runtime and generated code versions disagree: 4.13.0!=4.10.1
ANTLR runtime and generated code versions disagree: 4.13.0!=4.10.1
--> Mutations found:  0

(3/13) Source file:  /home/dee/dev/rick-major-review/pdfbox/pdfbox/src/main/java/org/apache/pdfbox/io/ScratchFileBuffer.java
ANTLR runtime and generated code versions disagree: 4.13.0!=4.10.1
ANTLR runtime and generated code versions disagree: 4.13.0!=4.10.1
--> Mutations found:  121
----> AssignmentOperatorReplacementShortcut : 8
----> NullifyObjectInitialization : 7
----> LogicalOperatorReplacement : 1
----> RemoveNullCheck : 4
----> ConditionalOperatorReplacement : 3
----> RemoveMethod : 32
----> RelationalOperatorReplacement : 26
----> ArithmeticOperatorReplacementShortcut : 5
----> ArithmeticOperatorReplacementBinary : 29
----> ConditionalOperatorDeletion : 2
----> ArithmeticOperatorReplacementUnary : 4

(4/13) Source file:  /home/dee/dev/rick-major-review/pdfbox/pdfbox/src/main/java/org/apache/pdfbox/io/RandomAccess.java
ANTLR runtime and generated code versions disagree: 4.13.0!=4.10.1
ANTLR runtime and generated code versions disagree: 4.13.0!=4.10.1
--> Mutations found:  0

(5/13) Source file:  /home/dee/dev/rick-major-review/pdfbox/pdfbox/src/main/java/org/apache/pdfbox/io/ScratchFile.java
ANTLR runtime and generated code versions disagree: 4.13.0!=4.10.1
ANTLR runtime and generated code versions disagree: 4.13.0!=4.10.1
--> Mutations found:  105
----> NullifyReturnValue : 4
----> AssignmentOperatorReplacementShortcut : 1
----> NullifyObjectInitialization : 16
----> RemoveNullCheck : 8
----> ConditionalOperatorReplacement : 9
----> RemoveMethod : 14
----> RelationalOperatorReplacement : 28
----> ArithmeticOperatorReplacementShortcut : 1
----> ArithmeticOperatorReplacementBinary : 16
----> ConditionalOperatorDeletion : 6
----> NullifyInputVariable : 1
----> ArithmeticOperatorReplacementUnary : 1

(6/13) Source file:  /home/dee/dev/rick-major-review/pdfbox/pdfbox/src/main/java/org/apache/pdfbox/io/IOUtils.java
ANTLR runtime and generated code versions disagree: 4.13.0!=4.10.1
ANTLR runtime and generated code versions disagree: 4.13.0!=4.10.1
--> Mutations found:  32
----> NullifyReturnValue : 2
----> AssignmentOperatorReplacementShortcut : 2
----> NullifyObjectInitialization : 1
----> RemoveNullCheck : 2
----> RemoveMethod : 8
----> RelationalOperatorReplacement : 5
----> ArithmeticOperatorReplacementBinary : 2
----> NullifyInputVariable : 9
----> ArithmeticOperatorReplacementUnary : 1

(7/13) Source file:  /home/dee/dev/rick-major-review/pdfbox/pdfbox/src/main/java/org/apache/pdfbox/io/RandomAccessBufferedFileInputStream.java
ANTLR runtime and generated code versions disagree: 4.13.0!=4.10.1
ANTLR runtime and generated code versions disagree: 4.13.0!=4.10.1
--> Mutations found:  93
----> NullifyReturnValue : 1
----> AssignmentOperatorReplacementShortcut : 6
----> NullifyObjectInitialization : 5
----> LogicalOperatorReplacement : 2
----> RemoveNullCheck : 3
----> ConditionalOperatorReplacement : 1
----> ShiftOperatorReplacement : 2
----> RemoveMethod : 31
----> RelationalOperatorReplacement : 19
----> ArithmeticOperatorReplacementShortcut : 2
----> ArithmeticOperatorReplacementBinary : 12
----> NullifyInputVariable : 2
----> ArithmeticOperatorReplacementUnary : 7

(8/13) Source file:  /home/dee/dev/rick-major-review/pdfbox/pdfbox/src/main/java/org/apache/pdfbox/io/RandomAccessOutputStream.java
ANTLR runtime and generated code versions disagree: 4.13.0!=4.10.1
ANTLR runtime and generated code versions disagree: 4.13.0!=4.10.1
--> Mutations found:  3
----> RemoveMethod : 3

(9/13) Source file:  /home/dee/dev/rick-major-review/pdfbox/pdfbox/src/main/java/org/apache/pdfbox/io/MemoryUsageSetting.java
ANTLR runtime and generated code versions disagree: 4.13.0!=4.10.1
ANTLR runtime and generated code versions disagree: 4.13.0!=4.10.1
--> Mutations found:  63
----> NullifyReturnValue : 10
----> NullifyObjectInitialization : 4
----> ConditionalOperatorReplacement : 4
----> RemoveMethod : 23
----> RelationalOperatorReplacement : 10
----> ArithmeticOperatorReplacementBinary : 2
----> NullifyInputVariable : 1
----> ArithmeticOperatorReplacementUnary : 9

(10/13) Source file:  /home/dee/dev/rick-major-review/pdfbox/pdfbox/src/main/java/org/apache/pdfbox/io/RandomAccessRead.java
ANTLR runtime and generated code versions disagree: 4.13.0!=4.10.1
ANTLR runtime and generated code versions disagree: 4.13.0!=4.10.1
--> Mutations found:  0

(11/13) Source file:  /home/dee/dev/rick-major-review/pdfbox/pdfbox/src/main/java/org/apache/pdfbox/io/RandomAccessBuffer.java
ANTLR runtime and generated code versions disagree: 4.13.0!=4.10.1
ANTLR runtime and generated code versions disagree: 4.13.0!=4.10.1
--> Mutations found:  125
----> NullifyReturnValue : 1
----> AssignmentOperatorReplacementShortcut : 10
----> NullifyObjectInitialization : 11
----> LogicalOperatorReplacement : 1
----> RemoveNullCheck : 3
----> ConditionalOperatorReplacement : 1
----> RemoveMethod : 33
----> RelationalOperatorReplacement : 32
----> ArithmeticOperatorReplacementShortcut : 9
----> ArithmeticOperatorReplacementBinary : 19
----> ArithmeticOperatorReplacementUnary : 5

(12/13) Source file:  /home/dee/dev/rick-major-review/pdfbox/pdfbox/src/main/java/org/apache/pdfbox/io/RandomAccessInputStream.java
ANTLR runtime and generated code versions disagree: 4.13.0!=4.10.1
ANTLR runtime and generated code versions disagree: 4.13.0!=4.10.1
--> Mutations found:  21
----> AssignmentOperatorReplacementShortcut : 3
----> RemoveMethod : 9
----> RelationalOperatorReplacement : 3
----> ArithmeticOperatorReplacementBinary : 2
----> ArithmeticOperatorReplacementUnary : 4

(13/13) Source file:  /home/dee/dev/rick-major-review/pdfbox/pdfbox/src/main/java/org/apache/pdfbox/io/RandomAccessFile.java
ANTLR runtime and generated code versions disagree: 4.13.0!=4.10.1
ANTLR runtime and generated code versions disagree: 4.13.0!=4.10.1
--> Mutations found:  36
----> NullifyObjectInitialization : 2
----> RemoveMethod : 28
----> RelationalOperatorReplacement : 2
----> ArithmeticOperatorReplacementBinary : 2
----> ArithmeticOperatorReplacementUnary : 2

Total mutations found:  599
--> NullifyReturnValue: 18
--> AssignmentOperatorReplacementShortcut: 30
--> NullifyObjectInitialization: 46
--> LogicalOperatorReplacement: 4
--> RemoveNullCheck: 20
--> ConditionalOperatorReplacement: 18
--> ShiftOperatorReplacement: 2
--> RemoveMethod: 181
--> RelationalOperatorReplacement: 125
--> ArithmeticOperatorReplacementShortcut: 17
--> ArithmeticOperatorReplacementBinary: 84
--> ConditionalOperatorDeletion: 8
--> NullifyInputVariable: 13
--> ArithmeticOperatorReplacementUnary: 33


---------------------------------------------------
[LOG] Copying mutants of RandomAccessInputStream.java
---------------------------------------------------
[LOG] Generated 21 mutants
---------------------------------------------------
[LOG] Backing up original RICK test as ./RandomAccessInputStream.java/original-test.java
[LOG] Invoking cp /home/dee/dev/rick-major-review/pdfbox/rick-major/src/test/java/org/apache/pdfbox/io/TestRandomAccessInputStreamRickGenAvailable.java ./RandomAccessInputStream.java/original-test.java
---------------------------------------------------
[LOG] Generating variants of original RICK test
[LOG] Modifying /home/dee/dev/rick-experiments/mutation-analysis/output/available/test-oo.java
[LOG] Created OO test at /home/dee/dev/rick-experiments/mutation-analysis/output/available/test-oo.java
[LOG] Modifying /home/dee/dev/rick-experiments/mutation-analysis/output/available/test-baseline.java
[LOG] Created baseline test at /home/dee/dev/rick-experiments/mutation-analysis/output/available/test-baseline.java
[LOG] Modifying /home/dee/dev/rick-experiments/mutation-analysis/output/available/test-po.java
[LOG] Created PO test at /home/dee/dev/rick-experiments/mutation-analysis/output/available/test-po.java
[LOG] Modifying /home/dee/dev/rick-experiments/mutation-analysis/output/available/test-co.java
[LOG] Created CO test at /home/dee/dev/rick-experiments/mutation-analysis/output/available/test-co.java
[LOG] Created test with all oracles at /home/dee/dev/rick-experiments/mutation-analysis/output/available/test-all.java
---------------------------------------------------
[LOG] Replacing originalRandomAccessInputStream.java with ./RandomAccessInputStream.java/10.java
[LOG] Invoking cp ./RandomAccessInputStream.java/10.java /home/dee/dev/rick-major-review/pdfbox/pdfbox/src/main/java/org/apache/pdfbox/io/RandomAccessInputStream.java
[LOG] Invoked a clean install of the parent module with ['mvn', 'clean', 'install', '-DskipTests']
[INFO] Scanning for projects...
[INFO] 
[INFO] ----------------------< org.apache.pdfbox:pdfbox >----------------------
[INFO] Building Apache PDFBox 2.0.24
[INFO] -------------------------------[ bundle ]-------------------------------
[INFO] 
[INFO] --- maven-clean-plugin:3.0.0:clean (default-clean) @ pdfbox ---
[INFO] Deleting /home/dee/dev/rick-major-review/pdfbox/pdfbox/target
[INFO] 
[INFO] --- maven-enforcer-plugin:1.4.1:enforce (default) @ pdfbox ---
[INFO] 
[INFO] --- maven-enforcer-plugin:1.4.1:enforce (enforce-maven-version) @ pdfbox ---
[INFO] 
[INFO] --- maven-remote-resources-plugin:1.5:process (process-resource-bundles) @ pdfbox ---
[INFO] 
[INFO] --- maven-resources-plugin:3.0.2:resources (default-resources) @ pdfbox ---
[INFO] Using 'UTF-8' encoding to copy filtered resources.
[INFO] Copying 1 resource
[INFO] Copying 21 resources
[INFO] Copying 3 resources
[INFO] 
[INFO] --- maven-compiler-plugin:3.6.0:compile (default-compile) @ pdfbox ---
[INFO] Changes detected - recompiling the module!
[INFO] Compiling 609 source files to /home/dee/dev/rick-major-review/pdfbox/pdfbox/target/classes
[WARNING] To suppress warnings about obsolete options, use -Xlint:-options.
/home/dee/dev/rick-major-review/pdfbox/pdfbox/src/main/java/org/apache/pdfbox/pdmodel/PDDocument.java:[471,96] [deprecation] toList() in COSArrayList has been deprecated
[WARNING] /home/dee/dev/rick-major-review/pdfbox/pdfbox/src/main/java/org/apache/pdfbox/pdmodel/PDDocument.java:[471,45] [deprecation] toList() in COSArrayList has been deprecated
[WARNING] /home/dee/dev/rick-major-review/pdfbox/pdfbox/src/main/java/org/apache/pdfbox/pdmodel/font/PDType3Font.java:[196,17] [deprecation] getHeight(int) in PDFontLike has been deprecated
[WARNING] /home/dee/dev/rick-major-review/pdfbox/pdfbox/src/main/java/org/apache/pdfbox/text/LegacyPDFStreamEngine.java:[152,19] [deprecation] showGlyph(Matrix,PDFont,int,String,Vector) in PDFStreamEngine has been deprecated
[WARNING] /home/dee/dev/rick-major-review/pdfbox/pdfbox/src/main/java/org/apache/pdfbox/pdmodel/font/PDTrueTypeFont.java:[375,17] [deprecation] getHeight(int) in PDFontLike has been deprecated
[WARNING] /home/dee/dev/rick-major-review/pdfbox/pdfbox/src/main/java/org/apache/pdfbox/pdmodel/font/PDType0Font.java:[414,17] [deprecation] getHeight(int) in PDFontLike has been deprecated
[WARNING] /home/dee/dev/rick-major-review/pdfbox/pdfbox/src/main/java/org/apache/pdfbox/pdmodel/font/PDType0Font.java:[416,29] [deprecation] getHeight(int) in PDFontLike has been deprecated
[WARNING] /home/dee/dev/rick-major-review/pdfbox/pdfbox/src/main/java/org/apache/pdfbox/pdmodel/font/TrueTypeEmbedder.java:[120,18] [deprecation] getUnicodeCmap() in TrueTypeFont has been deprecated
[WARNING] /home/dee/dev/rick-major-review/pdfbox/pdfbox/src/main/java/org/apache/pdfbox/pdmodel/font/PDType1Font.java:[395,17] [deprecation] getHeight(int) in PDFontLike has been deprecated
[WARNING] /home/dee/dev/rick-major-review/pdfbox/pdfbox/src/main/java/org/apache/pdfbox/cos/UnmodifiableCOSDictionary.java:[286,16] [deprecation] mergeInto(COSDictionary) in COSDictionary has been deprecated
[WARNING] /home/dee/dev/rick-major-review/pdfbox/pdfbox/src/main/java/org/apache/pdfbox/pdmodel/font/PDCIDFontType0.java:[439,17] [deprecation] getHeight(int) in PDFontLike has been deprecated
[WARNING] /home/dee/dev/rick-major-review/pdfbox/pdfbox/src/main/java/org/apache/pdfbox/pdmodel/font/PDType1CFont.java:[304,17] [deprecation] getHeight(int) in PDFontLike has been deprecated
[WARNING] /home/dee/dev/rick-major-review/pdfbox/pdfbox/src/main/java/org/apache/pdfbox/pdmodel/font/PDCIDFontType2.java:[312,17] [deprecation] getHeight(int) in PDFontLike has been deprecated
[INFO] 
[INFO] --- download-maven-plugin:1.5.1:wget (PDFBOX-1031-1) @ pdfbox ---
[INFO] maven-download-plugin:wget skipped
[INFO] 
[INFO] --- download-maven-plugin:1.5.1:wget (PDFBOX-1031-2) @ pdfbox ---
[INFO] maven-download-plugin:wget skipped
[INFO] 
[INFO] --- download-maven-plugin:1.5.1:wget (PDFBOX-1065-1) @ pdfbox ---
[INFO] maven-download-plugin:wget skipped
[INFO] 
[INFO] --- download-maven-plugin:1.5.1:wget (PDFBOX-1065-2) @ pdfbox ---
[INFO] maven-download-plugin:wget skipped
[INFO] 
[INFO] --- download-maven-plugin:1.5.1:wget (PDFBOX-1100-1) @ pdfbox ---
[INFO] maven-download-plugin:wget skipped
[INFO] 
[INFO] --- download-maven-plugin:1.5.1:wget (PDFBOX-1100-2) @ pdfbox ---
[INFO] maven-download-plugin:wget skipped
[INFO] 
[INFO] --- download-maven-plugin:1.5.1:wget (PDFBOX-3208) @ pdfbox ---
[INFO] maven-download-plugin:wget skipped
[INFO] 
[INFO] --- download-maven-plugin:1.5.1:wget (PDFBOX-3656) @ pdfbox ---
[INFO] maven-download-plugin:wget skipped
[INFO] 
[INFO] --- download-maven-plugin:1.5.1:wget (PDFBOX-3682) @ pdfbox ---
[INFO] maven-download-plugin:wget skipped
[INFO] 
[INFO] --- download-maven-plugin:1.5.1:wget (PDFBOX-3940) @ pdfbox ---
[INFO] maven-download-plugin:wget skipped
[INFO] 
[INFO] --- download-maven-plugin:1.5.1:wget (PDFBOX-3783) @ pdfbox ---
[INFO] maven-download-plugin:wget skipped
[INFO] 
[INFO] --- download-maven-plugin:1.5.1:wget (PDFBOX-3785) @ pdfbox ---
[INFO] maven-download-plugin:wget skipped
[INFO] 
[INFO] --- download-maven-plugin:1.5.1:wget (PDFBOX-3947) @ pdfbox ---
[INFO] maven-download-plugin:wget skipped
[INFO] 
[INFO] --- download-maven-plugin:1.5.1:wget (PDFBOX-3948) @ pdfbox ---
[INFO] maven-download-plugin:wget skipped
[INFO] 
[INFO] --- download-maven-plugin:1.5.1:wget (PDFBOX-3949) @ pdfbox ---
[INFO] maven-download-plugin:wget skipped
[INFO] 
[INFO] --- download-maven-plugin:1.5.1:wget (PDFBOX-3950) @ pdfbox ---
[INFO] maven-download-plugin:wget skipped
[INFO] 
[INFO] --- download-maven-plugin:1.5.1:wget (PDFBOX-3951) @ pdfbox ---
[INFO] maven-download-plugin:wget skipped
[INFO] 
[INFO] --- download-maven-plugin:1.5.1:wget (PDFBOX-3964) @ pdfbox ---
[INFO] maven-download-plugin:wget skipped
[INFO] 
[INFO] --- download-maven-plugin:1.5.1:wget (PDFBOX-3977) @ pdfbox ---
[INFO] maven-download-plugin:wget skipped
[INFO] 
[INFO] --- download-maven-plugin:1.5.1:wget (Genko) @ pdfbox ---
[INFO] maven-download-plugin:wget skipped
[INFO] 
[INFO] --- download-maven-plugin:1.5.1:wget (PDFBOX-3999) @ pdfbox ---
[INFO] maven-download-plugin:wget skipped
[INFO] 
[INFO] --- download-maven-plugin:1.5.1:wget (PDFBOX-4106) @ pdfbox ---
[INFO] maven-download-plugin:wget skipped
[INFO] 
[INFO] --- download-maven-plugin:1.5.1:wget (PDFBOX-4106b) @ pdfbox ---
[INFO] maven-download-plugin:wget skipped
[INFO] 
[INFO] --- download-maven-plugin:1.5.1:wget (PDFBOX-4115) @ pdfbox ---
[INFO] maven-download-plugin:wget skipped
[INFO] 
[INFO] --- download-maven-plugin:1.5.1:wget (PDFBOX-4197) @ pdfbox ---
[INFO] maven-download-plugin:wget skipped
[INFO] 
[INFO] --- download-maven-plugin:1.5.1:wget (PDFBOX-4184) @ pdfbox ---
[INFO] maven-download-plugin:wget skipped
[INFO] 
[INFO] --- download-maven-plugin:1.5.1:wget (PDFBOX-4184-2) @ pdfbox ---
[INFO] maven-download-plugin:wget skipped
[INFO] 
[INFO] --- download-maven-plugin:1.5.1:wget (PDFBOX-4308) @ pdfbox ---
[INFO] maven-download-plugin:wget skipped
[INFO] 
[INFO] --- download-maven-plugin:1.5.1:wget (PDFBOX-4338) @ pdfbox ---
[INFO] maven-download-plugin:wget skipped
[INFO] 
[INFO] --- download-maven-plugin:1.5.1:wget (PDFBOX-4339) @ pdfbox ---
[INFO] maven-download-plugin:wget skipped
[INFO] 
[INFO] --- download-maven-plugin:1.5.1:wget (PDFBOX-4408) @ pdfbox ---
[INFO] maven-download-plugin:wget skipped
[INFO] 
[INFO] --- download-maven-plugin:1.5.1:wget (PDFBOX-4418-1) @ pdfbox ---
[INFO] maven-download-plugin:wget skipped
[INFO] 
[INFO] --- download-maven-plugin:1.5.1:wget (PDFBOX-4418-2) @ pdfbox ---
[INFO] maven-download-plugin:wget skipped
[INFO] 
[INFO] --- download-maven-plugin:1.5.1:wget (PDFBOX-4423) @ pdfbox ---
[INFO] maven-download-plugin:wget skipped
[INFO] 
[INFO] --- download-maven-plugin:1.5.1:wget (PDFBOX-4517) @ pdfbox ---
[INFO] maven-download-plugin:wget skipped
[INFO] 
[INFO] --- download-maven-plugin:1.5.1:wget (PDFBOX-4750) @ pdfbox ---
[INFO] maven-download-plugin:wget skipped
[INFO] 
[INFO] --- download-maven-plugin:1.5.1:wget (PDFBOX-4153) @ pdfbox ---
[INFO] maven-download-plugin:wget skipped
[INFO] 
[INFO] --- download-maven-plugin:1.5.1:wget (PDFBOX-4490) @ pdfbox ---
[INFO] maven-download-plugin:wget skipped
[INFO] 
[INFO] --- download-maven-plugin:1.5.1:wget (PDFBOX-5196) @ pdfbox ---
[INFO] maven-download-plugin:wget skipped
[INFO] 
[INFO] --- maven-resources-plugin:3.0.2:testResources (default-testResources) @ pdfbox ---
[INFO] Using 'UTF-8' encoding to copy filtered resources.
[INFO] Copying 229 resources
[INFO] Copying 3 resources
[INFO] 
[INFO] --- maven-compiler-plugin:3.6.0:testCompile (default-testCompile) @ pdfbox ---
[INFO] Changes detected - recompiling the module!
[INFO] Compiling 115 source files to /home/dee/dev/rick-major-review/pdfbox/pdfbox/target/test-classes
[WARNING] To suppress warnings about obsolete options, use -Xlint:-options.
/home/dee/dev/rick-major-review/pdfbox/pdfbox/src/test/java/org/apache/pdfbox/pdmodel/common/COSArrayListTest.java:[27,22] [deprecation] Assert in junit.framework has been deprecated
[WARNING] /home/dee/dev/rick-major-review/pdfbox/pdfbox/src/test/java/org/apache/pdfbox/pdmodel/interactive/form/PDButtonTest.java:[109,19] [deprecation] setPushButton(boolean) in PDButton has been deprecated
[WARNING] /home/dee/dev/rick-major-review/pdfbox/pdfbox/src/test/java/org/apache/pdfbox/pdmodel/interactive/form/PDButtonTest.java:[125,19] [deprecation] setRadioButton(boolean) in PDButton has been deprecated
[WARNING] /home/dee/dev/rick-major-review/pdfbox/pdfbox/src/test/java/org/apache/pdfbox/io/UnmodifiableCOSDictionaryTest.java:[66,37] [deprecation] mergeInto(COSDictionary) in COSDictionary has been deprecated
[WARNING] /home/dee/dev/rick-major-review/pdfbox/pdfbox/src/test/java/org/apache/pdfbox/pdmodel/TestPDPageContentStream.java:[98,21] [deprecation] setNonStrokingColor(int,int,int) in PDPageContentStream has been deprecated
[WARNING] /home/dee/dev/rick-major-review/pdfbox/pdfbox/src/test/java/org/apache/pdfbox/pdmodel/TestPDPageContentStream.java:[100,21] [deprecation] setNonStrokingColor(int) in PDPageContentStream has been deprecated
[WARNING] /home/dee/dev/rick-major-review/pdfbox/pdfbox/src/test/java/org/apache/pdfbox/pdmodel/TestPDPageContentStream.java:[128,21] [deprecation] setStrokingColor(int,int,int) in PDPageContentStream has been deprecated
[WARNING] /home/dee/dev/rick-major-review/pdfbox/pdfbox/src/test/java/org/apache/pdfbox/pdmodel/TestPDPageContentStream.java:[130,21] [deprecation] setStrokingColor(int) in PDPageContentStream has been deprecated
[WARNING] /home/dee/dev/rick-major-review/pdfbox/pdfbox/src/test/java/org/apache/pdfbox/pdmodel/font/PDFontTest.java:[288,36] [deprecation] getHeight(int) in PDFontLike has been deprecated
[WARNING] /home/dee/dev/rick-major-review/pdfbox/pdfbox/src/test/java/org/apache/pdfbox/pdmodel/PageModeTest.java:[27,55] [deprecation] none() in ExpectedException has been deprecated
[WARNING] /home/dee/dev/rick-major-review/pdfbox/pdfbox/src/test/java/org/apache/pdfbox/cos/TestCOSInteger.java:[106,54] [deprecation] doubleValue() in COSInteger has been deprecated
[WARNING] /home/dee/dev/rick-major-review/pdfbox/pdfbox/src/test/java/org/apache/pdfbox/pdmodel/graphics/state/RenderingIntentTest.java:[27,55] [deprecation] none() in ExpectedException has been deprecated
[WARNING] /home/dee/dev/rick-major-review/pdfbox/pdfbox/src/test/java/org/apache/pdfbox/cos/TestCOSFloat.java:[187,78] [deprecation] doubleValue() in COSFloat has been deprecated
[WARNING] /home/dee/dev/rick-major-review/pdfbox/pdfbox/src/test/java/org/apache/pdfbox/pdmodel/common/COSArrayListTest.java:[46,55] [deprecation] none() in ExpectedException has been deprecated
[WARNING] /home/dee/dev/rick-major-review/pdfbox/pdfbox/src/test/java/org/apache/pdfbox/pdmodel/PageLayoutTest.java:[52,55] [deprecation] none() in ExpectedException has been deprecated
[WARNING] /home/dee/dev/rick-major-review/pdfbox/pdfbox/src/test/java/org/apache/pdfbox/pdfwriter/COSWriterXRefEntryTest.java:[27,55] [deprecation] none() in ExpectedException has been deprecated
[WARNING] /home/dee/dev/rick-major-review/pdfbox/pdfbox/src/test/java/org/apache/pdfbox/util/MatrixTest.java:[180,26] [deprecation] multiply(Matrix,Matrix) in Matrix has been deprecated
[WARNING] /home/dee/dev/rick-major-review/pdfbox/pdfbox/src/test/java/org/apache/pdfbox/util/MatrixTest.java:[189,19] [deprecation] multiply(Matrix,Matrix) in Matrix has been deprecated
[WARNING] /home/dee/dev/rick-major-review/pdfbox/pdfbox/src/test/java/org/apache/pdfbox/util/MatrixTest.java:[199,19] [deprecation] multiply(Matrix,Matrix) in Matrix has been deprecated
[WARNING] /home/dee/dev/rick-major-review/pdfbox/pdfbox/src/test/java/org/apache/pdfbox/util/MatrixTest.java:[208,19] [deprecation] multiply(Matrix,Matrix) in Matrix has been deprecated
[WARNING] /home/dee/dev/rick-major-review/pdfbox/pdfbox/src/test/java/org/apache/pdfbox/util/MatrixTest.java:[218,9] [deprecation] multiply(Matrix,Matrix) in Matrix has been deprecated
[WARNING] /home/dee/dev/rick-major-review/pdfbox/pdfbox/src/test/java/org/apache/pdfbox/util/MatrixTest.java:[226,9] [deprecation] multiply(Matrix,Matrix) in Matrix has been deprecated
[WARNING] /home/dee/dev/rick-major-review/pdfbox/pdfbox/src/test/java/org/apache/pdfbox/util/MatrixTest.java:[234,9] [deprecation] multiply(Matrix,Matrix) in Matrix has been deprecated
[WARNING] /home/dee/dev/rick-major-review/pdfbox/pdfbox/src/test/java/org/apache/pdfbox/util/MatrixTest.java:[242,9] [deprecation] multiply(Matrix,Matrix) in Matrix has been deprecated
[WARNING] /home/dee/dev/rick-major-review/pdfbox/pdfbox/src/test/java/org/apache/pdfbox/cos/COSObjectKeyTest.java:[27,55] [deprecation] none() in ExpectedException has been deprecated
[INFO] 
[INFO] --- maven-surefire-plugin:2.22.2:test (default-test) @ pdfbox ---
[INFO] Tests are skipped.
[INFO] 
[INFO] --- animal-sniffer-maven-plugin:1.17:check (check-java-version) @ pdfbox ---
[INFO] Signature checking is skipped.
[INFO] 
[INFO] --- maven-bundle-plugin:3.5.1:bundle (default-bundle) @ pdfbox ---
[INFO] 
[INFO] --- maven-site-plugin:3.7:attach-descriptor (attach-descriptor) @ pdfbox ---
[INFO] Skipping because packaging 'bundle' is not pom.
[INFO] 
[INFO] >>> maven-source-plugin:3.0.1:jar (attach-sources) > generate-sources @ pdfbox >>>
[INFO] 
[INFO] --- maven-enforcer-plugin:1.4.1:enforce (default) @ pdfbox ---
[INFO] 
[INFO] --- maven-enforcer-plugin:1.4.1:enforce (enforce-maven-version) @ pdfbox ---
[INFO] 
[INFO] <<< maven-source-plugin:3.0.1:jar (attach-sources) < generate-sources @ pdfbox <<<
[INFO] 
[INFO] 
[INFO] --- maven-source-plugin:3.0.1:jar (attach-sources) @ pdfbox ---
[INFO] Building jar: /home/dee/dev/rick-major-review/pdfbox/pdfbox/target/pdfbox-2.0.24-sources.jar
[INFO] 
[INFO] --- maven-install-plugin:2.5.2:install (default-install) @ pdfbox ---
[INFO] Installing /home/dee/dev/rick-major-review/pdfbox/pdfbox/target/pdfbox-2.0.24.jar to /home/dee/.m2/repository/org/apache/pdfbox/pdfbox/2.0.24/pdfbox-2.0.24.jar
[INFO] Installing /home/dee/dev/rick-major-review/pdfbox/pdfbox/pom.xml to /home/dee/.m2/repository/org/apache/pdfbox/pdfbox/2.0.24/pdfbox-2.0.24.pom
[INFO] Installing /home/dee/dev/rick-major-review/pdfbox/pdfbox/target/pdfbox-2.0.24-sources.jar to /home/dee/.m2/repository/org/apache/pdfbox/pdfbox/2.0.24/pdfbox-2.0.24-sources.jar
[INFO] 
[INFO] --- maven-bundle-plugin:3.5.1:install (default-install) @ pdfbox ---
[INFO] Installing org/apache/pdfbox/pdfbox/2.0.24/pdfbox-2.0.24.jar
[INFO] Writing OBR metadata
[INFO] ------------------------------------------------------------------------
[INFO] BUILD SUCCESS
[INFO] ------------------------------------------------------------------------
[INFO] Total time:  43.078 s
[INFO] Finished at: 2023-06-10T19:00:57+02:00
[INFO] ------------------------------------------------------------------------


---------------------------------------------------
[BASELINE] Not evaluating any oracle
[LOG] Replacing original RICK test with variant baseline
[LOG] Invoking cp /home/dee/dev/rick-experiments/mutation-analysis/output/available/test-baseline.java /home/dee/dev/rick-major-review/pdfbox/rick-major/src/test/java/org/apache/pdfbox/io/TestRandomAccessInputStreamRickGenAvailable.java
[LOG] In test module directory /home/dee/dev/rick-major-review/pdfbox/rick-major
[LOG] Invoked tests with ['mvn', 'test', '-Dtest=TestRandomAccessInputStreamRickGenAvailable']
[INFO] Scanning for projects...
[INFO] 
[INFO] --------------------< org.apache.pdfbox:rick-major >--------------------
[INFO] Building rick-major 2.0.24
[INFO] --------------------------------[ jar ]---------------------------------
[INFO] 
[INFO] --- maven-enforcer-plugin:1.4.1:enforce (default) @ rick-major ---
[INFO] 
[INFO] --- maven-enforcer-plugin:1.4.1:enforce (enforce-maven-version) @ rick-major ---
[INFO] 
[INFO] --- maven-remote-resources-plugin:1.5:process (process-resource-bundles) @ rick-major ---
[INFO] 
[INFO] --- maven-resources-plugin:3.0.2:resources (default-resources) @ rick-major ---
[INFO] Using 'UTF-8' encoding to copy filtered resources.
[INFO] Copying 0 resource
[INFO] Copying 3 resources
[INFO] 
[INFO] --- maven-compiler-plugin:3.6.0:compile (default-compile) @ rick-major ---
[INFO] Nothing to compile - all classes are up to date
[INFO] 
[INFO] --- maven-resources-plugin:3.0.2:testResources (default-testResources) @ rick-major ---
[INFO] Using 'UTF-8' encoding to copy filtered resources.
[INFO] Copying 72 resources
[INFO] Copying 3 resources
[INFO] 
[INFO] --- maven-compiler-plugin:3.6.0:testCompile (default-testCompile) @ rick-major ---
[INFO] Changes detected - recompiling the module!
[INFO] Compiling 38 source files to /home/dee/dev/rick-major-review/pdfbox/rick-major/target/test-classes
[INFO] 
[INFO] --- maven-surefire-plugin:2.22.2:test (default-test) @ rick-major ---
[INFO] 
[INFO] -------------------------------------------------------
[INFO]  T E S T S
[INFO] -------------------------------------------------------
[INFO] Running org.apache.pdfbox.io.TestRandomAccessInputStreamRickGenAvailable
[INFO] Tests run: 3, Failures: 0, Errors: 0, Skipped: 0, Time elapsed: 8.454 s - in org.apache.pdfbox.io.TestRandomAccessInputStreamRickGenAvailable
[INFO] 
[INFO] Results:
[INFO] 
[INFO] Tests run: 3, Failures: 0, Errors: 0, Skipped: 0
[INFO] 
[INFO] 
[INFO] --- animal-sniffer-maven-plugin:1.17:check (check-java-version) @ rick-major ---
[INFO] Checking unresolved references to org.codehaus.mojo.signature:java16:1.0
[INFO] ------------------------------------------------------------------------
[INFO] BUILD SUCCESS
[INFO] ------------------------------------------------------------------------
[INFO] Total time:  22.287 s
[INFO] Finished at: 2023-06-10T19:01:23+02:00
[INFO] ------------------------------------------------------------------------

Security framework of XStream not initialized, XStream is probably vulnerable.

---------------------------------------------------
[LOG] Cleaned targets with ['mvn', 'clean']
[INFO] Scanning for projects...
[INFO] 
[INFO] --------------------< org.apache.pdfbox:rick-major >--------------------
[INFO] Building rick-major 2.0.24
[INFO] --------------------------------[ jar ]---------------------------------
[INFO] 
[INFO] --- maven-clean-plugin:3.0.0:clean (default-clean) @ rick-major ---
[INFO] Deleting /home/dee/dev/rick-major-review/pdfbox/rick-major/target
[INFO] ------------------------------------------------------------------------
[INFO] BUILD SUCCESS
[INFO] ------------------------------------------------------------------------
[INFO] Total time:  1.489 s
[INFO] Finished at: 2023-06-10T19:01:28+02:00
[INFO] ------------------------------------------------------------------------


---------------------------------------------------
[LOG] In experiment directory /home/dee/dev/rick-experiments/mutation-analysis
---------------------------------------------------
[LOG] Restoring original RICK test from ./RandomAccessInputStream.java/original-test.java
[LOG] Invoking cp ./RandomAccessInputStream.java/original-test.java /home/dee/dev/rick-major-review/pdfbox/rick-major/src/test/java/org/apache/pdfbox/io/TestRandomAccessInputStreamRickGenAvailable.java
---------------------------------------------------
[OO] Evaluating only OO
[LOG] Replacing original RICK test with variant oo
[LOG] Invoking cp /home/dee/dev/rick-experiments/mutation-analysis/output/available/test-oo.java /home/dee/dev/rick-major-review/pdfbox/rick-major/src/test/java/org/apache/pdfbox/io/TestRandomAccessInputStreamRickGenAvailable.java
[LOG] In test module directory /home/dee/dev/rick-major-review/pdfbox/rick-major
[LOG] Invoked tests with ['mvn', 'test', '-Dtest=TestRandomAccessInputStreamRickGenAvailable']
[INFO] Scanning for projects...
[INFO] 
[INFO] --------------------< org.apache.pdfbox:rick-major >--------------------
[INFO] Building rick-major 2.0.24
[INFO] --------------------------------[ jar ]---------------------------------
[INFO] 
[INFO] --- maven-enforcer-plugin:1.4.1:enforce (default) @ rick-major ---
[INFO] 
[INFO] --- maven-enforcer-plugin:1.4.1:enforce (enforce-maven-version) @ rick-major ---
[INFO] 
[INFO] --- maven-remote-resources-plugin:1.5:process (process-resource-bundles) @ rick-major ---
[INFO] 
[INFO] --- maven-resources-plugin:3.0.2:resources (default-resources) @ rick-major ---
[INFO] Using 'UTF-8' encoding to copy filtered resources.
[INFO] Copying 0 resource
[INFO] Copying 3 resources
[INFO] 
[INFO] --- maven-compiler-plugin:3.6.0:compile (default-compile) @ rick-major ---
[INFO] Nothing to compile - all classes are up to date
[INFO] 
[INFO] --- maven-resources-plugin:3.0.2:testResources (default-testResources) @ rick-major ---
[INFO] Using 'UTF-8' encoding to copy filtered resources.
[INFO] Copying 72 resources
[INFO] Copying 3 resources
[INFO] 
[INFO] --- maven-compiler-plugin:3.6.0:testCompile (default-testCompile) @ rick-major ---
[INFO] Changes detected - recompiling the module!
[INFO] Compiling 38 source files to /home/dee/dev/rick-major-review/pdfbox/rick-major/target/test-classes
[INFO] 
[INFO] --- maven-surefire-plugin:2.22.2:test (default-test) @ rick-major ---
[INFO] 
[INFO] -------------------------------------------------------
[INFO]  T E S T S
[INFO] -------------------------------------------------------
[INFO] Running org.apache.pdfbox.io.TestRandomAccessInputStreamRickGenAvailable
[ERROR] Tests run: 3, Failures: 1, Errors: 0, Skipped: 0, Time elapsed: 7.605 s <<< FAILURE! - in org.apache.pdfbox.io.TestRandomAccessInputStreamRickGenAvailable
[ERROR] test_available_OO_fb6f2cb527054a08a4f54d3c52922d8e  Time elapsed: 4.113 s  <<< FAILURE!
org.opentest4j.AssertionFailedError: expected: <246> but was: <0>
	at org.apache.pdfbox.io.TestRandomAccessInputStreamRickGenAvailable.test_available_OO_fb6f2cb527054a08a4f54d3c52922d8e(TestRandomAccessInputStreamRickGenAvailable.java:60)

[INFO] 
[INFO] Results:
[INFO] 
[ERROR] Failures: 
[ERROR]   TestRandomAccessInputStreamRickGenAvailable.test_available_OO_fb6f2cb527054a08a4f54d3c52922d8e:60 expected: <246> but was: <0>
[INFO] 
[ERROR] Tests run: 3, Failures: 1, Errors: 0, Skipped: 0
[INFO] 
[INFO] ------------------------------------------------------------------------
[INFO] BUILD FAILURE
[INFO] ------------------------------------------------------------------------
[INFO] Total time:  19.861 s
[INFO] Finished at: 2023-06-10T19:01:51+02:00
[INFO] ------------------------------------------------------------------------
[ERROR] Failed to execute goal org.apache.maven.plugins:maven-surefire-plugin:2.22.2:test (default-test) on project rick-major: There are test failures.
[ERROR] 
[ERROR] Please refer to /home/dee/dev/rick-major-review/pdfbox/rick-major/target/surefire-reports for the individual test results.
[ERROR] Please refer to dump files (if any exist) [date].dump, [date]-jvmRun[N].dump and [date].dumpstream.
[ERROR] -> [Help 1]
[ERROR] 
[ERROR] To see the full stack trace of the errors, re-run Maven with the -e switch.
[ERROR] Re-run Maven using the -X switch to enable full debug logging.
[ERROR] 
[ERROR] For more information about the errors and possible solutions, please read the following articles:
[ERROR] [Help 1] http://cwiki.apache.org/confluence/display/MAVEN/MojoFailureException

Security framework of XStream not initialized, XStream is probably vulnerable.

---------------------------------------------------
[LOG] Cleaned targets with ['mvn', 'clean']
[INFO] Scanning for projects...
[INFO] 
[INFO] --------------------< org.apache.pdfbox:rick-major >--------------------
[INFO] Building rick-major 2.0.24
[INFO] --------------------------------[ jar ]---------------------------------
[INFO] 
[INFO] --- maven-clean-plugin:3.0.0:clean (default-clean) @ rick-major ---
[INFO] Deleting /home/dee/dev/rick-major-review/pdfbox/rick-major/target
[INFO] ------------------------------------------------------------------------
[INFO] BUILD SUCCESS
[INFO] ------------------------------------------------------------------------
[INFO] Total time:  1.436 s
[INFO] Finished at: 2023-06-10T19:01:56+02:00
[INFO] ------------------------------------------------------------------------


---------------------------------------------------
[LOG] In experiment directory /home/dee/dev/rick-experiments/mutation-analysis
---------------------------------------------------
[LOG] Restoring original RICK test from ./RandomAccessInputStream.java/original-test.java
[LOG] Invoking cp ./RandomAccessInputStream.java/original-test.java /home/dee/dev/rick-major-review/pdfbox/rick-major/src/test/java/org/apache/pdfbox/io/TestRandomAccessInputStreamRickGenAvailable.java
---------------------------------------------------
[PO] Evaluating only PO
[LOG] Replacing original RICK test with variant po
[LOG] Invoking cp /home/dee/dev/rick-experiments/mutation-analysis/output/available/test-po.java /home/dee/dev/rick-major-review/pdfbox/rick-major/src/test/java/org/apache/pdfbox/io/TestRandomAccessInputStreamRickGenAvailable.java
[LOG] In test module directory /home/dee/dev/rick-major-review/pdfbox/rick-major
[LOG] Invoked tests with ['mvn', 'test', '-Dtest=TestRandomAccessInputStreamRickGenAvailable']
[INFO] Scanning for projects...
[INFO] 
[INFO] --------------------< org.apache.pdfbox:rick-major >--------------------
[INFO] Building rick-major 2.0.24
[INFO] --------------------------------[ jar ]---------------------------------
[INFO] 
[INFO] --- maven-enforcer-plugin:1.4.1:enforce (default) @ rick-major ---
[INFO] 
[INFO] --- maven-enforcer-plugin:1.4.1:enforce (enforce-maven-version) @ rick-major ---
[INFO] 
[INFO] --- maven-remote-resources-plugin:1.5:process (process-resource-bundles) @ rick-major ---
[INFO] 
[INFO] --- maven-resources-plugin:3.0.2:resources (default-resources) @ rick-major ---
[INFO] Using 'UTF-8' encoding to copy filtered resources.
[INFO] Copying 0 resource
[INFO] Copying 3 resources
[INFO] 
[INFO] --- maven-compiler-plugin:3.6.0:compile (default-compile) @ rick-major ---
[INFO] Nothing to compile - all classes are up to date
[INFO] 
[INFO] --- maven-resources-plugin:3.0.2:testResources (default-testResources) @ rick-major ---
[INFO] Using 'UTF-8' encoding to copy filtered resources.
[INFO] Copying 72 resources
[INFO] Copying 3 resources
[INFO] 
[INFO] --- maven-compiler-plugin:3.6.0:testCompile (default-testCompile) @ rick-major ---
[INFO] Changes detected - recompiling the module!
[INFO] Compiling 38 source files to /home/dee/dev/rick-major-review/pdfbox/rick-major/target/test-classes
[INFO] 
[INFO] --- maven-surefire-plugin:2.22.2:test (default-test) @ rick-major ---
[INFO] 
[INFO] -------------------------------------------------------
[INFO]  T E S T S
[INFO] -------------------------------------------------------
[INFO] Running org.apache.pdfbox.io.TestRandomAccessInputStreamRickGenAvailable
[ERROR] Tests run: 3, Failures: 1, Errors: 0, Skipped: 0, Time elapsed: 7.412 s <<< FAILURE! - in org.apache.pdfbox.io.TestRandomAccessInputStreamRickGenAvailable
[ERROR] test_available_PO_fb6f2cb527054a08a4f54d3c52922d8e  Time elapsed: 0.521 s  <<< FAILURE!
org.mockito.exceptions.verification.WantedButNotInvoked: 

Wanted but not invoked:
randomAccessRead.length();
-> at org.apache.pdfbox.io.TestRandomAccessInputStreamRickGenAvailable.test_available_PO_fb6f2cb527054a08a4f54d3c52922d8e(TestRandomAccessInputStreamRickGenAvailable.java:74)
Actually, there were zero interactions with this mock.

	at org.apache.pdfbox.io.TestRandomAccessInputStreamRickGenAvailable.test_available_PO_fb6f2cb527054a08a4f54d3c52922d8e(TestRandomAccessInputStreamRickGenAvailable.java:74)

[INFO] 
[INFO] Results:
[INFO] 
[ERROR] Failures: 
[ERROR]   TestRandomAccessInputStreamRickGenAvailable.test_available_PO_fb6f2cb527054a08a4f54d3c52922d8e:74 
Wanted but not invoked:
randomAccessRead.length();
-> at org.apache.pdfbox.io.TestRandomAccessInputStreamRickGenAvailable.test_available_PO_fb6f2cb527054a08a4f54d3c52922d8e(TestRandomAccessInputStreamRickGenAvailable.java:74)
Actually, there were zero interactions with this mock.

[INFO] 
[ERROR] Tests run: 3, Failures: 1, Errors: 0, Skipped: 0
[INFO] 
[INFO] ------------------------------------------------------------------------
[INFO] BUILD FAILURE
[INFO] ------------------------------------------------------------------------
[INFO] Total time:  19.423 s
[INFO] Finished at: 2023-06-10T19:02:19+02:00
[INFO] ------------------------------------------------------------------------
[ERROR] Failed to execute goal org.apache.maven.plugins:maven-surefire-plugin:2.22.2:test (default-test) on project rick-major: There are test failures.
[ERROR] 
[ERROR] Please refer to /home/dee/dev/rick-major-review/pdfbox/rick-major/target/surefire-reports for the individual test results.
[ERROR] Please refer to dump files (if any exist) [date].dump, [date]-jvmRun[N].dump and [date].dumpstream.
[ERROR] -> [Help 1]
[ERROR] 
[ERROR] To see the full stack trace of the errors, re-run Maven with the -e switch.
[ERROR] Re-run Maven using the -X switch to enable full debug logging.
[ERROR] 
[ERROR] For more information about the errors and possible solutions, please read the following articles:
[ERROR] [Help 1] http://cwiki.apache.org/confluence/display/MAVEN/MojoFailureException

Security framework of XStream not initialized, XStream is probably vulnerable.

---------------------------------------------------
[LOG] Cleaned targets with ['mvn', 'clean']
[INFO] Scanning for projects...
[INFO] 
[INFO] --------------------< org.apache.pdfbox:rick-major >--------------------
[INFO] Building rick-major 2.0.24
[INFO] --------------------------------[ jar ]---------------------------------
[INFO] 
[INFO] --- maven-clean-plugin:3.0.0:clean (default-clean) @ rick-major ---
[INFO] Deleting /home/dee/dev/rick-major-review/pdfbox/rick-major/target
[INFO] ------------------------------------------------------------------------
[INFO] BUILD SUCCESS
[INFO] ------------------------------------------------------------------------
[INFO] Total time:  1.245 s
[INFO] Finished at: 2023-06-10T19:02:24+02:00
[INFO] ------------------------------------------------------------------------


---------------------------------------------------
[LOG] In experiment directory /home/dee/dev/rick-experiments/mutation-analysis
---------------------------------------------------
[LOG] Restoring original RICK test from ./RandomAccessInputStream.java/original-test.java
[LOG] Invoking cp ./RandomAccessInputStream.java/original-test.java /home/dee/dev/rick-major-review/pdfbox/rick-major/src/test/java/org/apache/pdfbox/io/TestRandomAccessInputStreamRickGenAvailable.java
---------------------------------------------------
[CO] Evaluating only CO
[LOG] Replacing original RICK test with variant co
[LOG] Invoking cp /home/dee/dev/rick-experiments/mutation-analysis/output/available/test-co.java /home/dee/dev/rick-major-review/pdfbox/rick-major/src/test/java/org/apache/pdfbox/io/TestRandomAccessInputStreamRickGenAvailable.java
[LOG] In test module directory /home/dee/dev/rick-major-review/pdfbox/rick-major
[LOG] Invoked tests with ['mvn', 'test', '-Dtest=TestRandomAccessInputStreamRickGenAvailable']
[INFO] Scanning for projects...
[INFO] 
[INFO] --------------------< org.apache.pdfbox:rick-major >--------------------
[INFO] Building rick-major 2.0.24
[INFO] --------------------------------[ jar ]---------------------------------
[INFO] 
[INFO] --- maven-enforcer-plugin:1.4.1:enforce (default) @ rick-major ---
[INFO] 
[INFO] --- maven-enforcer-plugin:1.4.1:enforce (enforce-maven-version) @ rick-major ---
[INFO] 
[INFO] --- maven-remote-resources-plugin:1.5:process (process-resource-bundles) @ rick-major ---
[INFO] 
[INFO] --- maven-resources-plugin:3.0.2:resources (default-resources) @ rick-major ---
[INFO] Using 'UTF-8' encoding to copy filtered resources.
[INFO] Copying 0 resource
[INFO] Copying 3 resources
[INFO] 
[INFO] --- maven-compiler-plugin:3.6.0:compile (default-compile) @ rick-major ---
[INFO] Nothing to compile - all classes are up to date
[INFO] 
[INFO] --- maven-resources-plugin:3.0.2:testResources (default-testResources) @ rick-major ---
[INFO] Using 'UTF-8' encoding to copy filtered resources.
[INFO] Copying 72 resources
[INFO] Copying 3 resources
[INFO] 
[INFO] --- maven-compiler-plugin:3.6.0:testCompile (default-testCompile) @ rick-major ---
[INFO] Changes detected - recompiling the module!
[INFO] Compiling 38 source files to /home/dee/dev/rick-major-review/pdfbox/rick-major/target/test-classes
[INFO] 
[INFO] --- maven-surefire-plugin:2.22.2:test (default-test) @ rick-major ---
[INFO] 
[INFO] -------------------------------------------------------
[INFO]  T E S T S
[INFO] -------------------------------------------------------
[INFO] Running org.apache.pdfbox.io.TestRandomAccessInputStreamRickGenAvailable
[ERROR] Tests run: 3, Failures: 1, Errors: 0, Skipped: 0, Time elapsed: 8.933 s <<< FAILURE! - in org.apache.pdfbox.io.TestRandomAccessInputStreamRickGenAvailable
[ERROR] test_available_CO_fb6f2cb527054a08a4f54d3c52922d8e  Time elapsed: 2.541 s  <<< FAILURE!
org.mockito.exceptions.verification.WantedButNotInvoked: 

Wanted but not invoked:
randomAccessRead.length();
-> at org.apache.pdfbox.io.TestRandomAccessInputStreamRickGenAvailable.test_available_CO_fb6f2cb527054a08a4f54d3c52922d8e(TestRandomAccessInputStreamRickGenAvailable.java:90)
Actually, there were zero interactions with this mock.

	at org.apache.pdfbox.io.TestRandomAccessInputStreamRickGenAvailable.test_available_CO_fb6f2cb527054a08a4f54d3c52922d8e(TestRandomAccessInputStreamRickGenAvailable.java:90)

[INFO] 
[INFO] Results:
[INFO] 
[ERROR] Failures: 
[ERROR]   TestRandomAccessInputStreamRickGenAvailable.test_available_CO_fb6f2cb527054a08a4f54d3c52922d8e:90 
Wanted but not invoked:
randomAccessRead.length();
-> at org.apache.pdfbox.io.TestRandomAccessInputStreamRickGenAvailable.test_available_CO_fb6f2cb527054a08a4f54d3c52922d8e(TestRandomAccessInputStreamRickGenAvailable.java:90)
Actually, there were zero interactions with this mock.

[INFO] 
[ERROR] Tests run: 3, Failures: 1, Errors: 0, Skipped: 0
[INFO] 
[INFO] ------------------------------------------------------------------------
[INFO] BUILD FAILURE
[INFO] ------------------------------------------------------------------------
[INFO] Total time:  21.624 s
[INFO] Finished at: 2023-06-10T19:02:49+02:00
[INFO] ------------------------------------------------------------------------
[ERROR] Failed to execute goal org.apache.maven.plugins:maven-surefire-plugin:2.22.2:test (default-test) on project rick-major: There are test failures.
[ERROR] 
[ERROR] Please refer to /home/dee/dev/rick-major-review/pdfbox/rick-major/target/surefire-reports for the individual test results.
[ERROR] Please refer to dump files (if any exist) [date].dump, [date]-jvmRun[N].dump and [date].dumpstream.
[ERROR] -> [Help 1]
[ERROR] 
[ERROR] To see the full stack trace of the errors, re-run Maven with the -e switch.
[ERROR] Re-run Maven using the -X switch to enable full debug logging.
[ERROR] 
[ERROR] For more information about the errors and possible solutions, please read the following articles:
[ERROR] [Help 1] http://cwiki.apache.org/confluence/display/MAVEN/MojoFailureException

Security framework of XStream not initialized, XStream is probably vulnerable.

---------------------------------------------------
[LOG] Cleaned targets with ['mvn', 'clean']
[INFO] Scanning for projects...
[INFO] 
[INFO] --------------------< org.apache.pdfbox:rick-major >--------------------
[INFO] Building rick-major 2.0.24
[INFO] --------------------------------[ jar ]---------------------------------
[INFO] 
[INFO] --- maven-clean-plugin:3.0.0:clean (default-clean) @ rick-major ---
[INFO] Deleting /home/dee/dev/rick-major-review/pdfbox/rick-major/target
[INFO] ------------------------------------------------------------------------
[INFO] BUILD SUCCESS
[INFO] ------------------------------------------------------------------------
[INFO] Total time:  1.317 s
[INFO] Finished at: 2023-06-10T19:02:54+02:00
[INFO] ------------------------------------------------------------------------


---------------------------------------------------
[LOG] In experiment directory /home/dee/dev/rick-experiments/mutation-analysis
---------------------------------------------------
[LOG] Restoring original RICK test from ./RandomAccessInputStream.java/original-test.java
[LOG] Invoking cp ./RandomAccessInputStream.java/original-test.java /home/dee/dev/rick-major-review/pdfbox/rick-major/src/test/java/org/apache/pdfbox/io/TestRandomAccessInputStreamRickGenAvailable.java
---------------------------------------------------
[ALL] Evaluating (OO +) PO + CO
[LOG] Restoring original RICK test from ./RandomAccessInputStream.java/original-test.java
[LOG] Invoking cp ./RandomAccessInputStream.java/original-test.java /home/dee/dev/rick-major-review/pdfbox/rick-major/src/test/java/org/apache/pdfbox/io/TestRandomAccessInputStreamRickGenAvailable.java
[LOG] In test module directory /home/dee/dev/rick-major-review/pdfbox/rick-major
[LOG] Invoked tests with ['mvn', 'test', '-Dtest=TestRandomAccessInputStreamRickGenAvailable']
[INFO] Scanning for projects...
[INFO] 
[INFO] --------------------< org.apache.pdfbox:rick-major >--------------------
[INFO] Building rick-major 2.0.24
[INFO] --------------------------------[ jar ]---------------------------------
[INFO] 
[INFO] --- maven-enforcer-plugin:1.4.1:enforce (default) @ rick-major ---
[INFO] 
[INFO] --- maven-enforcer-plugin:1.4.1:enforce (enforce-maven-version) @ rick-major ---
[INFO] 
[INFO] --- maven-remote-resources-plugin:1.5:process (process-resource-bundles) @ rick-major ---
[INFO] 
[INFO] --- maven-resources-plugin:3.0.2:resources (default-resources) @ rick-major ---
[INFO] Using 'UTF-8' encoding to copy filtered resources.
[INFO] Copying 0 resource
[INFO] Copying 3 resources
[INFO] 
[INFO] --- maven-compiler-plugin:3.6.0:compile (default-compile) @ rick-major ---
[INFO] Nothing to compile - all classes are up to date
[INFO] 
[INFO] --- maven-resources-plugin:3.0.2:testResources (default-testResources) @ rick-major ---
[INFO] Using 'UTF-8' encoding to copy filtered resources.
[INFO] Copying 72 resources
[INFO] Copying 3 resources
[INFO] 
[INFO] --- maven-compiler-plugin:3.6.0:testCompile (default-testCompile) @ rick-major ---
[INFO] Changes detected - recompiling the module!
[INFO] Compiling 38 source files to /home/dee/dev/rick-major-review/pdfbox/rick-major/target/test-classes
[INFO] 
[INFO] --- maven-surefire-plugin:2.22.2:test (default-test) @ rick-major ---
[INFO] 
[INFO] -------------------------------------------------------
[INFO]  T E S T S
[INFO] -------------------------------------------------------
[INFO] Running org.apache.pdfbox.io.TestRandomAccessInputStreamRickGenAvailable
[ERROR] Tests run: 3, Failures: 3, Errors: 0, Skipped: 0, Time elapsed: 7.622 s <<< FAILURE! - in org.apache.pdfbox.io.TestRandomAccessInputStreamRickGenAvailable
[ERROR] test_available_OO_fb6f2cb527054a08a4f54d3c52922d8e  Time elapsed: 4.118 s  <<< FAILURE!
org.opentest4j.AssertionFailedError: expected: <246> but was: <0>
	at org.apache.pdfbox.io.TestRandomAccessInputStreamRickGenAvailable.test_available_OO_fb6f2cb527054a08a4f54d3c52922d8e(TestRandomAccessInputStreamRickGenAvailable.java:60)

[ERROR] test_available_CO_fb6f2cb527054a08a4f54d3c52922d8e  Time elapsed: 2.249 s  <<< FAILURE!
org.mockito.exceptions.verification.WantedButNotInvoked: 

Wanted but not invoked:
randomAccessRead.length();
-> at org.apache.pdfbox.io.TestRandomAccessInputStreamRickGenAvailable.test_available_CO_fb6f2cb527054a08a4f54d3c52922d8e(TestRandomAccessInputStreamRickGenAvailable.java:90)
Actually, there were zero interactions with this mock.

	at org.apache.pdfbox.io.TestRandomAccessInputStreamRickGenAvailable.test_available_CO_fb6f2cb527054a08a4f54d3c52922d8e(TestRandomAccessInputStreamRickGenAvailable.java:90)

[ERROR] test_available_PO_fb6f2cb527054a08a4f54d3c52922d8e  Time elapsed: 0.576 s  <<< FAILURE!
org.mockito.exceptions.verification.WantedButNotInvoked: 

Wanted but not invoked:
randomAccessRead.length();
-> at org.apache.pdfbox.io.TestRandomAccessInputStreamRickGenAvailable.test_available_PO_fb6f2cb527054a08a4f54d3c52922d8e(TestRandomAccessInputStreamRickGenAvailable.java:74)
Actually, there were zero interactions with this mock.

	at org.apache.pdfbox.io.TestRandomAccessInputStreamRickGenAvailable.test_available_PO_fb6f2cb527054a08a4f54d3c52922d8e(TestRandomAccessInputStreamRickGenAvailable.java:74)

[INFO] 
[INFO] Results:
[INFO] 
[ERROR] Failures: 
[ERROR]   TestRandomAccessInputStreamRickGenAvailable.test_available_CO_fb6f2cb527054a08a4f54d3c52922d8e:90 
Wanted but not invoked:
randomAccessRead.length();
-> at org.apache.pdfbox.io.TestRandomAccessInputStreamRickGenAvailable.test_available_CO_fb6f2cb527054a08a4f54d3c52922d8e(TestRandomAccessInputStreamRickGenAvailable.java:90)
Actually, there were zero interactions with this mock.

[ERROR]   TestRandomAccessInputStreamRickGenAvailable.test_available_OO_fb6f2cb527054a08a4f54d3c52922d8e:60 expected: <246> but was: <0>
[ERROR]   TestRandomAccessInputStreamRickGenAvailable.test_available_PO_fb6f2cb527054a08a4f54d3c52922d8e:74 
Wanted but not invoked:
randomAccessRead.length();
-> at org.apache.pdfbox.io.TestRandomAccessInputStreamRickGenAvailable.test_available_PO_fb6f2cb527054a08a4f54d3c52922d8e(TestRandomAccessInputStreamRickGenAvailable.java:74)
Actually, there were zero interactions with this mock.

[INFO] 
[ERROR] Tests run: 3, Failures: 3, Errors: 0, Skipped: 0
[INFO] 
[INFO] ------------------------------------------------------------------------
[INFO] BUILD FAILURE
[INFO] ------------------------------------------------------------------------
[INFO] Total time:  20.379 s
[INFO] Finished at: 2023-06-10T19:03:18+02:00
[INFO] ------------------------------------------------------------------------
[ERROR] Failed to execute goal org.apache.maven.plugins:maven-surefire-plugin:2.22.2:test (default-test) on project rick-major: There are test failures.
[ERROR] 
[ERROR] Please refer to /home/dee/dev/rick-major-review/pdfbox/rick-major/target/surefire-reports for the individual test results.
[ERROR] Please refer to dump files (if any exist) [date].dump, [date]-jvmRun[N].dump and [date].dumpstream.
[ERROR] -> [Help 1]
[ERROR] 
[ERROR] To see the full stack trace of the errors, re-run Maven with the -e switch.
[ERROR] Re-run Maven using the -X switch to enable full debug logging.
[ERROR] 
[ERROR] For more information about the errors and possible solutions, please read the following articles:
[ERROR] [Help 1] http://cwiki.apache.org/confluence/display/MAVEN/MojoFailureException

Security framework of XStream not initialized, XStream is probably vulnerable.

---------------------------------------------------
[LOG] Cleaned targets with ['mvn', 'clean']
[INFO] Scanning for projects...
[INFO] 
[INFO] --------------------< org.apache.pdfbox:rick-major >--------------------
[INFO] Building rick-major 2.0.24
[INFO] --------------------------------[ jar ]---------------------------------
[INFO] 
[INFO] --- maven-clean-plugin:3.0.0:clean (default-clean) @ rick-major ---
[INFO] Deleting /home/dee/dev/rick-major-review/pdfbox/rick-major/target
[INFO] ------------------------------------------------------------------------
[INFO] BUILD SUCCESS
[INFO] ------------------------------------------------------------------------
[INFO] Total time:  1.553 s
[INFO] Finished at: 2023-06-10T19:03:23+02:00
[INFO] ------------------------------------------------------------------------


---------------------------------------------------
[LOG] In experiment directory /home/dee/dev/rick-experiments/mutation-analysis
---------------------------------------------------
---------------------------------------------------
[LOG] Resetting RandomAccessInputStream.java to original
[LOG] Invoking cp ./RandomAccessInputStream.java/original.java /home/dee/dev/rick-major-review/pdfbox/pdfbox/src/main/java/org/apache/pdfbox/io/RandomAccessInputStream.java
---------------------------------------------------
[LOG] Replacing originalRandomAccessInputStream.java with ./RandomAccessInputStream.java/11.java
[LOG] Invoking cp ./RandomAccessInputStream.java/11.java /home/dee/dev/rick-major-review/pdfbox/pdfbox/src/main/java/org/apache/pdfbox/io/RandomAccessInputStream.java
[LOG] Invoked a clean install of the parent module with ['mvn', 'clean', 'install', '-DskipTests']
[INFO] Scanning for projects...
[INFO] 
[INFO] ----------------------< org.apache.pdfbox:pdfbox >----------------------
[INFO] Building Apache PDFBox 2.0.24
[INFO] -------------------------------[ bundle ]-------------------------------
[INFO] 
[INFO] --- maven-clean-plugin:3.0.0:clean (default-clean) @ pdfbox ---
[INFO] Deleting /home/dee/dev/rick-major-review/pdfbox/pdfbox/target
[INFO] 
[INFO] --- maven-enforcer-plugin:1.4.1:enforce (default) @ pdfbox ---
[INFO] 
[INFO] --- maven-enforcer-plugin:1.4.1:enforce (enforce-maven-version) @ pdfbox ---
[INFO] 
[INFO] --- maven-remote-resources-plugin:1.5:process (process-resource-bundles) @ pdfbox ---
[INFO] 
[INFO] --- maven-resources-plugin:3.0.2:resources (default-resources) @ pdfbox ---
[INFO] Using 'UTF-8' encoding to copy filtered resources.
[INFO] Copying 1 resource
[INFO] Copying 21 resources
[INFO] Copying 3 resources
[INFO] 
[INFO] --- maven-compiler-plugin:3.6.0:compile (default-compile) @ pdfbox ---
[INFO] Changes detected - recompiling the module!
[INFO] Compiling 609 source files to /home/dee/dev/rick-major-review/pdfbox/pdfbox/target/classes
[WARNING] To suppress warnings about obsolete options, use -Xlint:-options.
/home/dee/dev/rick-major-review/pdfbox/pdfbox/src/main/java/org/apache/pdfbox/pdmodel/PDDocument.java:[471,96] [deprecation] toList() in COSArrayList has been deprecated
[WARNING] /home/dee/dev/rick-major-review/pdfbox/pdfbox/src/main/java/org/apache/pdfbox/pdmodel/PDDocument.java:[471,45] [deprecation] toList() in COSArrayList has been deprecated
[WARNING] /home/dee/dev/rick-major-review/pdfbox/pdfbox/src/main/java/org/apache/pdfbox/pdmodel/font/PDType3Font.java:[196,17] [deprecation] getHeight(int) in PDFontLike has been deprecated
[WARNING] /home/dee/dev/rick-major-review/pdfbox/pdfbox/src/main/java/org/apache/pdfbox/text/LegacyPDFStreamEngine.java:[152,19] [deprecation] showGlyph(Matrix,PDFont,int,String,Vector) in PDFStreamEngine has been deprecated
[WARNING] /home/dee/dev/rick-major-review/pdfbox/pdfbox/src/main/java/org/apache/pdfbox/pdmodel/font/PDTrueTypeFont.java:[375,17] [deprecation] getHeight(int) in PDFontLike has been deprecated
[WARNING] /home/dee/dev/rick-major-review/pdfbox/pdfbox/src/main/java/org/apache/pdfbox/pdmodel/font/PDType0Font.java:[414,17] [deprecation] getHeight(int) in PDFontLike has been deprecated
[WARNING] /home/dee/dev/rick-major-review/pdfbox/pdfbox/src/main/java/org/apache/pdfbox/pdmodel/font/PDType0Font.java:[416,29] [deprecation] getHeight(int) in PDFontLike has been deprecated
[WARNING] /home/dee/dev/rick-major-review/pdfbox/pdfbox/src/main/java/org/apache/pdfbox/pdmodel/font/TrueTypeEmbedder.java:[120,18] [deprecation] getUnicodeCmap() in TrueTypeFont has been deprecated
[WARNING] /home/dee/dev/rick-major-review/pdfbox/pdfbox/src/main/java/org/apache/pdfbox/pdmodel/font/PDType1Font.java:[395,17] [deprecation] getHeight(int) in PDFontLike has been deprecated
[WARNING] /home/dee/dev/rick-major-review/pdfbox/pdfbox/src/main/java/org/apache/pdfbox/cos/UnmodifiableCOSDictionary.java:[286,16] [deprecation] mergeInto(COSDictionary) in COSDictionary has been deprecated
[WARNING] /home/dee/dev/rick-major-review/pdfbox/pdfbox/src/main/java/org/apache/pdfbox/pdmodel/font/PDCIDFontType0.java:[439,17] [deprecation] getHeight(int) in PDFontLike has been deprecated
[WARNING] /home/dee/dev/rick-major-review/pdfbox/pdfbox/src/main/java/org/apache/pdfbox/pdmodel/font/PDType1CFont.java:[304,17] [deprecation] getHeight(int) in PDFontLike has been deprecated
[WARNING] /home/dee/dev/rick-major-review/pdfbox/pdfbox/src/main/java/org/apache/pdfbox/pdmodel/font/PDCIDFontType2.java:[312,17] [deprecation] getHeight(int) in PDFontLike has been deprecated
[INFO] 
[INFO] --- download-maven-plugin:1.5.1:wget (PDFBOX-1031-1) @ pdfbox ---
[INFO] maven-download-plugin:wget skipped
[INFO] 
[INFO] --- download-maven-plugin:1.5.1:wget (PDFBOX-1031-2) @ pdfbox ---
[INFO] maven-download-plugin:wget skipped
[INFO] 
[INFO] --- download-maven-plugin:1.5.1:wget (PDFBOX-1065-1) @ pdfbox ---
[INFO] maven-download-plugin:wget skipped
[INFO] 
[INFO] --- download-maven-plugin:1.5.1:wget (PDFBOX-1065-2) @ pdfbox ---
[INFO] maven-download-plugin:wget skipped
[INFO] 
[INFO] --- download-maven-plugin:1.5.1:wget (PDFBOX-1100-1) @ pdfbox ---
[INFO] maven-download-plugin:wget skipped
[INFO] 
[INFO] --- download-maven-plugin:1.5.1:wget (PDFBOX-1100-2) @ pdfbox ---
[INFO] maven-download-plugin:wget skipped
[INFO] 
[INFO] --- download-maven-plugin:1.5.1:wget (PDFBOX-3208) @ pdfbox ---
[INFO] maven-download-plugin:wget skipped
[INFO] 
[INFO] --- download-maven-plugin:1.5.1:wget (PDFBOX-3656) @ pdfbox ---
[INFO] maven-download-plugin:wget skipped
[INFO] 
[INFO] --- download-maven-plugin:1.5.1:wget (PDFBOX-3682) @ pdfbox ---
[INFO] maven-download-plugin:wget skipped
[INFO] 
[INFO] --- download-maven-plugin:1.5.1:wget (PDFBOX-3940) @ pdfbox ---
[INFO] maven-download-plugin:wget skipped
[INFO] 
[INFO] --- download-maven-plugin:1.5.1:wget (PDFBOX-3783) @ pdfbox ---
[INFO] maven-download-plugin:wget skipped
[INFO] 
[INFO] --- download-maven-plugin:1.5.1:wget (PDFBOX-3785) @ pdfbox ---
[INFO] maven-download-plugin:wget skipped
[INFO] 
[INFO] --- download-maven-plugin:1.5.1:wget (PDFBOX-3947) @ pdfbox ---
[INFO] maven-download-plugin:wget skipped
[INFO] 
[INFO] --- download-maven-plugin:1.5.1:wget (PDFBOX-3948) @ pdfbox ---
[INFO] maven-download-plugin:wget skipped
[INFO] 
[INFO] --- download-maven-plugin:1.5.1:wget (PDFBOX-3949) @ pdfbox ---
[INFO] maven-download-plugin:wget skipped
[INFO] 
[INFO] --- download-maven-plugin:1.5.1:wget (PDFBOX-3950) @ pdfbox ---
[INFO] maven-download-plugin:wget skipped
[INFO] 
[INFO] --- download-maven-plugin:1.5.1:wget (PDFBOX-3951) @ pdfbox ---
[INFO] maven-download-plugin:wget skipped
[INFO] 
[INFO] --- download-maven-plugin:1.5.1:wget (PDFBOX-3964) @ pdfbox ---
[INFO] maven-download-plugin:wget skipped
[INFO] 
[INFO] --- download-maven-plugin:1.5.1:wget (PDFBOX-3977) @ pdfbox ---
[INFO] maven-download-plugin:wget skipped
[INFO] 
[INFO] --- download-maven-plugin:1.5.1:wget (Genko) @ pdfbox ---
[INFO] maven-download-plugin:wget skipped
[INFO] 
[INFO] --- download-maven-plugin:1.5.1:wget (PDFBOX-3999) @ pdfbox ---
[INFO] maven-download-plugin:wget skipped
[INFO] 
[INFO] --- download-maven-plugin:1.5.1:wget (PDFBOX-4106) @ pdfbox ---
[INFO] maven-download-plugin:wget skipped
[INFO] 
[INFO] --- download-maven-plugin:1.5.1:wget (PDFBOX-4106b) @ pdfbox ---
[INFO] maven-download-plugin:wget skipped
[INFO] 
[INFO] --- download-maven-plugin:1.5.1:wget (PDFBOX-4115) @ pdfbox ---
[INFO] maven-download-plugin:wget skipped
[INFO] 
[INFO] --- download-maven-plugin:1.5.1:wget (PDFBOX-4197) @ pdfbox ---
[INFO] maven-download-plugin:wget skipped
[INFO] 
[INFO] --- download-maven-plugin:1.5.1:wget (PDFBOX-4184) @ pdfbox ---
[INFO] maven-download-plugin:wget skipped
[INFO] 
[INFO] --- download-maven-plugin:1.5.1:wget (PDFBOX-4184-2) @ pdfbox ---
[INFO] maven-download-plugin:wget skipped
[INFO] 
[INFO] --- download-maven-plugin:1.5.1:wget (PDFBOX-4308) @ pdfbox ---
[INFO] maven-download-plugin:wget skipped
[INFO] 
[INFO] --- download-maven-plugin:1.5.1:wget (PDFBOX-4338) @ pdfbox ---
[INFO] maven-download-plugin:wget skipped
[INFO] 
[INFO] --- download-maven-plugin:1.5.1:wget (PDFBOX-4339) @ pdfbox ---
[INFO] maven-download-plugin:wget skipped
[INFO] 
[INFO] --- download-maven-plugin:1.5.1:wget (PDFBOX-4408) @ pdfbox ---
[INFO] maven-download-plugin:wget skipped
[INFO] 
[INFO] --- download-maven-plugin:1.5.1:wget (PDFBOX-4418-1) @ pdfbox ---
[INFO] maven-download-plugin:wget skipped
[INFO] 
[INFO] --- download-maven-plugin:1.5.1:wget (PDFBOX-4418-2) @ pdfbox ---
[INFO] maven-download-plugin:wget skipped
[INFO] 
[INFO] --- download-maven-plugin:1.5.1:wget (PDFBOX-4423) @ pdfbox ---
[INFO] maven-download-plugin:wget skipped
[INFO] 
[INFO] --- download-maven-plugin:1.5.1:wget (PDFBOX-4517) @ pdfbox ---
[INFO] maven-download-plugin:wget skipped
[INFO] 
[INFO] --- download-maven-plugin:1.5.1:wget (PDFBOX-4750) @ pdfbox ---
[INFO] maven-download-plugin:wget skipped
[INFO] 
[INFO] --- download-maven-plugin:1.5.1:wget (PDFBOX-4153) @ pdfbox ---
[INFO] maven-download-plugin:wget skipped
[INFO] 
[INFO] --- download-maven-plugin:1.5.1:wget (PDFBOX-4490) @ pdfbox ---
[INFO] maven-download-plugin:wget skipped
[INFO] 
[INFO] --- download-maven-plugin:1.5.1:wget (PDFBOX-5196) @ pdfbox ---
[INFO] maven-download-plugin:wget skipped
[INFO] 
[INFO] --- maven-resources-plugin:3.0.2:testResources (default-testResources) @ pdfbox ---
[INFO] Using 'UTF-8' encoding to copy filtered resources.
[INFO] Copying 229 resources
[INFO] Copying 3 resources
[INFO] 
[INFO] --- maven-compiler-plugin:3.6.0:testCompile (default-testCompile) @ pdfbox ---
[INFO] Changes detected - recompiling the module!
[INFO] Compiling 115 source files to /home/dee/dev/rick-major-review/pdfbox/pdfbox/target/test-classes
[WARNING] To suppress warnings about obsolete options, use -Xlint:-options.
/home/dee/dev/rick-major-review/pdfbox/pdfbox/src/test/java/org/apache/pdfbox/pdmodel/common/COSArrayListTest.java:[27,22] [deprecation] Assert in junit.framework has been deprecated
[WARNING] /home/dee/dev/rick-major-review/pdfbox/pdfbox/src/test/java/org/apache/pdfbox/pdmodel/interactive/form/PDButtonTest.java:[109,19] [deprecation] setPushButton(boolean) in PDButton has been deprecated
[WARNING] /home/dee/dev/rick-major-review/pdfbox/pdfbox/src/test/java/org/apache/pdfbox/pdmodel/interactive/form/PDButtonTest.java:[125,19] [deprecation] setRadioButton(boolean) in PDButton has been deprecated
[WARNING] /home/dee/dev/rick-major-review/pdfbox/pdfbox/src/test/java/org/apache/pdfbox/io/UnmodifiableCOSDictionaryTest.java:[66,37] [deprecation] mergeInto(COSDictionary) in COSDictionary has been deprecated
[WARNING] /home/dee/dev/rick-major-review/pdfbox/pdfbox/src/test/java/org/apache/pdfbox/pdmodel/TestPDPageContentStream.java:[98,21] [deprecation] setNonStrokingColor(int,int,int) in PDPageContentStream has been deprecated
[WARNING] /home/dee/dev/rick-major-review/pdfbox/pdfbox/src/test/java/org/apache/pdfbox/pdmodel/TestPDPageContentStream.java:[100,21] [deprecation] setNonStrokingColor(int) in PDPageContentStream has been deprecated
[WARNING] /home/dee/dev/rick-major-review/pdfbox/pdfbox/src/test/java/org/apache/pdfbox/pdmodel/TestPDPageContentStream.java:[128,21] [deprecation] setStrokingColor(int,int,int) in PDPageContentStream has been deprecated
[WARNING] /home/dee/dev/rick-major-review/pdfbox/pdfbox/src/test/java/org/apache/pdfbox/pdmodel/TestPDPageContentStream.java:[130,21] [deprecation] setStrokingColor(int) in PDPageContentStream has been deprecated
[WARNING] /home/dee/dev/rick-major-review/pdfbox/pdfbox/src/test/java/org/apache/pdfbox/pdmodel/font/PDFontTest.java:[288,36] [deprecation] getHeight(int) in PDFontLike has been deprecated
[WARNING] /home/dee/dev/rick-major-review/pdfbox/pdfbox/src/test/java/org/apache/pdfbox/pdmodel/PageModeTest.java:[27,55] [deprecation] none() in ExpectedException has been deprecated
[WARNING] /home/dee/dev/rick-major-review/pdfbox/pdfbox/src/test/java/org/apache/pdfbox/cos/TestCOSInteger.java:[106,54] [deprecation] doubleValue() in COSInteger has been deprecated
[WARNING] /home/dee/dev/rick-major-review/pdfbox/pdfbox/src/test/java/org/apache/pdfbox/pdmodel/graphics/state/RenderingIntentTest.java:[27,55] [deprecation] none() in ExpectedException has been deprecated
[WARNING] /home/dee/dev/rick-major-review/pdfbox/pdfbox/src/test/java/org/apache/pdfbox/cos/TestCOSFloat.java:[187,78] [deprecation] doubleValue() in COSFloat has been deprecated
[WARNING] /home/dee/dev/rick-major-review/pdfbox/pdfbox/src/test/java/org/apache/pdfbox/pdmodel/common/COSArrayListTest.java:[46,55] [deprecation] none() in ExpectedException has been deprecated
[WARNING] /home/dee/dev/rick-major-review/pdfbox/pdfbox/src/test/java/org/apache/pdfbox/pdmodel/PageLayoutTest.java:[52,55] [deprecation] none() in ExpectedException has been deprecated
[WARNING] /home/dee/dev/rick-major-review/pdfbox/pdfbox/src/test/java/org/apache/pdfbox/pdfwriter/COSWriterXRefEntryTest.java:[27,55] [deprecation] none() in ExpectedException has been deprecated
[WARNING] /home/dee/dev/rick-major-review/pdfbox/pdfbox/src/test/java/org/apache/pdfbox/util/MatrixTest.java:[180,26] [deprecation] multiply(Matrix,Matrix) in Matrix has been deprecated
[WARNING] /home/dee/dev/rick-major-review/pdfbox/pdfbox/src/test/java/org/apache/pdfbox/util/MatrixTest.java:[189,19] [deprecation] multiply(Matrix,Matrix) in Matrix has been deprecated
[WARNING] /home/dee/dev/rick-major-review/pdfbox/pdfbox/src/test/java/org/apache/pdfbox/util/MatrixTest.java:[199,19] [deprecation] multiply(Matrix,Matrix) in Matrix has been deprecated
[WARNING] /home/dee/dev/rick-major-review/pdfbox/pdfbox/src/test/java/org/apache/pdfbox/util/MatrixTest.java:[208,19] [deprecation] multiply(Matrix,Matrix) in Matrix has been deprecated
[WARNING] /home/dee/dev/rick-major-review/pdfbox/pdfbox/src/test/java/org/apache/pdfbox/util/MatrixTest.java:[218,9] [deprecation] multiply(Matrix,Matrix) in Matrix has been deprecated
[WARNING] /home/dee/dev/rick-major-review/pdfbox/pdfbox/src/test/java/org/apache/pdfbox/util/MatrixTest.java:[226,9] [deprecation] multiply(Matrix,Matrix) in Matrix has been deprecated
[WARNING] /home/dee/dev/rick-major-review/pdfbox/pdfbox/src/test/java/org/apache/pdfbox/util/MatrixTest.java:[234,9] [deprecation] multiply(Matrix,Matrix) in Matrix has been deprecated
[WARNING] /home/dee/dev/rick-major-review/pdfbox/pdfbox/src/test/java/org/apache/pdfbox/util/MatrixTest.java:[242,9] [deprecation] multiply(Matrix,Matrix) in Matrix has been deprecated
[WARNING] /home/dee/dev/rick-major-review/pdfbox/pdfbox/src/test/java/org/apache/pdfbox/cos/COSObjectKeyTest.java:[27,55] [deprecation] none() in ExpectedException has been deprecated
[INFO] 
[INFO] --- maven-surefire-plugin:2.22.2:test (default-test) @ pdfbox ---
[INFO] Tests are skipped.
[INFO] 
[INFO] --- animal-sniffer-maven-plugin:1.17:check (check-java-version) @ pdfbox ---
[INFO] Signature checking is skipped.
[INFO] 
[INFO] --- maven-bundle-plugin:3.5.1:bundle (default-bundle) @ pdfbox ---
[INFO] 
[INFO] --- maven-site-plugin:3.7:attach-descriptor (attach-descriptor) @ pdfbox ---
[INFO] Skipping because packaging 'bundle' is not pom.
[INFO] 
[INFO] >>> maven-source-plugin:3.0.1:jar (attach-sources) > generate-sources @ pdfbox >>>
[INFO] 
[INFO] --- maven-enforcer-plugin:1.4.1:enforce (default) @ pdfbox ---
[INFO] 
[INFO] --- maven-enforcer-plugin:1.4.1:enforce (enforce-maven-version) @ pdfbox ---
[INFO] 
[INFO] <<< maven-source-plugin:3.0.1:jar (attach-sources) < generate-sources @ pdfbox <<<
[INFO] 
[INFO] 
[INFO] --- maven-source-plugin:3.0.1:jar (attach-sources) @ pdfbox ---
[INFO] Building jar: /home/dee/dev/rick-major-review/pdfbox/pdfbox/target/pdfbox-2.0.24-sources.jar
[INFO] 
[INFO] --- maven-install-plugin:2.5.2:install (default-install) @ pdfbox ---
[INFO] Installing /home/dee/dev/rick-major-review/pdfbox/pdfbox/target/pdfbox-2.0.24.jar to /home/dee/.m2/repository/org/apache/pdfbox/pdfbox/2.0.24/pdfbox-2.0.24.jar
[INFO] Installing /home/dee/dev/rick-major-review/pdfbox/pdfbox/pom.xml to /home/dee/.m2/repository/org/apache/pdfbox/pdfbox/2.0.24/pdfbox-2.0.24.pom
[INFO] Installing /home/dee/dev/rick-major-review/pdfbox/pdfbox/target/pdfbox-2.0.24-sources.jar to /home/dee/.m2/repository/org/apache/pdfbox/pdfbox/2.0.24/pdfbox-2.0.24-sources.jar
[INFO] 
[INFO] --- maven-bundle-plugin:3.5.1:install (default-install) @ pdfbox ---
[INFO] Installing org/apache/pdfbox/pdfbox/2.0.24/pdfbox-2.0.24.jar
[INFO] Writing OBR metadata
[INFO] ------------------------------------------------------------------------
[INFO] BUILD SUCCESS
[INFO] ------------------------------------------------------------------------
[INFO] Total time:  43.294 s
[INFO] Finished at: 2023-06-10T19:04:10+02:00
[INFO] ------------------------------------------------------------------------


---------------------------------------------------
[BASELINE] Not evaluating any oracle
[LOG] Replacing original RICK test with variant baseline
[LOG] Invoking cp /home/dee/dev/rick-experiments/mutation-analysis/output/available/test-baseline.java /home/dee/dev/rick-major-review/pdfbox/rick-major/src/test/java/org/apache/pdfbox/io/TestRandomAccessInputStreamRickGenAvailable.java
[LOG] In test module directory /home/dee/dev/rick-major-review/pdfbox/rick-major
[LOG] Invoked tests with ['mvn', 'test', '-Dtest=TestRandomAccessInputStreamRickGenAvailable']
[INFO] Scanning for projects...
[INFO] 
[INFO] --------------------< org.apache.pdfbox:rick-major >--------------------
[INFO] Building rick-major 2.0.24
[INFO] --------------------------------[ jar ]---------------------------------
[INFO] 
[INFO] --- maven-enforcer-plugin:1.4.1:enforce (default) @ rick-major ---
[INFO] 
[INFO] --- maven-enforcer-plugin:1.4.1:enforce (enforce-maven-version) @ rick-major ---
[INFO] 
[INFO] --- maven-remote-resources-plugin:1.5:process (process-resource-bundles) @ rick-major ---
[INFO] 
[INFO] --- maven-resources-plugin:3.0.2:resources (default-resources) @ rick-major ---
[INFO] Using 'UTF-8' encoding to copy filtered resources.
[INFO] Copying 0 resource
[INFO] Copying 3 resources
[INFO] 
[INFO] --- maven-compiler-plugin:3.6.0:compile (default-compile) @ rick-major ---
[INFO] Nothing to compile - all classes are up to date
[INFO] 
[INFO] --- maven-resources-plugin:3.0.2:testResources (default-testResources) @ rick-major ---
[INFO] Using 'UTF-8' encoding to copy filtered resources.
[INFO] Copying 72 resources
[INFO] Copying 3 resources
[INFO] 
[INFO] --- maven-compiler-plugin:3.6.0:testCompile (default-testCompile) @ rick-major ---
[INFO] Changes detected - recompiling the module!
[INFO] Compiling 38 source files to /home/dee/dev/rick-major-review/pdfbox/rick-major/target/test-classes
[INFO] 
[INFO] --- maven-surefire-plugin:2.22.2:test (default-test) @ rick-major ---
[INFO] 
[INFO] -------------------------------------------------------
[INFO]  T E S T S
[INFO] -------------------------------------------------------
[INFO] Running org.apache.pdfbox.io.TestRandomAccessInputStreamRickGenAvailable
[INFO] Tests run: 3, Failures: 0, Errors: 0, Skipped: 0, Time elapsed: 7.759 s - in org.apache.pdfbox.io.TestRandomAccessInputStreamRickGenAvailable
[INFO] 
[INFO] Results:
[INFO] 
[INFO] Tests run: 3, Failures: 0, Errors: 0, Skipped: 0
[INFO] 
[INFO] 
[INFO] --- animal-sniffer-maven-plugin:1.17:check (check-java-version) @ rick-major ---
[INFO] Checking unresolved references to org.codehaus.mojo.signature:java16:1.0
[INFO] ------------------------------------------------------------------------
[INFO] BUILD SUCCESS
[INFO] ------------------------------------------------------------------------
[INFO] Total time:  21.537 s
[INFO] Finished at: 2023-06-10T19:04:36+02:00
[INFO] ------------------------------------------------------------------------

Security framework of XStream not initialized, XStream is probably vulnerable.

---------------------------------------------------
[LOG] Cleaned targets with ['mvn', 'clean']
[INFO] Scanning for projects...
[INFO] 
[INFO] --------------------< org.apache.pdfbox:rick-major >--------------------
[INFO] Building rick-major 2.0.24
[INFO] --------------------------------[ jar ]---------------------------------
[INFO] 
[INFO] --- maven-clean-plugin:3.0.0:clean (default-clean) @ rick-major ---
[INFO] Deleting /home/dee/dev/rick-major-review/pdfbox/rick-major/target
[INFO] ------------------------------------------------------------------------
[INFO] BUILD SUCCESS
[INFO] ------------------------------------------------------------------------
[INFO] Total time:  1.314 s
[INFO] Finished at: 2023-06-10T19:04:41+02:00
[INFO] ------------------------------------------------------------------------


---------------------------------------------------
[LOG] In experiment directory /home/dee/dev/rick-experiments/mutation-analysis
---------------------------------------------------
[LOG] Restoring original RICK test from ./RandomAccessInputStream.java/original-test.java
[LOG] Invoking cp ./RandomAccessInputStream.java/original-test.java /home/dee/dev/rick-major-review/pdfbox/rick-major/src/test/java/org/apache/pdfbox/io/TestRandomAccessInputStreamRickGenAvailable.java
---------------------------------------------------
[OO] Evaluating only OO
[LOG] Replacing original RICK test with variant oo
[LOG] Invoking cp /home/dee/dev/rick-experiments/mutation-analysis/output/available/test-oo.java /home/dee/dev/rick-major-review/pdfbox/rick-major/src/test/java/org/apache/pdfbox/io/TestRandomAccessInputStreamRickGenAvailable.java
[LOG] In test module directory /home/dee/dev/rick-major-review/pdfbox/rick-major
[LOG] Invoked tests with ['mvn', 'test', '-Dtest=TestRandomAccessInputStreamRickGenAvailable']
[INFO] Scanning for projects...
[INFO] 
[INFO] --------------------< org.apache.pdfbox:rick-major >--------------------
[INFO] Building rick-major 2.0.24
[INFO] --------------------------------[ jar ]---------------------------------
[INFO] 
[INFO] --- maven-enforcer-plugin:1.4.1:enforce (default) @ rick-major ---
[INFO] 
[INFO] --- maven-enforcer-plugin:1.4.1:enforce (enforce-maven-version) @ rick-major ---
[INFO] 
[INFO] --- maven-remote-resources-plugin:1.5:process (process-resource-bundles) @ rick-major ---
[INFO] 
[INFO] --- maven-resources-plugin:3.0.2:resources (default-resources) @ rick-major ---
[INFO] Using 'UTF-8' encoding to copy filtered resources.
[INFO] Copying 0 resource
[INFO] Copying 3 resources
[INFO] 
[INFO] --- maven-compiler-plugin:3.6.0:compile (default-compile) @ rick-major ---
[INFO] Nothing to compile - all classes are up to date
[INFO] 
[INFO] --- maven-resources-plugin:3.0.2:testResources (default-testResources) @ rick-major ---
[INFO] Using 'UTF-8' encoding to copy filtered resources.
[INFO] Copying 72 resources
[INFO] Copying 3 resources
[INFO] 
[INFO] --- maven-compiler-plugin:3.6.0:testCompile (default-testCompile) @ rick-major ---
[INFO] Changes detected - recompiling the module!
[INFO] Compiling 38 source files to /home/dee/dev/rick-major-review/pdfbox/rick-major/target/test-classes
[INFO] 
[INFO] --- maven-surefire-plugin:2.22.2:test (default-test) @ rick-major ---
[INFO] 
[INFO] -------------------------------------------------------
[INFO]  T E S T S
[INFO] -------------------------------------------------------
[INFO] Running org.apache.pdfbox.io.TestRandomAccessInputStreamRickGenAvailable
[ERROR] Tests run: 3, Failures: 1, Errors: 0, Skipped: 0, Time elapsed: 7.334 s <<< FAILURE! - in org.apache.pdfbox.io.TestRandomAccessInputStreamRickGenAvailable
[ERROR] test_available_OO_fb6f2cb527054a08a4f54d3c52922d8e  Time elapsed: 4.191 s  <<< FAILURE!
org.opentest4j.AssertionFailedError: expected: <246> but was: <1>
	at org.apache.pdfbox.io.TestRandomAccessInputStreamRickGenAvailable.test_available_OO_fb6f2cb527054a08a4f54d3c52922d8e(TestRandomAccessInputStreamRickGenAvailable.java:60)

[INFO] 
[INFO] Results:
[INFO] 
[ERROR] Failures: 
[ERROR]   TestRandomAccessInputStreamRickGenAvailable.test_available_OO_fb6f2cb527054a08a4f54d3c52922d8e:60 expected: <246> but was: <1>
[INFO] 
[ERROR] Tests run: 3, Failures: 1, Errors: 0, Skipped: 0
[INFO] 
[INFO] ------------------------------------------------------------------------
[INFO] BUILD FAILURE
[INFO] ------------------------------------------------------------------------
[INFO] Total time:  19.712 s
[INFO] Finished at: 2023-06-10T19:05:04+02:00
[INFO] ------------------------------------------------------------------------
[ERROR] Failed to execute goal org.apache.maven.plugins:maven-surefire-plugin:2.22.2:test (default-test) on project rick-major: There are test failures.
[ERROR] 
[ERROR] Please refer to /home/dee/dev/rick-major-review/pdfbox/rick-major/target/surefire-reports for the individual test results.
[ERROR] Please refer to dump files (if any exist) [date].dump, [date]-jvmRun[N].dump and [date].dumpstream.
[ERROR] -> [Help 1]
[ERROR] 
[ERROR] To see the full stack trace of the errors, re-run Maven with the -e switch.
[ERROR] Re-run Maven using the -X switch to enable full debug logging.
[ERROR] 
[ERROR] For more information about the errors and possible solutions, please read the following articles:
[ERROR] [Help 1] http://cwiki.apache.org/confluence/display/MAVEN/MojoFailureException

Security framework of XStream not initialized, XStream is probably vulnerable.

---------------------------------------------------
[LOG] Cleaned targets with ['mvn', 'clean']
[INFO] Scanning for projects...
[INFO] 
[INFO] --------------------< org.apache.pdfbox:rick-major >--------------------
[INFO] Building rick-major 2.0.24
[INFO] --------------------------------[ jar ]---------------------------------
[INFO] 
[INFO] --- maven-clean-plugin:3.0.0:clean (default-clean) @ rick-major ---
[INFO] Deleting /home/dee/dev/rick-major-review/pdfbox/rick-major/target
[INFO] ------------------------------------------------------------------------
[INFO] BUILD SUCCESS
[INFO] ------------------------------------------------------------------------
[INFO] Total time:  1.332 s
[INFO] Finished at: 2023-06-10T19:05:09+02:00
[INFO] ------------------------------------------------------------------------


---------------------------------------------------
[LOG] In experiment directory /home/dee/dev/rick-experiments/mutation-analysis
---------------------------------------------------
[LOG] Restoring original RICK test from ./RandomAccessInputStream.java/original-test.java
[LOG] Invoking cp ./RandomAccessInputStream.java/original-test.java /home/dee/dev/rick-major-review/pdfbox/rick-major/src/test/java/org/apache/pdfbox/io/TestRandomAccessInputStreamRickGenAvailable.java
---------------------------------------------------
[PO] Evaluating only PO
[LOG] Replacing original RICK test with variant po
[LOG] Invoking cp /home/dee/dev/rick-experiments/mutation-analysis/output/available/test-po.java /home/dee/dev/rick-major-review/pdfbox/rick-major/src/test/java/org/apache/pdfbox/io/TestRandomAccessInputStreamRickGenAvailable.java
[LOG] In test module directory /home/dee/dev/rick-major-review/pdfbox/rick-major
[LOG] Invoked tests with ['mvn', 'test', '-Dtest=TestRandomAccessInputStreamRickGenAvailable']
[INFO] Scanning for projects...
[INFO] 
[INFO] --------------------< org.apache.pdfbox:rick-major >--------------------
[INFO] Building rick-major 2.0.24
[INFO] --------------------------------[ jar ]---------------------------------
[INFO] 
[INFO] --- maven-enforcer-plugin:1.4.1:enforce (default) @ rick-major ---
[INFO] 
[INFO] --- maven-enforcer-plugin:1.4.1:enforce (enforce-maven-version) @ rick-major ---
[INFO] 
[INFO] --- maven-remote-resources-plugin:1.5:process (process-resource-bundles) @ rick-major ---
[INFO] 
[INFO] --- maven-resources-plugin:3.0.2:resources (default-resources) @ rick-major ---
[INFO] Using 'UTF-8' encoding to copy filtered resources.
[INFO] Copying 0 resource
[INFO] Copying 3 resources
[INFO] 
[INFO] --- maven-compiler-plugin:3.6.0:compile (default-compile) @ rick-major ---
[INFO] Nothing to compile - all classes are up to date
[INFO] 
[INFO] --- maven-resources-plugin:3.0.2:testResources (default-testResources) @ rick-major ---
[INFO] Using 'UTF-8' encoding to copy filtered resources.
[INFO] Copying 72 resources
[INFO] Copying 3 resources
[INFO] 
[INFO] --- maven-compiler-plugin:3.6.0:testCompile (default-testCompile) @ rick-major ---
[INFO] Changes detected - recompiling the module!
[INFO] Compiling 38 source files to /home/dee/dev/rick-major-review/pdfbox/rick-major/target/test-classes
[INFO] 
[INFO] --- maven-surefire-plugin:2.22.2:test (default-test) @ rick-major ---
[INFO] 
[INFO] -------------------------------------------------------
[INFO]  T E S T S
[INFO] -------------------------------------------------------
[INFO] Running org.apache.pdfbox.io.TestRandomAccessInputStreamRickGenAvailable
[ERROR] Tests run: 3, Failures: 1, Errors: 0, Skipped: 0, Time elapsed: 8.562 s <<< FAILURE! - in org.apache.pdfbox.io.TestRandomAccessInputStreamRickGenAvailable
[ERROR] test_available_PO_fb6f2cb527054a08a4f54d3c52922d8e  Time elapsed: 0.661 s  <<< FAILURE!
org.mockito.exceptions.verification.WantedButNotInvoked: 

Wanted but not invoked:
randomAccessRead.length();
-> at org.apache.pdfbox.io.TestRandomAccessInputStreamRickGenAvailable.test_available_PO_fb6f2cb527054a08a4f54d3c52922d8e(TestRandomAccessInputStreamRickGenAvailable.java:74)
Actually, there were zero interactions with this mock.

	at org.apache.pdfbox.io.TestRandomAccessInputStreamRickGenAvailable.test_available_PO_fb6f2cb527054a08a4f54d3c52922d8e(TestRandomAccessInputStreamRickGenAvailable.java:74)

[INFO] 
[INFO] Results:
[INFO] 
[ERROR] Failures: 
[ERROR]   TestRandomAccessInputStreamRickGenAvailable.test_available_PO_fb6f2cb527054a08a4f54d3c52922d8e:74 
Wanted but not invoked:
randomAccessRead.length();
-> at org.apache.pdfbox.io.TestRandomAccessInputStreamRickGenAvailable.test_available_PO_fb6f2cb527054a08a4f54d3c52922d8e(TestRandomAccessInputStreamRickGenAvailable.java:74)
Actually, there were zero interactions with this mock.

[INFO] 
[ERROR] Tests run: 3, Failures: 1, Errors: 0, Skipped: 0
[INFO] 
[INFO] ------------------------------------------------------------------------
[INFO] BUILD FAILURE
[INFO] ------------------------------------------------------------------------
[INFO] Total time:  20.703 s
[INFO] Finished at: 2023-06-10T19:05:33+02:00
[INFO] ------------------------------------------------------------------------
[ERROR] Failed to execute goal org.apache.maven.plugins:maven-surefire-plugin:2.22.2:test (default-test) on project rick-major: There are test failures.
[ERROR] 
[ERROR] Please refer to /home/dee/dev/rick-major-review/pdfbox/rick-major/target/surefire-reports for the individual test results.
[ERROR] Please refer to dump files (if any exist) [date].dump, [date]-jvmRun[N].dump and [date].dumpstream.
[ERROR] -> [Help 1]
[ERROR] 
[ERROR] To see the full stack trace of the errors, re-run Maven with the -e switch.
[ERROR] Re-run Maven using the -X switch to enable full debug logging.
[ERROR] 
[ERROR] For more information about the errors and possible solutions, please read the following articles:
[ERROR] [Help 1] http://cwiki.apache.org/confluence/display/MAVEN/MojoFailureException

Security framework of XStream not initialized, XStream is probably vulnerable.

---------------------------------------------------
[LOG] Cleaned targets with ['mvn', 'clean']
[INFO] Scanning for projects...
[INFO] 
[INFO] --------------------< org.apache.pdfbox:rick-major >--------------------
[INFO] Building rick-major 2.0.24
[INFO] --------------------------------[ jar ]---------------------------------
[INFO] 
[INFO] --- maven-clean-plugin:3.0.0:clean (default-clean) @ rick-major ---
[INFO] Deleting /home/dee/dev/rick-major-review/pdfbox/rick-major/target
[INFO] ------------------------------------------------------------------------
[INFO] BUILD SUCCESS
[INFO] ------------------------------------------------------------------------
[INFO] Total time:  1.356 s
[INFO] Finished at: 2023-06-10T19:05:38+02:00
[INFO] ------------------------------------------------------------------------


---------------------------------------------------
[LOG] In experiment directory /home/dee/dev/rick-experiments/mutation-analysis
---------------------------------------------------
[LOG] Restoring original RICK test from ./RandomAccessInputStream.java/original-test.java
[LOG] Invoking cp ./RandomAccessInputStream.java/original-test.java /home/dee/dev/rick-major-review/pdfbox/rick-major/src/test/java/org/apache/pdfbox/io/TestRandomAccessInputStreamRickGenAvailable.java
---------------------------------------------------
[CO] Evaluating only CO
[LOG] Replacing original RICK test with variant co
[LOG] Invoking cp /home/dee/dev/rick-experiments/mutation-analysis/output/available/test-co.java /home/dee/dev/rick-major-review/pdfbox/rick-major/src/test/java/org/apache/pdfbox/io/TestRandomAccessInputStreamRickGenAvailable.java
[LOG] In test module directory /home/dee/dev/rick-major-review/pdfbox/rick-major
[LOG] Invoked tests with ['mvn', 'test', '-Dtest=TestRandomAccessInputStreamRickGenAvailable']
[INFO] Scanning for projects...
[INFO] 
[INFO] --------------------< org.apache.pdfbox:rick-major >--------------------
[INFO] Building rick-major 2.0.24
[INFO] --------------------------------[ jar ]---------------------------------
[INFO] 
[INFO] --- maven-enforcer-plugin:1.4.1:enforce (default) @ rick-major ---
[INFO] 
[INFO] --- maven-enforcer-plugin:1.4.1:enforce (enforce-maven-version) @ rick-major ---
[INFO] 
[INFO] --- maven-remote-resources-plugin:1.5:process (process-resource-bundles) @ rick-major ---
[INFO] 
[INFO] --- maven-resources-plugin:3.0.2:resources (default-resources) @ rick-major ---
[INFO] Using 'UTF-8' encoding to copy filtered resources.
[INFO] Copying 0 resource
[INFO] Copying 3 resources
[INFO] 
[INFO] --- maven-compiler-plugin:3.6.0:compile (default-compile) @ rick-major ---
[INFO] Nothing to compile - all classes are up to date
[INFO] 
[INFO] --- maven-resources-plugin:3.0.2:testResources (default-testResources) @ rick-major ---
[INFO] Using 'UTF-8' encoding to copy filtered resources.
[INFO] Copying 72 resources
[INFO] Copying 3 resources
[INFO] 
[INFO] --- maven-compiler-plugin:3.6.0:testCompile (default-testCompile) @ rick-major ---
[INFO] Changes detected - recompiling the module!
[INFO] Compiling 38 source files to /home/dee/dev/rick-major-review/pdfbox/rick-major/target/test-classes
[INFO] 
[INFO] --- maven-surefire-plugin:2.22.2:test (default-test) @ rick-major ---
[INFO] 
[INFO] -------------------------------------------------------
[INFO]  T E S T S
[INFO] -------------------------------------------------------
[INFO] Running org.apache.pdfbox.io.TestRandomAccessInputStreamRickGenAvailable
[ERROR] Tests run: 3, Failures: 1, Errors: 0, Skipped: 0, Time elapsed: 7.739 s <<< FAILURE! - in org.apache.pdfbox.io.TestRandomAccessInputStreamRickGenAvailable
[ERROR] test_available_CO_fb6f2cb527054a08a4f54d3c52922d8e  Time elapsed: 2.115 s  <<< FAILURE!
org.mockito.exceptions.verification.WantedButNotInvoked: 

Wanted but not invoked:
randomAccessRead.length();
-> at org.apache.pdfbox.io.TestRandomAccessInputStreamRickGenAvailable.test_available_CO_fb6f2cb527054a08a4f54d3c52922d8e(TestRandomAccessInputStreamRickGenAvailable.java:90)
Actually, there were zero interactions with this mock.

	at org.apache.pdfbox.io.TestRandomAccessInputStreamRickGenAvailable.test_available_CO_fb6f2cb527054a08a4f54d3c52922d8e(TestRandomAccessInputStreamRickGenAvailable.java:90)

[INFO] 
[INFO] Results:
[INFO] 
[ERROR] Failures: 
[ERROR]   TestRandomAccessInputStreamRickGenAvailable.test_available_CO_fb6f2cb527054a08a4f54d3c52922d8e:90 
Wanted but not invoked:
randomAccessRead.length();
-> at org.apache.pdfbox.io.TestRandomAccessInputStreamRickGenAvailable.test_available_CO_fb6f2cb527054a08a4f54d3c52922d8e(TestRandomAccessInputStreamRickGenAvailable.java:90)
Actually, there were zero interactions with this mock.

[INFO] 
[ERROR] Tests run: 3, Failures: 1, Errors: 0, Skipped: 0
[INFO] 
[INFO] ------------------------------------------------------------------------
[INFO] BUILD FAILURE
[INFO] ------------------------------------------------------------------------
[INFO] Total time:  20.179 s
[INFO] Finished at: 2023-06-10T19:06:02+02:00
[INFO] ------------------------------------------------------------------------
[ERROR] Failed to execute goal org.apache.maven.plugins:maven-surefire-plugin:2.22.2:test (default-test) on project rick-major: There are test failures.
[ERROR] 
[ERROR] Please refer to /home/dee/dev/rick-major-review/pdfbox/rick-major/target/surefire-reports for the individual test results.
[ERROR] Please refer to dump files (if any exist) [date].dump, [date]-jvmRun[N].dump and [date].dumpstream.
[ERROR] -> [Help 1]
[ERROR] 
[ERROR] To see the full stack trace of the errors, re-run Maven with the -e switch.
[ERROR] Re-run Maven using the -X switch to enable full debug logging.
[ERROR] 
[ERROR] For more information about the errors and possible solutions, please read the following articles:
[ERROR] [Help 1] http://cwiki.apache.org/confluence/display/MAVEN/MojoFailureException

Security framework of XStream not initialized, XStream is probably vulnerable.

---------------------------------------------------
[LOG] Cleaned targets with ['mvn', 'clean']
[INFO] Scanning for projects...
[INFO] 
[INFO] --------------------< org.apache.pdfbox:rick-major >--------------------
[INFO] Building rick-major 2.0.24
[INFO] --------------------------------[ jar ]---------------------------------
[INFO] 
[INFO] --- maven-clean-plugin:3.0.0:clean (default-clean) @ rick-major ---
[INFO] Deleting /home/dee/dev/rick-major-review/pdfbox/rick-major/target
[INFO] ------------------------------------------------------------------------
[INFO] BUILD SUCCESS
[INFO] ------------------------------------------------------------------------
[INFO] Total time:  1.328 s
[INFO] Finished at: 2023-06-10T19:06:07+02:00
[INFO] ------------------------------------------------------------------------


---------------------------------------------------
[LOG] In experiment directory /home/dee/dev/rick-experiments/mutation-analysis
---------------------------------------------------
[LOG] Restoring original RICK test from ./RandomAccessInputStream.java/original-test.java
[LOG] Invoking cp ./RandomAccessInputStream.java/original-test.java /home/dee/dev/rick-major-review/pdfbox/rick-major/src/test/java/org/apache/pdfbox/io/TestRandomAccessInputStreamRickGenAvailable.java
---------------------------------------------------
[ALL] Evaluating (OO +) PO + CO
[LOG] Restoring original RICK test from ./RandomAccessInputStream.java/original-test.java
[LOG] Invoking cp ./RandomAccessInputStream.java/original-test.java /home/dee/dev/rick-major-review/pdfbox/rick-major/src/test/java/org/apache/pdfbox/io/TestRandomAccessInputStreamRickGenAvailable.java
[LOG] In test module directory /home/dee/dev/rick-major-review/pdfbox/rick-major
[LOG] Invoked tests with ['mvn', 'test', '-Dtest=TestRandomAccessInputStreamRickGenAvailable']
[INFO] Scanning for projects...
[INFO] 
[INFO] --------------------< org.apache.pdfbox:rick-major >--------------------
[INFO] Building rick-major 2.0.24
[INFO] --------------------------------[ jar ]---------------------------------
[INFO] 
[INFO] --- maven-enforcer-plugin:1.4.1:enforce (default) @ rick-major ---
[INFO] 
[INFO] --- maven-enforcer-plugin:1.4.1:enforce (enforce-maven-version) @ rick-major ---
[INFO] 
[INFO] --- maven-remote-resources-plugin:1.5:process (process-resource-bundles) @ rick-major ---
[INFO] 
[INFO] --- maven-resources-plugin:3.0.2:resources (default-resources) @ rick-major ---
[INFO] Using 'UTF-8' encoding to copy filtered resources.
[INFO] Copying 0 resource
[INFO] Copying 3 resources
[INFO] 
[INFO] --- maven-compiler-plugin:3.6.0:compile (default-compile) @ rick-major ---
[INFO] Nothing to compile - all classes are up to date
[INFO] 
[INFO] --- maven-resources-plugin:3.0.2:testResources (default-testResources) @ rick-major ---
[INFO] Using 'UTF-8' encoding to copy filtered resources.
[INFO] Copying 72 resources
[INFO] Copying 3 resources
[INFO] 
[INFO] --- maven-compiler-plugin:3.6.0:testCompile (default-testCompile) @ rick-major ---
[INFO] Changes detected - recompiling the module!
[INFO] Compiling 38 source files to /home/dee/dev/rick-major-review/pdfbox/rick-major/target/test-classes
[INFO] 
[INFO] --- maven-surefire-plugin:2.22.2:test (default-test) @ rick-major ---
[INFO] 
[INFO] -------------------------------------------------------
[INFO]  T E S T S
[INFO] -------------------------------------------------------
[INFO] Running org.apache.pdfbox.io.TestRandomAccessInputStreamRickGenAvailable
[ERROR] Tests run: 3, Failures: 3, Errors: 0, Skipped: 0, Time elapsed: 7.576 s <<< FAILURE! - in org.apache.pdfbox.io.TestRandomAccessInputStreamRickGenAvailable
[ERROR] test_available_OO_fb6f2cb527054a08a4f54d3c52922d8e  Time elapsed: 3.986 s  <<< FAILURE!
org.opentest4j.AssertionFailedError: expected: <246> but was: <1>
	at org.apache.pdfbox.io.TestRandomAccessInputStreamRickGenAvailable.test_available_OO_fb6f2cb527054a08a4f54d3c52922d8e(TestRandomAccessInputStreamRickGenAvailable.java:60)

[ERROR] test_available_CO_fb6f2cb527054a08a4f54d3c52922d8e  Time elapsed: 2.182 s  <<< FAILURE!
org.mockito.exceptions.verification.WantedButNotInvoked: 

Wanted but not invoked:
randomAccessRead.length();
-> at org.apache.pdfbox.io.TestRandomAccessInputStreamRickGenAvailable.test_available_CO_fb6f2cb527054a08a4f54d3c52922d8e(TestRandomAccessInputStreamRickGenAvailable.java:90)
Actually, there were zero interactions with this mock.

	at org.apache.pdfbox.io.TestRandomAccessInputStreamRickGenAvailable.test_available_CO_fb6f2cb527054a08a4f54d3c52922d8e(TestRandomAccessInputStreamRickGenAvailable.java:90)

[ERROR] test_available_PO_fb6f2cb527054a08a4f54d3c52922d8e  Time elapsed: 0.721 s  <<< FAILURE!
org.mockito.exceptions.verification.WantedButNotInvoked: 

Wanted but not invoked:
randomAccessRead.length();
-> at org.apache.pdfbox.io.TestRandomAccessInputStreamRickGenAvailable.test_available_PO_fb6f2cb527054a08a4f54d3c52922d8e(TestRandomAccessInputStreamRickGenAvailable.java:74)
Actually, there were zero interactions with this mock.

	at org.apache.pdfbox.io.TestRandomAccessInputStreamRickGenAvailable.test_available_PO_fb6f2cb527054a08a4f54d3c52922d8e(TestRandomAccessInputStreamRickGenAvailable.java:74)

[INFO] 
[INFO] Results:
[INFO] 
[ERROR] Failures: 
[ERROR]   TestRandomAccessInputStreamRickGenAvailable.test_available_CO_fb6f2cb527054a08a4f54d3c52922d8e:90 
Wanted but not invoked:
randomAccessRead.length();
-> at org.apache.pdfbox.io.TestRandomAccessInputStreamRickGenAvailable.test_available_CO_fb6f2cb527054a08a4f54d3c52922d8e(TestRandomAccessInputStreamRickGenAvailable.java:90)
Actually, there were zero interactions with this mock.

[ERROR]   TestRandomAccessInputStreamRickGenAvailable.test_available_OO_fb6f2cb527054a08a4f54d3c52922d8e:60 expected: <246> but was: <1>
[ERROR]   TestRandomAccessInputStreamRickGenAvailable.test_available_PO_fb6f2cb527054a08a4f54d3c52922d8e:74 
Wanted but not invoked:
randomAccessRead.length();
-> at org.apache.pdfbox.io.TestRandomAccessInputStreamRickGenAvailable.test_available_PO_fb6f2cb527054a08a4f54d3c52922d8e(TestRandomAccessInputStreamRickGenAvailable.java:74)
Actually, there were zero interactions with this mock.

[INFO] 
[ERROR] Tests run: 3, Failures: 3, Errors: 0, Skipped: 0
[INFO] 
[INFO] ------------------------------------------------------------------------
[INFO] BUILD FAILURE
[INFO] ------------------------------------------------------------------------
[INFO] Total time:  19.649 s
[INFO] Finished at: 2023-06-10T19:06:30+02:00
[INFO] ------------------------------------------------------------------------
[ERROR] Failed to execute goal org.apache.maven.plugins:maven-surefire-plugin:2.22.2:test (default-test) on project rick-major: There are test failures.
[ERROR] 
[ERROR] Please refer to /home/dee/dev/rick-major-review/pdfbox/rick-major/target/surefire-reports for the individual test results.
[ERROR] Please refer to dump files (if any exist) [date].dump, [date]-jvmRun[N].dump and [date].dumpstream.
[ERROR] -> [Help 1]
[ERROR] 
[ERROR] To see the full stack trace of the errors, re-run Maven with the -e switch.
[ERROR] Re-run Maven using the -X switch to enable full debug logging.
[ERROR] 
[ERROR] For more information about the errors and possible solutions, please read the following articles:
[ERROR] [Help 1] http://cwiki.apache.org/confluence/display/MAVEN/MojoFailureException

Security framework of XStream not initialized, XStream is probably vulnerable.

---------------------------------------------------
[LOG] Cleaned targets with ['mvn', 'clean']
[INFO] Scanning for projects...
[INFO] 
[INFO] --------------------< org.apache.pdfbox:rick-major >--------------------
[INFO] Building rick-major 2.0.24
[INFO] --------------------------------[ jar ]---------------------------------
[INFO] 
[INFO] --- maven-clean-plugin:3.0.0:clean (default-clean) @ rick-major ---
[INFO] Deleting /home/dee/dev/rick-major-review/pdfbox/rick-major/target
[INFO] ------------------------------------------------------------------------
[INFO] BUILD SUCCESS
[INFO] ------------------------------------------------------------------------
[INFO] Total time:  1.280 s
[INFO] Finished at: 2023-06-10T19:06:35+02:00
[INFO] ------------------------------------------------------------------------


---------------------------------------------------
[LOG] In experiment directory /home/dee/dev/rick-experiments/mutation-analysis
---------------------------------------------------
---------------------------------------------------
[LOG] Resetting RandomAccessInputStream.java to original
[LOG] Invoking cp ./RandomAccessInputStream.java/original.java /home/dee/dev/rick-major-review/pdfbox/pdfbox/src/main/java/org/apache/pdfbox/io/RandomAccessInputStream.java
---------------------------------------------------
[LOG] Replacing originalRandomAccessInputStream.java with ./RandomAccessInputStream.java/15.java
[LOG] Invoking cp ./RandomAccessInputStream.java/15.java /home/dee/dev/rick-major-review/pdfbox/pdfbox/src/main/java/org/apache/pdfbox/io/RandomAccessInputStream.java
[LOG] Invoked a clean install of the parent module with ['mvn', 'clean', 'install', '-DskipTests']
[INFO] Scanning for projects...
[INFO] 
[INFO] ----------------------< org.apache.pdfbox:pdfbox >----------------------
[INFO] Building Apache PDFBox 2.0.24
[INFO] -------------------------------[ bundle ]-------------------------------
[INFO] 
[INFO] --- maven-clean-plugin:3.0.0:clean (default-clean) @ pdfbox ---
[INFO] Deleting /home/dee/dev/rick-major-review/pdfbox/pdfbox/target
[INFO] 
[INFO] --- maven-enforcer-plugin:1.4.1:enforce (default) @ pdfbox ---
[INFO] 
[INFO] --- maven-enforcer-plugin:1.4.1:enforce (enforce-maven-version) @ pdfbox ---
[INFO] 
[INFO] --- maven-remote-resources-plugin:1.5:process (process-resource-bundles) @ pdfbox ---
[INFO] 
[INFO] --- maven-resources-plugin:3.0.2:resources (default-resources) @ pdfbox ---
[INFO] Using 'UTF-8' encoding to copy filtered resources.
[INFO] Copying 1 resource
[INFO] Copying 21 resources
[INFO] Copying 3 resources
[INFO] 
[INFO] --- maven-compiler-plugin:3.6.0:compile (default-compile) @ pdfbox ---
[INFO] Changes detected - recompiling the module!
[INFO] Compiling 609 source files to /home/dee/dev/rick-major-review/pdfbox/pdfbox/target/classes
[WARNING] To suppress warnings about obsolete options, use -Xlint:-options.
/home/dee/dev/rick-major-review/pdfbox/pdfbox/src/main/java/org/apache/pdfbox/pdmodel/PDDocument.java:[471,96] [deprecation] toList() in COSArrayList has been deprecated
[WARNING] /home/dee/dev/rick-major-review/pdfbox/pdfbox/src/main/java/org/apache/pdfbox/pdmodel/PDDocument.java:[471,45] [deprecation] toList() in COSArrayList has been deprecated
[WARNING] /home/dee/dev/rick-major-review/pdfbox/pdfbox/src/main/java/org/apache/pdfbox/pdmodel/font/PDType3Font.java:[196,17] [deprecation] getHeight(int) in PDFontLike has been deprecated
[WARNING] /home/dee/dev/rick-major-review/pdfbox/pdfbox/src/main/java/org/apache/pdfbox/text/LegacyPDFStreamEngine.java:[152,19] [deprecation] showGlyph(Matrix,PDFont,int,String,Vector) in PDFStreamEngine has been deprecated
[WARNING] /home/dee/dev/rick-major-review/pdfbox/pdfbox/src/main/java/org/apache/pdfbox/pdmodel/font/PDTrueTypeFont.java:[375,17] [deprecation] getHeight(int) in PDFontLike has been deprecated
[WARNING] /home/dee/dev/rick-major-review/pdfbox/pdfbox/src/main/java/org/apache/pdfbox/pdmodel/font/PDType0Font.java:[414,17] [deprecation] getHeight(int) in PDFontLike has been deprecated
[WARNING] /home/dee/dev/rick-major-review/pdfbox/pdfbox/src/main/java/org/apache/pdfbox/pdmodel/font/PDType0Font.java:[416,29] [deprecation] getHeight(int) in PDFontLike has been deprecated
[WARNING] /home/dee/dev/rick-major-review/pdfbox/pdfbox/src/main/java/org/apache/pdfbox/pdmodel/font/TrueTypeEmbedder.java:[120,18] [deprecation] getUnicodeCmap() in TrueTypeFont has been deprecated
[WARNING] /home/dee/dev/rick-major-review/pdfbox/pdfbox/src/main/java/org/apache/pdfbox/pdmodel/font/PDType1Font.java:[395,17] [deprecation] getHeight(int) in PDFontLike has been deprecated
[WARNING] /home/dee/dev/rick-major-review/pdfbox/pdfbox/src/main/java/org/apache/pdfbox/cos/UnmodifiableCOSDictionary.java:[286,16] [deprecation] mergeInto(COSDictionary) in COSDictionary has been deprecated
[WARNING] /home/dee/dev/rick-major-review/pdfbox/pdfbox/src/main/java/org/apache/pdfbox/pdmodel/font/PDCIDFontType0.java:[439,17] [deprecation] getHeight(int) in PDFontLike has been deprecated
[WARNING] /home/dee/dev/rick-major-review/pdfbox/pdfbox/src/main/java/org/apache/pdfbox/pdmodel/font/PDType1CFont.java:[304,17] [deprecation] getHeight(int) in PDFontLike has been deprecated
[WARNING] /home/dee/dev/rick-major-review/pdfbox/pdfbox/src/main/java/org/apache/pdfbox/pdmodel/font/PDCIDFontType2.java:[312,17] [deprecation] getHeight(int) in PDFontLike has been deprecated
[INFO] 
[INFO] --- download-maven-plugin:1.5.1:wget (PDFBOX-1031-1) @ pdfbox ---
[INFO] maven-download-plugin:wget skipped
[INFO] 
[INFO] --- download-maven-plugin:1.5.1:wget (PDFBOX-1031-2) @ pdfbox ---
[INFO] maven-download-plugin:wget skipped
[INFO] 
[INFO] --- download-maven-plugin:1.5.1:wget (PDFBOX-1065-1) @ pdfbox ---
[INFO] maven-download-plugin:wget skipped
[INFO] 
[INFO] --- download-maven-plugin:1.5.1:wget (PDFBOX-1065-2) @ pdfbox ---
[INFO] maven-download-plugin:wget skipped
[INFO] 
[INFO] --- download-maven-plugin:1.5.1:wget (PDFBOX-1100-1) @ pdfbox ---
[INFO] maven-download-plugin:wget skipped
[INFO] 
[INFO] --- download-maven-plugin:1.5.1:wget (PDFBOX-1100-2) @ pdfbox ---
[INFO] maven-download-plugin:wget skipped
[INFO] 
[INFO] --- download-maven-plugin:1.5.1:wget (PDFBOX-3208) @ pdfbox ---
[INFO] maven-download-plugin:wget skipped
[INFO] 
[INFO] --- download-maven-plugin:1.5.1:wget (PDFBOX-3656) @ pdfbox ---
[INFO] maven-download-plugin:wget skipped
[INFO] 
[INFO] --- download-maven-plugin:1.5.1:wget (PDFBOX-3682) @ pdfbox ---
[INFO] maven-download-plugin:wget skipped
[INFO] 
[INFO] --- download-maven-plugin:1.5.1:wget (PDFBOX-3940) @ pdfbox ---
[INFO] maven-download-plugin:wget skipped
[INFO] 
[INFO] --- download-maven-plugin:1.5.1:wget (PDFBOX-3783) @ pdfbox ---
[INFO] maven-download-plugin:wget skipped
[INFO] 
[INFO] --- download-maven-plugin:1.5.1:wget (PDFBOX-3785) @ pdfbox ---
[INFO] maven-download-plugin:wget skipped
[INFO] 
[INFO] --- download-maven-plugin:1.5.1:wget (PDFBOX-3947) @ pdfbox ---
[INFO] maven-download-plugin:wget skipped
[INFO] 
[INFO] --- download-maven-plugin:1.5.1:wget (PDFBOX-3948) @ pdfbox ---
[INFO] maven-download-plugin:wget skipped
[INFO] 
[INFO] --- download-maven-plugin:1.5.1:wget (PDFBOX-3949) @ pdfbox ---
[INFO] maven-download-plugin:wget skipped
[INFO] 
[INFO] --- download-maven-plugin:1.5.1:wget (PDFBOX-3950) @ pdfbox ---
[INFO] maven-download-plugin:wget skipped
[INFO] 
[INFO] --- download-maven-plugin:1.5.1:wget (PDFBOX-3951) @ pdfbox ---
[INFO] maven-download-plugin:wget skipped
[INFO] 
[INFO] --- download-maven-plugin:1.5.1:wget (PDFBOX-3964) @ pdfbox ---
[INFO] maven-download-plugin:wget skipped
[INFO] 
[INFO] --- download-maven-plugin:1.5.1:wget (PDFBOX-3977) @ pdfbox ---
[INFO] maven-download-plugin:wget skipped
[INFO] 
[INFO] --- download-maven-plugin:1.5.1:wget (Genko) @ pdfbox ---
[INFO] maven-download-plugin:wget skipped
[INFO] 
[INFO] --- download-maven-plugin:1.5.1:wget (PDFBOX-3999) @ pdfbox ---
[INFO] maven-download-plugin:wget skipped
[INFO] 
[INFO] --- download-maven-plugin:1.5.1:wget (PDFBOX-4106) @ pdfbox ---
[INFO] maven-download-plugin:wget skipped
[INFO] 
[INFO] --- download-maven-plugin:1.5.1:wget (PDFBOX-4106b) @ pdfbox ---
[INFO] maven-download-plugin:wget skipped
[INFO] 
[INFO] --- download-maven-plugin:1.5.1:wget (PDFBOX-4115) @ pdfbox ---
[INFO] maven-download-plugin:wget skipped
[INFO] 
[INFO] --- download-maven-plugin:1.5.1:wget (PDFBOX-4197) @ pdfbox ---
[INFO] maven-download-plugin:wget skipped
[INFO] 
[INFO] --- download-maven-plugin:1.5.1:wget (PDFBOX-4184) @ pdfbox ---
[INFO] maven-download-plugin:wget skipped
[INFO] 
[INFO] --- download-maven-plugin:1.5.1:wget (PDFBOX-4184-2) @ pdfbox ---
[INFO] maven-download-plugin:wget skipped
[INFO] 
[INFO] --- download-maven-plugin:1.5.1:wget (PDFBOX-4308) @ pdfbox ---
[INFO] maven-download-plugin:wget skipped
[INFO] 
[INFO] --- download-maven-plugin:1.5.1:wget (PDFBOX-4338) @ pdfbox ---
[INFO] maven-download-plugin:wget skipped
[INFO] 
[INFO] --- download-maven-plugin:1.5.1:wget (PDFBOX-4339) @ pdfbox ---
[INFO] maven-download-plugin:wget skipped
[INFO] 
[INFO] --- download-maven-plugin:1.5.1:wget (PDFBOX-4408) @ pdfbox ---
[INFO] maven-download-plugin:wget skipped
[INFO] 
[INFO] --- download-maven-plugin:1.5.1:wget (PDFBOX-4418-1) @ pdfbox ---
[INFO] maven-download-plugin:wget skipped
[INFO] 
[INFO] --- download-maven-plugin:1.5.1:wget (PDFBOX-4418-2) @ pdfbox ---
[INFO] maven-download-plugin:wget skipped
[INFO] 
[INFO] --- download-maven-plugin:1.5.1:wget (PDFBOX-4423) @ pdfbox ---
[INFO] maven-download-plugin:wget skipped
[INFO] 
[INFO] --- download-maven-plugin:1.5.1:wget (PDFBOX-4517) @ pdfbox ---
[INFO] maven-download-plugin:wget skipped
[INFO] 
[INFO] --- download-maven-plugin:1.5.1:wget (PDFBOX-4750) @ pdfbox ---
[INFO] maven-download-plugin:wget skipped
[INFO] 
[INFO] --- download-maven-plugin:1.5.1:wget (PDFBOX-4153) @ pdfbox ---
[INFO] maven-download-plugin:wget skipped
[INFO] 
[INFO] --- download-maven-plugin:1.5.1:wget (PDFBOX-4490) @ pdfbox ---
[INFO] maven-download-plugin:wget skipped
[INFO] 
[INFO] --- download-maven-plugin:1.5.1:wget (PDFBOX-5196) @ pdfbox ---
[INFO] maven-download-plugin:wget skipped
[INFO] 
[INFO] --- maven-resources-plugin:3.0.2:testResources (default-testResources) @ pdfbox ---
[INFO] Using 'UTF-8' encoding to copy filtered resources.
[INFO] Copying 229 resources
[INFO] Copying 3 resources
[INFO] 
[INFO] --- maven-compiler-plugin:3.6.0:testCompile (default-testCompile) @ pdfbox ---
[INFO] Changes detected - recompiling the module!
[INFO] Compiling 115 source files to /home/dee/dev/rick-major-review/pdfbox/pdfbox/target/test-classes
[WARNING] To suppress warnings about obsolete options, use -Xlint:-options.
/home/dee/dev/rick-major-review/pdfbox/pdfbox/src/test/java/org/apache/pdfbox/pdmodel/common/COSArrayListTest.java:[27,22] [deprecation] Assert in junit.framework has been deprecated
[WARNING] /home/dee/dev/rick-major-review/pdfbox/pdfbox/src/test/java/org/apache/pdfbox/pdmodel/interactive/form/PDButtonTest.java:[109,19] [deprecation] setPushButton(boolean) in PDButton has been deprecated
[WARNING] /home/dee/dev/rick-major-review/pdfbox/pdfbox/src/test/java/org/apache/pdfbox/pdmodel/interactive/form/PDButtonTest.java:[125,19] [deprecation] setRadioButton(boolean) in PDButton has been deprecated
[WARNING] /home/dee/dev/rick-major-review/pdfbox/pdfbox/src/test/java/org/apache/pdfbox/io/UnmodifiableCOSDictionaryTest.java:[66,37] [deprecation] mergeInto(COSDictionary) in COSDictionary has been deprecated
[WARNING] /home/dee/dev/rick-major-review/pdfbox/pdfbox/src/test/java/org/apache/pdfbox/pdmodel/TestPDPageContentStream.java:[98,21] [deprecation] setNonStrokingColor(int,int,int) in PDPageContentStream has been deprecated
[WARNING] /home/dee/dev/rick-major-review/pdfbox/pdfbox/src/test/java/org/apache/pdfbox/pdmodel/TestPDPageContentStream.java:[100,21] [deprecation] setNonStrokingColor(int) in PDPageContentStream has been deprecated
[WARNING] /home/dee/dev/rick-major-review/pdfbox/pdfbox/src/test/java/org/apache/pdfbox/pdmodel/TestPDPageContentStream.java:[128,21] [deprecation] setStrokingColor(int,int,int) in PDPageContentStream has been deprecated
[WARNING] /home/dee/dev/rick-major-review/pdfbox/pdfbox/src/test/java/org/apache/pdfbox/pdmodel/TestPDPageContentStream.java:[130,21] [deprecation] setStrokingColor(int) in PDPageContentStream has been deprecated
[WARNING] /home/dee/dev/rick-major-review/pdfbox/pdfbox/src/test/java/org/apache/pdfbox/pdmodel/font/PDFontTest.java:[288,36] [deprecation] getHeight(int) in PDFontLike has been deprecated
[WARNING] /home/dee/dev/rick-major-review/pdfbox/pdfbox/src/test/java/org/apache/pdfbox/pdmodel/PageModeTest.java:[27,55] [deprecation] none() in ExpectedException has been deprecated
[WARNING] /home/dee/dev/rick-major-review/pdfbox/pdfbox/src/test/java/org/apache/pdfbox/cos/TestCOSInteger.java:[106,54] [deprecation] doubleValue() in COSInteger has been deprecated
[WARNING] /home/dee/dev/rick-major-review/pdfbox/pdfbox/src/test/java/org/apache/pdfbox/pdmodel/graphics/state/RenderingIntentTest.java:[27,55] [deprecation] none() in ExpectedException has been deprecated
[WARNING] /home/dee/dev/rick-major-review/pdfbox/pdfbox/src/test/java/org/apache/pdfbox/cos/TestCOSFloat.java:[187,78] [deprecation] doubleValue() in COSFloat has been deprecated
[WARNING] /home/dee/dev/rick-major-review/pdfbox/pdfbox/src/test/java/org/apache/pdfbox/pdmodel/common/COSArrayListTest.java:[46,55] [deprecation] none() in ExpectedException has been deprecated
[WARNING] /home/dee/dev/rick-major-review/pdfbox/pdfbox/src/test/java/org/apache/pdfbox/pdmodel/PageLayoutTest.java:[52,55] [deprecation] none() in ExpectedException has been deprecated
[WARNING] /home/dee/dev/rick-major-review/pdfbox/pdfbox/src/test/java/org/apache/pdfbox/pdfwriter/COSWriterXRefEntryTest.java:[27,55] [deprecation] none() in ExpectedException has been deprecated
[WARNING] /home/dee/dev/rick-major-review/pdfbox/pdfbox/src/test/java/org/apache/pdfbox/util/MatrixTest.java:[180,26] [deprecation] multiply(Matrix,Matrix) in Matrix has been deprecated
[WARNING] /home/dee/dev/rick-major-review/pdfbox/pdfbox/src/test/java/org/apache/pdfbox/util/MatrixTest.java:[189,19] [deprecation] multiply(Matrix,Matrix) in Matrix has been deprecated
[WARNING] /home/dee/dev/rick-major-review/pdfbox/pdfbox/src/test/java/org/apache/pdfbox/util/MatrixTest.java:[199,19] [deprecation] multiply(Matrix,Matrix) in Matrix has been deprecated
[WARNING] /home/dee/dev/rick-major-review/pdfbox/pdfbox/src/test/java/org/apache/pdfbox/util/MatrixTest.java:[208,19] [deprecation] multiply(Matrix,Matrix) in Matrix has been deprecated
[WARNING] /home/dee/dev/rick-major-review/pdfbox/pdfbox/src/test/java/org/apache/pdfbox/util/MatrixTest.java:[218,9] [deprecation] multiply(Matrix,Matrix) in Matrix has been deprecated
[WARNING] /home/dee/dev/rick-major-review/pdfbox/pdfbox/src/test/java/org/apache/pdfbox/util/MatrixTest.java:[226,9] [deprecation] multiply(Matrix,Matrix) in Matrix has been deprecated
[WARNING] /home/dee/dev/rick-major-review/pdfbox/pdfbox/src/test/java/org/apache/pdfbox/util/MatrixTest.java:[234,9] [deprecation] multiply(Matrix,Matrix) in Matrix has been deprecated
[WARNING] /home/dee/dev/rick-major-review/pdfbox/pdfbox/src/test/java/org/apache/pdfbox/util/MatrixTest.java:[242,9] [deprecation] multiply(Matrix,Matrix) in Matrix has been deprecated
[WARNING] /home/dee/dev/rick-major-review/pdfbox/pdfbox/src/test/java/org/apache/pdfbox/cos/COSObjectKeyTest.java:[27,55] [deprecation] none() in ExpectedException has been deprecated
[INFO] 
[INFO] --- maven-surefire-plugin:2.22.2:test (default-test) @ pdfbox ---
[INFO] Tests are skipped.
[INFO] 
[INFO] --- animal-sniffer-maven-plugin:1.17:check (check-java-version) @ pdfbox ---
[INFO] Signature checking is skipped.
[INFO] 
[INFO] --- maven-bundle-plugin:3.5.1:bundle (default-bundle) @ pdfbox ---
[INFO] 
[INFO] --- maven-site-plugin:3.7:attach-descriptor (attach-descriptor) @ pdfbox ---
[INFO] Skipping because packaging 'bundle' is not pom.
[INFO] 
[INFO] >>> maven-source-plugin:3.0.1:jar (attach-sources) > generate-sources @ pdfbox >>>
[INFO] 
[INFO] --- maven-enforcer-plugin:1.4.1:enforce (default) @ pdfbox ---
[INFO] 
[INFO] --- maven-enforcer-plugin:1.4.1:enforce (enforce-maven-version) @ pdfbox ---
[INFO] 
[INFO] <<< maven-source-plugin:3.0.1:jar (attach-sources) < generate-sources @ pdfbox <<<
[INFO] 
[INFO] 
[INFO] --- maven-source-plugin:3.0.1:jar (attach-sources) @ pdfbox ---
[INFO] Building jar: /home/dee/dev/rick-major-review/pdfbox/pdfbox/target/pdfbox-2.0.24-sources.jar
[INFO] 
[INFO] --- maven-install-plugin:2.5.2:install (default-install) @ pdfbox ---
[INFO] Installing /home/dee/dev/rick-major-review/pdfbox/pdfbox/target/pdfbox-2.0.24.jar to /home/dee/.m2/repository/org/apache/pdfbox/pdfbox/2.0.24/pdfbox-2.0.24.jar
[INFO] Installing /home/dee/dev/rick-major-review/pdfbox/pdfbox/pom.xml to /home/dee/.m2/repository/org/apache/pdfbox/pdfbox/2.0.24/pdfbox-2.0.24.pom
[INFO] Installing /home/dee/dev/rick-major-review/pdfbox/pdfbox/target/pdfbox-2.0.24-sources.jar to /home/dee/.m2/repository/org/apache/pdfbox/pdfbox/2.0.24/pdfbox-2.0.24-sources.jar
[INFO] 
[INFO] --- maven-bundle-plugin:3.5.1:install (default-install) @ pdfbox ---
[INFO] Installing org/apache/pdfbox/pdfbox/2.0.24/pdfbox-2.0.24.jar
[INFO] Writing OBR metadata
[INFO] ------------------------------------------------------------------------
[INFO] BUILD SUCCESS
[INFO] ------------------------------------------------------------------------
[INFO] Total time:  40.843 s
[INFO] Finished at: 2023-06-10T19:07:19+02:00
[INFO] ------------------------------------------------------------------------


---------------------------------------------------
[BASELINE] Not evaluating any oracle
[LOG] Replacing original RICK test with variant baseline
[LOG] Invoking cp /home/dee/dev/rick-experiments/mutation-analysis/output/available/test-baseline.java /home/dee/dev/rick-major-review/pdfbox/rick-major/src/test/java/org/apache/pdfbox/io/TestRandomAccessInputStreamRickGenAvailable.java
[LOG] In test module directory /home/dee/dev/rick-major-review/pdfbox/rick-major
[LOG] Invoked tests with ['mvn', 'test', '-Dtest=TestRandomAccessInputStreamRickGenAvailable']
[INFO] Scanning for projects...
[INFO] 
[INFO] --------------------< org.apache.pdfbox:rick-major >--------------------
[INFO] Building rick-major 2.0.24
[INFO] --------------------------------[ jar ]---------------------------------
[INFO] 
[INFO] --- maven-enforcer-plugin:1.4.1:enforce (default) @ rick-major ---
[INFO] 
[INFO] --- maven-enforcer-plugin:1.4.1:enforce (enforce-maven-version) @ rick-major ---
[INFO] 
[INFO] --- maven-remote-resources-plugin:1.5:process (process-resource-bundles) @ rick-major ---
[INFO] 
[INFO] --- maven-resources-plugin:3.0.2:resources (default-resources) @ rick-major ---
[INFO] Using 'UTF-8' encoding to copy filtered resources.
[INFO] Copying 0 resource
[INFO] Copying 3 resources
[INFO] 
[INFO] --- maven-compiler-plugin:3.6.0:compile (default-compile) @ rick-major ---
[INFO] Nothing to compile - all classes are up to date
[INFO] 
[INFO] --- maven-resources-plugin:3.0.2:testResources (default-testResources) @ rick-major ---
[INFO] Using 'UTF-8' encoding to copy filtered resources.
[INFO] Copying 72 resources
[INFO] Copying 3 resources
[INFO] 
[INFO] --- maven-compiler-plugin:3.6.0:testCompile (default-testCompile) @ rick-major ---
[INFO] Changes detected - recompiling the module!
[INFO] Compiling 38 source files to /home/dee/dev/rick-major-review/pdfbox/rick-major/target/test-classes
[INFO] 
[INFO] --- maven-surefire-plugin:2.22.2:test (default-test) @ rick-major ---
[INFO] 
[INFO] -------------------------------------------------------
[INFO]  T E S T S
[INFO] -------------------------------------------------------
[INFO] Running org.apache.pdfbox.io.TestRandomAccessInputStreamRickGenAvailable
[INFO] Tests run: 3, Failures: 0, Errors: 0, Skipped: 0, Time elapsed: 7.194 s - in org.apache.pdfbox.io.TestRandomAccessInputStreamRickGenAvailable
[INFO] 
[INFO] Results:
[INFO] 
[INFO] Tests run: 3, Failures: 0, Errors: 0, Skipped: 0
[INFO] 
[INFO] 
[INFO] --- animal-sniffer-maven-plugin:1.17:check (check-java-version) @ rick-major ---
[INFO] Checking unresolved references to org.codehaus.mojo.signature:java16:1.0
[INFO] ------------------------------------------------------------------------
[INFO] BUILD SUCCESS
[INFO] ------------------------------------------------------------------------
[INFO] Total time:  21.241 s
[INFO] Finished at: 2023-06-10T19:07:44+02:00
[INFO] ------------------------------------------------------------------------

Security framework of XStream not initialized, XStream is probably vulnerable.

---------------------------------------------------
[LOG] Cleaned targets with ['mvn', 'clean']
[INFO] Scanning for projects...
[INFO] 
[INFO] --------------------< org.apache.pdfbox:rick-major >--------------------
[INFO] Building rick-major 2.0.24
[INFO] --------------------------------[ jar ]---------------------------------
[INFO] 
[INFO] --- maven-clean-plugin:3.0.0:clean (default-clean) @ rick-major ---
[INFO] Deleting /home/dee/dev/rick-major-review/pdfbox/rick-major/target
[INFO] ------------------------------------------------------------------------
[INFO] BUILD SUCCESS
[INFO] ------------------------------------------------------------------------
[INFO] Total time:  1.338 s
[INFO] Finished at: 2023-06-10T19:07:49+02:00
[INFO] ------------------------------------------------------------------------


---------------------------------------------------
[LOG] In experiment directory /home/dee/dev/rick-experiments/mutation-analysis
---------------------------------------------------
[LOG] Restoring original RICK test from ./RandomAccessInputStream.java/original-test.java
[LOG] Invoking cp ./RandomAccessInputStream.java/original-test.java /home/dee/dev/rick-major-review/pdfbox/rick-major/src/test/java/org/apache/pdfbox/io/TestRandomAccessInputStreamRickGenAvailable.java
---------------------------------------------------
[OO] Evaluating only OO
[LOG] Replacing original RICK test with variant oo
[LOG] Invoking cp /home/dee/dev/rick-experiments/mutation-analysis/output/available/test-oo.java /home/dee/dev/rick-major-review/pdfbox/rick-major/src/test/java/org/apache/pdfbox/io/TestRandomAccessInputStreamRickGenAvailable.java
[LOG] In test module directory /home/dee/dev/rick-major-review/pdfbox/rick-major
[LOG] Invoked tests with ['mvn', 'test', '-Dtest=TestRandomAccessInputStreamRickGenAvailable']
[INFO] Scanning for projects...
[INFO] 
[INFO] --------------------< org.apache.pdfbox:rick-major >--------------------
[INFO] Building rick-major 2.0.24
[INFO] --------------------------------[ jar ]---------------------------------
[INFO] 
[INFO] --- maven-enforcer-plugin:1.4.1:enforce (default) @ rick-major ---
[INFO] 
[INFO] --- maven-enforcer-plugin:1.4.1:enforce (enforce-maven-version) @ rick-major ---
[INFO] 
[INFO] --- maven-remote-resources-plugin:1.5:process (process-resource-bundles) @ rick-major ---
[INFO] 
[INFO] --- maven-resources-plugin:3.0.2:resources (default-resources) @ rick-major ---
[INFO] Using 'UTF-8' encoding to copy filtered resources.
[INFO] Copying 0 resource
[INFO] Copying 3 resources
[INFO] 
[INFO] --- maven-compiler-plugin:3.6.0:compile (default-compile) @ rick-major ---
[INFO] Nothing to compile - all classes are up to date
[INFO] 
[INFO] --- maven-resources-plugin:3.0.2:testResources (default-testResources) @ rick-major ---
[INFO] Using 'UTF-8' encoding to copy filtered resources.
[INFO] Copying 72 resources
[INFO] Copying 3 resources
[INFO] 
[INFO] --- maven-compiler-plugin:3.6.0:testCompile (default-testCompile) @ rick-major ---
[INFO] Changes detected - recompiling the module!
[INFO] Compiling 38 source files to /home/dee/dev/rick-major-review/pdfbox/rick-major/target/test-classes
[INFO] 
[INFO] --- maven-surefire-plugin:2.22.2:test (default-test) @ rick-major ---
[INFO] 
[INFO] -------------------------------------------------------
[INFO]  T E S T S
[INFO] -------------------------------------------------------
[INFO] Running org.apache.pdfbox.io.TestRandomAccessInputStreamRickGenAvailable
[ERROR] Tests run: 3, Failures: 1, Errors: 0, Skipped: 0, Time elapsed: 8.696 s <<< FAILURE! - in org.apache.pdfbox.io.TestRandomAccessInputStreamRickGenAvailable
[ERROR] test_available_OO_fb6f2cb527054a08a4f54d3c52922d8e  Time elapsed: 4.342 s  <<< FAILURE!
org.opentest4j.AssertionFailedError: expected: <246> but was: <2147483647>
	at org.apache.pdfbox.io.TestRandomAccessInputStreamRickGenAvailable.test_available_OO_fb6f2cb527054a08a4f54d3c52922d8e(TestRandomAccessInputStreamRickGenAvailable.java:60)

[INFO] 
[INFO] Results:
[INFO] 
[ERROR] Failures: 
[ERROR]   TestRandomAccessInputStreamRickGenAvailable.test_available_OO_fb6f2cb527054a08a4f54d3c52922d8e:60 expected: <246> but was: <2147483647>
[INFO] 
[ERROR] Tests run: 3, Failures: 1, Errors: 0, Skipped: 0
[INFO] 
[INFO] ------------------------------------------------------------------------
[INFO] BUILD FAILURE
[INFO] ------------------------------------------------------------------------
[INFO] Total time:  21.224 s
[INFO] Finished at: 2023-06-10T19:08:14+02:00
[INFO] ------------------------------------------------------------------------
[ERROR] Failed to execute goal org.apache.maven.plugins:maven-surefire-plugin:2.22.2:test (default-test) on project rick-major: There are test failures.
[ERROR] 
[ERROR] Please refer to /home/dee/dev/rick-major-review/pdfbox/rick-major/target/surefire-reports for the individual test results.
[ERROR] Please refer to dump files (if any exist) [date].dump, [date]-jvmRun[N].dump and [date].dumpstream.
[ERROR] -> [Help 1]
[ERROR] 
[ERROR] To see the full stack trace of the errors, re-run Maven with the -e switch.
[ERROR] Re-run Maven using the -X switch to enable full debug logging.
[ERROR] 
[ERROR] For more information about the errors and possible solutions, please read the following articles:
[ERROR] [Help 1] http://cwiki.apache.org/confluence/display/MAVEN/MojoFailureException

Security framework of XStream not initialized, XStream is probably vulnerable.

---------------------------------------------------
[LOG] Cleaned targets with ['mvn', 'clean']
[INFO] Scanning for projects...
[INFO] 
[INFO] --------------------< org.apache.pdfbox:rick-major >--------------------
[INFO] Building rick-major 2.0.24
[INFO] --------------------------------[ jar ]---------------------------------
[INFO] 
[INFO] --- maven-clean-plugin:3.0.0:clean (default-clean) @ rick-major ---
[INFO] Deleting /home/dee/dev/rick-major-review/pdfbox/rick-major/target
[INFO] ------------------------------------------------------------------------
[INFO] BUILD SUCCESS
[INFO] ------------------------------------------------------------------------
[INFO] Total time:  1.281 s
[INFO] Finished at: 2023-06-10T19:08:18+02:00
[INFO] ------------------------------------------------------------------------


---------------------------------------------------
[LOG] In experiment directory /home/dee/dev/rick-experiments/mutation-analysis
---------------------------------------------------
[LOG] Restoring original RICK test from ./RandomAccessInputStream.java/original-test.java
[LOG] Invoking cp ./RandomAccessInputStream.java/original-test.java /home/dee/dev/rick-major-review/pdfbox/rick-major/src/test/java/org/apache/pdfbox/io/TestRandomAccessInputStreamRickGenAvailable.java
---------------------------------------------------
[PO] Evaluating only PO
[LOG] Replacing original RICK test with variant po
[LOG] Invoking cp /home/dee/dev/rick-experiments/mutation-analysis/output/available/test-po.java /home/dee/dev/rick-major-review/pdfbox/rick-major/src/test/java/org/apache/pdfbox/io/TestRandomAccessInputStreamRickGenAvailable.java
[LOG] In test module directory /home/dee/dev/rick-major-review/pdfbox/rick-major
[LOG] Invoked tests with ['mvn', 'test', '-Dtest=TestRandomAccessInputStreamRickGenAvailable']
[INFO] Scanning for projects...
[INFO] 
[INFO] --------------------< org.apache.pdfbox:rick-major >--------------------
[INFO] Building rick-major 2.0.24
[INFO] --------------------------------[ jar ]---------------------------------
[INFO] 
[INFO] --- maven-enforcer-plugin:1.4.1:enforce (default) @ rick-major ---
[INFO] 
[INFO] --- maven-enforcer-plugin:1.4.1:enforce (enforce-maven-version) @ rick-major ---
[INFO] 
[INFO] --- maven-remote-resources-plugin:1.5:process (process-resource-bundles) @ rick-major ---
[INFO] 
[INFO] --- maven-resources-plugin:3.0.2:resources (default-resources) @ rick-major ---
[INFO] Using 'UTF-8' encoding to copy filtered resources.
[INFO] Copying 0 resource
[INFO] Copying 3 resources
[INFO] 
[INFO] --- maven-compiler-plugin:3.6.0:compile (default-compile) @ rick-major ---
[INFO] Nothing to compile - all classes are up to date
[INFO] 
[INFO] --- maven-resources-plugin:3.0.2:testResources (default-testResources) @ rick-major ---
[INFO] Using 'UTF-8' encoding to copy filtered resources.
[INFO] Copying 72 resources
[INFO] Copying 3 resources
[INFO] 
[INFO] --- maven-compiler-plugin:3.6.0:testCompile (default-testCompile) @ rick-major ---
[INFO] Changes detected - recompiling the module!
[INFO] Compiling 38 source files to /home/dee/dev/rick-major-review/pdfbox/rick-major/target/test-classes
[INFO] 
[INFO] --- maven-surefire-plugin:2.22.2:test (default-test) @ rick-major ---
[INFO] 
[INFO] -------------------------------------------------------
[INFO]  T E S T S
[INFO] -------------------------------------------------------
[INFO] Running org.apache.pdfbox.io.TestRandomAccessInputStreamRickGenAvailable
[INFO] Tests run: 3, Failures: 0, Errors: 0, Skipped: 0, Time elapsed: 8.839 s - in org.apache.pdfbox.io.TestRandomAccessInputStreamRickGenAvailable
[INFO] 
[INFO] Results:
[INFO] 
[INFO] Tests run: 3, Failures: 0, Errors: 0, Skipped: 0
[INFO] 
[INFO] 
[INFO] --- animal-sniffer-maven-plugin:1.17:check (check-java-version) @ rick-major ---
[INFO] Checking unresolved references to org.codehaus.mojo.signature:java16:1.0
[INFO] ------------------------------------------------------------------------
[INFO] BUILD SUCCESS
[INFO] ------------------------------------------------------------------------
[INFO] Total time:  22.988 s
[INFO] Finished at: 2023-06-10T19:08:45+02:00
[INFO] ------------------------------------------------------------------------

Security framework of XStream not initialized, XStream is probably vulnerable.

---------------------------------------------------
[LOG] Cleaned targets with ['mvn', 'clean']
[INFO] Scanning for projects...
[INFO] 
[INFO] --------------------< org.apache.pdfbox:rick-major >--------------------
[INFO] Building rick-major 2.0.24
[INFO] --------------------------------[ jar ]---------------------------------
[INFO] 
[INFO] --- maven-clean-plugin:3.0.0:clean (default-clean) @ rick-major ---
[INFO] Deleting /home/dee/dev/rick-major-review/pdfbox/rick-major/target
[INFO] ------------------------------------------------------------------------
[INFO] BUILD SUCCESS
[INFO] ------------------------------------------------------------------------
[INFO] Total time:  1.270 s
[INFO] Finished at: 2023-06-10T19:08:50+02:00
[INFO] ------------------------------------------------------------------------


---------------------------------------------------
[LOG] In experiment directory /home/dee/dev/rick-experiments/mutation-analysis
---------------------------------------------------
[LOG] Restoring original RICK test from ./RandomAccessInputStream.java/original-test.java
[LOG] Invoking cp ./RandomAccessInputStream.java/original-test.java /home/dee/dev/rick-major-review/pdfbox/rick-major/src/test/java/org/apache/pdfbox/io/TestRandomAccessInputStreamRickGenAvailable.java
---------------------------------------------------
[CO] Evaluating only CO
[LOG] Replacing original RICK test with variant co
[LOG] Invoking cp /home/dee/dev/rick-experiments/mutation-analysis/output/available/test-co.java /home/dee/dev/rick-major-review/pdfbox/rick-major/src/test/java/org/apache/pdfbox/io/TestRandomAccessInputStreamRickGenAvailable.java
[LOG] In test module directory /home/dee/dev/rick-major-review/pdfbox/rick-major
[LOG] Invoked tests with ['mvn', 'test', '-Dtest=TestRandomAccessInputStreamRickGenAvailable']
[INFO] Scanning for projects...
[INFO] 
[INFO] --------------------< org.apache.pdfbox:rick-major >--------------------
[INFO] Building rick-major 2.0.24
[INFO] --------------------------------[ jar ]---------------------------------
[INFO] 
[INFO] --- maven-enforcer-plugin:1.4.1:enforce (default) @ rick-major ---
[INFO] 
[INFO] --- maven-enforcer-plugin:1.4.1:enforce (enforce-maven-version) @ rick-major ---
[INFO] 
[INFO] --- maven-remote-resources-plugin:1.5:process (process-resource-bundles) @ rick-major ---
[INFO] 
[INFO] --- maven-resources-plugin:3.0.2:resources (default-resources) @ rick-major ---
[INFO] Using 'UTF-8' encoding to copy filtered resources.
[INFO] Copying 0 resource
[INFO] Copying 3 resources
[INFO] 
[INFO] --- maven-compiler-plugin:3.6.0:compile (default-compile) @ rick-major ---
[INFO] Nothing to compile - all classes are up to date
[INFO] 
[INFO] --- maven-resources-plugin:3.0.2:testResources (default-testResources) @ rick-major ---
[INFO] Using 'UTF-8' encoding to copy filtered resources.
[INFO] Copying 72 resources
[INFO] Copying 3 resources
[INFO] 
[INFO] --- maven-compiler-plugin:3.6.0:testCompile (default-testCompile) @ rick-major ---
[INFO] Changes detected - recompiling the module!
[INFO] Compiling 38 source files to /home/dee/dev/rick-major-review/pdfbox/rick-major/target/test-classes
[INFO] 
[INFO] --- maven-surefire-plugin:2.22.2:test (default-test) @ rick-major ---
[INFO] 
[INFO] -------------------------------------------------------
[INFO]  T E S T S
[INFO] -------------------------------------------------------
[INFO] Running org.apache.pdfbox.io.TestRandomAccessInputStreamRickGenAvailable
[INFO] Tests run: 3, Failures: 0, Errors: 0, Skipped: 0, Time elapsed: 8.282 s - in org.apache.pdfbox.io.TestRandomAccessInputStreamRickGenAvailable
[INFO] 
[INFO] Results:
[INFO] 
[INFO] Tests run: 3, Failures: 0, Errors: 0, Skipped: 0
[INFO] 
[INFO] 
[INFO] --- animal-sniffer-maven-plugin:1.17:check (check-java-version) @ rick-major ---
[INFO] Checking unresolved references to org.codehaus.mojo.signature:java16:1.0
[INFO] ------------------------------------------------------------------------
[INFO] BUILD SUCCESS
[INFO] ------------------------------------------------------------------------
[INFO] Total time:  22.216 s
[INFO] Finished at: 2023-06-10T19:09:15+02:00
[INFO] ------------------------------------------------------------------------

Security framework of XStream not initialized, XStream is probably vulnerable.

---------------------------------------------------
[LOG] Cleaned targets with ['mvn', 'clean']
[INFO] Scanning for projects...
[INFO] 
[INFO] --------------------< org.apache.pdfbox:rick-major >--------------------
[INFO] Building rick-major 2.0.24
[INFO] --------------------------------[ jar ]---------------------------------
[INFO] 
[INFO] --- maven-clean-plugin:3.0.0:clean (default-clean) @ rick-major ---
[INFO] Deleting /home/dee/dev/rick-major-review/pdfbox/rick-major/target
[INFO] ------------------------------------------------------------------------
[INFO] BUILD SUCCESS
[INFO] ------------------------------------------------------------------------
[INFO] Total time:  1.250 s
[INFO] Finished at: 2023-06-10T19:09:20+02:00
[INFO] ------------------------------------------------------------------------


---------------------------------------------------
[LOG] In experiment directory /home/dee/dev/rick-experiments/mutation-analysis
---------------------------------------------------
[LOG] Restoring original RICK test from ./RandomAccessInputStream.java/original-test.java
[LOG] Invoking cp ./RandomAccessInputStream.java/original-test.java /home/dee/dev/rick-major-review/pdfbox/rick-major/src/test/java/org/apache/pdfbox/io/TestRandomAccessInputStreamRickGenAvailable.java
---------------------------------------------------
[ALL] Evaluating (OO +) PO + CO
[LOG] Restoring original RICK test from ./RandomAccessInputStream.java/original-test.java
[LOG] Invoking cp ./RandomAccessInputStream.java/original-test.java /home/dee/dev/rick-major-review/pdfbox/rick-major/src/test/java/org/apache/pdfbox/io/TestRandomAccessInputStreamRickGenAvailable.java
[LOG] In test module directory /home/dee/dev/rick-major-review/pdfbox/rick-major
[LOG] Invoked tests with ['mvn', 'test', '-Dtest=TestRandomAccessInputStreamRickGenAvailable']
[INFO] Scanning for projects...
[INFO] 
[INFO] --------------------< org.apache.pdfbox:rick-major >--------------------
[INFO] Building rick-major 2.0.24
[INFO] --------------------------------[ jar ]---------------------------------
[INFO] 
[INFO] --- maven-enforcer-plugin:1.4.1:enforce (default) @ rick-major ---
[INFO] 
[INFO] --- maven-enforcer-plugin:1.4.1:enforce (enforce-maven-version) @ rick-major ---
[INFO] 
[INFO] --- maven-remote-resources-plugin:1.5:process (process-resource-bundles) @ rick-major ---
[INFO] 
[INFO] --- maven-resources-plugin:3.0.2:resources (default-resources) @ rick-major ---
[INFO] Using 'UTF-8' encoding to copy filtered resources.
[INFO] Copying 0 resource
[INFO] Copying 3 resources
[INFO] 
[INFO] --- maven-compiler-plugin:3.6.0:compile (default-compile) @ rick-major ---
[INFO] Nothing to compile - all classes are up to date
[INFO] 
[INFO] --- maven-resources-plugin:3.0.2:testResources (default-testResources) @ rick-major ---
[INFO] Using 'UTF-8' encoding to copy filtered resources.
[INFO] Copying 72 resources
[INFO] Copying 3 resources
[INFO] 
[INFO] --- maven-compiler-plugin:3.6.0:testCompile (default-testCompile) @ rick-major ---
[INFO] Changes detected - recompiling the module!
[INFO] Compiling 38 source files to /home/dee/dev/rick-major-review/pdfbox/rick-major/target/test-classes
[INFO] 
[INFO] --- maven-surefire-plugin:2.22.2:test (default-test) @ rick-major ---
[INFO] 
[INFO] -------------------------------------------------------
[INFO]  T E S T S
[INFO] -------------------------------------------------------
[INFO] Running org.apache.pdfbox.io.TestRandomAccessInputStreamRickGenAvailable
[ERROR] Tests run: 3, Failures: 1, Errors: 0, Skipped: 0, Time elapsed: 7.804 s <<< FAILURE! - in org.apache.pdfbox.io.TestRandomAccessInputStreamRickGenAvailable
[ERROR] test_available_OO_fb6f2cb527054a08a4f54d3c52922d8e  Time elapsed: 4.088 s  <<< FAILURE!
org.opentest4j.AssertionFailedError: expected: <246> but was: <2147483647>
	at org.apache.pdfbox.io.TestRandomAccessInputStreamRickGenAvailable.test_available_OO_fb6f2cb527054a08a4f54d3c52922d8e(TestRandomAccessInputStreamRickGenAvailable.java:60)

[INFO] 
[INFO] Results:
[INFO] 
[ERROR] Failures: 
[ERROR]   TestRandomAccessInputStreamRickGenAvailable.test_available_OO_fb6f2cb527054a08a4f54d3c52922d8e:60 expected: <246> but was: <2147483647>
[INFO] 
[ERROR] Tests run: 3, Failures: 1, Errors: 0, Skipped: 0
[INFO] 
[INFO] ------------------------------------------------------------------------
[INFO] BUILD FAILURE
[INFO] ------------------------------------------------------------------------
[INFO] Total time:  20.486 s
[INFO] Finished at: 2023-06-10T19:09:44+02:00
[INFO] ------------------------------------------------------------------------
[ERROR] Failed to execute goal org.apache.maven.plugins:maven-surefire-plugin:2.22.2:test (default-test) on project rick-major: There are test failures.
[ERROR] 
[ERROR] Please refer to /home/dee/dev/rick-major-review/pdfbox/rick-major/target/surefire-reports for the individual test results.
[ERROR] Please refer to dump files (if any exist) [date].dump, [date]-jvmRun[N].dump and [date].dumpstream.
[ERROR] -> [Help 1]
[ERROR] 
[ERROR] To see the full stack trace of the errors, re-run Maven with the -e switch.
[ERROR] Re-run Maven using the -X switch to enable full debug logging.
[ERROR] 
[ERROR] For more information about the errors and possible solutions, please read the following articles:
[ERROR] [Help 1] http://cwiki.apache.org/confluence/display/MAVEN/MojoFailureException

Security framework of XStream not initialized, XStream is probably vulnerable.

---------------------------------------------------
[LOG] Cleaned targets with ['mvn', 'clean']
[INFO] Scanning for projects...
[INFO] 
[INFO] --------------------< org.apache.pdfbox:rick-major >--------------------
[INFO] Building rick-major 2.0.24
[INFO] --------------------------------[ jar ]---------------------------------
[INFO] 
[INFO] --- maven-clean-plugin:3.0.0:clean (default-clean) @ rick-major ---
[INFO] Deleting /home/dee/dev/rick-major-review/pdfbox/rick-major/target
[INFO] ------------------------------------------------------------------------
[INFO] BUILD SUCCESS
[INFO] ------------------------------------------------------------------------
[INFO] Total time:  1.321 s
[INFO] Finished at: 2023-06-10T19:09:49+02:00
[INFO] ------------------------------------------------------------------------


---------------------------------------------------
[LOG] In experiment directory /home/dee/dev/rick-experiments/mutation-analysis
---------------------------------------------------
---------------------------------------------------
[LOG] Resetting RandomAccessInputStream.java to original
[LOG] Invoking cp ./RandomAccessInputStream.java/original.java /home/dee/dev/rick-major-review/pdfbox/pdfbox/src/main/java/org/apache/pdfbox/io/RandomAccessInputStream.java
---------------------------------------------------
[LOG] Replacing originalRandomAccessInputStream.java with ./RandomAccessInputStream.java/17.java
[LOG] Invoking cp ./RandomAccessInputStream.java/17.java /home/dee/dev/rick-major-review/pdfbox/pdfbox/src/main/java/org/apache/pdfbox/io/RandomAccessInputStream.java
[LOG] Invoked a clean install of the parent module with ['mvn', 'clean', 'install', '-DskipTests']
[INFO] Scanning for projects...
[INFO] 
[INFO] ----------------------< org.apache.pdfbox:pdfbox >----------------------
[INFO] Building Apache PDFBox 2.0.24
[INFO] -------------------------------[ bundle ]-------------------------------
[INFO] 
[INFO] --- maven-clean-plugin:3.0.0:clean (default-clean) @ pdfbox ---
[INFO] Deleting /home/dee/dev/rick-major-review/pdfbox/pdfbox/target
[INFO] 
[INFO] --- maven-enforcer-plugin:1.4.1:enforce (default) @ pdfbox ---
[INFO] 
[INFO] --- maven-enforcer-plugin:1.4.1:enforce (enforce-maven-version) @ pdfbox ---
[INFO] 
[INFO] --- maven-remote-resources-plugin:1.5:process (process-resource-bundles) @ pdfbox ---
[INFO] 
[INFO] --- maven-resources-plugin:3.0.2:resources (default-resources) @ pdfbox ---
[INFO] Using 'UTF-8' encoding to copy filtered resources.
[INFO] Copying 1 resource
[INFO] Copying 21 resources
[INFO] Copying 3 resources
[INFO] 
[INFO] --- maven-compiler-plugin:3.6.0:compile (default-compile) @ pdfbox ---
[INFO] Changes detected - recompiling the module!
[INFO] Compiling 609 source files to /home/dee/dev/rick-major-review/pdfbox/pdfbox/target/classes
[WARNING] To suppress warnings about obsolete options, use -Xlint:-options.
/home/dee/dev/rick-major-review/pdfbox/pdfbox/src/main/java/org/apache/pdfbox/pdmodel/PDDocument.java:[471,96] [deprecation] toList() in COSArrayList has been deprecated
[WARNING] /home/dee/dev/rick-major-review/pdfbox/pdfbox/src/main/java/org/apache/pdfbox/pdmodel/PDDocument.java:[471,45] [deprecation] toList() in COSArrayList has been deprecated
[WARNING] /home/dee/dev/rick-major-review/pdfbox/pdfbox/src/main/java/org/apache/pdfbox/pdmodel/font/PDType3Font.java:[196,17] [deprecation] getHeight(int) in PDFontLike has been deprecated
[WARNING] /home/dee/dev/rick-major-review/pdfbox/pdfbox/src/main/java/org/apache/pdfbox/text/LegacyPDFStreamEngine.java:[152,19] [deprecation] showGlyph(Matrix,PDFont,int,String,Vector) in PDFStreamEngine has been deprecated
[WARNING] /home/dee/dev/rick-major-review/pdfbox/pdfbox/src/main/java/org/apache/pdfbox/pdmodel/font/PDTrueTypeFont.java:[375,17] [deprecation] getHeight(int) in PDFontLike has been deprecated
[WARNING] /home/dee/dev/rick-major-review/pdfbox/pdfbox/src/main/java/org/apache/pdfbox/pdmodel/font/PDType0Font.java:[414,17] [deprecation] getHeight(int) in PDFontLike has been deprecated
[WARNING] /home/dee/dev/rick-major-review/pdfbox/pdfbox/src/main/java/org/apache/pdfbox/pdmodel/font/PDType0Font.java:[416,29] [deprecation] getHeight(int) in PDFontLike has been deprecated
[WARNING] /home/dee/dev/rick-major-review/pdfbox/pdfbox/src/main/java/org/apache/pdfbox/pdmodel/font/TrueTypeEmbedder.java:[120,18] [deprecation] getUnicodeCmap() in TrueTypeFont has been deprecated
[WARNING] /home/dee/dev/rick-major-review/pdfbox/pdfbox/src/main/java/org/apache/pdfbox/pdmodel/font/PDType1Font.java:[395,17] [deprecation] getHeight(int) in PDFontLike has been deprecated
[WARNING] /home/dee/dev/rick-major-review/pdfbox/pdfbox/src/main/java/org/apache/pdfbox/cos/UnmodifiableCOSDictionary.java:[286,16] [deprecation] mergeInto(COSDictionary) in COSDictionary has been deprecated
[WARNING] /home/dee/dev/rick-major-review/pdfbox/pdfbox/src/main/java/org/apache/pdfbox/pdmodel/font/PDCIDFontType0.java:[439,17] [deprecation] getHeight(int) in PDFontLike has been deprecated
[WARNING] /home/dee/dev/rick-major-review/pdfbox/pdfbox/src/main/java/org/apache/pdfbox/pdmodel/font/PDType1CFont.java:[304,17] [deprecation] getHeight(int) in PDFontLike has been deprecated
[WARNING] /home/dee/dev/rick-major-review/pdfbox/pdfbox/src/main/java/org/apache/pdfbox/pdmodel/font/PDCIDFontType2.java:[312,17] [deprecation] getHeight(int) in PDFontLike has been deprecated
[INFO] 
[INFO] --- download-maven-plugin:1.5.1:wget (PDFBOX-1031-1) @ pdfbox ---
[INFO] maven-download-plugin:wget skipped
[INFO] 
[INFO] --- download-maven-plugin:1.5.1:wget (PDFBOX-1031-2) @ pdfbox ---
[INFO] maven-download-plugin:wget skipped
[INFO] 
[INFO] --- download-maven-plugin:1.5.1:wget (PDFBOX-1065-1) @ pdfbox ---
[INFO] maven-download-plugin:wget skipped
[INFO] 
[INFO] --- download-maven-plugin:1.5.1:wget (PDFBOX-1065-2) @ pdfbox ---
[INFO] maven-download-plugin:wget skipped
[INFO] 
[INFO] --- download-maven-plugin:1.5.1:wget (PDFBOX-1100-1) @ pdfbox ---
[INFO] maven-download-plugin:wget skipped
[INFO] 
[INFO] --- download-maven-plugin:1.5.1:wget (PDFBOX-1100-2) @ pdfbox ---
[INFO] maven-download-plugin:wget skipped
[INFO] 
[INFO] --- download-maven-plugin:1.5.1:wget (PDFBOX-3208) @ pdfbox ---
[INFO] maven-download-plugin:wget skipped
[INFO] 
[INFO] --- download-maven-plugin:1.5.1:wget (PDFBOX-3656) @ pdfbox ---
[INFO] maven-download-plugin:wget skipped
[INFO] 
[INFO] --- download-maven-plugin:1.5.1:wget (PDFBOX-3682) @ pdfbox ---
[INFO] maven-download-plugin:wget skipped
[INFO] 
[INFO] --- download-maven-plugin:1.5.1:wget (PDFBOX-3940) @ pdfbox ---
[INFO] maven-download-plugin:wget skipped
[INFO] 
[INFO] --- download-maven-plugin:1.5.1:wget (PDFBOX-3783) @ pdfbox ---
[INFO] maven-download-plugin:wget skipped
[INFO] 
[INFO] --- download-maven-plugin:1.5.1:wget (PDFBOX-3785) @ pdfbox ---
[INFO] maven-download-plugin:wget skipped
[INFO] 
[INFO] --- download-maven-plugin:1.5.1:wget (PDFBOX-3947) @ pdfbox ---
[INFO] maven-download-plugin:wget skipped
[INFO] 
[INFO] --- download-maven-plugin:1.5.1:wget (PDFBOX-3948) @ pdfbox ---
[INFO] maven-download-plugin:wget skipped
[INFO] 
[INFO] --- download-maven-plugin:1.5.1:wget (PDFBOX-3949) @ pdfbox ---
[INFO] maven-download-plugin:wget skipped
[INFO] 
[INFO] --- download-maven-plugin:1.5.1:wget (PDFBOX-3950) @ pdfbox ---
[INFO] maven-download-plugin:wget skipped
[INFO] 
[INFO] --- download-maven-plugin:1.5.1:wget (PDFBOX-3951) @ pdfbox ---
[INFO] maven-download-plugin:wget skipped
[INFO] 
[INFO] --- download-maven-plugin:1.5.1:wget (PDFBOX-3964) @ pdfbox ---
[INFO] maven-download-plugin:wget skipped
[INFO] 
[INFO] --- download-maven-plugin:1.5.1:wget (PDFBOX-3977) @ pdfbox ---
[INFO] maven-download-plugin:wget skipped
[INFO] 
[INFO] --- download-maven-plugin:1.5.1:wget (Genko) @ pdfbox ---
[INFO] maven-download-plugin:wget skipped
[INFO] 
[INFO] --- download-maven-plugin:1.5.1:wget (PDFBOX-3999) @ pdfbox ---
[INFO] maven-download-plugin:wget skipped
[INFO] 
[INFO] --- download-maven-plugin:1.5.1:wget (PDFBOX-4106) @ pdfbox ---
[INFO] maven-download-plugin:wget skipped
[INFO] 
[INFO] --- download-maven-plugin:1.5.1:wget (PDFBOX-4106b) @ pdfbox ---
[INFO] maven-download-plugin:wget skipped
[INFO] 
[INFO] --- download-maven-plugin:1.5.1:wget (PDFBOX-4115) @ pdfbox ---
[INFO] maven-download-plugin:wget skipped
[INFO] 
[INFO] --- download-maven-plugin:1.5.1:wget (PDFBOX-4197) @ pdfbox ---
[INFO] maven-download-plugin:wget skipped
[INFO] 
[INFO] --- download-maven-plugin:1.5.1:wget (PDFBOX-4184) @ pdfbox ---
[INFO] maven-download-plugin:wget skipped
[INFO] 
[INFO] --- download-maven-plugin:1.5.1:wget (PDFBOX-4184-2) @ pdfbox ---
[INFO] maven-download-plugin:wget skipped
[INFO] 
[INFO] --- download-maven-plugin:1.5.1:wget (PDFBOX-4308) @ pdfbox ---
[INFO] maven-download-plugin:wget skipped
[INFO] 
[INFO] --- download-maven-plugin:1.5.1:wget (PDFBOX-4338) @ pdfbox ---
[INFO] maven-download-plugin:wget skipped
[INFO] 
[INFO] --- download-maven-plugin:1.5.1:wget (PDFBOX-4339) @ pdfbox ---
[INFO] maven-download-plugin:wget skipped
[INFO] 
[INFO] --- download-maven-plugin:1.5.1:wget (PDFBOX-4408) @ pdfbox ---
[INFO] maven-download-plugin:wget skipped
[INFO] 
[INFO] --- download-maven-plugin:1.5.1:wget (PDFBOX-4418-1) @ pdfbox ---
[INFO] maven-download-plugin:wget skipped
[INFO] 
[INFO] --- download-maven-plugin:1.5.1:wget (PDFBOX-4418-2) @ pdfbox ---
[INFO] maven-download-plugin:wget skipped
[INFO] 
[INFO] --- download-maven-plugin:1.5.1:wget (PDFBOX-4423) @ pdfbox ---
[INFO] maven-download-plugin:wget skipped
[INFO] 
[INFO] --- download-maven-plugin:1.5.1:wget (PDFBOX-4517) @ pdfbox ---
[INFO] maven-download-plugin:wget skipped
[INFO] 
[INFO] --- download-maven-plugin:1.5.1:wget (PDFBOX-4750) @ pdfbox ---
[INFO] maven-download-plugin:wget skipped
[INFO] 
[INFO] --- download-maven-plugin:1.5.1:wget (PDFBOX-4153) @ pdfbox ---
[INFO] maven-download-plugin:wget skipped
[INFO] 
[INFO] --- download-maven-plugin:1.5.1:wget (PDFBOX-4490) @ pdfbox ---
[INFO] maven-download-plugin:wget skipped
[INFO] 
[INFO] --- download-maven-plugin:1.5.1:wget (PDFBOX-5196) @ pdfbox ---
[INFO] maven-download-plugin:wget skipped
[INFO] 
[INFO] --- maven-resources-plugin:3.0.2:testResources (default-testResources) @ pdfbox ---
[INFO] Using 'UTF-8' encoding to copy filtered resources.
[INFO] Copying 229 resources
[INFO] Copying 3 resources
[INFO] 
[INFO] --- maven-compiler-plugin:3.6.0:testCompile (default-testCompile) @ pdfbox ---
[INFO] Changes detected - recompiling the module!
[INFO] Compiling 115 source files to /home/dee/dev/rick-major-review/pdfbox/pdfbox/target/test-classes
[WARNING] To suppress warnings about obsolete options, use -Xlint:-options.
/home/dee/dev/rick-major-review/pdfbox/pdfbox/src/test/java/org/apache/pdfbox/pdmodel/common/COSArrayListTest.java:[27,22] [deprecation] Assert in junit.framework has been deprecated
[WARNING] /home/dee/dev/rick-major-review/pdfbox/pdfbox/src/test/java/org/apache/pdfbox/pdmodel/interactive/form/PDButtonTest.java:[109,19] [deprecation] setPushButton(boolean) in PDButton has been deprecated
[WARNING] /home/dee/dev/rick-major-review/pdfbox/pdfbox/src/test/java/org/apache/pdfbox/pdmodel/interactive/form/PDButtonTest.java:[125,19] [deprecation] setRadioButton(boolean) in PDButton has been deprecated
[WARNING] /home/dee/dev/rick-major-review/pdfbox/pdfbox/src/test/java/org/apache/pdfbox/io/UnmodifiableCOSDictionaryTest.java:[66,37] [deprecation] mergeInto(COSDictionary) in COSDictionary has been deprecated
[WARNING] /home/dee/dev/rick-major-review/pdfbox/pdfbox/src/test/java/org/apache/pdfbox/pdmodel/TestPDPageContentStream.java:[98,21] [deprecation] setNonStrokingColor(int,int,int) in PDPageContentStream has been deprecated
[WARNING] /home/dee/dev/rick-major-review/pdfbox/pdfbox/src/test/java/org/apache/pdfbox/pdmodel/TestPDPageContentStream.java:[100,21] [deprecation] setNonStrokingColor(int) in PDPageContentStream has been deprecated
[WARNING] /home/dee/dev/rick-major-review/pdfbox/pdfbox/src/test/java/org/apache/pdfbox/pdmodel/TestPDPageContentStream.java:[128,21] [deprecation] setStrokingColor(int,int,int) in PDPageContentStream has been deprecated
[WARNING] /home/dee/dev/rick-major-review/pdfbox/pdfbox/src/test/java/org/apache/pdfbox/pdmodel/TestPDPageContentStream.java:[130,21] [deprecation] setStrokingColor(int) in PDPageContentStream has been deprecated
[WARNING] /home/dee/dev/rick-major-review/pdfbox/pdfbox/src/test/java/org/apache/pdfbox/pdmodel/font/PDFontTest.java:[288,36] [deprecation] getHeight(int) in PDFontLike has been deprecated
[WARNING] /home/dee/dev/rick-major-review/pdfbox/pdfbox/src/test/java/org/apache/pdfbox/pdmodel/PageModeTest.java:[27,55] [deprecation] none() in ExpectedException has been deprecated
[WARNING] /home/dee/dev/rick-major-review/pdfbox/pdfbox/src/test/java/org/apache/pdfbox/cos/TestCOSInteger.java:[106,54] [deprecation] doubleValue() in COSInteger has been deprecated
[WARNING] /home/dee/dev/rick-major-review/pdfbox/pdfbox/src/test/java/org/apache/pdfbox/pdmodel/graphics/state/RenderingIntentTest.java:[27,55] [deprecation] none() in ExpectedException has been deprecated
[WARNING] /home/dee/dev/rick-major-review/pdfbox/pdfbox/src/test/java/org/apache/pdfbox/cos/TestCOSFloat.java:[187,78] [deprecation] doubleValue() in COSFloat has been deprecated
[WARNING] /home/dee/dev/rick-major-review/pdfbox/pdfbox/src/test/java/org/apache/pdfbox/pdmodel/common/COSArrayListTest.java:[46,55] [deprecation] none() in ExpectedException has been deprecated
[WARNING] /home/dee/dev/rick-major-review/pdfbox/pdfbox/src/test/java/org/apache/pdfbox/pdmodel/PageLayoutTest.java:[52,55] [deprecation] none() in ExpectedException has been deprecated
[WARNING] /home/dee/dev/rick-major-review/pdfbox/pdfbox/src/test/java/org/apache/pdfbox/pdfwriter/COSWriterXRefEntryTest.java:[27,55] [deprecation] none() in ExpectedException has been deprecated
[WARNING] /home/dee/dev/rick-major-review/pdfbox/pdfbox/src/test/java/org/apache/pdfbox/util/MatrixTest.java:[180,26] [deprecation] multiply(Matrix,Matrix) in Matrix has been deprecated
[WARNING] /home/dee/dev/rick-major-review/pdfbox/pdfbox/src/test/java/org/apache/pdfbox/util/MatrixTest.java:[189,19] [deprecation] multiply(Matrix,Matrix) in Matrix has been deprecated
[WARNING] /home/dee/dev/rick-major-review/pdfbox/pdfbox/src/test/java/org/apache/pdfbox/util/MatrixTest.java:[199,19] [deprecation] multiply(Matrix,Matrix) in Matrix has been deprecated
[WARNING] /home/dee/dev/rick-major-review/pdfbox/pdfbox/src/test/java/org/apache/pdfbox/util/MatrixTest.java:[208,19] [deprecation] multiply(Matrix,Matrix) in Matrix has been deprecated
[WARNING] /home/dee/dev/rick-major-review/pdfbox/pdfbox/src/test/java/org/apache/pdfbox/util/MatrixTest.java:[218,9] [deprecation] multiply(Matrix,Matrix) in Matrix has been deprecated
[WARNING] /home/dee/dev/rick-major-review/pdfbox/pdfbox/src/test/java/org/apache/pdfbox/util/MatrixTest.java:[226,9] [deprecation] multiply(Matrix,Matrix) in Matrix has been deprecated
[WARNING] /home/dee/dev/rick-major-review/pdfbox/pdfbox/src/test/java/org/apache/pdfbox/util/MatrixTest.java:[234,9] [deprecation] multiply(Matrix,Matrix) in Matrix has been deprecated
[WARNING] /home/dee/dev/rick-major-review/pdfbox/pdfbox/src/test/java/org/apache/pdfbox/util/MatrixTest.java:[242,9] [deprecation] multiply(Matrix,Matrix) in Matrix has been deprecated
[WARNING] /home/dee/dev/rick-major-review/pdfbox/pdfbox/src/test/java/org/apache/pdfbox/cos/COSObjectKeyTest.java:[27,55] [deprecation] none() in ExpectedException has been deprecated
[INFO] 
[INFO] --- maven-surefire-plugin:2.22.2:test (default-test) @ pdfbox ---
[INFO] Tests are skipped.
[INFO] 
[INFO] --- animal-sniffer-maven-plugin:1.17:check (check-java-version) @ pdfbox ---
[INFO] Signature checking is skipped.
[INFO] 
[INFO] --- maven-bundle-plugin:3.5.1:bundle (default-bundle) @ pdfbox ---
[INFO] 
[INFO] --- maven-site-plugin:3.7:attach-descriptor (attach-descriptor) @ pdfbox ---
[INFO] Skipping because packaging 'bundle' is not pom.
[INFO] 
[INFO] >>> maven-source-plugin:3.0.1:jar (attach-sources) > generate-sources @ pdfbox >>>
[INFO] 
[INFO] --- maven-enforcer-plugin:1.4.1:enforce (default) @ pdfbox ---
[INFO] 
[INFO] --- maven-enforcer-plugin:1.4.1:enforce (enforce-maven-version) @ pdfbox ---
[INFO] 
[INFO] <<< maven-source-plugin:3.0.1:jar (attach-sources) < generate-sources @ pdfbox <<<
[INFO] 
[INFO] 
[INFO] --- maven-source-plugin:3.0.1:jar (attach-sources) @ pdfbox ---
[INFO] Building jar: /home/dee/dev/rick-major-review/pdfbox/pdfbox/target/pdfbox-2.0.24-sources.jar
[INFO] 
[INFO] --- maven-install-plugin:2.5.2:install (default-install) @ pdfbox ---
[INFO] Installing /home/dee/dev/rick-major-review/pdfbox/pdfbox/target/pdfbox-2.0.24.jar to /home/dee/.m2/repository/org/apache/pdfbox/pdfbox/2.0.24/pdfbox-2.0.24.jar
[INFO] Installing /home/dee/dev/rick-major-review/pdfbox/pdfbox/pom.xml to /home/dee/.m2/repository/org/apache/pdfbox/pdfbox/2.0.24/pdfbox-2.0.24.pom
[INFO] Installing /home/dee/dev/rick-major-review/pdfbox/pdfbox/target/pdfbox-2.0.24-sources.jar to /home/dee/.m2/repository/org/apache/pdfbox/pdfbox/2.0.24/pdfbox-2.0.24-sources.jar
[INFO] 
[INFO] --- maven-bundle-plugin:3.5.1:install (default-install) @ pdfbox ---
[INFO] Installing org/apache/pdfbox/pdfbox/2.0.24/pdfbox-2.0.24.jar
[INFO] Writing OBR metadata
[INFO] ------------------------------------------------------------------------
[INFO] BUILD SUCCESS
[INFO] ------------------------------------------------------------------------
[INFO] Total time:  42.131 s
[INFO] Finished at: 2023-06-10T19:10:35+02:00
[INFO] ------------------------------------------------------------------------


---------------------------------------------------
[BASELINE] Not evaluating any oracle
[LOG] Replacing original RICK test with variant baseline
[LOG] Invoking cp /home/dee/dev/rick-experiments/mutation-analysis/output/available/test-baseline.java /home/dee/dev/rick-major-review/pdfbox/rick-major/src/test/java/org/apache/pdfbox/io/TestRandomAccessInputStreamRickGenAvailable.java
[LOG] In test module directory /home/dee/dev/rick-major-review/pdfbox/rick-major
[LOG] Invoked tests with ['mvn', 'test', '-Dtest=TestRandomAccessInputStreamRickGenAvailable']
[INFO] Scanning for projects...
[INFO] 
[INFO] --------------------< org.apache.pdfbox:rick-major >--------------------
[INFO] Building rick-major 2.0.24
[INFO] --------------------------------[ jar ]---------------------------------
[INFO] 
[INFO] --- maven-enforcer-plugin:1.4.1:enforce (default) @ rick-major ---
[INFO] 
[INFO] --- maven-enforcer-plugin:1.4.1:enforce (enforce-maven-version) @ rick-major ---
[INFO] 
[INFO] --- maven-remote-resources-plugin:1.5:process (process-resource-bundles) @ rick-major ---
[INFO] 
[INFO] --- maven-resources-plugin:3.0.2:resources (default-resources) @ rick-major ---
[INFO] Using 'UTF-8' encoding to copy filtered resources.
[INFO] Copying 0 resource
[INFO] Copying 3 resources
[INFO] 
[INFO] --- maven-compiler-plugin:3.6.0:compile (default-compile) @ rick-major ---
[INFO] Nothing to compile - all classes are up to date
[INFO] 
[INFO] --- maven-resources-plugin:3.0.2:testResources (default-testResources) @ rick-major ---
[INFO] Using 'UTF-8' encoding to copy filtered resources.
[INFO] Copying 72 resources
[INFO] Copying 3 resources
[INFO] 
[INFO] --- maven-compiler-plugin:3.6.0:testCompile (default-testCompile) @ rick-major ---
[INFO] Changes detected - recompiling the module!
[INFO] Compiling 38 source files to /home/dee/dev/rick-major-review/pdfbox/rick-major/target/test-classes
[INFO] 
[INFO] --- maven-surefire-plugin:2.22.2:test (default-test) @ rick-major ---
[INFO] 
[INFO] -------------------------------------------------------
[INFO]  T E S T S
[INFO] -------------------------------------------------------
[INFO] Running org.apache.pdfbox.io.TestRandomAccessInputStreamRickGenAvailable
[INFO] Tests run: 3, Failures: 0, Errors: 0, Skipped: 0, Time elapsed: 7.524 s - in org.apache.pdfbox.io.TestRandomAccessInputStreamRickGenAvailable
[INFO] 
[INFO] Results:
[INFO] 
[INFO] Tests run: 3, Failures: 0, Errors: 0, Skipped: 0
[INFO] 
[INFO] 
[INFO] --- animal-sniffer-maven-plugin:1.17:check (check-java-version) @ rick-major ---
[INFO] Checking unresolved references to org.codehaus.mojo.signature:java16:1.0
[INFO] ------------------------------------------------------------------------
[INFO] BUILD SUCCESS
[INFO] ------------------------------------------------------------------------
[INFO] Total time:  21.734 s
[INFO] Finished at: 2023-06-10T19:11:01+02:00
[INFO] ------------------------------------------------------------------------

Security framework of XStream not initialized, XStream is probably vulnerable.

---------------------------------------------------
[LOG] Cleaned targets with ['mvn', 'clean']
[INFO] Scanning for projects...
[INFO] 
[INFO] --------------------< org.apache.pdfbox:rick-major >--------------------
[INFO] Building rick-major 2.0.24
[INFO] --------------------------------[ jar ]---------------------------------
[INFO] 
[INFO] --- maven-clean-plugin:3.0.0:clean (default-clean) @ rick-major ---
[INFO] Deleting /home/dee/dev/rick-major-review/pdfbox/rick-major/target
[INFO] ------------------------------------------------------------------------
[INFO] BUILD SUCCESS
[INFO] ------------------------------------------------------------------------
[INFO] Total time:  1.255 s
[INFO] Finished at: 2023-06-10T19:11:06+02:00
[INFO] ------------------------------------------------------------------------


---------------------------------------------------
[LOG] In experiment directory /home/dee/dev/rick-experiments/mutation-analysis
---------------------------------------------------
[LOG] Restoring original RICK test from ./RandomAccessInputStream.java/original-test.java
[LOG] Invoking cp ./RandomAccessInputStream.java/original-test.java /home/dee/dev/rick-major-review/pdfbox/rick-major/src/test/java/org/apache/pdfbox/io/TestRandomAccessInputStreamRickGenAvailable.java
---------------------------------------------------
[OO] Evaluating only OO
[LOG] Replacing original RICK test with variant oo
[LOG] Invoking cp /home/dee/dev/rick-experiments/mutation-analysis/output/available/test-oo.java /home/dee/dev/rick-major-review/pdfbox/rick-major/src/test/java/org/apache/pdfbox/io/TestRandomAccessInputStreamRickGenAvailable.java
[LOG] In test module directory /home/dee/dev/rick-major-review/pdfbox/rick-major
[LOG] Invoked tests with ['mvn', 'test', '-Dtest=TestRandomAccessInputStreamRickGenAvailable']
[INFO] Scanning for projects...
[INFO] 
[INFO] --------------------< org.apache.pdfbox:rick-major >--------------------
[INFO] Building rick-major 2.0.24
[INFO] --------------------------------[ jar ]---------------------------------
[INFO] 
[INFO] --- maven-enforcer-plugin:1.4.1:enforce (default) @ rick-major ---
[INFO] 
[INFO] --- maven-enforcer-plugin:1.4.1:enforce (enforce-maven-version) @ rick-major ---
[INFO] 
[INFO] --- maven-remote-resources-plugin:1.5:process (process-resource-bundles) @ rick-major ---
[INFO] 
[INFO] --- maven-resources-plugin:3.0.2:resources (default-resources) @ rick-major ---
[INFO] Using 'UTF-8' encoding to copy filtered resources.
[INFO] Copying 0 resource
[INFO] Copying 3 resources
[INFO] 
[INFO] --- maven-compiler-plugin:3.6.0:compile (default-compile) @ rick-major ---
[INFO] Nothing to compile - all classes are up to date
[INFO] 
[INFO] --- maven-resources-plugin:3.0.2:testResources (default-testResources) @ rick-major ---
[INFO] Using 'UTF-8' encoding to copy filtered resources.
[INFO] Copying 72 resources
[INFO] Copying 3 resources
[INFO] 
[INFO] --- maven-compiler-plugin:3.6.0:testCompile (default-testCompile) @ rick-major ---
[INFO] Changes detected - recompiling the module!
[INFO] Compiling 38 source files to /home/dee/dev/rick-major-review/pdfbox/rick-major/target/test-classes
[INFO] 
[INFO] --- maven-surefire-plugin:2.22.2:test (default-test) @ rick-major ---
[INFO] 
[INFO] -------------------------------------------------------
[INFO]  T E S T S
[INFO] -------------------------------------------------------
[INFO] Running org.apache.pdfbox.io.TestRandomAccessInputStreamRickGenAvailable
[ERROR] Tests run: 3, Failures: 1, Errors: 0, Skipped: 0, Time elapsed: 7.839 s <<< FAILURE! - in org.apache.pdfbox.io.TestRandomAccessInputStreamRickGenAvailable
[ERROR] test_available_OO_fb6f2cb527054a08a4f54d3c52922d8e  Time elapsed: 4.109 s  <<< FAILURE!
org.opentest4j.AssertionFailedError: expected: <246> but was: <4346>
	at org.apache.pdfbox.io.TestRandomAccessInputStreamRickGenAvailable.test_available_OO_fb6f2cb527054a08a4f54d3c52922d8e(TestRandomAccessInputStreamRickGenAvailable.java:60)

[INFO] 
[INFO] Results:
[INFO] 
[ERROR] Failures: 
[ERROR]   TestRandomAccessInputStreamRickGenAvailable.test_available_OO_fb6f2cb527054a08a4f54d3c52922d8e:60 expected: <246> but was: <4346>
[INFO] 
[ERROR] Tests run: 3, Failures: 1, Errors: 0, Skipped: 0
[INFO] 
[INFO] ------------------------------------------------------------------------
[INFO] BUILD FAILURE
[INFO] ------------------------------------------------------------------------
[INFO] Total time:  19.829 s
[INFO] Finished at: 2023-06-10T19:11:29+02:00
[INFO] ------------------------------------------------------------------------
[ERROR] Failed to execute goal org.apache.maven.plugins:maven-surefire-plugin:2.22.2:test (default-test) on project rick-major: There are test failures.
[ERROR] 
[ERROR] Please refer to /home/dee/dev/rick-major-review/pdfbox/rick-major/target/surefire-reports for the individual test results.
[ERROR] Please refer to dump files (if any exist) [date].dump, [date]-jvmRun[N].dump and [date].dumpstream.
[ERROR] -> [Help 1]
[ERROR] 
[ERROR] To see the full stack trace of the errors, re-run Maven with the -e switch.
[ERROR] Re-run Maven using the -X switch to enable full debug logging.
[ERROR] 
[ERROR] For more information about the errors and possible solutions, please read the following articles:
[ERROR] [Help 1] http://cwiki.apache.org/confluence/display/MAVEN/MojoFailureException

Security framework of XStream not initialized, XStream is probably vulnerable.

---------------------------------------------------
[LOG] Cleaned targets with ['mvn', 'clean']
[INFO] Scanning for projects...
[INFO] 
[INFO] --------------------< org.apache.pdfbox:rick-major >--------------------
[INFO] Building rick-major 2.0.24
[INFO] --------------------------------[ jar ]---------------------------------
[INFO] 
[INFO] --- maven-clean-plugin:3.0.0:clean (default-clean) @ rick-major ---
[INFO] Deleting /home/dee/dev/rick-major-review/pdfbox/rick-major/target
[INFO] ------------------------------------------------------------------------
[INFO] BUILD SUCCESS
[INFO] ------------------------------------------------------------------------
[INFO] Total time:  1.315 s
[INFO] Finished at: 2023-06-10T19:11:34+02:00
[INFO] ------------------------------------------------------------------------


---------------------------------------------------
[LOG] In experiment directory /home/dee/dev/rick-experiments/mutation-analysis
---------------------------------------------------
[LOG] Restoring original RICK test from ./RandomAccessInputStream.java/original-test.java
[LOG] Invoking cp ./RandomAccessInputStream.java/original-test.java /home/dee/dev/rick-major-review/pdfbox/rick-major/src/test/java/org/apache/pdfbox/io/TestRandomAccessInputStreamRickGenAvailable.java
---------------------------------------------------
[PO] Evaluating only PO
[LOG] Replacing original RICK test with variant po
[LOG] Invoking cp /home/dee/dev/rick-experiments/mutation-analysis/output/available/test-po.java /home/dee/dev/rick-major-review/pdfbox/rick-major/src/test/java/org/apache/pdfbox/io/TestRandomAccessInputStreamRickGenAvailable.java
[LOG] In test module directory /home/dee/dev/rick-major-review/pdfbox/rick-major
[LOG] Invoked tests with ['mvn', 'test', '-Dtest=TestRandomAccessInputStreamRickGenAvailable']
[INFO] Scanning for projects...
[INFO] 
[INFO] --------------------< org.apache.pdfbox:rick-major >--------------------
[INFO] Building rick-major 2.0.24
[INFO] --------------------------------[ jar ]---------------------------------
[INFO] 
[INFO] --- maven-enforcer-plugin:1.4.1:enforce (default) @ rick-major ---
[INFO] 
[INFO] --- maven-enforcer-plugin:1.4.1:enforce (enforce-maven-version) @ rick-major ---
[INFO] 
[INFO] --- maven-remote-resources-plugin:1.5:process (process-resource-bundles) @ rick-major ---
[INFO] 
[INFO] --- maven-resources-plugin:3.0.2:resources (default-resources) @ rick-major ---
[INFO] Using 'UTF-8' encoding to copy filtered resources.
[INFO] Copying 0 resource
[INFO] Copying 3 resources
[INFO] 
[INFO] --- maven-compiler-plugin:3.6.0:compile (default-compile) @ rick-major ---
[INFO] Nothing to compile - all classes are up to date
[INFO] 
[INFO] --- maven-resources-plugin:3.0.2:testResources (default-testResources) @ rick-major ---
[INFO] Using 'UTF-8' encoding to copy filtered resources.
[INFO] Copying 72 resources
[INFO] Copying 3 resources
[INFO] 
[INFO] --- maven-compiler-plugin:3.6.0:testCompile (default-testCompile) @ rick-major ---
[INFO] Changes detected - recompiling the module!
[INFO] Compiling 38 source files to /home/dee/dev/rick-major-review/pdfbox/rick-major/target/test-classes
[INFO] 
[INFO] --- maven-surefire-plugin:2.22.2:test (default-test) @ rick-major ---
[INFO] 
[INFO] -------------------------------------------------------
[INFO]  T E S T S
[INFO] -------------------------------------------------------
[INFO] Running org.apache.pdfbox.io.TestRandomAccessInputStreamRickGenAvailable
[INFO] Tests run: 3, Failures: 0, Errors: 0, Skipped: 0, Time elapsed: 7.293 s - in org.apache.pdfbox.io.TestRandomAccessInputStreamRickGenAvailable
[INFO] 
[INFO] Results:
[INFO] 
[INFO] Tests run: 3, Failures: 0, Errors: 0, Skipped: 0
[INFO] 
[INFO] 
[INFO] --- animal-sniffer-maven-plugin:1.17:check (check-java-version) @ rick-major ---
[INFO] Checking unresolved references to org.codehaus.mojo.signature:java16:1.0
[INFO] ------------------------------------------------------------------------
[INFO] BUILD SUCCESS
[INFO] ------------------------------------------------------------------------
[INFO] Total time:  21.074 s
[INFO] Finished at: 2023-06-10T19:11:59+02:00
[INFO] ------------------------------------------------------------------------

Security framework of XStream not initialized, XStream is probably vulnerable.

---------------------------------------------------
[LOG] Cleaned targets with ['mvn', 'clean']
[INFO] Scanning for projects...
[INFO] 
[INFO] --------------------< org.apache.pdfbox:rick-major >--------------------
[INFO] Building rick-major 2.0.24
[INFO] --------------------------------[ jar ]---------------------------------
[INFO] 
[INFO] --- maven-clean-plugin:3.0.0:clean (default-clean) @ rick-major ---
[INFO] Deleting /home/dee/dev/rick-major-review/pdfbox/rick-major/target
[INFO] ------------------------------------------------------------------------
[INFO] BUILD SUCCESS
[INFO] ------------------------------------------------------------------------
[INFO] Total time:  1.400 s
[INFO] Finished at: 2023-06-10T19:12:03+02:00
[INFO] ------------------------------------------------------------------------


---------------------------------------------------
[LOG] In experiment directory /home/dee/dev/rick-experiments/mutation-analysis
---------------------------------------------------
[LOG] Restoring original RICK test from ./RandomAccessInputStream.java/original-test.java
[LOG] Invoking cp ./RandomAccessInputStream.java/original-test.java /home/dee/dev/rick-major-review/pdfbox/rick-major/src/test/java/org/apache/pdfbox/io/TestRandomAccessInputStreamRickGenAvailable.java
---------------------------------------------------
[CO] Evaluating only CO
[LOG] Replacing original RICK test with variant co
[LOG] Invoking cp /home/dee/dev/rick-experiments/mutation-analysis/output/available/test-co.java /home/dee/dev/rick-major-review/pdfbox/rick-major/src/test/java/org/apache/pdfbox/io/TestRandomAccessInputStreamRickGenAvailable.java
[LOG] In test module directory /home/dee/dev/rick-major-review/pdfbox/rick-major
[LOG] Invoked tests with ['mvn', 'test', '-Dtest=TestRandomAccessInputStreamRickGenAvailable']
[INFO] Scanning for projects...
[INFO] 
[INFO] --------------------< org.apache.pdfbox:rick-major >--------------------
[INFO] Building rick-major 2.0.24
[INFO] --------------------------------[ jar ]---------------------------------
[INFO] 
[INFO] --- maven-enforcer-plugin:1.4.1:enforce (default) @ rick-major ---
[INFO] 
[INFO] --- maven-enforcer-plugin:1.4.1:enforce (enforce-maven-version) @ rick-major ---
[INFO] 
[INFO] --- maven-remote-resources-plugin:1.5:process (process-resource-bundles) @ rick-major ---
[INFO] 
[INFO] --- maven-resources-plugin:3.0.2:resources (default-resources) @ rick-major ---
[INFO] Using 'UTF-8' encoding to copy filtered resources.
[INFO] Copying 0 resource
[INFO] Copying 3 resources
[INFO] 
[INFO] --- maven-compiler-plugin:3.6.0:compile (default-compile) @ rick-major ---
[INFO] Nothing to compile - all classes are up to date
[INFO] 
[INFO] --- maven-resources-plugin:3.0.2:testResources (default-testResources) @ rick-major ---
[INFO] Using 'UTF-8' encoding to copy filtered resources.
[INFO] Copying 72 resources
[INFO] Copying 3 resources
[INFO] 
[INFO] --- maven-compiler-plugin:3.6.0:testCompile (default-testCompile) @ rick-major ---
[INFO] Changes detected - recompiling the module!
[INFO] Compiling 38 source files to /home/dee/dev/rick-major-review/pdfbox/rick-major/target/test-classes
[INFO] 
[INFO] --- maven-surefire-plugin:2.22.2:test (default-test) @ rick-major ---
[INFO] 
[INFO] -------------------------------------------------------
[INFO]  T E S T S
[INFO] -------------------------------------------------------
[INFO] Running org.apache.pdfbox.io.TestRandomAccessInputStreamRickGenAvailable
[INFO] Tests run: 3, Failures: 0, Errors: 0, Skipped: 0, Time elapsed: 7.64 s - in org.apache.pdfbox.io.TestRandomAccessInputStreamRickGenAvailable
[INFO] 
[INFO] Results:
[INFO] 
[INFO] Tests run: 3, Failures: 0, Errors: 0, Skipped: 0
[INFO] 
[INFO] 
[INFO] --- animal-sniffer-maven-plugin:1.17:check (check-java-version) @ rick-major ---
[INFO] Checking unresolved references to org.codehaus.mojo.signature:java16:1.0
[INFO] ------------------------------------------------------------------------
[INFO] BUILD SUCCESS
[INFO] ------------------------------------------------------------------------
[INFO] Total time:  21.890 s
[INFO] Finished at: 2023-06-10T19:12:29+02:00
[INFO] ------------------------------------------------------------------------

Security framework of XStream not initialized, XStream is probably vulnerable.

---------------------------------------------------
[LOG] Cleaned targets with ['mvn', 'clean']
[INFO] Scanning for projects...
[INFO] 
[INFO] --------------------< org.apache.pdfbox:rick-major >--------------------
[INFO] Building rick-major 2.0.24
[INFO] --------------------------------[ jar ]---------------------------------
[INFO] 
[INFO] --- maven-clean-plugin:3.0.0:clean (default-clean) @ rick-major ---
[INFO] Deleting /home/dee/dev/rick-major-review/pdfbox/rick-major/target
[INFO] ------------------------------------------------------------------------
[INFO] BUILD SUCCESS
[INFO] ------------------------------------------------------------------------
[INFO] Total time:  1.330 s
[INFO] Finished at: 2023-06-10T19:12:34+02:00
[INFO] ------------------------------------------------------------------------


---------------------------------------------------
[LOG] In experiment directory /home/dee/dev/rick-experiments/mutation-analysis
---------------------------------------------------
[LOG] Restoring original RICK test from ./RandomAccessInputStream.java/original-test.java
[LOG] Invoking cp ./RandomAccessInputStream.java/original-test.java /home/dee/dev/rick-major-review/pdfbox/rick-major/src/test/java/org/apache/pdfbox/io/TestRandomAccessInputStreamRickGenAvailable.java
---------------------------------------------------
[ALL] Evaluating (OO +) PO + CO
[LOG] Restoring original RICK test from ./RandomAccessInputStream.java/original-test.java
[LOG] Invoking cp ./RandomAccessInputStream.java/original-test.java /home/dee/dev/rick-major-review/pdfbox/rick-major/src/test/java/org/apache/pdfbox/io/TestRandomAccessInputStreamRickGenAvailable.java
[LOG] In test module directory /home/dee/dev/rick-major-review/pdfbox/rick-major
[LOG] Invoked tests with ['mvn', 'test', '-Dtest=TestRandomAccessInputStreamRickGenAvailable']
[INFO] Scanning for projects...
[INFO] 
[INFO] --------------------< org.apache.pdfbox:rick-major >--------------------
[INFO] Building rick-major 2.0.24
[INFO] --------------------------------[ jar ]---------------------------------
[INFO] 
[INFO] --- maven-enforcer-plugin:1.4.1:enforce (default) @ rick-major ---
[INFO] 
[INFO] --- maven-enforcer-plugin:1.4.1:enforce (enforce-maven-version) @ rick-major ---
[INFO] 
[INFO] --- maven-remote-resources-plugin:1.5:process (process-resource-bundles) @ rick-major ---
[INFO] 
[INFO] --- maven-resources-plugin:3.0.2:resources (default-resources) @ rick-major ---
[INFO] Using 'UTF-8' encoding to copy filtered resources.
[INFO] Copying 0 resource
[INFO] Copying 3 resources
[INFO] 
[INFO] --- maven-compiler-plugin:3.6.0:compile (default-compile) @ rick-major ---
[INFO] Nothing to compile - all classes are up to date
[INFO] 
[INFO] --- maven-resources-plugin:3.0.2:testResources (default-testResources) @ rick-major ---
[INFO] Using 'UTF-8' encoding to copy filtered resources.
[INFO] Copying 72 resources
[INFO] Copying 3 resources
[INFO] 
[INFO] --- maven-compiler-plugin:3.6.0:testCompile (default-testCompile) @ rick-major ---
[INFO] Changes detected - recompiling the module!
[INFO] Compiling 38 source files to /home/dee/dev/rick-major-review/pdfbox/rick-major/target/test-classes
[INFO] 
[INFO] --- maven-surefire-plugin:2.22.2:test (default-test) @ rick-major ---
[INFO] 
[INFO] -------------------------------------------------------
[INFO]  T E S T S
[INFO] -------------------------------------------------------
[INFO] Running org.apache.pdfbox.io.TestRandomAccessInputStreamRickGenAvailable
[ERROR] Tests run: 3, Failures: 1, Errors: 0, Skipped: 0, Time elapsed: 7.554 s <<< FAILURE! - in org.apache.pdfbox.io.TestRandomAccessInputStreamRickGenAvailable
[ERROR] test_available_OO_fb6f2cb527054a08a4f54d3c52922d8e  Time elapsed: 4.063 s  <<< FAILURE!
org.opentest4j.AssertionFailedError: expected: <246> but was: <4346>
	at org.apache.pdfbox.io.TestRandomAccessInputStreamRickGenAvailable.test_available_OO_fb6f2cb527054a08a4f54d3c52922d8e(TestRandomAccessInputStreamRickGenAvailable.java:60)

[INFO] 
[INFO] Results:
[INFO] 
[ERROR] Failures: 
[ERROR]   TestRandomAccessInputStreamRickGenAvailable.test_available_OO_fb6f2cb527054a08a4f54d3c52922d8e:60 expected: <246> but was: <4346>
[INFO] 
[ERROR] Tests run: 3, Failures: 1, Errors: 0, Skipped: 0
[INFO] 
[INFO] ------------------------------------------------------------------------
[INFO] BUILD FAILURE
[INFO] ------------------------------------------------------------------------
[INFO] Total time:  19.979 s
[INFO] Finished at: 2023-06-10T19:12:57+02:00
[INFO] ------------------------------------------------------------------------
[ERROR] Failed to execute goal org.apache.maven.plugins:maven-surefire-plugin:2.22.2:test (default-test) on project rick-major: There are test failures.
[ERROR] 
[ERROR] Please refer to /home/dee/dev/rick-major-review/pdfbox/rick-major/target/surefire-reports for the individual test results.
[ERROR] Please refer to dump files (if any exist) [date].dump, [date]-jvmRun[N].dump and [date].dumpstream.
[ERROR] -> [Help 1]
[ERROR] 
[ERROR] To see the full stack trace of the errors, re-run Maven with the -e switch.
[ERROR] Re-run Maven using the -X switch to enable full debug logging.
[ERROR] 
[ERROR] For more information about the errors and possible solutions, please read the following articles:
[ERROR] [Help 1] http://cwiki.apache.org/confluence/display/MAVEN/MojoFailureException

Security framework of XStream not initialized, XStream is probably vulnerable.

---------------------------------------------------
[LOG] Cleaned targets with ['mvn', 'clean']
[INFO] Scanning for projects...
[INFO] 
[INFO] --------------------< org.apache.pdfbox:rick-major >--------------------
[INFO] Building rick-major 2.0.24
[INFO] --------------------------------[ jar ]---------------------------------
[INFO] 
[INFO] --- maven-clean-plugin:3.0.0:clean (default-clean) @ rick-major ---
[INFO] Deleting /home/dee/dev/rick-major-review/pdfbox/rick-major/target
[INFO] ------------------------------------------------------------------------
[INFO] BUILD SUCCESS
[INFO] ------------------------------------------------------------------------
[INFO] Total time:  1.270 s
[INFO] Finished at: 2023-06-10T19:13:02+02:00
[INFO] ------------------------------------------------------------------------


---------------------------------------------------
[LOG] In experiment directory /home/dee/dev/rick-experiments/mutation-analysis
---------------------------------------------------
---------------------------------------------------
[LOG] Resetting RandomAccessInputStream.java to original
[LOG] Invoking cp ./RandomAccessInputStream.java/original.java /home/dee/dev/rick-major-review/pdfbox/pdfbox/src/main/java/org/apache/pdfbox/io/RandomAccessInputStream.java
---------------------------------------------------
[LOG] Copying littledarwin mutants to /home/dee/dev/rick-experiments/mutation-analysis/output/available/
[LOG] Invoked copying with ['cp', '-r', '/home/dee/dev/rick-experiments/mutation-analysis/RandomAccessInputStream.java', '/home/dee/dev/rick-experiments/mutation-analysis/output/available/']


---------------------------------------------------
[LOG] Finishing analysis at 2023-06-10 19:13:02.536327
====== END OF THE LINE ======
