[LOG] Initiating analysis at 2023-06-11 08:11:16.892923
---------------------------------------------------
[LOG] Removing pre-existing mutants from current working directory
[LOG] Cleaning up LittleDarwin results
---------------------------------------------------
[LOG] Working with visitFromName_COSName
[LOG] Generating mutants for its parent COSWriter.java
---------------------------------------------------
[LOG] Running littledarwin on /home/dee/dev/rick-major-review/pdfbox/pdfbox/src/main/java/org/apache/pdfbox/pdfwriter/
[LOG] Invoked LitteDarwin with ['python3', '-m', 'littledarwin', '-m', '-v', '-p', '/home/dee/dev/rick-major-review/pdfbox/pdfbox/src/main/java/org/apache/pdfbox/pdfwriter/', '--all']

    __     _  __   __   __       ____                          _
   / /    (_)/ /_ / /_ / /___   / __ \ ____ _ _____ _      __ (_)____
  / /    / // __// __// // _ \ / / / // __ `// ___/| | /| / // // __ \
 / /___ / // /_ / /_ / //  __// /_/ // /_/ // /    | |/ |/ // // / / /
/_____//_/ \__/ \__//_/ \___//_____/ \__,_//_/     |__/|__//_//_/ /_/

      _                     _                 ___
     /_|  /|/|  _/__/'     /_|   _ /   _ ' _ (_  _ _ _  _      _ /
    (  | /   |(//(///()/) (  |/)(/((/_) /_)  /  / (///)(-((/()/ /(
                                  /


    LittleDarwin version 0.10.7 Copyright (C) 2014-2020 Ali Parsai

    LittleDarwin comes with ABSOLUTELY NO WARRANTY.
    This is free software, and you are welcome to redistribute it
    under certain conditions; run LittleDarwin --license for details.

    
Source Path:  /home/dee/dev/rick-major-review/pdfbox/pdfbox/src/main/java/org/apache/pdfbox/pdfwriter
Target Path:  /home/dee/anaconda3/lib/python3.8/site-packages/littledarwin/LittleDarwinResults
Creating Mutation Database:  /home/dee/anaconda3/lib/python3.8/site-packages/littledarwin/LittleDarwinResults/mutationdatabase

(1/4) Source file:  /home/dee/dev/rick-major-review/pdfbox/pdfbox/src/main/java/org/apache/pdfbox/pdfwriter/COSWriter.java
ANTLR runtime and generated code versions disagree: 4.13.0!=4.10.1
ANTLR runtime and generated code versions disagree: 4.13.0!=4.10.1
--> Mutations found:  319
----> ArithmeticOperatorReplacementBinary : 32
----> ConditionalOperatorDeletion : 18
----> NullifyInputVariable : 34
----> ArithmeticOperatorReplacementUnary : 6
----> NullifyReturnValue : 17
----> AssignmentOperatorReplacementShortcut : 1
----> NullifyObjectInitialization : 31
----> RemoveNullCheck : 36
----> ConditionalOperatorReplacement : 29
----> RemoveMethod : 51
----> RelationalOperatorReplacement : 59
----> ArithmeticOperatorReplacementShortcut : 5

(2/4) Source file:  /home/dee/dev/rick-major-review/pdfbox/pdfbox/src/main/java/org/apache/pdfbox/pdfwriter/ContentStreamWriter.java
ANTLR runtime and generated code versions disagree: 4.13.0!=4.10.1
ANTLR runtime and generated code versions disagree: 4.13.0!=4.10.1
--> Mutations found:  15
----> NullifyInputVariable : 5
----> NullifyObjectInitialization : 1
----> RemoveNullCheck : 1
----> RemoveMethod : 5
----> RelationalOperatorReplacement : 2
----> ArithmeticOperatorReplacementShortcut : 1

(3/4) Source file:  /home/dee/dev/rick-major-review/pdfbox/pdfbox/src/main/java/org/apache/pdfbox/pdfwriter/COSWriterXRefEntry.java
ANTLR runtime and generated code versions disagree: 4.13.0!=4.10.1
ANTLR runtime and generated code versions disagree: 4.13.0!=4.10.1
--> Mutations found:  27
----> NullifyInputVariable : 3
----> ArithmeticOperatorReplacementUnary : 2
----> NullifyReturnValue : 3
----> NullifyObjectInitialization : 2
----> RemoveNullCheck : 1
----> RemoveMethod : 13
----> RelationalOperatorReplacement : 3

(4/4) Source file:  /home/dee/dev/rick-major-review/pdfbox/pdfbox/src/main/java/org/apache/pdfbox/pdfwriter/COSStandardOutputStream.java
ANTLR runtime and generated code versions disagree: 4.13.0!=4.10.1
ANTLR runtime and generated code versions disagree: 4.13.0!=4.10.1
--> Mutations found:  13
----> ConditionalOperatorDeletion : 1
----> AssignmentOperatorReplacementShortcut : 1
----> RemoveMethod : 10
----> ArithmeticOperatorReplacementShortcut : 1

Total mutations found:  374
--> ArithmeticOperatorReplacementBinary: 32
--> ConditionalOperatorDeletion: 19
--> NullifyInputVariable: 42
--> ArithmeticOperatorReplacementUnary: 8
--> NullifyReturnValue: 20
--> AssignmentOperatorReplacementShortcut: 2
--> NullifyObjectInitialization: 34
--> RemoveNullCheck: 38
--> ConditionalOperatorReplacement: 29
--> RemoveMethod: 79
--> RelationalOperatorReplacement: 64
--> ArithmeticOperatorReplacementShortcut: 7


---------------------------------------------------
[LOG] Copying mutants of COSWriter.java
---------------------------------------------------
[LOG] Generated 319 mutants
---------------------------------------------------
[LOG] Backing up original RICK test as ./COSWriter.java/original-test.java
[LOG] Invoking cp /home/dee/dev/rick-major-review/pdfbox/rick-major/src/test/java/org/apache/pdfbox/pdfwriter/TestCOSWriterRickGenVisitFromName.java ./COSWriter.java/original-test.java
---------------------------------------------------
[LOG] Generating variants of original RICK test
[LOG] Modifying /home/dee/dev/rick-experiments/mutation-analysis/output/visitFromName_COSName/test-baseline.java
[LOG] Created baseline test at /home/dee/dev/rick-experiments/mutation-analysis/output/visitFromName_COSName/test-baseline.java
[LOG] Modifying /home/dee/dev/rick-experiments/mutation-analysis/output/visitFromName_COSName/test-po.java
[LOG] Created PO test at /home/dee/dev/rick-experiments/mutation-analysis/output/visitFromName_COSName/test-po.java
[LOG] Modifying /home/dee/dev/rick-experiments/mutation-analysis/output/visitFromName_COSName/test-co.java
[LOG] Created CO test at /home/dee/dev/rick-experiments/mutation-analysis/output/visitFromName_COSName/test-co.java
[LOG] Created test with all oracles at /home/dee/dev/rick-experiments/mutation-analysis/output/visitFromName_COSName/test-all.java
---------------------------------------------------
[LOG] Replacing originalCOSWriter.java with ./COSWriter.java/216.java
[LOG] Invoking cp ./COSWriter.java/216.java /home/dee/dev/rick-major-review/pdfbox/pdfbox/src/main/java/org/apache/pdfbox/pdfwriter/COSWriter.java
[LOG] Invoked a clean install of the parent module with ['mvn', 'clean', 'install', '-DskipTests']
[INFO] Scanning for projects...
[INFO] 
[INFO] ----------------------< org.apache.pdfbox:pdfbox >----------------------
[INFO] Building Apache PDFBox 2.0.24
[INFO] -------------------------------[ bundle ]-------------------------------
[INFO] 
[INFO] --- maven-clean-plugin:3.0.0:clean (default-clean) @ pdfbox ---
[INFO] Deleting /home/dee/dev/rick-major-review/pdfbox/pdfbox/target
[INFO] 
[INFO] --- maven-enforcer-plugin:1.4.1:enforce (default) @ pdfbox ---
[INFO] 
[INFO] --- maven-enforcer-plugin:1.4.1:enforce (enforce-maven-version) @ pdfbox ---
[INFO] 
[INFO] --- maven-remote-resources-plugin:1.5:process (process-resource-bundles) @ pdfbox ---
[INFO] 
[INFO] --- maven-resources-plugin:3.0.2:resources (default-resources) @ pdfbox ---
[INFO] Using 'UTF-8' encoding to copy filtered resources.
[INFO] Copying 1 resource
[INFO] Copying 21 resources
[INFO] Copying 3 resources
[INFO] 
[INFO] --- maven-compiler-plugin:3.6.0:compile (default-compile) @ pdfbox ---
[INFO] Changes detected - recompiling the module!
[INFO] Compiling 609 source files to /home/dee/dev/rick-major-review/pdfbox/pdfbox/target/classes
[WARNING] To suppress warnings about obsolete options, use -Xlint:-options.
/home/dee/dev/rick-major-review/pdfbox/pdfbox/src/main/java/org/apache/pdfbox/pdmodel/PDDocument.java:[471,96] [deprecation] toList() in COSArrayList has been deprecated
[WARNING] /home/dee/dev/rick-major-review/pdfbox/pdfbox/src/main/java/org/apache/pdfbox/pdmodel/PDDocument.java:[471,45] [deprecation] toList() in COSArrayList has been deprecated
[WARNING] /home/dee/dev/rick-major-review/pdfbox/pdfbox/src/main/java/org/apache/pdfbox/pdmodel/font/PDType3Font.java:[196,17] [deprecation] getHeight(int) in PDFontLike has been deprecated
[WARNING] /home/dee/dev/rick-major-review/pdfbox/pdfbox/src/main/java/org/apache/pdfbox/text/LegacyPDFStreamEngine.java:[152,19] [deprecation] showGlyph(Matrix,PDFont,int,String,Vector) in PDFStreamEngine has been deprecated
[WARNING] /home/dee/dev/rick-major-review/pdfbox/pdfbox/src/main/java/org/apache/pdfbox/pdmodel/font/PDTrueTypeFont.java:[375,17] [deprecation] getHeight(int) in PDFontLike has been deprecated
[WARNING] /home/dee/dev/rick-major-review/pdfbox/pdfbox/src/main/java/org/apache/pdfbox/pdmodel/font/PDType0Font.java:[414,17] [deprecation] getHeight(int) in PDFontLike has been deprecated
[WARNING] /home/dee/dev/rick-major-review/pdfbox/pdfbox/src/main/java/org/apache/pdfbox/pdmodel/font/PDType0Font.java:[416,29] [deprecation] getHeight(int) in PDFontLike has been deprecated
[WARNING] /home/dee/dev/rick-major-review/pdfbox/pdfbox/src/main/java/org/apache/pdfbox/pdmodel/font/TrueTypeEmbedder.java:[120,18] [deprecation] getUnicodeCmap() in TrueTypeFont has been deprecated
[WARNING] /home/dee/dev/rick-major-review/pdfbox/pdfbox/src/main/java/org/apache/pdfbox/pdmodel/font/PDType1Font.java:[395,17] [deprecation] getHeight(int) in PDFontLike has been deprecated
[WARNING] /home/dee/dev/rick-major-review/pdfbox/pdfbox/src/main/java/org/apache/pdfbox/cos/UnmodifiableCOSDictionary.java:[286,16] [deprecation] mergeInto(COSDictionary) in COSDictionary has been deprecated
[WARNING] /home/dee/dev/rick-major-review/pdfbox/pdfbox/src/main/java/org/apache/pdfbox/pdmodel/font/PDCIDFontType0.java:[439,17] [deprecation] getHeight(int) in PDFontLike has been deprecated
[WARNING] /home/dee/dev/rick-major-review/pdfbox/pdfbox/src/main/java/org/apache/pdfbox/pdmodel/font/PDType1CFont.java:[304,17] [deprecation] getHeight(int) in PDFontLike has been deprecated
[WARNING] /home/dee/dev/rick-major-review/pdfbox/pdfbox/src/main/java/org/apache/pdfbox/pdmodel/font/PDCIDFontType2.java:[312,17] [deprecation] getHeight(int) in PDFontLike has been deprecated
[INFO] 
[INFO] --- download-maven-plugin:1.5.1:wget (PDFBOX-1031-1) @ pdfbox ---
[INFO] maven-download-plugin:wget skipped
[INFO] 
[INFO] --- download-maven-plugin:1.5.1:wget (PDFBOX-1031-2) @ pdfbox ---
[INFO] maven-download-plugin:wget skipped
[INFO] 
[INFO] --- download-maven-plugin:1.5.1:wget (PDFBOX-1065-1) @ pdfbox ---
[INFO] maven-download-plugin:wget skipped
[INFO] 
[INFO] --- download-maven-plugin:1.5.1:wget (PDFBOX-1065-2) @ pdfbox ---
[INFO] maven-download-plugin:wget skipped
[INFO] 
[INFO] --- download-maven-plugin:1.5.1:wget (PDFBOX-1100-1) @ pdfbox ---
[INFO] maven-download-plugin:wget skipped
[INFO] 
[INFO] --- download-maven-plugin:1.5.1:wget (PDFBOX-1100-2) @ pdfbox ---
[INFO] maven-download-plugin:wget skipped
[INFO] 
[INFO] --- download-maven-plugin:1.5.1:wget (PDFBOX-3208) @ pdfbox ---
[INFO] maven-download-plugin:wget skipped
[INFO] 
[INFO] --- download-maven-plugin:1.5.1:wget (PDFBOX-3656) @ pdfbox ---
[INFO] maven-download-plugin:wget skipped
[INFO] 
[INFO] --- download-maven-plugin:1.5.1:wget (PDFBOX-3682) @ pdfbox ---
[INFO] maven-download-plugin:wget skipped
[INFO] 
[INFO] --- download-maven-plugin:1.5.1:wget (PDFBOX-3940) @ pdfbox ---
[INFO] maven-download-plugin:wget skipped
[INFO] 
[INFO] --- download-maven-plugin:1.5.1:wget (PDFBOX-3783) @ pdfbox ---
[INFO] maven-download-plugin:wget skipped
[INFO] 
[INFO] --- download-maven-plugin:1.5.1:wget (PDFBOX-3785) @ pdfbox ---
[INFO] maven-download-plugin:wget skipped
[INFO] 
[INFO] --- download-maven-plugin:1.5.1:wget (PDFBOX-3947) @ pdfbox ---
[INFO] maven-download-plugin:wget skipped
[INFO] 
[INFO] --- download-maven-plugin:1.5.1:wget (PDFBOX-3948) @ pdfbox ---
[INFO] maven-download-plugin:wget skipped
[INFO] 
[INFO] --- download-maven-plugin:1.5.1:wget (PDFBOX-3949) @ pdfbox ---
[INFO] maven-download-plugin:wget skipped
[INFO] 
[INFO] --- download-maven-plugin:1.5.1:wget (PDFBOX-3950) @ pdfbox ---
[INFO] maven-download-plugin:wget skipped
[INFO] 
[INFO] --- download-maven-plugin:1.5.1:wget (PDFBOX-3951) @ pdfbox ---
[INFO] maven-download-plugin:wget skipped
[INFO] 
[INFO] --- download-maven-plugin:1.5.1:wget (PDFBOX-3964) @ pdfbox ---
[INFO] maven-download-plugin:wget skipped
[INFO] 
[INFO] --- download-maven-plugin:1.5.1:wget (PDFBOX-3977) @ pdfbox ---
[INFO] maven-download-plugin:wget skipped
[INFO] 
[INFO] --- download-maven-plugin:1.5.1:wget (Genko) @ pdfbox ---
[INFO] maven-download-plugin:wget skipped
[INFO] 
[INFO] --- download-maven-plugin:1.5.1:wget (PDFBOX-3999) @ pdfbox ---
[INFO] maven-download-plugin:wget skipped
[INFO] 
[INFO] --- download-maven-plugin:1.5.1:wget (PDFBOX-4106) @ pdfbox ---
[INFO] maven-download-plugin:wget skipped
[INFO] 
[INFO] --- download-maven-plugin:1.5.1:wget (PDFBOX-4106b) @ pdfbox ---
[INFO] maven-download-plugin:wget skipped
[INFO] 
[INFO] --- download-maven-plugin:1.5.1:wget (PDFBOX-4115) @ pdfbox ---
[INFO] maven-download-plugin:wget skipped
[INFO] 
[INFO] --- download-maven-plugin:1.5.1:wget (PDFBOX-4197) @ pdfbox ---
[INFO] maven-download-plugin:wget skipped
[INFO] 
[INFO] --- download-maven-plugin:1.5.1:wget (PDFBOX-4184) @ pdfbox ---
[INFO] maven-download-plugin:wget skipped
[INFO] 
[INFO] --- download-maven-plugin:1.5.1:wget (PDFBOX-4184-2) @ pdfbox ---
[INFO] maven-download-plugin:wget skipped
[INFO] 
[INFO] --- download-maven-plugin:1.5.1:wget (PDFBOX-4308) @ pdfbox ---
[INFO] maven-download-plugin:wget skipped
[INFO] 
[INFO] --- download-maven-plugin:1.5.1:wget (PDFBOX-4338) @ pdfbox ---
[INFO] maven-download-plugin:wget skipped
[INFO] 
[INFO] --- download-maven-plugin:1.5.1:wget (PDFBOX-4339) @ pdfbox ---
[INFO] maven-download-plugin:wget skipped
[INFO] 
[INFO] --- download-maven-plugin:1.5.1:wget (PDFBOX-4408) @ pdfbox ---
[INFO] maven-download-plugin:wget skipped
[INFO] 
[INFO] --- download-maven-plugin:1.5.1:wget (PDFBOX-4418-1) @ pdfbox ---
[INFO] maven-download-plugin:wget skipped
[INFO] 
[INFO] --- download-maven-plugin:1.5.1:wget (PDFBOX-4418-2) @ pdfbox ---
[INFO] maven-download-plugin:wget skipped
[INFO] 
[INFO] --- download-maven-plugin:1.5.1:wget (PDFBOX-4423) @ pdfbox ---
[INFO] maven-download-plugin:wget skipped
[INFO] 
[INFO] --- download-maven-plugin:1.5.1:wget (PDFBOX-4517) @ pdfbox ---
[INFO] maven-download-plugin:wget skipped
[INFO] 
[INFO] --- download-maven-plugin:1.5.1:wget (PDFBOX-4750) @ pdfbox ---
[INFO] maven-download-plugin:wget skipped
[INFO] 
[INFO] --- download-maven-plugin:1.5.1:wget (PDFBOX-4153) @ pdfbox ---
[INFO] maven-download-plugin:wget skipped
[INFO] 
[INFO] --- download-maven-plugin:1.5.1:wget (PDFBOX-4490) @ pdfbox ---
[INFO] maven-download-plugin:wget skipped
[INFO] 
[INFO] --- download-maven-plugin:1.5.1:wget (PDFBOX-5196) @ pdfbox ---
[INFO] maven-download-plugin:wget skipped
[INFO] 
[INFO] --- maven-resources-plugin:3.0.2:testResources (default-testResources) @ pdfbox ---
[INFO] Using 'UTF-8' encoding to copy filtered resources.
[INFO] Copying 229 resources
[INFO] Copying 3 resources
[INFO] 
[INFO] --- maven-compiler-plugin:3.6.0:testCompile (default-testCompile) @ pdfbox ---
[INFO] Changes detected - recompiling the module!
[INFO] Compiling 115 source files to /home/dee/dev/rick-major-review/pdfbox/pdfbox/target/test-classes
[WARNING] To suppress warnings about obsolete options, use -Xlint:-options.
/home/dee/dev/rick-major-review/pdfbox/pdfbox/src/test/java/org/apache/pdfbox/pdmodel/common/COSArrayListTest.java:[27,22] [deprecation] Assert in junit.framework has been deprecated
[WARNING] /home/dee/dev/rick-major-review/pdfbox/pdfbox/src/test/java/org/apache/pdfbox/pdmodel/interactive/form/PDButtonTest.java:[109,19] [deprecation] setPushButton(boolean) in PDButton has been deprecated
[WARNING] /home/dee/dev/rick-major-review/pdfbox/pdfbox/src/test/java/org/apache/pdfbox/pdmodel/interactive/form/PDButtonTest.java:[125,19] [deprecation] setRadioButton(boolean) in PDButton has been deprecated
[WARNING] /home/dee/dev/rick-major-review/pdfbox/pdfbox/src/test/java/org/apache/pdfbox/io/UnmodifiableCOSDictionaryTest.java:[66,37] [deprecation] mergeInto(COSDictionary) in COSDictionary has been deprecated
[WARNING] /home/dee/dev/rick-major-review/pdfbox/pdfbox/src/test/java/org/apache/pdfbox/pdmodel/TestPDPageContentStream.java:[98,21] [deprecation] setNonStrokingColor(int,int,int) in PDPageContentStream has been deprecated
[WARNING] /home/dee/dev/rick-major-review/pdfbox/pdfbox/src/test/java/org/apache/pdfbox/pdmodel/TestPDPageContentStream.java:[100,21] [deprecation] setNonStrokingColor(int) in PDPageContentStream has been deprecated
[WARNING] /home/dee/dev/rick-major-review/pdfbox/pdfbox/src/test/java/org/apache/pdfbox/pdmodel/TestPDPageContentStream.java:[128,21] [deprecation] setStrokingColor(int,int,int) in PDPageContentStream has been deprecated
[WARNING] /home/dee/dev/rick-major-review/pdfbox/pdfbox/src/test/java/org/apache/pdfbox/pdmodel/TestPDPageContentStream.java:[130,21] [deprecation] setStrokingColor(int) in PDPageContentStream has been deprecated
[WARNING] /home/dee/dev/rick-major-review/pdfbox/pdfbox/src/test/java/org/apache/pdfbox/pdmodel/font/PDFontTest.java:[288,36] [deprecation] getHeight(int) in PDFontLike has been deprecated
[WARNING] /home/dee/dev/rick-major-review/pdfbox/pdfbox/src/test/java/org/apache/pdfbox/pdmodel/PageModeTest.java:[27,55] [deprecation] none() in ExpectedException has been deprecated
[WARNING] /home/dee/dev/rick-major-review/pdfbox/pdfbox/src/test/java/org/apache/pdfbox/cos/TestCOSInteger.java:[106,54] [deprecation] doubleValue() in COSInteger has been deprecated
[WARNING] /home/dee/dev/rick-major-review/pdfbox/pdfbox/src/test/java/org/apache/pdfbox/pdmodel/graphics/state/RenderingIntentTest.java:[27,55] [deprecation] none() in ExpectedException has been deprecated
[WARNING] /home/dee/dev/rick-major-review/pdfbox/pdfbox/src/test/java/org/apache/pdfbox/cos/TestCOSFloat.java:[187,78] [deprecation] doubleValue() in COSFloat has been deprecated
[WARNING] /home/dee/dev/rick-major-review/pdfbox/pdfbox/src/test/java/org/apache/pdfbox/pdmodel/common/COSArrayListTest.java:[46,55] [deprecation] none() in ExpectedException has been deprecated
[WARNING] /home/dee/dev/rick-major-review/pdfbox/pdfbox/src/test/java/org/apache/pdfbox/pdmodel/PageLayoutTest.java:[52,55] [deprecation] none() in ExpectedException has been deprecated
[WARNING] /home/dee/dev/rick-major-review/pdfbox/pdfbox/src/test/java/org/apache/pdfbox/pdfwriter/COSWriterXRefEntryTest.java:[27,55] [deprecation] none() in ExpectedException has been deprecated
[WARNING] /home/dee/dev/rick-major-review/pdfbox/pdfbox/src/test/java/org/apache/pdfbox/util/MatrixTest.java:[180,26] [deprecation] multiply(Matrix,Matrix) in Matrix has been deprecated
[WARNING] /home/dee/dev/rick-major-review/pdfbox/pdfbox/src/test/java/org/apache/pdfbox/util/MatrixTest.java:[189,19] [deprecation] multiply(Matrix,Matrix) in Matrix has been deprecated
[WARNING] /home/dee/dev/rick-major-review/pdfbox/pdfbox/src/test/java/org/apache/pdfbox/util/MatrixTest.java:[199,19] [deprecation] multiply(Matrix,Matrix) in Matrix has been deprecated
[WARNING] /home/dee/dev/rick-major-review/pdfbox/pdfbox/src/test/java/org/apache/pdfbox/util/MatrixTest.java:[208,19] [deprecation] multiply(Matrix,Matrix) in Matrix has been deprecated
[WARNING] /home/dee/dev/rick-major-review/pdfbox/pdfbox/src/test/java/org/apache/pdfbox/util/MatrixTest.java:[218,9] [deprecation] multiply(Matrix,Matrix) in Matrix has been deprecated
[WARNING] /home/dee/dev/rick-major-review/pdfbox/pdfbox/src/test/java/org/apache/pdfbox/util/MatrixTest.java:[226,9] [deprecation] multiply(Matrix,Matrix) in Matrix has been deprecated
[WARNING] /home/dee/dev/rick-major-review/pdfbox/pdfbox/src/test/java/org/apache/pdfbox/util/MatrixTest.java:[234,9] [deprecation] multiply(Matrix,Matrix) in Matrix has been deprecated
[WARNING] /home/dee/dev/rick-major-review/pdfbox/pdfbox/src/test/java/org/apache/pdfbox/util/MatrixTest.java:[242,9] [deprecation] multiply(Matrix,Matrix) in Matrix has been deprecated
[WARNING] /home/dee/dev/rick-major-review/pdfbox/pdfbox/src/test/java/org/apache/pdfbox/cos/COSObjectKeyTest.java:[27,55] [deprecation] none() in ExpectedException has been deprecated
[INFO] 
[INFO] --- maven-surefire-plugin:2.22.2:test (default-test) @ pdfbox ---
[INFO] Tests are skipped.
[INFO] 
[INFO] --- animal-sniffer-maven-plugin:1.17:check (check-java-version) @ pdfbox ---
[INFO] Signature checking is skipped.
[INFO] 
[INFO] --- maven-bundle-plugin:3.5.1:bundle (default-bundle) @ pdfbox ---
[INFO] 
[INFO] --- maven-site-plugin:3.7:attach-descriptor (attach-descriptor) @ pdfbox ---
[INFO] Skipping because packaging 'bundle' is not pom.
[INFO] 
[INFO] >>> maven-source-plugin:3.0.1:jar (attach-sources) > generate-sources @ pdfbox >>>
[INFO] 
[INFO] --- maven-enforcer-plugin:1.4.1:enforce (default) @ pdfbox ---
[INFO] 
[INFO] --- maven-enforcer-plugin:1.4.1:enforce (enforce-maven-version) @ pdfbox ---
[INFO] 
[INFO] <<< maven-source-plugin:3.0.1:jar (attach-sources) < generate-sources @ pdfbox <<<
[INFO] 
[INFO] 
[INFO] --- maven-source-plugin:3.0.1:jar (attach-sources) @ pdfbox ---
[INFO] Building jar: /home/dee/dev/rick-major-review/pdfbox/pdfbox/target/pdfbox-2.0.24-sources.jar
[INFO] 
[INFO] --- maven-install-plugin:2.5.2:install (default-install) @ pdfbox ---
[INFO] Installing /home/dee/dev/rick-major-review/pdfbox/pdfbox/target/pdfbox-2.0.24.jar to /home/dee/.m2/repository/org/apache/pdfbox/pdfbox/2.0.24/pdfbox-2.0.24.jar
[INFO] Installing /home/dee/dev/rick-major-review/pdfbox/pdfbox/pom.xml to /home/dee/.m2/repository/org/apache/pdfbox/pdfbox/2.0.24/pdfbox-2.0.24.pom
[INFO] Installing /home/dee/dev/rick-major-review/pdfbox/pdfbox/target/pdfbox-2.0.24-sources.jar to /home/dee/.m2/repository/org/apache/pdfbox/pdfbox/2.0.24/pdfbox-2.0.24-sources.jar
[INFO] 
[INFO] --- maven-bundle-plugin:3.5.1:install (default-install) @ pdfbox ---
[INFO] Installing org/apache/pdfbox/pdfbox/2.0.24/pdfbox-2.0.24.jar
[INFO] Writing OBR metadata
[INFO] ------------------------------------------------------------------------
[INFO] BUILD SUCCESS
[INFO] ------------------------------------------------------------------------
[INFO] Total time:  52.938 s
[INFO] Finished at: 2023-06-11T08:12:26+02:00
[INFO] ------------------------------------------------------------------------


---------------------------------------------------
[BASELINE] Not evaluating any oracle
[LOG] Replacing original RICK test with variant baseline
[LOG] Invoking cp /home/dee/dev/rick-experiments/mutation-analysis/output/visitFromName_COSName/test-baseline.java /home/dee/dev/rick-major-review/pdfbox/rick-major/src/test/java/org/apache/pdfbox/pdfwriter/TestCOSWriterRickGenVisitFromName.java
[LOG] In test module directory /home/dee/dev/rick-major-review/pdfbox/rick-major
[LOG] Invoked tests with ['mvn', 'test', '-Dtest=TestCOSWriterRickGenVisitFromName']
[INFO] Scanning for projects...
[INFO] 
[INFO] --------------------< org.apache.pdfbox:rick-major >--------------------
[INFO] Building rick-major 2.0.24
[INFO] --------------------------------[ jar ]---------------------------------
[INFO] 
[INFO] --- maven-enforcer-plugin:1.4.1:enforce (default) @ rick-major ---
[INFO] 
[INFO] --- maven-enforcer-plugin:1.4.1:enforce (enforce-maven-version) @ rick-major ---
[INFO] 
[INFO] --- maven-remote-resources-plugin:1.5:process (process-resource-bundles) @ rick-major ---
[INFO] 
[INFO] --- maven-resources-plugin:3.0.2:resources (default-resources) @ rick-major ---
[INFO] Using 'UTF-8' encoding to copy filtered resources.
[INFO] Copying 0 resource
[INFO] Copying 3 resources
[INFO] 
[INFO] --- maven-compiler-plugin:3.6.0:compile (default-compile) @ rick-major ---
[INFO] Nothing to compile - all classes are up to date
[INFO] 
[INFO] --- maven-resources-plugin:3.0.2:testResources (default-testResources) @ rick-major ---
[INFO] Using 'UTF-8' encoding to copy filtered resources.
[INFO] Copying 72 resources
[INFO] Copying 3 resources
[INFO] 
[INFO] --- maven-compiler-plugin:3.6.0:testCompile (default-testCompile) @ rick-major ---
[INFO] Changes detected - recompiling the module!
[INFO] Compiling 38 source files to /home/dee/dev/rick-major-review/pdfbox/rick-major/target/test-classes
[INFO] 
[INFO] --- maven-surefire-plugin:2.22.2:test (default-test) @ rick-major ---
[INFO] 
[INFO] -------------------------------------------------------
[INFO]  T E S T S
[INFO] -------------------------------------------------------
[INFO] Running org.apache.pdfbox.pdfwriter.TestCOSWriterRickGenVisitFromName
[INFO] Tests run: 2, Failures: 0, Errors: 0, Skipped: 0, Time elapsed: 18.108 s - in org.apache.pdfbox.pdfwriter.TestCOSWriterRickGenVisitFromName
[INFO] 
[INFO] Results:
[INFO] 
[INFO] Tests run: 2, Failures: 0, Errors: 0, Skipped: 0
[INFO] 
[INFO] 
[INFO] --- animal-sniffer-maven-plugin:1.17:check (check-java-version) @ rick-major ---
[INFO] Checking unresolved references to org.codehaus.mojo.signature:java16:1.0
[INFO] ------------------------------------------------------------------------
[INFO] BUILD SUCCESS
[INFO] ------------------------------------------------------------------------
[INFO] Total time:  37.127 s
[INFO] Finished at: 2023-06-11T08:13:08+02:00
[INFO] ------------------------------------------------------------------------

Security framework of XStream not initialized, XStream is probably vulnerable.

---------------------------------------------------
[LOG] Cleaned targets with ['mvn', 'clean']
[INFO] Scanning for projects...
[INFO] 
[INFO] --------------------< org.apache.pdfbox:rick-major >--------------------
[INFO] Building rick-major 2.0.24
[INFO] --------------------------------[ jar ]---------------------------------
[INFO] 
[INFO] --- maven-clean-plugin:3.0.0:clean (default-clean) @ rick-major ---
[INFO] Deleting /home/dee/dev/rick-major-review/pdfbox/rick-major/target
[INFO] ------------------------------------------------------------------------
[INFO] BUILD SUCCESS
[INFO] ------------------------------------------------------------------------
[INFO] Total time:  1.827 s
[INFO] Finished at: 2023-06-11T08:13:14+02:00
[INFO] ------------------------------------------------------------------------


---------------------------------------------------
[LOG] In experiment directory /home/dee/dev/rick-experiments/mutation-analysis
---------------------------------------------------
[LOG] Restoring original RICK test from ./COSWriter.java/original-test.java
[LOG] Invoking cp ./COSWriter.java/original-test.java /home/dee/dev/rick-major-review/pdfbox/rick-major/src/test/java/org/apache/pdfbox/pdfwriter/TestCOSWriterRickGenVisitFromName.java
---------------------------------------------------
[PO] Evaluating only PO
[LOG] Replacing original RICK test with variant po
[LOG] Invoking cp /home/dee/dev/rick-experiments/mutation-analysis/output/visitFromName_COSName/test-po.java /home/dee/dev/rick-major-review/pdfbox/rick-major/src/test/java/org/apache/pdfbox/pdfwriter/TestCOSWriterRickGenVisitFromName.java
[LOG] In test module directory /home/dee/dev/rick-major-review/pdfbox/rick-major
[LOG] Invoked tests with ['mvn', 'test', '-Dtest=TestCOSWriterRickGenVisitFromName']
[INFO] Scanning for projects...
[INFO] 
[INFO] --------------------< org.apache.pdfbox:rick-major >--------------------
[INFO] Building rick-major 2.0.24
[INFO] --------------------------------[ jar ]---------------------------------
[INFO] 
[INFO] --- maven-enforcer-plugin:1.4.1:enforce (default) @ rick-major ---
[INFO] 
[INFO] --- maven-enforcer-plugin:1.4.1:enforce (enforce-maven-version) @ rick-major ---
[INFO] 
[INFO] --- maven-remote-resources-plugin:1.5:process (process-resource-bundles) @ rick-major ---
[INFO] 
[INFO] --- maven-resources-plugin:3.0.2:resources (default-resources) @ rick-major ---
[INFO] Using 'UTF-8' encoding to copy filtered resources.
[INFO] Copying 0 resource
[INFO] Copying 3 resources
[INFO] 
[INFO] --- maven-compiler-plugin:3.6.0:compile (default-compile) @ rick-major ---
[INFO] Nothing to compile - all classes are up to date
[INFO] 
[INFO] --- maven-resources-plugin:3.0.2:testResources (default-testResources) @ rick-major ---
[INFO] Using 'UTF-8' encoding to copy filtered resources.
[INFO] Copying 72 resources
[INFO] Copying 3 resources
[INFO] 
[INFO] --- maven-compiler-plugin:3.6.0:testCompile (default-testCompile) @ rick-major ---
[INFO] Changes detected - recompiling the module!
[INFO] Compiling 38 source files to /home/dee/dev/rick-major-review/pdfbox/rick-major/target/test-classes
[INFO] 
[INFO] --- maven-surefire-plugin:2.22.2:test (default-test) @ rick-major ---
[INFO] 
[INFO] -------------------------------------------------------
[INFO]  T E S T S
[INFO] -------------------------------------------------------
[INFO] Running org.apache.pdfbox.pdfwriter.TestCOSWriterRickGenVisitFromName
[ERROR] Tests run: 2, Failures: 1, Errors: 0, Skipped: 0, Time elapsed: 12.822 s <<< FAILURE! - in org.apache.pdfbox.pdfwriter.TestCOSWriterRickGenVisitFromName
[ERROR] test_visitFromName_PO_b6a6cdb1d2a540f6ab146b740ed191a3  Time elapsed: 5.1 s  <<< FAILURE!
org.mockito.exceptions.verification.WantedButNotInvoked: 

Wanted but not invoked:
cOSName.writePDF(<any java.io.OutputStream>);
-> at org.apache.pdfbox.cos.COSName.writePDF(COSName.java:742)
Actually, there were zero interactions with this mock.

	at org.apache.pdfbox.pdfwriter.TestCOSWriterRickGenVisitFromName.test_visitFromName_PO_b6a6cdb1d2a540f6ab146b740ed191a3(TestCOSWriterRickGenVisitFromName.java:52)

[INFO] 
[INFO] Results:
[INFO] 
[ERROR] Failures: 
[ERROR]   TestCOSWriterRickGenVisitFromName.test_visitFromName_PO_b6a6cdb1d2a540f6ab146b740ed191a3:52 
Wanted but not invoked:
cOSName.writePDF(<any java.io.OutputStream>);
-> at org.apache.pdfbox.cos.COSName.writePDF(COSName.java:742)
Actually, there were zero interactions with this mock.

[INFO] 
[ERROR] Tests run: 2, Failures: 1, Errors: 0, Skipped: 0
[INFO] 
[INFO] ------------------------------------------------------------------------
[INFO] BUILD FAILURE
[INFO] ------------------------------------------------------------------------
[INFO] Total time:  26.737 s
[INFO] Finished at: 2023-06-11T08:13:45+02:00
[INFO] ------------------------------------------------------------------------
[ERROR] Failed to execute goal org.apache.maven.plugins:maven-surefire-plugin:2.22.2:test (default-test) on project rick-major: There are test failures.
[ERROR] 
[ERROR] Please refer to /home/dee/dev/rick-major-review/pdfbox/rick-major/target/surefire-reports for the individual test results.
[ERROR] Please refer to dump files (if any exist) [date].dump, [date]-jvmRun[N].dump and [date].dumpstream.
[ERROR] -> [Help 1]
[ERROR] 
[ERROR] To see the full stack trace of the errors, re-run Maven with the -e switch.
[ERROR] Re-run Maven using the -X switch to enable full debug logging.
[ERROR] 
[ERROR] For more information about the errors and possible solutions, please read the following articles:
[ERROR] [Help 1] http://cwiki.apache.org/confluence/display/MAVEN/MojoFailureException

Security framework of XStream not initialized, XStream is probably vulnerable.

---------------------------------------------------
[LOG] Cleaned targets with ['mvn', 'clean']
[INFO] Scanning for projects...
[INFO] 
[INFO] --------------------< org.apache.pdfbox:rick-major >--------------------
[INFO] Building rick-major 2.0.24
[INFO] --------------------------------[ jar ]---------------------------------
[INFO] 
[INFO] --- maven-clean-plugin:3.0.0:clean (default-clean) @ rick-major ---
[INFO] Deleting /home/dee/dev/rick-major-review/pdfbox/rick-major/target
[INFO] ------------------------------------------------------------------------
[INFO] BUILD SUCCESS
[INFO] ------------------------------------------------------------------------
[INFO] Total time:  1.386 s
[INFO] Finished at: 2023-06-11T08:13:50+02:00
[INFO] ------------------------------------------------------------------------


---------------------------------------------------
[LOG] In experiment directory /home/dee/dev/rick-experiments/mutation-analysis
---------------------------------------------------
[LOG] Restoring original RICK test from ./COSWriter.java/original-test.java
[LOG] Invoking cp ./COSWriter.java/original-test.java /home/dee/dev/rick-major-review/pdfbox/rick-major/src/test/java/org/apache/pdfbox/pdfwriter/TestCOSWriterRickGenVisitFromName.java
---------------------------------------------------
[CO] Evaluating only CO
[LOG] Replacing original RICK test with variant co
[LOG] Invoking cp /home/dee/dev/rick-experiments/mutation-analysis/output/visitFromName_COSName/test-co.java /home/dee/dev/rick-major-review/pdfbox/rick-major/src/test/java/org/apache/pdfbox/pdfwriter/TestCOSWriterRickGenVisitFromName.java
[LOG] In test module directory /home/dee/dev/rick-major-review/pdfbox/rick-major
[LOG] Invoked tests with ['mvn', 'test', '-Dtest=TestCOSWriterRickGenVisitFromName']
[INFO] Scanning for projects...
[INFO] 
[INFO] --------------------< org.apache.pdfbox:rick-major >--------------------
[INFO] Building rick-major 2.0.24
[INFO] --------------------------------[ jar ]---------------------------------
[INFO] 
[INFO] --- maven-enforcer-plugin:1.4.1:enforce (default) @ rick-major ---
[INFO] 
[INFO] --- maven-enforcer-plugin:1.4.1:enforce (enforce-maven-version) @ rick-major ---
[INFO] 
[INFO] --- maven-remote-resources-plugin:1.5:process (process-resource-bundles) @ rick-major ---
[INFO] 
[INFO] --- maven-resources-plugin:3.0.2:resources (default-resources) @ rick-major ---
[INFO] Using 'UTF-8' encoding to copy filtered resources.
[INFO] Copying 0 resource
[INFO] Copying 3 resources
[INFO] 
[INFO] --- maven-compiler-plugin:3.6.0:compile (default-compile) @ rick-major ---
[INFO] Nothing to compile - all classes are up to date
[INFO] 
[INFO] --- maven-resources-plugin:3.0.2:testResources (default-testResources) @ rick-major ---
[INFO] Using 'UTF-8' encoding to copy filtered resources.
[INFO] Copying 72 resources
[INFO] Copying 3 resources
[INFO] 
[INFO] --- maven-compiler-plugin:3.6.0:testCompile (default-testCompile) @ rick-major ---
[INFO] Changes detected - recompiling the module!
[INFO] Compiling 38 source files to /home/dee/dev/rick-major-review/pdfbox/rick-major/target/test-classes
[INFO] 
[INFO] --- maven-surefire-plugin:2.22.2:test (default-test) @ rick-major ---
[INFO] 
[INFO] -------------------------------------------------------
[INFO]  T E S T S
[INFO] -------------------------------------------------------
[INFO] Running org.apache.pdfbox.pdfwriter.TestCOSWriterRickGenVisitFromName
[ERROR] Tests run: 2, Failures: 1, Errors: 0, Skipped: 0, Time elapsed: 12.674 s <<< FAILURE! - in org.apache.pdfbox.pdfwriter.TestCOSWriterRickGenVisitFromName
[ERROR] test_visitFromName_CO_b6a6cdb1d2a540f6ab146b740ed191a3  Time elapsed: 7.191 s  <<< FAILURE!
org.mockito.exceptions.verification.WantedButNotInvoked: 

Wanted but not invoked:
cOSName.writePDF(<any>);
-> at org.apache.pdfbox.cos.COSName.writePDF(COSName.java:742)
Actually, there were zero interactions with this mock.

	at org.apache.pdfbox.pdfwriter.TestCOSWriterRickGenVisitFromName.test_visitFromName_CO_b6a6cdb1d2a540f6ab146b740ed191a3(TestCOSWriterRickGenVisitFromName.java:65)

[INFO] 
[INFO] Results:
[INFO] 
[ERROR] Failures: 
[ERROR]   TestCOSWriterRickGenVisitFromName.test_visitFromName_CO_b6a6cdb1d2a540f6ab146b740ed191a3:65 
Wanted but not invoked:
cOSName.writePDF(<any>);
-> at org.apache.pdfbox.cos.COSName.writePDF(COSName.java:742)
Actually, there were zero interactions with this mock.

[INFO] 
[ERROR] Tests run: 2, Failures: 1, Errors: 0, Skipped: 0
[INFO] 
[INFO] ------------------------------------------------------------------------
[INFO] BUILD FAILURE
[INFO] ------------------------------------------------------------------------
[INFO] Total time:  27.337 s
[INFO] Finished at: 2023-06-11T08:14:21+02:00
[INFO] ------------------------------------------------------------------------
[ERROR] Failed to execute goal org.apache.maven.plugins:maven-surefire-plugin:2.22.2:test (default-test) on project rick-major: There are test failures.
[ERROR] 
[ERROR] Please refer to /home/dee/dev/rick-major-review/pdfbox/rick-major/target/surefire-reports for the individual test results.
[ERROR] Please refer to dump files (if any exist) [date].dump, [date]-jvmRun[N].dump and [date].dumpstream.
[ERROR] -> [Help 1]
[ERROR] 
[ERROR] To see the full stack trace of the errors, re-run Maven with the -e switch.
[ERROR] Re-run Maven using the -X switch to enable full debug logging.
[ERROR] 
[ERROR] For more information about the errors and possible solutions, please read the following articles:
[ERROR] [Help 1] http://cwiki.apache.org/confluence/display/MAVEN/MojoFailureException

Security framework of XStream not initialized, XStream is probably vulnerable.

---------------------------------------------------
[LOG] Cleaned targets with ['mvn', 'clean']
[INFO] Scanning for projects...
[INFO] 
[INFO] --------------------< org.apache.pdfbox:rick-major >--------------------
[INFO] Building rick-major 2.0.24
[INFO] --------------------------------[ jar ]---------------------------------
[INFO] 
[INFO] --- maven-clean-plugin:3.0.0:clean (default-clean) @ rick-major ---
[INFO] Deleting /home/dee/dev/rick-major-review/pdfbox/rick-major/target
[INFO] ------------------------------------------------------------------------
[INFO] BUILD SUCCESS
[INFO] ------------------------------------------------------------------------
[INFO] Total time:  1.347 s
[INFO] Finished at: 2023-06-11T08:14:26+02:00
[INFO] ------------------------------------------------------------------------


---------------------------------------------------
[LOG] In experiment directory /home/dee/dev/rick-experiments/mutation-analysis
---------------------------------------------------
[LOG] Restoring original RICK test from ./COSWriter.java/original-test.java
[LOG] Invoking cp ./COSWriter.java/original-test.java /home/dee/dev/rick-major-review/pdfbox/rick-major/src/test/java/org/apache/pdfbox/pdfwriter/TestCOSWriterRickGenVisitFromName.java
---------------------------------------------------
[ALL] Evaluating (OO +) PO + CO
[LOG] Restoring original RICK test from ./COSWriter.java/original-test.java
[LOG] Invoking cp ./COSWriter.java/original-test.java /home/dee/dev/rick-major-review/pdfbox/rick-major/src/test/java/org/apache/pdfbox/pdfwriter/TestCOSWriterRickGenVisitFromName.java
[LOG] In test module directory /home/dee/dev/rick-major-review/pdfbox/rick-major
[LOG] Invoked tests with ['mvn', 'test', '-Dtest=TestCOSWriterRickGenVisitFromName']
[INFO] Scanning for projects...
[INFO] 
[INFO] --------------------< org.apache.pdfbox:rick-major >--------------------
[INFO] Building rick-major 2.0.24
[INFO] --------------------------------[ jar ]---------------------------------
[INFO] 
[INFO] --- maven-enforcer-plugin:1.4.1:enforce (default) @ rick-major ---
[INFO] 
[INFO] --- maven-enforcer-plugin:1.4.1:enforce (enforce-maven-version) @ rick-major ---
[INFO] 
[INFO] --- maven-remote-resources-plugin:1.5:process (process-resource-bundles) @ rick-major ---
[INFO] 
[INFO] --- maven-resources-plugin:3.0.2:resources (default-resources) @ rick-major ---
[INFO] Using 'UTF-8' encoding to copy filtered resources.
[INFO] Copying 0 resource
[INFO] Copying 3 resources
[INFO] 
[INFO] --- maven-compiler-plugin:3.6.0:compile (default-compile) @ rick-major ---
[INFO] Nothing to compile - all classes are up to date
[INFO] 
[INFO] --- maven-resources-plugin:3.0.2:testResources (default-testResources) @ rick-major ---
[INFO] Using 'UTF-8' encoding to copy filtered resources.
[INFO] Copying 72 resources
[INFO] Copying 3 resources
[INFO] 
[INFO] --- maven-compiler-plugin:3.6.0:testCompile (default-testCompile) @ rick-major ---
[INFO] Changes detected - recompiling the module!
[INFO] Compiling 38 source files to /home/dee/dev/rick-major-review/pdfbox/rick-major/target/test-classes
[INFO] 
[INFO] --- maven-surefire-plugin:2.22.2:test (default-test) @ rick-major ---
[INFO] 
[INFO] -------------------------------------------------------
[INFO]  T E S T S
[INFO] -------------------------------------------------------
[INFO] Running org.apache.pdfbox.pdfwriter.TestCOSWriterRickGenVisitFromName
[ERROR] Tests run: 2, Failures: 2, Errors: 0, Skipped: 0, Time elapsed: 12.538 s <<< FAILURE! - in org.apache.pdfbox.pdfwriter.TestCOSWriterRickGenVisitFromName
[ERROR] test_visitFromName_CO_b6a6cdb1d2a540f6ab146b740ed191a3  Time elapsed: 7.185 s  <<< FAILURE!
org.mockito.exceptions.verification.WantedButNotInvoked: 

Wanted but not invoked:
cOSName.writePDF(<any>);
-> at org.apache.pdfbox.cos.COSName.writePDF(COSName.java:742)
Actually, there were zero interactions with this mock.

	at org.apache.pdfbox.pdfwriter.TestCOSWriterRickGenVisitFromName.test_visitFromName_CO_b6a6cdb1d2a540f6ab146b740ed191a3(TestCOSWriterRickGenVisitFromName.java:65)

[ERROR] test_visitFromName_PO_b6a6cdb1d2a540f6ab146b740ed191a3  Time elapsed: 4.524 s  <<< FAILURE!
org.mockito.exceptions.verification.WantedButNotInvoked: 

Wanted but not invoked:
cOSName.writePDF(<any java.io.OutputStream>);
-> at org.apache.pdfbox.cos.COSName.writePDF(COSName.java:742)
Actually, there were zero interactions with this mock.

	at org.apache.pdfbox.pdfwriter.TestCOSWriterRickGenVisitFromName.test_visitFromName_PO_b6a6cdb1d2a540f6ab146b740ed191a3(TestCOSWriterRickGenVisitFromName.java:52)

[INFO] 
[INFO] Results:
[INFO] 
[ERROR] Failures: 
[ERROR]   TestCOSWriterRickGenVisitFromName.test_visitFromName_CO_b6a6cdb1d2a540f6ab146b740ed191a3:65 
Wanted but not invoked:
cOSName.writePDF(<any>);
-> at org.apache.pdfbox.cos.COSName.writePDF(COSName.java:742)
Actually, there were zero interactions with this mock.

[ERROR]   TestCOSWriterRickGenVisitFromName.test_visitFromName_PO_b6a6cdb1d2a540f6ab146b740ed191a3:52 
Wanted but not invoked:
cOSName.writePDF(<any java.io.OutputStream>);
-> at org.apache.pdfbox.cos.COSName.writePDF(COSName.java:742)
Actually, there were zero interactions with this mock.

[INFO] 
[ERROR] Tests run: 2, Failures: 2, Errors: 0, Skipped: 0
[INFO] 
[INFO] ------------------------------------------------------------------------
[INFO] BUILD FAILURE
[INFO] ------------------------------------------------------------------------
[INFO] Total time:  25.712 s
[INFO] Finished at: 2023-06-11T08:14:56+02:00
[INFO] ------------------------------------------------------------------------
[ERROR] Failed to execute goal org.apache.maven.plugins:maven-surefire-plugin:2.22.2:test (default-test) on project rick-major: There are test failures.
[ERROR] 
[ERROR] Please refer to /home/dee/dev/rick-major-review/pdfbox/rick-major/target/surefire-reports for the individual test results.
[ERROR] Please refer to dump files (if any exist) [date].dump, [date]-jvmRun[N].dump and [date].dumpstream.
[ERROR] -> [Help 1]
[ERROR] 
[ERROR] To see the full stack trace of the errors, re-run Maven with the -e switch.
[ERROR] Re-run Maven using the -X switch to enable full debug logging.
[ERROR] 
[ERROR] For more information about the errors and possible solutions, please read the following articles:
[ERROR] [Help 1] http://cwiki.apache.org/confluence/display/MAVEN/MojoFailureException

Security framework of XStream not initialized, XStream is probably vulnerable.

---------------------------------------------------
[LOG] Cleaned targets with ['mvn', 'clean']
[INFO] Scanning for projects...
[INFO] 
[INFO] --------------------< org.apache.pdfbox:rick-major >--------------------
[INFO] Building rick-major 2.0.24
[INFO] --------------------------------[ jar ]---------------------------------
[INFO] 
[INFO] --- maven-clean-plugin:3.0.0:clean (default-clean) @ rick-major ---
[INFO] Deleting /home/dee/dev/rick-major-review/pdfbox/rick-major/target
[INFO] ------------------------------------------------------------------------
[INFO] BUILD SUCCESS
[INFO] ------------------------------------------------------------------------
[INFO] Total time:  1.331 s
[INFO] Finished at: 2023-06-11T08:15:01+02:00
[INFO] ------------------------------------------------------------------------


---------------------------------------------------
[LOG] In experiment directory /home/dee/dev/rick-experiments/mutation-analysis
---------------------------------------------------
---------------------------------------------------
[LOG] Resetting COSWriter.java to original
[LOG] Invoking cp ./COSWriter.java/original.java /home/dee/dev/rick-major-review/pdfbox/pdfbox/src/main/java/org/apache/pdfbox/pdfwriter/COSWriter.java
---------------------------------------------------
[LOG] Replacing originalCOSWriter.java with ./COSWriter.java/64.java
[LOG] Invoking cp ./COSWriter.java/64.java /home/dee/dev/rick-major-review/pdfbox/pdfbox/src/main/java/org/apache/pdfbox/pdfwriter/COSWriter.java
[LOG] Invoked a clean install of the parent module with ['mvn', 'clean', 'install', '-DskipTests']
[INFO] Scanning for projects...
[INFO] 
[INFO] ----------------------< org.apache.pdfbox:pdfbox >----------------------
[INFO] Building Apache PDFBox 2.0.24
[INFO] -------------------------------[ bundle ]-------------------------------
[INFO] 
[INFO] --- maven-clean-plugin:3.0.0:clean (default-clean) @ pdfbox ---
[INFO] Deleting /home/dee/dev/rick-major-review/pdfbox/pdfbox/target
[INFO] 
[INFO] --- maven-enforcer-plugin:1.4.1:enforce (default) @ pdfbox ---
[INFO] 
[INFO] --- maven-enforcer-plugin:1.4.1:enforce (enforce-maven-version) @ pdfbox ---
[INFO] 
[INFO] --- maven-remote-resources-plugin:1.5:process (process-resource-bundles) @ pdfbox ---
[INFO] 
[INFO] --- maven-resources-plugin:3.0.2:resources (default-resources) @ pdfbox ---
[INFO] Using 'UTF-8' encoding to copy filtered resources.
[INFO] Copying 1 resource
[INFO] Copying 21 resources
[INFO] Copying 3 resources
[INFO] 
[INFO] --- maven-compiler-plugin:3.6.0:compile (default-compile) @ pdfbox ---
[INFO] Changes detected - recompiling the module!
[INFO] Compiling 609 source files to /home/dee/dev/rick-major-review/pdfbox/pdfbox/target/classes
[WARNING] To suppress warnings about obsolete options, use -Xlint:-options.
/home/dee/dev/rick-major-review/pdfbox/pdfbox/src/main/java/org/apache/pdfbox/pdmodel/PDDocument.java:[471,96] [deprecation] toList() in COSArrayList has been deprecated
[WARNING] /home/dee/dev/rick-major-review/pdfbox/pdfbox/src/main/java/org/apache/pdfbox/pdmodel/PDDocument.java:[471,45] [deprecation] toList() in COSArrayList has been deprecated
[WARNING] /home/dee/dev/rick-major-review/pdfbox/pdfbox/src/main/java/org/apache/pdfbox/pdmodel/font/PDType3Font.java:[196,17] [deprecation] getHeight(int) in PDFontLike has been deprecated
[WARNING] /home/dee/dev/rick-major-review/pdfbox/pdfbox/src/main/java/org/apache/pdfbox/text/LegacyPDFStreamEngine.java:[152,19] [deprecation] showGlyph(Matrix,PDFont,int,String,Vector) in PDFStreamEngine has been deprecated
[WARNING] /home/dee/dev/rick-major-review/pdfbox/pdfbox/src/main/java/org/apache/pdfbox/pdmodel/font/PDTrueTypeFont.java:[375,17] [deprecation] getHeight(int) in PDFontLike has been deprecated
[WARNING] /home/dee/dev/rick-major-review/pdfbox/pdfbox/src/main/java/org/apache/pdfbox/pdmodel/font/PDType0Font.java:[414,17] [deprecation] getHeight(int) in PDFontLike has been deprecated
[WARNING] /home/dee/dev/rick-major-review/pdfbox/pdfbox/src/main/java/org/apache/pdfbox/pdmodel/font/PDType0Font.java:[416,29] [deprecation] getHeight(int) in PDFontLike has been deprecated
[WARNING] /home/dee/dev/rick-major-review/pdfbox/pdfbox/src/main/java/org/apache/pdfbox/pdmodel/font/TrueTypeEmbedder.java:[120,18] [deprecation] getUnicodeCmap() in TrueTypeFont has been deprecated
[WARNING] /home/dee/dev/rick-major-review/pdfbox/pdfbox/src/main/java/org/apache/pdfbox/pdmodel/font/PDType1Font.java:[395,17] [deprecation] getHeight(int) in PDFontLike has been deprecated
[WARNING] /home/dee/dev/rick-major-review/pdfbox/pdfbox/src/main/java/org/apache/pdfbox/cos/UnmodifiableCOSDictionary.java:[286,16] [deprecation] mergeInto(COSDictionary) in COSDictionary has been deprecated
[WARNING] /home/dee/dev/rick-major-review/pdfbox/pdfbox/src/main/java/org/apache/pdfbox/pdmodel/font/PDCIDFontType0.java:[439,17] [deprecation] getHeight(int) in PDFontLike has been deprecated
[WARNING] /home/dee/dev/rick-major-review/pdfbox/pdfbox/src/main/java/org/apache/pdfbox/pdmodel/font/PDType1CFont.java:[304,17] [deprecation] getHeight(int) in PDFontLike has been deprecated
[WARNING] /home/dee/dev/rick-major-review/pdfbox/pdfbox/src/main/java/org/apache/pdfbox/pdmodel/font/PDCIDFontType2.java:[312,17] [deprecation] getHeight(int) in PDFontLike has been deprecated
[INFO] 
[INFO] --- download-maven-plugin:1.5.1:wget (PDFBOX-1031-1) @ pdfbox ---
[INFO] maven-download-plugin:wget skipped
[INFO] 
[INFO] --- download-maven-plugin:1.5.1:wget (PDFBOX-1031-2) @ pdfbox ---
[INFO] maven-download-plugin:wget skipped
[INFO] 
[INFO] --- download-maven-plugin:1.5.1:wget (PDFBOX-1065-1) @ pdfbox ---
[INFO] maven-download-plugin:wget skipped
[INFO] 
[INFO] --- download-maven-plugin:1.5.1:wget (PDFBOX-1065-2) @ pdfbox ---
[INFO] maven-download-plugin:wget skipped
[INFO] 
[INFO] --- download-maven-plugin:1.5.1:wget (PDFBOX-1100-1) @ pdfbox ---
[INFO] maven-download-plugin:wget skipped
[INFO] 
[INFO] --- download-maven-plugin:1.5.1:wget (PDFBOX-1100-2) @ pdfbox ---
[INFO] maven-download-plugin:wget skipped
[INFO] 
[INFO] --- download-maven-plugin:1.5.1:wget (PDFBOX-3208) @ pdfbox ---
[INFO] maven-download-plugin:wget skipped
[INFO] 
[INFO] --- download-maven-plugin:1.5.1:wget (PDFBOX-3656) @ pdfbox ---
[INFO] maven-download-plugin:wget skipped
[INFO] 
[INFO] --- download-maven-plugin:1.5.1:wget (PDFBOX-3682) @ pdfbox ---
[INFO] maven-download-plugin:wget skipped
[INFO] 
[INFO] --- download-maven-plugin:1.5.1:wget (PDFBOX-3940) @ pdfbox ---
[INFO] maven-download-plugin:wget skipped
[INFO] 
[INFO] --- download-maven-plugin:1.5.1:wget (PDFBOX-3783) @ pdfbox ---
[INFO] maven-download-plugin:wget skipped
[INFO] 
[INFO] --- download-maven-plugin:1.5.1:wget (PDFBOX-3785) @ pdfbox ---
[INFO] maven-download-plugin:wget skipped
[INFO] 
[INFO] --- download-maven-plugin:1.5.1:wget (PDFBOX-3947) @ pdfbox ---
[INFO] maven-download-plugin:wget skipped
[INFO] 
[INFO] --- download-maven-plugin:1.5.1:wget (PDFBOX-3948) @ pdfbox ---
[INFO] maven-download-plugin:wget skipped
[INFO] 
[INFO] --- download-maven-plugin:1.5.1:wget (PDFBOX-3949) @ pdfbox ---
[INFO] maven-download-plugin:wget skipped
[INFO] 
[INFO] --- download-maven-plugin:1.5.1:wget (PDFBOX-3950) @ pdfbox ---
[INFO] maven-download-plugin:wget skipped
[INFO] 
[INFO] --- download-maven-plugin:1.5.1:wget (PDFBOX-3951) @ pdfbox ---
[INFO] maven-download-plugin:wget skipped
[INFO] 
[INFO] --- download-maven-plugin:1.5.1:wget (PDFBOX-3964) @ pdfbox ---
[INFO] maven-download-plugin:wget skipped
[INFO] 
[INFO] --- download-maven-plugin:1.5.1:wget (PDFBOX-3977) @ pdfbox ---
[INFO] maven-download-plugin:wget skipped
[INFO] 
[INFO] --- download-maven-plugin:1.5.1:wget (Genko) @ pdfbox ---
[INFO] maven-download-plugin:wget skipped
[INFO] 
[INFO] --- download-maven-plugin:1.5.1:wget (PDFBOX-3999) @ pdfbox ---
[INFO] maven-download-plugin:wget skipped
[INFO] 
[INFO] --- download-maven-plugin:1.5.1:wget (PDFBOX-4106) @ pdfbox ---
[INFO] maven-download-plugin:wget skipped
[INFO] 
[INFO] --- download-maven-plugin:1.5.1:wget (PDFBOX-4106b) @ pdfbox ---
[INFO] maven-download-plugin:wget skipped
[INFO] 
[INFO] --- download-maven-plugin:1.5.1:wget (PDFBOX-4115) @ pdfbox ---
[INFO] maven-download-plugin:wget skipped
[INFO] 
[INFO] --- download-maven-plugin:1.5.1:wget (PDFBOX-4197) @ pdfbox ---
[INFO] maven-download-plugin:wget skipped
[INFO] 
[INFO] --- download-maven-plugin:1.5.1:wget (PDFBOX-4184) @ pdfbox ---
[INFO] maven-download-plugin:wget skipped
[INFO] 
[INFO] --- download-maven-plugin:1.5.1:wget (PDFBOX-4184-2) @ pdfbox ---
[INFO] maven-download-plugin:wget skipped
[INFO] 
[INFO] --- download-maven-plugin:1.5.1:wget (PDFBOX-4308) @ pdfbox ---
[INFO] maven-download-plugin:wget skipped
[INFO] 
[INFO] --- download-maven-plugin:1.5.1:wget (PDFBOX-4338) @ pdfbox ---
[INFO] maven-download-plugin:wget skipped
[INFO] 
[INFO] --- download-maven-plugin:1.5.1:wget (PDFBOX-4339) @ pdfbox ---
[INFO] maven-download-plugin:wget skipped
[INFO] 
[INFO] --- download-maven-plugin:1.5.1:wget (PDFBOX-4408) @ pdfbox ---
[INFO] maven-download-plugin:wget skipped
[INFO] 
[INFO] --- download-maven-plugin:1.5.1:wget (PDFBOX-4418-1) @ pdfbox ---
[INFO] maven-download-plugin:wget skipped
[INFO] 
[INFO] --- download-maven-plugin:1.5.1:wget (PDFBOX-4418-2) @ pdfbox ---
[INFO] maven-download-plugin:wget skipped
[INFO] 
[INFO] --- download-maven-plugin:1.5.1:wget (PDFBOX-4423) @ pdfbox ---
[INFO] maven-download-plugin:wget skipped
[INFO] 
[INFO] --- download-maven-plugin:1.5.1:wget (PDFBOX-4517) @ pdfbox ---
[INFO] maven-download-plugin:wget skipped
[INFO] 
[INFO] --- download-maven-plugin:1.5.1:wget (PDFBOX-4750) @ pdfbox ---
[INFO] maven-download-plugin:wget skipped
[INFO] 
[INFO] --- download-maven-plugin:1.5.1:wget (PDFBOX-4153) @ pdfbox ---
[INFO] maven-download-plugin:wget skipped
[INFO] 
[INFO] --- download-maven-plugin:1.5.1:wget (PDFBOX-4490) @ pdfbox ---
[INFO] maven-download-plugin:wget skipped
[INFO] 
[INFO] --- download-maven-plugin:1.5.1:wget (PDFBOX-5196) @ pdfbox ---
[INFO] maven-download-plugin:wget skipped
[INFO] 
[INFO] --- maven-resources-plugin:3.0.2:testResources (default-testResources) @ pdfbox ---
[INFO] Using 'UTF-8' encoding to copy filtered resources.
[INFO] Copying 229 resources
[INFO] Copying 3 resources
[INFO] 
[INFO] --- maven-compiler-plugin:3.6.0:testCompile (default-testCompile) @ pdfbox ---
[INFO] Changes detected - recompiling the module!
[INFO] Compiling 115 source files to /home/dee/dev/rick-major-review/pdfbox/pdfbox/target/test-classes
[WARNING] To suppress warnings about obsolete options, use -Xlint:-options.
/home/dee/dev/rick-major-review/pdfbox/pdfbox/src/test/java/org/apache/pdfbox/pdmodel/common/COSArrayListTest.java:[27,22] [deprecation] Assert in junit.framework has been deprecated
[WARNING] /home/dee/dev/rick-major-review/pdfbox/pdfbox/src/test/java/org/apache/pdfbox/pdmodel/interactive/form/PDButtonTest.java:[109,19] [deprecation] setPushButton(boolean) in PDButton has been deprecated
[WARNING] /home/dee/dev/rick-major-review/pdfbox/pdfbox/src/test/java/org/apache/pdfbox/pdmodel/interactive/form/PDButtonTest.java:[125,19] [deprecation] setRadioButton(boolean) in PDButton has been deprecated
[WARNING] /home/dee/dev/rick-major-review/pdfbox/pdfbox/src/test/java/org/apache/pdfbox/io/UnmodifiableCOSDictionaryTest.java:[66,37] [deprecation] mergeInto(COSDictionary) in COSDictionary has been deprecated
[WARNING] /home/dee/dev/rick-major-review/pdfbox/pdfbox/src/test/java/org/apache/pdfbox/pdmodel/TestPDPageContentStream.java:[98,21] [deprecation] setNonStrokingColor(int,int,int) in PDPageContentStream has been deprecated
[WARNING] /home/dee/dev/rick-major-review/pdfbox/pdfbox/src/test/java/org/apache/pdfbox/pdmodel/TestPDPageContentStream.java:[100,21] [deprecation] setNonStrokingColor(int) in PDPageContentStream has been deprecated
[WARNING] /home/dee/dev/rick-major-review/pdfbox/pdfbox/src/test/java/org/apache/pdfbox/pdmodel/TestPDPageContentStream.java:[128,21] [deprecation] setStrokingColor(int,int,int) in PDPageContentStream has been deprecated
[WARNING] /home/dee/dev/rick-major-review/pdfbox/pdfbox/src/test/java/org/apache/pdfbox/pdmodel/TestPDPageContentStream.java:[130,21] [deprecation] setStrokingColor(int) in PDPageContentStream has been deprecated
[WARNING] /home/dee/dev/rick-major-review/pdfbox/pdfbox/src/test/java/org/apache/pdfbox/pdmodel/font/PDFontTest.java:[288,36] [deprecation] getHeight(int) in PDFontLike has been deprecated
[WARNING] /home/dee/dev/rick-major-review/pdfbox/pdfbox/src/test/java/org/apache/pdfbox/pdmodel/PageModeTest.java:[27,55] [deprecation] none() in ExpectedException has been deprecated
[WARNING] /home/dee/dev/rick-major-review/pdfbox/pdfbox/src/test/java/org/apache/pdfbox/cos/TestCOSInteger.java:[106,54] [deprecation] doubleValue() in COSInteger has been deprecated
[WARNING] /home/dee/dev/rick-major-review/pdfbox/pdfbox/src/test/java/org/apache/pdfbox/pdmodel/graphics/state/RenderingIntentTest.java:[27,55] [deprecation] none() in ExpectedException has been deprecated
[WARNING] /home/dee/dev/rick-major-review/pdfbox/pdfbox/src/test/java/org/apache/pdfbox/cos/TestCOSFloat.java:[187,78] [deprecation] doubleValue() in COSFloat has been deprecated
[WARNING] /home/dee/dev/rick-major-review/pdfbox/pdfbox/src/test/java/org/apache/pdfbox/pdmodel/common/COSArrayListTest.java:[46,55] [deprecation] none() in ExpectedException has been deprecated
[WARNING] /home/dee/dev/rick-major-review/pdfbox/pdfbox/src/test/java/org/apache/pdfbox/pdmodel/PageLayoutTest.java:[52,55] [deprecation] none() in ExpectedException has been deprecated
[WARNING] /home/dee/dev/rick-major-review/pdfbox/pdfbox/src/test/java/org/apache/pdfbox/pdfwriter/COSWriterXRefEntryTest.java:[27,55] [deprecation] none() in ExpectedException has been deprecated
[WARNING] /home/dee/dev/rick-major-review/pdfbox/pdfbox/src/test/java/org/apache/pdfbox/util/MatrixTest.java:[180,26] [deprecation] multiply(Matrix,Matrix) in Matrix has been deprecated
[WARNING] /home/dee/dev/rick-major-review/pdfbox/pdfbox/src/test/java/org/apache/pdfbox/util/MatrixTest.java:[189,19] [deprecation] multiply(Matrix,Matrix) in Matrix has been deprecated
[WARNING] /home/dee/dev/rick-major-review/pdfbox/pdfbox/src/test/java/org/apache/pdfbox/util/MatrixTest.java:[199,19] [deprecation] multiply(Matrix,Matrix) in Matrix has been deprecated
[WARNING] /home/dee/dev/rick-major-review/pdfbox/pdfbox/src/test/java/org/apache/pdfbox/util/MatrixTest.java:[208,19] [deprecation] multiply(Matrix,Matrix) in Matrix has been deprecated
[WARNING] /home/dee/dev/rick-major-review/pdfbox/pdfbox/src/test/java/org/apache/pdfbox/util/MatrixTest.java:[218,9] [deprecation] multiply(Matrix,Matrix) in Matrix has been deprecated
[WARNING] /home/dee/dev/rick-major-review/pdfbox/pdfbox/src/test/java/org/apache/pdfbox/util/MatrixTest.java:[226,9] [deprecation] multiply(Matrix,Matrix) in Matrix has been deprecated
[WARNING] /home/dee/dev/rick-major-review/pdfbox/pdfbox/src/test/java/org/apache/pdfbox/util/MatrixTest.java:[234,9] [deprecation] multiply(Matrix,Matrix) in Matrix has been deprecated
[WARNING] /home/dee/dev/rick-major-review/pdfbox/pdfbox/src/test/java/org/apache/pdfbox/util/MatrixTest.java:[242,9] [deprecation] multiply(Matrix,Matrix) in Matrix has been deprecated
[WARNING] /home/dee/dev/rick-major-review/pdfbox/pdfbox/src/test/java/org/apache/pdfbox/cos/COSObjectKeyTest.java:[27,55] [deprecation] none() in ExpectedException has been deprecated
[INFO] 
[INFO] --- maven-surefire-plugin:2.22.2:test (default-test) @ pdfbox ---
[INFO] Tests are skipped.
[INFO] 
[INFO] --- animal-sniffer-maven-plugin:1.17:check (check-java-version) @ pdfbox ---
[INFO] Signature checking is skipped.
[INFO] 
[INFO] --- maven-bundle-plugin:3.5.1:bundle (default-bundle) @ pdfbox ---
[INFO] 
[INFO] --- maven-site-plugin:3.7:attach-descriptor (attach-descriptor) @ pdfbox ---
[INFO] Skipping because packaging 'bundle' is not pom.
[INFO] 
[INFO] >>> maven-source-plugin:3.0.1:jar (attach-sources) > generate-sources @ pdfbox >>>
[INFO] 
[INFO] --- maven-enforcer-plugin:1.4.1:enforce (default) @ pdfbox ---
[INFO] 
[INFO] --- maven-enforcer-plugin:1.4.1:enforce (enforce-maven-version) @ pdfbox ---
[INFO] 
[INFO] <<< maven-source-plugin:3.0.1:jar (attach-sources) < generate-sources @ pdfbox <<<
[INFO] 
[INFO] 
[INFO] --- maven-source-plugin:3.0.1:jar (attach-sources) @ pdfbox ---
[INFO] Building jar: /home/dee/dev/rick-major-review/pdfbox/pdfbox/target/pdfbox-2.0.24-sources.jar
[INFO] 
[INFO] --- maven-install-plugin:2.5.2:install (default-install) @ pdfbox ---
[INFO] Installing /home/dee/dev/rick-major-review/pdfbox/pdfbox/target/pdfbox-2.0.24.jar to /home/dee/.m2/repository/org/apache/pdfbox/pdfbox/2.0.24/pdfbox-2.0.24.jar
[INFO] Installing /home/dee/dev/rick-major-review/pdfbox/pdfbox/pom.xml to /home/dee/.m2/repository/org/apache/pdfbox/pdfbox/2.0.24/pdfbox-2.0.24.pom
[INFO] Installing /home/dee/dev/rick-major-review/pdfbox/pdfbox/target/pdfbox-2.0.24-sources.jar to /home/dee/.m2/repository/org/apache/pdfbox/pdfbox/2.0.24/pdfbox-2.0.24-sources.jar
[INFO] 
[INFO] --- maven-bundle-plugin:3.5.1:install (default-install) @ pdfbox ---
[INFO] Installing org/apache/pdfbox/pdfbox/2.0.24/pdfbox-2.0.24.jar
[INFO] Writing OBR metadata
[INFO] ------------------------------------------------------------------------
[INFO] BUILD SUCCESS
[INFO] ------------------------------------------------------------------------
[INFO] Total time:  41.089 s
[INFO] Finished at: 2023-06-11T08:15:46+02:00
[INFO] ------------------------------------------------------------------------


---------------------------------------------------
[BASELINE] Not evaluating any oracle
[LOG] Replacing original RICK test with variant baseline
[LOG] Invoking cp /home/dee/dev/rick-experiments/mutation-analysis/output/visitFromName_COSName/test-baseline.java /home/dee/dev/rick-major-review/pdfbox/rick-major/src/test/java/org/apache/pdfbox/pdfwriter/TestCOSWriterRickGenVisitFromName.java
[LOG] In test module directory /home/dee/dev/rick-major-review/pdfbox/rick-major
[LOG] Invoked tests with ['mvn', 'test', '-Dtest=TestCOSWriterRickGenVisitFromName']
[INFO] Scanning for projects...
[INFO] 
[INFO] --------------------< org.apache.pdfbox:rick-major >--------------------
[INFO] Building rick-major 2.0.24
[INFO] --------------------------------[ jar ]---------------------------------
[INFO] 
[INFO] --- maven-enforcer-plugin:1.4.1:enforce (default) @ rick-major ---
[INFO] 
[INFO] --- maven-enforcer-plugin:1.4.1:enforce (enforce-maven-version) @ rick-major ---
[INFO] 
[INFO] --- maven-remote-resources-plugin:1.5:process (process-resource-bundles) @ rick-major ---
[INFO] 
[INFO] --- maven-resources-plugin:3.0.2:resources (default-resources) @ rick-major ---
[INFO] Using 'UTF-8' encoding to copy filtered resources.
[INFO] Copying 0 resource
[INFO] Copying 3 resources
[INFO] 
[INFO] --- maven-compiler-plugin:3.6.0:compile (default-compile) @ rick-major ---
[INFO] Nothing to compile - all classes are up to date
[INFO] 
[INFO] --- maven-resources-plugin:3.0.2:testResources (default-testResources) @ rick-major ---
[INFO] Using 'UTF-8' encoding to copy filtered resources.
[INFO] Copying 72 resources
[INFO] Copying 3 resources
[INFO] 
[INFO] --- maven-compiler-plugin:3.6.0:testCompile (default-testCompile) @ rick-major ---
[INFO] Changes detected - recompiling the module!
[INFO] Compiling 38 source files to /home/dee/dev/rick-major-review/pdfbox/rick-major/target/test-classes
[INFO] 
[INFO] --- maven-surefire-plugin:2.22.2:test (default-test) @ rick-major ---
[INFO] 
[INFO] -------------------------------------------------------
[INFO]  T E S T S
[INFO] -------------------------------------------------------
[INFO] Running org.apache.pdfbox.pdfwriter.TestCOSWriterRickGenVisitFromName
[ERROR] Tests run: 2, Failures: 0, Errors: 2, Skipped: 0, Time elapsed: 12.496 s <<< FAILURE! - in org.apache.pdfbox.pdfwriter.TestCOSWriterRickGenVisitFromName
[ERROR] test_visitFromName_CO_b6a6cdb1d2a540f6ab146b740ed191a3  Time elapsed: 6.891 s  <<< ERROR!
java.lang.NullPointerException
	at org.apache.pdfbox.pdfwriter.TestCOSWriterRickGenVisitFromName.test_visitFromName_CO_b6a6cdb1d2a540f6ab146b740ed191a3(TestCOSWriterRickGenVisitFromName.java:62)

[ERROR] test_visitFromName_PO_b6a6cdb1d2a540f6ab146b740ed191a3  Time elapsed: 4.863 s  <<< ERROR!
java.lang.NullPointerException
	at org.apache.pdfbox.pdfwriter.TestCOSWriterRickGenVisitFromName.test_visitFromName_PO_b6a6cdb1d2a540f6ab146b740ed191a3(TestCOSWriterRickGenVisitFromName.java:50)

[INFO] 
[INFO] Results:
[INFO] 
[ERROR] Errors: 
[ERROR]   TestCOSWriterRickGenVisitFromName.test_visitFromName_CO_b6a6cdb1d2a540f6ab146b740ed191a3:62 » NullPointer
[ERROR]   TestCOSWriterRickGenVisitFromName.test_visitFromName_PO_b6a6cdb1d2a540f6ab146b740ed191a3:50 » NullPointer
[INFO] 
[ERROR] Tests run: 2, Failures: 0, Errors: 2, Skipped: 0
[INFO] 
[INFO] ------------------------------------------------------------------------
[INFO] BUILD FAILURE
[INFO] ------------------------------------------------------------------------
[INFO] Total time:  25.464 s
[INFO] Finished at: 2023-06-11T08:16:15+02:00
[INFO] ------------------------------------------------------------------------
[ERROR] Failed to execute goal org.apache.maven.plugins:maven-surefire-plugin:2.22.2:test (default-test) on project rick-major: There are test failures.
[ERROR] 
[ERROR] Please refer to /home/dee/dev/rick-major-review/pdfbox/rick-major/target/surefire-reports for the individual test results.
[ERROR] Please refer to dump files (if any exist) [date].dump, [date]-jvmRun[N].dump and [date].dumpstream.
[ERROR] -> [Help 1]
[ERROR] 
[ERROR] To see the full stack trace of the errors, re-run Maven with the -e switch.
[ERROR] Re-run Maven using the -X switch to enable full debug logging.
[ERROR] 
[ERROR] For more information about the errors and possible solutions, please read the following articles:
[ERROR] [Help 1] http://cwiki.apache.org/confluence/display/MAVEN/MojoFailureException

Security framework of XStream not initialized, XStream is probably vulnerable.

---------------------------------------------------
[LOG] Cleaned targets with ['mvn', 'clean']
[INFO] Scanning for projects...
[INFO] 
[INFO] --------------------< org.apache.pdfbox:rick-major >--------------------
[INFO] Building rick-major 2.0.24
[INFO] --------------------------------[ jar ]---------------------------------
[INFO] 
[INFO] --- maven-clean-plugin:3.0.0:clean (default-clean) @ rick-major ---
[INFO] Deleting /home/dee/dev/rick-major-review/pdfbox/rick-major/target
[INFO] ------------------------------------------------------------------------
[INFO] BUILD SUCCESS
[INFO] ------------------------------------------------------------------------
[INFO] Total time:  1.520 s
[INFO] Finished at: 2023-06-11T08:16:20+02:00
[INFO] ------------------------------------------------------------------------


---------------------------------------------------
[LOG] In experiment directory /home/dee/dev/rick-experiments/mutation-analysis
---------------------------------------------------
[LOG] Restoring original RICK test from ./COSWriter.java/original-test.java
[LOG] Invoking cp ./COSWriter.java/original-test.java /home/dee/dev/rick-major-review/pdfbox/rick-major/src/test/java/org/apache/pdfbox/pdfwriter/TestCOSWriterRickGenVisitFromName.java
---------------------------------------------------
[PO] Evaluating only PO
[LOG] Replacing original RICK test with variant po
[LOG] Invoking cp /home/dee/dev/rick-experiments/mutation-analysis/output/visitFromName_COSName/test-po.java /home/dee/dev/rick-major-review/pdfbox/rick-major/src/test/java/org/apache/pdfbox/pdfwriter/TestCOSWriterRickGenVisitFromName.java
[LOG] In test module directory /home/dee/dev/rick-major-review/pdfbox/rick-major
[LOG] Invoked tests with ['mvn', 'test', '-Dtest=TestCOSWriterRickGenVisitFromName']
[INFO] Scanning for projects...
[INFO] 
[INFO] --------------------< org.apache.pdfbox:rick-major >--------------------
[INFO] Building rick-major 2.0.24
[INFO] --------------------------------[ jar ]---------------------------------
[INFO] 
[INFO] --- maven-enforcer-plugin:1.4.1:enforce (default) @ rick-major ---
[INFO] 
[INFO] --- maven-enforcer-plugin:1.4.1:enforce (enforce-maven-version) @ rick-major ---
[INFO] 
[INFO] --- maven-remote-resources-plugin:1.5:process (process-resource-bundles) @ rick-major ---
[INFO] 
[INFO] --- maven-resources-plugin:3.0.2:resources (default-resources) @ rick-major ---
[INFO] Using 'UTF-8' encoding to copy filtered resources.
[INFO] Copying 0 resource
[INFO] Copying 3 resources
[INFO] 
[INFO] --- maven-compiler-plugin:3.6.0:compile (default-compile) @ rick-major ---
[INFO] Nothing to compile - all classes are up to date
[INFO] 
[INFO] --- maven-resources-plugin:3.0.2:testResources (default-testResources) @ rick-major ---
[INFO] Using 'UTF-8' encoding to copy filtered resources.
[INFO] Copying 72 resources
[INFO] Copying 3 resources
[INFO] 
[INFO] --- maven-compiler-plugin:3.6.0:testCompile (default-testCompile) @ rick-major ---
[INFO] Changes detected - recompiling the module!
[INFO] Compiling 38 source files to /home/dee/dev/rick-major-review/pdfbox/rick-major/target/test-classes
[INFO] 
[INFO] --- maven-surefire-plugin:2.22.2:test (default-test) @ rick-major ---
[INFO] 
[INFO] -------------------------------------------------------
[INFO]  T E S T S
[INFO] -------------------------------------------------------
[INFO] Running org.apache.pdfbox.pdfwriter.TestCOSWriterRickGenVisitFromName
[ERROR] Tests run: 2, Failures: 0, Errors: 2, Skipped: 0, Time elapsed: 13.114 s <<< FAILURE! - in org.apache.pdfbox.pdfwriter.TestCOSWriterRickGenVisitFromName
[ERROR] test_visitFromName_CO_b6a6cdb1d2a540f6ab146b740ed191a3  Time elapsed: 7.281 s  <<< ERROR!
java.lang.NullPointerException
	at org.apache.pdfbox.pdfwriter.TestCOSWriterRickGenVisitFromName.test_visitFromName_CO_b6a6cdb1d2a540f6ab146b740ed191a3(TestCOSWriterRickGenVisitFromName.java:62)

[ERROR] test_visitFromName_PO_b6a6cdb1d2a540f6ab146b740ed191a3  Time elapsed: 4.898 s  <<< ERROR!
java.lang.NullPointerException
	at org.apache.pdfbox.pdfwriter.TestCOSWriterRickGenVisitFromName.test_visitFromName_PO_b6a6cdb1d2a540f6ab146b740ed191a3(TestCOSWriterRickGenVisitFromName.java:50)

[INFO] 
[INFO] Results:
[INFO] 
[ERROR] Errors: 
[ERROR]   TestCOSWriterRickGenVisitFromName.test_visitFromName_CO_b6a6cdb1d2a540f6ab146b740ed191a3:62 » NullPointer
[ERROR]   TestCOSWriterRickGenVisitFromName.test_visitFromName_PO_b6a6cdb1d2a540f6ab146b740ed191a3:50 » NullPointer
[INFO] 
[ERROR] Tests run: 2, Failures: 0, Errors: 2, Skipped: 0
[INFO] 
[INFO] ------------------------------------------------------------------------
[INFO] BUILD FAILURE
[INFO] ------------------------------------------------------------------------
[INFO] Total time:  27.076 s
[INFO] Finished at: 2023-06-11T08:16:51+02:00
[INFO] ------------------------------------------------------------------------
[ERROR] Failed to execute goal org.apache.maven.plugins:maven-surefire-plugin:2.22.2:test (default-test) on project rick-major: There are test failures.
[ERROR] 
[ERROR] Please refer to /home/dee/dev/rick-major-review/pdfbox/rick-major/target/surefire-reports for the individual test results.
[ERROR] Please refer to dump files (if any exist) [date].dump, [date]-jvmRun[N].dump and [date].dumpstream.
[ERROR] -> [Help 1]
[ERROR] 
[ERROR] To see the full stack trace of the errors, re-run Maven with the -e switch.
[ERROR] Re-run Maven using the -X switch to enable full debug logging.
[ERROR] 
[ERROR] For more information about the errors and possible solutions, please read the following articles:
[ERROR] [Help 1] http://cwiki.apache.org/confluence/display/MAVEN/MojoFailureException

Security framework of XStream not initialized, XStream is probably vulnerable.

---------------------------------------------------
[LOG] Cleaned targets with ['mvn', 'clean']
[INFO] Scanning for projects...
[INFO] 
[INFO] --------------------< org.apache.pdfbox:rick-major >--------------------
[INFO] Building rick-major 2.0.24
[INFO] --------------------------------[ jar ]---------------------------------
[INFO] 
[INFO] --- maven-clean-plugin:3.0.0:clean (default-clean) @ rick-major ---
[INFO] Deleting /home/dee/dev/rick-major-review/pdfbox/rick-major/target
[INFO] ------------------------------------------------------------------------
[INFO] BUILD SUCCESS
[INFO] ------------------------------------------------------------------------
[INFO] Total time:  1.465 s
[INFO] Finished at: 2023-06-11T08:16:56+02:00
[INFO] ------------------------------------------------------------------------


---------------------------------------------------
[LOG] In experiment directory /home/dee/dev/rick-experiments/mutation-analysis
---------------------------------------------------
[LOG] Restoring original RICK test from ./COSWriter.java/original-test.java
[LOG] Invoking cp ./COSWriter.java/original-test.java /home/dee/dev/rick-major-review/pdfbox/rick-major/src/test/java/org/apache/pdfbox/pdfwriter/TestCOSWriterRickGenVisitFromName.java
---------------------------------------------------
[CO] Evaluating only CO
[LOG] Replacing original RICK test with variant co
[LOG] Invoking cp /home/dee/dev/rick-experiments/mutation-analysis/output/visitFromName_COSName/test-co.java /home/dee/dev/rick-major-review/pdfbox/rick-major/src/test/java/org/apache/pdfbox/pdfwriter/TestCOSWriterRickGenVisitFromName.java
[LOG] In test module directory /home/dee/dev/rick-major-review/pdfbox/rick-major
[LOG] Invoked tests with ['mvn', 'test', '-Dtest=TestCOSWriterRickGenVisitFromName']
[INFO] Scanning for projects...
[INFO] 
[INFO] --------------------< org.apache.pdfbox:rick-major >--------------------
[INFO] Building rick-major 2.0.24
[INFO] --------------------------------[ jar ]---------------------------------
[INFO] 
[INFO] --- maven-enforcer-plugin:1.4.1:enforce (default) @ rick-major ---
[INFO] 
[INFO] --- maven-enforcer-plugin:1.4.1:enforce (enforce-maven-version) @ rick-major ---
[INFO] 
[INFO] --- maven-remote-resources-plugin:1.5:process (process-resource-bundles) @ rick-major ---
[INFO] 
[INFO] --- maven-resources-plugin:3.0.2:resources (default-resources) @ rick-major ---
[INFO] Using 'UTF-8' encoding to copy filtered resources.
[INFO] Copying 0 resource
[INFO] Copying 3 resources
[INFO] 
[INFO] --- maven-compiler-plugin:3.6.0:compile (default-compile) @ rick-major ---
[INFO] Nothing to compile - all classes are up to date
[INFO] 
[INFO] --- maven-resources-plugin:3.0.2:testResources (default-testResources) @ rick-major ---
[INFO] Using 'UTF-8' encoding to copy filtered resources.
[INFO] Copying 72 resources
[INFO] Copying 3 resources
[INFO] 
[INFO] --- maven-compiler-plugin:3.6.0:testCompile (default-testCompile) @ rick-major ---
[INFO] Changes detected - recompiling the module!
[INFO] Compiling 38 source files to /home/dee/dev/rick-major-review/pdfbox/rick-major/target/test-classes
[INFO] 
[INFO] --- maven-surefire-plugin:2.22.2:test (default-test) @ rick-major ---
[INFO] 
[INFO] -------------------------------------------------------
[INFO]  T E S T S
[INFO] -------------------------------------------------------
[INFO] Running org.apache.pdfbox.pdfwriter.TestCOSWriterRickGenVisitFromName
[ERROR] Tests run: 2, Failures: 0, Errors: 2, Skipped: 0, Time elapsed: 12.569 s <<< FAILURE! - in org.apache.pdfbox.pdfwriter.TestCOSWriterRickGenVisitFromName
[ERROR] test_visitFromName_CO_b6a6cdb1d2a540f6ab146b740ed191a3  Time elapsed: 7.117 s  <<< ERROR!
java.lang.NullPointerException
	at org.apache.pdfbox.pdfwriter.TestCOSWriterRickGenVisitFromName.test_visitFromName_CO_b6a6cdb1d2a540f6ab146b740ed191a3(TestCOSWriterRickGenVisitFromName.java:62)

[ERROR] test_visitFromName_PO_b6a6cdb1d2a540f6ab146b740ed191a3  Time elapsed: 4.694 s  <<< ERROR!
java.lang.NullPointerException
	at org.apache.pdfbox.pdfwriter.TestCOSWriterRickGenVisitFromName.test_visitFromName_PO_b6a6cdb1d2a540f6ab146b740ed191a3(TestCOSWriterRickGenVisitFromName.java:50)

[INFO] 
[INFO] Results:
[INFO] 
[ERROR] Errors: 
[ERROR]   TestCOSWriterRickGenVisitFromName.test_visitFromName_CO_b6a6cdb1d2a540f6ab146b740ed191a3:62 » NullPointer
[ERROR]   TestCOSWriterRickGenVisitFromName.test_visitFromName_PO_b6a6cdb1d2a540f6ab146b740ed191a3:50 » NullPointer
[INFO] 
[ERROR] Tests run: 2, Failures: 0, Errors: 2, Skipped: 0
[INFO] 
[INFO] ------------------------------------------------------------------------
[INFO] BUILD FAILURE
[INFO] ------------------------------------------------------------------------
[INFO] Total time:  25.333 s
[INFO] Finished at: 2023-06-11T08:17:25+02:00
[INFO] ------------------------------------------------------------------------
[ERROR] Failed to execute goal org.apache.maven.plugins:maven-surefire-plugin:2.22.2:test (default-test) on project rick-major: There are test failures.
[ERROR] 
[ERROR] Please refer to /home/dee/dev/rick-major-review/pdfbox/rick-major/target/surefire-reports for the individual test results.
[ERROR] Please refer to dump files (if any exist) [date].dump, [date]-jvmRun[N].dump and [date].dumpstream.
[ERROR] -> [Help 1]
[ERROR] 
[ERROR] To see the full stack trace of the errors, re-run Maven with the -e switch.
[ERROR] Re-run Maven using the -X switch to enable full debug logging.
[ERROR] 
[ERROR] For more information about the errors and possible solutions, please read the following articles:
[ERROR] [Help 1] http://cwiki.apache.org/confluence/display/MAVEN/MojoFailureException

Security framework of XStream not initialized, XStream is probably vulnerable.

---------------------------------------------------
[LOG] Cleaned targets with ['mvn', 'clean']
[INFO] Scanning for projects...
[INFO] 
[INFO] --------------------< org.apache.pdfbox:rick-major >--------------------
[INFO] Building rick-major 2.0.24
[INFO] --------------------------------[ jar ]---------------------------------
[INFO] 
[INFO] --- maven-clean-plugin:3.0.0:clean (default-clean) @ rick-major ---
[INFO] Deleting /home/dee/dev/rick-major-review/pdfbox/rick-major/target
[INFO] ------------------------------------------------------------------------
[INFO] BUILD SUCCESS
[INFO] ------------------------------------------------------------------------
[INFO] Total time:  1.338 s
[INFO] Finished at: 2023-06-11T08:17:30+02:00
[INFO] ------------------------------------------------------------------------


---------------------------------------------------
[LOG] In experiment directory /home/dee/dev/rick-experiments/mutation-analysis
---------------------------------------------------
[LOG] Restoring original RICK test from ./COSWriter.java/original-test.java
[LOG] Invoking cp ./COSWriter.java/original-test.java /home/dee/dev/rick-major-review/pdfbox/rick-major/src/test/java/org/apache/pdfbox/pdfwriter/TestCOSWriterRickGenVisitFromName.java
---------------------------------------------------
[ALL] Evaluating (OO +) PO + CO
[LOG] Restoring original RICK test from ./COSWriter.java/original-test.java
[LOG] Invoking cp ./COSWriter.java/original-test.java /home/dee/dev/rick-major-review/pdfbox/rick-major/src/test/java/org/apache/pdfbox/pdfwriter/TestCOSWriterRickGenVisitFromName.java
[LOG] In test module directory /home/dee/dev/rick-major-review/pdfbox/rick-major
[LOG] Invoked tests with ['mvn', 'test', '-Dtest=TestCOSWriterRickGenVisitFromName']
[INFO] Scanning for projects...
[INFO] 
[INFO] --------------------< org.apache.pdfbox:rick-major >--------------------
[INFO] Building rick-major 2.0.24
[INFO] --------------------------------[ jar ]---------------------------------
[INFO] 
[INFO] --- maven-enforcer-plugin:1.4.1:enforce (default) @ rick-major ---
[INFO] 
[INFO] --- maven-enforcer-plugin:1.4.1:enforce (enforce-maven-version) @ rick-major ---
[INFO] 
[INFO] --- maven-remote-resources-plugin:1.5:process (process-resource-bundles) @ rick-major ---
[INFO] 
[INFO] --- maven-resources-plugin:3.0.2:resources (default-resources) @ rick-major ---
[INFO] Using 'UTF-8' encoding to copy filtered resources.
[INFO] Copying 0 resource
[INFO] Copying 3 resources
[INFO] 
[INFO] --- maven-compiler-plugin:3.6.0:compile (default-compile) @ rick-major ---
[INFO] Nothing to compile - all classes are up to date
[INFO] 
[INFO] --- maven-resources-plugin:3.0.2:testResources (default-testResources) @ rick-major ---
[INFO] Using 'UTF-8' encoding to copy filtered resources.
[INFO] Copying 72 resources
[INFO] Copying 3 resources
[INFO] 
[INFO] --- maven-compiler-plugin:3.6.0:testCompile (default-testCompile) @ rick-major ---
[INFO] Changes detected - recompiling the module!
[INFO] Compiling 38 source files to /home/dee/dev/rick-major-review/pdfbox/rick-major/target/test-classes
[INFO] 
[INFO] --- maven-surefire-plugin:2.22.2:test (default-test) @ rick-major ---
[INFO] 
[INFO] -------------------------------------------------------
[INFO]  T E S T S
[INFO] -------------------------------------------------------
[INFO] Running org.apache.pdfbox.pdfwriter.TestCOSWriterRickGenVisitFromName
[ERROR] Tests run: 2, Failures: 0, Errors: 2, Skipped: 0, Time elapsed: 12.873 s <<< FAILURE! - in org.apache.pdfbox.pdfwriter.TestCOSWriterRickGenVisitFromName
[ERROR] test_visitFromName_CO_b6a6cdb1d2a540f6ab146b740ed191a3  Time elapsed: 6.878 s  <<< ERROR!
java.lang.NullPointerException
	at org.apache.pdfbox.pdfwriter.TestCOSWriterRickGenVisitFromName.test_visitFromName_CO_b6a6cdb1d2a540f6ab146b740ed191a3(TestCOSWriterRickGenVisitFromName.java:62)

[ERROR] test_visitFromName_PO_b6a6cdb1d2a540f6ab146b740ed191a3  Time elapsed: 5.227 s  <<< ERROR!
java.lang.NullPointerException
	at org.apache.pdfbox.pdfwriter.TestCOSWriterRickGenVisitFromName.test_visitFromName_PO_b6a6cdb1d2a540f6ab146b740ed191a3(TestCOSWriterRickGenVisitFromName.java:50)

[INFO] 
[INFO] Results:
[INFO] 
[ERROR] Errors: 
[ERROR]   TestCOSWriterRickGenVisitFromName.test_visitFromName_CO_b6a6cdb1d2a540f6ab146b740ed191a3:62 » NullPointer
[ERROR]   TestCOSWriterRickGenVisitFromName.test_visitFromName_PO_b6a6cdb1d2a540f6ab146b740ed191a3:50 » NullPointer
[INFO] 
[ERROR] Tests run: 2, Failures: 0, Errors: 2, Skipped: 0
[INFO] 
[INFO] ------------------------------------------------------------------------
[INFO] BUILD FAILURE
[INFO] ------------------------------------------------------------------------
[INFO] Total time:  26.401 s
[INFO] Finished at: 2023-06-11T08:18:00+02:00
[INFO] ------------------------------------------------------------------------
[ERROR] Failed to execute goal org.apache.maven.plugins:maven-surefire-plugin:2.22.2:test (default-test) on project rick-major: There are test failures.
[ERROR] 
[ERROR] Please refer to /home/dee/dev/rick-major-review/pdfbox/rick-major/target/surefire-reports for the individual test results.
[ERROR] Please refer to dump files (if any exist) [date].dump, [date]-jvmRun[N].dump and [date].dumpstream.
[ERROR] -> [Help 1]
[ERROR] 
[ERROR] To see the full stack trace of the errors, re-run Maven with the -e switch.
[ERROR] Re-run Maven using the -X switch to enable full debug logging.
[ERROR] 
[ERROR] For more information about the errors and possible solutions, please read the following articles:
[ERROR] [Help 1] http://cwiki.apache.org/confluence/display/MAVEN/MojoFailureException

Security framework of XStream not initialized, XStream is probably vulnerable.

---------------------------------------------------
[LOG] Cleaned targets with ['mvn', 'clean']
[INFO] Scanning for projects...
[INFO] 
[INFO] --------------------< org.apache.pdfbox:rick-major >--------------------
[INFO] Building rick-major 2.0.24
[INFO] --------------------------------[ jar ]---------------------------------
[INFO] 
[INFO] --- maven-clean-plugin:3.0.0:clean (default-clean) @ rick-major ---
[INFO] Deleting /home/dee/dev/rick-major-review/pdfbox/rick-major/target
[INFO] ------------------------------------------------------------------------
[INFO] BUILD SUCCESS
[INFO] ------------------------------------------------------------------------
[INFO] Total time:  1.288 s
[INFO] Finished at: 2023-06-11T08:18:05+02:00
[INFO] ------------------------------------------------------------------------


---------------------------------------------------
[LOG] In experiment directory /home/dee/dev/rick-experiments/mutation-analysis
---------------------------------------------------
---------------------------------------------------
[LOG] Resetting COSWriter.java to original
[LOG] Invoking cp ./COSWriter.java/original.java /home/dee/dev/rick-major-review/pdfbox/pdfbox/src/main/java/org/apache/pdfbox/pdfwriter/COSWriter.java
---------------------------------------------------
[LOG] Replacing originalCOSWriter.java with ./COSWriter.java/94.java
[LOG] Invoking cp ./COSWriter.java/94.java /home/dee/dev/rick-major-review/pdfbox/pdfbox/src/main/java/org/apache/pdfbox/pdfwriter/COSWriter.java
[LOG] Invoked a clean install of the parent module with ['mvn', 'clean', 'install', '-DskipTests']
[INFO] Scanning for projects...
[INFO] 
[INFO] ----------------------< org.apache.pdfbox:pdfbox >----------------------
[INFO] Building Apache PDFBox 2.0.24
[INFO] -------------------------------[ bundle ]-------------------------------
[INFO] 
[INFO] --- maven-clean-plugin:3.0.0:clean (default-clean) @ pdfbox ---
[INFO] Deleting /home/dee/dev/rick-major-review/pdfbox/pdfbox/target
[INFO] 
[INFO] --- maven-enforcer-plugin:1.4.1:enforce (default) @ pdfbox ---
[INFO] 
[INFO] --- maven-enforcer-plugin:1.4.1:enforce (enforce-maven-version) @ pdfbox ---
[INFO] 
[INFO] --- maven-remote-resources-plugin:1.5:process (process-resource-bundles) @ pdfbox ---
[INFO] 
[INFO] --- maven-resources-plugin:3.0.2:resources (default-resources) @ pdfbox ---
[INFO] Using 'UTF-8' encoding to copy filtered resources.
[INFO] Copying 1 resource
[INFO] Copying 21 resources
[INFO] Copying 3 resources
[INFO] 
[INFO] --- maven-compiler-plugin:3.6.0:compile (default-compile) @ pdfbox ---
[INFO] Changes detected - recompiling the module!
[INFO] Compiling 609 source files to /home/dee/dev/rick-major-review/pdfbox/pdfbox/target/classes
[WARNING] To suppress warnings about obsolete options, use -Xlint:-options.
/home/dee/dev/rick-major-review/pdfbox/pdfbox/src/main/java/org/apache/pdfbox/pdmodel/PDDocument.java:[471,96] [deprecation] toList() in COSArrayList has been deprecated
[WARNING] /home/dee/dev/rick-major-review/pdfbox/pdfbox/src/main/java/org/apache/pdfbox/pdmodel/PDDocument.java:[471,45] [deprecation] toList() in COSArrayList has been deprecated
[WARNING] /home/dee/dev/rick-major-review/pdfbox/pdfbox/src/main/java/org/apache/pdfbox/pdmodel/font/PDType3Font.java:[196,17] [deprecation] getHeight(int) in PDFontLike has been deprecated
[WARNING] /home/dee/dev/rick-major-review/pdfbox/pdfbox/src/main/java/org/apache/pdfbox/text/LegacyPDFStreamEngine.java:[152,19] [deprecation] showGlyph(Matrix,PDFont,int,String,Vector) in PDFStreamEngine has been deprecated
[WARNING] /home/dee/dev/rick-major-review/pdfbox/pdfbox/src/main/java/org/apache/pdfbox/pdmodel/font/PDTrueTypeFont.java:[375,17] [deprecation] getHeight(int) in PDFontLike has been deprecated
[WARNING] /home/dee/dev/rick-major-review/pdfbox/pdfbox/src/main/java/org/apache/pdfbox/pdmodel/font/PDType0Font.java:[414,17] [deprecation] getHeight(int) in PDFontLike has been deprecated
[WARNING] /home/dee/dev/rick-major-review/pdfbox/pdfbox/src/main/java/org/apache/pdfbox/pdmodel/font/PDType0Font.java:[416,29] [deprecation] getHeight(int) in PDFontLike has been deprecated
[WARNING] /home/dee/dev/rick-major-review/pdfbox/pdfbox/src/main/java/org/apache/pdfbox/pdmodel/font/TrueTypeEmbedder.java:[120,18] [deprecation] getUnicodeCmap() in TrueTypeFont has been deprecated
[WARNING] /home/dee/dev/rick-major-review/pdfbox/pdfbox/src/main/java/org/apache/pdfbox/pdmodel/font/PDType1Font.java:[395,17] [deprecation] getHeight(int) in PDFontLike has been deprecated
[WARNING] /home/dee/dev/rick-major-review/pdfbox/pdfbox/src/main/java/org/apache/pdfbox/cos/UnmodifiableCOSDictionary.java:[286,16] [deprecation] mergeInto(COSDictionary) in COSDictionary has been deprecated
[WARNING] /home/dee/dev/rick-major-review/pdfbox/pdfbox/src/main/java/org/apache/pdfbox/pdmodel/font/PDCIDFontType0.java:[439,17] [deprecation] getHeight(int) in PDFontLike has been deprecated
[WARNING] /home/dee/dev/rick-major-review/pdfbox/pdfbox/src/main/java/org/apache/pdfbox/pdmodel/font/PDType1CFont.java:[304,17] [deprecation] getHeight(int) in PDFontLike has been deprecated
[WARNING] /home/dee/dev/rick-major-review/pdfbox/pdfbox/src/main/java/org/apache/pdfbox/pdmodel/font/PDCIDFontType2.java:[312,17] [deprecation] getHeight(int) in PDFontLike has been deprecated
[INFO] 
[INFO] --- download-maven-plugin:1.5.1:wget (PDFBOX-1031-1) @ pdfbox ---
[INFO] maven-download-plugin:wget skipped
[INFO] 
[INFO] --- download-maven-plugin:1.5.1:wget (PDFBOX-1031-2) @ pdfbox ---
[INFO] maven-download-plugin:wget skipped
[INFO] 
[INFO] --- download-maven-plugin:1.5.1:wget (PDFBOX-1065-1) @ pdfbox ---
[INFO] maven-download-plugin:wget skipped
[INFO] 
[INFO] --- download-maven-plugin:1.5.1:wget (PDFBOX-1065-2) @ pdfbox ---
[INFO] maven-download-plugin:wget skipped
[INFO] 
[INFO] --- download-maven-plugin:1.5.1:wget (PDFBOX-1100-1) @ pdfbox ---
[INFO] maven-download-plugin:wget skipped
[INFO] 
[INFO] --- download-maven-plugin:1.5.1:wget (PDFBOX-1100-2) @ pdfbox ---
[INFO] maven-download-plugin:wget skipped
[INFO] 
[INFO] --- download-maven-plugin:1.5.1:wget (PDFBOX-3208) @ pdfbox ---
[INFO] maven-download-plugin:wget skipped
[INFO] 
[INFO] --- download-maven-plugin:1.5.1:wget (PDFBOX-3656) @ pdfbox ---
[INFO] maven-download-plugin:wget skipped
[INFO] 
[INFO] --- download-maven-plugin:1.5.1:wget (PDFBOX-3682) @ pdfbox ---
[INFO] maven-download-plugin:wget skipped
[INFO] 
[INFO] --- download-maven-plugin:1.5.1:wget (PDFBOX-3940) @ pdfbox ---
[INFO] maven-download-plugin:wget skipped
[INFO] 
[INFO] --- download-maven-plugin:1.5.1:wget (PDFBOX-3783) @ pdfbox ---
[INFO] maven-download-plugin:wget skipped
[INFO] 
[INFO] --- download-maven-plugin:1.5.1:wget (PDFBOX-3785) @ pdfbox ---
[INFO] maven-download-plugin:wget skipped
[INFO] 
[INFO] --- download-maven-plugin:1.5.1:wget (PDFBOX-3947) @ pdfbox ---
[INFO] maven-download-plugin:wget skipped
[INFO] 
[INFO] --- download-maven-plugin:1.5.1:wget (PDFBOX-3948) @ pdfbox ---
[INFO] maven-download-plugin:wget skipped
[INFO] 
[INFO] --- download-maven-plugin:1.5.1:wget (PDFBOX-3949) @ pdfbox ---
[INFO] maven-download-plugin:wget skipped
[INFO] 
[INFO] --- download-maven-plugin:1.5.1:wget (PDFBOX-3950) @ pdfbox ---
[INFO] maven-download-plugin:wget skipped
[INFO] 
[INFO] --- download-maven-plugin:1.5.1:wget (PDFBOX-3951) @ pdfbox ---
[INFO] maven-download-plugin:wget skipped
[INFO] 
[INFO] --- download-maven-plugin:1.5.1:wget (PDFBOX-3964) @ pdfbox ---
[INFO] maven-download-plugin:wget skipped
[INFO] 
[INFO] --- download-maven-plugin:1.5.1:wget (PDFBOX-3977) @ pdfbox ---
[INFO] maven-download-plugin:wget skipped
[INFO] 
[INFO] --- download-maven-plugin:1.5.1:wget (Genko) @ pdfbox ---
[INFO] maven-download-plugin:wget skipped
[INFO] 
[INFO] --- download-maven-plugin:1.5.1:wget (PDFBOX-3999) @ pdfbox ---
[INFO] maven-download-plugin:wget skipped
[INFO] 
[INFO] --- download-maven-plugin:1.5.1:wget (PDFBOX-4106) @ pdfbox ---
[INFO] maven-download-plugin:wget skipped
[INFO] 
[INFO] --- download-maven-plugin:1.5.1:wget (PDFBOX-4106b) @ pdfbox ---
[INFO] maven-download-plugin:wget skipped
[INFO] 
[INFO] --- download-maven-plugin:1.5.1:wget (PDFBOX-4115) @ pdfbox ---
[INFO] maven-download-plugin:wget skipped
[INFO] 
[INFO] --- download-maven-plugin:1.5.1:wget (PDFBOX-4197) @ pdfbox ---
[INFO] maven-download-plugin:wget skipped
[INFO] 
[INFO] --- download-maven-plugin:1.5.1:wget (PDFBOX-4184) @ pdfbox ---
[INFO] maven-download-plugin:wget skipped
[INFO] 
[INFO] --- download-maven-plugin:1.5.1:wget (PDFBOX-4184-2) @ pdfbox ---
[INFO] maven-download-plugin:wget skipped
[INFO] 
[INFO] --- download-maven-plugin:1.5.1:wget (PDFBOX-4308) @ pdfbox ---
[INFO] maven-download-plugin:wget skipped
[INFO] 
[INFO] --- download-maven-plugin:1.5.1:wget (PDFBOX-4338) @ pdfbox ---
[INFO] maven-download-plugin:wget skipped
[INFO] 
[INFO] --- download-maven-plugin:1.5.1:wget (PDFBOX-4339) @ pdfbox ---
[INFO] maven-download-plugin:wget skipped
[INFO] 
[INFO] --- download-maven-plugin:1.5.1:wget (PDFBOX-4408) @ pdfbox ---
[INFO] maven-download-plugin:wget skipped
[INFO] 
[INFO] --- download-maven-plugin:1.5.1:wget (PDFBOX-4418-1) @ pdfbox ---
[INFO] maven-download-plugin:wget skipped
[INFO] 
[INFO] --- download-maven-plugin:1.5.1:wget (PDFBOX-4418-2) @ pdfbox ---
[INFO] maven-download-plugin:wget skipped
[INFO] 
[INFO] --- download-maven-plugin:1.5.1:wget (PDFBOX-4423) @ pdfbox ---
[INFO] maven-download-plugin:wget skipped
[INFO] 
[INFO] --- download-maven-plugin:1.5.1:wget (PDFBOX-4517) @ pdfbox ---
[INFO] maven-download-plugin:wget skipped
[INFO] 
[INFO] --- download-maven-plugin:1.5.1:wget (PDFBOX-4750) @ pdfbox ---
[INFO] maven-download-plugin:wget skipped
[INFO] 
[INFO] --- download-maven-plugin:1.5.1:wget (PDFBOX-4153) @ pdfbox ---
[INFO] maven-download-plugin:wget skipped
[INFO] 
[INFO] --- download-maven-plugin:1.5.1:wget (PDFBOX-4490) @ pdfbox ---
[INFO] maven-download-plugin:wget skipped
[INFO] 
[INFO] --- download-maven-plugin:1.5.1:wget (PDFBOX-5196) @ pdfbox ---
[INFO] maven-download-plugin:wget skipped
[INFO] 
[INFO] --- maven-resources-plugin:3.0.2:testResources (default-testResources) @ pdfbox ---
[INFO] Using 'UTF-8' encoding to copy filtered resources.
[INFO] Copying 229 resources
[INFO] Copying 3 resources
[INFO] 
[INFO] --- maven-compiler-plugin:3.6.0:testCompile (default-testCompile) @ pdfbox ---
[INFO] Changes detected - recompiling the module!
[INFO] Compiling 115 source files to /home/dee/dev/rick-major-review/pdfbox/pdfbox/target/test-classes
[WARNING] To suppress warnings about obsolete options, use -Xlint:-options.
/home/dee/dev/rick-major-review/pdfbox/pdfbox/src/test/java/org/apache/pdfbox/pdmodel/common/COSArrayListTest.java:[27,22] [deprecation] Assert in junit.framework has been deprecated
[WARNING] /home/dee/dev/rick-major-review/pdfbox/pdfbox/src/test/java/org/apache/pdfbox/pdmodel/interactive/form/PDButtonTest.java:[109,19] [deprecation] setPushButton(boolean) in PDButton has been deprecated
[WARNING] /home/dee/dev/rick-major-review/pdfbox/pdfbox/src/test/java/org/apache/pdfbox/pdmodel/interactive/form/PDButtonTest.java:[125,19] [deprecation] setRadioButton(boolean) in PDButton has been deprecated
[WARNING] /home/dee/dev/rick-major-review/pdfbox/pdfbox/src/test/java/org/apache/pdfbox/io/UnmodifiableCOSDictionaryTest.java:[66,37] [deprecation] mergeInto(COSDictionary) in COSDictionary has been deprecated
[WARNING] /home/dee/dev/rick-major-review/pdfbox/pdfbox/src/test/java/org/apache/pdfbox/pdmodel/TestPDPageContentStream.java:[98,21] [deprecation] setNonStrokingColor(int,int,int) in PDPageContentStream has been deprecated
[WARNING] /home/dee/dev/rick-major-review/pdfbox/pdfbox/src/test/java/org/apache/pdfbox/pdmodel/TestPDPageContentStream.java:[100,21] [deprecation] setNonStrokingColor(int) in PDPageContentStream has been deprecated
[WARNING] /home/dee/dev/rick-major-review/pdfbox/pdfbox/src/test/java/org/apache/pdfbox/pdmodel/TestPDPageContentStream.java:[128,21] [deprecation] setStrokingColor(int,int,int) in PDPageContentStream has been deprecated
[WARNING] /home/dee/dev/rick-major-review/pdfbox/pdfbox/src/test/java/org/apache/pdfbox/pdmodel/TestPDPageContentStream.java:[130,21] [deprecation] setStrokingColor(int) in PDPageContentStream has been deprecated
[WARNING] /home/dee/dev/rick-major-review/pdfbox/pdfbox/src/test/java/org/apache/pdfbox/pdmodel/font/PDFontTest.java:[288,36] [deprecation] getHeight(int) in PDFontLike has been deprecated
[WARNING] /home/dee/dev/rick-major-review/pdfbox/pdfbox/src/test/java/org/apache/pdfbox/pdmodel/PageModeTest.java:[27,55] [deprecation] none() in ExpectedException has been deprecated
[WARNING] /home/dee/dev/rick-major-review/pdfbox/pdfbox/src/test/java/org/apache/pdfbox/cos/TestCOSInteger.java:[106,54] [deprecation] doubleValue() in COSInteger has been deprecated
[WARNING] /home/dee/dev/rick-major-review/pdfbox/pdfbox/src/test/java/org/apache/pdfbox/pdmodel/graphics/state/RenderingIntentTest.java:[27,55] [deprecation] none() in ExpectedException has been deprecated
[WARNING] /home/dee/dev/rick-major-review/pdfbox/pdfbox/src/test/java/org/apache/pdfbox/cos/TestCOSFloat.java:[187,78] [deprecation] doubleValue() in COSFloat has been deprecated
[WARNING] /home/dee/dev/rick-major-review/pdfbox/pdfbox/src/test/java/org/apache/pdfbox/pdmodel/common/COSArrayListTest.java:[46,55] [deprecation] none() in ExpectedException has been deprecated
[WARNING] /home/dee/dev/rick-major-review/pdfbox/pdfbox/src/test/java/org/apache/pdfbox/pdmodel/PageLayoutTest.java:[52,55] [deprecation] none() in ExpectedException has been deprecated
[WARNING] /home/dee/dev/rick-major-review/pdfbox/pdfbox/src/test/java/org/apache/pdfbox/pdfwriter/COSWriterXRefEntryTest.java:[27,55] [deprecation] none() in ExpectedException has been deprecated
[WARNING] /home/dee/dev/rick-major-review/pdfbox/pdfbox/src/test/java/org/apache/pdfbox/util/MatrixTest.java:[180,26] [deprecation] multiply(Matrix,Matrix) in Matrix has been deprecated
[WARNING] /home/dee/dev/rick-major-review/pdfbox/pdfbox/src/test/java/org/apache/pdfbox/util/MatrixTest.java:[189,19] [deprecation] multiply(Matrix,Matrix) in Matrix has been deprecated
[WARNING] /home/dee/dev/rick-major-review/pdfbox/pdfbox/src/test/java/org/apache/pdfbox/util/MatrixTest.java:[199,19] [deprecation] multiply(Matrix,Matrix) in Matrix has been deprecated
[WARNING] /home/dee/dev/rick-major-review/pdfbox/pdfbox/src/test/java/org/apache/pdfbox/util/MatrixTest.java:[208,19] [deprecation] multiply(Matrix,Matrix) in Matrix has been deprecated
[WARNING] /home/dee/dev/rick-major-review/pdfbox/pdfbox/src/test/java/org/apache/pdfbox/util/MatrixTest.java:[218,9] [deprecation] multiply(Matrix,Matrix) in Matrix has been deprecated
[WARNING] /home/dee/dev/rick-major-review/pdfbox/pdfbox/src/test/java/org/apache/pdfbox/util/MatrixTest.java:[226,9] [deprecation] multiply(Matrix,Matrix) in Matrix has been deprecated
[WARNING] /home/dee/dev/rick-major-review/pdfbox/pdfbox/src/test/java/org/apache/pdfbox/util/MatrixTest.java:[234,9] [deprecation] multiply(Matrix,Matrix) in Matrix has been deprecated
[WARNING] /home/dee/dev/rick-major-review/pdfbox/pdfbox/src/test/java/org/apache/pdfbox/util/MatrixTest.java:[242,9] [deprecation] multiply(Matrix,Matrix) in Matrix has been deprecated
[WARNING] /home/dee/dev/rick-major-review/pdfbox/pdfbox/src/test/java/org/apache/pdfbox/cos/COSObjectKeyTest.java:[27,55] [deprecation] none() in ExpectedException has been deprecated
[INFO] 
[INFO] --- maven-surefire-plugin:2.22.2:test (default-test) @ pdfbox ---
[INFO] Tests are skipped.
[INFO] 
[INFO] --- animal-sniffer-maven-plugin:1.17:check (check-java-version) @ pdfbox ---
[INFO] Signature checking is skipped.
[INFO] 
[INFO] --- maven-bundle-plugin:3.5.1:bundle (default-bundle) @ pdfbox ---
[INFO] 
[INFO] --- maven-site-plugin:3.7:attach-descriptor (attach-descriptor) @ pdfbox ---
[INFO] Skipping because packaging 'bundle' is not pom.
[INFO] 
[INFO] >>> maven-source-plugin:3.0.1:jar (attach-sources) > generate-sources @ pdfbox >>>
[INFO] 
[INFO] --- maven-enforcer-plugin:1.4.1:enforce (default) @ pdfbox ---
[INFO] 
[INFO] --- maven-enforcer-plugin:1.4.1:enforce (enforce-maven-version) @ pdfbox ---
[INFO] 
[INFO] <<< maven-source-plugin:3.0.1:jar (attach-sources) < generate-sources @ pdfbox <<<
[INFO] 
[INFO] 
[INFO] --- maven-source-plugin:3.0.1:jar (attach-sources) @ pdfbox ---
[INFO] Building jar: /home/dee/dev/rick-major-review/pdfbox/pdfbox/target/pdfbox-2.0.24-sources.jar
[INFO] 
[INFO] --- maven-install-plugin:2.5.2:install (default-install) @ pdfbox ---
[INFO] Installing /home/dee/dev/rick-major-review/pdfbox/pdfbox/target/pdfbox-2.0.24.jar to /home/dee/.m2/repository/org/apache/pdfbox/pdfbox/2.0.24/pdfbox-2.0.24.jar
[INFO] Installing /home/dee/dev/rick-major-review/pdfbox/pdfbox/pom.xml to /home/dee/.m2/repository/org/apache/pdfbox/pdfbox/2.0.24/pdfbox-2.0.24.pom
[INFO] Installing /home/dee/dev/rick-major-review/pdfbox/pdfbox/target/pdfbox-2.0.24-sources.jar to /home/dee/.m2/repository/org/apache/pdfbox/pdfbox/2.0.24/pdfbox-2.0.24-sources.jar
[INFO] 
[INFO] --- maven-bundle-plugin:3.5.1:install (default-install) @ pdfbox ---
[INFO] Installing org/apache/pdfbox/pdfbox/2.0.24/pdfbox-2.0.24.jar
[INFO] Writing OBR metadata
[INFO] ------------------------------------------------------------------------
[INFO] BUILD SUCCESS
[INFO] ------------------------------------------------------------------------
[INFO] Total time:  42.706 s
[INFO] Finished at: 2023-06-11T08:18:51+02:00
[INFO] ------------------------------------------------------------------------


---------------------------------------------------
[BASELINE] Not evaluating any oracle
[LOG] Replacing original RICK test with variant baseline
[LOG] Invoking cp /home/dee/dev/rick-experiments/mutation-analysis/output/visitFromName_COSName/test-baseline.java /home/dee/dev/rick-major-review/pdfbox/rick-major/src/test/java/org/apache/pdfbox/pdfwriter/TestCOSWriterRickGenVisitFromName.java
[LOG] In test module directory /home/dee/dev/rick-major-review/pdfbox/rick-major
[LOG] Invoked tests with ['mvn', 'test', '-Dtest=TestCOSWriterRickGenVisitFromName']
[INFO] Scanning for projects...
[INFO] 
[INFO] --------------------< org.apache.pdfbox:rick-major >--------------------
[INFO] Building rick-major 2.0.24
[INFO] --------------------------------[ jar ]---------------------------------
[INFO] 
[INFO] --- maven-enforcer-plugin:1.4.1:enforce (default) @ rick-major ---
[INFO] 
[INFO] --- maven-enforcer-plugin:1.4.1:enforce (enforce-maven-version) @ rick-major ---
[INFO] 
[INFO] --- maven-remote-resources-plugin:1.5:process (process-resource-bundles) @ rick-major ---
[INFO] 
[INFO] --- maven-resources-plugin:3.0.2:resources (default-resources) @ rick-major ---
[INFO] Using 'UTF-8' encoding to copy filtered resources.
[INFO] Copying 0 resource
[INFO] Copying 3 resources
[INFO] 
[INFO] --- maven-compiler-plugin:3.6.0:compile (default-compile) @ rick-major ---
[INFO] Nothing to compile - all classes are up to date
[INFO] 
[INFO] --- maven-resources-plugin:3.0.2:testResources (default-testResources) @ rick-major ---
[INFO] Using 'UTF-8' encoding to copy filtered resources.
[INFO] Copying 72 resources
[INFO] Copying 3 resources
[INFO] 
[INFO] --- maven-compiler-plugin:3.6.0:testCompile (default-testCompile) @ rick-major ---
[INFO] Changes detected - recompiling the module!
[INFO] Compiling 38 source files to /home/dee/dev/rick-major-review/pdfbox/rick-major/target/test-classes
[INFO] 
[INFO] --- maven-surefire-plugin:2.22.2:test (default-test) @ rick-major ---
[INFO] 
[INFO] -------------------------------------------------------
[INFO]  T E S T S
[INFO] -------------------------------------------------------
[INFO] Running org.apache.pdfbox.pdfwriter.TestCOSWriterRickGenVisitFromName
[INFO] Tests run: 2, Failures: 0, Errors: 0, Skipped: 0, Time elapsed: 12.601 s - in org.apache.pdfbox.pdfwriter.TestCOSWriterRickGenVisitFromName
[INFO] 
[INFO] Results:
[INFO] 
[INFO] Tests run: 2, Failures: 0, Errors: 0, Skipped: 0
[INFO] 
[INFO] 
[INFO] --- animal-sniffer-maven-plugin:1.17:check (check-java-version) @ rick-major ---
[INFO] Checking unresolved references to org.codehaus.mojo.signature:java16:1.0
[INFO] ------------------------------------------------------------------------
[INFO] BUILD SUCCESS
[INFO] ------------------------------------------------------------------------
[INFO] Total time:  27.644 s
[INFO] Finished at: 2023-06-11T08:19:23+02:00
[INFO] ------------------------------------------------------------------------

Security framework of XStream not initialized, XStream is probably vulnerable.

---------------------------------------------------
[LOG] Cleaned targets with ['mvn', 'clean']
[INFO] Scanning for projects...
[INFO] 
[INFO] --------------------< org.apache.pdfbox:rick-major >--------------------
[INFO] Building rick-major 2.0.24
[INFO] --------------------------------[ jar ]---------------------------------
[INFO] 
[INFO] --- maven-clean-plugin:3.0.0:clean (default-clean) @ rick-major ---
[INFO] Deleting /home/dee/dev/rick-major-review/pdfbox/rick-major/target
[INFO] ------------------------------------------------------------------------
[INFO] BUILD SUCCESS
[INFO] ------------------------------------------------------------------------
[INFO] Total time:  1.750 s
[INFO] Finished at: 2023-06-11T08:19:28+02:00
[INFO] ------------------------------------------------------------------------


---------------------------------------------------
[LOG] In experiment directory /home/dee/dev/rick-experiments/mutation-analysis
---------------------------------------------------
[LOG] Restoring original RICK test from ./COSWriter.java/original-test.java
[LOG] Invoking cp ./COSWriter.java/original-test.java /home/dee/dev/rick-major-review/pdfbox/rick-major/src/test/java/org/apache/pdfbox/pdfwriter/TestCOSWriterRickGenVisitFromName.java
---------------------------------------------------
[PO] Evaluating only PO
[LOG] Replacing original RICK test with variant po
[LOG] Invoking cp /home/dee/dev/rick-experiments/mutation-analysis/output/visitFromName_COSName/test-po.java /home/dee/dev/rick-major-review/pdfbox/rick-major/src/test/java/org/apache/pdfbox/pdfwriter/TestCOSWriterRickGenVisitFromName.java
[LOG] In test module directory /home/dee/dev/rick-major-review/pdfbox/rick-major
[LOG] Invoked tests with ['mvn', 'test', '-Dtest=TestCOSWriterRickGenVisitFromName']
[INFO] Scanning for projects...
[INFO] 
[INFO] --------------------< org.apache.pdfbox:rick-major >--------------------
[INFO] Building rick-major 2.0.24
[INFO] --------------------------------[ jar ]---------------------------------
[INFO] 
[INFO] --- maven-enforcer-plugin:1.4.1:enforce (default) @ rick-major ---
[INFO] 
[INFO] --- maven-enforcer-plugin:1.4.1:enforce (enforce-maven-version) @ rick-major ---
[INFO] 
[INFO] --- maven-remote-resources-plugin:1.5:process (process-resource-bundles) @ rick-major ---
[INFO] 
[INFO] --- maven-resources-plugin:3.0.2:resources (default-resources) @ rick-major ---
[INFO] Using 'UTF-8' encoding to copy filtered resources.
[INFO] Copying 0 resource
[INFO] Copying 3 resources
[INFO] 
[INFO] --- maven-compiler-plugin:3.6.0:compile (default-compile) @ rick-major ---
[INFO] Nothing to compile - all classes are up to date
[INFO] 
[INFO] --- maven-resources-plugin:3.0.2:testResources (default-testResources) @ rick-major ---
[INFO] Using 'UTF-8' encoding to copy filtered resources.
[INFO] Copying 72 resources
[INFO] Copying 3 resources
[INFO] 
[INFO] --- maven-compiler-plugin:3.6.0:testCompile (default-testCompile) @ rick-major ---
[INFO] Changes detected - recompiling the module!
[INFO] Compiling 38 source files to /home/dee/dev/rick-major-review/pdfbox/rick-major/target/test-classes
[INFO] 
[INFO] --- maven-surefire-plugin:2.22.2:test (default-test) @ rick-major ---
[INFO] 
[INFO] -------------------------------------------------------
[INFO]  T E S T S
[INFO] -------------------------------------------------------
[INFO] Running org.apache.pdfbox.pdfwriter.TestCOSWriterRickGenVisitFromName
[INFO] Tests run: 2, Failures: 0, Errors: 0, Skipped: 0, Time elapsed: 12.85 s - in org.apache.pdfbox.pdfwriter.TestCOSWriterRickGenVisitFromName
[INFO] 
[INFO] Results:
[INFO] 
[INFO] Tests run: 2, Failures: 0, Errors: 0, Skipped: 0
[INFO] 
[INFO] 
[INFO] --- animal-sniffer-maven-plugin:1.17:check (check-java-version) @ rick-major ---
[INFO] Checking unresolved references to org.codehaus.mojo.signature:java16:1.0
[INFO] ------------------------------------------------------------------------
[INFO] BUILD SUCCESS
[INFO] ------------------------------------------------------------------------
[INFO] Total time:  27.274 s
[INFO] Finished at: 2023-06-11T08:19:59+02:00
[INFO] ------------------------------------------------------------------------

Security framework of XStream not initialized, XStream is probably vulnerable.

---------------------------------------------------
[LOG] Cleaned targets with ['mvn', 'clean']
[INFO] Scanning for projects...
[INFO] 
[INFO] --------------------< org.apache.pdfbox:rick-major >--------------------
[INFO] Building rick-major 2.0.24
[INFO] --------------------------------[ jar ]---------------------------------
[INFO] 
[INFO] --- maven-clean-plugin:3.0.0:clean (default-clean) @ rick-major ---
[INFO] Deleting /home/dee/dev/rick-major-review/pdfbox/rick-major/target
[INFO] ------------------------------------------------------------------------
[INFO] BUILD SUCCESS
[INFO] ------------------------------------------------------------------------
[INFO] Total time:  1.289 s
[INFO] Finished at: 2023-06-11T08:20:04+02:00
[INFO] ------------------------------------------------------------------------


---------------------------------------------------
[LOG] In experiment directory /home/dee/dev/rick-experiments/mutation-analysis
---------------------------------------------------
[LOG] Restoring original RICK test from ./COSWriter.java/original-test.java
[LOG] Invoking cp ./COSWriter.java/original-test.java /home/dee/dev/rick-major-review/pdfbox/rick-major/src/test/java/org/apache/pdfbox/pdfwriter/TestCOSWriterRickGenVisitFromName.java
---------------------------------------------------
[CO] Evaluating only CO
[LOG] Replacing original RICK test with variant co
[LOG] Invoking cp /home/dee/dev/rick-experiments/mutation-analysis/output/visitFromName_COSName/test-co.java /home/dee/dev/rick-major-review/pdfbox/rick-major/src/test/java/org/apache/pdfbox/pdfwriter/TestCOSWriterRickGenVisitFromName.java
[LOG] In test module directory /home/dee/dev/rick-major-review/pdfbox/rick-major
[LOG] Invoked tests with ['mvn', 'test', '-Dtest=TestCOSWriterRickGenVisitFromName']
[INFO] Scanning for projects...
[INFO] 
[INFO] --------------------< org.apache.pdfbox:rick-major >--------------------
[INFO] Building rick-major 2.0.24
[INFO] --------------------------------[ jar ]---------------------------------
[INFO] 
[INFO] --- maven-enforcer-plugin:1.4.1:enforce (default) @ rick-major ---
[INFO] 
[INFO] --- maven-enforcer-plugin:1.4.1:enforce (enforce-maven-version) @ rick-major ---
[INFO] 
[INFO] --- maven-remote-resources-plugin:1.5:process (process-resource-bundles) @ rick-major ---
[INFO] 
[INFO] --- maven-resources-plugin:3.0.2:resources (default-resources) @ rick-major ---
[INFO] Using 'UTF-8' encoding to copy filtered resources.
[INFO] Copying 0 resource
[INFO] Copying 3 resources
[INFO] 
[INFO] --- maven-compiler-plugin:3.6.0:compile (default-compile) @ rick-major ---
[INFO] Nothing to compile - all classes are up to date
[INFO] 
[INFO] --- maven-resources-plugin:3.0.2:testResources (default-testResources) @ rick-major ---
[INFO] Using 'UTF-8' encoding to copy filtered resources.
[INFO] Copying 72 resources
[INFO] Copying 3 resources
[INFO] 
[INFO] --- maven-compiler-plugin:3.6.0:testCompile (default-testCompile) @ rick-major ---
[INFO] Changes detected - recompiling the module!
[INFO] Compiling 38 source files to /home/dee/dev/rick-major-review/pdfbox/rick-major/target/test-classes
[INFO] 
[INFO] --- maven-surefire-plugin:2.22.2:test (default-test) @ rick-major ---
[INFO] 
[INFO] -------------------------------------------------------
[INFO]  T E S T S
[INFO] -------------------------------------------------------
[INFO] Running org.apache.pdfbox.pdfwriter.TestCOSWriterRickGenVisitFromName
[INFO] Tests run: 2, Failures: 0, Errors: 0, Skipped: 0, Time elapsed: 12.14 s - in org.apache.pdfbox.pdfwriter.TestCOSWriterRickGenVisitFromName
[INFO] 
[INFO] Results:
[INFO] 
[INFO] Tests run: 2, Failures: 0, Errors: 0, Skipped: 0
[INFO] 
[INFO] 
[INFO] --- animal-sniffer-maven-plugin:1.17:check (check-java-version) @ rick-major ---
[INFO] Checking unresolved references to org.codehaus.mojo.signature:java16:1.0
[INFO] ------------------------------------------------------------------------
[INFO] BUILD SUCCESS
[INFO] ------------------------------------------------------------------------
[INFO] Total time:  26.612 s
[INFO] Finished at: 2023-06-11T08:20:34+02:00
[INFO] ------------------------------------------------------------------------

Security framework of XStream not initialized, XStream is probably vulnerable.

---------------------------------------------------
[LOG] Cleaned targets with ['mvn', 'clean']
[INFO] Scanning for projects...
[INFO] 
[INFO] --------------------< org.apache.pdfbox:rick-major >--------------------
[INFO] Building rick-major 2.0.24
[INFO] --------------------------------[ jar ]---------------------------------
[INFO] 
[INFO] --- maven-clean-plugin:3.0.0:clean (default-clean) @ rick-major ---
[INFO] Deleting /home/dee/dev/rick-major-review/pdfbox/rick-major/target
[INFO] ------------------------------------------------------------------------
[INFO] BUILD SUCCESS
[INFO] ------------------------------------------------------------------------
[INFO] Total time:  1.459 s
[INFO] Finished at: 2023-06-11T08:20:39+02:00
[INFO] ------------------------------------------------------------------------


---------------------------------------------------
[LOG] In experiment directory /home/dee/dev/rick-experiments/mutation-analysis
---------------------------------------------------
[LOG] Restoring original RICK test from ./COSWriter.java/original-test.java
[LOG] Invoking cp ./COSWriter.java/original-test.java /home/dee/dev/rick-major-review/pdfbox/rick-major/src/test/java/org/apache/pdfbox/pdfwriter/TestCOSWriterRickGenVisitFromName.java
---------------------------------------------------
[ALL] Evaluating (OO +) PO + CO
[LOG] Restoring original RICK test from ./COSWriter.java/original-test.java
[LOG] Invoking cp ./COSWriter.java/original-test.java /home/dee/dev/rick-major-review/pdfbox/rick-major/src/test/java/org/apache/pdfbox/pdfwriter/TestCOSWriterRickGenVisitFromName.java
[LOG] In test module directory /home/dee/dev/rick-major-review/pdfbox/rick-major
[LOG] Invoked tests with ['mvn', 'test', '-Dtest=TestCOSWriterRickGenVisitFromName']
[INFO] Scanning for projects...
[INFO] 
[INFO] --------------------< org.apache.pdfbox:rick-major >--------------------
[INFO] Building rick-major 2.0.24
[INFO] --------------------------------[ jar ]---------------------------------
[INFO] 
[INFO] --- maven-enforcer-plugin:1.4.1:enforce (default) @ rick-major ---
[INFO] 
[INFO] --- maven-enforcer-plugin:1.4.1:enforce (enforce-maven-version) @ rick-major ---
[INFO] 
[INFO] --- maven-remote-resources-plugin:1.5:process (process-resource-bundles) @ rick-major ---
[INFO] 
[INFO] --- maven-resources-plugin:3.0.2:resources (default-resources) @ rick-major ---
[INFO] Using 'UTF-8' encoding to copy filtered resources.
[INFO] Copying 0 resource
[INFO] Copying 3 resources
[INFO] 
[INFO] --- maven-compiler-plugin:3.6.0:compile (default-compile) @ rick-major ---
[INFO] Nothing to compile - all classes are up to date
[INFO] 
[INFO] --- maven-resources-plugin:3.0.2:testResources (default-testResources) @ rick-major ---
[INFO] Using 'UTF-8' encoding to copy filtered resources.
[INFO] Copying 72 resources
[INFO] Copying 3 resources
[INFO] 
[INFO] --- maven-compiler-plugin:3.6.0:testCompile (default-testCompile) @ rick-major ---
[INFO] Changes detected - recompiling the module!
[INFO] Compiling 38 source files to /home/dee/dev/rick-major-review/pdfbox/rick-major/target/test-classes
[INFO] 
[INFO] --- maven-surefire-plugin:2.22.2:test (default-test) @ rick-major ---
[INFO] 
[INFO] -------------------------------------------------------
[INFO]  T E S T S
[INFO] -------------------------------------------------------
[INFO] Running org.apache.pdfbox.pdfwriter.TestCOSWriterRickGenVisitFromName
[INFO] Tests run: 2, Failures: 0, Errors: 0, Skipped: 0, Time elapsed: 12.556 s - in org.apache.pdfbox.pdfwriter.TestCOSWriterRickGenVisitFromName
[INFO] 
[INFO] Results:
[INFO] 
[INFO] Tests run: 2, Failures: 0, Errors: 0, Skipped: 0
[INFO] 
[INFO] 
[INFO] --- animal-sniffer-maven-plugin:1.17:check (check-java-version) @ rick-major ---
[INFO] Checking unresolved references to org.codehaus.mojo.signature:java16:1.0
[INFO] ------------------------------------------------------------------------
[INFO] BUILD SUCCESS
[INFO] ------------------------------------------------------------------------
[INFO] Total time:  27.751 s
[INFO] Finished at: 2023-06-11T08:21:10+02:00
[INFO] ------------------------------------------------------------------------

Security framework of XStream not initialized, XStream is probably vulnerable.

---------------------------------------------------
[LOG] Cleaned targets with ['mvn', 'clean']
[INFO] Scanning for projects...
[INFO] 
[INFO] --------------------< org.apache.pdfbox:rick-major >--------------------
[INFO] Building rick-major 2.0.24
[INFO] --------------------------------[ jar ]---------------------------------
[INFO] 
[INFO] --- maven-clean-plugin:3.0.0:clean (default-clean) @ rick-major ---
[INFO] Deleting /home/dee/dev/rick-major-review/pdfbox/rick-major/target
[INFO] ------------------------------------------------------------------------
[INFO] BUILD SUCCESS
[INFO] ------------------------------------------------------------------------
[INFO] Total time:  1.342 s
[INFO] Finished at: 2023-06-11T08:21:15+02:00
[INFO] ------------------------------------------------------------------------


---------------------------------------------------
[LOG] In experiment directory /home/dee/dev/rick-experiments/mutation-analysis
---------------------------------------------------
---------------------------------------------------
[LOG] Resetting COSWriter.java to original
[LOG] Invoking cp ./COSWriter.java/original.java /home/dee/dev/rick-major-review/pdfbox/pdfbox/src/main/java/org/apache/pdfbox/pdfwriter/COSWriter.java
---------------------------------------------------
[LOG] Copying littledarwin mutants to /home/dee/dev/rick-experiments/mutation-analysis/output/visitFromName_COSName/
[LOG] Invoked copying with ['cp', '-r', '/home/dee/dev/rick-experiments/mutation-analysis/COSWriter.java', '/home/dee/dev/rick-experiments/mutation-analysis/output/visitFromName_COSName/']


---------------------------------------------------
[LOG] Finishing analysis at 2023-06-11 08:21:16.012084
====== END OF THE LINE ======
