[LOG] Initiating analysis at 2023-06-11 23:24:50.575231
---------------------------------------------------
[LOG] Removing pre-existing mutants from current working directory
[LOG] Cleaning up LittleDarwin results
---------------------------------------------------
[LOG] Working with ForceAtlas2_endAlgo
[LOG] Generating mutants for its parent ForceAtlas2.java
---------------------------------------------------
[LOG] Running littledarwin on /home/dee/dev/rick-major-review/gephi/modules/LayoutPlugin/src/main/java/org/gephi/layout/plugin/forceAtlas2/
[LOG] Invoked LitteDarwin with ['python3', '-m', 'littledarwin', '-m', '-v', '-p', '/home/dee/dev/rick-major-review/gephi/modules/LayoutPlugin/src/main/java/org/gephi/layout/plugin/forceAtlas2/', '--all']

    __     _  __   __   __       ____                          _
   / /    (_)/ /_ / /_ / /___   / __ \ ____ _ _____ _      __ (_)____
  / /    / // __// __// // _ \ / / / // __ `// ___/| | /| / // // __ \
 / /___ / // /_ / /_ / //  __// /_/ // /_/ // /    | |/ |/ // // / / /
/_____//_/ \__/ \__//_/ \___//_____/ \__,_//_/     |__/|__//_//_/ /_/

      _                     _                 ___
     /_|  /|/|  _/__/'     /_|   _ /   _ ' _ (_  _ _ _  _      _ /
    (  | /   |(//(///()/) (  |/)(/((/_) /_)  /  / (///)(-((/()/ /(
                                  /


    LittleDarwin version 0.10.7 Copyright (C) 2014-2020 Ali Parsai

    LittleDarwin comes with ABSOLUTELY NO WARRANTY.
    This is free software, and you are welcome to redistribute it
    under certain conditions; run LittleDarwin --license for details.

    
Source Path:  /home/dee/dev/rick-major-review/gephi/modules/LayoutPlugin/src/main/java/org/gephi/layout/plugin/forceAtlas2
Target Path:  /home/dee/anaconda3/lib/python3.8/site-packages/littledarwin/LittleDarwinResults
Creating Mutation Database:  /home/dee/anaconda3/lib/python3.8/site-packages/littledarwin/LittleDarwinResults/mutationdatabase

(1/11) Source file:  /home/dee/dev/rick-major-review/gephi/modules/LayoutPlugin/src/main/java/org/gephi/layout/plugin/forceAtlas2/ForceAtlas2Builder.java
ANTLR runtime and generated code versions disagree: 4.13.0!=4.10.1
ANTLR runtime and generated code versions disagree: 4.13.0!=4.10.1
--> Mutations found:  21
----> NullifyReturnValue : 6
----> NullifyObjectInitialization : 2
----> RemoveMethod : 12
----> NullifyInputVariable : 1

(2/11) Source file:  /home/dee/dev/rick-major-review/gephi/modules/LayoutPlugin/src/main/java/org/gephi/layout/plugin/forceAtlas2/NodesThread.java
ANTLR runtime and generated code versions disagree: 4.13.0!=4.10.1
ANTLR runtime and generated code versions disagree: 4.13.0!=4.10.1
--> Mutations found:  10
----> ArithmeticOperatorReplacementBinary : 1
----> RemoveMethod : 1
----> RelationalOperatorReplacement : 4
----> ArithmeticOperatorReplacementShortcut : 4

(3/11) Source file:  /home/dee/dev/rick-major-review/gephi/modules/LayoutPlugin/src/main/java/org/gephi/layout/plugin/forceAtlas2/Operation.java
ANTLR runtime and generated code versions disagree: 4.13.0!=4.10.1
ANTLR runtime and generated code versions disagree: 4.13.0!=4.10.1
--> Mutations found:  0

(4/11) Source file:  /home/dee/dev/rick-major-review/gephi/modules/LayoutPlugin/src/main/java/org/gephi/layout/plugin/forceAtlas2/OperationNodeNodeAttract.java
ANTLR runtime and generated code versions disagree: 4.13.0!=4.10.1
ANTLR runtime and generated code versions disagree: 4.13.0!=4.10.1
--> Mutations found:  1
----> RemoveMethod : 1

(5/11) Source file:  /home/dee/dev/rick-major-review/gephi/modules/LayoutPlugin/src/main/java/org/gephi/layout/plugin/forceAtlas2/ForceAtlas2.java
ANTLR runtime and generated code versions disagree: 4.13.0!=4.10.1
ANTLR runtime and generated code versions disagree: 4.13.0!=4.10.1
--> Mutations found:  180
----> NullifyReturnValue : 14
----> AssignmentOperatorReplacementShortcut : 7
----> NullifyObjectInitialization : 7
----> RemoveNullCheck : 5
----> ConditionalOperatorReplacement : 2
----> ArithmeticOperatorReplacementBinary : 72
----> RemoveMethod : 35
----> RelationalOperatorReplacement : 17
----> ArithmeticOperatorReplacementShortcut : 1
----> ConditionalOperatorDeletion : 5
----> NullifyInputVariable : 15

(6/11) Source file:  /home/dee/dev/rick-major-review/gephi/modules/LayoutPlugin/src/main/java/org/gephi/layout/plugin/forceAtlas2/OperationNodeRepulse.java
ANTLR runtime and generated code versions disagree: 4.13.0!=4.10.1
ANTLR runtime and generated code versions disagree: 4.13.0!=4.10.1
--> Mutations found:  1
----> RemoveMethod : 1

(7/11) Source file:  /home/dee/dev/rick-major-review/gephi/modules/LayoutPlugin/src/main/java/org/gephi/layout/plugin/forceAtlas2/ForceAtlas2LayoutData.java
ANTLR runtime and generated code versions disagree: 4.13.0!=4.10.1
ANTLR runtime and generated code versions disagree: 4.13.0!=4.10.1
--> Mutations found:  0

(8/11) Source file:  /home/dee/dev/rick-major-review/gephi/modules/LayoutPlugin/src/main/java/org/gephi/layout/plugin/forceAtlas2/OperationNodeRegionRepulse.java
ANTLR runtime and generated code versions disagree: 4.13.0!=4.10.1
ANTLR runtime and generated code versions disagree: 4.13.0!=4.10.1
--> Mutations found:  1
----> RemoveMethod : 1

(9/11) Source file:  /home/dee/dev/rick-major-review/gephi/modules/LayoutPlugin/src/main/java/org/gephi/layout/plugin/forceAtlas2/Region.java
ANTLR runtime and generated code versions disagree: 4.13.0!=4.10.1
ANTLR runtime and generated code versions disagree: 4.13.0!=4.10.1
--> Mutations found:  73
----> AssignmentOperatorReplacementShortcut : 3
----> NullifyObjectInitialization : 21
----> ArithmeticOperatorReplacementBinary : 20
----> RemoveMethod : 12
----> RelationalOperatorReplacement : 15
----> NullifyInputVariable : 2

(10/11) Source file:  /home/dee/dev/rick-major-review/gephi/modules/LayoutPlugin/src/main/java/org/gephi/layout/plugin/forceAtlas2/ForceFactory.java
ANTLR runtime and generated code versions disagree: 4.13.0!=4.10.1
ANTLR runtime and generated code versions disagree: 4.13.0!=4.10.1
--> Mutations found:  337
----> ArithmeticOperatorReplacementUnary : 9
----> NullifyReturnValue : 11
----> AssignmentOperatorReplacementShortcut : 56
----> NullifyObjectInitialization : 12
----> ArithmeticOperatorReplacementBinary : 183
----> RemoveMethod : 20
----> RelationalOperatorReplacement : 15
----> NullifyInputVariable : 31

(11/11) Source file:  /home/dee/dev/rick-major-review/gephi/modules/LayoutPlugin/src/main/java/org/gephi/layout/plugin/forceAtlas2/OperationNodeNodeRepulse.java
ANTLR runtime and generated code versions disagree: 4.13.0!=4.10.1
ANTLR runtime and generated code versions disagree: 4.13.0!=4.10.1
--> Mutations found:  1
----> RemoveMethod : 1

Total mutations found:  625
--> ArithmeticOperatorReplacementUnary: 9
--> NullifyReturnValue: 31
--> AssignmentOperatorReplacementShortcut: 66
--> NullifyObjectInitialization: 42
--> RemoveNullCheck: 5
--> ConditionalOperatorReplacement: 2
--> ArithmeticOperatorReplacementBinary: 276
--> RemoveMethod: 84
--> RelationalOperatorReplacement: 51
--> ArithmeticOperatorReplacementShortcut: 5
--> ConditionalOperatorDeletion: 5
--> NullifyInputVariable: 49


---------------------------------------------------
[LOG] Copying mutants of ForceAtlas2.java
---------------------------------------------------
[LOG] Generated 180 mutants
---------------------------------------------------
[LOG] Backing up original RICK test as ./ForceAtlas2.java/original-test.java
[LOG] Invoking cp /home/dee/dev/rick-major-review/rick-tests/src/test/java/org/gephi/layout/plugin/forceatlas2/TestForceAtlas2RickGen.java ./ForceAtlas2.java/original-test.java
---------------------------------------------------
[LOG] Generating variants of original RICK test
[LOG] Modifying /home/dee/dev/rick-experiments/mutation-analysis/output/ForceAtlas2_endAlgo/test-baseline.java
[LOG] Created baseline test at /home/dee/dev/rick-experiments/mutation-analysis/output/ForceAtlas2_endAlgo/test-baseline.java
[LOG] Modifying /home/dee/dev/rick-experiments/mutation-analysis/output/ForceAtlas2_endAlgo/test-po.java
[LOG] Created PO test at /home/dee/dev/rick-experiments/mutation-analysis/output/ForceAtlas2_endAlgo/test-po.java
[LOG] Modifying /home/dee/dev/rick-experiments/mutation-analysis/output/ForceAtlas2_endAlgo/test-co.java
[LOG] Created CO test at /home/dee/dev/rick-experiments/mutation-analysis/output/ForceAtlas2_endAlgo/test-co.java
[LOG] Created test with all oracles at /home/dee/dev/rick-experiments/mutation-analysis/output/ForceAtlas2_endAlgo/test-all.java
---------------------------------------------------
[LOG] Replacing originalForceAtlas2.java with ./ForceAtlas2.java/136.java
[LOG] Invoking cp ./ForceAtlas2.java/136.java /home/dee/dev/rick-major-review/gephi/modules/LayoutPlugin/src/main/java/org/gephi/layout/plugin/forceAtlas2/ForceAtlas2.java
[LOG] Invoked a clean install of the parent module with ['mvn', 'clean', 'install', '-DskipTests']
[INFO] Scanning for projects...
[INFO] 
[INFO] ----------------------< org.gephi:layout-plugin >-----------------------
[INFO] Building LayoutPlugin 0.9.6
[INFO] --------------------------------[ nbm ]---------------------------------
[INFO] 
[INFO] --- maven-clean-plugin:3.1.0:clean (default-clean) @ layout-plugin ---
[INFO] Deleting /home/dee/dev/rick-major-review/gephi/modules/LayoutPlugin/target
[INFO] 
[INFO] --- build-helper-maven-plugin:3.3.0:parse-version (parse-version) @ layout-plugin ---
[INFO] 
[INFO] --- maven-checkstyle-plugin:3.1.2:check (validate) @ layout-plugin ---
[INFO] 
[INFO] --- maven-resources-plugin:3.2.0:copy-resources (generate-modules-xml) @ layout-plugin ---
[INFO] Using 'UTF-8' encoding to copy filtered resources.
[INFO] Using 'UTF-8' encoding to copy filtered properties files.
[INFO] Copying 1 resource
[INFO] 
[INFO] --- maven-resources-plugin:3.2.0:resources (default-resources) @ layout-plugin ---
[INFO] Using 'UTF-8' encoding to copy filtered resources.
[INFO] Using 'UTF-8' encoding to copy filtered properties files.
[INFO] Copying 178 resources
[INFO] 
[INFO] --- maven-compiler-plugin:3.10.0:compile (default-compile) @ layout-plugin ---
[INFO] Changes detected - recompiling the module!
[INFO] Compiling 54 source files to /home/dee/dev/rick-major-review/gephi/modules/LayoutPlugin/target/classes
[WARNING] No processor claimed any of these annotations: java.base/java.lang.Override
[WARNING] /home/dee/dev/rick-major-review/gephi/modules/LayoutPlugin/src/main/java/org/gephi/layout/plugin/openord/DensityGrid.java:[68,19] [rawtypes] found raw type: ArrayDeque
  missing type arguments for generic class ArrayDeque<E>
  where E is a type-variable:
    E extends Object declared in class ArrayDeque
[WARNING] /home/dee/dev/rick-major-review/gephi/modules/LayoutPlugin/src/main/java/org/gephi/layout/plugin/openord/DensityGrid.java:[68,15] [unchecked] unchecked conversion
  required: ArrayDeque<Node>[][]
  found:    ArrayDeque[][]
[WARNING] /home/dee/dev/rick-major-review/gephi/modules/LayoutPlugin/src/main/java/org/gephi/layout/plugin/force/quadtree/QuadTree.java:[435,23] [rawtypes] found raw type: Entry
  missing type arguments for generic class Entry<K,V>
  where K,V are type-variables:
    K extends Object declared in interface Entry
    V extends Object declared in interface Entry
[WARNING] /home/dee/dev/rick-major-review/gephi/modules/LayoutPlugin/src/main/java/org/gephi/layout/plugin/AutoLayout.java:[158,48] [unchecked] unchecked call to setValue(T) as a member of the raw type Property
  where T is a type-variable:
    T extends Object declared in class Property
[WARNING] /home/dee/dev/rick-major-review/gephi/modules/LayoutPlugin/src/main/java/org/gephi/layout/plugin/AutoLayout.java:[241,8] [rawtypes] found raw type: Property
  missing type arguments for generic class Property<T>
  where T is a type-variable:
    T extends Object declared in class Property
[WARNING] /home/dee/dev/rick-major-review/gephi/modules/LayoutPlugin/src/main/java/org/gephi/layout/plugin/AutoLayout.java:[249,18] [rawtypes] found raw type: Property
  missing type arguments for generic class Property<T>
  where T is a type-variable:
    T extends Object declared in class Property
[WARNING] /home/dee/dev/rick-major-review/gephi/modules/LayoutPlugin/src/main/java/org/gephi/layout/plugin/AutoLayout.java:[256,15] [rawtypes] found raw type: Property
  missing type arguments for generic class Property<T>
  where T is a type-variable:
    T extends Object declared in class Property
[WARNING] /home/dee/dev/rick-major-review/gephi/modules/LayoutPlugin/src/main/java/org/gephi/layout/plugin/AutoLayout.java:[260,25] [rawtypes] found raw type: Property
  missing type arguments for generic class Property<T>
  where T is a type-variable:
    T extends Object declared in class Property
[WARNING] /home/dee/dev/rick-major-review/gephi/modules/LayoutPlugin/src/main/java/org/gephi/layout/plugin/forceAtlas2/ForceAtlas2.java:[202,22] [rawtypes] found raw type: Future
  missing type arguments for generic class Future<V>
  where V is a type-variable:
    V extends Object declared in interface Future
[WARNING] /home/dee/dev/rick-major-review/gephi/modules/LayoutPlugin/src/main/java/org/gephi/layout/plugin/forceAtlas2/ForceAtlas2.java:[202,44] [rawtypes] found raw type: ArrayList
  missing type arguments for generic class ArrayList<E>
  where E is a type-variable:
    E extends Object declared in class ArrayList
[WARNING] /home/dee/dev/rick-major-review/gephi/modules/LayoutPlugin/src/main/java/org/gephi/layout/plugin/forceAtlas2/ForceAtlas2.java:[202,40] [unchecked] unchecked conversion
  required: ArrayList<Future>
  found:    ArrayList
[WARNING] /home/dee/dev/rick-major-review/gephi/modules/LayoutPlugin/src/main/java/org/gephi/layout/plugin/forceAtlas2/ForceAtlas2.java:[206,16] [rawtypes] found raw type: Future
  missing type arguments for generic class Future<V>
  where V is a type-variable:
    V extends Object declared in interface Future
[WARNING] /home/dee/dev/rick-major-review/gephi/modules/LayoutPlugin/src/main/java/org/gephi/layout/plugin/forceAtlas2/ForceAtlas2.java:[212,17] [rawtypes] found raw type: Future
  missing type arguments for generic class Future<V>
  where V is a type-variable:
    V extends Object declared in interface Future
[INFO] 
[INFO] --- nbm-maven-plugin:4.6:manifest (default-manifest) @ layout-plugin ---
[INFO] NBM Plugin generates manifest
[INFO] 
[INFO] --- maven-resources-plugin:3.2.0:testResources (default-testResources) @ layout-plugin ---
[INFO] Using 'UTF-8' encoding to copy filtered resources.
[INFO] Using 'UTF-8' encoding to copy filtered properties files.
[INFO] skip non existing resourceDirectory /home/dee/dev/rick-major-review/gephi/modules/LayoutPlugin/src/test/resources
[INFO] 
[INFO] --- maven-compiler-plugin:3.10.0:testCompile (default-testCompile) @ layout-plugin ---
[INFO] No sources to compile
[INFO] 
[INFO] --- maven-surefire-plugin:2.22.2:test (default-test) @ layout-plugin ---
[INFO] Tests are skipped.
[INFO] 
[INFO] --- maven-jar-plugin:3.2.2:jar (default-jar) @ layout-plugin ---
[INFO] Building jar: /home/dee/dev/rick-major-review/gephi/modules/LayoutPlugin/target/layout-plugin-0.9.6.jar
[INFO] 
[INFO] --- nbm-maven-plugin:4.6:nbm (default-nbm) @ layout-plugin ---
[INFO] Copying module JAR to /home/dee/dev/rick-major-review/gephi/modules/LayoutPlugin/target/nbm/clusters/gephi/modules
[INFO] Generating Auto Update information for org.gephi.layout.plugin
[WARNING] No updater.jar specified, cannot validate Info.xml against DTD
[INFO] Building jar: /home/dee/dev/rick-major-review/gephi/modules/LayoutPlugin/target/nbm/layout-plugin-0.9.6.nbm
[INFO] 
[INFO] --- maven-install-plugin:2.5.2:install (default-install) @ layout-plugin ---
[INFO] Installing /home/dee/dev/rick-major-review/gephi/modules/LayoutPlugin/target/layout-plugin-0.9.6.jar to /home/dee/.m2/repository/org/gephi/layout-plugin/0.9.6/layout-plugin-0.9.6.jar
[INFO] Installing /home/dee/dev/rick-major-review/gephi/modules/LayoutPlugin/pom.xml to /home/dee/.m2/repository/org/gephi/layout-plugin/0.9.6/layout-plugin-0.9.6.pom
[INFO] Installing /home/dee/dev/rick-major-review/gephi/modules/LayoutPlugin/target/layout-plugin-0.9.6.nbm to /home/dee/.m2/repository/org/gephi/layout-plugin/0.9.6/layout-plugin-0.9.6.nbm
[INFO] ------------------------------------------------------------------------
[INFO] BUILD SUCCESS
[INFO] ------------------------------------------------------------------------
[INFO] Total time:  27.735 s
[INFO] Finished at: 2023-06-11T23:25:39+02:00
[INFO] ------------------------------------------------------------------------


---------------------------------------------------
[BASELINE] Not evaluating any oracle
[LOG] Replacing original RICK test with variant baseline
[LOG] Invoking cp /home/dee/dev/rick-experiments/mutation-analysis/output/ForceAtlas2_endAlgo/test-baseline.java /home/dee/dev/rick-major-review/rick-tests/src/test/java/org/gephi/layout/plugin/forceatlas2/TestForceAtlas2RickGen.java
[LOG] In test module directory /home/dee/dev/rick-major-review/rick-tests
[LOG] Invoked tests with ['mvn', 'test', '-Dtest=TestForceAtlas2RickGen']
[INFO] Scanning for projects...
[INFO] 
[INFO] ------------------------< org.gephi:rick-tests >------------------------
[INFO] Building rick-tests 1.0-SNAPSHOT
[INFO] --------------------------------[ jar ]---------------------------------
[INFO] 
[INFO] --- maven-resources-plugin:2.6:resources (default-resources) @ rick-tests ---
[WARNING] Using platform encoding (UTF-8 actually) to copy filtered resources, i.e. build is platform dependent!
[INFO] Copying 0 resource
[INFO] 
[INFO] --- maven-compiler-plugin:3.1:compile (default-compile) @ rick-tests ---
[INFO] Nothing to compile - all classes are up to date
[INFO] 
[INFO] --- maven-resources-plugin:2.6:testResources (default-testResources) @ rick-tests ---
[WARNING] Using platform encoding (UTF-8 actually) to copy filtered resources, i.e. build is platform dependent!
[INFO] Copying 119 resources
[INFO] 
[INFO] --- maven-compiler-plugin:3.1:testCompile (default-testCompile) @ rick-tests ---
[INFO] Changes detected - recompiling the module!
[WARNING] File encoding has not been set, using platform encoding UTF-8, i.e. build is platform dependent!
[INFO] Compiling 26 source files to /home/dee/dev/rick-major-review/rick-tests/target/test-classes
[WARNING] /home/dee/dev/rick-major-review/rick-tests/src/test/java/org/gephi/importer/impl/TestImportContainerImplRickGenNodeExists.java: Some input files use unchecked or unsafe operations.
[WARNING] /home/dee/dev/rick-major-review/rick-tests/src/test/java/org/gephi/importer/impl/TestImportContainerImplRickGenNodeExists.java: Recompile with -Xlint:unchecked for details.
[INFO] 
[INFO] --- maven-surefire-plugin:2.22.2:test (default-test) @ rick-tests ---
[INFO] 
[INFO] -------------------------------------------------------
[INFO]  T E S T S
[INFO] -------------------------------------------------------
[INFO] Running org.gephi.layout.plugin.forceatlas2.TestForceAtlas2RickGen
[INFO] Tests run: 2, Failures: 0, Errors: 0, Skipped: 0, Time elapsed: 11.554 s - in org.gephi.layout.plugin.forceatlas2.TestForceAtlas2RickGen
[INFO] 
[INFO] Results:
[INFO] 
[INFO] Tests run: 2, Failures: 0, Errors: 0, Skipped: 0
[INFO] 
[INFO] ------------------------------------------------------------------------
[INFO] BUILD SUCCESS
[INFO] ------------------------------------------------------------------------
[INFO] Total time:  29.411 s
[INFO] Finished at: 2023-06-11T23:26:13+02:00
[INFO] ------------------------------------------------------------------------

Security framework of XStream not initialized, XStream is probably vulnerable.

---------------------------------------------------
[LOG] Cleaned targets with ['mvn', 'clean']
[INFO] Scanning for projects...
[INFO] 
[INFO] ------------------------< org.gephi:rick-tests >------------------------
[INFO] Building rick-tests 1.0-SNAPSHOT
[INFO] --------------------------------[ jar ]---------------------------------
[INFO] 
[INFO] --- maven-clean-plugin:2.5:clean (default-clean) @ rick-tests ---
[INFO] Deleting /home/dee/dev/rick-major-review/rick-tests/target
[INFO] ------------------------------------------------------------------------
[INFO] BUILD SUCCESS
[INFO] ------------------------------------------------------------------------
[INFO] Total time:  1.054 s
[INFO] Finished at: 2023-06-11T23:26:18+02:00
[INFO] ------------------------------------------------------------------------


---------------------------------------------------
[LOG] In experiment directory /home/dee/dev/rick-experiments/mutation-analysis
---------------------------------------------------
[LOG] Restoring original RICK test from ./ForceAtlas2.java/original-test.java
[LOG] Invoking cp ./ForceAtlas2.java/original-test.java /home/dee/dev/rick-major-review/rick-tests/src/test/java/org/gephi/layout/plugin/forceatlas2/TestForceAtlas2RickGen.java
---------------------------------------------------
[PO] Evaluating only PO
[LOG] Replacing original RICK test with variant po
[LOG] Invoking cp /home/dee/dev/rick-experiments/mutation-analysis/output/ForceAtlas2_endAlgo/test-po.java /home/dee/dev/rick-major-review/rick-tests/src/test/java/org/gephi/layout/plugin/forceatlas2/TestForceAtlas2RickGen.java
[LOG] In test module directory /home/dee/dev/rick-major-review/rick-tests
[LOG] Invoked tests with ['mvn', 'test', '-Dtest=TestForceAtlas2RickGen']
[INFO] Scanning for projects...
[INFO] 
[INFO] ------------------------< org.gephi:rick-tests >------------------------
[INFO] Building rick-tests 1.0-SNAPSHOT
[INFO] --------------------------------[ jar ]---------------------------------
[INFO] 
[INFO] --- maven-resources-plugin:2.6:resources (default-resources) @ rick-tests ---
[WARNING] Using platform encoding (UTF-8 actually) to copy filtered resources, i.e. build is platform dependent!
[INFO] Copying 0 resource
[INFO] 
[INFO] --- maven-compiler-plugin:3.1:compile (default-compile) @ rick-tests ---
[INFO] Nothing to compile - all classes are up to date
[INFO] 
[INFO] --- maven-resources-plugin:2.6:testResources (default-testResources) @ rick-tests ---
[WARNING] Using platform encoding (UTF-8 actually) to copy filtered resources, i.e. build is platform dependent!
[INFO] Copying 119 resources
[INFO] 
[INFO] --- maven-compiler-plugin:3.1:testCompile (default-testCompile) @ rick-tests ---
[INFO] Changes detected - recompiling the module!
[WARNING] File encoding has not been set, using platform encoding UTF-8, i.e. build is platform dependent!
[INFO] Compiling 26 source files to /home/dee/dev/rick-major-review/rick-tests/target/test-classes
[WARNING] /home/dee/dev/rick-major-review/rick-tests/src/test/java/org/gephi/importer/impl/TestImportContainerImplRickGenNodeExists.java: Some input files use unchecked or unsafe operations.
[WARNING] /home/dee/dev/rick-major-review/rick-tests/src/test/java/org/gephi/importer/impl/TestImportContainerImplRickGenNodeExists.java: Recompile with -Xlint:unchecked for details.
[INFO] 
[INFO] --- maven-surefire-plugin:2.22.2:test (default-test) @ rick-tests ---
[INFO] 
[INFO] -------------------------------------------------------
[INFO]  T E S T S
[INFO] -------------------------------------------------------
[INFO] Running org.gephi.layout.plugin.forceatlas2.TestForceAtlas2RickGen
[ERROR] Tests run: 2, Failures: 1, Errors: 0, Skipped: 0, Time elapsed: 11.171 s <<< FAILURE! - in org.gephi.layout.plugin.forceatlas2.TestForceAtlas2RickGen
[ERROR] test_endAlgo_PO_3633b19e6785497688f72f8f09c8efd6  Time elapsed: 6.887 s  <<< FAILURE!
org.mockito.exceptions.verification.WantedButNotInvoked: 

Wanted but not invoked:
executorService.shutdown();
-> at org.gephi.layout.plugin.forceatlas2.TestForceAtlas2RickGen.test_endAlgo_PO_3633b19e6785497688f72f8f09c8efd6(TestForceAtlas2RickGen.java:52)
Actually, there were zero interactions with this mock.

	at org.gephi.layout.plugin.forceatlas2.TestForceAtlas2RickGen.test_endAlgo_PO_3633b19e6785497688f72f8f09c8efd6(TestForceAtlas2RickGen.java:52)

[INFO] 
[INFO] Results:
[INFO] 
[ERROR] Failures: 
[ERROR]   TestForceAtlas2RickGen.test_endAlgo_PO_3633b19e6785497688f72f8f09c8efd6:52 
Wanted but not invoked:
executorService.shutdown();
-> at org.gephi.layout.plugin.forceatlas2.TestForceAtlas2RickGen.test_endAlgo_PO_3633b19e6785497688f72f8f09c8efd6(TestForceAtlas2RickGen.java:52)
Actually, there were zero interactions with this mock.

[INFO] 
[ERROR] Tests run: 2, Failures: 1, Errors: 0, Skipped: 0
[INFO] 
[INFO] ------------------------------------------------------------------------
[INFO] BUILD FAILURE
[INFO] ------------------------------------------------------------------------
[INFO] Total time:  30.795 s
[INFO] Finished at: 2023-06-11T23:26:53+02:00
[INFO] ------------------------------------------------------------------------
[ERROR] Failed to execute goal org.apache.maven.plugins:maven-surefire-plugin:2.22.2:test (default-test) on project rick-tests: There are test failures.
[ERROR] 
[ERROR] Please refer to /home/dee/dev/rick-major-review/rick-tests/target/surefire-reports for the individual test results.
[ERROR] Please refer to dump files (if any exist) [date].dump, [date]-jvmRun[N].dump and [date].dumpstream.
[ERROR] -> [Help 1]
[ERROR] 
[ERROR] To see the full stack trace of the errors, re-run Maven with the -e switch.
[ERROR] Re-run Maven using the -X switch to enable full debug logging.
[ERROR] 
[ERROR] For more information about the errors and possible solutions, please read the following articles:
[ERROR] [Help 1] http://cwiki.apache.org/confluence/display/MAVEN/MojoFailureException

Security framework of XStream not initialized, XStream is probably vulnerable.

---------------------------------------------------
[LOG] Cleaned targets with ['mvn', 'clean']
[INFO] Scanning for projects...
[INFO] 
[INFO] ------------------------< org.gephi:rick-tests >------------------------
[INFO] Building rick-tests 1.0-SNAPSHOT
[INFO] --------------------------------[ jar ]---------------------------------
[INFO] 
[INFO] --- maven-clean-plugin:2.5:clean (default-clean) @ rick-tests ---
[INFO] Deleting /home/dee/dev/rick-major-review/rick-tests/target
[INFO] ------------------------------------------------------------------------
[INFO] BUILD SUCCESS
[INFO] ------------------------------------------------------------------------
[INFO] Total time:  1.083 s
[INFO] Finished at: 2023-06-11T23:26:58+02:00
[INFO] ------------------------------------------------------------------------


---------------------------------------------------
[LOG] In experiment directory /home/dee/dev/rick-experiments/mutation-analysis
---------------------------------------------------
[LOG] Restoring original RICK test from ./ForceAtlas2.java/original-test.java
[LOG] Invoking cp ./ForceAtlas2.java/original-test.java /home/dee/dev/rick-major-review/rick-tests/src/test/java/org/gephi/layout/plugin/forceatlas2/TestForceAtlas2RickGen.java
---------------------------------------------------
[CO] Evaluating only CO
[LOG] Replacing original RICK test with variant co
[LOG] Invoking cp /home/dee/dev/rick-experiments/mutation-analysis/output/ForceAtlas2_endAlgo/test-co.java /home/dee/dev/rick-major-review/rick-tests/src/test/java/org/gephi/layout/plugin/forceatlas2/TestForceAtlas2RickGen.java
[LOG] In test module directory /home/dee/dev/rick-major-review/rick-tests
[LOG] Invoked tests with ['mvn', 'test', '-Dtest=TestForceAtlas2RickGen']
[INFO] Scanning for projects...
[INFO] 
[INFO] ------------------------< org.gephi:rick-tests >------------------------
[INFO] Building rick-tests 1.0-SNAPSHOT
[INFO] --------------------------------[ jar ]---------------------------------
[INFO] 
[INFO] --- maven-resources-plugin:2.6:resources (default-resources) @ rick-tests ---
[WARNING] Using platform encoding (UTF-8 actually) to copy filtered resources, i.e. build is platform dependent!
[INFO] Copying 0 resource
[INFO] 
[INFO] --- maven-compiler-plugin:3.1:compile (default-compile) @ rick-tests ---
[INFO] Nothing to compile - all classes are up to date
[INFO] 
[INFO] --- maven-resources-plugin:2.6:testResources (default-testResources) @ rick-tests ---
[WARNING] Using platform encoding (UTF-8 actually) to copy filtered resources, i.e. build is platform dependent!
[INFO] Copying 119 resources
[INFO] 
[INFO] --- maven-compiler-plugin:3.1:testCompile (default-testCompile) @ rick-tests ---
[INFO] Changes detected - recompiling the module!
[WARNING] File encoding has not been set, using platform encoding UTF-8, i.e. build is platform dependent!
[INFO] Compiling 26 source files to /home/dee/dev/rick-major-review/rick-tests/target/test-classes
[WARNING] /home/dee/dev/rick-major-review/rick-tests/src/test/java/org/gephi/importer/impl/TestImportContainerImplRickGenNodeExists.java: Some input files use unchecked or unsafe operations.
[WARNING] /home/dee/dev/rick-major-review/rick-tests/src/test/java/org/gephi/importer/impl/TestImportContainerImplRickGenNodeExists.java: Recompile with -Xlint:unchecked for details.
[INFO] 
[INFO] --- maven-surefire-plugin:2.22.2:test (default-test) @ rick-tests ---
[INFO] 
[INFO] -------------------------------------------------------
[INFO]  T E S T S
[INFO] -------------------------------------------------------
[INFO] Running org.gephi.layout.plugin.forceatlas2.TestForceAtlas2RickGen
[ERROR] Tests run: 2, Failures: 1, Errors: 0, Skipped: 0, Time elapsed: 10.193 s <<< FAILURE! - in org.gephi.layout.plugin.forceatlas2.TestForceAtlas2RickGen
[ERROR] test_endAlgo_CO_3633b19e6785497688f72f8f09c8efd6  Time elapsed: 3.161 s  <<< FAILURE!
org.mockito.exceptions.verification.WantedButNotInvoked: 

Wanted but not invoked:
executorService.shutdown();
-> at org.gephi.layout.plugin.forceatlas2.TestForceAtlas2RickGen.test_endAlgo_CO_3633b19e6785497688f72f8f09c8efd6(TestForceAtlas2RickGen.java:65)
Actually, there were zero interactions with this mock.

	at org.gephi.layout.plugin.forceatlas2.TestForceAtlas2RickGen.test_endAlgo_CO_3633b19e6785497688f72f8f09c8efd6(TestForceAtlas2RickGen.java:65)

[INFO] 
[INFO] Results:
[INFO] 
[ERROR] Failures: 
[ERROR]   TestForceAtlas2RickGen.test_endAlgo_CO_3633b19e6785497688f72f8f09c8efd6:65 
Wanted but not invoked:
executorService.shutdown();
-> at org.gephi.layout.plugin.forceatlas2.TestForceAtlas2RickGen.test_endAlgo_CO_3633b19e6785497688f72f8f09c8efd6(TestForceAtlas2RickGen.java:65)
Actually, there were zero interactions with this mock.

[INFO] 
[ERROR] Tests run: 2, Failures: 1, Errors: 0, Skipped: 0
[INFO] 
[INFO] ------------------------------------------------------------------------
[INFO] BUILD FAILURE
[INFO] ------------------------------------------------------------------------
[INFO] Total time:  27.684 s
[INFO] Finished at: 2023-06-11T23:27:30+02:00
[INFO] ------------------------------------------------------------------------
[ERROR] Failed to execute goal org.apache.maven.plugins:maven-surefire-plugin:2.22.2:test (default-test) on project rick-tests: There are test failures.
[ERROR] 
[ERROR] Please refer to /home/dee/dev/rick-major-review/rick-tests/target/surefire-reports for the individual test results.
[ERROR] Please refer to dump files (if any exist) [date].dump, [date]-jvmRun[N].dump and [date].dumpstream.
[ERROR] -> [Help 1]
[ERROR] 
[ERROR] To see the full stack trace of the errors, re-run Maven with the -e switch.
[ERROR] Re-run Maven using the -X switch to enable full debug logging.
[ERROR] 
[ERROR] For more information about the errors and possible solutions, please read the following articles:
[ERROR] [Help 1] http://cwiki.apache.org/confluence/display/MAVEN/MojoFailureException

Security framework of XStream not initialized, XStream is probably vulnerable.

---------------------------------------------------
[LOG] Cleaned targets with ['mvn', 'clean']
[INFO] Scanning for projects...
[INFO] 
[INFO] ------------------------< org.gephi:rick-tests >------------------------
[INFO] Building rick-tests 1.0-SNAPSHOT
[INFO] --------------------------------[ jar ]---------------------------------
[INFO] 
[INFO] --- maven-clean-plugin:2.5:clean (default-clean) @ rick-tests ---
[INFO] Deleting /home/dee/dev/rick-major-review/rick-tests/target
[INFO] ------------------------------------------------------------------------
[INFO] BUILD SUCCESS
[INFO] ------------------------------------------------------------------------
[INFO] Total time:  1.019 s
[INFO] Finished at: 2023-06-11T23:27:35+02:00
[INFO] ------------------------------------------------------------------------


---------------------------------------------------
[LOG] In experiment directory /home/dee/dev/rick-experiments/mutation-analysis
---------------------------------------------------
[LOG] Restoring original RICK test from ./ForceAtlas2.java/original-test.java
[LOG] Invoking cp ./ForceAtlas2.java/original-test.java /home/dee/dev/rick-major-review/rick-tests/src/test/java/org/gephi/layout/plugin/forceatlas2/TestForceAtlas2RickGen.java
---------------------------------------------------
[ALL] Evaluating (OO +) PO + CO
[LOG] Restoring original RICK test from ./ForceAtlas2.java/original-test.java
[LOG] Invoking cp ./ForceAtlas2.java/original-test.java /home/dee/dev/rick-major-review/rick-tests/src/test/java/org/gephi/layout/plugin/forceatlas2/TestForceAtlas2RickGen.java
[LOG] In test module directory /home/dee/dev/rick-major-review/rick-tests
[LOG] Invoked tests with ['mvn', 'test', '-Dtest=TestForceAtlas2RickGen']
[INFO] Scanning for projects...
[INFO] 
[INFO] ------------------------< org.gephi:rick-tests >------------------------
[INFO] Building rick-tests 1.0-SNAPSHOT
[INFO] --------------------------------[ jar ]---------------------------------
[INFO] 
[INFO] --- maven-resources-plugin:2.6:resources (default-resources) @ rick-tests ---
[WARNING] Using platform encoding (UTF-8 actually) to copy filtered resources, i.e. build is platform dependent!
[INFO] Copying 0 resource
[INFO] 
[INFO] --- maven-compiler-plugin:3.1:compile (default-compile) @ rick-tests ---
[INFO] Nothing to compile - all classes are up to date
[INFO] 
[INFO] --- maven-resources-plugin:2.6:testResources (default-testResources) @ rick-tests ---
[WARNING] Using platform encoding (UTF-8 actually) to copy filtered resources, i.e. build is platform dependent!
[INFO] Copying 119 resources
[INFO] 
[INFO] --- maven-compiler-plugin:3.1:testCompile (default-testCompile) @ rick-tests ---
[INFO] Changes detected - recompiling the module!
[WARNING] File encoding has not been set, using platform encoding UTF-8, i.e. build is platform dependent!
[INFO] Compiling 26 source files to /home/dee/dev/rick-major-review/rick-tests/target/test-classes
[WARNING] /home/dee/dev/rick-major-review/rick-tests/src/test/java/org/gephi/importer/impl/TestImportContainerImplRickGenNodeExists.java: Some input files use unchecked or unsafe operations.
[WARNING] /home/dee/dev/rick-major-review/rick-tests/src/test/java/org/gephi/importer/impl/TestImportContainerImplRickGenNodeExists.java: Recompile with -Xlint:unchecked for details.
[INFO] 
[INFO] --- maven-surefire-plugin:2.22.2:test (default-test) @ rick-tests ---
[INFO] 
[INFO] -------------------------------------------------------
[INFO]  T E S T S
[INFO] -------------------------------------------------------
[INFO] Running org.gephi.layout.plugin.forceatlas2.TestForceAtlas2RickGen
[ERROR] Tests run: 2, Failures: 2, Errors: 0, Skipped: 0, Time elapsed: 11.461 s <<< FAILURE! - in org.gephi.layout.plugin.forceatlas2.TestForceAtlas2RickGen
[ERROR] test_endAlgo_PO_3633b19e6785497688f72f8f09c8efd6  Time elapsed: 6.95 s  <<< FAILURE!
org.mockito.exceptions.verification.WantedButNotInvoked: 

Wanted but not invoked:
executorService.shutdown();
-> at org.gephi.layout.plugin.forceatlas2.TestForceAtlas2RickGen.test_endAlgo_PO_3633b19e6785497688f72f8f09c8efd6(TestForceAtlas2RickGen.java:52)
Actually, there were zero interactions with this mock.

	at org.gephi.layout.plugin.forceatlas2.TestForceAtlas2RickGen.test_endAlgo_PO_3633b19e6785497688f72f8f09c8efd6(TestForceAtlas2RickGen.java:52)

[ERROR] test_endAlgo_CO_3633b19e6785497688f72f8f09c8efd6  Time elapsed: 3.631 s  <<< FAILURE!
org.mockito.exceptions.verification.WantedButNotInvoked: 

Wanted but not invoked:
executorService.shutdown();
-> at org.gephi.layout.plugin.forceatlas2.TestForceAtlas2RickGen.test_endAlgo_CO_3633b19e6785497688f72f8f09c8efd6(TestForceAtlas2RickGen.java:65)
Actually, there were zero interactions with this mock.

	at org.gephi.layout.plugin.forceatlas2.TestForceAtlas2RickGen.test_endAlgo_CO_3633b19e6785497688f72f8f09c8efd6(TestForceAtlas2RickGen.java:65)

[INFO] 
[INFO] Results:
[INFO] 
[ERROR] Failures: 
[ERROR]   TestForceAtlas2RickGen.test_endAlgo_CO_3633b19e6785497688f72f8f09c8efd6:65 
Wanted but not invoked:
executorService.shutdown();
-> at org.gephi.layout.plugin.forceatlas2.TestForceAtlas2RickGen.test_endAlgo_CO_3633b19e6785497688f72f8f09c8efd6(TestForceAtlas2RickGen.java:65)
Actually, there were zero interactions with this mock.

[ERROR]   TestForceAtlas2RickGen.test_endAlgo_PO_3633b19e6785497688f72f8f09c8efd6:52 
Wanted but not invoked:
executorService.shutdown();
-> at org.gephi.layout.plugin.forceatlas2.TestForceAtlas2RickGen.test_endAlgo_PO_3633b19e6785497688f72f8f09c8efd6(TestForceAtlas2RickGen.java:52)
Actually, there were zero interactions with this mock.

[INFO] 
[ERROR] Tests run: 2, Failures: 2, Errors: 0, Skipped: 0
[INFO] 
[INFO] ------------------------------------------------------------------------
[INFO] BUILD FAILURE
[INFO] ------------------------------------------------------------------------
[INFO] Total time:  30.505 s
[INFO] Finished at: 2023-06-11T23:28:10+02:00
[INFO] ------------------------------------------------------------------------
[ERROR] Failed to execute goal org.apache.maven.plugins:maven-surefire-plugin:2.22.2:test (default-test) on project rick-tests: There are test failures.
[ERROR] 
[ERROR] Please refer to /home/dee/dev/rick-major-review/rick-tests/target/surefire-reports for the individual test results.
[ERROR] Please refer to dump files (if any exist) [date].dump, [date]-jvmRun[N].dump and [date].dumpstream.
[ERROR] -> [Help 1]
[ERROR] 
[ERROR] To see the full stack trace of the errors, re-run Maven with the -e switch.
[ERROR] Re-run Maven using the -X switch to enable full debug logging.
[ERROR] 
[ERROR] For more information about the errors and possible solutions, please read the following articles:
[ERROR] [Help 1] http://cwiki.apache.org/confluence/display/MAVEN/MojoFailureException

Security framework of XStream not initialized, XStream is probably vulnerable.

---------------------------------------------------
[LOG] Cleaned targets with ['mvn', 'clean']
[INFO] Scanning for projects...
[INFO] 
[INFO] ------------------------< org.gephi:rick-tests >------------------------
[INFO] Building rick-tests 1.0-SNAPSHOT
[INFO] --------------------------------[ jar ]---------------------------------
[INFO] 
[INFO] --- maven-clean-plugin:2.5:clean (default-clean) @ rick-tests ---
[INFO] Deleting /home/dee/dev/rick-major-review/rick-tests/target
[INFO] ------------------------------------------------------------------------
[INFO] BUILD SUCCESS
[INFO] ------------------------------------------------------------------------
[INFO] Total time:  0.931 s
[INFO] Finished at: 2023-06-11T23:28:15+02:00
[INFO] ------------------------------------------------------------------------


---------------------------------------------------
[LOG] In experiment directory /home/dee/dev/rick-experiments/mutation-analysis
---------------------------------------------------
---------------------------------------------------
[LOG] Resetting ForceAtlas2.java to original
[LOG] Invoking cp ./ForceAtlas2.java/original.java /home/dee/dev/rick-major-review/gephi/modules/LayoutPlugin/src/main/java/org/gephi/layout/plugin/forceAtlas2/ForceAtlas2.java
---------------------------------------------------
[LOG] Copying littledarwin mutants to /home/dee/dev/rick-experiments/mutation-analysis/output/ForceAtlas2_endAlgo/
[LOG] Invoked copying with ['cp', '-r', '/home/dee/dev/rick-experiments/mutation-analysis/ForceAtlas2.java', '/home/dee/dev/rick-experiments/mutation-analysis/output/ForceAtlas2_endAlgo/']


---------------------------------------------------
[LOG] Finishing analysis at 2023-06-11 23:28:15.984597
====== END OF THE LINE ======
