[LOG] Initiating analysis at 2023-06-06 18:30:20.709061
---------------------------------------------------
[LOG] Removing pre-existing mutants from current working directory
[LOG] Cleaning up LittleDarwin results
---------------------------------------------------
[LOG] Working with ProportionalDisplacement_moveNode_Node_ForceVector
[LOG] Generating mutants for its parent ProportionalDisplacement.java
---------------------------------------------------
[LOG] Running littledarwin on /home/dee/dev/rick-major-review/gephi/modules/LayoutPlugin/src/main/java/org/gephi/layout/plugin/force/
[LOG] Invoked LitteDarwin with ['python3', '-m', 'littledarwin', '-m', '-v', '-p', '/home/dee/dev/rick-major-review/gephi/modules/LayoutPlugin/src/main/java/org/gephi/layout/plugin/force/', '--all']

    __     _  __   __   __       ____                          _
   / /    (_)/ /_ / /_ / /___   / __ \ ____ _ _____ _      __ (_)____
  / /    / // __// __// // _ \ / / / // __ `// ___/| | /| / // // __ \
 / /___ / // /_ / /_ / //  __// /_/ // /_/ // /    | |/ |/ // // / / /
/_____//_/ \__/ \__//_/ \___//_____/ \__,_//_/     |__/|__//_//_/ /_/

      _                     _                 ___
     /_|  /|/|  _/__/'     /_|   _ /   _ ' _ (_  _ _ _  _      _ /
    (  | /   |(//(///()/) (  |/)(/((/_) /_)  /  / (///)(-((/()/ /(
                                  /


    LittleDarwin version 0.10.7 Copyright (C) 2014-2020 Ali Parsai

    LittleDarwin comes with ABSOLUTELY NO WARRANTY.
    This is free software, and you are welcome to redistribute it
    under certain conditions; run LittleDarwin --license for details.

    
Source Path:  /home/dee/dev/rick-major-review/gephi/modules/LayoutPlugin/src/main/java/org/gephi/layout/plugin/force
Target Path:  /home/dee/anaconda3/lib/python3.8/site-packages/littledarwin/LittleDarwinResults
Creating Mutation Database:  /home/dee/anaconda3/lib/python3.8/site-packages/littledarwin/LittleDarwinResults/mutationdatabase

(1/10) Source file:  /home/dee/dev/rick-major-review/gephi/modules/LayoutPlugin/src/main/java/org/gephi/layout/plugin/force/StepDisplacement.java
ANTLR runtime and generated code versions disagree: 4.13.0!=4.10.1
ANTLR runtime and generated code versions disagree: 4.13.0!=4.10.1
--> Mutations found:  11
----> ConditionalOperatorReplacement : 1
----> RemoveMethod : 4
----> ArithmeticOperatorReplacementBinary : 2
----> ConditionalOperatorDeletion : 2
----> NullifyInputVariable : 2

(2/10) Source file:  /home/dee/dev/rick-major-review/gephi/modules/LayoutPlugin/src/main/java/org/gephi/layout/plugin/force/Displacement.java
ANTLR runtime and generated code versions disagree: 4.13.0!=4.10.1
ANTLR runtime and generated code versions disagree: 4.13.0!=4.10.1
--> Mutations found:  0

(3/10) Source file:  /home/dee/dev/rick-major-review/gephi/modules/LayoutPlugin/src/main/java/org/gephi/layout/plugin/force/ProportionalDisplacement.java
ANTLR runtime and generated code versions disagree: 4.13.0!=4.10.1
ANTLR runtime and generated code versions disagree: 4.13.0!=4.10.1
--> Mutations found:  12
----> NullifyObjectInitialization : 1
----> ConditionalOperatorReplacement : 1
----> RemoveMethod : 4
----> ArithmeticOperatorReplacementBinary : 2
----> ConditionalOperatorDeletion : 2
----> NullifyInputVariable : 2

(4/10) Source file:  /home/dee/dev/rick-major-review/gephi/modules/LayoutPlugin/src/main/java/org/gephi/layout/plugin/force/AbstractForce.java
ANTLR runtime and generated code versions disagree: 4.13.0!=4.10.1
ANTLR runtime and generated code versions disagree: 4.13.0!=4.10.1
--> Mutations found:  4
----> RemoveMethod : 1
----> NullifyInputVariable : 2
----> NullifyReturnValue : 1

(5/10) Source file:  /home/dee/dev/rick-major-review/gephi/modules/LayoutPlugin/src/main/java/org/gephi/layout/plugin/force/ForceVector.java
ANTLR runtime and generated code versions disagree: 4.13.0!=4.10.1
ANTLR runtime and generated code versions disagree: 4.13.0!=4.10.1
--> Mutations found:  39
----> AssignmentOperatorReplacementShortcut : 6
----> NullifyObjectInitialization : 2
----> RemoveNullCheck : 2
----> RemoveMethod : 18
----> RelationalOperatorReplacement : 2
----> ArithmeticOperatorReplacementBinary : 5
----> NullifyInputVariable : 2
----> NullifyReturnValue : 2

(6/10) Source file:  /home/dee/dev/rick-major-review/gephi/modules/LayoutPlugin/src/main/java/org/gephi/layout/plugin/force/quadtree/QuadTree.java
ANTLR runtime and generated code versions disagree: 4.13.0!=4.10.1
ANTLR runtime and generated code versions disagree: 4.13.0!=4.10.1
--> Mutations found:  257
----> NullifyObjectInitialization : 72
----> ConditionalOperatorReplacement : 3
----> RemoveMethod : 104
----> RelationalOperatorReplacement : 5
----> ArithmeticOperatorReplacementShortcut : 1
----> ArithmeticOperatorReplacementBinary : 21
----> NullifyInputVariable : 49
----> NullifyReturnValue : 2

(7/10) Source file:  /home/dee/dev/rick-major-review/gephi/modules/LayoutPlugin/src/main/java/org/gephi/layout/plugin/force/quadtree/BarnesHut.java
ANTLR runtime and generated code versions disagree: 4.13.0!=4.10.1
ANTLR runtime and generated code versions disagree: 4.13.0!=4.10.1
--> Mutations found:  18
----> NullifyObjectInitialization : 1
----> ConditionalOperatorReplacement : 1
----> RemoveMethod : 4
----> RelationalOperatorReplacement : 4
----> ArithmeticOperatorReplacementBinary : 1
----> NullifyInputVariable : 2
----> NullifyReturnValue : 5

(8/10) Source file:  /home/dee/dev/rick-major-review/gephi/modules/LayoutPlugin/src/main/java/org/gephi/layout/plugin/force/yifanHu/YifanHuLayout.java
ANTLR runtime and generated code versions disagree: 4.13.0!=4.10.1
ANTLR runtime and generated code versions disagree: 4.13.0!=4.10.1
--> Mutations found:  110
----> AssignmentOperatorReplacementShortcut : 2
----> NullifyObjectInitialization : 8
----> RemoveNullCheck : 3
----> ConditionalOperatorReplacement : 2
----> RemoveMethod : 33
----> RelationalOperatorReplacement : 6
----> ArithmeticOperatorReplacementShortcut : 2
----> ArithmeticOperatorReplacementBinary : 19
----> ConditionalOperatorDeletion : 3
----> NullifyInputVariable : 15
----> ArithmeticOperatorReplacementUnary : 2
----> NullifyReturnValue : 15

(9/10) Source file:  /home/dee/dev/rick-major-review/gephi/modules/LayoutPlugin/src/main/java/org/gephi/layout/plugin/force/yifanHu/YifanHuProportional.java
ANTLR runtime and generated code versions disagree: 4.13.0!=4.10.1
ANTLR runtime and generated code versions disagree: 4.13.0!=4.10.1
--> Mutations found:  22
----> NullifyObjectInitialization : 3
----> RemoveMethod : 12
----> NullifyInputVariable : 1
----> NullifyReturnValue : 6

(10/10) Source file:  /home/dee/dev/rick-major-review/gephi/modules/LayoutPlugin/src/main/java/org/gephi/layout/plugin/force/yifanHu/YifanHu.java
ANTLR runtime and generated code versions disagree: 4.13.0!=4.10.1
ANTLR runtime and generated code versions disagree: 4.13.0!=4.10.1
--> Mutations found:  22
----> NullifyObjectInitialization : 3
----> RemoveMethod : 12
----> NullifyInputVariable : 1
----> NullifyReturnValue : 6

Total mutations found:  495
--> AssignmentOperatorReplacementShortcut: 8
--> NullifyObjectInitialization: 90
--> RemoveNullCheck: 5
--> ConditionalOperatorReplacement: 8
--> RemoveMethod: 192
--> RelationalOperatorReplacement: 17
--> ArithmeticOperatorReplacementShortcut: 3
--> ArithmeticOperatorReplacementBinary: 50
--> ConditionalOperatorDeletion: 7
--> NullifyInputVariable: 76
--> ArithmeticOperatorReplacementUnary: 2
--> NullifyReturnValue: 37


---------------------------------------------------
[LOG] Copying mutants of ProportionalDisplacement.java
---------------------------------------------------
[LOG] Generated 12 mutants
---------------------------------------------------
[LOG] Backing up original RICK test as ./ProportionalDisplacement.java/original-test.java
[LOG] Invoking cp /home/dee/dev/rick-major-review/rick-tests/src/test/java/org/gephi/layout/plugin/force/TestProportionalDisplacementRickGen.java ./ProportionalDisplacement.java/original-test.java
---------------------------------------------------
[LOG] Generating variants of original RICK test
[LOG] Modifying /home/dee/dev/rick-major-review/finches/output/ProportionalDisplacement_moveNode_Node_ForceVector/test-baseline.java
[LOG] Created baseline test at /home/dee/dev/rick-major-review/finches/output/ProportionalDisplacement_moveNode_Node_ForceVector/test-baseline.java
[LOG] Modifying /home/dee/dev/rick-major-review/finches/output/ProportionalDisplacement_moveNode_Node_ForceVector/test-po.java
[LOG] Created PO test at /home/dee/dev/rick-major-review/finches/output/ProportionalDisplacement_moveNode_Node_ForceVector/test-po.java
[LOG] Modifying /home/dee/dev/rick-major-review/finches/output/ProportionalDisplacement_moveNode_Node_ForceVector/test-co.java
[LOG] Created CO test at /home/dee/dev/rick-major-review/finches/output/ProportionalDisplacement_moveNode_Node_ForceVector/test-co.java
[LOG] Created test with all oracles at /home/dee/dev/rick-major-review/finches/output/ProportionalDisplacement_moveNode_Node_ForceVector/test-all.java
---------------------------------------------------
[LOG] Replacing originalProportionalDisplacement.java with ./ProportionalDisplacement.java/1.java
[LOG] Invoking cp ./ProportionalDisplacement.java/1.java /home/dee/dev/rick-major-review/gephi/modules/LayoutPlugin/src/main/java/org/gephi/layout/plugin/force/ProportionalDisplacement.java
[LOG] Invoked a clean install of the parent module with ['mvn', 'clean', 'install', '-DskipTests']
[INFO] Scanning for projects...
[INFO] 
[INFO] ----------------------< org.gephi:layout-plugin >-----------------------
[INFO] Building LayoutPlugin 0.9.6
[INFO] --------------------------------[ nbm ]---------------------------------
[INFO] 
[INFO] --- maven-clean-plugin:3.1.0:clean (default-clean) @ layout-plugin ---
[INFO] Deleting /home/dee/dev/rick-major-review/gephi/modules/LayoutPlugin/target
[INFO] 
[INFO] --- build-helper-maven-plugin:3.3.0:parse-version (parse-version) @ layout-plugin ---
[INFO] 
[INFO] --- maven-checkstyle-plugin:3.1.2:check (validate) @ layout-plugin ---
[INFO] 
[INFO] --- maven-resources-plugin:3.2.0:copy-resources (generate-modules-xml) @ layout-plugin ---
[INFO] Using 'UTF-8' encoding to copy filtered resources.
[INFO] Using 'UTF-8' encoding to copy filtered properties files.
[INFO] Copying 1 resource
[INFO] 
[INFO] --- maven-resources-plugin:3.2.0:resources (default-resources) @ layout-plugin ---
[INFO] Using 'UTF-8' encoding to copy filtered resources.
[INFO] Using 'UTF-8' encoding to copy filtered properties files.
[INFO] Copying 178 resources
[INFO] 
[INFO] --- maven-compiler-plugin:3.10.0:compile (default-compile) @ layout-plugin ---
[INFO] Changes detected - recompiling the module!
[INFO] Compiling 54 source files to /home/dee/dev/rick-major-review/gephi/modules/LayoutPlugin/target/classes
[WARNING] No processor claimed any of these annotations: java.base/java.lang.Override
[WARNING] /home/dee/dev/rick-major-review/gephi/modules/LayoutPlugin/src/main/java/org/gephi/layout/plugin/openord/DensityGrid.java:[68,19] [rawtypes] found raw type: ArrayDeque
  missing type arguments for generic class ArrayDeque<E>
  where E is a type-variable:
    E extends Object declared in class ArrayDeque
[WARNING] /home/dee/dev/rick-major-review/gephi/modules/LayoutPlugin/src/main/java/org/gephi/layout/plugin/openord/DensityGrid.java:[68,15] [unchecked] unchecked conversion
  required: ArrayDeque<Node>[][]
  found:    ArrayDeque[][]
[WARNING] /home/dee/dev/rick-major-review/gephi/modules/LayoutPlugin/src/main/java/org/gephi/layout/plugin/force/quadtree/QuadTree.java:[435,23] [rawtypes] found raw type: Entry
  missing type arguments for generic class Entry<K,V>
  where K,V are type-variables:
    K extends Object declared in interface Entry
    V extends Object declared in interface Entry
[WARNING] /home/dee/dev/rick-major-review/gephi/modules/LayoutPlugin/src/main/java/org/gephi/layout/plugin/AutoLayout.java:[158,48] [unchecked] unchecked call to setValue(T) as a member of the raw type Property
  where T is a type-variable:
    T extends Object declared in class Property
[WARNING] /home/dee/dev/rick-major-review/gephi/modules/LayoutPlugin/src/main/java/org/gephi/layout/plugin/AutoLayout.java:[241,8] [rawtypes] found raw type: Property
  missing type arguments for generic class Property<T>
  where T is a type-variable:
    T extends Object declared in class Property
[WARNING] /home/dee/dev/rick-major-review/gephi/modules/LayoutPlugin/src/main/java/org/gephi/layout/plugin/AutoLayout.java:[249,18] [rawtypes] found raw type: Property
  missing type arguments for generic class Property<T>
  where T is a type-variable:
    T extends Object declared in class Property
[WARNING] /home/dee/dev/rick-major-review/gephi/modules/LayoutPlugin/src/main/java/org/gephi/layout/plugin/AutoLayout.java:[256,15] [rawtypes] found raw type: Property
  missing type arguments for generic class Property<T>
  where T is a type-variable:
    T extends Object declared in class Property
[WARNING] /home/dee/dev/rick-major-review/gephi/modules/LayoutPlugin/src/main/java/org/gephi/layout/plugin/AutoLayout.java:[260,25] [rawtypes] found raw type: Property
  missing type arguments for generic class Property<T>
  where T is a type-variable:
    T extends Object declared in class Property
[WARNING] /home/dee/dev/rick-major-review/gephi/modules/LayoutPlugin/src/main/java/org/gephi/layout/plugin/forceAtlas2/ForceAtlas2.java:[193,22] [rawtypes] found raw type: Future
  missing type arguments for generic class Future<V>
  where V is a type-variable:
    V extends Object declared in interface Future
[WARNING] /home/dee/dev/rick-major-review/gephi/modules/LayoutPlugin/src/main/java/org/gephi/layout/plugin/forceAtlas2/ForceAtlas2.java:[193,44] [rawtypes] found raw type: ArrayList
  missing type arguments for generic class ArrayList<E>
  where E is a type-variable:
    E extends Object declared in class ArrayList
[WARNING] /home/dee/dev/rick-major-review/gephi/modules/LayoutPlugin/src/main/java/org/gephi/layout/plugin/forceAtlas2/ForceAtlas2.java:[193,40] [unchecked] unchecked conversion
  required: ArrayList<Future>
  found:    ArrayList
[WARNING] /home/dee/dev/rick-major-review/gephi/modules/LayoutPlugin/src/main/java/org/gephi/layout/plugin/forceAtlas2/ForceAtlas2.java:[197,16] [rawtypes] found raw type: Future
  missing type arguments for generic class Future<V>
  where V is a type-variable:
    V extends Object declared in interface Future
[WARNING] /home/dee/dev/rick-major-review/gephi/modules/LayoutPlugin/src/main/java/org/gephi/layout/plugin/forceAtlas2/ForceAtlas2.java:[203,17] [rawtypes] found raw type: Future
  missing type arguments for generic class Future<V>
  where V is a type-variable:
    V extends Object declared in interface Future
[INFO] 
[INFO] --- nbm-maven-plugin:4.6:manifest (default-manifest) @ layout-plugin ---
[INFO] NBM Plugin generates manifest
[INFO] 
[INFO] --- maven-resources-plugin:3.2.0:testResources (default-testResources) @ layout-plugin ---
[INFO] Using 'UTF-8' encoding to copy filtered resources.
[INFO] Using 'UTF-8' encoding to copy filtered properties files.
[INFO] skip non existing resourceDirectory /home/dee/dev/rick-major-review/gephi/modules/LayoutPlugin/src/test/resources
[INFO] 
[INFO] --- maven-compiler-plugin:3.10.0:testCompile (default-testCompile) @ layout-plugin ---
[INFO] No sources to compile
[INFO] 
[INFO] --- maven-surefire-plugin:2.22.2:test (default-test) @ layout-plugin ---
[INFO] Tests are skipped.
[INFO] 
[INFO] --- maven-jar-plugin:3.2.2:jar (default-jar) @ layout-plugin ---
[INFO] Building jar: /home/dee/dev/rick-major-review/gephi/modules/LayoutPlugin/target/layout-plugin-0.9.6.jar
[INFO] 
[INFO] --- nbm-maven-plugin:4.6:nbm (default-nbm) @ layout-plugin ---
[INFO] Copying module JAR to /home/dee/dev/rick-major-review/gephi/modules/LayoutPlugin/target/nbm/clusters/gephi/modules
[INFO] Generating Auto Update information for org.gephi.layout.plugin
[WARNING] No updater.jar specified, cannot validate Info.xml against DTD
[INFO] Building jar: /home/dee/dev/rick-major-review/gephi/modules/LayoutPlugin/target/nbm/layout-plugin-0.9.6.nbm
[INFO] 
[INFO] --- maven-install-plugin:2.5.2:install (default-install) @ layout-plugin ---
[INFO] Installing /home/dee/dev/rick-major-review/gephi/modules/LayoutPlugin/target/layout-plugin-0.9.6.jar to /home/dee/.m2/repository/org/gephi/layout-plugin/0.9.6/layout-plugin-0.9.6.jar
[INFO] Installing /home/dee/dev/rick-major-review/gephi/modules/LayoutPlugin/pom.xml to /home/dee/.m2/repository/org/gephi/layout-plugin/0.9.6/layout-plugin-0.9.6.pom
[INFO] Installing /home/dee/dev/rick-major-review/gephi/modules/LayoutPlugin/target/layout-plugin-0.9.6.nbm to /home/dee/.m2/repository/org/gephi/layout-plugin/0.9.6/layout-plugin-0.9.6.nbm
[INFO] ------------------------------------------------------------------------
[INFO] BUILD SUCCESS
[INFO] ------------------------------------------------------------------------
[INFO] Total time:  20.091 s
[INFO] Finished at: 2023-06-06T18:30:51+02:00
[INFO] ------------------------------------------------------------------------


---------------------------------------------------
[BASELINE] Not evaluating any oracle
[LOG] Replacing original RICK test with variant baseline
[LOG] Invoking cp /home/dee/dev/rick-major-review/finches/output/ProportionalDisplacement_moveNode_Node_ForceVector/test-baseline.java /home/dee/dev/rick-major-review/rick-tests/src/test/java/org/gephi/layout/plugin/force/TestProportionalDisplacementRickGen.java
[LOG] In test module directory /home/dee/dev/rick-major-review/rick-tests
[LOG] Invoked tests with ['mvn', 'test', '-Dtest=TestProportionalDisplacementRickGen']
[INFO] Scanning for projects...
[INFO] 
[INFO] ------------------------< org.gephi:rick-tests >------------------------
[INFO] Building rick-tests 1.0-SNAPSHOT
[INFO] --------------------------------[ jar ]---------------------------------
[INFO] 
[INFO] --- maven-resources-plugin:2.6:resources (default-resources) @ rick-tests ---
[WARNING] Using platform encoding (UTF-8 actually) to copy filtered resources, i.e. build is platform dependent!
[INFO] Copying 0 resource
[INFO] 
[INFO] --- maven-compiler-plugin:3.1:compile (default-compile) @ rick-tests ---
[INFO] Nothing to compile - all classes are up to date
[INFO] 
[INFO] --- maven-resources-plugin:2.6:testResources (default-testResources) @ rick-tests ---
[WARNING] Using platform encoding (UTF-8 actually) to copy filtered resources, i.e. build is platform dependent!
[INFO] Copying 119 resources
[INFO] 
[INFO] --- maven-compiler-plugin:3.1:testCompile (default-testCompile) @ rick-tests ---
[INFO] Changes detected - recompiling the module!
[WARNING] File encoding has not been set, using platform encoding UTF-8, i.e. build is platform dependent!
[INFO] Compiling 26 source files to /home/dee/dev/rick-major-review/rick-tests/target/test-classes
[WARNING] /home/dee/dev/rick-major-review/rick-tests/src/test/java/org/gephi/importer/impl/TestImportContainerImplRickGenNodeExists.java: Some input files use unchecked or unsafe operations.
[WARNING] /home/dee/dev/rick-major-review/rick-tests/src/test/java/org/gephi/importer/impl/TestImportContainerImplRickGenNodeExists.java: Recompile with -Xlint:unchecked for details.
[INFO] 
[INFO] --- maven-surefire-plugin:2.22.2:test (default-test) @ rick-tests ---
[INFO] 
[INFO] -------------------------------------------------------
[INFO]  T E S T S
[INFO] -------------------------------------------------------
[INFO] Running org.gephi.layout.plugin.force.TestProportionalDisplacementRickGen
[ERROR] Tests run: 2, Failures: 0, Errors: 1, Skipped: 1, Time elapsed: 7.821 s <<< FAILURE! - in org.gephi.layout.plugin.force.TestProportionalDisplacementRickGen
[ERROR] test_moveNode_CO_bb082e870eda4717ae6f5897572bc3fa  Time elapsed: 6.987 s  <<< ERROR!
java.lang.NullPointerException
	at org.gephi.layout.plugin.force.TestProportionalDisplacementRickGen.test_moveNode_CO_bb082e870eda4717ae6f5897572bc3fa(TestProportionalDisplacementRickGen.java:58)

[INFO] 
[INFO] Results:
[INFO] 
[ERROR] Errors: 
[ERROR]   TestProportionalDisplacementRickGen.test_moveNode_CO_bb082e870eda4717ae6f5897572bc3fa:58 » NullPointer
[INFO] 
[ERROR] Tests run: 2, Failures: 0, Errors: 1, Skipped: 1
[INFO] 
[INFO] ------------------------------------------------------------------------
[INFO] BUILD FAILURE
[INFO] ------------------------------------------------------------------------
[INFO] Total time:  22.131 s
[INFO] Finished at: 2023-06-06T18:31:16+02:00
[INFO] ------------------------------------------------------------------------
[ERROR] Failed to execute goal org.apache.maven.plugins:maven-surefire-plugin:2.22.2:test (default-test) on project rick-tests: There are test failures.
[ERROR] 
[ERROR] Please refer to /home/dee/dev/rick-major-review/rick-tests/target/surefire-reports for the individual test results.
[ERROR] Please refer to dump files (if any exist) [date].dump, [date]-jvmRun[N].dump and [date].dumpstream.
[ERROR] -> [Help 1]
[ERROR] 
[ERROR] To see the full stack trace of the errors, re-run Maven with the -e switch.
[ERROR] Re-run Maven using the -X switch to enable full debug logging.
[ERROR] 
[ERROR] For more information about the errors and possible solutions, please read the following articles:
[ERROR] [Help 1] http://cwiki.apache.org/confluence/display/MAVEN/MojoFailureException

Security framework of XStream not initialized, XStream is probably vulnerable.

---------------------------------------------------
[LOG] Cleaned targets with ['mvn', 'clean']
[INFO] Scanning for projects...
[INFO] 
[INFO] ------------------------< org.gephi:rick-tests >------------------------
[INFO] Building rick-tests 1.0-SNAPSHOT
[INFO] --------------------------------[ jar ]---------------------------------
[INFO] 
[INFO] --- maven-clean-plugin:2.5:clean (default-clean) @ rick-tests ---
[INFO] Deleting /home/dee/dev/rick-major-review/rick-tests/target
[INFO] ------------------------------------------------------------------------
[INFO] BUILD SUCCESS
[INFO] ------------------------------------------------------------------------
[INFO] Total time:  0.829 s
[INFO] Finished at: 2023-06-06T18:31:20+02:00
[INFO] ------------------------------------------------------------------------


---------------------------------------------------
[LOG] In experiment directory /home/dee/dev/rick-major-review/finches
---------------------------------------------------
[LOG] Restoring original RICK test from ./ProportionalDisplacement.java/original-test.java
[LOG] Invoking cp ./ProportionalDisplacement.java/original-test.java /home/dee/dev/rick-major-review/rick-tests/src/test/java/org/gephi/layout/plugin/force/TestProportionalDisplacementRickGen.java
---------------------------------------------------
[PO] Evaluating only PO
[LOG] Replacing original RICK test with variant po
[LOG] Invoking cp /home/dee/dev/rick-major-review/finches/output/ProportionalDisplacement_moveNode_Node_ForceVector/test-po.java /home/dee/dev/rick-major-review/rick-tests/src/test/java/org/gephi/layout/plugin/force/TestProportionalDisplacementRickGen.java
[LOG] In test module directory /home/dee/dev/rick-major-review/rick-tests
[LOG] Invoked tests with ['mvn', 'test', '-Dtest=TestProportionalDisplacementRickGen']
[INFO] Scanning for projects...
[INFO] 
[INFO] ------------------------< org.gephi:rick-tests >------------------------
[INFO] Building rick-tests 1.0-SNAPSHOT
[INFO] --------------------------------[ jar ]---------------------------------
[INFO] 
[INFO] --- maven-resources-plugin:2.6:resources (default-resources) @ rick-tests ---
[WARNING] Using platform encoding (UTF-8 actually) to copy filtered resources, i.e. build is platform dependent!
[INFO] Copying 0 resource
[INFO] 
[INFO] --- maven-compiler-plugin:3.1:compile (default-compile) @ rick-tests ---
[INFO] Nothing to compile - all classes are up to date
[INFO] 
[INFO] --- maven-resources-plugin:2.6:testResources (default-testResources) @ rick-tests ---
[WARNING] Using platform encoding (UTF-8 actually) to copy filtered resources, i.e. build is platform dependent!
[INFO] Copying 119 resources
[INFO] 
[INFO] --- maven-compiler-plugin:3.1:testCompile (default-testCompile) @ rick-tests ---
[INFO] Changes detected - recompiling the module!
[WARNING] File encoding has not been set, using platform encoding UTF-8, i.e. build is platform dependent!
[INFO] Compiling 26 source files to /home/dee/dev/rick-major-review/rick-tests/target/test-classes
[WARNING] /home/dee/dev/rick-major-review/rick-tests/src/test/java/org/gephi/importer/impl/TestImportContainerImplRickGenNodeExists.java: Some input files use unchecked or unsafe operations.
[WARNING] /home/dee/dev/rick-major-review/rick-tests/src/test/java/org/gephi/importer/impl/TestImportContainerImplRickGenNodeExists.java: Recompile with -Xlint:unchecked for details.
[INFO] 
[INFO] --- maven-surefire-plugin:2.22.2:test (default-test) @ rick-tests ---
[INFO] 
[INFO] -------------------------------------------------------
[INFO]  T E S T S
[INFO] -------------------------------------------------------
[INFO] Running org.gephi.layout.plugin.force.TestProportionalDisplacementRickGen
[ERROR] Tests run: 2, Failures: 0, Errors: 1, Skipped: 1, Time elapsed: 8.079 s <<< FAILURE! - in org.gephi.layout.plugin.force.TestProportionalDisplacementRickGen
[ERROR] test_moveNode_CO_bb082e870eda4717ae6f5897572bc3fa  Time elapsed: 7.348 s  <<< ERROR!
java.lang.NullPointerException
	at org.gephi.layout.plugin.force.TestProportionalDisplacementRickGen.test_moveNode_CO_bb082e870eda4717ae6f5897572bc3fa(TestProportionalDisplacementRickGen.java:58)

[INFO] 
[INFO] Results:
[INFO] 
[ERROR] Errors: 
[ERROR]   TestProportionalDisplacementRickGen.test_moveNode_CO_bb082e870eda4717ae6f5897572bc3fa:58 » NullPointer
[INFO] 
[ERROR] Tests run: 2, Failures: 0, Errors: 1, Skipped: 1
[INFO] 
[INFO] ------------------------------------------------------------------------
[INFO] BUILD FAILURE
[INFO] ------------------------------------------------------------------------
[INFO] Total time:  23.061 s
[INFO] Finished at: 2023-06-06T18:31:47+02:00
[INFO] ------------------------------------------------------------------------
[ERROR] Failed to execute goal org.apache.maven.plugins:maven-surefire-plugin:2.22.2:test (default-test) on project rick-tests: There are test failures.
[ERROR] 
[ERROR] Please refer to /home/dee/dev/rick-major-review/rick-tests/target/surefire-reports for the individual test results.
[ERROR] Please refer to dump files (if any exist) [date].dump, [date]-jvmRun[N].dump and [date].dumpstream.
[ERROR] -> [Help 1]
[ERROR] 
[ERROR] To see the full stack trace of the errors, re-run Maven with the -e switch.
[ERROR] Re-run Maven using the -X switch to enable full debug logging.
[ERROR] 
[ERROR] For more information about the errors and possible solutions, please read the following articles:
[ERROR] [Help 1] http://cwiki.apache.org/confluence/display/MAVEN/MojoFailureException

Security framework of XStream not initialized, XStream is probably vulnerable.

---------------------------------------------------
[LOG] Cleaned targets with ['mvn', 'clean']
[INFO] Scanning for projects...
[INFO] 
[INFO] ------------------------< org.gephi:rick-tests >------------------------
[INFO] Building rick-tests 1.0-SNAPSHOT
[INFO] --------------------------------[ jar ]---------------------------------
[INFO] 
[INFO] --- maven-clean-plugin:2.5:clean (default-clean) @ rick-tests ---
[INFO] Deleting /home/dee/dev/rick-major-review/rick-tests/target
[INFO] ------------------------------------------------------------------------
[INFO] BUILD SUCCESS
[INFO] ------------------------------------------------------------------------
[INFO] Total time:  1.202 s
[INFO] Finished at: 2023-06-06T18:31:52+02:00
[INFO] ------------------------------------------------------------------------


---------------------------------------------------
[LOG] In experiment directory /home/dee/dev/rick-major-review/finches
---------------------------------------------------
[LOG] Restoring original RICK test from ./ProportionalDisplacement.java/original-test.java
[LOG] Invoking cp ./ProportionalDisplacement.java/original-test.java /home/dee/dev/rick-major-review/rick-tests/src/test/java/org/gephi/layout/plugin/force/TestProportionalDisplacementRickGen.java
---------------------------------------------------
[CO] Evaluating only CO
[LOG] Replacing original RICK test with variant co
[LOG] Invoking cp /home/dee/dev/rick-major-review/finches/output/ProportionalDisplacement_moveNode_Node_ForceVector/test-co.java /home/dee/dev/rick-major-review/rick-tests/src/test/java/org/gephi/layout/plugin/force/TestProportionalDisplacementRickGen.java
[LOG] In test module directory /home/dee/dev/rick-major-review/rick-tests
[LOG] Invoked tests with ['mvn', 'test', '-Dtest=TestProportionalDisplacementRickGen']
[INFO] Scanning for projects...
[INFO] 
[INFO] ------------------------< org.gephi:rick-tests >------------------------
[INFO] Building rick-tests 1.0-SNAPSHOT
[INFO] --------------------------------[ jar ]---------------------------------
[INFO] 
[INFO] --- maven-resources-plugin:2.6:resources (default-resources) @ rick-tests ---
[WARNING] Using platform encoding (UTF-8 actually) to copy filtered resources, i.e. build is platform dependent!
[INFO] Copying 0 resource
[INFO] 
[INFO] --- maven-compiler-plugin:3.1:compile (default-compile) @ rick-tests ---
[INFO] Nothing to compile - all classes are up to date
[INFO] 
[INFO] --- maven-resources-plugin:2.6:testResources (default-testResources) @ rick-tests ---
[WARNING] Using platform encoding (UTF-8 actually) to copy filtered resources, i.e. build is platform dependent!
[INFO] Copying 119 resources
[INFO] 
[INFO] --- maven-compiler-plugin:3.1:testCompile (default-testCompile) @ rick-tests ---
[INFO] Changes detected - recompiling the module!
[WARNING] File encoding has not been set, using platform encoding UTF-8, i.e. build is platform dependent!
[INFO] Compiling 26 source files to /home/dee/dev/rick-major-review/rick-tests/target/test-classes
[WARNING] /home/dee/dev/rick-major-review/rick-tests/src/test/java/org/gephi/importer/impl/TestImportContainerImplRickGenNodeExists.java: Some input files use unchecked or unsafe operations.
[WARNING] /home/dee/dev/rick-major-review/rick-tests/src/test/java/org/gephi/importer/impl/TestImportContainerImplRickGenNodeExists.java: Recompile with -Xlint:unchecked for details.
[INFO] 
[INFO] --- maven-surefire-plugin:2.22.2:test (default-test) @ rick-tests ---
[INFO] 
[INFO] -------------------------------------------------------
[INFO]  T E S T S
[INFO] -------------------------------------------------------
[INFO] Running org.gephi.layout.plugin.force.TestProportionalDisplacementRickGen
[ERROR] Tests run: 2, Failures: 0, Errors: 1, Skipped: 1, Time elapsed: 8.558 s <<< FAILURE! - in org.gephi.layout.plugin.force.TestProportionalDisplacementRickGen
[ERROR] test_moveNode_CO_bb082e870eda4717ae6f5897572bc3fa  Time elapsed: 7.697 s  <<< ERROR!
java.lang.NullPointerException
	at org.gephi.layout.plugin.force.TestProportionalDisplacementRickGen.test_moveNode_CO_bb082e870eda4717ae6f5897572bc3fa(TestProportionalDisplacementRickGen.java:58)

[INFO] 
[INFO] Results:
[INFO] 
[ERROR] Errors: 
[ERROR]   TestProportionalDisplacementRickGen.test_moveNode_CO_bb082e870eda4717ae6f5897572bc3fa:58 » NullPointer
[INFO] 
[ERROR] Tests run: 2, Failures: 0, Errors: 1, Skipped: 1
[INFO] 
[INFO] ------------------------------------------------------------------------
[INFO] BUILD FAILURE
[INFO] ------------------------------------------------------------------------
[INFO] Total time:  28.101 s
[INFO] Finished at: 2023-06-06T18:32:25+02:00
[INFO] ------------------------------------------------------------------------
[ERROR] Failed to execute goal org.apache.maven.plugins:maven-surefire-plugin:2.22.2:test (default-test) on project rick-tests: There are test failures.
[ERROR] 
[ERROR] Please refer to /home/dee/dev/rick-major-review/rick-tests/target/surefire-reports for the individual test results.
[ERROR] Please refer to dump files (if any exist) [date].dump, [date]-jvmRun[N].dump and [date].dumpstream.
[ERROR] -> [Help 1]
[ERROR] 
[ERROR] To see the full stack trace of the errors, re-run Maven with the -e switch.
[ERROR] Re-run Maven using the -X switch to enable full debug logging.
[ERROR] 
[ERROR] For more information about the errors and possible solutions, please read the following articles:
[ERROR] [Help 1] http://cwiki.apache.org/confluence/display/MAVEN/MojoFailureException

Security framework of XStream not initialized, XStream is probably vulnerable.

---------------------------------------------------
[LOG] Cleaned targets with ['mvn', 'clean']
[INFO] Scanning for projects...
[INFO] 
[INFO] ------------------------< org.gephi:rick-tests >------------------------
[INFO] Building rick-tests 1.0-SNAPSHOT
[INFO] --------------------------------[ jar ]---------------------------------
[INFO] 
[INFO] --- maven-clean-plugin:2.5:clean (default-clean) @ rick-tests ---
[INFO] Deleting /home/dee/dev/rick-major-review/rick-tests/target
[INFO] ------------------------------------------------------------------------
[INFO] BUILD SUCCESS
[INFO] ------------------------------------------------------------------------
[INFO] Total time:  0.904 s
[INFO] Finished at: 2023-06-06T18:32:29+02:00
[INFO] ------------------------------------------------------------------------


---------------------------------------------------
[LOG] In experiment directory /home/dee/dev/rick-major-review/finches
---------------------------------------------------
[LOG] Restoring original RICK test from ./ProportionalDisplacement.java/original-test.java
[LOG] Invoking cp ./ProportionalDisplacement.java/original-test.java /home/dee/dev/rick-major-review/rick-tests/src/test/java/org/gephi/layout/plugin/force/TestProportionalDisplacementRickGen.java
---------------------------------------------------
[ALL] Evaluating (OO +) PO + CO
[LOG] Restoring original RICK test from ./ProportionalDisplacement.java/original-test.java
[LOG] Invoking cp ./ProportionalDisplacement.java/original-test.java /home/dee/dev/rick-major-review/rick-tests/src/test/java/org/gephi/layout/plugin/force/TestProportionalDisplacementRickGen.java
[LOG] In test module directory /home/dee/dev/rick-major-review/rick-tests
[LOG] Invoked tests with ['mvn', 'test', '-Dtest=TestProportionalDisplacementRickGen']
[INFO] Scanning for projects...
[INFO] 
[INFO] ------------------------< org.gephi:rick-tests >------------------------
[INFO] Building rick-tests 1.0-SNAPSHOT
[INFO] --------------------------------[ jar ]---------------------------------
[INFO] 
[INFO] --- maven-resources-plugin:2.6:resources (default-resources) @ rick-tests ---
[WARNING] Using platform encoding (UTF-8 actually) to copy filtered resources, i.e. build is platform dependent!
[INFO] Copying 0 resource
[INFO] 
[INFO] --- maven-compiler-plugin:3.1:compile (default-compile) @ rick-tests ---
[INFO] Nothing to compile - all classes are up to date
[INFO] 
[INFO] --- maven-resources-plugin:2.6:testResources (default-testResources) @ rick-tests ---
[WARNING] Using platform encoding (UTF-8 actually) to copy filtered resources, i.e. build is platform dependent!
[INFO] Copying 119 resources
[INFO] 
[INFO] --- maven-compiler-plugin:3.1:testCompile (default-testCompile) @ rick-tests ---
[INFO] Changes detected - recompiling the module!
[WARNING] File encoding has not been set, using platform encoding UTF-8, i.e. build is platform dependent!
[INFO] Compiling 26 source files to /home/dee/dev/rick-major-review/rick-tests/target/test-classes
[WARNING] /home/dee/dev/rick-major-review/rick-tests/src/test/java/org/gephi/importer/impl/TestImportContainerImplRickGenNodeExists.java: Some input files use unchecked or unsafe operations.
[WARNING] /home/dee/dev/rick-major-review/rick-tests/src/test/java/org/gephi/importer/impl/TestImportContainerImplRickGenNodeExists.java: Recompile with -Xlint:unchecked for details.
[INFO] 
[INFO] --- maven-surefire-plugin:2.22.2:test (default-test) @ rick-tests ---
[INFO] 
[INFO] -------------------------------------------------------
[INFO]  T E S T S
[INFO] -------------------------------------------------------
[INFO] Running org.gephi.layout.plugin.force.TestProportionalDisplacementRickGen
[ERROR] Tests run: 2, Failures: 0, Errors: 1, Skipped: 1, Time elapsed: 7.787 s <<< FAILURE! - in org.gephi.layout.plugin.force.TestProportionalDisplacementRickGen
[ERROR] test_moveNode_CO_bb082e870eda4717ae6f5897572bc3fa  Time elapsed: 7.063 s  <<< ERROR!
java.lang.NullPointerException
	at org.gephi.layout.plugin.force.TestProportionalDisplacementRickGen.test_moveNode_CO_bb082e870eda4717ae6f5897572bc3fa(TestProportionalDisplacementRickGen.java:58)

[INFO] 
[INFO] Results:
[INFO] 
[ERROR] Errors: 
[ERROR]   TestProportionalDisplacementRickGen.test_moveNode_CO_bb082e870eda4717ae6f5897572bc3fa:58 » NullPointer
[INFO] 
[ERROR] Tests run: 2, Failures: 0, Errors: 1, Skipped: 1
[INFO] 
[INFO] ------------------------------------------------------------------------
[INFO] BUILD FAILURE
[INFO] ------------------------------------------------------------------------
[INFO] Total time:  23.474 s
[INFO] Finished at: 2023-06-06T18:32:56+02:00
[INFO] ------------------------------------------------------------------------
[ERROR] Failed to execute goal org.apache.maven.plugins:maven-surefire-plugin:2.22.2:test (default-test) on project rick-tests: There are test failures.
[ERROR] 
[ERROR] Please refer to /home/dee/dev/rick-major-review/rick-tests/target/surefire-reports for the individual test results.
[ERROR] Please refer to dump files (if any exist) [date].dump, [date]-jvmRun[N].dump and [date].dumpstream.
[ERROR] -> [Help 1]
[ERROR] 
[ERROR] To see the full stack trace of the errors, re-run Maven with the -e switch.
[ERROR] Re-run Maven using the -X switch to enable full debug logging.
[ERROR] 
[ERROR] For more information about the errors and possible solutions, please read the following articles:
[ERROR] [Help 1] http://cwiki.apache.org/confluence/display/MAVEN/MojoFailureException

Security framework of XStream not initialized, XStream is probably vulnerable.

---------------------------------------------------
[LOG] Cleaned targets with ['mvn', 'clean']
[INFO] Scanning for projects...
[INFO] 
[INFO] ------------------------< org.gephi:rick-tests >------------------------
[INFO] Building rick-tests 1.0-SNAPSHOT
[INFO] --------------------------------[ jar ]---------------------------------
[INFO] 
[INFO] --- maven-clean-plugin:2.5:clean (default-clean) @ rick-tests ---
[INFO] Deleting /home/dee/dev/rick-major-review/rick-tests/target
[INFO] ------------------------------------------------------------------------
[INFO] BUILD SUCCESS
[INFO] ------------------------------------------------------------------------
[INFO] Total time:  0.826 s
[INFO] Finished at: 2023-06-06T18:33:00+02:00
[INFO] ------------------------------------------------------------------------


---------------------------------------------------
[LOG] In experiment directory /home/dee/dev/rick-major-review/finches
---------------------------------------------------
---------------------------------------------------
[LOG] Resetting ProportionalDisplacement.java to original
[LOG] Invoking cp ./ProportionalDisplacement.java/original.java /home/dee/dev/rick-major-review/gephi/modules/LayoutPlugin/src/main/java/org/gephi/layout/plugin/force/ProportionalDisplacement.java
---------------------------------------------------
[LOG] Replacing originalProportionalDisplacement.java with ./ProportionalDisplacement.java/11.java
[LOG] Invoking cp ./ProportionalDisplacement.java/11.java /home/dee/dev/rick-major-review/gephi/modules/LayoutPlugin/src/main/java/org/gephi/layout/plugin/force/ProportionalDisplacement.java
[LOG] Invoked a clean install of the parent module with ['mvn', 'clean', 'install', '-DskipTests']
[INFO] Scanning for projects...
[INFO] 
[INFO] ----------------------< org.gephi:layout-plugin >-----------------------
[INFO] Building LayoutPlugin 0.9.6
[INFO] --------------------------------[ nbm ]---------------------------------
[INFO] 
[INFO] --- maven-clean-plugin:3.1.0:clean (default-clean) @ layout-plugin ---
[INFO] Deleting /home/dee/dev/rick-major-review/gephi/modules/LayoutPlugin/target
[INFO] 
[INFO] --- build-helper-maven-plugin:3.3.0:parse-version (parse-version) @ layout-plugin ---
[INFO] 
[INFO] --- maven-checkstyle-plugin:3.1.2:check (validate) @ layout-plugin ---
[INFO] 
[INFO] --- maven-resources-plugin:3.2.0:copy-resources (generate-modules-xml) @ layout-plugin ---
[INFO] Using 'UTF-8' encoding to copy filtered resources.
[INFO] Using 'UTF-8' encoding to copy filtered properties files.
[INFO] Copying 1 resource
[INFO] 
[INFO] --- maven-resources-plugin:3.2.0:resources (default-resources) @ layout-plugin ---
[INFO] Using 'UTF-8' encoding to copy filtered resources.
[INFO] Using 'UTF-8' encoding to copy filtered properties files.
[INFO] Copying 178 resources
[INFO] 
[INFO] --- maven-compiler-plugin:3.10.0:compile (default-compile) @ layout-plugin ---
[INFO] Changes detected - recompiling the module!
[INFO] Compiling 54 source files to /home/dee/dev/rick-major-review/gephi/modules/LayoutPlugin/target/classes
[WARNING] No processor claimed any of these annotations: java.base/java.lang.Override
[WARNING] /home/dee/dev/rick-major-review/gephi/modules/LayoutPlugin/src/main/java/org/gephi/layout/plugin/openord/DensityGrid.java:[68,19] [rawtypes] found raw type: ArrayDeque
  missing type arguments for generic class ArrayDeque<E>
  where E is a type-variable:
    E extends Object declared in class ArrayDeque
[WARNING] /home/dee/dev/rick-major-review/gephi/modules/LayoutPlugin/src/main/java/org/gephi/layout/plugin/openord/DensityGrid.java:[68,15] [unchecked] unchecked conversion
  required: ArrayDeque<Node>[][]
  found:    ArrayDeque[][]
[WARNING] /home/dee/dev/rick-major-review/gephi/modules/LayoutPlugin/src/main/java/org/gephi/layout/plugin/force/quadtree/QuadTree.java:[435,23] [rawtypes] found raw type: Entry
  missing type arguments for generic class Entry<K,V>
  where K,V are type-variables:
    K extends Object declared in interface Entry
    V extends Object declared in interface Entry
[WARNING] /home/dee/dev/rick-major-review/gephi/modules/LayoutPlugin/src/main/java/org/gephi/layout/plugin/AutoLayout.java:[158,48] [unchecked] unchecked call to setValue(T) as a member of the raw type Property
  where T is a type-variable:
    T extends Object declared in class Property
[WARNING] /home/dee/dev/rick-major-review/gephi/modules/LayoutPlugin/src/main/java/org/gephi/layout/plugin/AutoLayout.java:[241,8] [rawtypes] found raw type: Property
  missing type arguments for generic class Property<T>
  where T is a type-variable:
    T extends Object declared in class Property
[WARNING] /home/dee/dev/rick-major-review/gephi/modules/LayoutPlugin/src/main/java/org/gephi/layout/plugin/AutoLayout.java:[249,18] [rawtypes] found raw type: Property
  missing type arguments for generic class Property<T>
  where T is a type-variable:
    T extends Object declared in class Property
[WARNING] /home/dee/dev/rick-major-review/gephi/modules/LayoutPlugin/src/main/java/org/gephi/layout/plugin/AutoLayout.java:[256,15] [rawtypes] found raw type: Property
  missing type arguments for generic class Property<T>
  where T is a type-variable:
    T extends Object declared in class Property
[WARNING] /home/dee/dev/rick-major-review/gephi/modules/LayoutPlugin/src/main/java/org/gephi/layout/plugin/AutoLayout.java:[260,25] [rawtypes] found raw type: Property
  missing type arguments for generic class Property<T>
  where T is a type-variable:
    T extends Object declared in class Property
[WARNING] /home/dee/dev/rick-major-review/gephi/modules/LayoutPlugin/src/main/java/org/gephi/layout/plugin/forceAtlas2/ForceAtlas2.java:[193,22] [rawtypes] found raw type: Future
  missing type arguments for generic class Future<V>
  where V is a type-variable:
    V extends Object declared in interface Future
[WARNING] /home/dee/dev/rick-major-review/gephi/modules/LayoutPlugin/src/main/java/org/gephi/layout/plugin/forceAtlas2/ForceAtlas2.java:[193,44] [rawtypes] found raw type: ArrayList
  missing type arguments for generic class ArrayList<E>
  where E is a type-variable:
    E extends Object declared in class ArrayList
[WARNING] /home/dee/dev/rick-major-review/gephi/modules/LayoutPlugin/src/main/java/org/gephi/layout/plugin/forceAtlas2/ForceAtlas2.java:[193,40] [unchecked] unchecked conversion
  required: ArrayList<Future>
  found:    ArrayList
[WARNING] /home/dee/dev/rick-major-review/gephi/modules/LayoutPlugin/src/main/java/org/gephi/layout/plugin/forceAtlas2/ForceAtlas2.java:[197,16] [rawtypes] found raw type: Future
  missing type arguments for generic class Future<V>
  where V is a type-variable:
    V extends Object declared in interface Future
[WARNING] /home/dee/dev/rick-major-review/gephi/modules/LayoutPlugin/src/main/java/org/gephi/layout/plugin/forceAtlas2/ForceAtlas2.java:[203,17] [rawtypes] found raw type: Future
  missing type arguments for generic class Future<V>
  where V is a type-variable:
    V extends Object declared in interface Future
[INFO] 
[INFO] --- nbm-maven-plugin:4.6:manifest (default-manifest) @ layout-plugin ---
[INFO] NBM Plugin generates manifest
[INFO] 
[INFO] --- maven-resources-plugin:3.2.0:testResources (default-testResources) @ layout-plugin ---
[INFO] Using 'UTF-8' encoding to copy filtered resources.
[INFO] Using 'UTF-8' encoding to copy filtered properties files.
[INFO] skip non existing resourceDirectory /home/dee/dev/rick-major-review/gephi/modules/LayoutPlugin/src/test/resources
[INFO] 
[INFO] --- maven-compiler-plugin:3.10.0:testCompile (default-testCompile) @ layout-plugin ---
[INFO] No sources to compile
[INFO] 
[INFO] --- maven-surefire-plugin:2.22.2:test (default-test) @ layout-plugin ---
[INFO] Tests are skipped.
[INFO] 
[INFO] --- maven-jar-plugin:3.2.2:jar (default-jar) @ layout-plugin ---
[INFO] Building jar: /home/dee/dev/rick-major-review/gephi/modules/LayoutPlugin/target/layout-plugin-0.9.6.jar
[INFO] 
[INFO] --- nbm-maven-plugin:4.6:nbm (default-nbm) @ layout-plugin ---
[INFO] Copying module JAR to /home/dee/dev/rick-major-review/gephi/modules/LayoutPlugin/target/nbm/clusters/gephi/modules
[INFO] Generating Auto Update information for org.gephi.layout.plugin
[WARNING] No updater.jar specified, cannot validate Info.xml against DTD
[INFO] Building jar: /home/dee/dev/rick-major-review/gephi/modules/LayoutPlugin/target/nbm/layout-plugin-0.9.6.nbm
[INFO] 
[INFO] --- maven-install-plugin:2.5.2:install (default-install) @ layout-plugin ---
[INFO] Installing /home/dee/dev/rick-major-review/gephi/modules/LayoutPlugin/target/layout-plugin-0.9.6.jar to /home/dee/.m2/repository/org/gephi/layout-plugin/0.9.6/layout-plugin-0.9.6.jar
[INFO] Installing /home/dee/dev/rick-major-review/gephi/modules/LayoutPlugin/pom.xml to /home/dee/.m2/repository/org/gephi/layout-plugin/0.9.6/layout-plugin-0.9.6.pom
[INFO] Installing /home/dee/dev/rick-major-review/gephi/modules/LayoutPlugin/target/layout-plugin-0.9.6.nbm to /home/dee/.m2/repository/org/gephi/layout-plugin/0.9.6/layout-plugin-0.9.6.nbm
[INFO] ------------------------------------------------------------------------
[INFO] BUILD SUCCESS
[INFO] ------------------------------------------------------------------------
[INFO] Total time:  18.623 s
[INFO] Finished at: 2023-06-06T18:33:23+02:00
[INFO] ------------------------------------------------------------------------


---------------------------------------------------
[BASELINE] Not evaluating any oracle
[LOG] Replacing original RICK test with variant baseline
[LOG] Invoking cp /home/dee/dev/rick-major-review/finches/output/ProportionalDisplacement_moveNode_Node_ForceVector/test-baseline.java /home/dee/dev/rick-major-review/rick-tests/src/test/java/org/gephi/layout/plugin/force/TestProportionalDisplacementRickGen.java
[LOG] In test module directory /home/dee/dev/rick-major-review/rick-tests
[LOG] Invoked tests with ['mvn', 'test', '-Dtest=TestProportionalDisplacementRickGen']
[INFO] Scanning for projects...
[INFO] 
[INFO] ------------------------< org.gephi:rick-tests >------------------------
[INFO] Building rick-tests 1.0-SNAPSHOT
[INFO] --------------------------------[ jar ]---------------------------------
[INFO] 
[INFO] --- maven-resources-plugin:2.6:resources (default-resources) @ rick-tests ---
[WARNING] Using platform encoding (UTF-8 actually) to copy filtered resources, i.e. build is platform dependent!
[INFO] Copying 0 resource
[INFO] 
[INFO] --- maven-compiler-plugin:3.1:compile (default-compile) @ rick-tests ---
[INFO] Nothing to compile - all classes are up to date
[INFO] 
[INFO] --- maven-resources-plugin:2.6:testResources (default-testResources) @ rick-tests ---
[WARNING] Using platform encoding (UTF-8 actually) to copy filtered resources, i.e. build is platform dependent!
[INFO] Copying 119 resources
[INFO] 
[INFO] --- maven-compiler-plugin:3.1:testCompile (default-testCompile) @ rick-tests ---
[INFO] Changes detected - recompiling the module!
[WARNING] File encoding has not been set, using platform encoding UTF-8, i.e. build is platform dependent!
[INFO] Compiling 26 source files to /home/dee/dev/rick-major-review/rick-tests/target/test-classes
[WARNING] /home/dee/dev/rick-major-review/rick-tests/src/test/java/org/gephi/importer/impl/TestImportContainerImplRickGenNodeExists.java: Some input files use unchecked or unsafe operations.
[WARNING] /home/dee/dev/rick-major-review/rick-tests/src/test/java/org/gephi/importer/impl/TestImportContainerImplRickGenNodeExists.java: Recompile with -Xlint:unchecked for details.
[INFO] 
[INFO] --- maven-surefire-plugin:2.22.2:test (default-test) @ rick-tests ---
[INFO] 
[INFO] -------------------------------------------------------
[INFO]  T E S T S
[INFO] -------------------------------------------------------
[INFO] Running org.gephi.layout.plugin.force.TestProportionalDisplacementRickGen
[ERROR] Tests run: 2, Failures: 0, Errors: 1, Skipped: 1, Time elapsed: 8.443 s <<< FAILURE! - in org.gephi.layout.plugin.force.TestProportionalDisplacementRickGen
[ERROR] test_moveNode_CO_bb082e870eda4717ae6f5897572bc3fa  Time elapsed: 7.66 s  <<< ERROR!
java.lang.NullPointerException
	at org.gephi.layout.plugin.force.TestProportionalDisplacementRickGen.test_moveNode_CO_bb082e870eda4717ae6f5897572bc3fa(TestProportionalDisplacementRickGen.java:58)

[INFO] 
[INFO] Results:
[INFO] 
[ERROR] Errors: 
[ERROR]   TestProportionalDisplacementRickGen.test_moveNode_CO_bb082e870eda4717ae6f5897572bc3fa:58 » NullPointer
[INFO] 
[ERROR] Tests run: 2, Failures: 0, Errors: 1, Skipped: 1
[INFO] 
[INFO] ------------------------------------------------------------------------
[INFO] BUILD FAILURE
[INFO] ------------------------------------------------------------------------
[INFO] Total time:  23.473 s
[INFO] Finished at: 2023-06-06T18:33:50+02:00
[INFO] ------------------------------------------------------------------------
[ERROR] Failed to execute goal org.apache.maven.plugins:maven-surefire-plugin:2.22.2:test (default-test) on project rick-tests: There are test failures.
[ERROR] 
[ERROR] Please refer to /home/dee/dev/rick-major-review/rick-tests/target/surefire-reports for the individual test results.
[ERROR] Please refer to dump files (if any exist) [date].dump, [date]-jvmRun[N].dump and [date].dumpstream.
[ERROR] -> [Help 1]
[ERROR] 
[ERROR] To see the full stack trace of the errors, re-run Maven with the -e switch.
[ERROR] Re-run Maven using the -X switch to enable full debug logging.
[ERROR] 
[ERROR] For more information about the errors and possible solutions, please read the following articles:
[ERROR] [Help 1] http://cwiki.apache.org/confluence/display/MAVEN/MojoFailureException

Security framework of XStream not initialized, XStream is probably vulnerable.

---------------------------------------------------
[LOG] Cleaned targets with ['mvn', 'clean']
[INFO] Scanning for projects...
[INFO] 
[INFO] ------------------------< org.gephi:rick-tests >------------------------
[INFO] Building rick-tests 1.0-SNAPSHOT
[INFO] --------------------------------[ jar ]---------------------------------
[INFO] 
[INFO] --- maven-clean-plugin:2.5:clean (default-clean) @ rick-tests ---
[INFO] Deleting /home/dee/dev/rick-major-review/rick-tests/target
[INFO] ------------------------------------------------------------------------
[INFO] BUILD SUCCESS
[INFO] ------------------------------------------------------------------------
[INFO] Total time:  0.819 s
[INFO] Finished at: 2023-06-06T18:33:54+02:00
[INFO] ------------------------------------------------------------------------


---------------------------------------------------
[LOG] In experiment directory /home/dee/dev/rick-major-review/finches
---------------------------------------------------
[LOG] Restoring original RICK test from ./ProportionalDisplacement.java/original-test.java
[LOG] Invoking cp ./ProportionalDisplacement.java/original-test.java /home/dee/dev/rick-major-review/rick-tests/src/test/java/org/gephi/layout/plugin/force/TestProportionalDisplacementRickGen.java
---------------------------------------------------
[PO] Evaluating only PO
[LOG] Replacing original RICK test with variant po
[LOG] Invoking cp /home/dee/dev/rick-major-review/finches/output/ProportionalDisplacement_moveNode_Node_ForceVector/test-po.java /home/dee/dev/rick-major-review/rick-tests/src/test/java/org/gephi/layout/plugin/force/TestProportionalDisplacementRickGen.java
[LOG] In test module directory /home/dee/dev/rick-major-review/rick-tests
[LOG] Invoked tests with ['mvn', 'test', '-Dtest=TestProportionalDisplacementRickGen']
[INFO] Scanning for projects...
[INFO] 
[INFO] ------------------------< org.gephi:rick-tests >------------------------
[INFO] Building rick-tests 1.0-SNAPSHOT
[INFO] --------------------------------[ jar ]---------------------------------
[INFO] 
[INFO] --- maven-resources-plugin:2.6:resources (default-resources) @ rick-tests ---
[WARNING] Using platform encoding (UTF-8 actually) to copy filtered resources, i.e. build is platform dependent!
[INFO] Copying 0 resource
[INFO] 
[INFO] --- maven-compiler-plugin:3.1:compile (default-compile) @ rick-tests ---
[INFO] Nothing to compile - all classes are up to date
[INFO] 
[INFO] --- maven-resources-plugin:2.6:testResources (default-testResources) @ rick-tests ---
[WARNING] Using platform encoding (UTF-8 actually) to copy filtered resources, i.e. build is platform dependent!
[INFO] Copying 119 resources
[INFO] 
[INFO] --- maven-compiler-plugin:3.1:testCompile (default-testCompile) @ rick-tests ---
[INFO] Changes detected - recompiling the module!
[WARNING] File encoding has not been set, using platform encoding UTF-8, i.e. build is platform dependent!
[INFO] Compiling 26 source files to /home/dee/dev/rick-major-review/rick-tests/target/test-classes
[WARNING] /home/dee/dev/rick-major-review/rick-tests/src/test/java/org/gephi/importer/impl/TestImportContainerImplRickGenNodeExists.java: Some input files use unchecked or unsafe operations.
[WARNING] /home/dee/dev/rick-major-review/rick-tests/src/test/java/org/gephi/importer/impl/TestImportContainerImplRickGenNodeExists.java: Recompile with -Xlint:unchecked for details.
[INFO] 
[INFO] --- maven-surefire-plugin:2.22.2:test (default-test) @ rick-tests ---
[INFO] 
[INFO] -------------------------------------------------------
[INFO]  T E S T S
[INFO] -------------------------------------------------------
[INFO] Running org.gephi.layout.plugin.force.TestProportionalDisplacementRickGen
[ERROR] Tests run: 2, Failures: 0, Errors: 1, Skipped: 1, Time elapsed: 8.103 s <<< FAILURE! - in org.gephi.layout.plugin.force.TestProportionalDisplacementRickGen
[ERROR] test_moveNode_CO_bb082e870eda4717ae6f5897572bc3fa  Time elapsed: 7.391 s  <<< ERROR!
java.lang.NullPointerException
	at org.gephi.layout.plugin.force.TestProportionalDisplacementRickGen.test_moveNode_CO_bb082e870eda4717ae6f5897572bc3fa(TestProportionalDisplacementRickGen.java:58)

[INFO] 
[INFO] Results:
[INFO] 
[ERROR] Errors: 
[ERROR]   TestProportionalDisplacementRickGen.test_moveNode_CO_bb082e870eda4717ae6f5897572bc3fa:58 » NullPointer
[INFO] 
[ERROR] Tests run: 2, Failures: 0, Errors: 1, Skipped: 1
[INFO] 
[INFO] ------------------------------------------------------------------------
[INFO] BUILD FAILURE
[INFO] ------------------------------------------------------------------------
[INFO] Total time:  22.697 s
[INFO] Finished at: 2023-06-06T18:34:20+02:00
[INFO] ------------------------------------------------------------------------
[ERROR] Failed to execute goal org.apache.maven.plugins:maven-surefire-plugin:2.22.2:test (default-test) on project rick-tests: There are test failures.
[ERROR] 
[ERROR] Please refer to /home/dee/dev/rick-major-review/rick-tests/target/surefire-reports for the individual test results.
[ERROR] Please refer to dump files (if any exist) [date].dump, [date]-jvmRun[N].dump and [date].dumpstream.
[ERROR] -> [Help 1]
[ERROR] 
[ERROR] To see the full stack trace of the errors, re-run Maven with the -e switch.
[ERROR] Re-run Maven using the -X switch to enable full debug logging.
[ERROR] 
[ERROR] For more information about the errors and possible solutions, please read the following articles:
[ERROR] [Help 1] http://cwiki.apache.org/confluence/display/MAVEN/MojoFailureException

Security framework of XStream not initialized, XStream is probably vulnerable.

---------------------------------------------------
[LOG] Cleaned targets with ['mvn', 'clean']
[INFO] Scanning for projects...
[INFO] 
[INFO] ------------------------< org.gephi:rick-tests >------------------------
[INFO] Building rick-tests 1.0-SNAPSHOT
[INFO] --------------------------------[ jar ]---------------------------------
[INFO] 
[INFO] --- maven-clean-plugin:2.5:clean (default-clean) @ rick-tests ---
[INFO] Deleting /home/dee/dev/rick-major-review/rick-tests/target
[INFO] ------------------------------------------------------------------------
[INFO] BUILD SUCCESS
[INFO] ------------------------------------------------------------------------
[INFO] Total time:  0.868 s
[INFO] Finished at: 2023-06-06T18:34:25+02:00
[INFO] ------------------------------------------------------------------------


---------------------------------------------------
[LOG] In experiment directory /home/dee/dev/rick-major-review/finches
---------------------------------------------------
[LOG] Restoring original RICK test from ./ProportionalDisplacement.java/original-test.java
[LOG] Invoking cp ./ProportionalDisplacement.java/original-test.java /home/dee/dev/rick-major-review/rick-tests/src/test/java/org/gephi/layout/plugin/force/TestProportionalDisplacementRickGen.java
---------------------------------------------------
[CO] Evaluating only CO
[LOG] Replacing original RICK test with variant co
[LOG] Invoking cp /home/dee/dev/rick-major-review/finches/output/ProportionalDisplacement_moveNode_Node_ForceVector/test-co.java /home/dee/dev/rick-major-review/rick-tests/src/test/java/org/gephi/layout/plugin/force/TestProportionalDisplacementRickGen.java
[LOG] In test module directory /home/dee/dev/rick-major-review/rick-tests
[LOG] Invoked tests with ['mvn', 'test', '-Dtest=TestProportionalDisplacementRickGen']
[INFO] Scanning for projects...
[INFO] 
[INFO] ------------------------< org.gephi:rick-tests >------------------------
[INFO] Building rick-tests 1.0-SNAPSHOT
[INFO] --------------------------------[ jar ]---------------------------------
[INFO] 
[INFO] --- maven-resources-plugin:2.6:resources (default-resources) @ rick-tests ---
[WARNING] Using platform encoding (UTF-8 actually) to copy filtered resources, i.e. build is platform dependent!
[INFO] Copying 0 resource
[INFO] 
[INFO] --- maven-compiler-plugin:3.1:compile (default-compile) @ rick-tests ---
[INFO] Nothing to compile - all classes are up to date
[INFO] 
[INFO] --- maven-resources-plugin:2.6:testResources (default-testResources) @ rick-tests ---
[WARNING] Using platform encoding (UTF-8 actually) to copy filtered resources, i.e. build is platform dependent!
[INFO] Copying 119 resources
[INFO] 
[INFO] --- maven-compiler-plugin:3.1:testCompile (default-testCompile) @ rick-tests ---
[INFO] Changes detected - recompiling the module!
[WARNING] File encoding has not been set, using platform encoding UTF-8, i.e. build is platform dependent!
[INFO] Compiling 26 source files to /home/dee/dev/rick-major-review/rick-tests/target/test-classes
[WARNING] /home/dee/dev/rick-major-review/rick-tests/src/test/java/org/gephi/importer/impl/TestImportContainerImplRickGenNodeExists.java: Some input files use unchecked or unsafe operations.
[WARNING] /home/dee/dev/rick-major-review/rick-tests/src/test/java/org/gephi/importer/impl/TestImportContainerImplRickGenNodeExists.java: Recompile with -Xlint:unchecked for details.
[INFO] 
[INFO] --- maven-surefire-plugin:2.22.2:test (default-test) @ rick-tests ---
[INFO] 
[INFO] -------------------------------------------------------
[INFO]  T E S T S
[INFO] -------------------------------------------------------
[INFO] Running org.gephi.layout.plugin.force.TestProportionalDisplacementRickGen
[ERROR] Tests run: 2, Failures: 0, Errors: 1, Skipped: 1, Time elapsed: 7.848 s <<< FAILURE! - in org.gephi.layout.plugin.force.TestProportionalDisplacementRickGen
[ERROR] test_moveNode_CO_bb082e870eda4717ae6f5897572bc3fa  Time elapsed: 6.955 s  <<< ERROR!
java.lang.NullPointerException
	at org.gephi.layout.plugin.force.TestProportionalDisplacementRickGen.test_moveNode_CO_bb082e870eda4717ae6f5897572bc3fa(TestProportionalDisplacementRickGen.java:58)

[INFO] 
[INFO] Results:
[INFO] 
[ERROR] Errors: 
[ERROR]   TestProportionalDisplacementRickGen.test_moveNode_CO_bb082e870eda4717ae6f5897572bc3fa:58 » NullPointer
[INFO] 
[ERROR] Tests run: 2, Failures: 0, Errors: 1, Skipped: 1
[INFO] 
[INFO] ------------------------------------------------------------------------
[INFO] BUILD FAILURE
[INFO] ------------------------------------------------------------------------
[INFO] Total time:  24.150 s
[INFO] Finished at: 2023-06-06T18:34:52+02:00
[INFO] ------------------------------------------------------------------------
[ERROR] Failed to execute goal org.apache.maven.plugins:maven-surefire-plugin:2.22.2:test (default-test) on project rick-tests: There are test failures.
[ERROR] 
[ERROR] Please refer to /home/dee/dev/rick-major-review/rick-tests/target/surefire-reports for the individual test results.
[ERROR] Please refer to dump files (if any exist) [date].dump, [date]-jvmRun[N].dump and [date].dumpstream.
[ERROR] -> [Help 1]
[ERROR] 
[ERROR] To see the full stack trace of the errors, re-run Maven with the -e switch.
[ERROR] Re-run Maven using the -X switch to enable full debug logging.
[ERROR] 
[ERROR] For more information about the errors and possible solutions, please read the following articles:
[ERROR] [Help 1] http://cwiki.apache.org/confluence/display/MAVEN/MojoFailureException

Security framework of XStream not initialized, XStream is probably vulnerable.

---------------------------------------------------
[LOG] Cleaned targets with ['mvn', 'clean']
[INFO] Scanning for projects...
[INFO] 
[INFO] ------------------------< org.gephi:rick-tests >------------------------
[INFO] Building rick-tests 1.0-SNAPSHOT
[INFO] --------------------------------[ jar ]---------------------------------
[INFO] 
[INFO] --- maven-clean-plugin:2.5:clean (default-clean) @ rick-tests ---
[INFO] Deleting /home/dee/dev/rick-major-review/rick-tests/target
[INFO] ------------------------------------------------------------------------
[INFO] BUILD SUCCESS
[INFO] ------------------------------------------------------------------------
[INFO] Total time:  1.063 s
[INFO] Finished at: 2023-06-06T18:34:57+02:00
[INFO] ------------------------------------------------------------------------


---------------------------------------------------
[LOG] In experiment directory /home/dee/dev/rick-major-review/finches
---------------------------------------------------
[LOG] Restoring original RICK test from ./ProportionalDisplacement.java/original-test.java
[LOG] Invoking cp ./ProportionalDisplacement.java/original-test.java /home/dee/dev/rick-major-review/rick-tests/src/test/java/org/gephi/layout/plugin/force/TestProportionalDisplacementRickGen.java
---------------------------------------------------
[ALL] Evaluating (OO +) PO + CO
[LOG] Restoring original RICK test from ./ProportionalDisplacement.java/original-test.java
[LOG] Invoking cp ./ProportionalDisplacement.java/original-test.java /home/dee/dev/rick-major-review/rick-tests/src/test/java/org/gephi/layout/plugin/force/TestProportionalDisplacementRickGen.java
[LOG] In test module directory /home/dee/dev/rick-major-review/rick-tests
[LOG] Invoked tests with ['mvn', 'test', '-Dtest=TestProportionalDisplacementRickGen']
[INFO] Scanning for projects...
[INFO] 
[INFO] ------------------------< org.gephi:rick-tests >------------------------
[INFO] Building rick-tests 1.0-SNAPSHOT
[INFO] --------------------------------[ jar ]---------------------------------
[INFO] 
[INFO] --- maven-resources-plugin:2.6:resources (default-resources) @ rick-tests ---
[WARNING] Using platform encoding (UTF-8 actually) to copy filtered resources, i.e. build is platform dependent!
[INFO] Copying 0 resource
[INFO] 
[INFO] --- maven-compiler-plugin:3.1:compile (default-compile) @ rick-tests ---
[INFO] Nothing to compile - all classes are up to date
[INFO] 
[INFO] --- maven-resources-plugin:2.6:testResources (default-testResources) @ rick-tests ---
[WARNING] Using platform encoding (UTF-8 actually) to copy filtered resources, i.e. build is platform dependent!
[INFO] Copying 119 resources
[INFO] 
[INFO] --- maven-compiler-plugin:3.1:testCompile (default-testCompile) @ rick-tests ---
[INFO] Changes detected - recompiling the module!
[WARNING] File encoding has not been set, using platform encoding UTF-8, i.e. build is platform dependent!
[INFO] Compiling 26 source files to /home/dee/dev/rick-major-review/rick-tests/target/test-classes
[WARNING] /home/dee/dev/rick-major-review/rick-tests/src/test/java/org/gephi/importer/impl/TestImportContainerImplRickGenNodeExists.java: Some input files use unchecked or unsafe operations.
[WARNING] /home/dee/dev/rick-major-review/rick-tests/src/test/java/org/gephi/importer/impl/TestImportContainerImplRickGenNodeExists.java: Recompile with -Xlint:unchecked for details.
[INFO] 
[INFO] --- maven-surefire-plugin:2.22.2:test (default-test) @ rick-tests ---
[INFO] 
[INFO] -------------------------------------------------------
[INFO]  T E S T S
[INFO] -------------------------------------------------------
[INFO] Running org.gephi.layout.plugin.force.TestProportionalDisplacementRickGen
[ERROR] Tests run: 2, Failures: 0, Errors: 1, Skipped: 1, Time elapsed: 7.917 s <<< FAILURE! - in org.gephi.layout.plugin.force.TestProportionalDisplacementRickGen
[ERROR] test_moveNode_CO_bb082e870eda4717ae6f5897572bc3fa  Time elapsed: 7.145 s  <<< ERROR!
java.lang.NullPointerException
	at org.gephi.layout.plugin.force.TestProportionalDisplacementRickGen.test_moveNode_CO_bb082e870eda4717ae6f5897572bc3fa(TestProportionalDisplacementRickGen.java:58)

[INFO] 
[INFO] Results:
[INFO] 
[ERROR] Errors: 
[ERROR]   TestProportionalDisplacementRickGen.test_moveNode_CO_bb082e870eda4717ae6f5897572bc3fa:58 » NullPointer
[INFO] 
[ERROR] Tests run: 2, Failures: 0, Errors: 1, Skipped: 1
[INFO] 
[INFO] ------------------------------------------------------------------------
[INFO] BUILD FAILURE
[INFO] ------------------------------------------------------------------------
[INFO] Total time:  23.218 s
[INFO] Finished at: 2023-06-06T18:35:23+02:00
[INFO] ------------------------------------------------------------------------
[ERROR] Failed to execute goal org.apache.maven.plugins:maven-surefire-plugin:2.22.2:test (default-test) on project rick-tests: There are test failures.
[ERROR] 
[ERROR] Please refer to /home/dee/dev/rick-major-review/rick-tests/target/surefire-reports for the individual test results.
[ERROR] Please refer to dump files (if any exist) [date].dump, [date]-jvmRun[N].dump and [date].dumpstream.
[ERROR] -> [Help 1]
[ERROR] 
[ERROR] To see the full stack trace of the errors, re-run Maven with the -e switch.
[ERROR] Re-run Maven using the -X switch to enable full debug logging.
[ERROR] 
[ERROR] For more information about the errors and possible solutions, please read the following articles:
[ERROR] [Help 1] http://cwiki.apache.org/confluence/display/MAVEN/MojoFailureException

Security framework of XStream not initialized, XStream is probably vulnerable.

---------------------------------------------------
[LOG] Cleaned targets with ['mvn', 'clean']
[INFO] Scanning for projects...
[INFO] 
[INFO] ------------------------< org.gephi:rick-tests >------------------------
[INFO] Building rick-tests 1.0-SNAPSHOT
[INFO] --------------------------------[ jar ]---------------------------------
[INFO] 
[INFO] --- maven-clean-plugin:2.5:clean (default-clean) @ rick-tests ---
[INFO] Deleting /home/dee/dev/rick-major-review/rick-tests/target
[INFO] ------------------------------------------------------------------------
[INFO] BUILD SUCCESS
[INFO] ------------------------------------------------------------------------
[INFO] Total time:  0.821 s
[INFO] Finished at: 2023-06-06T18:35:28+02:00
[INFO] ------------------------------------------------------------------------


---------------------------------------------------
[LOG] In experiment directory /home/dee/dev/rick-major-review/finches
---------------------------------------------------
---------------------------------------------------
[LOG] Resetting ProportionalDisplacement.java to original
[LOG] Invoking cp ./ProportionalDisplacement.java/original.java /home/dee/dev/rick-major-review/gephi/modules/LayoutPlugin/src/main/java/org/gephi/layout/plugin/force/ProportionalDisplacement.java
---------------------------------------------------
[LOG] Replacing originalProportionalDisplacement.java with ./ProportionalDisplacement.java/12.java
[LOG] Invoking cp ./ProportionalDisplacement.java/12.java /home/dee/dev/rick-major-review/gephi/modules/LayoutPlugin/src/main/java/org/gephi/layout/plugin/force/ProportionalDisplacement.java
[LOG] Invoked a clean install of the parent module with ['mvn', 'clean', 'install', '-DskipTests']
[INFO] Scanning for projects...
[INFO] 
[INFO] ----------------------< org.gephi:layout-plugin >-----------------------
[INFO] Building LayoutPlugin 0.9.6
[INFO] --------------------------------[ nbm ]---------------------------------
[INFO] 
[INFO] --- maven-clean-plugin:3.1.0:clean (default-clean) @ layout-plugin ---
[INFO] Deleting /home/dee/dev/rick-major-review/gephi/modules/LayoutPlugin/target
[INFO] 
[INFO] --- build-helper-maven-plugin:3.3.0:parse-version (parse-version) @ layout-plugin ---
[INFO] 
[INFO] --- maven-checkstyle-plugin:3.1.2:check (validate) @ layout-plugin ---
[INFO] 
[INFO] --- maven-resources-plugin:3.2.0:copy-resources (generate-modules-xml) @ layout-plugin ---
[INFO] Using 'UTF-8' encoding to copy filtered resources.
[INFO] Using 'UTF-8' encoding to copy filtered properties files.
[INFO] Copying 1 resource
[INFO] 
[INFO] --- maven-resources-plugin:3.2.0:resources (default-resources) @ layout-plugin ---
[INFO] Using 'UTF-8' encoding to copy filtered resources.
[INFO] Using 'UTF-8' encoding to copy filtered properties files.
[INFO] Copying 178 resources
[INFO] 
[INFO] --- maven-compiler-plugin:3.10.0:compile (default-compile) @ layout-plugin ---
[INFO] Changes detected - recompiling the module!
[INFO] Compiling 54 source files to /home/dee/dev/rick-major-review/gephi/modules/LayoutPlugin/target/classes
[WARNING] No processor claimed any of these annotations: java.base/java.lang.Override
[WARNING] /home/dee/dev/rick-major-review/gephi/modules/LayoutPlugin/src/main/java/org/gephi/layout/plugin/openord/DensityGrid.java:[68,19] [rawtypes] found raw type: ArrayDeque
  missing type arguments for generic class ArrayDeque<E>
  where E is a type-variable:
    E extends Object declared in class ArrayDeque
[WARNING] /home/dee/dev/rick-major-review/gephi/modules/LayoutPlugin/src/main/java/org/gephi/layout/plugin/openord/DensityGrid.java:[68,15] [unchecked] unchecked conversion
  required: ArrayDeque<Node>[][]
  found:    ArrayDeque[][]
[WARNING] /home/dee/dev/rick-major-review/gephi/modules/LayoutPlugin/src/main/java/org/gephi/layout/plugin/force/quadtree/QuadTree.java:[435,23] [rawtypes] found raw type: Entry
  missing type arguments for generic class Entry<K,V>
  where K,V are type-variables:
    K extends Object declared in interface Entry
    V extends Object declared in interface Entry
[WARNING] /home/dee/dev/rick-major-review/gephi/modules/LayoutPlugin/src/main/java/org/gephi/layout/plugin/AutoLayout.java:[158,48] [unchecked] unchecked call to setValue(T) as a member of the raw type Property
  where T is a type-variable:
    T extends Object declared in class Property
[WARNING] /home/dee/dev/rick-major-review/gephi/modules/LayoutPlugin/src/main/java/org/gephi/layout/plugin/AutoLayout.java:[241,8] [rawtypes] found raw type: Property
  missing type arguments for generic class Property<T>
  where T is a type-variable:
    T extends Object declared in class Property
[WARNING] /home/dee/dev/rick-major-review/gephi/modules/LayoutPlugin/src/main/java/org/gephi/layout/plugin/AutoLayout.java:[249,18] [rawtypes] found raw type: Property
  missing type arguments for generic class Property<T>
  where T is a type-variable:
    T extends Object declared in class Property
[WARNING] /home/dee/dev/rick-major-review/gephi/modules/LayoutPlugin/src/main/java/org/gephi/layout/plugin/AutoLayout.java:[256,15] [rawtypes] found raw type: Property
  missing type arguments for generic class Property<T>
  where T is a type-variable:
    T extends Object declared in class Property
[WARNING] /home/dee/dev/rick-major-review/gephi/modules/LayoutPlugin/src/main/java/org/gephi/layout/plugin/AutoLayout.java:[260,25] [rawtypes] found raw type: Property
  missing type arguments for generic class Property<T>
  where T is a type-variable:
    T extends Object declared in class Property
[WARNING] /home/dee/dev/rick-major-review/gephi/modules/LayoutPlugin/src/main/java/org/gephi/layout/plugin/forceAtlas2/ForceAtlas2.java:[193,22] [rawtypes] found raw type: Future
  missing type arguments for generic class Future<V>
  where V is a type-variable:
    V extends Object declared in interface Future
[WARNING] /home/dee/dev/rick-major-review/gephi/modules/LayoutPlugin/src/main/java/org/gephi/layout/plugin/forceAtlas2/ForceAtlas2.java:[193,44] [rawtypes] found raw type: ArrayList
  missing type arguments for generic class ArrayList<E>
  where E is a type-variable:
    E extends Object declared in class ArrayList
[WARNING] /home/dee/dev/rick-major-review/gephi/modules/LayoutPlugin/src/main/java/org/gephi/layout/plugin/forceAtlas2/ForceAtlas2.java:[193,40] [unchecked] unchecked conversion
  required: ArrayList<Future>
  found:    ArrayList
[WARNING] /home/dee/dev/rick-major-review/gephi/modules/LayoutPlugin/src/main/java/org/gephi/layout/plugin/forceAtlas2/ForceAtlas2.java:[197,16] [rawtypes] found raw type: Future
  missing type arguments for generic class Future<V>
  where V is a type-variable:
    V extends Object declared in interface Future
[WARNING] /home/dee/dev/rick-major-review/gephi/modules/LayoutPlugin/src/main/java/org/gephi/layout/plugin/forceAtlas2/ForceAtlas2.java:[203,17] [rawtypes] found raw type: Future
  missing type arguments for generic class Future<V>
  where V is a type-variable:
    V extends Object declared in interface Future
[INFO] 
[INFO] --- nbm-maven-plugin:4.6:manifest (default-manifest) @ layout-plugin ---
[INFO] NBM Plugin generates manifest
[INFO] 
[INFO] --- maven-resources-plugin:3.2.0:testResources (default-testResources) @ layout-plugin ---
[INFO] Using 'UTF-8' encoding to copy filtered resources.
[INFO] Using 'UTF-8' encoding to copy filtered properties files.
[INFO] skip non existing resourceDirectory /home/dee/dev/rick-major-review/gephi/modules/LayoutPlugin/src/test/resources
[INFO] 
[INFO] --- maven-compiler-plugin:3.10.0:testCompile (default-testCompile) @ layout-plugin ---
[INFO] No sources to compile
[INFO] 
[INFO] --- maven-surefire-plugin:2.22.2:test (default-test) @ layout-plugin ---
[INFO] Tests are skipped.
[INFO] 
[INFO] --- maven-jar-plugin:3.2.2:jar (default-jar) @ layout-plugin ---
[INFO] Building jar: /home/dee/dev/rick-major-review/gephi/modules/LayoutPlugin/target/layout-plugin-0.9.6.jar
[INFO] 
[INFO] --- nbm-maven-plugin:4.6:nbm (default-nbm) @ layout-plugin ---
[INFO] Copying module JAR to /home/dee/dev/rick-major-review/gephi/modules/LayoutPlugin/target/nbm/clusters/gephi/modules
[INFO] Generating Auto Update information for org.gephi.layout.plugin
[WARNING] No updater.jar specified, cannot validate Info.xml against DTD
[INFO] Building jar: /home/dee/dev/rick-major-review/gephi/modules/LayoutPlugin/target/nbm/layout-plugin-0.9.6.nbm
[INFO] 
[INFO] --- maven-install-plugin:2.5.2:install (default-install) @ layout-plugin ---
[INFO] Installing /home/dee/dev/rick-major-review/gephi/modules/LayoutPlugin/target/layout-plugin-0.9.6.jar to /home/dee/.m2/repository/org/gephi/layout-plugin/0.9.6/layout-plugin-0.9.6.jar
[INFO] Installing /home/dee/dev/rick-major-review/gephi/modules/LayoutPlugin/pom.xml to /home/dee/.m2/repository/org/gephi/layout-plugin/0.9.6/layout-plugin-0.9.6.pom
[INFO] Installing /home/dee/dev/rick-major-review/gephi/modules/LayoutPlugin/target/layout-plugin-0.9.6.nbm to /home/dee/.m2/repository/org/gephi/layout-plugin/0.9.6/layout-plugin-0.9.6.nbm
[INFO] ------------------------------------------------------------------------
[INFO] BUILD SUCCESS
[INFO] ------------------------------------------------------------------------
[INFO] Total time:  19.272 s
[INFO] Finished at: 2023-06-06T18:35:51+02:00
[INFO] ------------------------------------------------------------------------


---------------------------------------------------
[BASELINE] Not evaluating any oracle
[LOG] Replacing original RICK test with variant baseline
[LOG] Invoking cp /home/dee/dev/rick-major-review/finches/output/ProportionalDisplacement_moveNode_Node_ForceVector/test-baseline.java /home/dee/dev/rick-major-review/rick-tests/src/test/java/org/gephi/layout/plugin/force/TestProportionalDisplacementRickGen.java
[LOG] In test module directory /home/dee/dev/rick-major-review/rick-tests
[LOG] Invoked tests with ['mvn', 'test', '-Dtest=TestProportionalDisplacementRickGen']
[INFO] Scanning for projects...
[INFO] 
[INFO] ------------------------< org.gephi:rick-tests >------------------------
[INFO] Building rick-tests 1.0-SNAPSHOT
[INFO] --------------------------------[ jar ]---------------------------------
[INFO] 
[INFO] --- maven-resources-plugin:2.6:resources (default-resources) @ rick-tests ---
[WARNING] Using platform encoding (UTF-8 actually) to copy filtered resources, i.e. build is platform dependent!
[INFO] Copying 0 resource
[INFO] 
[INFO] --- maven-compiler-plugin:3.1:compile (default-compile) @ rick-tests ---
[INFO] Nothing to compile - all classes are up to date
[INFO] 
[INFO] --- maven-resources-plugin:2.6:testResources (default-testResources) @ rick-tests ---
[WARNING] Using platform encoding (UTF-8 actually) to copy filtered resources, i.e. build is platform dependent!
[INFO] Copying 119 resources
[INFO] 
[INFO] --- maven-compiler-plugin:3.1:testCompile (default-testCompile) @ rick-tests ---
[INFO] Changes detected - recompiling the module!
[WARNING] File encoding has not been set, using platform encoding UTF-8, i.e. build is platform dependent!
[INFO] Compiling 26 source files to /home/dee/dev/rick-major-review/rick-tests/target/test-classes
[WARNING] /home/dee/dev/rick-major-review/rick-tests/src/test/java/org/gephi/importer/impl/TestImportContainerImplRickGenNodeExists.java: Some input files use unchecked or unsafe operations.
[WARNING] /home/dee/dev/rick-major-review/rick-tests/src/test/java/org/gephi/importer/impl/TestImportContainerImplRickGenNodeExists.java: Recompile with -Xlint:unchecked for details.
[INFO] 
[INFO] --- maven-surefire-plugin:2.22.2:test (default-test) @ rick-tests ---
[INFO] 
[INFO] -------------------------------------------------------
[INFO]  T E S T S
[INFO] -------------------------------------------------------
[INFO] Running org.gephi.layout.plugin.force.TestProportionalDisplacementRickGen
[ERROR] Tests run: 2, Failures: 0, Errors: 1, Skipped: 1, Time elapsed: 8.364 s <<< FAILURE! - in org.gephi.layout.plugin.force.TestProportionalDisplacementRickGen
[ERROR] test_moveNode_CO_bb082e870eda4717ae6f5897572bc3fa  Time elapsed: 7.503 s  <<< ERROR!
java.lang.NullPointerException
	at org.gephi.layout.plugin.force.TestProportionalDisplacementRickGen.test_moveNode_CO_bb082e870eda4717ae6f5897572bc3fa(TestProportionalDisplacementRickGen.java:58)

[INFO] 
[INFO] Results:
[INFO] 
[ERROR] Errors: 
[ERROR]   TestProportionalDisplacementRickGen.test_moveNode_CO_bb082e870eda4717ae6f5897572bc3fa:58 » NullPointer
[INFO] 
[ERROR] Tests run: 2, Failures: 0, Errors: 1, Skipped: 1
[INFO] 
[INFO] ------------------------------------------------------------------------
[INFO] BUILD FAILURE
[INFO] ------------------------------------------------------------------------
[INFO] Total time:  23.315 s
[INFO] Finished at: 2023-06-06T18:36:18+02:00
[INFO] ------------------------------------------------------------------------
[ERROR] Failed to execute goal org.apache.maven.plugins:maven-surefire-plugin:2.22.2:test (default-test) on project rick-tests: There are test failures.
[ERROR] 
[ERROR] Please refer to /home/dee/dev/rick-major-review/rick-tests/target/surefire-reports for the individual test results.
[ERROR] Please refer to dump files (if any exist) [date].dump, [date]-jvmRun[N].dump and [date].dumpstream.
[ERROR] -> [Help 1]
[ERROR] 
[ERROR] To see the full stack trace of the errors, re-run Maven with the -e switch.
[ERROR] Re-run Maven using the -X switch to enable full debug logging.
[ERROR] 
[ERROR] For more information about the errors and possible solutions, please read the following articles:
[ERROR] [Help 1] http://cwiki.apache.org/confluence/display/MAVEN/MojoFailureException

Security framework of XStream not initialized, XStream is probably vulnerable.

---------------------------------------------------
[LOG] Cleaned targets with ['mvn', 'clean']
[INFO] Scanning for projects...
[INFO] 
[INFO] ------------------------< org.gephi:rick-tests >------------------------
[INFO] Building rick-tests 1.0-SNAPSHOT
[INFO] --------------------------------[ jar ]---------------------------------
[INFO] 
[INFO] --- maven-clean-plugin:2.5:clean (default-clean) @ rick-tests ---
[INFO] Deleting /home/dee/dev/rick-major-review/rick-tests/target
[INFO] ------------------------------------------------------------------------
[INFO] BUILD SUCCESS
[INFO] ------------------------------------------------------------------------
[INFO] Total time:  0.854 s
[INFO] Finished at: 2023-06-06T18:36:22+02:00
[INFO] ------------------------------------------------------------------------


---------------------------------------------------
[LOG] In experiment directory /home/dee/dev/rick-major-review/finches
---------------------------------------------------
[LOG] Restoring original RICK test from ./ProportionalDisplacement.java/original-test.java
[LOG] Invoking cp ./ProportionalDisplacement.java/original-test.java /home/dee/dev/rick-major-review/rick-tests/src/test/java/org/gephi/layout/plugin/force/TestProportionalDisplacementRickGen.java
---------------------------------------------------
[PO] Evaluating only PO
[LOG] Replacing original RICK test with variant po
[LOG] Invoking cp /home/dee/dev/rick-major-review/finches/output/ProportionalDisplacement_moveNode_Node_ForceVector/test-po.java /home/dee/dev/rick-major-review/rick-tests/src/test/java/org/gephi/layout/plugin/force/TestProportionalDisplacementRickGen.java
[LOG] In test module directory /home/dee/dev/rick-major-review/rick-tests
[LOG] Invoked tests with ['mvn', 'test', '-Dtest=TestProportionalDisplacementRickGen']
[INFO] Scanning for projects...
[INFO] 
[INFO] ------------------------< org.gephi:rick-tests >------------------------
[INFO] Building rick-tests 1.0-SNAPSHOT
[INFO] --------------------------------[ jar ]---------------------------------
[INFO] 
[INFO] --- maven-resources-plugin:2.6:resources (default-resources) @ rick-tests ---
[WARNING] Using platform encoding (UTF-8 actually) to copy filtered resources, i.e. build is platform dependent!
[INFO] Copying 0 resource
[INFO] 
[INFO] --- maven-compiler-plugin:3.1:compile (default-compile) @ rick-tests ---
[INFO] Nothing to compile - all classes are up to date
[INFO] 
[INFO] --- maven-resources-plugin:2.6:testResources (default-testResources) @ rick-tests ---
[WARNING] Using platform encoding (UTF-8 actually) to copy filtered resources, i.e. build is platform dependent!
[INFO] Copying 119 resources
[INFO] 
[INFO] --- maven-compiler-plugin:3.1:testCompile (default-testCompile) @ rick-tests ---
[INFO] Changes detected - recompiling the module!
[WARNING] File encoding has not been set, using platform encoding UTF-8, i.e. build is platform dependent!
[INFO] Compiling 26 source files to /home/dee/dev/rick-major-review/rick-tests/target/test-classes
[WARNING] /home/dee/dev/rick-major-review/rick-tests/src/test/java/org/gephi/importer/impl/TestImportContainerImplRickGenNodeExists.java: Some input files use unchecked or unsafe operations.
[WARNING] /home/dee/dev/rick-major-review/rick-tests/src/test/java/org/gephi/importer/impl/TestImportContainerImplRickGenNodeExists.java: Recompile with -Xlint:unchecked for details.
[INFO] 
[INFO] --- maven-surefire-plugin:2.22.2:test (default-test) @ rick-tests ---
[INFO] 
[INFO] -------------------------------------------------------
[INFO]  T E S T S
[INFO] -------------------------------------------------------
[INFO] Running org.gephi.layout.plugin.force.TestProportionalDisplacementRickGen
[ERROR] Tests run: 2, Failures: 0, Errors: 1, Skipped: 1, Time elapsed: 7.816 s <<< FAILURE! - in org.gephi.layout.plugin.force.TestProportionalDisplacementRickGen
[ERROR] test_moveNode_CO_bb082e870eda4717ae6f5897572bc3fa  Time elapsed: 7.053 s  <<< ERROR!
java.lang.NullPointerException
	at org.gephi.layout.plugin.force.TestProportionalDisplacementRickGen.test_moveNode_CO_bb082e870eda4717ae6f5897572bc3fa(TestProportionalDisplacementRickGen.java:58)

[INFO] 
[INFO] Results:
[INFO] 
[ERROR] Errors: 
[ERROR]   TestProportionalDisplacementRickGen.test_moveNode_CO_bb082e870eda4717ae6f5897572bc3fa:58 » NullPointer
[INFO] 
[ERROR] Tests run: 2, Failures: 0, Errors: 1, Skipped: 1
[INFO] 
[INFO] ------------------------------------------------------------------------
[INFO] BUILD FAILURE
[INFO] ------------------------------------------------------------------------
[INFO] Total time:  23.317 s
[INFO] Finished at: 2023-06-06T18:36:49+02:00
[INFO] ------------------------------------------------------------------------
[ERROR] Failed to execute goal org.apache.maven.plugins:maven-surefire-plugin:2.22.2:test (default-test) on project rick-tests: There are test failures.
[ERROR] 
[ERROR] Please refer to /home/dee/dev/rick-major-review/rick-tests/target/surefire-reports for the individual test results.
[ERROR] Please refer to dump files (if any exist) [date].dump, [date]-jvmRun[N].dump and [date].dumpstream.
[ERROR] -> [Help 1]
[ERROR] 
[ERROR] To see the full stack trace of the errors, re-run Maven with the -e switch.
[ERROR] Re-run Maven using the -X switch to enable full debug logging.
[ERROR] 
[ERROR] For more information about the errors and possible solutions, please read the following articles:
[ERROR] [Help 1] http://cwiki.apache.org/confluence/display/MAVEN/MojoFailureException

Security framework of XStream not initialized, XStream is probably vulnerable.

---------------------------------------------------
[LOG] Cleaned targets with ['mvn', 'clean']
[INFO] Scanning for projects...
[INFO] 
[INFO] ------------------------< org.gephi:rick-tests >------------------------
[INFO] Building rick-tests 1.0-SNAPSHOT
[INFO] --------------------------------[ jar ]---------------------------------
[INFO] 
[INFO] --- maven-clean-plugin:2.5:clean (default-clean) @ rick-tests ---
[INFO] Deleting /home/dee/dev/rick-major-review/rick-tests/target
[INFO] ------------------------------------------------------------------------
[INFO] BUILD SUCCESS
[INFO] ------------------------------------------------------------------------
[INFO] Total time:  0.876 s
[INFO] Finished at: 2023-06-06T18:36:53+02:00
[INFO] ------------------------------------------------------------------------


---------------------------------------------------
[LOG] In experiment directory /home/dee/dev/rick-major-review/finches
---------------------------------------------------
[LOG] Restoring original RICK test from ./ProportionalDisplacement.java/original-test.java
[LOG] Invoking cp ./ProportionalDisplacement.java/original-test.java /home/dee/dev/rick-major-review/rick-tests/src/test/java/org/gephi/layout/plugin/force/TestProportionalDisplacementRickGen.java
---------------------------------------------------
[CO] Evaluating only CO
[LOG] Replacing original RICK test with variant co
[LOG] Invoking cp /home/dee/dev/rick-major-review/finches/output/ProportionalDisplacement_moveNode_Node_ForceVector/test-co.java /home/dee/dev/rick-major-review/rick-tests/src/test/java/org/gephi/layout/plugin/force/TestProportionalDisplacementRickGen.java
[LOG] In test module directory /home/dee/dev/rick-major-review/rick-tests
[LOG] Invoked tests with ['mvn', 'test', '-Dtest=TestProportionalDisplacementRickGen']
[INFO] Scanning for projects...
[INFO] 
[INFO] ------------------------< org.gephi:rick-tests >------------------------
[INFO] Building rick-tests 1.0-SNAPSHOT
[INFO] --------------------------------[ jar ]---------------------------------
[INFO] 
[INFO] --- maven-resources-plugin:2.6:resources (default-resources) @ rick-tests ---
[WARNING] Using platform encoding (UTF-8 actually) to copy filtered resources, i.e. build is platform dependent!
[INFO] Copying 0 resource
[INFO] 
[INFO] --- maven-compiler-plugin:3.1:compile (default-compile) @ rick-tests ---
[INFO] Nothing to compile - all classes are up to date
[INFO] 
[INFO] --- maven-resources-plugin:2.6:testResources (default-testResources) @ rick-tests ---
[WARNING] Using platform encoding (UTF-8 actually) to copy filtered resources, i.e. build is platform dependent!
[INFO] Copying 119 resources
[INFO] 
[INFO] --- maven-compiler-plugin:3.1:testCompile (default-testCompile) @ rick-tests ---
[INFO] Changes detected - recompiling the module!
[WARNING] File encoding has not been set, using platform encoding UTF-8, i.e. build is platform dependent!
[INFO] Compiling 26 source files to /home/dee/dev/rick-major-review/rick-tests/target/test-classes
[WARNING] /home/dee/dev/rick-major-review/rick-tests/src/test/java/org/gephi/importer/impl/TestImportContainerImplRickGenNodeExists.java: Some input files use unchecked or unsafe operations.
[WARNING] /home/dee/dev/rick-major-review/rick-tests/src/test/java/org/gephi/importer/impl/TestImportContainerImplRickGenNodeExists.java: Recompile with -Xlint:unchecked for details.
[INFO] 
[INFO] --- maven-surefire-plugin:2.22.2:test (default-test) @ rick-tests ---
[INFO] 
[INFO] -------------------------------------------------------
[INFO]  T E S T S
[INFO] -------------------------------------------------------
[INFO] Running org.gephi.layout.plugin.force.TestProportionalDisplacementRickGen
[ERROR] Tests run: 2, Failures: 0, Errors: 1, Skipped: 1, Time elapsed: 7.999 s <<< FAILURE! - in org.gephi.layout.plugin.force.TestProportionalDisplacementRickGen
[ERROR] test_moveNode_CO_bb082e870eda4717ae6f5897572bc3fa  Time elapsed: 7.291 s  <<< ERROR!
java.lang.NullPointerException
	at org.gephi.layout.plugin.force.TestProportionalDisplacementRickGen.test_moveNode_CO_bb082e870eda4717ae6f5897572bc3fa(TestProportionalDisplacementRickGen.java:58)

[INFO] 
[INFO] Results:
[INFO] 
[ERROR] Errors: 
[ERROR]   TestProportionalDisplacementRickGen.test_moveNode_CO_bb082e870eda4717ae6f5897572bc3fa:58 » NullPointer
[INFO] 
[ERROR] Tests run: 2, Failures: 0, Errors: 1, Skipped: 1
[INFO] 
[INFO] ------------------------------------------------------------------------
[INFO] BUILD FAILURE
[INFO] ------------------------------------------------------------------------
[INFO] Total time:  23.566 s
[INFO] Finished at: 2023-06-06T18:37:20+02:00
[INFO] ------------------------------------------------------------------------
[ERROR] Failed to execute goal org.apache.maven.plugins:maven-surefire-plugin:2.22.2:test (default-test) on project rick-tests: There are test failures.
[ERROR] 
[ERROR] Please refer to /home/dee/dev/rick-major-review/rick-tests/target/surefire-reports for the individual test results.
[ERROR] Please refer to dump files (if any exist) [date].dump, [date]-jvmRun[N].dump and [date].dumpstream.
[ERROR] -> [Help 1]
[ERROR] 
[ERROR] To see the full stack trace of the errors, re-run Maven with the -e switch.
[ERROR] Re-run Maven using the -X switch to enable full debug logging.
[ERROR] 
[ERROR] For more information about the errors and possible solutions, please read the following articles:
[ERROR] [Help 1] http://cwiki.apache.org/confluence/display/MAVEN/MojoFailureException

Security framework of XStream not initialized, XStream is probably vulnerable.

---------------------------------------------------
[LOG] Cleaned targets with ['mvn', 'clean']
[INFO] Scanning for projects...
[INFO] 
[INFO] ------------------------< org.gephi:rick-tests >------------------------
[INFO] Building rick-tests 1.0-SNAPSHOT
[INFO] --------------------------------[ jar ]---------------------------------
[INFO] 
[INFO] --- maven-clean-plugin:2.5:clean (default-clean) @ rick-tests ---
[INFO] Deleting /home/dee/dev/rick-major-review/rick-tests/target
[INFO] ------------------------------------------------------------------------
[INFO] BUILD SUCCESS
[INFO] ------------------------------------------------------------------------
[INFO] Total time:  0.831 s
[INFO] Finished at: 2023-06-06T18:37:25+02:00
[INFO] ------------------------------------------------------------------------


---------------------------------------------------
[LOG] In experiment directory /home/dee/dev/rick-major-review/finches
---------------------------------------------------
[LOG] Restoring original RICK test from ./ProportionalDisplacement.java/original-test.java
[LOG] Invoking cp ./ProportionalDisplacement.java/original-test.java /home/dee/dev/rick-major-review/rick-tests/src/test/java/org/gephi/layout/plugin/force/TestProportionalDisplacementRickGen.java
---------------------------------------------------
[ALL] Evaluating (OO +) PO + CO
[LOG] Restoring original RICK test from ./ProportionalDisplacement.java/original-test.java
[LOG] Invoking cp ./ProportionalDisplacement.java/original-test.java /home/dee/dev/rick-major-review/rick-tests/src/test/java/org/gephi/layout/plugin/force/TestProportionalDisplacementRickGen.java
[LOG] In test module directory /home/dee/dev/rick-major-review/rick-tests
[LOG] Invoked tests with ['mvn', 'test', '-Dtest=TestProportionalDisplacementRickGen']
[INFO] Scanning for projects...
[INFO] 
[INFO] ------------------------< org.gephi:rick-tests >------------------------
[INFO] Building rick-tests 1.0-SNAPSHOT
[INFO] --------------------------------[ jar ]---------------------------------
[INFO] 
[INFO] --- maven-resources-plugin:2.6:resources (default-resources) @ rick-tests ---
[WARNING] Using platform encoding (UTF-8 actually) to copy filtered resources, i.e. build is platform dependent!
[INFO] Copying 0 resource
[INFO] 
[INFO] --- maven-compiler-plugin:3.1:compile (default-compile) @ rick-tests ---
[INFO] Nothing to compile - all classes are up to date
[INFO] 
[INFO] --- maven-resources-plugin:2.6:testResources (default-testResources) @ rick-tests ---
[WARNING] Using platform encoding (UTF-8 actually) to copy filtered resources, i.e. build is platform dependent!
[INFO] Copying 119 resources
[INFO] 
[INFO] --- maven-compiler-plugin:3.1:testCompile (default-testCompile) @ rick-tests ---
[INFO] Changes detected - recompiling the module!
[WARNING] File encoding has not been set, using platform encoding UTF-8, i.e. build is platform dependent!
[INFO] Compiling 26 source files to /home/dee/dev/rick-major-review/rick-tests/target/test-classes
[WARNING] /home/dee/dev/rick-major-review/rick-tests/src/test/java/org/gephi/importer/impl/TestImportContainerImplRickGenNodeExists.java: Some input files use unchecked or unsafe operations.
[WARNING] /home/dee/dev/rick-major-review/rick-tests/src/test/java/org/gephi/importer/impl/TestImportContainerImplRickGenNodeExists.java: Recompile with -Xlint:unchecked for details.
[INFO] 
[INFO] --- maven-surefire-plugin:2.22.2:test (default-test) @ rick-tests ---
[INFO] 
[INFO] -------------------------------------------------------
[INFO]  T E S T S
[INFO] -------------------------------------------------------
[INFO] Running org.gephi.layout.plugin.force.TestProportionalDisplacementRickGen
[ERROR] Tests run: 2, Failures: 0, Errors: 1, Skipped: 1, Time elapsed: 8.775 s <<< FAILURE! - in org.gephi.layout.plugin.force.TestProportionalDisplacementRickGen
[ERROR] test_moveNode_CO_bb082e870eda4717ae6f5897572bc3fa  Time elapsed: 7.793 s  <<< ERROR!
java.lang.NullPointerException
	at org.gephi.layout.plugin.force.TestProportionalDisplacementRickGen.test_moveNode_CO_bb082e870eda4717ae6f5897572bc3fa(TestProportionalDisplacementRickGen.java:58)

[INFO] 
[INFO] Results:
[INFO] 
[ERROR] Errors: 
[ERROR]   TestProportionalDisplacementRickGen.test_moveNode_CO_bb082e870eda4717ae6f5897572bc3fa:58 » NullPointer
[INFO] 
[ERROR] Tests run: 2, Failures: 0, Errors: 1, Skipped: 1
[INFO] 
[INFO] ------------------------------------------------------------------------
[INFO] BUILD FAILURE
[INFO] ------------------------------------------------------------------------
[INFO] Total time:  24.332 s
[INFO] Finished at: 2023-06-06T18:37:52+02:00
[INFO] ------------------------------------------------------------------------
[ERROR] Failed to execute goal org.apache.maven.plugins:maven-surefire-plugin:2.22.2:test (default-test) on project rick-tests: There are test failures.
[ERROR] 
[ERROR] Please refer to /home/dee/dev/rick-major-review/rick-tests/target/surefire-reports for the individual test results.
[ERROR] Please refer to dump files (if any exist) [date].dump, [date]-jvmRun[N].dump and [date].dumpstream.
[ERROR] -> [Help 1]
[ERROR] 
[ERROR] To see the full stack trace of the errors, re-run Maven with the -e switch.
[ERROR] Re-run Maven using the -X switch to enable full debug logging.
[ERROR] 
[ERROR] For more information about the errors and possible solutions, please read the following articles:
[ERROR] [Help 1] http://cwiki.apache.org/confluence/display/MAVEN/MojoFailureException

Security framework of XStream not initialized, XStream is probably vulnerable.

---------------------------------------------------
[LOG] Cleaned targets with ['mvn', 'clean']
[INFO] Scanning for projects...
[INFO] 
[INFO] ------------------------< org.gephi:rick-tests >------------------------
[INFO] Building rick-tests 1.0-SNAPSHOT
[INFO] --------------------------------[ jar ]---------------------------------
[INFO] 
[INFO] --- maven-clean-plugin:2.5:clean (default-clean) @ rick-tests ---
[INFO] Deleting /home/dee/dev/rick-major-review/rick-tests/target
[INFO] ------------------------------------------------------------------------
[INFO] BUILD SUCCESS
[INFO] ------------------------------------------------------------------------
[INFO] Total time:  0.896 s
[INFO] Finished at: 2023-06-06T18:37:57+02:00
[INFO] ------------------------------------------------------------------------


---------------------------------------------------
[LOG] In experiment directory /home/dee/dev/rick-major-review/finches
---------------------------------------------------
---------------------------------------------------
[LOG] Resetting ProportionalDisplacement.java to original
[LOG] Invoking cp ./ProportionalDisplacement.java/original.java /home/dee/dev/rick-major-review/gephi/modules/LayoutPlugin/src/main/java/org/gephi/layout/plugin/force/ProportionalDisplacement.java
---------------------------------------------------
[LOG] Replacing originalProportionalDisplacement.java with ./ProportionalDisplacement.java/3.java
[LOG] Invoking cp ./ProportionalDisplacement.java/3.java /home/dee/dev/rick-major-review/gephi/modules/LayoutPlugin/src/main/java/org/gephi/layout/plugin/force/ProportionalDisplacement.java
[LOG] Invoked a clean install of the parent module with ['mvn', 'clean', 'install', '-DskipTests']
[INFO] Scanning for projects...
[INFO] 
[INFO] ----------------------< org.gephi:layout-plugin >-----------------------
[INFO] Building LayoutPlugin 0.9.6
[INFO] --------------------------------[ nbm ]---------------------------------
[INFO] 
[INFO] --- maven-clean-plugin:3.1.0:clean (default-clean) @ layout-plugin ---
[INFO] Deleting /home/dee/dev/rick-major-review/gephi/modules/LayoutPlugin/target
[INFO] 
[INFO] --- build-helper-maven-plugin:3.3.0:parse-version (parse-version) @ layout-plugin ---
[INFO] 
[INFO] --- maven-checkstyle-plugin:3.1.2:check (validate) @ layout-plugin ---
[INFO] 
[INFO] --- maven-resources-plugin:3.2.0:copy-resources (generate-modules-xml) @ layout-plugin ---
[INFO] Using 'UTF-8' encoding to copy filtered resources.
[INFO] Using 'UTF-8' encoding to copy filtered properties files.
[INFO] Copying 1 resource
[INFO] 
[INFO] --- maven-resources-plugin:3.2.0:resources (default-resources) @ layout-plugin ---
[INFO] Using 'UTF-8' encoding to copy filtered resources.
[INFO] Using 'UTF-8' encoding to copy filtered properties files.
[INFO] Copying 178 resources
[INFO] 
[INFO] --- maven-compiler-plugin:3.10.0:compile (default-compile) @ layout-plugin ---
[INFO] Changes detected - recompiling the module!
[INFO] Compiling 54 source files to /home/dee/dev/rick-major-review/gephi/modules/LayoutPlugin/target/classes
[WARNING] No processor claimed any of these annotations: java.base/java.lang.Override
[WARNING] /home/dee/dev/rick-major-review/gephi/modules/LayoutPlugin/src/main/java/org/gephi/layout/plugin/openord/DensityGrid.java:[68,19] [rawtypes] found raw type: ArrayDeque
  missing type arguments for generic class ArrayDeque<E>
  where E is a type-variable:
    E extends Object declared in class ArrayDeque
[WARNING] /home/dee/dev/rick-major-review/gephi/modules/LayoutPlugin/src/main/java/org/gephi/layout/plugin/openord/DensityGrid.java:[68,15] [unchecked] unchecked conversion
  required: ArrayDeque<Node>[][]
  found:    ArrayDeque[][]
[WARNING] /home/dee/dev/rick-major-review/gephi/modules/LayoutPlugin/src/main/java/org/gephi/layout/plugin/force/quadtree/QuadTree.java:[435,23] [rawtypes] found raw type: Entry
  missing type arguments for generic class Entry<K,V>
  where K,V are type-variables:
    K extends Object declared in interface Entry
    V extends Object declared in interface Entry
[WARNING] /home/dee/dev/rick-major-review/gephi/modules/LayoutPlugin/src/main/java/org/gephi/layout/plugin/AutoLayout.java:[158,48] [unchecked] unchecked call to setValue(T) as a member of the raw type Property
  where T is a type-variable:
    T extends Object declared in class Property
[WARNING] /home/dee/dev/rick-major-review/gephi/modules/LayoutPlugin/src/main/java/org/gephi/layout/plugin/AutoLayout.java:[241,8] [rawtypes] found raw type: Property
  missing type arguments for generic class Property<T>
  where T is a type-variable:
    T extends Object declared in class Property
[WARNING] /home/dee/dev/rick-major-review/gephi/modules/LayoutPlugin/src/main/java/org/gephi/layout/plugin/AutoLayout.java:[249,18] [rawtypes] found raw type: Property
  missing type arguments for generic class Property<T>
  where T is a type-variable:
    T extends Object declared in class Property
[WARNING] /home/dee/dev/rick-major-review/gephi/modules/LayoutPlugin/src/main/java/org/gephi/layout/plugin/AutoLayout.java:[256,15] [rawtypes] found raw type: Property
  missing type arguments for generic class Property<T>
  where T is a type-variable:
    T extends Object declared in class Property
[WARNING] /home/dee/dev/rick-major-review/gephi/modules/LayoutPlugin/src/main/java/org/gephi/layout/plugin/AutoLayout.java:[260,25] [rawtypes] found raw type: Property
  missing type arguments for generic class Property<T>
  where T is a type-variable:
    T extends Object declared in class Property
[WARNING] /home/dee/dev/rick-major-review/gephi/modules/LayoutPlugin/src/main/java/org/gephi/layout/plugin/forceAtlas2/ForceAtlas2.java:[193,22] [rawtypes] found raw type: Future
  missing type arguments for generic class Future<V>
  where V is a type-variable:
    V extends Object declared in interface Future
[WARNING] /home/dee/dev/rick-major-review/gephi/modules/LayoutPlugin/src/main/java/org/gephi/layout/plugin/forceAtlas2/ForceAtlas2.java:[193,44] [rawtypes] found raw type: ArrayList
  missing type arguments for generic class ArrayList<E>
  where E is a type-variable:
    E extends Object declared in class ArrayList
[WARNING] /home/dee/dev/rick-major-review/gephi/modules/LayoutPlugin/src/main/java/org/gephi/layout/plugin/forceAtlas2/ForceAtlas2.java:[193,40] [unchecked] unchecked conversion
  required: ArrayList<Future>
  found:    ArrayList
[WARNING] /home/dee/dev/rick-major-review/gephi/modules/LayoutPlugin/src/main/java/org/gephi/layout/plugin/forceAtlas2/ForceAtlas2.java:[197,16] [rawtypes] found raw type: Future
  missing type arguments for generic class Future<V>
  where V is a type-variable:
    V extends Object declared in interface Future
[WARNING] /home/dee/dev/rick-major-review/gephi/modules/LayoutPlugin/src/main/java/org/gephi/layout/plugin/forceAtlas2/ForceAtlas2.java:[203,17] [rawtypes] found raw type: Future
  missing type arguments for generic class Future<V>
  where V is a type-variable:
    V extends Object declared in interface Future
[INFO] 
[INFO] --- nbm-maven-plugin:4.6:manifest (default-manifest) @ layout-plugin ---
[INFO] NBM Plugin generates manifest
[INFO] 
[INFO] --- maven-resources-plugin:3.2.0:testResources (default-testResources) @ layout-plugin ---
[INFO] Using 'UTF-8' encoding to copy filtered resources.
[INFO] Using 'UTF-8' encoding to copy filtered properties files.
[INFO] skip non existing resourceDirectory /home/dee/dev/rick-major-review/gephi/modules/LayoutPlugin/src/test/resources
[INFO] 
[INFO] --- maven-compiler-plugin:3.10.0:testCompile (default-testCompile) @ layout-plugin ---
[INFO] No sources to compile
[INFO] 
[INFO] --- maven-surefire-plugin:2.22.2:test (default-test) @ layout-plugin ---
[INFO] Tests are skipped.
[INFO] 
[INFO] --- maven-jar-plugin:3.2.2:jar (default-jar) @ layout-plugin ---
[INFO] Building jar: /home/dee/dev/rick-major-review/gephi/modules/LayoutPlugin/target/layout-plugin-0.9.6.jar
[INFO] 
[INFO] --- nbm-maven-plugin:4.6:nbm (default-nbm) @ layout-plugin ---
[INFO] Copying module JAR to /home/dee/dev/rick-major-review/gephi/modules/LayoutPlugin/target/nbm/clusters/gephi/modules
[INFO] Generating Auto Update information for org.gephi.layout.plugin
[WARNING] No updater.jar specified, cannot validate Info.xml against DTD
[INFO] Building jar: /home/dee/dev/rick-major-review/gephi/modules/LayoutPlugin/target/nbm/layout-plugin-0.9.6.nbm
[INFO] 
[INFO] --- maven-install-plugin:2.5.2:install (default-install) @ layout-plugin ---
[INFO] Installing /home/dee/dev/rick-major-review/gephi/modules/LayoutPlugin/target/layout-plugin-0.9.6.jar to /home/dee/.m2/repository/org/gephi/layout-plugin/0.9.6/layout-plugin-0.9.6.jar
[INFO] Installing /home/dee/dev/rick-major-review/gephi/modules/LayoutPlugin/pom.xml to /home/dee/.m2/repository/org/gephi/layout-plugin/0.9.6/layout-plugin-0.9.6.pom
[INFO] Installing /home/dee/dev/rick-major-review/gephi/modules/LayoutPlugin/target/layout-plugin-0.9.6.nbm to /home/dee/.m2/repository/org/gephi/layout-plugin/0.9.6/layout-plugin-0.9.6.nbm
[INFO] ------------------------------------------------------------------------
[INFO] BUILD SUCCESS
[INFO] ------------------------------------------------------------------------
[INFO] Total time:  18.959 s
[INFO] Finished at: 2023-06-06T18:38:20+02:00
[INFO] ------------------------------------------------------------------------


---------------------------------------------------
[BASELINE] Not evaluating any oracle
[LOG] Replacing original RICK test with variant baseline
[LOG] Invoking cp /home/dee/dev/rick-major-review/finches/output/ProportionalDisplacement_moveNode_Node_ForceVector/test-baseline.java /home/dee/dev/rick-major-review/rick-tests/src/test/java/org/gephi/layout/plugin/force/TestProportionalDisplacementRickGen.java
[LOG] In test module directory /home/dee/dev/rick-major-review/rick-tests
[LOG] Invoked tests with ['mvn', 'test', '-Dtest=TestProportionalDisplacementRickGen']
[INFO] Scanning for projects...
[INFO] 
[INFO] ------------------------< org.gephi:rick-tests >------------------------
[INFO] Building rick-tests 1.0-SNAPSHOT
[INFO] --------------------------------[ jar ]---------------------------------
[INFO] 
[INFO] --- maven-resources-plugin:2.6:resources (default-resources) @ rick-tests ---
[WARNING] Using platform encoding (UTF-8 actually) to copy filtered resources, i.e. build is platform dependent!
[INFO] Copying 0 resource
[INFO] 
[INFO] --- maven-compiler-plugin:3.1:compile (default-compile) @ rick-tests ---
[INFO] Nothing to compile - all classes are up to date
[INFO] 
[INFO] --- maven-resources-plugin:2.6:testResources (default-testResources) @ rick-tests ---
[WARNING] Using platform encoding (UTF-8 actually) to copy filtered resources, i.e. build is platform dependent!
[INFO] Copying 119 resources
[INFO] 
[INFO] --- maven-compiler-plugin:3.1:testCompile (default-testCompile) @ rick-tests ---
[INFO] Changes detected - recompiling the module!
[WARNING] File encoding has not been set, using platform encoding UTF-8, i.e. build is platform dependent!
[INFO] Compiling 26 source files to /home/dee/dev/rick-major-review/rick-tests/target/test-classes
[WARNING] /home/dee/dev/rick-major-review/rick-tests/src/test/java/org/gephi/importer/impl/TestImportContainerImplRickGenNodeExists.java: Some input files use unchecked or unsafe operations.
[WARNING] /home/dee/dev/rick-major-review/rick-tests/src/test/java/org/gephi/importer/impl/TestImportContainerImplRickGenNodeExists.java: Recompile with -Xlint:unchecked for details.
[INFO] 
[INFO] --- maven-surefire-plugin:2.22.2:test (default-test) @ rick-tests ---
[INFO] 
[INFO] -------------------------------------------------------
[INFO]  T E S T S
[INFO] -------------------------------------------------------
[INFO] Running org.gephi.layout.plugin.force.TestProportionalDisplacementRickGen
[WARNING] Tests run: 2, Failures: 0, Errors: 0, Skipped: 1, Time elapsed: 8.565 s - in org.gephi.layout.plugin.force.TestProportionalDisplacementRickGen
[INFO] 
[INFO] Results:
[INFO] 
[WARNING] Tests run: 2, Failures: 0, Errors: 0, Skipped: 1
[INFO] 
[INFO] ------------------------------------------------------------------------
[INFO] BUILD SUCCESS
[INFO] ------------------------------------------------------------------------
[INFO] Total time:  24.354 s
[INFO] Finished at: 2023-06-06T18:38:47+02:00
[INFO] ------------------------------------------------------------------------

Security framework of XStream not initialized, XStream is probably vulnerable.

---------------------------------------------------
[LOG] Cleaned targets with ['mvn', 'clean']
[INFO] Scanning for projects...
[INFO] 
[INFO] ------------------------< org.gephi:rick-tests >------------------------
[INFO] Building rick-tests 1.0-SNAPSHOT
[INFO] --------------------------------[ jar ]---------------------------------
[INFO] 
[INFO] --- maven-clean-plugin:2.5:clean (default-clean) @ rick-tests ---
[INFO] Deleting /home/dee/dev/rick-major-review/rick-tests/target
[INFO] ------------------------------------------------------------------------
[INFO] BUILD SUCCESS
[INFO] ------------------------------------------------------------------------
[INFO] Total time:  0.814 s
[INFO] Finished at: 2023-06-06T18:38:51+02:00
[INFO] ------------------------------------------------------------------------


---------------------------------------------------
[LOG] In experiment directory /home/dee/dev/rick-major-review/finches
---------------------------------------------------
[LOG] Restoring original RICK test from ./ProportionalDisplacement.java/original-test.java
[LOG] Invoking cp ./ProportionalDisplacement.java/original-test.java /home/dee/dev/rick-major-review/rick-tests/src/test/java/org/gephi/layout/plugin/force/TestProportionalDisplacementRickGen.java
---------------------------------------------------
[PO] Evaluating only PO
[LOG] Replacing original RICK test with variant po
[LOG] Invoking cp /home/dee/dev/rick-major-review/finches/output/ProportionalDisplacement_moveNode_Node_ForceVector/test-po.java /home/dee/dev/rick-major-review/rick-tests/src/test/java/org/gephi/layout/plugin/force/TestProportionalDisplacementRickGen.java
[LOG] In test module directory /home/dee/dev/rick-major-review/rick-tests
[LOG] Invoked tests with ['mvn', 'test', '-Dtest=TestProportionalDisplacementRickGen']
[INFO] Scanning for projects...
[INFO] 
[INFO] ------------------------< org.gephi:rick-tests >------------------------
[INFO] Building rick-tests 1.0-SNAPSHOT
[INFO] --------------------------------[ jar ]---------------------------------
[INFO] 
[INFO] --- maven-resources-plugin:2.6:resources (default-resources) @ rick-tests ---
[WARNING] Using platform encoding (UTF-8 actually) to copy filtered resources, i.e. build is platform dependent!
[INFO] Copying 0 resource
[INFO] 
[INFO] --- maven-compiler-plugin:3.1:compile (default-compile) @ rick-tests ---
[INFO] Nothing to compile - all classes are up to date
[INFO] 
[INFO] --- maven-resources-plugin:2.6:testResources (default-testResources) @ rick-tests ---
[WARNING] Using platform encoding (UTF-8 actually) to copy filtered resources, i.e. build is platform dependent!
[INFO] Copying 119 resources
[INFO] 
[INFO] --- maven-compiler-plugin:3.1:testCompile (default-testCompile) @ rick-tests ---
[INFO] Changes detected - recompiling the module!
[WARNING] File encoding has not been set, using platform encoding UTF-8, i.e. build is platform dependent!
[INFO] Compiling 26 source files to /home/dee/dev/rick-major-review/rick-tests/target/test-classes
[WARNING] /home/dee/dev/rick-major-review/rick-tests/src/test/java/org/gephi/importer/impl/TestImportContainerImplRickGenNodeExists.java: Some input files use unchecked or unsafe operations.
[WARNING] /home/dee/dev/rick-major-review/rick-tests/src/test/java/org/gephi/importer/impl/TestImportContainerImplRickGenNodeExists.java: Recompile with -Xlint:unchecked for details.
[INFO] 
[INFO] --- maven-surefire-plugin:2.22.2:test (default-test) @ rick-tests ---
[INFO] 
[INFO] -------------------------------------------------------
[INFO]  T E S T S
[INFO] -------------------------------------------------------
[INFO] Running org.gephi.layout.plugin.force.TestProportionalDisplacementRickGen
[WARNING] Tests run: 2, Failures: 0, Errors: 0, Skipped: 1, Time elapsed: 8.069 s - in org.gephi.layout.plugin.force.TestProportionalDisplacementRickGen
[INFO] 
[INFO] Results:
[INFO] 
[WARNING] Tests run: 2, Failures: 0, Errors: 0, Skipped: 1
[INFO] 
[INFO] ------------------------------------------------------------------------
[INFO] BUILD SUCCESS
[INFO] ------------------------------------------------------------------------
[INFO] Total time:  22.644 s
[INFO] Finished at: 2023-06-06T18:39:18+02:00
[INFO] ------------------------------------------------------------------------

Security framework of XStream not initialized, XStream is probably vulnerable.

---------------------------------------------------
[LOG] Cleaned targets with ['mvn', 'clean']
[INFO] Scanning for projects...
[INFO] 
[INFO] ------------------------< org.gephi:rick-tests >------------------------
[INFO] Building rick-tests 1.0-SNAPSHOT
[INFO] --------------------------------[ jar ]---------------------------------
[INFO] 
[INFO] --- maven-clean-plugin:2.5:clean (default-clean) @ rick-tests ---
[INFO] Deleting /home/dee/dev/rick-major-review/rick-tests/target
[INFO] ------------------------------------------------------------------------
[INFO] BUILD SUCCESS
[INFO] ------------------------------------------------------------------------
[INFO] Total time:  0.818 s
[INFO] Finished at: 2023-06-06T18:39:22+02:00
[INFO] ------------------------------------------------------------------------


---------------------------------------------------
[LOG] In experiment directory /home/dee/dev/rick-major-review/finches
---------------------------------------------------
[LOG] Restoring original RICK test from ./ProportionalDisplacement.java/original-test.java
[LOG] Invoking cp ./ProportionalDisplacement.java/original-test.java /home/dee/dev/rick-major-review/rick-tests/src/test/java/org/gephi/layout/plugin/force/TestProportionalDisplacementRickGen.java
---------------------------------------------------
[CO] Evaluating only CO
[LOG] Replacing original RICK test with variant co
[LOG] Invoking cp /home/dee/dev/rick-major-review/finches/output/ProportionalDisplacement_moveNode_Node_ForceVector/test-co.java /home/dee/dev/rick-major-review/rick-tests/src/test/java/org/gephi/layout/plugin/force/TestProportionalDisplacementRickGen.java
[LOG] In test module directory /home/dee/dev/rick-major-review/rick-tests
[LOG] Invoked tests with ['mvn', 'test', '-Dtest=TestProportionalDisplacementRickGen']
[INFO] Scanning for projects...
[INFO] 
[INFO] ------------------------< org.gephi:rick-tests >------------------------
[INFO] Building rick-tests 1.0-SNAPSHOT
[INFO] --------------------------------[ jar ]---------------------------------
[INFO] 
[INFO] --- maven-resources-plugin:2.6:resources (default-resources) @ rick-tests ---
[WARNING] Using platform encoding (UTF-8 actually) to copy filtered resources, i.e. build is platform dependent!
[INFO] Copying 0 resource
[INFO] 
[INFO] --- maven-compiler-plugin:3.1:compile (default-compile) @ rick-tests ---
[INFO] Nothing to compile - all classes are up to date
[INFO] 
[INFO] --- maven-resources-plugin:2.6:testResources (default-testResources) @ rick-tests ---
[WARNING] Using platform encoding (UTF-8 actually) to copy filtered resources, i.e. build is platform dependent!
[INFO] Copying 119 resources
[INFO] 
[INFO] --- maven-compiler-plugin:3.1:testCompile (default-testCompile) @ rick-tests ---
[INFO] Changes detected - recompiling the module!
[WARNING] File encoding has not been set, using platform encoding UTF-8, i.e. build is platform dependent!
[INFO] Compiling 26 source files to /home/dee/dev/rick-major-review/rick-tests/target/test-classes
[WARNING] /home/dee/dev/rick-major-review/rick-tests/src/test/java/org/gephi/importer/impl/TestImportContainerImplRickGenNodeExists.java: Some input files use unchecked or unsafe operations.
[WARNING] /home/dee/dev/rick-major-review/rick-tests/src/test/java/org/gephi/importer/impl/TestImportContainerImplRickGenNodeExists.java: Recompile with -Xlint:unchecked for details.
[INFO] 
[INFO] --- maven-surefire-plugin:2.22.2:test (default-test) @ rick-tests ---
[INFO] 
[INFO] -------------------------------------------------------
[INFO]  T E S T S
[INFO] -------------------------------------------------------
[INFO] Running org.gephi.layout.plugin.force.TestProportionalDisplacementRickGen
[ERROR] Tests run: 2, Failures: 1, Errors: 0, Skipped: 1, Time elapsed: 7.848 s <<< FAILURE! - in org.gephi.layout.plugin.force.TestProportionalDisplacementRickGen
[ERROR] test_moveNode_CO_bb082e870eda4717ae6f5897572bc3fa  Time elapsed: 7.097 s  <<< FAILURE!
org.mockito.exceptions.verification.WantedButNotInvoked: 

Wanted but not invoked:
node.setX(<any float>);
-> at org.gephi.layout.plugin.force.TestProportionalDisplacementRickGen.test_moveNode_CO_bb082e870eda4717ae6f5897572bc3fa(TestProportionalDisplacementRickGen.java:61)
Actually, there were zero interactions with this mock.

	at org.gephi.layout.plugin.force.TestProportionalDisplacementRickGen.test_moveNode_CO_bb082e870eda4717ae6f5897572bc3fa(TestProportionalDisplacementRickGen.java:61)

[INFO] 
[INFO] Results:
[INFO] 
[ERROR] Failures: 
[ERROR]   TestProportionalDisplacementRickGen.test_moveNode_CO_bb082e870eda4717ae6f5897572bc3fa:61 
Wanted but not invoked:
node.setX(<any float>);
-> at org.gephi.layout.plugin.force.TestProportionalDisplacementRickGen.test_moveNode_CO_bb082e870eda4717ae6f5897572bc3fa(TestProportionalDisplacementRickGen.java:61)
Actually, there were zero interactions with this mock.

[INFO] 
[ERROR] Tests run: 2, Failures: 1, Errors: 0, Skipped: 1
[INFO] 
[INFO] ------------------------------------------------------------------------
[INFO] BUILD FAILURE
[INFO] ------------------------------------------------------------------------
[INFO] Total time:  23.343 s
[INFO] Finished at: 2023-06-06T18:39:48+02:00
[INFO] ------------------------------------------------------------------------
[ERROR] Failed to execute goal org.apache.maven.plugins:maven-surefire-plugin:2.22.2:test (default-test) on project rick-tests: There are test failures.
[ERROR] 
[ERROR] Please refer to /home/dee/dev/rick-major-review/rick-tests/target/surefire-reports for the individual test results.
[ERROR] Please refer to dump files (if any exist) [date].dump, [date]-jvmRun[N].dump and [date].dumpstream.
[ERROR] -> [Help 1]
[ERROR] 
[ERROR] To see the full stack trace of the errors, re-run Maven with the -e switch.
[ERROR] Re-run Maven using the -X switch to enable full debug logging.
[ERROR] 
[ERROR] For more information about the errors and possible solutions, please read the following articles:
[ERROR] [Help 1] http://cwiki.apache.org/confluence/display/MAVEN/MojoFailureException

Security framework of XStream not initialized, XStream is probably vulnerable.

---------------------------------------------------
[LOG] Cleaned targets with ['mvn', 'clean']
[INFO] Scanning for projects...
[INFO] 
[INFO] ------------------------< org.gephi:rick-tests >------------------------
[INFO] Building rick-tests 1.0-SNAPSHOT
[INFO] --------------------------------[ jar ]---------------------------------
[INFO] 
[INFO] --- maven-clean-plugin:2.5:clean (default-clean) @ rick-tests ---
[INFO] Deleting /home/dee/dev/rick-major-review/rick-tests/target
[INFO] ------------------------------------------------------------------------
[INFO] BUILD SUCCESS
[INFO] ------------------------------------------------------------------------
[INFO] Total time:  0.901 s
[INFO] Finished at: 2023-06-06T18:39:53+02:00
[INFO] ------------------------------------------------------------------------


---------------------------------------------------
[LOG] In experiment directory /home/dee/dev/rick-major-review/finches
---------------------------------------------------
[LOG] Restoring original RICK test from ./ProportionalDisplacement.java/original-test.java
[LOG] Invoking cp ./ProportionalDisplacement.java/original-test.java /home/dee/dev/rick-major-review/rick-tests/src/test/java/org/gephi/layout/plugin/force/TestProportionalDisplacementRickGen.java
---------------------------------------------------
[ALL] Evaluating (OO +) PO + CO
[LOG] Restoring original RICK test from ./ProportionalDisplacement.java/original-test.java
[LOG] Invoking cp ./ProportionalDisplacement.java/original-test.java /home/dee/dev/rick-major-review/rick-tests/src/test/java/org/gephi/layout/plugin/force/TestProportionalDisplacementRickGen.java
[LOG] In test module directory /home/dee/dev/rick-major-review/rick-tests
[LOG] Invoked tests with ['mvn', 'test', '-Dtest=TestProportionalDisplacementRickGen']
[INFO] Scanning for projects...
[INFO] 
[INFO] ------------------------< org.gephi:rick-tests >------------------------
[INFO] Building rick-tests 1.0-SNAPSHOT
[INFO] --------------------------------[ jar ]---------------------------------
[INFO] 
[INFO] --- maven-resources-plugin:2.6:resources (default-resources) @ rick-tests ---
[WARNING] Using platform encoding (UTF-8 actually) to copy filtered resources, i.e. build is platform dependent!
[INFO] Copying 0 resource
[INFO] 
[INFO] --- maven-compiler-plugin:3.1:compile (default-compile) @ rick-tests ---
[INFO] Nothing to compile - all classes are up to date
[INFO] 
[INFO] --- maven-resources-plugin:2.6:testResources (default-testResources) @ rick-tests ---
[WARNING] Using platform encoding (UTF-8 actually) to copy filtered resources, i.e. build is platform dependent!
[INFO] Copying 119 resources
[INFO] 
[INFO] --- maven-compiler-plugin:3.1:testCompile (default-testCompile) @ rick-tests ---
[INFO] Changes detected - recompiling the module!
[WARNING] File encoding has not been set, using platform encoding UTF-8, i.e. build is platform dependent!
[INFO] Compiling 26 source files to /home/dee/dev/rick-major-review/rick-tests/target/test-classes
[WARNING] /home/dee/dev/rick-major-review/rick-tests/src/test/java/org/gephi/importer/impl/TestImportContainerImplRickGenNodeExists.java: Some input files use unchecked or unsafe operations.
[WARNING] /home/dee/dev/rick-major-review/rick-tests/src/test/java/org/gephi/importer/impl/TestImportContainerImplRickGenNodeExists.java: Recompile with -Xlint:unchecked for details.
[INFO] 
[INFO] --- maven-surefire-plugin:2.22.2:test (default-test) @ rick-tests ---
[INFO] 
[INFO] -------------------------------------------------------
[INFO]  T E S T S
[INFO] -------------------------------------------------------
[INFO] Running org.gephi.layout.plugin.force.TestProportionalDisplacementRickGen
[ERROR] Tests run: 2, Failures: 1, Errors: 0, Skipped: 1, Time elapsed: 8.051 s <<< FAILURE! - in org.gephi.layout.plugin.force.TestProportionalDisplacementRickGen
[ERROR] test_moveNode_CO_bb082e870eda4717ae6f5897572bc3fa  Time elapsed: 7.31 s  <<< FAILURE!
org.mockito.exceptions.verification.WantedButNotInvoked: 

Wanted but not invoked:
node.setX(<any float>);
-> at org.gephi.layout.plugin.force.TestProportionalDisplacementRickGen.test_moveNode_CO_bb082e870eda4717ae6f5897572bc3fa(TestProportionalDisplacementRickGen.java:61)
Actually, there were zero interactions with this mock.

	at org.gephi.layout.plugin.force.TestProportionalDisplacementRickGen.test_moveNode_CO_bb082e870eda4717ae6f5897572bc3fa(TestProportionalDisplacementRickGen.java:61)

[INFO] 
[INFO] Results:
[INFO] 
[ERROR] Failures: 
[ERROR]   TestProportionalDisplacementRickGen.test_moveNode_CO_bb082e870eda4717ae6f5897572bc3fa:61 
Wanted but not invoked:
node.setX(<any float>);
-> at org.gephi.layout.plugin.force.TestProportionalDisplacementRickGen.test_moveNode_CO_bb082e870eda4717ae6f5897572bc3fa(TestProportionalDisplacementRickGen.java:61)
Actually, there were zero interactions with this mock.

[INFO] 
[ERROR] Tests run: 2, Failures: 1, Errors: 0, Skipped: 1
[INFO] 
[INFO] ------------------------------------------------------------------------
[INFO] BUILD FAILURE
[INFO] ------------------------------------------------------------------------
[INFO] Total time:  23.492 s
[INFO] Finished at: 2023-06-06T18:40:20+02:00
[INFO] ------------------------------------------------------------------------
[ERROR] Failed to execute goal org.apache.maven.plugins:maven-surefire-plugin:2.22.2:test (default-test) on project rick-tests: There are test failures.
[ERROR] 
[ERROR] Please refer to /home/dee/dev/rick-major-review/rick-tests/target/surefire-reports for the individual test results.
[ERROR] Please refer to dump files (if any exist) [date].dump, [date]-jvmRun[N].dump and [date].dumpstream.
[ERROR] -> [Help 1]
[ERROR] 
[ERROR] To see the full stack trace of the errors, re-run Maven with the -e switch.
[ERROR] Re-run Maven using the -X switch to enable full debug logging.
[ERROR] 
[ERROR] For more information about the errors and possible solutions, please read the following articles:
[ERROR] [Help 1] http://cwiki.apache.org/confluence/display/MAVEN/MojoFailureException

Security framework of XStream not initialized, XStream is probably vulnerable.

---------------------------------------------------
[LOG] Cleaned targets with ['mvn', 'clean']
[INFO] Scanning for projects...
[INFO] 
[INFO] ------------------------< org.gephi:rick-tests >------------------------
[INFO] Building rick-tests 1.0-SNAPSHOT
[INFO] --------------------------------[ jar ]---------------------------------
[INFO] 
[INFO] --- maven-clean-plugin:2.5:clean (default-clean) @ rick-tests ---
[INFO] Deleting /home/dee/dev/rick-major-review/rick-tests/target
[INFO] ------------------------------------------------------------------------
[INFO] BUILD SUCCESS
[INFO] ------------------------------------------------------------------------
[INFO] Total time:  0.843 s
[INFO] Finished at: 2023-06-06T18:40:24+02:00
[INFO] ------------------------------------------------------------------------


---------------------------------------------------
[LOG] In experiment directory /home/dee/dev/rick-major-review/finches
---------------------------------------------------
---------------------------------------------------
[LOG] Resetting ProportionalDisplacement.java to original
[LOG] Invoking cp ./ProportionalDisplacement.java/original.java /home/dee/dev/rick-major-review/gephi/modules/LayoutPlugin/src/main/java/org/gephi/layout/plugin/force/ProportionalDisplacement.java
---------------------------------------------------
[LOG] Replacing originalProportionalDisplacement.java with ./ProportionalDisplacement.java/7.java
[LOG] Invoking cp ./ProportionalDisplacement.java/7.java /home/dee/dev/rick-major-review/gephi/modules/LayoutPlugin/src/main/java/org/gephi/layout/plugin/force/ProportionalDisplacement.java
[LOG] Invoked a clean install of the parent module with ['mvn', 'clean', 'install', '-DskipTests']
[INFO] Scanning for projects...
[INFO] 
[INFO] ----------------------< org.gephi:layout-plugin >-----------------------
[INFO] Building LayoutPlugin 0.9.6
[INFO] --------------------------------[ nbm ]---------------------------------
[INFO] 
[INFO] --- maven-clean-plugin:3.1.0:clean (default-clean) @ layout-plugin ---
[INFO] Deleting /home/dee/dev/rick-major-review/gephi/modules/LayoutPlugin/target
[INFO] 
[INFO] --- build-helper-maven-plugin:3.3.0:parse-version (parse-version) @ layout-plugin ---
[INFO] 
[INFO] --- maven-checkstyle-plugin:3.1.2:check (validate) @ layout-plugin ---
[INFO] 
[INFO] --- maven-resources-plugin:3.2.0:copy-resources (generate-modules-xml) @ layout-plugin ---
[INFO] Using 'UTF-8' encoding to copy filtered resources.
[INFO] Using 'UTF-8' encoding to copy filtered properties files.
[INFO] Copying 1 resource
[INFO] 
[INFO] --- maven-resources-plugin:3.2.0:resources (default-resources) @ layout-plugin ---
[INFO] Using 'UTF-8' encoding to copy filtered resources.
[INFO] Using 'UTF-8' encoding to copy filtered properties files.
[INFO] Copying 178 resources
[INFO] 
[INFO] --- maven-compiler-plugin:3.10.0:compile (default-compile) @ layout-plugin ---
[INFO] Changes detected - recompiling the module!
[INFO] Compiling 54 source files to /home/dee/dev/rick-major-review/gephi/modules/LayoutPlugin/target/classes
[WARNING] No processor claimed any of these annotations: java.base/java.lang.Override
[WARNING] /home/dee/dev/rick-major-review/gephi/modules/LayoutPlugin/src/main/java/org/gephi/layout/plugin/openord/DensityGrid.java:[68,19] [rawtypes] found raw type: ArrayDeque
  missing type arguments for generic class ArrayDeque<E>
  where E is a type-variable:
    E extends Object declared in class ArrayDeque
[WARNING] /home/dee/dev/rick-major-review/gephi/modules/LayoutPlugin/src/main/java/org/gephi/layout/plugin/openord/DensityGrid.java:[68,15] [unchecked] unchecked conversion
  required: ArrayDeque<Node>[][]
  found:    ArrayDeque[][]
[WARNING] /home/dee/dev/rick-major-review/gephi/modules/LayoutPlugin/src/main/java/org/gephi/layout/plugin/force/quadtree/QuadTree.java:[435,23] [rawtypes] found raw type: Entry
  missing type arguments for generic class Entry<K,V>
  where K,V are type-variables:
    K extends Object declared in interface Entry
    V extends Object declared in interface Entry
[WARNING] /home/dee/dev/rick-major-review/gephi/modules/LayoutPlugin/src/main/java/org/gephi/layout/plugin/AutoLayout.java:[158,48] [unchecked] unchecked call to setValue(T) as a member of the raw type Property
  where T is a type-variable:
    T extends Object declared in class Property
[WARNING] /home/dee/dev/rick-major-review/gephi/modules/LayoutPlugin/src/main/java/org/gephi/layout/plugin/AutoLayout.java:[241,8] [rawtypes] found raw type: Property
  missing type arguments for generic class Property<T>
  where T is a type-variable:
    T extends Object declared in class Property
[WARNING] /home/dee/dev/rick-major-review/gephi/modules/LayoutPlugin/src/main/java/org/gephi/layout/plugin/AutoLayout.java:[249,18] [rawtypes] found raw type: Property
  missing type arguments for generic class Property<T>
  where T is a type-variable:
    T extends Object declared in class Property
[WARNING] /home/dee/dev/rick-major-review/gephi/modules/LayoutPlugin/src/main/java/org/gephi/layout/plugin/AutoLayout.java:[256,15] [rawtypes] found raw type: Property
  missing type arguments for generic class Property<T>
  where T is a type-variable:
    T extends Object declared in class Property
[WARNING] /home/dee/dev/rick-major-review/gephi/modules/LayoutPlugin/src/main/java/org/gephi/layout/plugin/AutoLayout.java:[260,25] [rawtypes] found raw type: Property
  missing type arguments for generic class Property<T>
  where T is a type-variable:
    T extends Object declared in class Property
[WARNING] /home/dee/dev/rick-major-review/gephi/modules/LayoutPlugin/src/main/java/org/gephi/layout/plugin/forceAtlas2/ForceAtlas2.java:[193,22] [rawtypes] found raw type: Future
  missing type arguments for generic class Future<V>
  where V is a type-variable:
    V extends Object declared in interface Future
[WARNING] /home/dee/dev/rick-major-review/gephi/modules/LayoutPlugin/src/main/java/org/gephi/layout/plugin/forceAtlas2/ForceAtlas2.java:[193,44] [rawtypes] found raw type: ArrayList
  missing type arguments for generic class ArrayList<E>
  where E is a type-variable:
    E extends Object declared in class ArrayList
[WARNING] /home/dee/dev/rick-major-review/gephi/modules/LayoutPlugin/src/main/java/org/gephi/layout/plugin/forceAtlas2/ForceAtlas2.java:[193,40] [unchecked] unchecked conversion
  required: ArrayList<Future>
  found:    ArrayList
[WARNING] /home/dee/dev/rick-major-review/gephi/modules/LayoutPlugin/src/main/java/org/gephi/layout/plugin/forceAtlas2/ForceAtlas2.java:[197,16] [rawtypes] found raw type: Future
  missing type arguments for generic class Future<V>
  where V is a type-variable:
    V extends Object declared in interface Future
[WARNING] /home/dee/dev/rick-major-review/gephi/modules/LayoutPlugin/src/main/java/org/gephi/layout/plugin/forceAtlas2/ForceAtlas2.java:[203,17] [rawtypes] found raw type: Future
  missing type arguments for generic class Future<V>
  where V is a type-variable:
    V extends Object declared in interface Future
[INFO] 
[INFO] --- nbm-maven-plugin:4.6:manifest (default-manifest) @ layout-plugin ---
[INFO] NBM Plugin generates manifest
[INFO] 
[INFO] --- maven-resources-plugin:3.2.0:testResources (default-testResources) @ layout-plugin ---
[INFO] Using 'UTF-8' encoding to copy filtered resources.
[INFO] Using 'UTF-8' encoding to copy filtered properties files.
[INFO] skip non existing resourceDirectory /home/dee/dev/rick-major-review/gephi/modules/LayoutPlugin/src/test/resources
[INFO] 
[INFO] --- maven-compiler-plugin:3.10.0:testCompile (default-testCompile) @ layout-plugin ---
[INFO] No sources to compile
[INFO] 
[INFO] --- maven-surefire-plugin:2.22.2:test (default-test) @ layout-plugin ---
[INFO] Tests are skipped.
[INFO] 
[INFO] --- maven-jar-plugin:3.2.2:jar (default-jar) @ layout-plugin ---
[INFO] Building jar: /home/dee/dev/rick-major-review/gephi/modules/LayoutPlugin/target/layout-plugin-0.9.6.jar
[INFO] 
[INFO] --- nbm-maven-plugin:4.6:nbm (default-nbm) @ layout-plugin ---
[INFO] Copying module JAR to /home/dee/dev/rick-major-review/gephi/modules/LayoutPlugin/target/nbm/clusters/gephi/modules
[INFO] Generating Auto Update information for org.gephi.layout.plugin
[WARNING] No updater.jar specified, cannot validate Info.xml against DTD
[INFO] Building jar: /home/dee/dev/rick-major-review/gephi/modules/LayoutPlugin/target/nbm/layout-plugin-0.9.6.nbm
[INFO] 
[INFO] --- maven-install-plugin:2.5.2:install (default-install) @ layout-plugin ---
[INFO] Installing /home/dee/dev/rick-major-review/gephi/modules/LayoutPlugin/target/layout-plugin-0.9.6.jar to /home/dee/.m2/repository/org/gephi/layout-plugin/0.9.6/layout-plugin-0.9.6.jar
[INFO] Installing /home/dee/dev/rick-major-review/gephi/modules/LayoutPlugin/pom.xml to /home/dee/.m2/repository/org/gephi/layout-plugin/0.9.6/layout-plugin-0.9.6.pom
[INFO] Installing /home/dee/dev/rick-major-review/gephi/modules/LayoutPlugin/target/layout-plugin-0.9.6.nbm to /home/dee/.m2/repository/org/gephi/layout-plugin/0.9.6/layout-plugin-0.9.6.nbm
[INFO] ------------------------------------------------------------------------
[INFO] BUILD SUCCESS
[INFO] ------------------------------------------------------------------------
[INFO] Total time:  19.965 s
[INFO] Finished at: 2023-06-06T18:40:48+02:00
[INFO] ------------------------------------------------------------------------


---------------------------------------------------
[BASELINE] Not evaluating any oracle
[LOG] Replacing original RICK test with variant baseline
[LOG] Invoking cp /home/dee/dev/rick-major-review/finches/output/ProportionalDisplacement_moveNode_Node_ForceVector/test-baseline.java /home/dee/dev/rick-major-review/rick-tests/src/test/java/org/gephi/layout/plugin/force/TestProportionalDisplacementRickGen.java
[LOG] In test module directory /home/dee/dev/rick-major-review/rick-tests
[LOG] Invoked tests with ['mvn', 'test', '-Dtest=TestProportionalDisplacementRickGen']
[INFO] Scanning for projects...
[INFO] 
[INFO] ------------------------< org.gephi:rick-tests >------------------------
[INFO] Building rick-tests 1.0-SNAPSHOT
[INFO] --------------------------------[ jar ]---------------------------------
[INFO] 
[INFO] --- maven-resources-plugin:2.6:resources (default-resources) @ rick-tests ---
[WARNING] Using platform encoding (UTF-8 actually) to copy filtered resources, i.e. build is platform dependent!
[INFO] Copying 0 resource
[INFO] 
[INFO] --- maven-compiler-plugin:3.1:compile (default-compile) @ rick-tests ---
[INFO] Nothing to compile - all classes are up to date
[INFO] 
[INFO] --- maven-resources-plugin:2.6:testResources (default-testResources) @ rick-tests ---
[WARNING] Using platform encoding (UTF-8 actually) to copy filtered resources, i.e. build is platform dependent!
[INFO] Copying 119 resources
[INFO] 
[INFO] --- maven-compiler-plugin:3.1:testCompile (default-testCompile) @ rick-tests ---
[INFO] Changes detected - recompiling the module!
[WARNING] File encoding has not been set, using platform encoding UTF-8, i.e. build is platform dependent!
[INFO] Compiling 26 source files to /home/dee/dev/rick-major-review/rick-tests/target/test-classes
[WARNING] /home/dee/dev/rick-major-review/rick-tests/src/test/java/org/gephi/importer/impl/TestImportContainerImplRickGenNodeExists.java: Some input files use unchecked or unsafe operations.
[WARNING] /home/dee/dev/rick-major-review/rick-tests/src/test/java/org/gephi/importer/impl/TestImportContainerImplRickGenNodeExists.java: Recompile with -Xlint:unchecked for details.
[INFO] 
[INFO] --- maven-surefire-plugin:2.22.2:test (default-test) @ rick-tests ---
[INFO] 
[INFO] -------------------------------------------------------
[INFO]  T E S T S
[INFO] -------------------------------------------------------
[INFO] Running org.gephi.layout.plugin.force.TestProportionalDisplacementRickGen
[WARNING] Tests run: 2, Failures: 0, Errors: 0, Skipped: 1, Time elapsed: 7.997 s - in org.gephi.layout.plugin.force.TestProportionalDisplacementRickGen
[INFO] 
[INFO] Results:
[INFO] 
[WARNING] Tests run: 2, Failures: 0, Errors: 0, Skipped: 1
[INFO] 
[INFO] ------------------------------------------------------------------------
[INFO] BUILD SUCCESS
[INFO] ------------------------------------------------------------------------
[INFO] Total time:  23.372 s
[INFO] Finished at: 2023-06-06T18:41:15+02:00
[INFO] ------------------------------------------------------------------------

Security framework of XStream not initialized, XStream is probably vulnerable.

---------------------------------------------------
[LOG] Cleaned targets with ['mvn', 'clean']
[INFO] Scanning for projects...
[INFO] 
[INFO] ------------------------< org.gephi:rick-tests >------------------------
[INFO] Building rick-tests 1.0-SNAPSHOT
[INFO] --------------------------------[ jar ]---------------------------------
[INFO] 
[INFO] --- maven-clean-plugin:2.5:clean (default-clean) @ rick-tests ---
[INFO] Deleting /home/dee/dev/rick-major-review/rick-tests/target
[INFO] ------------------------------------------------------------------------
[INFO] BUILD SUCCESS
[INFO] ------------------------------------------------------------------------
[INFO] Total time:  0.835 s
[INFO] Finished at: 2023-06-06T18:41:19+02:00
[INFO] ------------------------------------------------------------------------


---------------------------------------------------
[LOG] In experiment directory /home/dee/dev/rick-major-review/finches
---------------------------------------------------
[LOG] Restoring original RICK test from ./ProportionalDisplacement.java/original-test.java
[LOG] Invoking cp ./ProportionalDisplacement.java/original-test.java /home/dee/dev/rick-major-review/rick-tests/src/test/java/org/gephi/layout/plugin/force/TestProportionalDisplacementRickGen.java
---------------------------------------------------
[PO] Evaluating only PO
[LOG] Replacing original RICK test with variant po
[LOG] Invoking cp /home/dee/dev/rick-major-review/finches/output/ProportionalDisplacement_moveNode_Node_ForceVector/test-po.java /home/dee/dev/rick-major-review/rick-tests/src/test/java/org/gephi/layout/plugin/force/TestProportionalDisplacementRickGen.java
[LOG] In test module directory /home/dee/dev/rick-major-review/rick-tests
[LOG] Invoked tests with ['mvn', 'test', '-Dtest=TestProportionalDisplacementRickGen']
[INFO] Scanning for projects...
[INFO] 
[INFO] ------------------------< org.gephi:rick-tests >------------------------
[INFO] Building rick-tests 1.0-SNAPSHOT
[INFO] --------------------------------[ jar ]---------------------------------
[INFO] 
[INFO] --- maven-resources-plugin:2.6:resources (default-resources) @ rick-tests ---
[WARNING] Using platform encoding (UTF-8 actually) to copy filtered resources, i.e. build is platform dependent!
[INFO] Copying 0 resource
[INFO] 
[INFO] --- maven-compiler-plugin:3.1:compile (default-compile) @ rick-tests ---
[INFO] Nothing to compile - all classes are up to date
[INFO] 
[INFO] --- maven-resources-plugin:2.6:testResources (default-testResources) @ rick-tests ---
[WARNING] Using platform encoding (UTF-8 actually) to copy filtered resources, i.e. build is platform dependent!
[INFO] Copying 119 resources
[INFO] 
[INFO] --- maven-compiler-plugin:3.1:testCompile (default-testCompile) @ rick-tests ---
[INFO] Changes detected - recompiling the module!
[WARNING] File encoding has not been set, using platform encoding UTF-8, i.e. build is platform dependent!
[INFO] Compiling 26 source files to /home/dee/dev/rick-major-review/rick-tests/target/test-classes
[WARNING] /home/dee/dev/rick-major-review/rick-tests/src/test/java/org/gephi/importer/impl/TestImportContainerImplRickGenNodeExists.java: Some input files use unchecked or unsafe operations.
[WARNING] /home/dee/dev/rick-major-review/rick-tests/src/test/java/org/gephi/importer/impl/TestImportContainerImplRickGenNodeExists.java: Recompile with -Xlint:unchecked for details.
[INFO] 
[INFO] --- maven-surefire-plugin:2.22.2:test (default-test) @ rick-tests ---
[INFO] 
[INFO] -------------------------------------------------------
[INFO]  T E S T S
[INFO] -------------------------------------------------------
[INFO] Running org.gephi.layout.plugin.force.TestProportionalDisplacementRickGen
[WARNING] Tests run: 2, Failures: 0, Errors: 0, Skipped: 1, Time elapsed: 7.905 s - in org.gephi.layout.plugin.force.TestProportionalDisplacementRickGen
[INFO] 
[INFO] Results:
[INFO] 
[WARNING] Tests run: 2, Failures: 0, Errors: 0, Skipped: 1
[INFO] 
[INFO] ------------------------------------------------------------------------
[INFO] BUILD SUCCESS
[INFO] ------------------------------------------------------------------------
[INFO] Total time:  22.967 s
[INFO] Finished at: 2023-06-06T18:41:45+02:00
[INFO] ------------------------------------------------------------------------

Security framework of XStream not initialized, XStream is probably vulnerable.

---------------------------------------------------
[LOG] Cleaned targets with ['mvn', 'clean']
[INFO] Scanning for projects...
[INFO] 
[INFO] ------------------------< org.gephi:rick-tests >------------------------
[INFO] Building rick-tests 1.0-SNAPSHOT
[INFO] --------------------------------[ jar ]---------------------------------
[INFO] 
[INFO] --- maven-clean-plugin:2.5:clean (default-clean) @ rick-tests ---
[INFO] Deleting /home/dee/dev/rick-major-review/rick-tests/target
[INFO] ------------------------------------------------------------------------
[INFO] BUILD SUCCESS
[INFO] ------------------------------------------------------------------------
[INFO] Total time:  0.868 s
[INFO] Finished at: 2023-06-06T18:41:50+02:00
[INFO] ------------------------------------------------------------------------


---------------------------------------------------
[LOG] In experiment directory /home/dee/dev/rick-major-review/finches
---------------------------------------------------
[LOG] Restoring original RICK test from ./ProportionalDisplacement.java/original-test.java
[LOG] Invoking cp ./ProportionalDisplacement.java/original-test.java /home/dee/dev/rick-major-review/rick-tests/src/test/java/org/gephi/layout/plugin/force/TestProportionalDisplacementRickGen.java
---------------------------------------------------
[CO] Evaluating only CO
[LOG] Replacing original RICK test with variant co
[LOG] Invoking cp /home/dee/dev/rick-major-review/finches/output/ProportionalDisplacement_moveNode_Node_ForceVector/test-co.java /home/dee/dev/rick-major-review/rick-tests/src/test/java/org/gephi/layout/plugin/force/TestProportionalDisplacementRickGen.java
[LOG] In test module directory /home/dee/dev/rick-major-review/rick-tests
[LOG] Invoked tests with ['mvn', 'test', '-Dtest=TestProportionalDisplacementRickGen']
[INFO] Scanning for projects...
[INFO] 
[INFO] ------------------------< org.gephi:rick-tests >------------------------
[INFO] Building rick-tests 1.0-SNAPSHOT
[INFO] --------------------------------[ jar ]---------------------------------
[INFO] 
[INFO] --- maven-resources-plugin:2.6:resources (default-resources) @ rick-tests ---
[WARNING] Using platform encoding (UTF-8 actually) to copy filtered resources, i.e. build is platform dependent!
[INFO] Copying 0 resource
[INFO] 
[INFO] --- maven-compiler-plugin:3.1:compile (default-compile) @ rick-tests ---
[INFO] Nothing to compile - all classes are up to date
[INFO] 
[INFO] --- maven-resources-plugin:2.6:testResources (default-testResources) @ rick-tests ---
[WARNING] Using platform encoding (UTF-8 actually) to copy filtered resources, i.e. build is platform dependent!
[INFO] Copying 119 resources
[INFO] 
[INFO] --- maven-compiler-plugin:3.1:testCompile (default-testCompile) @ rick-tests ---
[INFO] Changes detected - recompiling the module!
[WARNING] File encoding has not been set, using platform encoding UTF-8, i.e. build is platform dependent!
[INFO] Compiling 26 source files to /home/dee/dev/rick-major-review/rick-tests/target/test-classes
[WARNING] /home/dee/dev/rick-major-review/rick-tests/src/test/java/org/gephi/importer/impl/TestImportContainerImplRickGenNodeExists.java: Some input files use unchecked or unsafe operations.
[WARNING] /home/dee/dev/rick-major-review/rick-tests/src/test/java/org/gephi/importer/impl/TestImportContainerImplRickGenNodeExists.java: Recompile with -Xlint:unchecked for details.
[INFO] 
[INFO] --- maven-surefire-plugin:2.22.2:test (default-test) @ rick-tests ---
[INFO] 
[INFO] -------------------------------------------------------
[INFO]  T E S T S
[INFO] -------------------------------------------------------
[INFO] Running org.gephi.layout.plugin.force.TestProportionalDisplacementRickGen
[WARNING] Tests run: 2, Failures: 0, Errors: 0, Skipped: 1, Time elapsed: 8.328 s - in org.gephi.layout.plugin.force.TestProportionalDisplacementRickGen
[INFO] 
[INFO] Results:
[INFO] 
[WARNING] Tests run: 2, Failures: 0, Errors: 0, Skipped: 1
[INFO] 
[INFO] ------------------------------------------------------------------------
[INFO] BUILD SUCCESS
[INFO] ------------------------------------------------------------------------
[INFO] Total time:  23.396 s
[INFO] Finished at: 2023-06-06T18:42:17+02:00
[INFO] ------------------------------------------------------------------------

Security framework of XStream not initialized, XStream is probably vulnerable.

---------------------------------------------------
[LOG] Cleaned targets with ['mvn', 'clean']
[INFO] Scanning for projects...
[INFO] 
[INFO] ------------------------< org.gephi:rick-tests >------------------------
[INFO] Building rick-tests 1.0-SNAPSHOT
[INFO] --------------------------------[ jar ]---------------------------------
[INFO] 
[INFO] --- maven-clean-plugin:2.5:clean (default-clean) @ rick-tests ---
[INFO] Deleting /home/dee/dev/rick-major-review/rick-tests/target
[INFO] ------------------------------------------------------------------------
[INFO] BUILD SUCCESS
[INFO] ------------------------------------------------------------------------
[INFO] Total time:  0.822 s
[INFO] Finished at: 2023-06-06T18:42:21+02:00
[INFO] ------------------------------------------------------------------------


---------------------------------------------------
[LOG] In experiment directory /home/dee/dev/rick-major-review/finches
---------------------------------------------------
[LOG] Restoring original RICK test from ./ProportionalDisplacement.java/original-test.java
[LOG] Invoking cp ./ProportionalDisplacement.java/original-test.java /home/dee/dev/rick-major-review/rick-tests/src/test/java/org/gephi/layout/plugin/force/TestProportionalDisplacementRickGen.java
---------------------------------------------------
[ALL] Evaluating (OO +) PO + CO
[LOG] Restoring original RICK test from ./ProportionalDisplacement.java/original-test.java
[LOG] Invoking cp ./ProportionalDisplacement.java/original-test.java /home/dee/dev/rick-major-review/rick-tests/src/test/java/org/gephi/layout/plugin/force/TestProportionalDisplacementRickGen.java
[LOG] In test module directory /home/dee/dev/rick-major-review/rick-tests
[LOG] Invoked tests with ['mvn', 'test', '-Dtest=TestProportionalDisplacementRickGen']
[INFO] Scanning for projects...
[INFO] 
[INFO] ------------------------< org.gephi:rick-tests >------------------------
[INFO] Building rick-tests 1.0-SNAPSHOT
[INFO] --------------------------------[ jar ]---------------------------------
[INFO] 
[INFO] --- maven-resources-plugin:2.6:resources (default-resources) @ rick-tests ---
[WARNING] Using platform encoding (UTF-8 actually) to copy filtered resources, i.e. build is platform dependent!
[INFO] Copying 0 resource
[INFO] 
[INFO] --- maven-compiler-plugin:3.1:compile (default-compile) @ rick-tests ---
[INFO] Nothing to compile - all classes are up to date
[INFO] 
[INFO] --- maven-resources-plugin:2.6:testResources (default-testResources) @ rick-tests ---
[WARNING] Using platform encoding (UTF-8 actually) to copy filtered resources, i.e. build is platform dependent!
[INFO] Copying 119 resources
[INFO] 
[INFO] --- maven-compiler-plugin:3.1:testCompile (default-testCompile) @ rick-tests ---
[INFO] Changes detected - recompiling the module!
[WARNING] File encoding has not been set, using platform encoding UTF-8, i.e. build is platform dependent!
[INFO] Compiling 26 source files to /home/dee/dev/rick-major-review/rick-tests/target/test-classes
[WARNING] /home/dee/dev/rick-major-review/rick-tests/src/test/java/org/gephi/importer/impl/TestImportContainerImplRickGenNodeExists.java: Some input files use unchecked or unsafe operations.
[WARNING] /home/dee/dev/rick-major-review/rick-tests/src/test/java/org/gephi/importer/impl/TestImportContainerImplRickGenNodeExists.java: Recompile with -Xlint:unchecked for details.
[INFO] 
[INFO] --- maven-surefire-plugin:2.22.2:test (default-test) @ rick-tests ---
[INFO] 
[INFO] -------------------------------------------------------
[INFO]  T E S T S
[INFO] -------------------------------------------------------
[INFO] Running org.gephi.layout.plugin.force.TestProportionalDisplacementRickGen
[WARNING] Tests run: 2, Failures: 0, Errors: 0, Skipped: 1, Time elapsed: 9.272 s - in org.gephi.layout.plugin.force.TestProportionalDisplacementRickGen
[INFO] 
[INFO] Results:
[INFO] 
[WARNING] Tests run: 2, Failures: 0, Errors: 0, Skipped: 1
[INFO] 
[INFO] ------------------------------------------------------------------------
[INFO] BUILD SUCCESS
[INFO] ------------------------------------------------------------------------
[INFO] Total time:  24.289 s
[INFO] Finished at: 2023-06-06T18:42:49+02:00
[INFO] ------------------------------------------------------------------------

Security framework of XStream not initialized, XStream is probably vulnerable.

---------------------------------------------------
[LOG] Cleaned targets with ['mvn', 'clean']
[INFO] Scanning for projects...
[INFO] 
[INFO] ------------------------< org.gephi:rick-tests >------------------------
[INFO] Building rick-tests 1.0-SNAPSHOT
[INFO] --------------------------------[ jar ]---------------------------------
[INFO] 
[INFO] --- maven-clean-plugin:2.5:clean (default-clean) @ rick-tests ---
[INFO] Deleting /home/dee/dev/rick-major-review/rick-tests/target
[INFO] ------------------------------------------------------------------------
[INFO] BUILD SUCCESS
[INFO] ------------------------------------------------------------------------
[INFO] Total time:  0.866 s
[INFO] Finished at: 2023-06-06T18:42:53+02:00
[INFO] ------------------------------------------------------------------------


---------------------------------------------------
[LOG] In experiment directory /home/dee/dev/rick-major-review/finches
---------------------------------------------------
---------------------------------------------------
[LOG] Resetting ProportionalDisplacement.java to original
[LOG] Invoking cp ./ProportionalDisplacement.java/original.java /home/dee/dev/rick-major-review/gephi/modules/LayoutPlugin/src/main/java/org/gephi/layout/plugin/force/ProportionalDisplacement.java
---------------------------------------------------
[LOG] Replacing originalProportionalDisplacement.java with ./ProportionalDisplacement.java/8.java
[LOG] Invoking cp ./ProportionalDisplacement.java/8.java /home/dee/dev/rick-major-review/gephi/modules/LayoutPlugin/src/main/java/org/gephi/layout/plugin/force/ProportionalDisplacement.java
[LOG] Invoked a clean install of the parent module with ['mvn', 'clean', 'install', '-DskipTests']
[INFO] Scanning for projects...
[INFO] 
[INFO] ----------------------< org.gephi:layout-plugin >-----------------------
[INFO] Building LayoutPlugin 0.9.6
[INFO] --------------------------------[ nbm ]---------------------------------
[INFO] 
[INFO] --- maven-clean-plugin:3.1.0:clean (default-clean) @ layout-plugin ---
[INFO] Deleting /home/dee/dev/rick-major-review/gephi/modules/LayoutPlugin/target
[INFO] 
[INFO] --- build-helper-maven-plugin:3.3.0:parse-version (parse-version) @ layout-plugin ---
[INFO] 
[INFO] --- maven-checkstyle-plugin:3.1.2:check (validate) @ layout-plugin ---
[INFO] 
[INFO] --- maven-resources-plugin:3.2.0:copy-resources (generate-modules-xml) @ layout-plugin ---
[INFO] Using 'UTF-8' encoding to copy filtered resources.
[INFO] Using 'UTF-8' encoding to copy filtered properties files.
[INFO] Copying 1 resource
[INFO] 
[INFO] --- maven-resources-plugin:3.2.0:resources (default-resources) @ layout-plugin ---
[INFO] Using 'UTF-8' encoding to copy filtered resources.
[INFO] Using 'UTF-8' encoding to copy filtered properties files.
[INFO] Copying 178 resources
[INFO] 
[INFO] --- maven-compiler-plugin:3.10.0:compile (default-compile) @ layout-plugin ---
[INFO] Changes detected - recompiling the module!
[INFO] Compiling 54 source files to /home/dee/dev/rick-major-review/gephi/modules/LayoutPlugin/target/classes
[WARNING] No processor claimed any of these annotations: java.base/java.lang.Override
[WARNING] /home/dee/dev/rick-major-review/gephi/modules/LayoutPlugin/src/main/java/org/gephi/layout/plugin/openord/DensityGrid.java:[68,19] [rawtypes] found raw type: ArrayDeque
  missing type arguments for generic class ArrayDeque<E>
  where E is a type-variable:
    E extends Object declared in class ArrayDeque
[WARNING] /home/dee/dev/rick-major-review/gephi/modules/LayoutPlugin/src/main/java/org/gephi/layout/plugin/openord/DensityGrid.java:[68,15] [unchecked] unchecked conversion
  required: ArrayDeque<Node>[][]
  found:    ArrayDeque[][]
[WARNING] /home/dee/dev/rick-major-review/gephi/modules/LayoutPlugin/src/main/java/org/gephi/layout/plugin/force/quadtree/QuadTree.java:[435,23] [rawtypes] found raw type: Entry
  missing type arguments for generic class Entry<K,V>
  where K,V are type-variables:
    K extends Object declared in interface Entry
    V extends Object declared in interface Entry
[WARNING] /home/dee/dev/rick-major-review/gephi/modules/LayoutPlugin/src/main/java/org/gephi/layout/plugin/AutoLayout.java:[158,48] [unchecked] unchecked call to setValue(T) as a member of the raw type Property
  where T is a type-variable:
    T extends Object declared in class Property
[WARNING] /home/dee/dev/rick-major-review/gephi/modules/LayoutPlugin/src/main/java/org/gephi/layout/plugin/AutoLayout.java:[241,8] [rawtypes] found raw type: Property
  missing type arguments for generic class Property<T>
  where T is a type-variable:
    T extends Object declared in class Property
[WARNING] /home/dee/dev/rick-major-review/gephi/modules/LayoutPlugin/src/main/java/org/gephi/layout/plugin/AutoLayout.java:[249,18] [rawtypes] found raw type: Property
  missing type arguments for generic class Property<T>
  where T is a type-variable:
    T extends Object declared in class Property
[WARNING] /home/dee/dev/rick-major-review/gephi/modules/LayoutPlugin/src/main/java/org/gephi/layout/plugin/AutoLayout.java:[256,15] [rawtypes] found raw type: Property
  missing type arguments for generic class Property<T>
  where T is a type-variable:
    T extends Object declared in class Property
[WARNING] /home/dee/dev/rick-major-review/gephi/modules/LayoutPlugin/src/main/java/org/gephi/layout/plugin/AutoLayout.java:[260,25] [rawtypes] found raw type: Property
  missing type arguments for generic class Property<T>
  where T is a type-variable:
    T extends Object declared in class Property
[WARNING] /home/dee/dev/rick-major-review/gephi/modules/LayoutPlugin/src/main/java/org/gephi/layout/plugin/forceAtlas2/ForceAtlas2.java:[193,22] [rawtypes] found raw type: Future
  missing type arguments for generic class Future<V>
  where V is a type-variable:
    V extends Object declared in interface Future
[WARNING] /home/dee/dev/rick-major-review/gephi/modules/LayoutPlugin/src/main/java/org/gephi/layout/plugin/forceAtlas2/ForceAtlas2.java:[193,44] [rawtypes] found raw type: ArrayList
  missing type arguments for generic class ArrayList<E>
  where E is a type-variable:
    E extends Object declared in class ArrayList
[WARNING] /home/dee/dev/rick-major-review/gephi/modules/LayoutPlugin/src/main/java/org/gephi/layout/plugin/forceAtlas2/ForceAtlas2.java:[193,40] [unchecked] unchecked conversion
  required: ArrayList<Future>
  found:    ArrayList
[WARNING] /home/dee/dev/rick-major-review/gephi/modules/LayoutPlugin/src/main/java/org/gephi/layout/plugin/forceAtlas2/ForceAtlas2.java:[197,16] [rawtypes] found raw type: Future
  missing type arguments for generic class Future<V>
  where V is a type-variable:
    V extends Object declared in interface Future
[WARNING] /home/dee/dev/rick-major-review/gephi/modules/LayoutPlugin/src/main/java/org/gephi/layout/plugin/forceAtlas2/ForceAtlas2.java:[203,17] [rawtypes] found raw type: Future
  missing type arguments for generic class Future<V>
  where V is a type-variable:
    V extends Object declared in interface Future
[INFO] 
[INFO] --- nbm-maven-plugin:4.6:manifest (default-manifest) @ layout-plugin ---
[INFO] NBM Plugin generates manifest
[INFO] 
[INFO] --- maven-resources-plugin:3.2.0:testResources (default-testResources) @ layout-plugin ---
[INFO] Using 'UTF-8' encoding to copy filtered resources.
[INFO] Using 'UTF-8' encoding to copy filtered properties files.
[INFO] skip non existing resourceDirectory /home/dee/dev/rick-major-review/gephi/modules/LayoutPlugin/src/test/resources
[INFO] 
[INFO] --- maven-compiler-plugin:3.10.0:testCompile (default-testCompile) @ layout-plugin ---
[INFO] No sources to compile
[INFO] 
[INFO] --- maven-surefire-plugin:2.22.2:test (default-test) @ layout-plugin ---
[INFO] Tests are skipped.
[INFO] 
[INFO] --- maven-jar-plugin:3.2.2:jar (default-jar) @ layout-plugin ---
[INFO] Building jar: /home/dee/dev/rick-major-review/gephi/modules/LayoutPlugin/target/layout-plugin-0.9.6.jar
[INFO] 
[INFO] --- nbm-maven-plugin:4.6:nbm (default-nbm) @ layout-plugin ---
[INFO] Copying module JAR to /home/dee/dev/rick-major-review/gephi/modules/LayoutPlugin/target/nbm/clusters/gephi/modules
[INFO] Generating Auto Update information for org.gephi.layout.plugin
[WARNING] No updater.jar specified, cannot validate Info.xml against DTD
[INFO] Building jar: /home/dee/dev/rick-major-review/gephi/modules/LayoutPlugin/target/nbm/layout-plugin-0.9.6.nbm
[INFO] 
[INFO] --- maven-install-plugin:2.5.2:install (default-install) @ layout-plugin ---
[INFO] Installing /home/dee/dev/rick-major-review/gephi/modules/LayoutPlugin/target/layout-plugin-0.9.6.jar to /home/dee/.m2/repository/org/gephi/layout-plugin/0.9.6/layout-plugin-0.9.6.jar
[INFO] Installing /home/dee/dev/rick-major-review/gephi/modules/LayoutPlugin/pom.xml to /home/dee/.m2/repository/org/gephi/layout-plugin/0.9.6/layout-plugin-0.9.6.pom
[INFO] Installing /home/dee/dev/rick-major-review/gephi/modules/LayoutPlugin/target/layout-plugin-0.9.6.nbm to /home/dee/.m2/repository/org/gephi/layout-plugin/0.9.6/layout-plugin-0.9.6.nbm
[INFO] ------------------------------------------------------------------------
[INFO] BUILD SUCCESS
[INFO] ------------------------------------------------------------------------
[INFO] Total time:  20.178 s
[INFO] Finished at: 2023-06-06T18:43:17+02:00
[INFO] ------------------------------------------------------------------------


---------------------------------------------------
[BASELINE] Not evaluating any oracle
[LOG] Replacing original RICK test with variant baseline
[LOG] Invoking cp /home/dee/dev/rick-major-review/finches/output/ProportionalDisplacement_moveNode_Node_ForceVector/test-baseline.java /home/dee/dev/rick-major-review/rick-tests/src/test/java/org/gephi/layout/plugin/force/TestProportionalDisplacementRickGen.java
[LOG] In test module directory /home/dee/dev/rick-major-review/rick-tests
[LOG] Invoked tests with ['mvn', 'test', '-Dtest=TestProportionalDisplacementRickGen']
[INFO] Scanning for projects...
[INFO] 
[INFO] ------------------------< org.gephi:rick-tests >------------------------
[INFO] Building rick-tests 1.0-SNAPSHOT
[INFO] --------------------------------[ jar ]---------------------------------
[INFO] 
[INFO] --- maven-resources-plugin:2.6:resources (default-resources) @ rick-tests ---
[WARNING] Using platform encoding (UTF-8 actually) to copy filtered resources, i.e. build is platform dependent!
[INFO] Copying 0 resource
[INFO] 
[INFO] --- maven-compiler-plugin:3.1:compile (default-compile) @ rick-tests ---
[INFO] Nothing to compile - all classes are up to date
[INFO] 
[INFO] --- maven-resources-plugin:2.6:testResources (default-testResources) @ rick-tests ---
[WARNING] Using platform encoding (UTF-8 actually) to copy filtered resources, i.e. build is platform dependent!
[INFO] Copying 119 resources
[INFO] 
[INFO] --- maven-compiler-plugin:3.1:testCompile (default-testCompile) @ rick-tests ---
[INFO] Changes detected - recompiling the module!
[WARNING] File encoding has not been set, using platform encoding UTF-8, i.e. build is platform dependent!
[INFO] Compiling 26 source files to /home/dee/dev/rick-major-review/rick-tests/target/test-classes
[WARNING] /home/dee/dev/rick-major-review/rick-tests/src/test/java/org/gephi/importer/impl/TestImportContainerImplRickGenNodeExists.java: Some input files use unchecked or unsafe operations.
[WARNING] /home/dee/dev/rick-major-review/rick-tests/src/test/java/org/gephi/importer/impl/TestImportContainerImplRickGenNodeExists.java: Recompile with -Xlint:unchecked for details.
[INFO] 
[INFO] --- maven-surefire-plugin:2.22.2:test (default-test) @ rick-tests ---
[INFO] 
[INFO] -------------------------------------------------------
[INFO]  T E S T S
[INFO] -------------------------------------------------------
[INFO] Running org.gephi.layout.plugin.force.TestProportionalDisplacementRickGen
[WARNING] Tests run: 2, Failures: 0, Errors: 0, Skipped: 1, Time elapsed: 8.05 s - in org.gephi.layout.plugin.force.TestProportionalDisplacementRickGen
[INFO] 
[INFO] Results:
[INFO] 
[WARNING] Tests run: 2, Failures: 0, Errors: 0, Skipped: 1
[INFO] 
[INFO] ------------------------------------------------------------------------
[INFO] BUILD SUCCESS
[INFO] ------------------------------------------------------------------------
[INFO] Total time:  22.996 s
[INFO] Finished at: 2023-06-06T18:43:44+02:00
[INFO] ------------------------------------------------------------------------

Security framework of XStream not initialized, XStream is probably vulnerable.

---------------------------------------------------
[LOG] Cleaned targets with ['mvn', 'clean']
[INFO] Scanning for projects...
[INFO] 
[INFO] ------------------------< org.gephi:rick-tests >------------------------
[INFO] Building rick-tests 1.0-SNAPSHOT
[INFO] --------------------------------[ jar ]---------------------------------
[INFO] 
[INFO] --- maven-clean-plugin:2.5:clean (default-clean) @ rick-tests ---
[INFO] Deleting /home/dee/dev/rick-major-review/rick-tests/target
[INFO] ------------------------------------------------------------------------
[INFO] BUILD SUCCESS
[INFO] ------------------------------------------------------------------------
[INFO] Total time:  0.830 s
[INFO] Finished at: 2023-06-06T18:43:48+02:00
[INFO] ------------------------------------------------------------------------


---------------------------------------------------
[LOG] In experiment directory /home/dee/dev/rick-major-review/finches
---------------------------------------------------
[LOG] Restoring original RICK test from ./ProportionalDisplacement.java/original-test.java
[LOG] Invoking cp ./ProportionalDisplacement.java/original-test.java /home/dee/dev/rick-major-review/rick-tests/src/test/java/org/gephi/layout/plugin/force/TestProportionalDisplacementRickGen.java
---------------------------------------------------
[PO] Evaluating only PO
[LOG] Replacing original RICK test with variant po
[LOG] Invoking cp /home/dee/dev/rick-major-review/finches/output/ProportionalDisplacement_moveNode_Node_ForceVector/test-po.java /home/dee/dev/rick-major-review/rick-tests/src/test/java/org/gephi/layout/plugin/force/TestProportionalDisplacementRickGen.java
[LOG] In test module directory /home/dee/dev/rick-major-review/rick-tests
[LOG] Invoked tests with ['mvn', 'test', '-Dtest=TestProportionalDisplacementRickGen']
[INFO] Scanning for projects...
[INFO] 
[INFO] ------------------------< org.gephi:rick-tests >------------------------
[INFO] Building rick-tests 1.0-SNAPSHOT
[INFO] --------------------------------[ jar ]---------------------------------
[INFO] 
[INFO] --- maven-resources-plugin:2.6:resources (default-resources) @ rick-tests ---
[WARNING] Using platform encoding (UTF-8 actually) to copy filtered resources, i.e. build is platform dependent!
[INFO] Copying 0 resource
[INFO] 
[INFO] --- maven-compiler-plugin:3.1:compile (default-compile) @ rick-tests ---
[INFO] Nothing to compile - all classes are up to date
[INFO] 
[INFO] --- maven-resources-plugin:2.6:testResources (default-testResources) @ rick-tests ---
[WARNING] Using platform encoding (UTF-8 actually) to copy filtered resources, i.e. build is platform dependent!
[INFO] Copying 119 resources
[INFO] 
[INFO] --- maven-compiler-plugin:3.1:testCompile (default-testCompile) @ rick-tests ---
[INFO] Changes detected - recompiling the module!
[WARNING] File encoding has not been set, using platform encoding UTF-8, i.e. build is platform dependent!
[INFO] Compiling 26 source files to /home/dee/dev/rick-major-review/rick-tests/target/test-classes
[WARNING] /home/dee/dev/rick-major-review/rick-tests/src/test/java/org/gephi/importer/impl/TestImportContainerImplRickGenNodeExists.java: Some input files use unchecked or unsafe operations.
[WARNING] /home/dee/dev/rick-major-review/rick-tests/src/test/java/org/gephi/importer/impl/TestImportContainerImplRickGenNodeExists.java: Recompile with -Xlint:unchecked for details.
[INFO] 
[INFO] --- maven-surefire-plugin:2.22.2:test (default-test) @ rick-tests ---
[INFO] 
[INFO] -------------------------------------------------------
[INFO]  T E S T S
[INFO] -------------------------------------------------------
[INFO] Running org.gephi.layout.plugin.force.TestProportionalDisplacementRickGen
[WARNING] Tests run: 2, Failures: 0, Errors: 0, Skipped: 1, Time elapsed: 7.883 s - in org.gephi.layout.plugin.force.TestProportionalDisplacementRickGen
[INFO] 
[INFO] Results:
[INFO] 
[WARNING] Tests run: 2, Failures: 0, Errors: 0, Skipped: 1
[INFO] 
[INFO] ------------------------------------------------------------------------
[INFO] BUILD SUCCESS
[INFO] ------------------------------------------------------------------------
[INFO] Total time:  22.967 s
[INFO] Finished at: 2023-06-06T18:44:14+02:00
[INFO] ------------------------------------------------------------------------

Security framework of XStream not initialized, XStream is probably vulnerable.

---------------------------------------------------
[LOG] Cleaned targets with ['mvn', 'clean']
[INFO] Scanning for projects...
[INFO] 
[INFO] ------------------------< org.gephi:rick-tests >------------------------
[INFO] Building rick-tests 1.0-SNAPSHOT
[INFO] --------------------------------[ jar ]---------------------------------
[INFO] 
[INFO] --- maven-clean-plugin:2.5:clean (default-clean) @ rick-tests ---
[INFO] Deleting /home/dee/dev/rick-major-review/rick-tests/target
[INFO] ------------------------------------------------------------------------
[INFO] BUILD SUCCESS
[INFO] ------------------------------------------------------------------------
[INFO] Total time:  0.840 s
[INFO] Finished at: 2023-06-06T18:44:19+02:00
[INFO] ------------------------------------------------------------------------


---------------------------------------------------
[LOG] In experiment directory /home/dee/dev/rick-major-review/finches
---------------------------------------------------
[LOG] Restoring original RICK test from ./ProportionalDisplacement.java/original-test.java
[LOG] Invoking cp ./ProportionalDisplacement.java/original-test.java /home/dee/dev/rick-major-review/rick-tests/src/test/java/org/gephi/layout/plugin/force/TestProportionalDisplacementRickGen.java
---------------------------------------------------
[CO] Evaluating only CO
[LOG] Replacing original RICK test with variant co
[LOG] Invoking cp /home/dee/dev/rick-major-review/finches/output/ProportionalDisplacement_moveNode_Node_ForceVector/test-co.java /home/dee/dev/rick-major-review/rick-tests/src/test/java/org/gephi/layout/plugin/force/TestProportionalDisplacementRickGen.java
[LOG] In test module directory /home/dee/dev/rick-major-review/rick-tests
[LOG] Invoked tests with ['mvn', 'test', '-Dtest=TestProportionalDisplacementRickGen']
[INFO] Scanning for projects...
[INFO] 
[INFO] ------------------------< org.gephi:rick-tests >------------------------
[INFO] Building rick-tests 1.0-SNAPSHOT
[INFO] --------------------------------[ jar ]---------------------------------
[INFO] 
[INFO] --- maven-resources-plugin:2.6:resources (default-resources) @ rick-tests ---
[WARNING] Using platform encoding (UTF-8 actually) to copy filtered resources, i.e. build is platform dependent!
[INFO] Copying 0 resource
[INFO] 
[INFO] --- maven-compiler-plugin:3.1:compile (default-compile) @ rick-tests ---
[INFO] Nothing to compile - all classes are up to date
[INFO] 
[INFO] --- maven-resources-plugin:2.6:testResources (default-testResources) @ rick-tests ---
[WARNING] Using platform encoding (UTF-8 actually) to copy filtered resources, i.e. build is platform dependent!
[INFO] Copying 119 resources
[INFO] 
[INFO] --- maven-compiler-plugin:3.1:testCompile (default-testCompile) @ rick-tests ---
[INFO] Changes detected - recompiling the module!
[WARNING] File encoding has not been set, using platform encoding UTF-8, i.e. build is platform dependent!
[INFO] Compiling 26 source files to /home/dee/dev/rick-major-review/rick-tests/target/test-classes
[WARNING] /home/dee/dev/rick-major-review/rick-tests/src/test/java/org/gephi/importer/impl/TestImportContainerImplRickGenNodeExists.java: Some input files use unchecked or unsafe operations.
[WARNING] /home/dee/dev/rick-major-review/rick-tests/src/test/java/org/gephi/importer/impl/TestImportContainerImplRickGenNodeExists.java: Recompile with -Xlint:unchecked for details.
[INFO] 
[INFO] --- maven-surefire-plugin:2.22.2:test (default-test) @ rick-tests ---
[INFO] 
[INFO] -------------------------------------------------------
[INFO]  T E S T S
[INFO] -------------------------------------------------------
[INFO] Running org.gephi.layout.plugin.force.TestProportionalDisplacementRickGen
[WARNING] Tests run: 2, Failures: 0, Errors: 0, Skipped: 1, Time elapsed: 8.39 s - in org.gephi.layout.plugin.force.TestProportionalDisplacementRickGen
[INFO] 
[INFO] Results:
[INFO] 
[WARNING] Tests run: 2, Failures: 0, Errors: 0, Skipped: 1
[INFO] 
[INFO] ------------------------------------------------------------------------
[INFO] BUILD SUCCESS
[INFO] ------------------------------------------------------------------------
[INFO] Total time:  24.240 s
[INFO] Finished at: 2023-06-06T18:44:46+02:00
[INFO] ------------------------------------------------------------------------

Security framework of XStream not initialized, XStream is probably vulnerable.

---------------------------------------------------
[LOG] Cleaned targets with ['mvn', 'clean']
[INFO] Scanning for projects...
[INFO] 
[INFO] ------------------------< org.gephi:rick-tests >------------------------
[INFO] Building rick-tests 1.0-SNAPSHOT
[INFO] --------------------------------[ jar ]---------------------------------
[INFO] 
[INFO] --- maven-clean-plugin:2.5:clean (default-clean) @ rick-tests ---
[INFO] Deleting /home/dee/dev/rick-major-review/rick-tests/target
[INFO] ------------------------------------------------------------------------
[INFO] BUILD SUCCESS
[INFO] ------------------------------------------------------------------------
[INFO] Total time:  0.900 s
[INFO] Finished at: 2023-06-06T18:44:51+02:00
[INFO] ------------------------------------------------------------------------


---------------------------------------------------
[LOG] In experiment directory /home/dee/dev/rick-major-review/finches
---------------------------------------------------
[LOG] Restoring original RICK test from ./ProportionalDisplacement.java/original-test.java
[LOG] Invoking cp ./ProportionalDisplacement.java/original-test.java /home/dee/dev/rick-major-review/rick-tests/src/test/java/org/gephi/layout/plugin/force/TestProportionalDisplacementRickGen.java
---------------------------------------------------
[ALL] Evaluating (OO +) PO + CO
[LOG] Restoring original RICK test from ./ProportionalDisplacement.java/original-test.java
[LOG] Invoking cp ./ProportionalDisplacement.java/original-test.java /home/dee/dev/rick-major-review/rick-tests/src/test/java/org/gephi/layout/plugin/force/TestProportionalDisplacementRickGen.java
[LOG] In test module directory /home/dee/dev/rick-major-review/rick-tests
[LOG] Invoked tests with ['mvn', 'test', '-Dtest=TestProportionalDisplacementRickGen']
[INFO] Scanning for projects...
[INFO] 
[INFO] ------------------------< org.gephi:rick-tests >------------------------
[INFO] Building rick-tests 1.0-SNAPSHOT
[INFO] --------------------------------[ jar ]---------------------------------
[INFO] 
[INFO] --- maven-resources-plugin:2.6:resources (default-resources) @ rick-tests ---
[WARNING] Using platform encoding (UTF-8 actually) to copy filtered resources, i.e. build is platform dependent!
[INFO] Copying 0 resource
[INFO] 
[INFO] --- maven-compiler-plugin:3.1:compile (default-compile) @ rick-tests ---
[INFO] Nothing to compile - all classes are up to date
[INFO] 
[INFO] --- maven-resources-plugin:2.6:testResources (default-testResources) @ rick-tests ---
[WARNING] Using platform encoding (UTF-8 actually) to copy filtered resources, i.e. build is platform dependent!
[INFO] Copying 119 resources
[INFO] 
[INFO] --- maven-compiler-plugin:3.1:testCompile (default-testCompile) @ rick-tests ---
[INFO] Changes detected - recompiling the module!
[WARNING] File encoding has not been set, using platform encoding UTF-8, i.e. build is platform dependent!
[INFO] Compiling 26 source files to /home/dee/dev/rick-major-review/rick-tests/target/test-classes
[WARNING] /home/dee/dev/rick-major-review/rick-tests/src/test/java/org/gephi/importer/impl/TestImportContainerImplRickGenNodeExists.java: Some input files use unchecked or unsafe operations.
[WARNING] /home/dee/dev/rick-major-review/rick-tests/src/test/java/org/gephi/importer/impl/TestImportContainerImplRickGenNodeExists.java: Recompile with -Xlint:unchecked for details.
[INFO] 
[INFO] --- maven-surefire-plugin:2.22.2:test (default-test) @ rick-tests ---
[INFO] 
[INFO] -------------------------------------------------------
[INFO]  T E S T S
[INFO] -------------------------------------------------------
[INFO] Running org.gephi.layout.plugin.force.TestProportionalDisplacementRickGen
[WARNING] Tests run: 2, Failures: 0, Errors: 0, Skipped: 1, Time elapsed: 8.786 s - in org.gephi.layout.plugin.force.TestProportionalDisplacementRickGen
[INFO] 
[INFO] Results:
[INFO] 
[WARNING] Tests run: 2, Failures: 0, Errors: 0, Skipped: 1
[INFO] 
[INFO] ------------------------------------------------------------------------
[INFO] BUILD SUCCESS
[INFO] ------------------------------------------------------------------------
[INFO] Total time:  24.069 s
[INFO] Finished at: 2023-06-06T18:45:18+02:00
[INFO] ------------------------------------------------------------------------

Security framework of XStream not initialized, XStream is probably vulnerable.

---------------------------------------------------
[LOG] Cleaned targets with ['mvn', 'clean']
[INFO] Scanning for projects...
[INFO] 
[INFO] ------------------------< org.gephi:rick-tests >------------------------
[INFO] Building rick-tests 1.0-SNAPSHOT
[INFO] --------------------------------[ jar ]---------------------------------
[INFO] 
[INFO] --- maven-clean-plugin:2.5:clean (default-clean) @ rick-tests ---
[INFO] Deleting /home/dee/dev/rick-major-review/rick-tests/target
[INFO] ------------------------------------------------------------------------
[INFO] BUILD SUCCESS
[INFO] ------------------------------------------------------------------------
[INFO] Total time:  0.849 s
[INFO] Finished at: 2023-06-06T18:45:22+02:00
[INFO] ------------------------------------------------------------------------


---------------------------------------------------
[LOG] In experiment directory /home/dee/dev/rick-major-review/finches
---------------------------------------------------
---------------------------------------------------
[LOG] Resetting ProportionalDisplacement.java to original
[LOG] Invoking cp ./ProportionalDisplacement.java/original.java /home/dee/dev/rick-major-review/gephi/modules/LayoutPlugin/src/main/java/org/gephi/layout/plugin/force/ProportionalDisplacement.java
---------------------------------------------------
[LOG] Copying littledarwin mutants to /home/dee/dev/rick-major-review/finches/output/ProportionalDisplacement_moveNode_Node_ForceVector/
[LOG] Invoked copying with ['cp', '-r', '/home/dee/dev/rick-major-review/finches/ProportionalDisplacement.java', '/home/dee/dev/rick-major-review/finches/output/ProportionalDisplacement_moveNode_Node_ForceVector/']


---------------------------------------------------
[LOG] Finishing analysis at 2023-06-06 18:45:23.042212
====== END OF THE LINE ======
