[LOG] Initiating analysis at 2023-06-11 12:31:15.312098
---------------------------------------------------
[LOG] Removing pre-existing mutants from current working directory
[LOG] Cleaning up LittleDarwin results
---------------------------------------------------
[LOG] Working with FinishInstruction_getTurnDescription_Translation
[LOG] Generating mutants for its parent FinishInstruction.java
---------------------------------------------------
[LOG] Running littledarwin on /home/dee/dev/rick-major-review/graphhopper/web-api/src/main/java/com/graphhopper/util/
[LOG] Invoked LitteDarwin with ['python3', '-m', 'littledarwin', '-m', '-v', '-p', '/home/dee/dev/rick-major-review/graphhopper/web-api/src/main/java/com/graphhopper/util/', '--all']

    __     _  __   __   __       ____                          _
   / /    (_)/ /_ / /_ / /___   / __ \ ____ _ _____ _      __ (_)____
  / /    / // __// __// // _ \ / / / // __ `// ___/| | /| / // // __ \
 / /___ / // /_ / /_ / //  __// /_/ // /_/ // /    | |/ |/ // // / / /
/_____//_/ \__/ \__//_/ \___//_____/ \__,_//_/     |__/|__//_//_/ /_/

      _                     _                 ___
     /_|  /|/|  _/__/'     /_|   _ /   _ ' _ (_  _ _ _  _      _ /
    (  | /   |(//(///()/) (  |/)(/((/_) /_)  /  / (///)(-((/()/ /(
                                  /


    LittleDarwin version 0.10.7 Copyright (C) 2014-2020 Ali Parsai

    LittleDarwin comes with ABSOLUTELY NO WARRANTY.
    This is free software, and you are welcome to redistribute it
    under certain conditions; run LittleDarwin --license for details.

    
Source Path:  /home/dee/dev/rick-major-review/graphhopper/web-api/src/main/java/com/graphhopper/util
Target Path:  /home/dee/anaconda3/lib/python3.8/site-packages/littledarwin/LittleDarwinResults
Creating Mutation Database:  /home/dee/anaconda3/lib/python3.8/site-packages/littledarwin/LittleDarwinResults/mutationdatabase

(1/27) Source file:  /home/dee/dev/rick-major-review/graphhopper/web-api/src/main/java/com/graphhopper/util/Parameters.java
ANTLR runtime and generated code versions disagree: 4.13.0!=4.10.1
ANTLR runtime and generated code versions disagree: 4.13.0!=4.10.1
--> Mutations found:  3
----> ArithmeticOperatorReplacementBinary : 3

(2/27) Source file:  /home/dee/dev/rick-major-review/graphhopper/web-api/src/main/java/com/graphhopper/util/ViaInstruction.java
ANTLR runtime and generated code versions disagree: 4.13.0!=4.10.1
ANTLR runtime and generated code versions disagree: 4.13.0!=4.10.1
--> Mutations found:  13
----> NullifyInputVariable : 1
----> ArithmeticOperatorReplacementUnary : 1
----> NullifyReturnValue : 2
----> NullifyObjectInitialization : 1
----> RemoveMethod : 7
----> RelationalOperatorReplacement : 1

(3/27) Source file:  /home/dee/dev/rick-major-review/graphhopper/web-api/src/main/java/com/graphhopper/util/PointList.java
ANTLR runtime and generated code versions disagree: 4.13.0!=4.10.1
ANTLR runtime and generated code versions disagree: 4.13.0!=4.10.1
--> Mutations found:  231
----> ArithmeticOperatorReplacementBinary : 28
----> ConditionalOperatorDeletion : 8
----> NullifyInputVariable : 8
----> NullifyReturnValue : 13
----> NullifyObjectInitialization : 45
----> RemoveNullCheck : 2
----> ConditionalOperatorReplacement : 4
----> RemoveMethod : 81
----> RelationalOperatorReplacement : 32
----> ArithmeticOperatorReplacementShortcut : 10

(4/27) Source file:  /home/dee/dev/rick-major-review/graphhopper/web-api/src/main/java/com/graphhopper/util/Helper.java
ANTLR runtime and generated code versions disagree: 4.13.0!=4.10.1
ANTLR runtime and generated code versions disagree: 4.13.0!=4.10.1
--> Mutations found:  258
----> ArithmeticOperatorReplacementBinary : 46
----> ConditionalOperatorDeletion : 2
----> NullifyInputVariable : 22
----> ArithmeticOperatorReplacementUnary : 5
----> NullifyReturnValue : 31
----> AssignmentOperatorReplacementShortcut : 1
----> NullifyObjectInitialization : 21
----> LogicalOperatorReplacement : 1
----> RemoveNullCheck : 4
----> ConditionalOperatorReplacement : 3
----> ShiftOperatorReplacement : 3
----> RemoveMethod : 78
----> RelationalOperatorReplacement : 32
----> ArithmeticOperatorReplacementShortcut : 9

(5/27) Source file:  /home/dee/dev/rick-major-review/graphhopper/web-api/src/main/java/com/graphhopper/util/Translation.java
ANTLR runtime and generated code versions disagree: 4.13.0!=4.10.1
ANTLR runtime and generated code versions disagree: 4.13.0!=4.10.1
--> Mutations found:  0

(6/27) Source file:  /home/dee/dev/rick-major-review/graphhopper/web-api/src/main/java/com/graphhopper/util/NumHelper.java
ANTLR runtime and generated code versions disagree: 4.13.0!=4.10.1
ANTLR runtime and generated code versions disagree: 4.13.0!=4.10.1
--> Mutations found:  11
----> ArithmeticOperatorReplacementBinary : 1
----> RemoveMethod : 8
----> RelationalOperatorReplacement : 2

(7/27) Source file:  /home/dee/dev/rick-major-review/graphhopper/web-api/src/main/java/com/graphhopper/util/JsonFeature.java
ANTLR runtime and generated code versions disagree: 4.13.0!=4.10.1
ANTLR runtime and generated code versions disagree: 4.13.0!=4.10.1
--> Mutations found:  26
----> NullifyInputVariable : 5
----> NullifyReturnValue : 7
----> RemoveMethod : 14

(8/27) Source file:  /home/dee/dev/rick-major-review/graphhopper/web-api/src/main/java/com/graphhopper/util/PointAccess.java
ANTLR runtime and generated code versions disagree: 4.13.0!=4.10.1
ANTLR runtime and generated code versions disagree: 4.13.0!=4.10.1
--> Mutations found:  1
----> RemoveMethod : 1

(9/27) Source file:  /home/dee/dev/rick-major-review/graphhopper/web-api/src/main/java/com/graphhopper/util/JsonFeatureCollection.java
ANTLR runtime and generated code versions disagree: 4.13.0!=4.10.1
ANTLR runtime and generated code versions disagree: 4.13.0!=4.10.1
--> Mutations found:  6
----> NullifyReturnValue : 2
----> NullifyObjectInitialization : 1
----> RemoveMethod : 3

(10/27) Source file:  /home/dee/dev/rick-major-review/graphhopper/web-api/src/main/java/com/graphhopper/util/Instruction.java
ANTLR runtime and generated code versions disagree: 4.13.0!=4.10.1
ANTLR runtime and generated code versions disagree: 4.13.0!=4.10.1
--> Mutations found:  52
----> NullifyInputVariable : 5
----> ArithmeticOperatorReplacementUnary : 8
----> NullifyReturnValue : 8
----> NullifyObjectInitialization : 2
----> RemoveNullCheck : 1
----> RemoveMethod : 23
----> RelationalOperatorReplacement : 5

(11/27) Source file:  /home/dee/dev/rick-major-review/graphhopper/web-api/src/main/java/com/graphhopper/util/PMap.java
ANTLR runtime and generated code versions disagree: 4.13.0!=4.10.1
ANTLR runtime and generated code versions disagree: 4.13.0!=4.10.1
--> Mutations found:  69
----> ArithmeticOperatorReplacementBinary : 2
----> NullifyInputVariable : 17
----> NullifyReturnValue : 9
----> NullifyObjectInitialization : 8
----> RemoveNullCheck : 3
----> RemoveMethod : 25
----> RelationalOperatorReplacement : 5

(12/27) Source file:  /home/dee/dev/rick-major-review/graphhopper/web-api/src/main/java/com/graphhopper/util/InstructionList.java
ANTLR runtime and generated code versions disagree: 4.13.0!=4.10.1
ANTLR runtime and generated code versions disagree: 4.13.0!=4.10.1
--> Mutations found:  14
----> NullifyInputVariable : 2
----> NullifyReturnValue : 4
----> NullifyObjectInitialization : 1
----> RemoveMethod : 7

(13/27) Source file:  /home/dee/dev/rick-major-review/graphhopper/web-api/src/main/java/com/graphhopper/util/FinishInstruction.java
ANTLR runtime and generated code versions disagree: 4.13.0!=4.10.1
ANTLR runtime and generated code versions disagree: 4.13.0!=4.10.1
--> Mutations found:  9
----> ConditionalOperatorDeletion : 2
----> NullifyInputVariable : 1
----> NullifyReturnValue : 2
----> RemoveMethod : 4

(14/27) Source file:  /home/dee/dev/rick-major-review/graphhopper/web-api/src/main/java/com/graphhopper/util/ShallowImmutablePointList.java
ANTLR runtime and generated code versions disagree: 4.13.0!=4.10.1
ANTLR runtime and generated code versions disagree: 4.13.0!=4.10.1
--> Mutations found:  70
----> ArithmeticOperatorReplacementBinary : 11
----> NullifyInputVariable : 2
----> NullifyReturnValue : 2
----> NullifyObjectInitialization : 15
----> ConditionalOperatorReplacement : 1
----> RemoveMethod : 32
----> RelationalOperatorReplacement : 7

(15/27) Source file:  /home/dee/dev/rick-major-review/graphhopper/web-api/src/main/java/com/graphhopper/util/CustomModel.java
ANTLR runtime and generated code versions disagree: 4.13.0!=4.10.1
ANTLR runtime and generated code versions disagree: 4.13.0!=4.10.1
--> Mutations found:  98
----> ArithmeticOperatorReplacementBinary : 1
----> ConditionalOperatorDeletion : 1
----> NullifyInputVariable : 12
----> NullifyReturnValue : 17
----> NullifyObjectInitialization : 17
----> RemoveNullCheck : 5
----> ConditionalOperatorReplacement : 3
----> RemoveMethod : 32
----> RelationalOperatorReplacement : 10

(16/27) Source file:  /home/dee/dev/rick-major-review/graphhopper/web-api/src/main/java/com/graphhopper/util/RoundaboutInstruction.java
ANTLR runtime and generated code versions disagree: 4.13.0!=4.10.1
ANTLR runtime and generated code versions disagree: 4.13.0!=4.10.1
--> Mutations found:  41
----> ArithmeticOperatorReplacementBinary : 2
----> ConditionalOperatorDeletion : 2
----> NullifyInputVariable : 1
----> ArithmeticOperatorReplacementUnary : 2
----> NullifyReturnValue : 8
----> AssignmentOperatorReplacementShortcut : 1
----> NullifyObjectInitialization : 3
----> ConditionalOperatorReplacement : 1
----> RemoveMethod : 14
----> RelationalOperatorReplacement : 7

(17/27) Source file:  /home/dee/dev/rick-major-review/graphhopper/web-api/src/main/java/com/graphhopper/util/details/PathDetail.java
ANTLR runtime and generated code versions disagree: 4.13.0!=4.10.1
ANTLR runtime and generated code versions disagree: 4.13.0!=4.10.1
--> Mutations found:  16
----> ArithmeticOperatorReplacementBinary : 3
----> NullifyReturnValue : 2
----> RemoveMethod : 11

(18/27) Source file:  /home/dee/dev/rick-major-review/graphhopper/web-api/src/main/java/com/graphhopper/util/shapes/GHPoint3D.java
ANTLR runtime and generated code versions disagree: 4.13.0!=4.10.1
ANTLR runtime and generated code versions disagree: 4.13.0!=4.10.1
--> Mutations found:  22
----> ArithmeticOperatorReplacementBinary : 3
----> NullifyInputVariable : 1
----> NullifyReturnValue : 2
----> LogicalOperatorReplacement : 1
----> RemoveNullCheck : 1
----> ConditionalOperatorReplacement : 3
----> ShiftOperatorReplacement : 1
----> RemoveMethod : 9
----> RelationalOperatorReplacement : 1

(19/27) Source file:  /home/dee/dev/rick-major-review/graphhopper/web-api/src/main/java/com/graphhopper/util/shapes/GHPoint.java
ANTLR runtime and generated code versions disagree: 4.13.0!=4.10.1
ANTLR runtime and generated code versions disagree: 4.13.0!=4.10.1
--> Mutations found:  56
----> ArithmeticOperatorReplacementBinary : 5
----> ConditionalOperatorDeletion : 2
----> NullifyInputVariable : 5
----> NullifyReturnValue : 9
----> NullifyObjectInitialization : 6
----> LogicalOperatorReplacement : 2
----> RemoveNullCheck : 1
----> ConditionalOperatorReplacement : 2
----> ShiftOperatorReplacement : 2
----> RemoveMethod : 20
----> RelationalOperatorReplacement : 2

(20/27) Source file:  /home/dee/dev/rick-major-review/graphhopper/web-api/src/main/java/com/graphhopper/util/exceptions/MaximumNodesExceededException.java
ANTLR runtime and generated code versions disagree: 4.13.0!=4.10.1
ANTLR runtime and generated code versions disagree: 4.13.0!=4.10.1
--> Mutations found:  0

(21/27) Source file:  /home/dee/dev/rick-major-review/graphhopper/web-api/src/main/java/com/graphhopper/util/exceptions/PointDistanceExceededException.java
ANTLR runtime and generated code versions disagree: 4.13.0!=4.10.1
ANTLR runtime and generated code versions disagree: 4.13.0!=4.10.1
--> Mutations found:  0

(22/27) Source file:  /home/dee/dev/rick-major-review/graphhopper/web-api/src/main/java/com/graphhopper/util/exceptions/ConnectionNotFoundException.java
ANTLR runtime and generated code versions disagree: 4.13.0!=4.10.1
ANTLR runtime and generated code versions disagree: 4.13.0!=4.10.1
--> Mutations found:  0

(23/27) Source file:  /home/dee/dev/rick-major-review/graphhopper/web-api/src/main/java/com/graphhopper/util/exceptions/GHException.java
ANTLR runtime and generated code versions disagree: 4.13.0!=4.10.1
ANTLR runtime and generated code versions disagree: 4.13.0!=4.10.1
--> Mutations found:  0

(24/27) Source file:  /home/dee/dev/rick-major-review/graphhopper/web-api/src/main/java/com/graphhopper/util/exceptions/DetailedIllegalArgumentException.java
ANTLR runtime and generated code versions disagree: 4.13.0!=4.10.1
ANTLR runtime and generated code versions disagree: 4.13.0!=4.10.1
--> Mutations found:  2
----> NullifyReturnValue : 1
----> RemoveMethod : 1

(25/27) Source file:  /home/dee/dev/rick-major-review/graphhopper/web-api/src/main/java/com/graphhopper/util/exceptions/PointOutOfBoundsException.java
ANTLR runtime and generated code versions disagree: 4.13.0!=4.10.1
ANTLR runtime and generated code versions disagree: 4.13.0!=4.10.1
--> Mutations found:  0

(26/27) Source file:  /home/dee/dev/rick-major-review/graphhopper/web-api/src/main/java/com/graphhopper/util/exceptions/DetailedRuntimeException.java
ANTLR runtime and generated code versions disagree: 4.13.0!=4.10.1
ANTLR runtime and generated code versions disagree: 4.13.0!=4.10.1
--> Mutations found:  2
----> NullifyReturnValue : 1
----> RemoveMethod : 1

(27/27) Source file:  /home/dee/dev/rick-major-review/graphhopper/web-api/src/main/java/com/graphhopper/util/exceptions/PointNotFoundException.java
ANTLR runtime and generated code versions disagree: 4.13.0!=4.10.1
ANTLR runtime and generated code versions disagree: 4.13.0!=4.10.1
--> Mutations found:  2
----> RemoveMethod : 2

Total mutations found:  1002
--> ArithmeticOperatorReplacementBinary: 105
--> ConditionalOperatorDeletion: 17
--> NullifyInputVariable: 82
--> ArithmeticOperatorReplacementUnary: 16
--> NullifyReturnValue: 120
--> AssignmentOperatorReplacementShortcut: 2
--> NullifyObjectInitialization: 120
--> LogicalOperatorReplacement: 4
--> RemoveNullCheck: 17
--> ConditionalOperatorReplacement: 17
--> ShiftOperatorReplacement: 6
--> RemoveMethod: 373
--> RelationalOperatorReplacement: 104
--> ArithmeticOperatorReplacementShortcut: 19


---------------------------------------------------
[LOG] Copying mutants of FinishInstruction.java
---------------------------------------------------
[LOG] Generated 9 mutants
---------------------------------------------------
[LOG] Backing up original RICK test as ./FinishInstruction.java/original-test.java
[LOG] Invoking cp /home/dee/dev/rick-major-review/graphhopper/rick-major/src/test/java/com/graphhopper/util/TestFinishInstructionRickGen.java ./FinishInstruction.java/original-test.java
---------------------------------------------------
[LOG] Generating variants of original RICK test
[LOG] Modifying /home/dee/dev/rick-experiments/mutation-analysis/output/FinishInstruction_getTurnDescription_Translation/test-oo.java
[LOG] Created OO test at /home/dee/dev/rick-experiments/mutation-analysis/output/FinishInstruction_getTurnDescription_Translation/test-oo.java
[LOG] Modifying /home/dee/dev/rick-experiments/mutation-analysis/output/FinishInstruction_getTurnDescription_Translation/test-baseline.java
[LOG] Created baseline test at /home/dee/dev/rick-experiments/mutation-analysis/output/FinishInstruction_getTurnDescription_Translation/test-baseline.java
[LOG] Modifying /home/dee/dev/rick-experiments/mutation-analysis/output/FinishInstruction_getTurnDescription_Translation/test-po.java
[LOG] Created PO test at /home/dee/dev/rick-experiments/mutation-analysis/output/FinishInstruction_getTurnDescription_Translation/test-po.java
[LOG] Modifying /home/dee/dev/rick-experiments/mutation-analysis/output/FinishInstruction_getTurnDescription_Translation/test-co.java
[LOG] Created CO test at /home/dee/dev/rick-experiments/mutation-analysis/output/FinishInstruction_getTurnDescription_Translation/test-co.java
[LOG] Created test with all oracles at /home/dee/dev/rick-experiments/mutation-analysis/output/FinishInstruction_getTurnDescription_Translation/test-all.java
---------------------------------------------------
[LOG] Replacing originalFinishInstruction.java with ./FinishInstruction.java/3.java
[LOG] Invoking cp ./FinishInstruction.java/3.java /home/dee/dev/rick-major-review/graphhopper/web-api/src/main/java/com/graphhopper/util/FinishInstruction.java
[LOG] Invoked a clean install of the parent module with ['mvn', 'clean', 'install', '-DskipTests']
[INFO] Scanning for projects...
[INFO] 
[INFO] ----------------< com.graphhopper:graphhopper-web-api >-----------------
[INFO] Building GraphHopper Web API 5.3
[INFO] --------------------------------[ jar ]---------------------------------
[INFO] 
[INFO] --- maven-clean-plugin:2.5:clean (default-clean) @ graphhopper-web-api ---
[INFO] Deleting /home/dee/dev/rick-major-review/graphhopper/web-api/target
[INFO] 
[INFO] --- maven-resources-plugin:2.6:resources (default-resources) @ graphhopper-web-api ---
[INFO] Using 'UTF-8' encoding to copy filtered resources.
[INFO] skip non existing resourceDirectory /home/dee/dev/rick-major-review/graphhopper/web-api/src/main/resources
[INFO] 
[INFO] --- maven-compiler-plugin:3.8.1:compile (default-compile) @ graphhopper-web-api ---
[INFO] Changes detected - recompiling the module!
[INFO] Compiling 49 source files to /home/dee/dev/rick-major-review/graphhopper/web-api/target/classes
[INFO] 
[INFO] --- maven-resources-plugin:2.6:testResources (default-testResources) @ graphhopper-web-api ---
[INFO] Using 'UTF-8' encoding to copy filtered resources.
[INFO] Copying 3 resources
[INFO] 
[INFO] --- maven-compiler-plugin:3.8.1:testCompile (default-testCompile) @ graphhopper-web-api ---
[INFO] Changes detected - recompiling the module!
[INFO] Compiling 12 source files to /home/dee/dev/rick-major-review/graphhopper/web-api/target/test-classes
[INFO] 
[INFO] --- maven-surefire-plugin:2.22.2:test (default-test) @ graphhopper-web-api ---
[INFO] Tests are skipped.
[INFO] 
[INFO] --- maven-jar-plugin:3.1.1:jar (default-jar) @ graphhopper-web-api ---
[INFO] Building jar: /home/dee/dev/rick-major-review/graphhopper/web-api/target/graphhopper-web-api-5.3.jar
[INFO] 
[INFO] --- maven-failsafe-plugin:2.22.2:integration-test (default) @ graphhopper-web-api ---
[INFO] Tests are skipped.
[INFO] 
[INFO] --- maven-failsafe-plugin:2.22.2:verify (default) @ graphhopper-web-api ---
[INFO] Tests are skipped.
[INFO] 
[INFO] --- maven-install-plugin:2.4:install (default-install) @ graphhopper-web-api ---
[INFO] Installing /home/dee/dev/rick-major-review/graphhopper/web-api/target/graphhopper-web-api-5.3.jar to /home/dee/.m2/repository/com/graphhopper/graphhopper-web-api/5.3/graphhopper-web-api-5.3.jar
[INFO] Installing /home/dee/dev/rick-major-review/graphhopper/web-api/pom.xml to /home/dee/.m2/repository/com/graphhopper/graphhopper-web-api/5.3/graphhopper-web-api-5.3.pom
[INFO] ------------------------------------------------------------------------
[INFO] BUILD SUCCESS
[INFO] ------------------------------------------------------------------------
[INFO] Total time:  20.490 s
[INFO] Finished at: 2023-06-11T12:32:06+02:00
[INFO] ------------------------------------------------------------------------


---------------------------------------------------
[BASELINE] Not evaluating any oracle
[LOG] Replacing original RICK test with variant baseline
[LOG] Invoking cp /home/dee/dev/rick-experiments/mutation-analysis/output/FinishInstruction_getTurnDescription_Translation/test-baseline.java /home/dee/dev/rick-major-review/graphhopper/rick-major/src/test/java/com/graphhopper/util/TestFinishInstructionRickGen.java
[LOG] In test module directory /home/dee/dev/rick-major-review/graphhopper/rick-major
[LOG] Invoked tests with ['mvn', 'test', '-Dtest=TestFinishInstructionRickGen']
[INFO] Scanning for projects...
[WARNING] 
[WARNING] Some problems were encountered while building the effective model for com.graphhopper:rick-major:jar:5.3
[WARNING] 'dependencies.dependency.(groupId:artifactId:type:classifier)' must be unique: com.graphhopper:graphhopper-web:jar -> duplicate declaration of version 5.3 @ line 79, column 17
[WARNING] 
[WARNING] It is highly recommended to fix these problems because they threaten the stability of your build.
[WARNING] 
[WARNING] For this reason, future Maven versions might no longer support building such malformed projects.
[WARNING] 
[INFO] 
[INFO] ---------------------< com.graphhopper:rick-major >---------------------
[INFO] Building rick-major 5.3
[INFO] --------------------------------[ jar ]---------------------------------
[INFO] 
[INFO] --- maven-resources-plugin:2.6:resources (default-resources) @ rick-major ---
[INFO] Using 'UTF-8' encoding to copy filtered resources.
[INFO] Copying 0 resource
[INFO] 
[INFO] --- maven-compiler-plugin:3.8.1:compile (default-compile) @ rick-major ---
[INFO] Nothing to compile - all classes are up to date
[INFO] 
[INFO] --- maven-resources-plugin:2.6:testResources (default-testResources) @ rick-major ---
[INFO] Using 'UTF-8' encoding to copy filtered resources.
[INFO] Copying 26 resources
[INFO] 
[INFO] --- maven-compiler-plugin:3.8.1:testCompile (default-testCompile) @ rick-major ---
[INFO] Changes detected - recompiling the module!
[INFO] Compiling 15 source files to /home/dee/dev/rick-major-review/graphhopper/rick-major/target/test-classes
[INFO] 
[INFO] --- maven-surefire-plugin:2.22.2:test (default-test) @ rick-major ---
[INFO] 
[INFO] -------------------------------------------------------
[INFO]  T E S T S
[INFO] -------------------------------------------------------
[INFO] Running com.graphhopper.util.TestFinishInstructionRickGen
[ERROR] Tests run: 3, Failures: 0, Errors: 3, Skipped: 0, Time elapsed: 6.594 s <<< FAILURE! - in com.graphhopper.util.TestFinishInstructionRickGen
[ERROR] test_getTurnDescription_CO_f4925d65c622402e98befa313e740ccb  Time elapsed: 4.608 s  <<< ERROR!
java.lang.NullPointerException
	at com.graphhopper.util.TestFinishInstructionRickGen.test_getTurnDescription_CO_f4925d65c622402e98befa313e740ccb(TestFinishInstructionRickGen.java:67)

[ERROR] test_getTurnDescription_PO_f4925d65c622402e98befa313e740ccb  Time elapsed: 0.489 s  <<< ERROR!
java.lang.NullPointerException
	at com.graphhopper.util.TestFinishInstructionRickGen.test_getTurnDescription_PO_f4925d65c622402e98befa313e740ccb(TestFinishInstructionRickGen.java:54)

[ERROR] test_getTurnDescription_OO_f4925d65c622402e98befa313e740ccb  Time elapsed: 0.201 s  <<< ERROR!
java.lang.NullPointerException
	at com.graphhopper.util.TestFinishInstructionRickGen.test_getTurnDescription_OO_f4925d65c622402e98befa313e740ccb(TestFinishInstructionRickGen.java:41)

[INFO] 
[INFO] Results:
[INFO] 
[ERROR] Errors: 
[ERROR]   TestFinishInstructionRickGen.test_getTurnDescription_CO_f4925d65c622402e98befa313e740ccb:67 » NullPointer
[ERROR]   TestFinishInstructionRickGen.test_getTurnDescription_OO_f4925d65c622402e98befa313e740ccb:41 » NullPointer
[ERROR]   TestFinishInstructionRickGen.test_getTurnDescription_PO_f4925d65c622402e98befa313e740ccb:54 » NullPointer
[INFO] 
[ERROR] Tests run: 3, Failures: 0, Errors: 3, Skipped: 0
[INFO] 
[INFO] ------------------------------------------------------------------------
[INFO] BUILD FAILURE
[INFO] ------------------------------------------------------------------------
[INFO] Total time:  24.907 s
[INFO] Finished at: 2023-06-11T12:32:37+02:00
[INFO] ------------------------------------------------------------------------
[ERROR] Failed to execute goal org.apache.maven.plugins:maven-surefire-plugin:2.22.2:test (default-test) on project rick-major: There are test failures.
[ERROR] 
[ERROR] Please refer to /home/dee/dev/rick-major-review/graphhopper/rick-major/target/surefire-reports for the individual test results.
[ERROR] Please refer to dump files (if any exist) [date].dump, [date]-jvmRun[N].dump and [date].dumpstream.
[ERROR] -> [Help 1]
[ERROR] 
[ERROR] To see the full stack trace of the errors, re-run Maven with the -e switch.
[ERROR] Re-run Maven using the -X switch to enable full debug logging.
[ERROR] 
[ERROR] For more information about the errors and possible solutions, please read the following articles:
[ERROR] [Help 1] http://cwiki.apache.org/confluence/display/MAVEN/MojoFailureException

Security framework of XStream not initialized, XStream is probably vulnerable.

---------------------------------------------------
[LOG] Cleaned targets with ['mvn', 'clean']
[INFO] Scanning for projects...
[WARNING] 
[WARNING] Some problems were encountered while building the effective model for com.graphhopper:rick-major:jar:5.3
[WARNING] 'dependencies.dependency.(groupId:artifactId:type:classifier)' must be unique: com.graphhopper:graphhopper-web:jar -> duplicate declaration of version 5.3 @ line 79, column 17
[WARNING] 
[WARNING] It is highly recommended to fix these problems because they threaten the stability of your build.
[WARNING] 
[WARNING] For this reason, future Maven versions might no longer support building such malformed projects.
[WARNING] 
[INFO] 
[INFO] ---------------------< com.graphhopper:rick-major >---------------------
[INFO] Building rick-major 5.3
[INFO] --------------------------------[ jar ]---------------------------------
[INFO] 
[INFO] --- maven-clean-plugin:2.5:clean (default-clean) @ rick-major ---
[INFO] Deleting /home/dee/dev/rick-major-review/graphhopper/rick-major/target
[INFO] ------------------------------------------------------------------------
[INFO] BUILD SUCCESS
[INFO] ------------------------------------------------------------------------
[INFO] Total time:  1.050 s
[INFO] Finished at: 2023-06-11T12:32:42+02:00
[INFO] ------------------------------------------------------------------------


---------------------------------------------------
[LOG] In experiment directory /home/dee/dev/rick-experiments/mutation-analysis
---------------------------------------------------
[LOG] Restoring original RICK test from ./FinishInstruction.java/original-test.java
[LOG] Invoking cp ./FinishInstruction.java/original-test.java /home/dee/dev/rick-major-review/graphhopper/rick-major/src/test/java/com/graphhopper/util/TestFinishInstructionRickGen.java
---------------------------------------------------
[OO] Evaluating only OO
[LOG] Replacing original RICK test with variant oo
[LOG] Invoking cp /home/dee/dev/rick-experiments/mutation-analysis/output/FinishInstruction_getTurnDescription_Translation/test-oo.java /home/dee/dev/rick-major-review/graphhopper/rick-major/src/test/java/com/graphhopper/util/TestFinishInstructionRickGen.java
[LOG] In test module directory /home/dee/dev/rick-major-review/graphhopper/rick-major
[LOG] Invoked tests with ['mvn', 'test', '-Dtest=TestFinishInstructionRickGen']
[INFO] Scanning for projects...
[WARNING] 
[WARNING] Some problems were encountered while building the effective model for com.graphhopper:rick-major:jar:5.3
[WARNING] 'dependencies.dependency.(groupId:artifactId:type:classifier)' must be unique: com.graphhopper:graphhopper-web:jar -> duplicate declaration of version 5.3 @ line 79, column 17
[WARNING] 
[WARNING] It is highly recommended to fix these problems because they threaten the stability of your build.
[WARNING] 
[WARNING] For this reason, future Maven versions might no longer support building such malformed projects.
[WARNING] 
[INFO] 
[INFO] ---------------------< com.graphhopper:rick-major >---------------------
[INFO] Building rick-major 5.3
[INFO] --------------------------------[ jar ]---------------------------------
[INFO] 
[INFO] --- maven-resources-plugin:2.6:resources (default-resources) @ rick-major ---
[INFO] Using 'UTF-8' encoding to copy filtered resources.
[INFO] Copying 0 resource
[INFO] 
[INFO] --- maven-compiler-plugin:3.8.1:compile (default-compile) @ rick-major ---
[INFO] Nothing to compile - all classes are up to date
[INFO] 
[INFO] --- maven-resources-plugin:2.6:testResources (default-testResources) @ rick-major ---
[INFO] Using 'UTF-8' encoding to copy filtered resources.
[INFO] Copying 26 resources
[INFO] 
[INFO] --- maven-compiler-plugin:3.8.1:testCompile (default-testCompile) @ rick-major ---
[INFO] Changes detected - recompiling the module!
[INFO] Compiling 15 source files to /home/dee/dev/rick-major-review/graphhopper/rick-major/target/test-classes
[INFO] 
[INFO] --- maven-surefire-plugin:2.22.2:test (default-test) @ rick-major ---
[INFO] 
[INFO] -------------------------------------------------------
[INFO]  T E S T S
[INFO] -------------------------------------------------------
[INFO] Running com.graphhopper.util.TestFinishInstructionRickGen
[ERROR] Tests run: 3, Failures: 0, Errors: 3, Skipped: 0, Time elapsed: 5.723 s <<< FAILURE! - in com.graphhopper.util.TestFinishInstructionRickGen
[ERROR] test_getTurnDescription_CO_f4925d65c622402e98befa313e740ccb  Time elapsed: 4.294 s  <<< ERROR!
java.lang.NullPointerException
	at com.graphhopper.util.TestFinishInstructionRickGen.test_getTurnDescription_CO_f4925d65c622402e98befa313e740ccb(TestFinishInstructionRickGen.java:67)

[ERROR] test_getTurnDescription_PO_f4925d65c622402e98befa313e740ccb  Time elapsed: 0.317 s  <<< ERROR!
java.lang.NullPointerException
	at com.graphhopper.util.TestFinishInstructionRickGen.test_getTurnDescription_PO_f4925d65c622402e98befa313e740ccb(TestFinishInstructionRickGen.java:54)

[ERROR] test_getTurnDescription_OO_f4925d65c622402e98befa313e740ccb  Time elapsed: 0.116 s  <<< ERROR!
java.lang.NullPointerException
	at com.graphhopper.util.TestFinishInstructionRickGen.test_getTurnDescription_OO_f4925d65c622402e98befa313e740ccb(TestFinishInstructionRickGen.java:41)

[INFO] 
[INFO] Results:
[INFO] 
[ERROR] Errors: 
[ERROR]   TestFinishInstructionRickGen.test_getTurnDescription_CO_f4925d65c622402e98befa313e740ccb:67 » NullPointer
[ERROR]   TestFinishInstructionRickGen.test_getTurnDescription_OO_f4925d65c622402e98befa313e740ccb:41 » NullPointer
[ERROR]   TestFinishInstructionRickGen.test_getTurnDescription_PO_f4925d65c622402e98befa313e740ccb:54 » NullPointer
[INFO] 
[ERROR] Tests run: 3, Failures: 0, Errors: 3, Skipped: 0
[INFO] 
[INFO] ------------------------------------------------------------------------
[INFO] BUILD FAILURE
[INFO] ------------------------------------------------------------------------
[INFO] Total time:  21.782 s
[INFO] Finished at: 2023-06-11T12:33:09+02:00
[INFO] ------------------------------------------------------------------------
[ERROR] Failed to execute goal org.apache.maven.plugins:maven-surefire-plugin:2.22.2:test (default-test) on project rick-major: There are test failures.
[ERROR] 
[ERROR] Please refer to /home/dee/dev/rick-major-review/graphhopper/rick-major/target/surefire-reports for the individual test results.
[ERROR] Please refer to dump files (if any exist) [date].dump, [date]-jvmRun[N].dump and [date].dumpstream.
[ERROR] -> [Help 1]
[ERROR] 
[ERROR] To see the full stack trace of the errors, re-run Maven with the -e switch.
[ERROR] Re-run Maven using the -X switch to enable full debug logging.
[ERROR] 
[ERROR] For more information about the errors and possible solutions, please read the following articles:
[ERROR] [Help 1] http://cwiki.apache.org/confluence/display/MAVEN/MojoFailureException

Security framework of XStream not initialized, XStream is probably vulnerable.

---------------------------------------------------
[LOG] Cleaned targets with ['mvn', 'clean']
[INFO] Scanning for projects...
[WARNING] 
[WARNING] Some problems were encountered while building the effective model for com.graphhopper:rick-major:jar:5.3
[WARNING] 'dependencies.dependency.(groupId:artifactId:type:classifier)' must be unique: com.graphhopper:graphhopper-web:jar -> duplicate declaration of version 5.3 @ line 79, column 17
[WARNING] 
[WARNING] It is highly recommended to fix these problems because they threaten the stability of your build.
[WARNING] 
[WARNING] For this reason, future Maven versions might no longer support building such malformed projects.
[WARNING] 
[INFO] 
[INFO] ---------------------< com.graphhopper:rick-major >---------------------
[INFO] Building rick-major 5.3
[INFO] --------------------------------[ jar ]---------------------------------
[INFO] 
[INFO] --- maven-clean-plugin:2.5:clean (default-clean) @ rick-major ---
[INFO] Deleting /home/dee/dev/rick-major-review/graphhopper/rick-major/target
[INFO] ------------------------------------------------------------------------
[INFO] BUILD SUCCESS
[INFO] ------------------------------------------------------------------------
[INFO] Total time:  1.194 s
[INFO] Finished at: 2023-06-11T12:33:15+02:00
[INFO] ------------------------------------------------------------------------


---------------------------------------------------
[LOG] In experiment directory /home/dee/dev/rick-experiments/mutation-analysis
---------------------------------------------------
[LOG] Restoring original RICK test from ./FinishInstruction.java/original-test.java
[LOG] Invoking cp ./FinishInstruction.java/original-test.java /home/dee/dev/rick-major-review/graphhopper/rick-major/src/test/java/com/graphhopper/util/TestFinishInstructionRickGen.java
---------------------------------------------------
[PO] Evaluating only PO
[LOG] Replacing original RICK test with variant po
[LOG] Invoking cp /home/dee/dev/rick-experiments/mutation-analysis/output/FinishInstruction_getTurnDescription_Translation/test-po.java /home/dee/dev/rick-major-review/graphhopper/rick-major/src/test/java/com/graphhopper/util/TestFinishInstructionRickGen.java
[LOG] In test module directory /home/dee/dev/rick-major-review/graphhopper/rick-major
[LOG] Invoked tests with ['mvn', 'test', '-Dtest=TestFinishInstructionRickGen']
[INFO] Scanning for projects...
[WARNING] 
[WARNING] Some problems were encountered while building the effective model for com.graphhopper:rick-major:jar:5.3
[WARNING] 'dependencies.dependency.(groupId:artifactId:type:classifier)' must be unique: com.graphhopper:graphhopper-web:jar -> duplicate declaration of version 5.3 @ line 79, column 17
[WARNING] 
[WARNING] It is highly recommended to fix these problems because they threaten the stability of your build.
[WARNING] 
[WARNING] For this reason, future Maven versions might no longer support building such malformed projects.
[WARNING] 
[INFO] 
[INFO] ---------------------< com.graphhopper:rick-major >---------------------
[INFO] Building rick-major 5.3
[INFO] --------------------------------[ jar ]---------------------------------
[INFO] 
[INFO] --- maven-resources-plugin:2.6:resources (default-resources) @ rick-major ---
[INFO] Using 'UTF-8' encoding to copy filtered resources.
[INFO] Copying 0 resource
[INFO] 
[INFO] --- maven-compiler-plugin:3.8.1:compile (default-compile) @ rick-major ---
[INFO] Nothing to compile - all classes are up to date
[INFO] 
[INFO] --- maven-resources-plugin:2.6:testResources (default-testResources) @ rick-major ---
[INFO] Using 'UTF-8' encoding to copy filtered resources.
[INFO] Copying 26 resources
[INFO] 
[INFO] --- maven-compiler-plugin:3.8.1:testCompile (default-testCompile) @ rick-major ---
[INFO] Changes detected - recompiling the module!
[INFO] Compiling 15 source files to /home/dee/dev/rick-major-review/graphhopper/rick-major/target/test-classes
[INFO] 
[INFO] --- maven-surefire-plugin:2.22.2:test (default-test) @ rick-major ---
[INFO] 
[INFO] -------------------------------------------------------
[INFO]  T E S T S
[INFO] -------------------------------------------------------
[INFO] Running com.graphhopper.util.TestFinishInstructionRickGen
[ERROR] Tests run: 3, Failures: 0, Errors: 3, Skipped: 0, Time elapsed: 6.204 s <<< FAILURE! - in com.graphhopper.util.TestFinishInstructionRickGen
[ERROR] test_getTurnDescription_CO_f4925d65c622402e98befa313e740ccb  Time elapsed: 4.441 s  <<< ERROR!
java.lang.NullPointerException
	at com.graphhopper.util.TestFinishInstructionRickGen.test_getTurnDescription_CO_f4925d65c622402e98befa313e740ccb(TestFinishInstructionRickGen.java:67)

[ERROR] test_getTurnDescription_PO_f4925d65c622402e98befa313e740ccb  Time elapsed: 0.432 s  <<< ERROR!
java.lang.NullPointerException
	at com.graphhopper.util.TestFinishInstructionRickGen.test_getTurnDescription_PO_f4925d65c622402e98befa313e740ccb(TestFinishInstructionRickGen.java:54)

[ERROR] test_getTurnDescription_OO_f4925d65c622402e98befa313e740ccb  Time elapsed: 0.214 s  <<< ERROR!
java.lang.NullPointerException
	at com.graphhopper.util.TestFinishInstructionRickGen.test_getTurnDescription_OO_f4925d65c622402e98befa313e740ccb(TestFinishInstructionRickGen.java:41)

[INFO] 
[INFO] Results:
[INFO] 
[ERROR] Errors: 
[ERROR]   TestFinishInstructionRickGen.test_getTurnDescription_CO_f4925d65c622402e98befa313e740ccb:67 » NullPointer
[ERROR]   TestFinishInstructionRickGen.test_getTurnDescription_OO_f4925d65c622402e98befa313e740ccb:41 » NullPointer
[ERROR]   TestFinishInstructionRickGen.test_getTurnDescription_PO_f4925d65c622402e98befa313e740ccb:54 » NullPointer
[INFO] 
[ERROR] Tests run: 3, Failures: 0, Errors: 3, Skipped: 0
[INFO] 
[INFO] ------------------------------------------------------------------------
[INFO] BUILD FAILURE
[INFO] ------------------------------------------------------------------------
[INFO] Total time:  22.606 s
[INFO] Finished at: 2023-06-11T12:33:42+02:00
[INFO] ------------------------------------------------------------------------
[ERROR] Failed to execute goal org.apache.maven.plugins:maven-surefire-plugin:2.22.2:test (default-test) on project rick-major: There are test failures.
[ERROR] 
[ERROR] Please refer to /home/dee/dev/rick-major-review/graphhopper/rick-major/target/surefire-reports for the individual test results.
[ERROR] Please refer to dump files (if any exist) [date].dump, [date]-jvmRun[N].dump and [date].dumpstream.
[ERROR] -> [Help 1]
[ERROR] 
[ERROR] To see the full stack trace of the errors, re-run Maven with the -e switch.
[ERROR] Re-run Maven using the -X switch to enable full debug logging.
[ERROR] 
[ERROR] For more information about the errors and possible solutions, please read the following articles:
[ERROR] [Help 1] http://cwiki.apache.org/confluence/display/MAVEN/MojoFailureException

Security framework of XStream not initialized, XStream is probably vulnerable.

---------------------------------------------------
[LOG] Cleaned targets with ['mvn', 'clean']
[INFO] Scanning for projects...
[WARNING] 
[WARNING] Some problems were encountered while building the effective model for com.graphhopper:rick-major:jar:5.3
[WARNING] 'dependencies.dependency.(groupId:artifactId:type:classifier)' must be unique: com.graphhopper:graphhopper-web:jar -> duplicate declaration of version 5.3 @ line 79, column 17
[WARNING] 
[WARNING] It is highly recommended to fix these problems because they threaten the stability of your build.
[WARNING] 
[WARNING] For this reason, future Maven versions might no longer support building such malformed projects.
[WARNING] 
[INFO] 
[INFO] ---------------------< com.graphhopper:rick-major >---------------------
[INFO] Building rick-major 5.3
[INFO] --------------------------------[ jar ]---------------------------------
[INFO] 
[INFO] --- maven-clean-plugin:2.5:clean (default-clean) @ rick-major ---
[INFO] Deleting /home/dee/dev/rick-major-review/graphhopper/rick-major/target
[INFO] ------------------------------------------------------------------------
[INFO] BUILD SUCCESS
[INFO] ------------------------------------------------------------------------
[INFO] Total time:  1.447 s
[INFO] Finished at: 2023-06-11T12:33:49+02:00
[INFO] ------------------------------------------------------------------------


---------------------------------------------------
[LOG] In experiment directory /home/dee/dev/rick-experiments/mutation-analysis
---------------------------------------------------
[LOG] Restoring original RICK test from ./FinishInstruction.java/original-test.java
[LOG] Invoking cp ./FinishInstruction.java/original-test.java /home/dee/dev/rick-major-review/graphhopper/rick-major/src/test/java/com/graphhopper/util/TestFinishInstructionRickGen.java
---------------------------------------------------
[CO] Evaluating only CO
[LOG] Replacing original RICK test with variant co
[LOG] Invoking cp /home/dee/dev/rick-experiments/mutation-analysis/output/FinishInstruction_getTurnDescription_Translation/test-co.java /home/dee/dev/rick-major-review/graphhopper/rick-major/src/test/java/com/graphhopper/util/TestFinishInstructionRickGen.java
[LOG] In test module directory /home/dee/dev/rick-major-review/graphhopper/rick-major
[LOG] Invoked tests with ['mvn', 'test', '-Dtest=TestFinishInstructionRickGen']
[INFO] Scanning for projects...
[WARNING] 
[WARNING] Some problems were encountered while building the effective model for com.graphhopper:rick-major:jar:5.3
[WARNING] 'dependencies.dependency.(groupId:artifactId:type:classifier)' must be unique: com.graphhopper:graphhopper-web:jar -> duplicate declaration of version 5.3 @ line 79, column 17
[WARNING] 
[WARNING] It is highly recommended to fix these problems because they threaten the stability of your build.
[WARNING] 
[WARNING] For this reason, future Maven versions might no longer support building such malformed projects.
[WARNING] 
[INFO] 
[INFO] ---------------------< com.graphhopper:rick-major >---------------------
[INFO] Building rick-major 5.3
[INFO] --------------------------------[ jar ]---------------------------------
[INFO] 
[INFO] --- maven-resources-plugin:2.6:resources (default-resources) @ rick-major ---
[INFO] Using 'UTF-8' encoding to copy filtered resources.
[INFO] Copying 0 resource
[INFO] 
[INFO] --- maven-compiler-plugin:3.8.1:compile (default-compile) @ rick-major ---
[INFO] Nothing to compile - all classes are up to date
[INFO] 
[INFO] --- maven-resources-plugin:2.6:testResources (default-testResources) @ rick-major ---
[INFO] Using 'UTF-8' encoding to copy filtered resources.
[INFO] Copying 26 resources
[INFO] 
[INFO] --- maven-compiler-plugin:3.8.1:testCompile (default-testCompile) @ rick-major ---
[INFO] Changes detected - recompiling the module!
[INFO] Compiling 15 source files to /home/dee/dev/rick-major-review/graphhopper/rick-major/target/test-classes
[INFO] 
[INFO] --- maven-surefire-plugin:2.22.2:test (default-test) @ rick-major ---
[INFO] 
[INFO] -------------------------------------------------------
[INFO]  T E S T S
[INFO] -------------------------------------------------------
[INFO] Running com.graphhopper.util.TestFinishInstructionRickGen
[ERROR] Tests run: 3, Failures: 0, Errors: 3, Skipped: 0, Time elapsed: 4.85 s <<< FAILURE! - in com.graphhopper.util.TestFinishInstructionRickGen
[ERROR] test_getTurnDescription_CO_f4925d65c622402e98befa313e740ccb  Time elapsed: 3.664 s  <<< ERROR!
java.lang.NullPointerException
	at com.graphhopper.util.TestFinishInstructionRickGen.test_getTurnDescription_CO_f4925d65c622402e98befa313e740ccb(TestFinishInstructionRickGen.java:67)

[ERROR] test_getTurnDescription_PO_f4925d65c622402e98befa313e740ccb  Time elapsed: 0.301 s  <<< ERROR!
java.lang.NullPointerException
	at com.graphhopper.util.TestFinishInstructionRickGen.test_getTurnDescription_PO_f4925d65c622402e98befa313e740ccb(TestFinishInstructionRickGen.java:54)

[ERROR] test_getTurnDescription_OO_f4925d65c622402e98befa313e740ccb  Time elapsed: 0.103 s  <<< ERROR!
java.lang.NullPointerException
	at com.graphhopper.util.TestFinishInstructionRickGen.test_getTurnDescription_OO_f4925d65c622402e98befa313e740ccb(TestFinishInstructionRickGen.java:41)

[INFO] 
[INFO] Results:
[INFO] 
[ERROR] Errors: 
[ERROR]   TestFinishInstructionRickGen.test_getTurnDescription_CO_f4925d65c622402e98befa313e740ccb:67 » NullPointer
[ERROR]   TestFinishInstructionRickGen.test_getTurnDescription_OO_f4925d65c622402e98befa313e740ccb:41 » NullPointer
[ERROR]   TestFinishInstructionRickGen.test_getTurnDescription_PO_f4925d65c622402e98befa313e740ccb:54 » NullPointer
[INFO] 
[ERROR] Tests run: 3, Failures: 0, Errors: 3, Skipped: 0
[INFO] 
[INFO] ------------------------------------------------------------------------
[INFO] BUILD FAILURE
[INFO] ------------------------------------------------------------------------
[INFO] Total time:  21.646 s
[INFO] Finished at: 2023-06-11T12:34:16+02:00
[INFO] ------------------------------------------------------------------------
[ERROR] Failed to execute goal org.apache.maven.plugins:maven-surefire-plugin:2.22.2:test (default-test) on project rick-major: There are test failures.
[ERROR] 
[ERROR] Please refer to /home/dee/dev/rick-major-review/graphhopper/rick-major/target/surefire-reports for the individual test results.
[ERROR] Please refer to dump files (if any exist) [date].dump, [date]-jvmRun[N].dump and [date].dumpstream.
[ERROR] -> [Help 1]
[ERROR] 
[ERROR] To see the full stack trace of the errors, re-run Maven with the -e switch.
[ERROR] Re-run Maven using the -X switch to enable full debug logging.
[ERROR] 
[ERROR] For more information about the errors and possible solutions, please read the following articles:
[ERROR] [Help 1] http://cwiki.apache.org/confluence/display/MAVEN/MojoFailureException

Security framework of XStream not initialized, XStream is probably vulnerable.

---------------------------------------------------
[LOG] Cleaned targets with ['mvn', 'clean']
[INFO] Scanning for projects...
[WARNING] 
[WARNING] Some problems were encountered while building the effective model for com.graphhopper:rick-major:jar:5.3
[WARNING] 'dependencies.dependency.(groupId:artifactId:type:classifier)' must be unique: com.graphhopper:graphhopper-web:jar -> duplicate declaration of version 5.3 @ line 79, column 17
[WARNING] 
[WARNING] It is highly recommended to fix these problems because they threaten the stability of your build.
[WARNING] 
[WARNING] For this reason, future Maven versions might no longer support building such malformed projects.
[WARNING] 
[INFO] 
[INFO] ---------------------< com.graphhopper:rick-major >---------------------
[INFO] Building rick-major 5.3
[INFO] --------------------------------[ jar ]---------------------------------
[INFO] 
[INFO] --- maven-clean-plugin:2.5:clean (default-clean) @ rick-major ---
[INFO] Deleting /home/dee/dev/rick-major-review/graphhopper/rick-major/target
[INFO] ------------------------------------------------------------------------
[INFO] BUILD SUCCESS
[INFO] ------------------------------------------------------------------------
[INFO] Total time:  1.269 s
[INFO] Finished at: 2023-06-11T12:34:22+02:00
[INFO] ------------------------------------------------------------------------


---------------------------------------------------
[LOG] In experiment directory /home/dee/dev/rick-experiments/mutation-analysis
---------------------------------------------------
[LOG] Restoring original RICK test from ./FinishInstruction.java/original-test.java
[LOG] Invoking cp ./FinishInstruction.java/original-test.java /home/dee/dev/rick-major-review/graphhopper/rick-major/src/test/java/com/graphhopper/util/TestFinishInstructionRickGen.java
---------------------------------------------------
[ALL] Evaluating (OO +) PO + CO
[LOG] Restoring original RICK test from ./FinishInstruction.java/original-test.java
[LOG] Invoking cp ./FinishInstruction.java/original-test.java /home/dee/dev/rick-major-review/graphhopper/rick-major/src/test/java/com/graphhopper/util/TestFinishInstructionRickGen.java
[LOG] In test module directory /home/dee/dev/rick-major-review/graphhopper/rick-major
[LOG] Invoked tests with ['mvn', 'test', '-Dtest=TestFinishInstructionRickGen']
[INFO] Scanning for projects...
[WARNING] 
[WARNING] Some problems were encountered while building the effective model for com.graphhopper:rick-major:jar:5.3
[WARNING] 'dependencies.dependency.(groupId:artifactId:type:classifier)' must be unique: com.graphhopper:graphhopper-web:jar -> duplicate declaration of version 5.3 @ line 79, column 17
[WARNING] 
[WARNING] It is highly recommended to fix these problems because they threaten the stability of your build.
[WARNING] 
[WARNING] For this reason, future Maven versions might no longer support building such malformed projects.
[WARNING] 
[INFO] 
[INFO] ---------------------< com.graphhopper:rick-major >---------------------
[INFO] Building rick-major 5.3
[INFO] --------------------------------[ jar ]---------------------------------
[INFO] 
[INFO] --- maven-resources-plugin:2.6:resources (default-resources) @ rick-major ---
[INFO] Using 'UTF-8' encoding to copy filtered resources.
[INFO] Copying 0 resource
[INFO] 
[INFO] --- maven-compiler-plugin:3.8.1:compile (default-compile) @ rick-major ---
[INFO] Nothing to compile - all classes are up to date
[INFO] 
[INFO] --- maven-resources-plugin:2.6:testResources (default-testResources) @ rick-major ---
[INFO] Using 'UTF-8' encoding to copy filtered resources.
[INFO] Copying 26 resources
[INFO] 
[INFO] --- maven-compiler-plugin:3.8.1:testCompile (default-testCompile) @ rick-major ---
[INFO] Changes detected - recompiling the module!
[INFO] Compiling 15 source files to /home/dee/dev/rick-major-review/graphhopper/rick-major/target/test-classes
[INFO] 
[INFO] --- maven-surefire-plugin:2.22.2:test (default-test) @ rick-major ---
[INFO] 
[INFO] -------------------------------------------------------
[INFO]  T E S T S
[INFO] -------------------------------------------------------
[INFO] Running com.graphhopper.util.TestFinishInstructionRickGen
[ERROR] Tests run: 3, Failures: 0, Errors: 3, Skipped: 0, Time elapsed: 5.491 s <<< FAILURE! - in com.graphhopper.util.TestFinishInstructionRickGen
[ERROR] test_getTurnDescription_CO_f4925d65c622402e98befa313e740ccb  Time elapsed: 3.803 s  <<< ERROR!
java.lang.NullPointerException
	at com.graphhopper.util.TestFinishInstructionRickGen.test_getTurnDescription_CO_f4925d65c622402e98befa313e740ccb(TestFinishInstructionRickGen.java:67)

[ERROR] test_getTurnDescription_PO_f4925d65c622402e98befa313e740ccb  Time elapsed: 0.469 s  <<< ERROR!
java.lang.NullPointerException
	at com.graphhopper.util.TestFinishInstructionRickGen.test_getTurnDescription_PO_f4925d65c622402e98befa313e740ccb(TestFinishInstructionRickGen.java:54)

[ERROR] test_getTurnDescription_OO_f4925d65c622402e98befa313e740ccb  Time elapsed: 0.11 s  <<< ERROR!
java.lang.NullPointerException
	at com.graphhopper.util.TestFinishInstructionRickGen.test_getTurnDescription_OO_f4925d65c622402e98befa313e740ccb(TestFinishInstructionRickGen.java:41)

[INFO] 
[INFO] Results:
[INFO] 
[ERROR] Errors: 
[ERROR]   TestFinishInstructionRickGen.test_getTurnDescription_CO_f4925d65c622402e98befa313e740ccb:67 » NullPointer
[ERROR]   TestFinishInstructionRickGen.test_getTurnDescription_OO_f4925d65c622402e98befa313e740ccb:41 » NullPointer
[ERROR]   TestFinishInstructionRickGen.test_getTurnDescription_PO_f4925d65c622402e98befa313e740ccb:54 » NullPointer
[INFO] 
[ERROR] Tests run: 3, Failures: 0, Errors: 3, Skipped: 0
[INFO] 
[INFO] ------------------------------------------------------------------------
[INFO] BUILD FAILURE
[INFO] ------------------------------------------------------------------------
[INFO] Total time:  22.014 s
[INFO] Finished at: 2023-06-11T12:34:49+02:00
[INFO] ------------------------------------------------------------------------
[ERROR] Failed to execute goal org.apache.maven.plugins:maven-surefire-plugin:2.22.2:test (default-test) on project rick-major: There are test failures.
[ERROR] 
[ERROR] Please refer to /home/dee/dev/rick-major-review/graphhopper/rick-major/target/surefire-reports for the individual test results.
[ERROR] Please refer to dump files (if any exist) [date].dump, [date]-jvmRun[N].dump and [date].dumpstream.
[ERROR] -> [Help 1]
[ERROR] 
[ERROR] To see the full stack trace of the errors, re-run Maven with the -e switch.
[ERROR] Re-run Maven using the -X switch to enable full debug logging.
[ERROR] 
[ERROR] For more information about the errors and possible solutions, please read the following articles:
[ERROR] [Help 1] http://cwiki.apache.org/confluence/display/MAVEN/MojoFailureException

Security framework of XStream not initialized, XStream is probably vulnerable.

---------------------------------------------------
[LOG] Cleaned targets with ['mvn', 'clean']
[INFO] Scanning for projects...
[WARNING] 
[WARNING] Some problems were encountered while building the effective model for com.graphhopper:rick-major:jar:5.3
[WARNING] 'dependencies.dependency.(groupId:artifactId:type:classifier)' must be unique: com.graphhopper:graphhopper-web:jar -> duplicate declaration of version 5.3 @ line 79, column 17
[WARNING] 
[WARNING] It is highly recommended to fix these problems because they threaten the stability of your build.
[WARNING] 
[WARNING] For this reason, future Maven versions might no longer support building such malformed projects.
[WARNING] 
[INFO] 
[INFO] ---------------------< com.graphhopper:rick-major >---------------------
[INFO] Building rick-major 5.3
[INFO] --------------------------------[ jar ]---------------------------------
[INFO] 
[INFO] --- maven-clean-plugin:2.5:clean (default-clean) @ rick-major ---
[INFO] Deleting /home/dee/dev/rick-major-review/graphhopper/rick-major/target
[INFO] ------------------------------------------------------------------------
[INFO] BUILD SUCCESS
[INFO] ------------------------------------------------------------------------
[INFO] Total time:  1.182 s
[INFO] Finished at: 2023-06-11T12:34:55+02:00
[INFO] ------------------------------------------------------------------------


---------------------------------------------------
[LOG] In experiment directory /home/dee/dev/rick-experiments/mutation-analysis
---------------------------------------------------
---------------------------------------------------
[LOG] Resetting FinishInstruction.java to original
[LOG] Invoking cp ./FinishInstruction.java/original.java /home/dee/dev/rick-major-review/graphhopper/web-api/src/main/java/com/graphhopper/util/FinishInstruction.java
---------------------------------------------------
[LOG] Replacing originalFinishInstruction.java with ./FinishInstruction.java/4.java
[LOG] Invoking cp ./FinishInstruction.java/4.java /home/dee/dev/rick-major-review/graphhopper/web-api/src/main/java/com/graphhopper/util/FinishInstruction.java
[LOG] Invoked a clean install of the parent module with ['mvn', 'clean', 'install', '-DskipTests']
[INFO] Scanning for projects...
[INFO] 
[INFO] ----------------< com.graphhopper:graphhopper-web-api >-----------------
[INFO] Building GraphHopper Web API 5.3
[INFO] --------------------------------[ jar ]---------------------------------
[INFO] 
[INFO] --- maven-clean-plugin:2.5:clean (default-clean) @ graphhopper-web-api ---
[INFO] Deleting /home/dee/dev/rick-major-review/graphhopper/web-api/target
[INFO] 
[INFO] --- maven-resources-plugin:2.6:resources (default-resources) @ graphhopper-web-api ---
[INFO] Using 'UTF-8' encoding to copy filtered resources.
[INFO] skip non existing resourceDirectory /home/dee/dev/rick-major-review/graphhopper/web-api/src/main/resources
[INFO] 
[INFO] --- maven-compiler-plugin:3.8.1:compile (default-compile) @ graphhopper-web-api ---
[INFO] Changes detected - recompiling the module!
[INFO] Compiling 49 source files to /home/dee/dev/rick-major-review/graphhopper/web-api/target/classes
[INFO] 
[INFO] --- maven-resources-plugin:2.6:testResources (default-testResources) @ graphhopper-web-api ---
[INFO] Using 'UTF-8' encoding to copy filtered resources.
[INFO] Copying 3 resources
[INFO] 
[INFO] --- maven-compiler-plugin:3.8.1:testCompile (default-testCompile) @ graphhopper-web-api ---
[INFO] Changes detected - recompiling the module!
[INFO] Compiling 12 source files to /home/dee/dev/rick-major-review/graphhopper/web-api/target/test-classes
[INFO] 
[INFO] --- maven-surefire-plugin:2.22.2:test (default-test) @ graphhopper-web-api ---
[INFO] Tests are skipped.
[INFO] 
[INFO] --- maven-jar-plugin:3.1.1:jar (default-jar) @ graphhopper-web-api ---
[INFO] Building jar: /home/dee/dev/rick-major-review/graphhopper/web-api/target/graphhopper-web-api-5.3.jar
[INFO] 
[INFO] --- maven-failsafe-plugin:2.22.2:integration-test (default) @ graphhopper-web-api ---
[INFO] Tests are skipped.
[INFO] 
[INFO] --- maven-failsafe-plugin:2.22.2:verify (default) @ graphhopper-web-api ---
[INFO] Tests are skipped.
[INFO] 
[INFO] --- maven-install-plugin:2.4:install (default-install) @ graphhopper-web-api ---
[INFO] Installing /home/dee/dev/rick-major-review/graphhopper/web-api/target/graphhopper-web-api-5.3.jar to /home/dee/.m2/repository/com/graphhopper/graphhopper-web-api/5.3/graphhopper-web-api-5.3.jar
[INFO] Installing /home/dee/dev/rick-major-review/graphhopper/web-api/pom.xml to /home/dee/.m2/repository/com/graphhopper/graphhopper-web-api/5.3/graphhopper-web-api-5.3.pom
[INFO] ------------------------------------------------------------------------
[INFO] BUILD SUCCESS
[INFO] ------------------------------------------------------------------------
[INFO] Total time:  16.883 s
[INFO] Finished at: 2023-06-11T12:35:17+02:00
[INFO] ------------------------------------------------------------------------


---------------------------------------------------
[BASELINE] Not evaluating any oracle
[LOG] Replacing original RICK test with variant baseline
[LOG] Invoking cp /home/dee/dev/rick-experiments/mutation-analysis/output/FinishInstruction_getTurnDescription_Translation/test-baseline.java /home/dee/dev/rick-major-review/graphhopper/rick-major/src/test/java/com/graphhopper/util/TestFinishInstructionRickGen.java
[LOG] In test module directory /home/dee/dev/rick-major-review/graphhopper/rick-major
[LOG] Invoked tests with ['mvn', 'test', '-Dtest=TestFinishInstructionRickGen']
[INFO] Scanning for projects...
[WARNING] 
[WARNING] Some problems were encountered while building the effective model for com.graphhopper:rick-major:jar:5.3
[WARNING] 'dependencies.dependency.(groupId:artifactId:type:classifier)' must be unique: com.graphhopper:graphhopper-web:jar -> duplicate declaration of version 5.3 @ line 79, column 17
[WARNING] 
[WARNING] It is highly recommended to fix these problems because they threaten the stability of your build.
[WARNING] 
[WARNING] For this reason, future Maven versions might no longer support building such malformed projects.
[WARNING] 
[INFO] 
[INFO] ---------------------< com.graphhopper:rick-major >---------------------
[INFO] Building rick-major 5.3
[INFO] --------------------------------[ jar ]---------------------------------
[INFO] 
[INFO] --- maven-resources-plugin:2.6:resources (default-resources) @ rick-major ---
[INFO] Using 'UTF-8' encoding to copy filtered resources.
[INFO] Copying 0 resource
[INFO] 
[INFO] --- maven-compiler-plugin:3.8.1:compile (default-compile) @ rick-major ---
[INFO] Nothing to compile - all classes are up to date
[INFO] 
[INFO] --- maven-resources-plugin:2.6:testResources (default-testResources) @ rick-major ---
[INFO] Using 'UTF-8' encoding to copy filtered resources.
[INFO] Copying 26 resources
[INFO] 
[INFO] --- maven-compiler-plugin:3.8.1:testCompile (default-testCompile) @ rick-major ---
[INFO] Changes detected - recompiling the module!
[INFO] Compiling 15 source files to /home/dee/dev/rick-major-review/graphhopper/rick-major/target/test-classes
[INFO] 
[INFO] --- maven-surefire-plugin:2.22.2:test (default-test) @ rick-major ---
[INFO] 
[INFO] -------------------------------------------------------
[INFO]  T E S T S
[INFO] -------------------------------------------------------
[INFO] Running com.graphhopper.util.TestFinishInstructionRickGen
[INFO] Tests run: 3, Failures: 0, Errors: 0, Skipped: 0, Time elapsed: 6.05 s - in com.graphhopper.util.TestFinishInstructionRickGen
[INFO] 
[INFO] Results:
[INFO] 
[INFO] Tests run: 3, Failures: 0, Errors: 0, Skipped: 0
[INFO] 
[INFO] ------------------------------------------------------------------------
[INFO] BUILD SUCCESS
[INFO] ------------------------------------------------------------------------
[INFO] Total time:  19.435 s
[INFO] Finished at: 2023-06-11T12:35:40+02:00
[INFO] ------------------------------------------------------------------------

Security framework of XStream not initialized, XStream is probably vulnerable.

---------------------------------------------------
[LOG] Cleaned targets with ['mvn', 'clean']
[INFO] Scanning for projects...
[WARNING] 
[WARNING] Some problems were encountered while building the effective model for com.graphhopper:rick-major:jar:5.3
[WARNING] 'dependencies.dependency.(groupId:artifactId:type:classifier)' must be unique: com.graphhopper:graphhopper-web:jar -> duplicate declaration of version 5.3 @ line 79, column 17
[WARNING] 
[WARNING] It is highly recommended to fix these problems because they threaten the stability of your build.
[WARNING] 
[WARNING] For this reason, future Maven versions might no longer support building such malformed projects.
[WARNING] 
[INFO] 
[INFO] ---------------------< com.graphhopper:rick-major >---------------------
[INFO] Building rick-major 5.3
[INFO] --------------------------------[ jar ]---------------------------------
[INFO] 
[INFO] --- maven-clean-plugin:2.5:clean (default-clean) @ rick-major ---
[INFO] Deleting /home/dee/dev/rick-major-review/graphhopper/rick-major/target
[INFO] ------------------------------------------------------------------------
[INFO] BUILD SUCCESS
[INFO] ------------------------------------------------------------------------
[INFO] Total time:  1.130 s
[INFO] Finished at: 2023-06-11T12:35:46+02:00
[INFO] ------------------------------------------------------------------------


---------------------------------------------------
[LOG] In experiment directory /home/dee/dev/rick-experiments/mutation-analysis
---------------------------------------------------
[LOG] Restoring original RICK test from ./FinishInstruction.java/original-test.java
[LOG] Invoking cp ./FinishInstruction.java/original-test.java /home/dee/dev/rick-major-review/graphhopper/rick-major/src/test/java/com/graphhopper/util/TestFinishInstructionRickGen.java
---------------------------------------------------
[OO] Evaluating only OO
[LOG] Replacing original RICK test with variant oo
[LOG] Invoking cp /home/dee/dev/rick-experiments/mutation-analysis/output/FinishInstruction_getTurnDescription_Translation/test-oo.java /home/dee/dev/rick-major-review/graphhopper/rick-major/src/test/java/com/graphhopper/util/TestFinishInstructionRickGen.java
[LOG] In test module directory /home/dee/dev/rick-major-review/graphhopper/rick-major
[LOG] Invoked tests with ['mvn', 'test', '-Dtest=TestFinishInstructionRickGen']
[INFO] Scanning for projects...
[WARNING] 
[WARNING] Some problems were encountered while building the effective model for com.graphhopper:rick-major:jar:5.3
[WARNING] 'dependencies.dependency.(groupId:artifactId:type:classifier)' must be unique: com.graphhopper:graphhopper-web:jar -> duplicate declaration of version 5.3 @ line 79, column 17
[WARNING] 
[WARNING] It is highly recommended to fix these problems because they threaten the stability of your build.
[WARNING] 
[WARNING] For this reason, future Maven versions might no longer support building such malformed projects.
[WARNING] 
[INFO] 
[INFO] ---------------------< com.graphhopper:rick-major >---------------------
[INFO] Building rick-major 5.3
[INFO] --------------------------------[ jar ]---------------------------------
[INFO] 
[INFO] --- maven-resources-plugin:2.6:resources (default-resources) @ rick-major ---
[INFO] Using 'UTF-8' encoding to copy filtered resources.
[INFO] Copying 0 resource
[INFO] 
[INFO] --- maven-compiler-plugin:3.8.1:compile (default-compile) @ rick-major ---
[INFO] Nothing to compile - all classes are up to date
[INFO] 
[INFO] --- maven-resources-plugin:2.6:testResources (default-testResources) @ rick-major ---
[INFO] Using 'UTF-8' encoding to copy filtered resources.
[INFO] Copying 26 resources
[INFO] 
[INFO] --- maven-compiler-plugin:3.8.1:testCompile (default-testCompile) @ rick-major ---
[INFO] Changes detected - recompiling the module!
[INFO] Compiling 15 source files to /home/dee/dev/rick-major-review/graphhopper/rick-major/target/test-classes
[INFO] 
[INFO] --- maven-surefire-plugin:2.22.2:test (default-test) @ rick-major ---
[INFO] 
[INFO] -------------------------------------------------------
[INFO]  T E S T S
[INFO] -------------------------------------------------------
[INFO] Running com.graphhopper.util.TestFinishInstructionRickGen
[ERROR] Tests run: 3, Failures: 1, Errors: 0, Skipped: 0, Time elapsed: 6.063 s <<< FAILURE! - in com.graphhopper.util.TestFinishInstructionRickGen
[ERROR] test_getTurnDescription_OO_f4925d65c622402e98befa313e740ccb  Time elapsed: 0.275 s  <<< FAILURE!
org.opentest4j.AssertionFailedError: expected: <arrive at destination> but was: <null>
	at com.graphhopper.util.TestFinishInstructionRickGen.test_getTurnDescription_OO_f4925d65c622402e98befa313e740ccb(TestFinishInstructionRickGen.java:43)

[INFO] 
[INFO] Results:
[INFO] 
[ERROR] Failures: 
[ERROR]   TestFinishInstructionRickGen.test_getTurnDescription_OO_f4925d65c622402e98befa313e740ccb:43 expected: <arrive at destination> but was: <null>
[INFO] 
[ERROR] Tests run: 3, Failures: 1, Errors: 0, Skipped: 0
[INFO] 
[INFO] ------------------------------------------------------------------------
[INFO] BUILD FAILURE
[INFO] ------------------------------------------------------------------------
[INFO] Total time:  19.636 s
[INFO] Finished at: 2023-06-11T12:36:10+02:00
[INFO] ------------------------------------------------------------------------
[ERROR] Failed to execute goal org.apache.maven.plugins:maven-surefire-plugin:2.22.2:test (default-test) on project rick-major: There are test failures.
[ERROR] 
[ERROR] Please refer to /home/dee/dev/rick-major-review/graphhopper/rick-major/target/surefire-reports for the individual test results.
[ERROR] Please refer to dump files (if any exist) [date].dump, [date]-jvmRun[N].dump and [date].dumpstream.
[ERROR] -> [Help 1]
[ERROR] 
[ERROR] To see the full stack trace of the errors, re-run Maven with the -e switch.
[ERROR] Re-run Maven using the -X switch to enable full debug logging.
[ERROR] 
[ERROR] For more information about the errors and possible solutions, please read the following articles:
[ERROR] [Help 1] http://cwiki.apache.org/confluence/display/MAVEN/MojoFailureException

Security framework of XStream not initialized, XStream is probably vulnerable.

---------------------------------------------------
[LOG] Cleaned targets with ['mvn', 'clean']
[INFO] Scanning for projects...
[WARNING] 
[WARNING] Some problems were encountered while building the effective model for com.graphhopper:rick-major:jar:5.3
[WARNING] 'dependencies.dependency.(groupId:artifactId:type:classifier)' must be unique: com.graphhopper:graphhopper-web:jar -> duplicate declaration of version 5.3 @ line 79, column 17
[WARNING] 
[WARNING] It is highly recommended to fix these problems because they threaten the stability of your build.
[WARNING] 
[WARNING] For this reason, future Maven versions might no longer support building such malformed projects.
[WARNING] 
[INFO] 
[INFO] ---------------------< com.graphhopper:rick-major >---------------------
[INFO] Building rick-major 5.3
[INFO] --------------------------------[ jar ]---------------------------------
[INFO] 
[INFO] --- maven-clean-plugin:2.5:clean (default-clean) @ rick-major ---
[INFO] Deleting /home/dee/dev/rick-major-review/graphhopper/rick-major/target
[INFO] ------------------------------------------------------------------------
[INFO] BUILD SUCCESS
[INFO] ------------------------------------------------------------------------
[INFO] Total time:  1.472 s
[INFO] Finished at: 2023-06-11T12:36:17+02:00
[INFO] ------------------------------------------------------------------------


---------------------------------------------------
[LOG] In experiment directory /home/dee/dev/rick-experiments/mutation-analysis
---------------------------------------------------
[LOG] Restoring original RICK test from ./FinishInstruction.java/original-test.java
[LOG] Invoking cp ./FinishInstruction.java/original-test.java /home/dee/dev/rick-major-review/graphhopper/rick-major/src/test/java/com/graphhopper/util/TestFinishInstructionRickGen.java
---------------------------------------------------
[PO] Evaluating only PO
[LOG] Replacing original RICK test with variant po
[LOG] Invoking cp /home/dee/dev/rick-experiments/mutation-analysis/output/FinishInstruction_getTurnDescription_Translation/test-po.java /home/dee/dev/rick-major-review/graphhopper/rick-major/src/test/java/com/graphhopper/util/TestFinishInstructionRickGen.java
[LOG] In test module directory /home/dee/dev/rick-major-review/graphhopper/rick-major
[LOG] Invoked tests with ['mvn', 'test', '-Dtest=TestFinishInstructionRickGen']
[INFO] Scanning for projects...
[WARNING] 
[WARNING] Some problems were encountered while building the effective model for com.graphhopper:rick-major:jar:5.3
[WARNING] 'dependencies.dependency.(groupId:artifactId:type:classifier)' must be unique: com.graphhopper:graphhopper-web:jar -> duplicate declaration of version 5.3 @ line 79, column 17
[WARNING] 
[WARNING] It is highly recommended to fix these problems because they threaten the stability of your build.
[WARNING] 
[WARNING] For this reason, future Maven versions might no longer support building such malformed projects.
[WARNING] 
[INFO] 
[INFO] ---------------------< com.graphhopper:rick-major >---------------------
[INFO] Building rick-major 5.3
[INFO] --------------------------------[ jar ]---------------------------------
[INFO] 
[INFO] --- maven-resources-plugin:2.6:resources (default-resources) @ rick-major ---
[INFO] Using 'UTF-8' encoding to copy filtered resources.
[INFO] Copying 0 resource
[INFO] 
[INFO] --- maven-compiler-plugin:3.8.1:compile (default-compile) @ rick-major ---
[INFO] Nothing to compile - all classes are up to date
[INFO] 
[INFO] --- maven-resources-plugin:2.6:testResources (default-testResources) @ rick-major ---
[INFO] Using 'UTF-8' encoding to copy filtered resources.
[INFO] Copying 26 resources
[INFO] 
[INFO] --- maven-compiler-plugin:3.8.1:testCompile (default-testCompile) @ rick-major ---
[INFO] Changes detected - recompiling the module!
[INFO] Compiling 15 source files to /home/dee/dev/rick-major-review/graphhopper/rick-major/target/test-classes
[INFO] 
[INFO] --- maven-surefire-plugin:2.22.2:test (default-test) @ rick-major ---
[INFO] 
[INFO] -------------------------------------------------------
[INFO]  T E S T S
[INFO] -------------------------------------------------------
[INFO] Running com.graphhopper.util.TestFinishInstructionRickGen
[ERROR] Tests run: 3, Failures: 1, Errors: 0, Skipped: 0, Time elapsed: 6.615 s <<< FAILURE! - in com.graphhopper.util.TestFinishInstructionRickGen
[ERROR] test_getTurnDescription_PO_f4925d65c622402e98befa313e740ccb  Time elapsed: 0.896 s  <<< FAILURE!
org.mockito.exceptions.verification.WantedButNotInvoked: 

Wanted but not invoked:
translation.tr("finish", <any>);
-> at com.graphhopper.util.TestFinishInstructionRickGen.test_getTurnDescription_PO_f4925d65c622402e98befa313e740ccb(TestFinishInstructionRickGen.java:56)
Actually, there were zero interactions with this mock.

	at com.graphhopper.util.TestFinishInstructionRickGen.test_getTurnDescription_PO_f4925d65c622402e98befa313e740ccb(TestFinishInstructionRickGen.java:56)

[INFO] 
[INFO] Results:
[INFO] 
[ERROR] Failures: 
[ERROR]   TestFinishInstructionRickGen.test_getTurnDescription_PO_f4925d65c622402e98befa313e740ccb:56 
Wanted but not invoked:
translation.tr("finish", <any>);
-> at com.graphhopper.util.TestFinishInstructionRickGen.test_getTurnDescription_PO_f4925d65c622402e98befa313e740ccb(TestFinishInstructionRickGen.java:56)
Actually, there were zero interactions with this mock.

[INFO] 
[ERROR] Tests run: 3, Failures: 1, Errors: 0, Skipped: 0
[INFO] 
[INFO] ------------------------------------------------------------------------
[INFO] BUILD FAILURE
[INFO] ------------------------------------------------------------------------
[INFO] Total time:  22.376 s
[INFO] Finished at: 2023-06-11T12:36:44+02:00
[INFO] ------------------------------------------------------------------------
[ERROR] Failed to execute goal org.apache.maven.plugins:maven-surefire-plugin:2.22.2:test (default-test) on project rick-major: There are test failures.
[ERROR] 
[ERROR] Please refer to /home/dee/dev/rick-major-review/graphhopper/rick-major/target/surefire-reports for the individual test results.
[ERROR] Please refer to dump files (if any exist) [date].dump, [date]-jvmRun[N].dump and [date].dumpstream.
[ERROR] -> [Help 1]
[ERROR] 
[ERROR] To see the full stack trace of the errors, re-run Maven with the -e switch.
[ERROR] Re-run Maven using the -X switch to enable full debug logging.
[ERROR] 
[ERROR] For more information about the errors and possible solutions, please read the following articles:
[ERROR] [Help 1] http://cwiki.apache.org/confluence/display/MAVEN/MojoFailureException

Security framework of XStream not initialized, XStream is probably vulnerable.

---------------------------------------------------
[LOG] Cleaned targets with ['mvn', 'clean']
[INFO] Scanning for projects...
[WARNING] 
[WARNING] Some problems were encountered while building the effective model for com.graphhopper:rick-major:jar:5.3
[WARNING] 'dependencies.dependency.(groupId:artifactId:type:classifier)' must be unique: com.graphhopper:graphhopper-web:jar -> duplicate declaration of version 5.3 @ line 79, column 17
[WARNING] 
[WARNING] It is highly recommended to fix these problems because they threaten the stability of your build.
[WARNING] 
[WARNING] For this reason, future Maven versions might no longer support building such malformed projects.
[WARNING] 
[INFO] 
[INFO] ---------------------< com.graphhopper:rick-major >---------------------
[INFO] Building rick-major 5.3
[INFO] --------------------------------[ jar ]---------------------------------
[INFO] 
[INFO] --- maven-clean-plugin:2.5:clean (default-clean) @ rick-major ---
[INFO] Deleting /home/dee/dev/rick-major-review/graphhopper/rick-major/target
[INFO] ------------------------------------------------------------------------
[INFO] BUILD SUCCESS
[INFO] ------------------------------------------------------------------------
[INFO] Total time:  1.322 s
[INFO] Finished at: 2023-06-11T12:36:51+02:00
[INFO] ------------------------------------------------------------------------


---------------------------------------------------
[LOG] In experiment directory /home/dee/dev/rick-experiments/mutation-analysis
---------------------------------------------------
[LOG] Restoring original RICK test from ./FinishInstruction.java/original-test.java
[LOG] Invoking cp ./FinishInstruction.java/original-test.java /home/dee/dev/rick-major-review/graphhopper/rick-major/src/test/java/com/graphhopper/util/TestFinishInstructionRickGen.java
---------------------------------------------------
[CO] Evaluating only CO
[LOG] Replacing original RICK test with variant co
[LOG] Invoking cp /home/dee/dev/rick-experiments/mutation-analysis/output/FinishInstruction_getTurnDescription_Translation/test-co.java /home/dee/dev/rick-major-review/graphhopper/rick-major/src/test/java/com/graphhopper/util/TestFinishInstructionRickGen.java
[LOG] In test module directory /home/dee/dev/rick-major-review/graphhopper/rick-major
[LOG] Invoked tests with ['mvn', 'test', '-Dtest=TestFinishInstructionRickGen']
[INFO] Scanning for projects...
[WARNING] 
[WARNING] Some problems were encountered while building the effective model for com.graphhopper:rick-major:jar:5.3
[WARNING] 'dependencies.dependency.(groupId:artifactId:type:classifier)' must be unique: com.graphhopper:graphhopper-web:jar -> duplicate declaration of version 5.3 @ line 79, column 17
[WARNING] 
[WARNING] It is highly recommended to fix these problems because they threaten the stability of your build.
[WARNING] 
[WARNING] For this reason, future Maven versions might no longer support building such malformed projects.
[WARNING] 
[INFO] 
[INFO] ---------------------< com.graphhopper:rick-major >---------------------
[INFO] Building rick-major 5.3
[INFO] --------------------------------[ jar ]---------------------------------
[INFO] 
[INFO] --- maven-resources-plugin:2.6:resources (default-resources) @ rick-major ---
[INFO] Using 'UTF-8' encoding to copy filtered resources.
[INFO] Copying 0 resource
[INFO] 
[INFO] --- maven-compiler-plugin:3.8.1:compile (default-compile) @ rick-major ---
[INFO] Nothing to compile - all classes are up to date
[INFO] 
[INFO] --- maven-resources-plugin:2.6:testResources (default-testResources) @ rick-major ---
[INFO] Using 'UTF-8' encoding to copy filtered resources.
[INFO] Copying 26 resources
[INFO] 
[INFO] --- maven-compiler-plugin:3.8.1:testCompile (default-testCompile) @ rick-major ---
[INFO] Changes detected - recompiling the module!
[INFO] Compiling 15 source files to /home/dee/dev/rick-major-review/graphhopper/rick-major/target/test-classes
[INFO] 
[INFO] --- maven-surefire-plugin:2.22.2:test (default-test) @ rick-major ---
[INFO] 
[INFO] -------------------------------------------------------
[INFO]  T E S T S
[INFO] -------------------------------------------------------
[INFO] Running com.graphhopper.util.TestFinishInstructionRickGen
[ERROR] Tests run: 3, Failures: 1, Errors: 0, Skipped: 0, Time elapsed: 5.666 s <<< FAILURE! - in com.graphhopper.util.TestFinishInstructionRickGen
[ERROR] test_getTurnDescription_CO_f4925d65c622402e98befa313e740ccb  Time elapsed: 4.182 s  <<< FAILURE!
org.mockito.exceptions.verification.WantedButNotInvoked: 

Wanted but not invoked:
translation.tr(<any string>, <any>);
-> at com.graphhopper.util.TestFinishInstructionRickGen.test_getTurnDescription_CO_f4925d65c622402e98befa313e740ccb(TestFinishInstructionRickGen.java:70)
Actually, there were zero interactions with this mock.

	at com.graphhopper.util.TestFinishInstructionRickGen.test_getTurnDescription_CO_f4925d65c622402e98befa313e740ccb(TestFinishInstructionRickGen.java:70)

[INFO] 
[INFO] Results:
[INFO] 
[ERROR] Failures: 
[ERROR]   TestFinishInstructionRickGen.test_getTurnDescription_CO_f4925d65c622402e98befa313e740ccb:70 
Wanted but not invoked:
translation.tr(<any string>, <any>);
-> at com.graphhopper.util.TestFinishInstructionRickGen.test_getTurnDescription_CO_f4925d65c622402e98befa313e740ccb(TestFinishInstructionRickGen.java:70)
Actually, there were zero interactions with this mock.

[INFO] 
[ERROR] Tests run: 3, Failures: 1, Errors: 0, Skipped: 0
[INFO] 
[INFO] ------------------------------------------------------------------------
[INFO] BUILD FAILURE
[INFO] ------------------------------------------------------------------------
[INFO] Total time:  21.539 s
[INFO] Finished at: 2023-06-11T12:37:17+02:00
[INFO] ------------------------------------------------------------------------
[ERROR] Failed to execute goal org.apache.maven.plugins:maven-surefire-plugin:2.22.2:test (default-test) on project rick-major: There are test failures.
[ERROR] 
[ERROR] Please refer to /home/dee/dev/rick-major-review/graphhopper/rick-major/target/surefire-reports for the individual test results.
[ERROR] Please refer to dump files (if any exist) [date].dump, [date]-jvmRun[N].dump and [date].dumpstream.
[ERROR] -> [Help 1]
[ERROR] 
[ERROR] To see the full stack trace of the errors, re-run Maven with the -e switch.
[ERROR] Re-run Maven using the -X switch to enable full debug logging.
[ERROR] 
[ERROR] For more information about the errors and possible solutions, please read the following articles:
[ERROR] [Help 1] http://cwiki.apache.org/confluence/display/MAVEN/MojoFailureException

Security framework of XStream not initialized, XStream is probably vulnerable.

---------------------------------------------------
[LOG] Cleaned targets with ['mvn', 'clean']
[INFO] Scanning for projects...
[WARNING] 
[WARNING] Some problems were encountered while building the effective model for com.graphhopper:rick-major:jar:5.3
[WARNING] 'dependencies.dependency.(groupId:artifactId:type:classifier)' must be unique: com.graphhopper:graphhopper-web:jar -> duplicate declaration of version 5.3 @ line 79, column 17
[WARNING] 
[WARNING] It is highly recommended to fix these problems because they threaten the stability of your build.
[WARNING] 
[WARNING] For this reason, future Maven versions might no longer support building such malformed projects.
[WARNING] 
[INFO] 
[INFO] ---------------------< com.graphhopper:rick-major >---------------------
[INFO] Building rick-major 5.3
[INFO] --------------------------------[ jar ]---------------------------------
[INFO] 
[INFO] --- maven-clean-plugin:2.5:clean (default-clean) @ rick-major ---
[INFO] Deleting /home/dee/dev/rick-major-review/graphhopper/rick-major/target
[INFO] ------------------------------------------------------------------------
[INFO] BUILD SUCCESS
[INFO] ------------------------------------------------------------------------
[INFO] Total time:  1.295 s
[INFO] Finished at: 2023-06-11T12:37:23+02:00
[INFO] ------------------------------------------------------------------------


---------------------------------------------------
[LOG] In experiment directory /home/dee/dev/rick-experiments/mutation-analysis
---------------------------------------------------
[LOG] Restoring original RICK test from ./FinishInstruction.java/original-test.java
[LOG] Invoking cp ./FinishInstruction.java/original-test.java /home/dee/dev/rick-major-review/graphhopper/rick-major/src/test/java/com/graphhopper/util/TestFinishInstructionRickGen.java
---------------------------------------------------
[ALL] Evaluating (OO +) PO + CO
[LOG] Restoring original RICK test from ./FinishInstruction.java/original-test.java
[LOG] Invoking cp ./FinishInstruction.java/original-test.java /home/dee/dev/rick-major-review/graphhopper/rick-major/src/test/java/com/graphhopper/util/TestFinishInstructionRickGen.java
[LOG] In test module directory /home/dee/dev/rick-major-review/graphhopper/rick-major
[LOG] Invoked tests with ['mvn', 'test', '-Dtest=TestFinishInstructionRickGen']
[INFO] Scanning for projects...
[WARNING] 
[WARNING] Some problems were encountered while building the effective model for com.graphhopper:rick-major:jar:5.3
[WARNING] 'dependencies.dependency.(groupId:artifactId:type:classifier)' must be unique: com.graphhopper:graphhopper-web:jar -> duplicate declaration of version 5.3 @ line 79, column 17
[WARNING] 
[WARNING] It is highly recommended to fix these problems because they threaten the stability of your build.
[WARNING] 
[WARNING] For this reason, future Maven versions might no longer support building such malformed projects.
[WARNING] 
[INFO] 
[INFO] ---------------------< com.graphhopper:rick-major >---------------------
[INFO] Building rick-major 5.3
[INFO] --------------------------------[ jar ]---------------------------------
[INFO] 
[INFO] --- maven-resources-plugin:2.6:resources (default-resources) @ rick-major ---
[INFO] Using 'UTF-8' encoding to copy filtered resources.
[INFO] Copying 0 resource
[INFO] 
[INFO] --- maven-compiler-plugin:3.8.1:compile (default-compile) @ rick-major ---
[INFO] Nothing to compile - all classes are up to date
[INFO] 
[INFO] --- maven-resources-plugin:2.6:testResources (default-testResources) @ rick-major ---
[INFO] Using 'UTF-8' encoding to copy filtered resources.
[INFO] Copying 26 resources
[INFO] 
[INFO] --- maven-compiler-plugin:3.8.1:testCompile (default-testCompile) @ rick-major ---
[INFO] Changes detected - recompiling the module!
[INFO] Compiling 15 source files to /home/dee/dev/rick-major-review/graphhopper/rick-major/target/test-classes
[INFO] 
[INFO] --- maven-surefire-plugin:2.22.2:test (default-test) @ rick-major ---
[INFO] 
[INFO] -------------------------------------------------------
[INFO]  T E S T S
[INFO] -------------------------------------------------------
[INFO] Running com.graphhopper.util.TestFinishInstructionRickGen
[ERROR] Tests run: 3, Failures: 3, Errors: 0, Skipped: 0, Time elapsed: 6.019 s <<< FAILURE! - in com.graphhopper.util.TestFinishInstructionRickGen
[ERROR] test_getTurnDescription_CO_f4925d65c622402e98befa313e740ccb  Time elapsed: 4.221 s  <<< FAILURE!
org.mockito.exceptions.verification.WantedButNotInvoked: 

Wanted but not invoked:
translation.tr(<any string>, <any>);
-> at com.graphhopper.util.TestFinishInstructionRickGen.test_getTurnDescription_CO_f4925d65c622402e98befa313e740ccb(TestFinishInstructionRickGen.java:70)
Actually, there were zero interactions with this mock.

	at com.graphhopper.util.TestFinishInstructionRickGen.test_getTurnDescription_CO_f4925d65c622402e98befa313e740ccb(TestFinishInstructionRickGen.java:70)

[ERROR] test_getTurnDescription_PO_f4925d65c622402e98befa313e740ccb  Time elapsed: 0.418 s  <<< FAILURE!
org.mockito.exceptions.verification.WantedButNotInvoked: 

Wanted but not invoked:
translation.tr("finish", <any>);
-> at com.graphhopper.util.TestFinishInstructionRickGen.test_getTurnDescription_PO_f4925d65c622402e98befa313e740ccb(TestFinishInstructionRickGen.java:56)
Actually, there were zero interactions with this mock.

	at com.graphhopper.util.TestFinishInstructionRickGen.test_getTurnDescription_PO_f4925d65c622402e98befa313e740ccb(TestFinishInstructionRickGen.java:56)

[ERROR] test_getTurnDescription_OO_f4925d65c622402e98befa313e740ccb  Time elapsed: 0.192 s  <<< FAILURE!
org.opentest4j.AssertionFailedError: expected: <arrive at destination> but was: <null>
	at com.graphhopper.util.TestFinishInstructionRickGen.test_getTurnDescription_OO_f4925d65c622402e98befa313e740ccb(TestFinishInstructionRickGen.java:43)

[INFO] 
[INFO] Results:
[INFO] 
[ERROR] Failures: 
[ERROR]   TestFinishInstructionRickGen.test_getTurnDescription_CO_f4925d65c622402e98befa313e740ccb:70 
Wanted but not invoked:
translation.tr(<any string>, <any>);
-> at com.graphhopper.util.TestFinishInstructionRickGen.test_getTurnDescription_CO_f4925d65c622402e98befa313e740ccb(TestFinishInstructionRickGen.java:70)
Actually, there were zero interactions with this mock.

[ERROR]   TestFinishInstructionRickGen.test_getTurnDescription_OO_f4925d65c622402e98befa313e740ccb:43 expected: <arrive at destination> but was: <null>
[ERROR]   TestFinishInstructionRickGen.test_getTurnDescription_PO_f4925d65c622402e98befa313e740ccb:56 
Wanted but not invoked:
translation.tr("finish", <any>);
-> at com.graphhopper.util.TestFinishInstructionRickGen.test_getTurnDescription_PO_f4925d65c622402e98befa313e740ccb(TestFinishInstructionRickGen.java:56)
Actually, there were zero interactions with this mock.

[INFO] 
[ERROR] Tests run: 3, Failures: 3, Errors: 0, Skipped: 0
[INFO] 
[INFO] ------------------------------------------------------------------------
[INFO] BUILD FAILURE
[INFO] ------------------------------------------------------------------------
[INFO] Total time:  21.609 s
[INFO] Finished at: 2023-06-11T12:37:50+02:00
[INFO] ------------------------------------------------------------------------
[ERROR] Failed to execute goal org.apache.maven.plugins:maven-surefire-plugin:2.22.2:test (default-test) on project rick-major: There are test failures.
[ERROR] 
[ERROR] Please refer to /home/dee/dev/rick-major-review/graphhopper/rick-major/target/surefire-reports for the individual test results.
[ERROR] Please refer to dump files (if any exist) [date].dump, [date]-jvmRun[N].dump and [date].dumpstream.
[ERROR] -> [Help 1]
[ERROR] 
[ERROR] To see the full stack trace of the errors, re-run Maven with the -e switch.
[ERROR] Re-run Maven using the -X switch to enable full debug logging.
[ERROR] 
[ERROR] For more information about the errors and possible solutions, please read the following articles:
[ERROR] [Help 1] http://cwiki.apache.org/confluence/display/MAVEN/MojoFailureException

Security framework of XStream not initialized, XStream is probably vulnerable.

---------------------------------------------------
[LOG] Cleaned targets with ['mvn', 'clean']
[INFO] Scanning for projects...
[WARNING] 
[WARNING] Some problems were encountered while building the effective model for com.graphhopper:rick-major:jar:5.3
[WARNING] 'dependencies.dependency.(groupId:artifactId:type:classifier)' must be unique: com.graphhopper:graphhopper-web:jar -> duplicate declaration of version 5.3 @ line 79, column 17
[WARNING] 
[WARNING] It is highly recommended to fix these problems because they threaten the stability of your build.
[WARNING] 
[WARNING] For this reason, future Maven versions might no longer support building such malformed projects.
[WARNING] 
[INFO] 
[INFO] ---------------------< com.graphhopper:rick-major >---------------------
[INFO] Building rick-major 5.3
[INFO] --------------------------------[ jar ]---------------------------------
[INFO] 
[INFO] --- maven-clean-plugin:2.5:clean (default-clean) @ rick-major ---
[INFO] Deleting /home/dee/dev/rick-major-review/graphhopper/rick-major/target
[INFO] ------------------------------------------------------------------------
[INFO] BUILD SUCCESS
[INFO] ------------------------------------------------------------------------
[INFO] Total time:  1.532 s
[INFO] Finished at: 2023-06-11T12:37:56+02:00
[INFO] ------------------------------------------------------------------------


---------------------------------------------------
[LOG] In experiment directory /home/dee/dev/rick-experiments/mutation-analysis
---------------------------------------------------
---------------------------------------------------
[LOG] Resetting FinishInstruction.java to original
[LOG] Invoking cp ./FinishInstruction.java/original.java /home/dee/dev/rick-major-review/graphhopper/web-api/src/main/java/com/graphhopper/util/FinishInstruction.java
---------------------------------------------------
[LOG] Replacing originalFinishInstruction.java with ./FinishInstruction.java/5.java
[LOG] Invoking cp ./FinishInstruction.java/5.java /home/dee/dev/rick-major-review/graphhopper/web-api/src/main/java/com/graphhopper/util/FinishInstruction.java
[LOG] Invoked a clean install of the parent module with ['mvn', 'clean', 'install', '-DskipTests']
[INFO] Scanning for projects...
[INFO] 
[INFO] ----------------< com.graphhopper:graphhopper-web-api >-----------------
[INFO] Building GraphHopper Web API 5.3
[INFO] --------------------------------[ jar ]---------------------------------
[INFO] 
[INFO] --- maven-clean-plugin:2.5:clean (default-clean) @ graphhopper-web-api ---
[INFO] Deleting /home/dee/dev/rick-major-review/graphhopper/web-api/target
[INFO] 
[INFO] --- maven-resources-plugin:2.6:resources (default-resources) @ graphhopper-web-api ---
[INFO] Using 'UTF-8' encoding to copy filtered resources.
[INFO] skip non existing resourceDirectory /home/dee/dev/rick-major-review/graphhopper/web-api/src/main/resources
[INFO] 
[INFO] --- maven-compiler-plugin:3.8.1:compile (default-compile) @ graphhopper-web-api ---
[INFO] Changes detected - recompiling the module!
[INFO] Compiling 49 source files to /home/dee/dev/rick-major-review/graphhopper/web-api/target/classes
[INFO] 
[INFO] --- maven-resources-plugin:2.6:testResources (default-testResources) @ graphhopper-web-api ---
[INFO] Using 'UTF-8' encoding to copy filtered resources.
[INFO] Copying 3 resources
[INFO] 
[INFO] --- maven-compiler-plugin:3.8.1:testCompile (default-testCompile) @ graphhopper-web-api ---
[INFO] Changes detected - recompiling the module!
[INFO] Compiling 12 source files to /home/dee/dev/rick-major-review/graphhopper/web-api/target/test-classes
[INFO] 
[INFO] --- maven-surefire-plugin:2.22.2:test (default-test) @ graphhopper-web-api ---
[INFO] Tests are skipped.
[INFO] 
[INFO] --- maven-jar-plugin:3.1.1:jar (default-jar) @ graphhopper-web-api ---
[INFO] Building jar: /home/dee/dev/rick-major-review/graphhopper/web-api/target/graphhopper-web-api-5.3.jar
[INFO] 
[INFO] --- maven-failsafe-plugin:2.22.2:integration-test (default) @ graphhopper-web-api ---
[INFO] Tests are skipped.
[INFO] 
[INFO] --- maven-failsafe-plugin:2.22.2:verify (default) @ graphhopper-web-api ---
[INFO] Tests are skipped.
[INFO] 
[INFO] --- maven-install-plugin:2.4:install (default-install) @ graphhopper-web-api ---
[INFO] Installing /home/dee/dev/rick-major-review/graphhopper/web-api/target/graphhopper-web-api-5.3.jar to /home/dee/.m2/repository/com/graphhopper/graphhopper-web-api/5.3/graphhopper-web-api-5.3.jar
[INFO] Installing /home/dee/dev/rick-major-review/graphhopper/web-api/pom.xml to /home/dee/.m2/repository/com/graphhopper/graphhopper-web-api/5.3/graphhopper-web-api-5.3.pom
[INFO] ------------------------------------------------------------------------
[INFO] BUILD SUCCESS
[INFO] ------------------------------------------------------------------------
[INFO] Total time:  19.258 s
[INFO] Finished at: 2023-06-11T12:38:20+02:00
[INFO] ------------------------------------------------------------------------


---------------------------------------------------
[BASELINE] Not evaluating any oracle
[LOG] Replacing original RICK test with variant baseline
[LOG] Invoking cp /home/dee/dev/rick-experiments/mutation-analysis/output/FinishInstruction_getTurnDescription_Translation/test-baseline.java /home/dee/dev/rick-major-review/graphhopper/rick-major/src/test/java/com/graphhopper/util/TestFinishInstructionRickGen.java
[LOG] In test module directory /home/dee/dev/rick-major-review/graphhopper/rick-major
[LOG] Invoked tests with ['mvn', 'test', '-Dtest=TestFinishInstructionRickGen']
[INFO] Scanning for projects...
[WARNING] 
[WARNING] Some problems were encountered while building the effective model for com.graphhopper:rick-major:jar:5.3
[WARNING] 'dependencies.dependency.(groupId:artifactId:type:classifier)' must be unique: com.graphhopper:graphhopper-web:jar -> duplicate declaration of version 5.3 @ line 79, column 17
[WARNING] 
[WARNING] It is highly recommended to fix these problems because they threaten the stability of your build.
[WARNING] 
[WARNING] For this reason, future Maven versions might no longer support building such malformed projects.
[WARNING] 
[INFO] 
[INFO] ---------------------< com.graphhopper:rick-major >---------------------
[INFO] Building rick-major 5.3
[INFO] --------------------------------[ jar ]---------------------------------
[INFO] 
[INFO] --- maven-resources-plugin:2.6:resources (default-resources) @ rick-major ---
[INFO] Using 'UTF-8' encoding to copy filtered resources.
[INFO] Copying 0 resource
[INFO] 
[INFO] --- maven-compiler-plugin:3.8.1:compile (default-compile) @ rick-major ---
[INFO] Nothing to compile - all classes are up to date
[INFO] 
[INFO] --- maven-resources-plugin:2.6:testResources (default-testResources) @ rick-major ---
[INFO] Using 'UTF-8' encoding to copy filtered resources.
[INFO] Copying 26 resources
[INFO] 
[INFO] --- maven-compiler-plugin:3.8.1:testCompile (default-testCompile) @ rick-major ---
[INFO] Changes detected - recompiling the module!
[INFO] Compiling 15 source files to /home/dee/dev/rick-major-review/graphhopper/rick-major/target/test-classes
[INFO] 
[INFO] --- maven-surefire-plugin:2.22.2:test (default-test) @ rick-major ---
[INFO] 
[INFO] -------------------------------------------------------
[INFO]  T E S T S
[INFO] -------------------------------------------------------
[INFO] Running com.graphhopper.util.TestFinishInstructionRickGen
[INFO] Tests run: 3, Failures: 0, Errors: 0, Skipped: 0, Time elapsed: 5.601 s - in com.graphhopper.util.TestFinishInstructionRickGen
[INFO] 
[INFO] Results:
[INFO] 
[INFO] Tests run: 3, Failures: 0, Errors: 0, Skipped: 0
[INFO] 
[INFO] ------------------------------------------------------------------------
[INFO] BUILD SUCCESS
[INFO] ------------------------------------------------------------------------
[INFO] Total time:  21.598 s
[INFO] Finished at: 2023-06-11T12:38:47+02:00
[INFO] ------------------------------------------------------------------------

Security framework of XStream not initialized, XStream is probably vulnerable.

---------------------------------------------------
[LOG] Cleaned targets with ['mvn', 'clean']
[INFO] Scanning for projects...
[WARNING] 
[WARNING] Some problems were encountered while building the effective model for com.graphhopper:rick-major:jar:5.3
[WARNING] 'dependencies.dependency.(groupId:artifactId:type:classifier)' must be unique: com.graphhopper:graphhopper-web:jar -> duplicate declaration of version 5.3 @ line 79, column 17
[WARNING] 
[WARNING] It is highly recommended to fix these problems because they threaten the stability of your build.
[WARNING] 
[WARNING] For this reason, future Maven versions might no longer support building such malformed projects.
[WARNING] 
[INFO] 
[INFO] ---------------------< com.graphhopper:rick-major >---------------------
[INFO] Building rick-major 5.3
[INFO] --------------------------------[ jar ]---------------------------------
[INFO] 
[INFO] --- maven-clean-plugin:2.5:clean (default-clean) @ rick-major ---
[INFO] Deleting /home/dee/dev/rick-major-review/graphhopper/rick-major/target
[INFO] ------------------------------------------------------------------------
[INFO] BUILD SUCCESS
[INFO] ------------------------------------------------------------------------
[INFO] Total time:  1.240 s
[INFO] Finished at: 2023-06-11T12:38:53+02:00
[INFO] ------------------------------------------------------------------------


---------------------------------------------------
[LOG] In experiment directory /home/dee/dev/rick-experiments/mutation-analysis
---------------------------------------------------
[LOG] Restoring original RICK test from ./FinishInstruction.java/original-test.java
[LOG] Invoking cp ./FinishInstruction.java/original-test.java /home/dee/dev/rick-major-review/graphhopper/rick-major/src/test/java/com/graphhopper/util/TestFinishInstructionRickGen.java
---------------------------------------------------
[OO] Evaluating only OO
[LOG] Replacing original RICK test with variant oo
[LOG] Invoking cp /home/dee/dev/rick-experiments/mutation-analysis/output/FinishInstruction_getTurnDescription_Translation/test-oo.java /home/dee/dev/rick-major-review/graphhopper/rick-major/src/test/java/com/graphhopper/util/TestFinishInstructionRickGen.java
[LOG] In test module directory /home/dee/dev/rick-major-review/graphhopper/rick-major
[LOG] Invoked tests with ['mvn', 'test', '-Dtest=TestFinishInstructionRickGen']
[INFO] Scanning for projects...
[WARNING] 
[WARNING] Some problems were encountered while building the effective model for com.graphhopper:rick-major:jar:5.3
[WARNING] 'dependencies.dependency.(groupId:artifactId:type:classifier)' must be unique: com.graphhopper:graphhopper-web:jar -> duplicate declaration of version 5.3 @ line 79, column 17
[WARNING] 
[WARNING] It is highly recommended to fix these problems because they threaten the stability of your build.
[WARNING] 
[WARNING] For this reason, future Maven versions might no longer support building such malformed projects.
[WARNING] 
[INFO] 
[INFO] ---------------------< com.graphhopper:rick-major >---------------------
[INFO] Building rick-major 5.3
[INFO] --------------------------------[ jar ]---------------------------------
[INFO] 
[INFO] --- maven-resources-plugin:2.6:resources (default-resources) @ rick-major ---
[INFO] Using 'UTF-8' encoding to copy filtered resources.
[INFO] Copying 0 resource
[INFO] 
[INFO] --- maven-compiler-plugin:3.8.1:compile (default-compile) @ rick-major ---
[INFO] Nothing to compile - all classes are up to date
[INFO] 
[INFO] --- maven-resources-plugin:2.6:testResources (default-testResources) @ rick-major ---
[INFO] Using 'UTF-8' encoding to copy filtered resources.
[INFO] Copying 26 resources
[INFO] 
[INFO] --- maven-compiler-plugin:3.8.1:testCompile (default-testCompile) @ rick-major ---
[INFO] Changes detected - recompiling the module!
[INFO] Compiling 15 source files to /home/dee/dev/rick-major-review/graphhopper/rick-major/target/test-classes
[INFO] 
[INFO] --- maven-surefire-plugin:2.22.2:test (default-test) @ rick-major ---
[INFO] 
[INFO] -------------------------------------------------------
[INFO]  T E S T S
[INFO] -------------------------------------------------------
[INFO] Running com.graphhopper.util.TestFinishInstructionRickGen
[INFO] Tests run: 3, Failures: 0, Errors: 0, Skipped: 0, Time elapsed: 4.029 s - in com.graphhopper.util.TestFinishInstructionRickGen
[INFO] 
[INFO] Results:
[INFO] 
[INFO] Tests run: 3, Failures: 0, Errors: 0, Skipped: 0
[INFO] 
[INFO] ------------------------------------------------------------------------
[INFO] BUILD SUCCESS
[INFO] ------------------------------------------------------------------------
[INFO] Total time:  15.195 s
[INFO] Finished at: 2023-06-11T12:39:12+02:00
[INFO] ------------------------------------------------------------------------

Security framework of XStream not initialized, XStream is probably vulnerable.

---------------------------------------------------
[LOG] Cleaned targets with ['mvn', 'clean']
[INFO] Scanning for projects...
[WARNING] 
[WARNING] Some problems were encountered while building the effective model for com.graphhopper:rick-major:jar:5.3
[WARNING] 'dependencies.dependency.(groupId:artifactId:type:classifier)' must be unique: com.graphhopper:graphhopper-web:jar -> duplicate declaration of version 5.3 @ line 79, column 17
[WARNING] 
[WARNING] It is highly recommended to fix these problems because they threaten the stability of your build.
[WARNING] 
[WARNING] For this reason, future Maven versions might no longer support building such malformed projects.
[WARNING] 
[INFO] 
[INFO] ---------------------< com.graphhopper:rick-major >---------------------
[INFO] Building rick-major 5.3
[INFO] --------------------------------[ jar ]---------------------------------
[INFO] 
[INFO] --- maven-clean-plugin:2.5:clean (default-clean) @ rick-major ---
[INFO] Deleting /home/dee/dev/rick-major-review/graphhopper/rick-major/target
[INFO] ------------------------------------------------------------------------
[INFO] BUILD SUCCESS
[INFO] ------------------------------------------------------------------------
[INFO] Total time:  0.863 s
[INFO] Finished at: 2023-06-11T12:39:17+02:00
[INFO] ------------------------------------------------------------------------


---------------------------------------------------
[LOG] In experiment directory /home/dee/dev/rick-experiments/mutation-analysis
---------------------------------------------------
[LOG] Restoring original RICK test from ./FinishInstruction.java/original-test.java
[LOG] Invoking cp ./FinishInstruction.java/original-test.java /home/dee/dev/rick-major-review/graphhopper/rick-major/src/test/java/com/graphhopper/util/TestFinishInstructionRickGen.java
---------------------------------------------------
[PO] Evaluating only PO
[LOG] Replacing original RICK test with variant po
[LOG] Invoking cp /home/dee/dev/rick-experiments/mutation-analysis/output/FinishInstruction_getTurnDescription_Translation/test-po.java /home/dee/dev/rick-major-review/graphhopper/rick-major/src/test/java/com/graphhopper/util/TestFinishInstructionRickGen.java
[LOG] In test module directory /home/dee/dev/rick-major-review/graphhopper/rick-major
[LOG] Invoked tests with ['mvn', 'test', '-Dtest=TestFinishInstructionRickGen']
[INFO] Scanning for projects...
[WARNING] 
[WARNING] Some problems were encountered while building the effective model for com.graphhopper:rick-major:jar:5.3
[WARNING] 'dependencies.dependency.(groupId:artifactId:type:classifier)' must be unique: com.graphhopper:graphhopper-web:jar -> duplicate declaration of version 5.3 @ line 79, column 17
[WARNING] 
[WARNING] It is highly recommended to fix these problems because they threaten the stability of your build.
[WARNING] 
[WARNING] For this reason, future Maven versions might no longer support building such malformed projects.
[WARNING] 
[INFO] 
[INFO] ---------------------< com.graphhopper:rick-major >---------------------
[INFO] Building rick-major 5.3
[INFO] --------------------------------[ jar ]---------------------------------
[INFO] 
[INFO] --- maven-resources-plugin:2.6:resources (default-resources) @ rick-major ---
[INFO] Using 'UTF-8' encoding to copy filtered resources.
[INFO] Copying 0 resource
[INFO] 
[INFO] --- maven-compiler-plugin:3.8.1:compile (default-compile) @ rick-major ---
[INFO] Nothing to compile - all classes are up to date
[INFO] 
[INFO] --- maven-resources-plugin:2.6:testResources (default-testResources) @ rick-major ---
[INFO] Using 'UTF-8' encoding to copy filtered resources.
[INFO] Copying 26 resources
[INFO] 
[INFO] --- maven-compiler-plugin:3.8.1:testCompile (default-testCompile) @ rick-major ---
[INFO] Changes detected - recompiling the module!
[INFO] Compiling 15 source files to /home/dee/dev/rick-major-review/graphhopper/rick-major/target/test-classes
[INFO] 
[INFO] --- maven-surefire-plugin:2.22.2:test (default-test) @ rick-major ---
[INFO] 
[INFO] -------------------------------------------------------
[INFO]  T E S T S
[INFO] -------------------------------------------------------
[INFO] Running com.graphhopper.util.TestFinishInstructionRickGen
[INFO] Tests run: 3, Failures: 0, Errors: 0, Skipped: 0, Time elapsed: 4.288 s - in com.graphhopper.util.TestFinishInstructionRickGen
[INFO] 
[INFO] Results:
[INFO] 
[INFO] Tests run: 3, Failures: 0, Errors: 0, Skipped: 0
[INFO] 
[INFO] ------------------------------------------------------------------------
[INFO] BUILD SUCCESS
[INFO] ------------------------------------------------------------------------
[INFO] Total time:  15.846 s
[INFO] Finished at: 2023-06-11T12:39:36+02:00
[INFO] ------------------------------------------------------------------------

Security framework of XStream not initialized, XStream is probably vulnerable.

---------------------------------------------------
[LOG] Cleaned targets with ['mvn', 'clean']
[INFO] Scanning for projects...
[WARNING] 
[WARNING] Some problems were encountered while building the effective model for com.graphhopper:rick-major:jar:5.3
[WARNING] 'dependencies.dependency.(groupId:artifactId:type:classifier)' must be unique: com.graphhopper:graphhopper-web:jar -> duplicate declaration of version 5.3 @ line 79, column 17
[WARNING] 
[WARNING] It is highly recommended to fix these problems because they threaten the stability of your build.
[WARNING] 
[WARNING] For this reason, future Maven versions might no longer support building such malformed projects.
[WARNING] 
[INFO] 
[INFO] ---------------------< com.graphhopper:rick-major >---------------------
[INFO] Building rick-major 5.3
[INFO] --------------------------------[ jar ]---------------------------------
[INFO] 
[INFO] --- maven-clean-plugin:2.5:clean (default-clean) @ rick-major ---
[INFO] Deleting /home/dee/dev/rick-major-review/graphhopper/rick-major/target
[INFO] ------------------------------------------------------------------------
[INFO] BUILD SUCCESS
[INFO] ------------------------------------------------------------------------
[INFO] Total time:  1.236 s
[INFO] Finished at: 2023-06-11T12:39:41+02:00
[INFO] ------------------------------------------------------------------------


---------------------------------------------------
[LOG] In experiment directory /home/dee/dev/rick-experiments/mutation-analysis
---------------------------------------------------
[LOG] Restoring original RICK test from ./FinishInstruction.java/original-test.java
[LOG] Invoking cp ./FinishInstruction.java/original-test.java /home/dee/dev/rick-major-review/graphhopper/rick-major/src/test/java/com/graphhopper/util/TestFinishInstructionRickGen.java
---------------------------------------------------
[CO] Evaluating only CO
[LOG] Replacing original RICK test with variant co
[LOG] Invoking cp /home/dee/dev/rick-experiments/mutation-analysis/output/FinishInstruction_getTurnDescription_Translation/test-co.java /home/dee/dev/rick-major-review/graphhopper/rick-major/src/test/java/com/graphhopper/util/TestFinishInstructionRickGen.java
[LOG] In test module directory /home/dee/dev/rick-major-review/graphhopper/rick-major
[LOG] Invoked tests with ['mvn', 'test', '-Dtest=TestFinishInstructionRickGen']
[INFO] Scanning for projects...
[WARNING] 
[WARNING] Some problems were encountered while building the effective model for com.graphhopper:rick-major:jar:5.3
[WARNING] 'dependencies.dependency.(groupId:artifactId:type:classifier)' must be unique: com.graphhopper:graphhopper-web:jar -> duplicate declaration of version 5.3 @ line 79, column 17
[WARNING] 
[WARNING] It is highly recommended to fix these problems because they threaten the stability of your build.
[WARNING] 
[WARNING] For this reason, future Maven versions might no longer support building such malformed projects.
[WARNING] 
[INFO] 
[INFO] ---------------------< com.graphhopper:rick-major >---------------------
[INFO] Building rick-major 5.3
[INFO] --------------------------------[ jar ]---------------------------------
[INFO] 
[INFO] --- maven-resources-plugin:2.6:resources (default-resources) @ rick-major ---
[INFO] Using 'UTF-8' encoding to copy filtered resources.
[INFO] Copying 0 resource
[INFO] 
[INFO] --- maven-compiler-plugin:3.8.1:compile (default-compile) @ rick-major ---
[INFO] Nothing to compile - all classes are up to date
[INFO] 
[INFO] --- maven-resources-plugin:2.6:testResources (default-testResources) @ rick-major ---
[INFO] Using 'UTF-8' encoding to copy filtered resources.
[INFO] Copying 26 resources
[INFO] 
[INFO] --- maven-compiler-plugin:3.8.1:testCompile (default-testCompile) @ rick-major ---
[INFO] Changes detected - recompiling the module!
[INFO] Compiling 15 source files to /home/dee/dev/rick-major-review/graphhopper/rick-major/target/test-classes
[INFO] 
[INFO] --- maven-surefire-plugin:2.22.2:test (default-test) @ rick-major ---
[INFO] 
[INFO] -------------------------------------------------------
[INFO]  T E S T S
[INFO] -------------------------------------------------------
[INFO] Running com.graphhopper.util.TestFinishInstructionRickGen
[INFO] Tests run: 3, Failures: 0, Errors: 0, Skipped: 0, Time elapsed: 5.461 s - in com.graphhopper.util.TestFinishInstructionRickGen
[INFO] 
[INFO] Results:
[INFO] 
[INFO] Tests run: 3, Failures: 0, Errors: 0, Skipped: 0
[INFO] 
[INFO] ------------------------------------------------------------------------
[INFO] BUILD SUCCESS
[INFO] ------------------------------------------------------------------------
[INFO] Total time:  20.053 s
[INFO] Finished at: 2023-06-11T12:40:06+02:00
[INFO] ------------------------------------------------------------------------

Security framework of XStream not initialized, XStream is probably vulnerable.

---------------------------------------------------
[LOG] Cleaned targets with ['mvn', 'clean']
[INFO] Scanning for projects...
[WARNING] 
[WARNING] Some problems were encountered while building the effective model for com.graphhopper:rick-major:jar:5.3
[WARNING] 'dependencies.dependency.(groupId:artifactId:type:classifier)' must be unique: com.graphhopper:graphhopper-web:jar -> duplicate declaration of version 5.3 @ line 79, column 17
[WARNING] 
[WARNING] It is highly recommended to fix these problems because they threaten the stability of your build.
[WARNING] 
[WARNING] For this reason, future Maven versions might no longer support building such malformed projects.
[WARNING] 
[INFO] 
[INFO] ---------------------< com.graphhopper:rick-major >---------------------
[INFO] Building rick-major 5.3
[INFO] --------------------------------[ jar ]---------------------------------
[INFO] 
[INFO] --- maven-clean-plugin:2.5:clean (default-clean) @ rick-major ---
[INFO] Deleting /home/dee/dev/rick-major-review/graphhopper/rick-major/target
[INFO] ------------------------------------------------------------------------
[INFO] BUILD SUCCESS
[INFO] ------------------------------------------------------------------------
[INFO] Total time:  1.197 s
[INFO] Finished at: 2023-06-11T12:40:12+02:00
[INFO] ------------------------------------------------------------------------


---------------------------------------------------
[LOG] In experiment directory /home/dee/dev/rick-experiments/mutation-analysis
---------------------------------------------------
[LOG] Restoring original RICK test from ./FinishInstruction.java/original-test.java
[LOG] Invoking cp ./FinishInstruction.java/original-test.java /home/dee/dev/rick-major-review/graphhopper/rick-major/src/test/java/com/graphhopper/util/TestFinishInstructionRickGen.java
---------------------------------------------------
[ALL] Evaluating (OO +) PO + CO
[LOG] Restoring original RICK test from ./FinishInstruction.java/original-test.java
[LOG] Invoking cp ./FinishInstruction.java/original-test.java /home/dee/dev/rick-major-review/graphhopper/rick-major/src/test/java/com/graphhopper/util/TestFinishInstructionRickGen.java
[LOG] In test module directory /home/dee/dev/rick-major-review/graphhopper/rick-major
[LOG] Invoked tests with ['mvn', 'test', '-Dtest=TestFinishInstructionRickGen']
[INFO] Scanning for projects...
[WARNING] 
[WARNING] Some problems were encountered while building the effective model for com.graphhopper:rick-major:jar:5.3
[WARNING] 'dependencies.dependency.(groupId:artifactId:type:classifier)' must be unique: com.graphhopper:graphhopper-web:jar -> duplicate declaration of version 5.3 @ line 79, column 17
[WARNING] 
[WARNING] It is highly recommended to fix these problems because they threaten the stability of your build.
[WARNING] 
[WARNING] For this reason, future Maven versions might no longer support building such malformed projects.
[WARNING] 
[INFO] 
[INFO] ---------------------< com.graphhopper:rick-major >---------------------
[INFO] Building rick-major 5.3
[INFO] --------------------------------[ jar ]---------------------------------
[INFO] 
[INFO] --- maven-resources-plugin:2.6:resources (default-resources) @ rick-major ---
[INFO] Using 'UTF-8' encoding to copy filtered resources.
[INFO] Copying 0 resource
[INFO] 
[INFO] --- maven-compiler-plugin:3.8.1:compile (default-compile) @ rick-major ---
[INFO] Nothing to compile - all classes are up to date
[INFO] 
[INFO] --- maven-resources-plugin:2.6:testResources (default-testResources) @ rick-major ---
[INFO] Using 'UTF-8' encoding to copy filtered resources.
[INFO] Copying 26 resources
[INFO] 
[INFO] --- maven-compiler-plugin:3.8.1:testCompile (default-testCompile) @ rick-major ---
[INFO] Changes detected - recompiling the module!
[INFO] Compiling 15 source files to /home/dee/dev/rick-major-review/graphhopper/rick-major/target/test-classes
[INFO] 
[INFO] --- maven-surefire-plugin:2.22.2:test (default-test) @ rick-major ---
[INFO] 
[INFO] -------------------------------------------------------
[INFO]  T E S T S
[INFO] -------------------------------------------------------
[INFO] Running com.graphhopper.util.TestFinishInstructionRickGen
[INFO] Tests run: 3, Failures: 0, Errors: 0, Skipped: 0, Time elapsed: 4.519 s - in com.graphhopper.util.TestFinishInstructionRickGen
[INFO] 
[INFO] Results:
[INFO] 
[INFO] Tests run: 3, Failures: 0, Errors: 0, Skipped: 0
[INFO] 
[INFO] ------------------------------------------------------------------------
[INFO] BUILD SUCCESS
[INFO] ------------------------------------------------------------------------
[INFO] Total time:  15.309 s
[INFO] Finished at: 2023-06-11T12:40:31+02:00
[INFO] ------------------------------------------------------------------------

Security framework of XStream not initialized, XStream is probably vulnerable.

---------------------------------------------------
[LOG] Cleaned targets with ['mvn', 'clean']
[INFO] Scanning for projects...
[WARNING] 
[WARNING] Some problems were encountered while building the effective model for com.graphhopper:rick-major:jar:5.3
[WARNING] 'dependencies.dependency.(groupId:artifactId:type:classifier)' must be unique: com.graphhopper:graphhopper-web:jar -> duplicate declaration of version 5.3 @ line 79, column 17
[WARNING] 
[WARNING] It is highly recommended to fix these problems because they threaten the stability of your build.
[WARNING] 
[WARNING] For this reason, future Maven versions might no longer support building such malformed projects.
[WARNING] 
[INFO] 
[INFO] ---------------------< com.graphhopper:rick-major >---------------------
[INFO] Building rick-major 5.3
[INFO] --------------------------------[ jar ]---------------------------------
[INFO] 
[INFO] --- maven-clean-plugin:2.5:clean (default-clean) @ rick-major ---
[INFO] Deleting /home/dee/dev/rick-major-review/graphhopper/rick-major/target
[INFO] ------------------------------------------------------------------------
[INFO] BUILD SUCCESS
[INFO] ------------------------------------------------------------------------
[INFO] Total time:  0.839 s
[INFO] Finished at: 2023-06-11T12:40:35+02:00
[INFO] ------------------------------------------------------------------------


---------------------------------------------------
[LOG] In experiment directory /home/dee/dev/rick-experiments/mutation-analysis
---------------------------------------------------
---------------------------------------------------
[LOG] Resetting FinishInstruction.java to original
[LOG] Invoking cp ./FinishInstruction.java/original.java /home/dee/dev/rick-major-review/graphhopper/web-api/src/main/java/com/graphhopper/util/FinishInstruction.java
---------------------------------------------------
[LOG] Replacing originalFinishInstruction.java with ./FinishInstruction.java/6.java
[LOG] Invoking cp ./FinishInstruction.java/6.java /home/dee/dev/rick-major-review/graphhopper/web-api/src/main/java/com/graphhopper/util/FinishInstruction.java
[LOG] Invoked a clean install of the parent module with ['mvn', 'clean', 'install', '-DskipTests']
[INFO] Scanning for projects...
[INFO] 
[INFO] ----------------< com.graphhopper:graphhopper-web-api >-----------------
[INFO] Building GraphHopper Web API 5.3
[INFO] --------------------------------[ jar ]---------------------------------
[INFO] 
[INFO] --- maven-clean-plugin:2.5:clean (default-clean) @ graphhopper-web-api ---
[INFO] Deleting /home/dee/dev/rick-major-review/graphhopper/web-api/target
[INFO] 
[INFO] --- maven-resources-plugin:2.6:resources (default-resources) @ graphhopper-web-api ---
[INFO] Using 'UTF-8' encoding to copy filtered resources.
[INFO] skip non existing resourceDirectory /home/dee/dev/rick-major-review/graphhopper/web-api/src/main/resources
[INFO] 
[INFO] --- maven-compiler-plugin:3.8.1:compile (default-compile) @ graphhopper-web-api ---
[INFO] Changes detected - recompiling the module!
[INFO] Compiling 49 source files to /home/dee/dev/rick-major-review/graphhopper/web-api/target/classes
[INFO] 
[INFO] --- maven-resources-plugin:2.6:testResources (default-testResources) @ graphhopper-web-api ---
[INFO] Using 'UTF-8' encoding to copy filtered resources.
[INFO] Copying 3 resources
[INFO] 
[INFO] --- maven-compiler-plugin:3.8.1:testCompile (default-testCompile) @ graphhopper-web-api ---
[INFO] Changes detected - recompiling the module!
[INFO] Compiling 12 source files to /home/dee/dev/rick-major-review/graphhopper/web-api/target/test-classes
[INFO] 
[INFO] --- maven-surefire-plugin:2.22.2:test (default-test) @ graphhopper-web-api ---
[INFO] Tests are skipped.
[INFO] 
[INFO] --- maven-jar-plugin:3.1.1:jar (default-jar) @ graphhopper-web-api ---
[INFO] Building jar: /home/dee/dev/rick-major-review/graphhopper/web-api/target/graphhopper-web-api-5.3.jar
[INFO] 
[INFO] --- maven-failsafe-plugin:2.22.2:integration-test (default) @ graphhopper-web-api ---
[INFO] Tests are skipped.
[INFO] 
[INFO] --- maven-failsafe-plugin:2.22.2:verify (default) @ graphhopper-web-api ---
[INFO] Tests are skipped.
[INFO] 
[INFO] --- maven-install-plugin:2.4:install (default-install) @ graphhopper-web-api ---
[INFO] Installing /home/dee/dev/rick-major-review/graphhopper/web-api/target/graphhopper-web-api-5.3.jar to /home/dee/.m2/repository/com/graphhopper/graphhopper-web-api/5.3/graphhopper-web-api-5.3.jar
[INFO] Installing /home/dee/dev/rick-major-review/graphhopper/web-api/pom.xml to /home/dee/.m2/repository/com/graphhopper/graphhopper-web-api/5.3/graphhopper-web-api-5.3.pom
[INFO] ------------------------------------------------------------------------
[INFO] BUILD SUCCESS
[INFO] ------------------------------------------------------------------------
[INFO] Total time:  14.299 s
[INFO] Finished at: 2023-06-11T12:40:54+02:00
[INFO] ------------------------------------------------------------------------


---------------------------------------------------
[BASELINE] Not evaluating any oracle
[LOG] Replacing original RICK test with variant baseline
[LOG] Invoking cp /home/dee/dev/rick-experiments/mutation-analysis/output/FinishInstruction_getTurnDescription_Translation/test-baseline.java /home/dee/dev/rick-major-review/graphhopper/rick-major/src/test/java/com/graphhopper/util/TestFinishInstructionRickGen.java
[LOG] In test module directory /home/dee/dev/rick-major-review/graphhopper/rick-major
[LOG] Invoked tests with ['mvn', 'test', '-Dtest=TestFinishInstructionRickGen']
[INFO] Scanning for projects...
[WARNING] 
[WARNING] Some problems were encountered while building the effective model for com.graphhopper:rick-major:jar:5.3
[WARNING] 'dependencies.dependency.(groupId:artifactId:type:classifier)' must be unique: com.graphhopper:graphhopper-web:jar -> duplicate declaration of version 5.3 @ line 79, column 17
[WARNING] 
[WARNING] It is highly recommended to fix these problems because they threaten the stability of your build.
[WARNING] 
[WARNING] For this reason, future Maven versions might no longer support building such malformed projects.
[WARNING] 
[INFO] 
[INFO] ---------------------< com.graphhopper:rick-major >---------------------
[INFO] Building rick-major 5.3
[INFO] --------------------------------[ jar ]---------------------------------
[INFO] 
[INFO] --- maven-resources-plugin:2.6:resources (default-resources) @ rick-major ---
[INFO] Using 'UTF-8' encoding to copy filtered resources.
[INFO] Copying 0 resource
[INFO] 
[INFO] --- maven-compiler-plugin:3.8.1:compile (default-compile) @ rick-major ---
[INFO] Nothing to compile - all classes are up to date
[INFO] 
[INFO] --- maven-resources-plugin:2.6:testResources (default-testResources) @ rick-major ---
[INFO] Using 'UTF-8' encoding to copy filtered resources.
[INFO] Copying 26 resources
[INFO] 
[INFO] --- maven-compiler-plugin:3.8.1:testCompile (default-testCompile) @ rick-major ---
[INFO] Changes detected - recompiling the module!
[INFO] Compiling 15 source files to /home/dee/dev/rick-major-review/graphhopper/rick-major/target/test-classes
[INFO] 
[INFO] --- maven-surefire-plugin:2.22.2:test (default-test) @ rick-major ---
[INFO] 
[INFO] -------------------------------------------------------
[INFO]  T E S T S
[INFO] -------------------------------------------------------
[INFO] Running com.graphhopper.util.TestFinishInstructionRickGen
[INFO] Tests run: 3, Failures: 0, Errors: 0, Skipped: 0, Time elapsed: 4.206 s - in com.graphhopper.util.TestFinishInstructionRickGen
[INFO] 
[INFO] Results:
[INFO] 
[INFO] Tests run: 3, Failures: 0, Errors: 0, Skipped: 0
[INFO] 
[INFO] ------------------------------------------------------------------------
[INFO] BUILD SUCCESS
[INFO] ------------------------------------------------------------------------
[INFO] Total time:  15.484 s
[INFO] Finished at: 2023-06-11T12:41:13+02:00
[INFO] ------------------------------------------------------------------------

Security framework of XStream not initialized, XStream is probably vulnerable.

---------------------------------------------------
[LOG] Cleaned targets with ['mvn', 'clean']
[INFO] Scanning for projects...
[WARNING] 
[WARNING] Some problems were encountered while building the effective model for com.graphhopper:rick-major:jar:5.3
[WARNING] 'dependencies.dependency.(groupId:artifactId:type:classifier)' must be unique: com.graphhopper:graphhopper-web:jar -> duplicate declaration of version 5.3 @ line 79, column 17
[WARNING] 
[WARNING] It is highly recommended to fix these problems because they threaten the stability of your build.
[WARNING] 
[WARNING] For this reason, future Maven versions might no longer support building such malformed projects.
[WARNING] 
[INFO] 
[INFO] ---------------------< com.graphhopper:rick-major >---------------------
[INFO] Building rick-major 5.3
[INFO] --------------------------------[ jar ]---------------------------------
[INFO] 
[INFO] --- maven-clean-plugin:2.5:clean (default-clean) @ rick-major ---
[INFO] Deleting /home/dee/dev/rick-major-review/graphhopper/rick-major/target
[INFO] ------------------------------------------------------------------------
[INFO] BUILD SUCCESS
[INFO] ------------------------------------------------------------------------
[INFO] Total time:  0.832 s
[INFO] Finished at: 2023-06-11T12:41:18+02:00
[INFO] ------------------------------------------------------------------------


---------------------------------------------------
[LOG] In experiment directory /home/dee/dev/rick-experiments/mutation-analysis
---------------------------------------------------
[LOG] Restoring original RICK test from ./FinishInstruction.java/original-test.java
[LOG] Invoking cp ./FinishInstruction.java/original-test.java /home/dee/dev/rick-major-review/graphhopper/rick-major/src/test/java/com/graphhopper/util/TestFinishInstructionRickGen.java
---------------------------------------------------
[OO] Evaluating only OO
[LOG] Replacing original RICK test with variant oo
[LOG] Invoking cp /home/dee/dev/rick-experiments/mutation-analysis/output/FinishInstruction_getTurnDescription_Translation/test-oo.java /home/dee/dev/rick-major-review/graphhopper/rick-major/src/test/java/com/graphhopper/util/TestFinishInstructionRickGen.java
[LOG] In test module directory /home/dee/dev/rick-major-review/graphhopper/rick-major
[LOG] Invoked tests with ['mvn', 'test', '-Dtest=TestFinishInstructionRickGen']
[INFO] Scanning for projects...
[WARNING] 
[WARNING] Some problems were encountered while building the effective model for com.graphhopper:rick-major:jar:5.3
[WARNING] 'dependencies.dependency.(groupId:artifactId:type:classifier)' must be unique: com.graphhopper:graphhopper-web:jar -> duplicate declaration of version 5.3 @ line 79, column 17
[WARNING] 
[WARNING] It is highly recommended to fix these problems because they threaten the stability of your build.
[WARNING] 
[WARNING] For this reason, future Maven versions might no longer support building such malformed projects.
[WARNING] 
[INFO] 
[INFO] ---------------------< com.graphhopper:rick-major >---------------------
[INFO] Building rick-major 5.3
[INFO] --------------------------------[ jar ]---------------------------------
[INFO] 
[INFO] --- maven-resources-plugin:2.6:resources (default-resources) @ rick-major ---
[INFO] Using 'UTF-8' encoding to copy filtered resources.
[INFO] Copying 0 resource
[INFO] 
[INFO] --- maven-compiler-plugin:3.8.1:compile (default-compile) @ rick-major ---
[INFO] Nothing to compile - all classes are up to date
[INFO] 
[INFO] --- maven-resources-plugin:2.6:testResources (default-testResources) @ rick-major ---
[INFO] Using 'UTF-8' encoding to copy filtered resources.
[INFO] Copying 26 resources
[INFO] 
[INFO] --- maven-compiler-plugin:3.8.1:testCompile (default-testCompile) @ rick-major ---
[INFO] Changes detected - recompiling the module!
[INFO] Compiling 15 source files to /home/dee/dev/rick-major-review/graphhopper/rick-major/target/test-classes
[INFO] 
[INFO] --- maven-surefire-plugin:2.22.2:test (default-test) @ rick-major ---
[INFO] 
[INFO] -------------------------------------------------------
[INFO]  T E S T S
[INFO] -------------------------------------------------------
[INFO] Running com.graphhopper.util.TestFinishInstructionRickGen
[ERROR] Tests run: 3, Failures: 1, Errors: 0, Skipped: 0, Time elapsed: 4.222 s <<< FAILURE! - in com.graphhopper.util.TestFinishInstructionRickGen
[ERROR] test_getTurnDescription_OO_f4925d65c622402e98befa313e740ccb  Time elapsed: 0.149 s  <<< FAILURE!
org.opentest4j.AssertionFailedError: expected: <arrive at destination> but was: <>
	at com.graphhopper.util.TestFinishInstructionRickGen.test_getTurnDescription_OO_f4925d65c622402e98befa313e740ccb(TestFinishInstructionRickGen.java:43)

[INFO] 
[INFO] Results:
[INFO] 
[ERROR] Failures: 
[ERROR]   TestFinishInstructionRickGen.test_getTurnDescription_OO_f4925d65c622402e98befa313e740ccb:43 expected: <arrive at destination> but was: <>
[INFO] 
[ERROR] Tests run: 3, Failures: 1, Errors: 0, Skipped: 0
[INFO] 
[INFO] ------------------------------------------------------------------------
[INFO] BUILD FAILURE
[INFO] ------------------------------------------------------------------------
[INFO] Total time:  17.085 s
[INFO] Finished at: 2023-06-11T12:41:38+02:00
[INFO] ------------------------------------------------------------------------
[ERROR] Failed to execute goal org.apache.maven.plugins:maven-surefire-plugin:2.22.2:test (default-test) on project rick-major: There are test failures.
[ERROR] 
[ERROR] Please refer to /home/dee/dev/rick-major-review/graphhopper/rick-major/target/surefire-reports for the individual test results.
[ERROR] Please refer to dump files (if any exist) [date].dump, [date]-jvmRun[N].dump and [date].dumpstream.
[ERROR] -> [Help 1]
[ERROR] 
[ERROR] To see the full stack trace of the errors, re-run Maven with the -e switch.
[ERROR] Re-run Maven using the -X switch to enable full debug logging.
[ERROR] 
[ERROR] For more information about the errors and possible solutions, please read the following articles:
[ERROR] [Help 1] http://cwiki.apache.org/confluence/display/MAVEN/MojoFailureException

Security framework of XStream not initialized, XStream is probably vulnerable.

---------------------------------------------------
[LOG] Cleaned targets with ['mvn', 'clean']
[INFO] Scanning for projects...
[WARNING] 
[WARNING] Some problems were encountered while building the effective model for com.graphhopper:rick-major:jar:5.3
[WARNING] 'dependencies.dependency.(groupId:artifactId:type:classifier)' must be unique: com.graphhopper:graphhopper-web:jar -> duplicate declaration of version 5.3 @ line 79, column 17
[WARNING] 
[WARNING] It is highly recommended to fix these problems because they threaten the stability of your build.
[WARNING] 
[WARNING] For this reason, future Maven versions might no longer support building such malformed projects.
[WARNING] 
[INFO] 
[INFO] ---------------------< com.graphhopper:rick-major >---------------------
[INFO] Building rick-major 5.3
[INFO] --------------------------------[ jar ]---------------------------------
[INFO] 
[INFO] --- maven-clean-plugin:2.5:clean (default-clean) @ rick-major ---
[INFO] Deleting /home/dee/dev/rick-major-review/graphhopper/rick-major/target
[INFO] ------------------------------------------------------------------------
[INFO] BUILD SUCCESS
[INFO] ------------------------------------------------------------------------
[INFO] Total time:  1.287 s
[INFO] Finished at: 2023-06-11T12:41:44+02:00
[INFO] ------------------------------------------------------------------------


---------------------------------------------------
[LOG] In experiment directory /home/dee/dev/rick-experiments/mutation-analysis
---------------------------------------------------
[LOG] Restoring original RICK test from ./FinishInstruction.java/original-test.java
[LOG] Invoking cp ./FinishInstruction.java/original-test.java /home/dee/dev/rick-major-review/graphhopper/rick-major/src/test/java/com/graphhopper/util/TestFinishInstructionRickGen.java
---------------------------------------------------
[PO] Evaluating only PO
[LOG] Replacing original RICK test with variant po
[LOG] Invoking cp /home/dee/dev/rick-experiments/mutation-analysis/output/FinishInstruction_getTurnDescription_Translation/test-po.java /home/dee/dev/rick-major-review/graphhopper/rick-major/src/test/java/com/graphhopper/util/TestFinishInstructionRickGen.java
[LOG] In test module directory /home/dee/dev/rick-major-review/graphhopper/rick-major
[LOG] Invoked tests with ['mvn', 'test', '-Dtest=TestFinishInstructionRickGen']
[INFO] Scanning for projects...
[WARNING] 
[WARNING] Some problems were encountered while building the effective model for com.graphhopper:rick-major:jar:5.3
[WARNING] 'dependencies.dependency.(groupId:artifactId:type:classifier)' must be unique: com.graphhopper:graphhopper-web:jar -> duplicate declaration of version 5.3 @ line 79, column 17
[WARNING] 
[WARNING] It is highly recommended to fix these problems because they threaten the stability of your build.
[WARNING] 
[WARNING] For this reason, future Maven versions might no longer support building such malformed projects.
[WARNING] 
[INFO] 
[INFO] ---------------------< com.graphhopper:rick-major >---------------------
[INFO] Building rick-major 5.3
[INFO] --------------------------------[ jar ]---------------------------------
[INFO] 
[INFO] --- maven-resources-plugin:2.6:resources (default-resources) @ rick-major ---
[INFO] Using 'UTF-8' encoding to copy filtered resources.
[INFO] Copying 0 resource
[INFO] 
[INFO] --- maven-compiler-plugin:3.8.1:compile (default-compile) @ rick-major ---
[INFO] Nothing to compile - all classes are up to date
[INFO] 
[INFO] --- maven-resources-plugin:2.6:testResources (default-testResources) @ rick-major ---
[INFO] Using 'UTF-8' encoding to copy filtered resources.
[INFO] Copying 26 resources
[INFO] 
[INFO] --- maven-compiler-plugin:3.8.1:testCompile (default-testCompile) @ rick-major ---
[INFO] Changes detected - recompiling the module!
[INFO] Compiling 15 source files to /home/dee/dev/rick-major-review/graphhopper/rick-major/target/test-classes
[INFO] 
[INFO] --- maven-surefire-plugin:2.22.2:test (default-test) @ rick-major ---
[INFO] 
[INFO] -------------------------------------------------------
[INFO]  T E S T S
[INFO] -------------------------------------------------------
[INFO] Running com.graphhopper.util.TestFinishInstructionRickGen
[ERROR] Tests run: 3, Failures: 1, Errors: 0, Skipped: 0, Time elapsed: 4.191 s <<< FAILURE! - in com.graphhopper.util.TestFinishInstructionRickGen
[ERROR] test_getTurnDescription_PO_f4925d65c622402e98befa313e740ccb  Time elapsed: 0.294 s  <<< FAILURE!
org.mockito.exceptions.verification.WantedButNotInvoked: 

Wanted but not invoked:
translation.tr("finish", <any>);
-> at com.graphhopper.util.TestFinishInstructionRickGen.test_getTurnDescription_PO_f4925d65c622402e98befa313e740ccb(TestFinishInstructionRickGen.java:56)
Actually, there were zero interactions with this mock.

	at com.graphhopper.util.TestFinishInstructionRickGen.test_getTurnDescription_PO_f4925d65c622402e98befa313e740ccb(TestFinishInstructionRickGen.java:56)

[INFO] 
[INFO] Results:
[INFO] 
[ERROR] Failures: 
[ERROR]   TestFinishInstructionRickGen.test_getTurnDescription_PO_f4925d65c622402e98befa313e740ccb:56 
Wanted but not invoked:
translation.tr("finish", <any>);
-> at com.graphhopper.util.TestFinishInstructionRickGen.test_getTurnDescription_PO_f4925d65c622402e98befa313e740ccb(TestFinishInstructionRickGen.java:56)
Actually, there were zero interactions with this mock.

[INFO] 
[ERROR] Tests run: 3, Failures: 1, Errors: 0, Skipped: 0
[INFO] 
[INFO] ------------------------------------------------------------------------
[INFO] BUILD FAILURE
[INFO] ------------------------------------------------------------------------
[INFO] Total time:  17.320 s
[INFO] Finished at: 2023-06-11T12:42:05+02:00
[INFO] ------------------------------------------------------------------------
[ERROR] Failed to execute goal org.apache.maven.plugins:maven-surefire-plugin:2.22.2:test (default-test) on project rick-major: There are test failures.
[ERROR] 
[ERROR] Please refer to /home/dee/dev/rick-major-review/graphhopper/rick-major/target/surefire-reports for the individual test results.
[ERROR] Please refer to dump files (if any exist) [date].dump, [date]-jvmRun[N].dump and [date].dumpstream.
[ERROR] -> [Help 1]
[ERROR] 
[ERROR] To see the full stack trace of the errors, re-run Maven with the -e switch.
[ERROR] Re-run Maven using the -X switch to enable full debug logging.
[ERROR] 
[ERROR] For more information about the errors and possible solutions, please read the following articles:
[ERROR] [Help 1] http://cwiki.apache.org/confluence/display/MAVEN/MojoFailureException

Security framework of XStream not initialized, XStream is probably vulnerable.

---------------------------------------------------
[LOG] Cleaned targets with ['mvn', 'clean']
[INFO] Scanning for projects...
[WARNING] 
[WARNING] Some problems were encountered while building the effective model for com.graphhopper:rick-major:jar:5.3
[WARNING] 'dependencies.dependency.(groupId:artifactId:type:classifier)' must be unique: com.graphhopper:graphhopper-web:jar -> duplicate declaration of version 5.3 @ line 79, column 17
[WARNING] 
[WARNING] It is highly recommended to fix these problems because they threaten the stability of your build.
[WARNING] 
[WARNING] For this reason, future Maven versions might no longer support building such malformed projects.
[WARNING] 
[INFO] 
[INFO] ---------------------< com.graphhopper:rick-major >---------------------
[INFO] Building rick-major 5.3
[INFO] --------------------------------[ jar ]---------------------------------
[INFO] 
[INFO] --- maven-clean-plugin:2.5:clean (default-clean) @ rick-major ---
[INFO] Deleting /home/dee/dev/rick-major-review/graphhopper/rick-major/target
[INFO] ------------------------------------------------------------------------
[INFO] BUILD SUCCESS
[INFO] ------------------------------------------------------------------------
[INFO] Total time:  0.852 s
[INFO] Finished at: 2023-06-11T12:42:10+02:00
[INFO] ------------------------------------------------------------------------


---------------------------------------------------
[LOG] In experiment directory /home/dee/dev/rick-experiments/mutation-analysis
---------------------------------------------------
[LOG] Restoring original RICK test from ./FinishInstruction.java/original-test.java
[LOG] Invoking cp ./FinishInstruction.java/original-test.java /home/dee/dev/rick-major-review/graphhopper/rick-major/src/test/java/com/graphhopper/util/TestFinishInstructionRickGen.java
---------------------------------------------------
[CO] Evaluating only CO
[LOG] Replacing original RICK test with variant co
[LOG] Invoking cp /home/dee/dev/rick-experiments/mutation-analysis/output/FinishInstruction_getTurnDescription_Translation/test-co.java /home/dee/dev/rick-major-review/graphhopper/rick-major/src/test/java/com/graphhopper/util/TestFinishInstructionRickGen.java
[LOG] In test module directory /home/dee/dev/rick-major-review/graphhopper/rick-major
[LOG] Invoked tests with ['mvn', 'test', '-Dtest=TestFinishInstructionRickGen']
[INFO] Scanning for projects...
[WARNING] 
[WARNING] Some problems were encountered while building the effective model for com.graphhopper:rick-major:jar:5.3
[WARNING] 'dependencies.dependency.(groupId:artifactId:type:classifier)' must be unique: com.graphhopper:graphhopper-web:jar -> duplicate declaration of version 5.3 @ line 79, column 17
[WARNING] 
[WARNING] It is highly recommended to fix these problems because they threaten the stability of your build.
[WARNING] 
[WARNING] For this reason, future Maven versions might no longer support building such malformed projects.
[WARNING] 
[INFO] 
[INFO] ---------------------< com.graphhopper:rick-major >---------------------
[INFO] Building rick-major 5.3
[INFO] --------------------------------[ jar ]---------------------------------
[INFO] 
[INFO] --- maven-resources-plugin:2.6:resources (default-resources) @ rick-major ---
[INFO] Using 'UTF-8' encoding to copy filtered resources.
[INFO] Copying 0 resource
[INFO] 
[INFO] --- maven-compiler-plugin:3.8.1:compile (default-compile) @ rick-major ---
[INFO] Nothing to compile - all classes are up to date
[INFO] 
[INFO] --- maven-resources-plugin:2.6:testResources (default-testResources) @ rick-major ---
[INFO] Using 'UTF-8' encoding to copy filtered resources.
[INFO] Copying 26 resources
[INFO] 
[INFO] --- maven-compiler-plugin:3.8.1:testCompile (default-testCompile) @ rick-major ---
[INFO] Changes detected - recompiling the module!
[INFO] Compiling 15 source files to /home/dee/dev/rick-major-review/graphhopper/rick-major/target/test-classes
[INFO] 
[INFO] --- maven-surefire-plugin:2.22.2:test (default-test) @ rick-major ---
[INFO] 
[INFO] -------------------------------------------------------
[INFO]  T E S T S
[INFO] -------------------------------------------------------
[INFO] Running com.graphhopper.util.TestFinishInstructionRickGen
[ERROR] Tests run: 3, Failures: 1, Errors: 0, Skipped: 0, Time elapsed: 4.229 s <<< FAILURE! - in com.graphhopper.util.TestFinishInstructionRickGen
[ERROR] test_getTurnDescription_CO_f4925d65c622402e98befa313e740ccb  Time elapsed: 2.963 s  <<< FAILURE!
org.mockito.exceptions.verification.WantedButNotInvoked: 

Wanted but not invoked:
translation.tr(<any string>, <any>);
-> at com.graphhopper.util.TestFinishInstructionRickGen.test_getTurnDescription_CO_f4925d65c622402e98befa313e740ccb(TestFinishInstructionRickGen.java:70)
Actually, there were zero interactions with this mock.

	at com.graphhopper.util.TestFinishInstructionRickGen.test_getTurnDescription_CO_f4925d65c622402e98befa313e740ccb(TestFinishInstructionRickGen.java:70)

[INFO] 
[INFO] Results:
[INFO] 
[ERROR] Failures: 
[ERROR]   TestFinishInstructionRickGen.test_getTurnDescription_CO_f4925d65c622402e98befa313e740ccb:70 
Wanted but not invoked:
translation.tr(<any string>, <any>);
-> at com.graphhopper.util.TestFinishInstructionRickGen.test_getTurnDescription_CO_f4925d65c622402e98befa313e740ccb(TestFinishInstructionRickGen.java:70)
Actually, there were zero interactions with this mock.

[INFO] 
[ERROR] Tests run: 3, Failures: 1, Errors: 0, Skipped: 0
[INFO] 
[INFO] ------------------------------------------------------------------------
[INFO] BUILD FAILURE
[INFO] ------------------------------------------------------------------------
[INFO] Total time:  15.106 s
[INFO] Finished at: 2023-06-11T12:42:28+02:00
[INFO] ------------------------------------------------------------------------
[ERROR] Failed to execute goal org.apache.maven.plugins:maven-surefire-plugin:2.22.2:test (default-test) on project rick-major: There are test failures.
[ERROR] 
[ERROR] Please refer to /home/dee/dev/rick-major-review/graphhopper/rick-major/target/surefire-reports for the individual test results.
[ERROR] Please refer to dump files (if any exist) [date].dump, [date]-jvmRun[N].dump and [date].dumpstream.
[ERROR] -> [Help 1]
[ERROR] 
[ERROR] To see the full stack trace of the errors, re-run Maven with the -e switch.
[ERROR] Re-run Maven using the -X switch to enable full debug logging.
[ERROR] 
[ERROR] For more information about the errors and possible solutions, please read the following articles:
[ERROR] [Help 1] http://cwiki.apache.org/confluence/display/MAVEN/MojoFailureException

Security framework of XStream not initialized, XStream is probably vulnerable.

---------------------------------------------------
[LOG] Cleaned targets with ['mvn', 'clean']
[INFO] Scanning for projects...
[WARNING] 
[WARNING] Some problems were encountered while building the effective model for com.graphhopper:rick-major:jar:5.3
[WARNING] 'dependencies.dependency.(groupId:artifactId:type:classifier)' must be unique: com.graphhopper:graphhopper-web:jar -> duplicate declaration of version 5.3 @ line 79, column 17
[WARNING] 
[WARNING] It is highly recommended to fix these problems because they threaten the stability of your build.
[WARNING] 
[WARNING] For this reason, future Maven versions might no longer support building such malformed projects.
[WARNING] 
[INFO] 
[INFO] ---------------------< com.graphhopper:rick-major >---------------------
[INFO] Building rick-major 5.3
[INFO] --------------------------------[ jar ]---------------------------------
[INFO] 
[INFO] --- maven-clean-plugin:2.5:clean (default-clean) @ rick-major ---
[INFO] Deleting /home/dee/dev/rick-major-review/graphhopper/rick-major/target
[INFO] ------------------------------------------------------------------------
[INFO] BUILD SUCCESS
[INFO] ------------------------------------------------------------------------
[INFO] Total time:  1.076 s
[INFO] Finished at: 2023-06-11T12:42:34+02:00
[INFO] ------------------------------------------------------------------------


---------------------------------------------------
[LOG] In experiment directory /home/dee/dev/rick-experiments/mutation-analysis
---------------------------------------------------
[LOG] Restoring original RICK test from ./FinishInstruction.java/original-test.java
[LOG] Invoking cp ./FinishInstruction.java/original-test.java /home/dee/dev/rick-major-review/graphhopper/rick-major/src/test/java/com/graphhopper/util/TestFinishInstructionRickGen.java
---------------------------------------------------
[ALL] Evaluating (OO +) PO + CO
[LOG] Restoring original RICK test from ./FinishInstruction.java/original-test.java
[LOG] Invoking cp ./FinishInstruction.java/original-test.java /home/dee/dev/rick-major-review/graphhopper/rick-major/src/test/java/com/graphhopper/util/TestFinishInstructionRickGen.java
[LOG] In test module directory /home/dee/dev/rick-major-review/graphhopper/rick-major
[LOG] Invoked tests with ['mvn', 'test', '-Dtest=TestFinishInstructionRickGen']
[INFO] Scanning for projects...
[WARNING] 
[WARNING] Some problems were encountered while building the effective model for com.graphhopper:rick-major:jar:5.3
[WARNING] 'dependencies.dependency.(groupId:artifactId:type:classifier)' must be unique: com.graphhopper:graphhopper-web:jar -> duplicate declaration of version 5.3 @ line 79, column 17
[WARNING] 
[WARNING] It is highly recommended to fix these problems because they threaten the stability of your build.
[WARNING] 
[WARNING] For this reason, future Maven versions might no longer support building such malformed projects.
[WARNING] 
[INFO] 
[INFO] ---------------------< com.graphhopper:rick-major >---------------------
[INFO] Building rick-major 5.3
[INFO] --------------------------------[ jar ]---------------------------------
[INFO] 
[INFO] --- maven-resources-plugin:2.6:resources (default-resources) @ rick-major ---
[INFO] Using 'UTF-8' encoding to copy filtered resources.
[INFO] Copying 0 resource
[INFO] 
[INFO] --- maven-compiler-plugin:3.8.1:compile (default-compile) @ rick-major ---
[INFO] Nothing to compile - all classes are up to date
[INFO] 
[INFO] --- maven-resources-plugin:2.6:testResources (default-testResources) @ rick-major ---
[INFO] Using 'UTF-8' encoding to copy filtered resources.
[INFO] Copying 26 resources
[INFO] 
[INFO] --- maven-compiler-plugin:3.8.1:testCompile (default-testCompile) @ rick-major ---
[INFO] Changes detected - recompiling the module!
[INFO] Compiling 15 source files to /home/dee/dev/rick-major-review/graphhopper/rick-major/target/test-classes
[INFO] 
[INFO] --- maven-surefire-plugin:2.22.2:test (default-test) @ rick-major ---
[INFO] 
[INFO] -------------------------------------------------------
[INFO]  T E S T S
[INFO] -------------------------------------------------------
[INFO] Running com.graphhopper.util.TestFinishInstructionRickGen
[ERROR] Tests run: 3, Failures: 3, Errors: 0, Skipped: 0, Time elapsed: 4.378 s <<< FAILURE! - in com.graphhopper.util.TestFinishInstructionRickGen
[ERROR] test_getTurnDescription_CO_f4925d65c622402e98befa313e740ccb  Time elapsed: 3.13 s  <<< FAILURE!
org.mockito.exceptions.verification.WantedButNotInvoked: 

Wanted but not invoked:
translation.tr(<any string>, <any>);
-> at com.graphhopper.util.TestFinishInstructionRickGen.test_getTurnDescription_CO_f4925d65c622402e98befa313e740ccb(TestFinishInstructionRickGen.java:70)
Actually, there were zero interactions with this mock.

	at com.graphhopper.util.TestFinishInstructionRickGen.test_getTurnDescription_CO_f4925d65c622402e98befa313e740ccb(TestFinishInstructionRickGen.java:70)

[ERROR] test_getTurnDescription_PO_f4925d65c622402e98befa313e740ccb  Time elapsed: 0.327 s  <<< FAILURE!
org.mockito.exceptions.verification.WantedButNotInvoked: 

Wanted but not invoked:
translation.tr("finish", <any>);
-> at com.graphhopper.util.TestFinishInstructionRickGen.test_getTurnDescription_PO_f4925d65c622402e98befa313e740ccb(TestFinishInstructionRickGen.java:56)
Actually, there were zero interactions with this mock.

	at com.graphhopper.util.TestFinishInstructionRickGen.test_getTurnDescription_PO_f4925d65c622402e98befa313e740ccb(TestFinishInstructionRickGen.java:56)

[ERROR] test_getTurnDescription_OO_f4925d65c622402e98befa313e740ccb  Time elapsed: 0.124 s  <<< FAILURE!
org.opentest4j.AssertionFailedError: expected: <arrive at destination> but was: <>
	at com.graphhopper.util.TestFinishInstructionRickGen.test_getTurnDescription_OO_f4925d65c622402e98befa313e740ccb(TestFinishInstructionRickGen.java:43)

[INFO] 
[INFO] Results:
[INFO] 
[ERROR] Failures: 
[ERROR]   TestFinishInstructionRickGen.test_getTurnDescription_CO_f4925d65c622402e98befa313e740ccb:70 
Wanted but not invoked:
translation.tr(<any string>, <any>);
-> at com.graphhopper.util.TestFinishInstructionRickGen.test_getTurnDescription_CO_f4925d65c622402e98befa313e740ccb(TestFinishInstructionRickGen.java:70)
Actually, there were zero interactions with this mock.

[ERROR]   TestFinishInstructionRickGen.test_getTurnDescription_OO_f4925d65c622402e98befa313e740ccb:43 expected: <arrive at destination> but was: <>
[ERROR]   TestFinishInstructionRickGen.test_getTurnDescription_PO_f4925d65c622402e98befa313e740ccb:56 
Wanted but not invoked:
translation.tr("finish", <any>);
-> at com.graphhopper.util.TestFinishInstructionRickGen.test_getTurnDescription_PO_f4925d65c622402e98befa313e740ccb(TestFinishInstructionRickGen.java:56)
Actually, there were zero interactions with this mock.

[INFO] 
[ERROR] Tests run: 3, Failures: 3, Errors: 0, Skipped: 0
[INFO] 
[INFO] ------------------------------------------------------------------------
[INFO] BUILD FAILURE
[INFO] ------------------------------------------------------------------------
[INFO] Total time:  15.543 s
[INFO] Finished at: 2023-06-11T12:42:54+02:00
[INFO] ------------------------------------------------------------------------
[ERROR] Failed to execute goal org.apache.maven.plugins:maven-surefire-plugin:2.22.2:test (default-test) on project rick-major: There are test failures.
[ERROR] 
[ERROR] Please refer to /home/dee/dev/rick-major-review/graphhopper/rick-major/target/surefire-reports for the individual test results.
[ERROR] Please refer to dump files (if any exist) [date].dump, [date]-jvmRun[N].dump and [date].dumpstream.
[ERROR] -> [Help 1]
[ERROR] 
[ERROR] To see the full stack trace of the errors, re-run Maven with the -e switch.
[ERROR] Re-run Maven using the -X switch to enable full debug logging.
[ERROR] 
[ERROR] For more information about the errors and possible solutions, please read the following articles:
[ERROR] [Help 1] http://cwiki.apache.org/confluence/display/MAVEN/MojoFailureException

Security framework of XStream not initialized, XStream is probably vulnerable.

---------------------------------------------------
[LOG] Cleaned targets with ['mvn', 'clean']
[INFO] Scanning for projects...
[WARNING] 
[WARNING] Some problems were encountered while building the effective model for com.graphhopper:rick-major:jar:5.3
[WARNING] 'dependencies.dependency.(groupId:artifactId:type:classifier)' must be unique: com.graphhopper:graphhopper-web:jar -> duplicate declaration of version 5.3 @ line 79, column 17
[WARNING] 
[WARNING] It is highly recommended to fix these problems because they threaten the stability of your build.
[WARNING] 
[WARNING] For this reason, future Maven versions might no longer support building such malformed projects.
[WARNING] 
[INFO] 
[INFO] ---------------------< com.graphhopper:rick-major >---------------------
[INFO] Building rick-major 5.3
[INFO] --------------------------------[ jar ]---------------------------------
[INFO] 
[INFO] --- maven-clean-plugin:2.5:clean (default-clean) @ rick-major ---
[INFO] Deleting /home/dee/dev/rick-major-review/graphhopper/rick-major/target
[INFO] ------------------------------------------------------------------------
[INFO] BUILD SUCCESS
[INFO] ------------------------------------------------------------------------
[INFO] Total time:  0.923 s
[INFO] Finished at: 2023-06-11T12:42:58+02:00
[INFO] ------------------------------------------------------------------------


---------------------------------------------------
[LOG] In experiment directory /home/dee/dev/rick-experiments/mutation-analysis
---------------------------------------------------
---------------------------------------------------
[LOG] Resetting FinishInstruction.java to original
[LOG] Invoking cp ./FinishInstruction.java/original.java /home/dee/dev/rick-major-review/graphhopper/web-api/src/main/java/com/graphhopper/util/FinishInstruction.java
---------------------------------------------------
[LOG] Replacing originalFinishInstruction.java with ./FinishInstruction.java/7.java
[LOG] Invoking cp ./FinishInstruction.java/7.java /home/dee/dev/rick-major-review/graphhopper/web-api/src/main/java/com/graphhopper/util/FinishInstruction.java
[LOG] Invoked a clean install of the parent module with ['mvn', 'clean', 'install', '-DskipTests']
[INFO] Scanning for projects...
[INFO] 
[INFO] ----------------< com.graphhopper:graphhopper-web-api >-----------------
[INFO] Building GraphHopper Web API 5.3
[INFO] --------------------------------[ jar ]---------------------------------
[INFO] 
[INFO] --- maven-clean-plugin:2.5:clean (default-clean) @ graphhopper-web-api ---
[INFO] Deleting /home/dee/dev/rick-major-review/graphhopper/web-api/target
[INFO] 
[INFO] --- maven-resources-plugin:2.6:resources (default-resources) @ graphhopper-web-api ---
[INFO] Using 'UTF-8' encoding to copy filtered resources.
[INFO] skip non existing resourceDirectory /home/dee/dev/rick-major-review/graphhopper/web-api/src/main/resources
[INFO] 
[INFO] --- maven-compiler-plugin:3.8.1:compile (default-compile) @ graphhopper-web-api ---
[INFO] Changes detected - recompiling the module!
[INFO] Compiling 49 source files to /home/dee/dev/rick-major-review/graphhopper/web-api/target/classes
[INFO] 
[INFO] --- maven-resources-plugin:2.6:testResources (default-testResources) @ graphhopper-web-api ---
[INFO] Using 'UTF-8' encoding to copy filtered resources.
[INFO] Copying 3 resources
[INFO] 
[INFO] --- maven-compiler-plugin:3.8.1:testCompile (default-testCompile) @ graphhopper-web-api ---
[INFO] Changes detected - recompiling the module!
[INFO] Compiling 12 source files to /home/dee/dev/rick-major-review/graphhopper/web-api/target/test-classes
[INFO] 
[INFO] --- maven-surefire-plugin:2.22.2:test (default-test) @ graphhopper-web-api ---
[INFO] Tests are skipped.
[INFO] 
[INFO] --- maven-jar-plugin:3.1.1:jar (default-jar) @ graphhopper-web-api ---
[INFO] Building jar: /home/dee/dev/rick-major-review/graphhopper/web-api/target/graphhopper-web-api-5.3.jar
[INFO] 
[INFO] --- maven-failsafe-plugin:2.22.2:integration-test (default) @ graphhopper-web-api ---
[INFO] Tests are skipped.
[INFO] 
[INFO] --- maven-failsafe-plugin:2.22.2:verify (default) @ graphhopper-web-api ---
[INFO] Tests are skipped.
[INFO] 
[INFO] --- maven-install-plugin:2.4:install (default-install) @ graphhopper-web-api ---
[INFO] Installing /home/dee/dev/rick-major-review/graphhopper/web-api/target/graphhopper-web-api-5.3.jar to /home/dee/.m2/repository/com/graphhopper/graphhopper-web-api/5.3/graphhopper-web-api-5.3.jar
[INFO] Installing /home/dee/dev/rick-major-review/graphhopper/web-api/pom.xml to /home/dee/.m2/repository/com/graphhopper/graphhopper-web-api/5.3/graphhopper-web-api-5.3.pom
[INFO] ------------------------------------------------------------------------
[INFO] BUILD SUCCESS
[INFO] ------------------------------------------------------------------------
[INFO] Total time:  14.638 s
[INFO] Finished at: 2023-06-11T12:43:17+02:00
[INFO] ------------------------------------------------------------------------


---------------------------------------------------
[BASELINE] Not evaluating any oracle
[LOG] Replacing original RICK test with variant baseline
[LOG] Invoking cp /home/dee/dev/rick-experiments/mutation-analysis/output/FinishInstruction_getTurnDescription_Translation/test-baseline.java /home/dee/dev/rick-major-review/graphhopper/rick-major/src/test/java/com/graphhopper/util/TestFinishInstructionRickGen.java
[LOG] In test module directory /home/dee/dev/rick-major-review/graphhopper/rick-major
[LOG] Invoked tests with ['mvn', 'test', '-Dtest=TestFinishInstructionRickGen']
[INFO] Scanning for projects...
[WARNING] 
[WARNING] Some problems were encountered while building the effective model for com.graphhopper:rick-major:jar:5.3
[WARNING] 'dependencies.dependency.(groupId:artifactId:type:classifier)' must be unique: com.graphhopper:graphhopper-web:jar -> duplicate declaration of version 5.3 @ line 79, column 17
[WARNING] 
[WARNING] It is highly recommended to fix these problems because they threaten the stability of your build.
[WARNING] 
[WARNING] For this reason, future Maven versions might no longer support building such malformed projects.
[WARNING] 
[INFO] 
[INFO] ---------------------< com.graphhopper:rick-major >---------------------
[INFO] Building rick-major 5.3
[INFO] --------------------------------[ jar ]---------------------------------
[INFO] 
[INFO] --- maven-resources-plugin:2.6:resources (default-resources) @ rick-major ---
[INFO] Using 'UTF-8' encoding to copy filtered resources.
[INFO] Copying 0 resource
[INFO] 
[INFO] --- maven-compiler-plugin:3.8.1:compile (default-compile) @ rick-major ---
[INFO] Nothing to compile - all classes are up to date
[INFO] 
[INFO] --- maven-resources-plugin:2.6:testResources (default-testResources) @ rick-major ---
[INFO] Using 'UTF-8' encoding to copy filtered resources.
[INFO] Copying 26 resources
[INFO] 
[INFO] --- maven-compiler-plugin:3.8.1:testCompile (default-testCompile) @ rick-major ---
[INFO] Changes detected - recompiling the module!
[INFO] Compiling 15 source files to /home/dee/dev/rick-major-review/graphhopper/rick-major/target/test-classes
[INFO] 
[INFO] --- maven-surefire-plugin:2.22.2:test (default-test) @ rick-major ---
[INFO] 
[INFO] -------------------------------------------------------
[INFO]  T E S T S
[INFO] -------------------------------------------------------
[INFO] Running com.graphhopper.util.TestFinishInstructionRickGen
[INFO] Tests run: 3, Failures: 0, Errors: 0, Skipped: 0, Time elapsed: 4.14 s - in com.graphhopper.util.TestFinishInstructionRickGen
[INFO] 
[INFO] Results:
[INFO] 
[INFO] Tests run: 3, Failures: 0, Errors: 0, Skipped: 0
[INFO] 
[INFO] ------------------------------------------------------------------------
[INFO] BUILD SUCCESS
[INFO] ------------------------------------------------------------------------
[INFO] Total time:  14.842 s
[INFO] Finished at: 2023-06-11T12:43:36+02:00
[INFO] ------------------------------------------------------------------------

Security framework of XStream not initialized, XStream is probably vulnerable.

---------------------------------------------------
[LOG] Cleaned targets with ['mvn', 'clean']
[INFO] Scanning for projects...
[WARNING] 
[WARNING] Some problems were encountered while building the effective model for com.graphhopper:rick-major:jar:5.3
[WARNING] 'dependencies.dependency.(groupId:artifactId:type:classifier)' must be unique: com.graphhopper:graphhopper-web:jar -> duplicate declaration of version 5.3 @ line 79, column 17
[WARNING] 
[WARNING] It is highly recommended to fix these problems because they threaten the stability of your build.
[WARNING] 
[WARNING] For this reason, future Maven versions might no longer support building such malformed projects.
[WARNING] 
[INFO] 
[INFO] ---------------------< com.graphhopper:rick-major >---------------------
[INFO] Building rick-major 5.3
[INFO] --------------------------------[ jar ]---------------------------------
[INFO] 
[INFO] --- maven-clean-plugin:2.5:clean (default-clean) @ rick-major ---
[INFO] Deleting /home/dee/dev/rick-major-review/graphhopper/rick-major/target
[INFO] ------------------------------------------------------------------------
[INFO] BUILD SUCCESS
[INFO] ------------------------------------------------------------------------
[INFO] Total time:  0.815 s
[INFO] Finished at: 2023-06-11T12:43:40+02:00
[INFO] ------------------------------------------------------------------------


---------------------------------------------------
[LOG] In experiment directory /home/dee/dev/rick-experiments/mutation-analysis
---------------------------------------------------
[LOG] Restoring original RICK test from ./FinishInstruction.java/original-test.java
[LOG] Invoking cp ./FinishInstruction.java/original-test.java /home/dee/dev/rick-major-review/graphhopper/rick-major/src/test/java/com/graphhopper/util/TestFinishInstructionRickGen.java
---------------------------------------------------
[OO] Evaluating only OO
[LOG] Replacing original RICK test with variant oo
[LOG] Invoking cp /home/dee/dev/rick-experiments/mutation-analysis/output/FinishInstruction_getTurnDescription_Translation/test-oo.java /home/dee/dev/rick-major-review/graphhopper/rick-major/src/test/java/com/graphhopper/util/TestFinishInstructionRickGen.java
[LOG] In test module directory /home/dee/dev/rick-major-review/graphhopper/rick-major
[LOG] Invoked tests with ['mvn', 'test', '-Dtest=TestFinishInstructionRickGen']
[INFO] Scanning for projects...
[WARNING] 
[WARNING] Some problems were encountered while building the effective model for com.graphhopper:rick-major:jar:5.3
[WARNING] 'dependencies.dependency.(groupId:artifactId:type:classifier)' must be unique: com.graphhopper:graphhopper-web:jar -> duplicate declaration of version 5.3 @ line 79, column 17
[WARNING] 
[WARNING] It is highly recommended to fix these problems because they threaten the stability of your build.
[WARNING] 
[WARNING] For this reason, future Maven versions might no longer support building such malformed projects.
[WARNING] 
[INFO] 
[INFO] ---------------------< com.graphhopper:rick-major >---------------------
[INFO] Building rick-major 5.3
[INFO] --------------------------------[ jar ]---------------------------------
[INFO] 
[INFO] --- maven-resources-plugin:2.6:resources (default-resources) @ rick-major ---
[INFO] Using 'UTF-8' encoding to copy filtered resources.
[INFO] Copying 0 resource
[INFO] 
[INFO] --- maven-compiler-plugin:3.8.1:compile (default-compile) @ rick-major ---
[INFO] Nothing to compile - all classes are up to date
[INFO] 
[INFO] --- maven-resources-plugin:2.6:testResources (default-testResources) @ rick-major ---
[INFO] Using 'UTF-8' encoding to copy filtered resources.
[INFO] Copying 26 resources
[INFO] 
[INFO] --- maven-compiler-plugin:3.8.1:testCompile (default-testCompile) @ rick-major ---
[INFO] Changes detected - recompiling the module!
[INFO] Compiling 15 source files to /home/dee/dev/rick-major-review/graphhopper/rick-major/target/test-classes
[INFO] 
[INFO] --- maven-surefire-plugin:2.22.2:test (default-test) @ rick-major ---
[INFO] 
[INFO] -------------------------------------------------------
[INFO]  T E S T S
[INFO] -------------------------------------------------------
[INFO] Running com.graphhopper.util.TestFinishInstructionRickGen
[ERROR] Tests run: 3, Failures: 1, Errors: 0, Skipped: 0, Time elapsed: 5.336 s <<< FAILURE! - in com.graphhopper.util.TestFinishInstructionRickGen
[ERROR] test_getTurnDescription_OO_f4925d65c622402e98befa313e740ccb  Time elapsed: 0.105 s  <<< FAILURE!
org.opentest4j.AssertionFailedError: expected: <arrive at destination> but was: <A>
	at com.graphhopper.util.TestFinishInstructionRickGen.test_getTurnDescription_OO_f4925d65c622402e98befa313e740ccb(TestFinishInstructionRickGen.java:43)

[INFO] 
[INFO] Results:
[INFO] 
[ERROR] Failures: 
[ERROR]   TestFinishInstructionRickGen.test_getTurnDescription_OO_f4925d65c622402e98befa313e740ccb:43 expected: <arrive at destination> but was: <A>
[INFO] 
[ERROR] Tests run: 3, Failures: 1, Errors: 0, Skipped: 0
[INFO] 
[INFO] ------------------------------------------------------------------------
[INFO] BUILD FAILURE
[INFO] ------------------------------------------------------------------------
[INFO] Total time:  16.160 s
[INFO] Finished at: 2023-06-11T12:44:00+02:00
[INFO] ------------------------------------------------------------------------
[ERROR] Failed to execute goal org.apache.maven.plugins:maven-surefire-plugin:2.22.2:test (default-test) on project rick-major: There are test failures.
[ERROR] 
[ERROR] Please refer to /home/dee/dev/rick-major-review/graphhopper/rick-major/target/surefire-reports for the individual test results.
[ERROR] Please refer to dump files (if any exist) [date].dump, [date]-jvmRun[N].dump and [date].dumpstream.
[ERROR] -> [Help 1]
[ERROR] 
[ERROR] To see the full stack trace of the errors, re-run Maven with the -e switch.
[ERROR] Re-run Maven using the -X switch to enable full debug logging.
[ERROR] 
[ERROR] For more information about the errors and possible solutions, please read the following articles:
[ERROR] [Help 1] http://cwiki.apache.org/confluence/display/MAVEN/MojoFailureException

Security framework of XStream not initialized, XStream is probably vulnerable.

---------------------------------------------------
[LOG] Cleaned targets with ['mvn', 'clean']
[INFO] Scanning for projects...
[WARNING] 
[WARNING] Some problems were encountered while building the effective model for com.graphhopper:rick-major:jar:5.3
[WARNING] 'dependencies.dependency.(groupId:artifactId:type:classifier)' must be unique: com.graphhopper:graphhopper-web:jar -> duplicate declaration of version 5.3 @ line 79, column 17
[WARNING] 
[WARNING] It is highly recommended to fix these problems because they threaten the stability of your build.
[WARNING] 
[WARNING] For this reason, future Maven versions might no longer support building such malformed projects.
[WARNING] 
[INFO] 
[INFO] ---------------------< com.graphhopper:rick-major >---------------------
[INFO] Building rick-major 5.3
[INFO] --------------------------------[ jar ]---------------------------------
[INFO] 
[INFO] --- maven-clean-plugin:2.5:clean (default-clean) @ rick-major ---
[INFO] Deleting /home/dee/dev/rick-major-review/graphhopper/rick-major/target
[INFO] ------------------------------------------------------------------------
[INFO] BUILD SUCCESS
[INFO] ------------------------------------------------------------------------
[INFO] Total time:  0.859 s
[INFO] Finished at: 2023-06-11T12:44:05+02:00
[INFO] ------------------------------------------------------------------------


---------------------------------------------------
[LOG] In experiment directory /home/dee/dev/rick-experiments/mutation-analysis
---------------------------------------------------
[LOG] Restoring original RICK test from ./FinishInstruction.java/original-test.java
[LOG] Invoking cp ./FinishInstruction.java/original-test.java /home/dee/dev/rick-major-review/graphhopper/rick-major/src/test/java/com/graphhopper/util/TestFinishInstructionRickGen.java
---------------------------------------------------
[PO] Evaluating only PO
[LOG] Replacing original RICK test with variant po
[LOG] Invoking cp /home/dee/dev/rick-experiments/mutation-analysis/output/FinishInstruction_getTurnDescription_Translation/test-po.java /home/dee/dev/rick-major-review/graphhopper/rick-major/src/test/java/com/graphhopper/util/TestFinishInstructionRickGen.java
[LOG] In test module directory /home/dee/dev/rick-major-review/graphhopper/rick-major
[LOG] Invoked tests with ['mvn', 'test', '-Dtest=TestFinishInstructionRickGen']
[INFO] Scanning for projects...
[WARNING] 
[WARNING] Some problems were encountered while building the effective model for com.graphhopper:rick-major:jar:5.3
[WARNING] 'dependencies.dependency.(groupId:artifactId:type:classifier)' must be unique: com.graphhopper:graphhopper-web:jar -> duplicate declaration of version 5.3 @ line 79, column 17
[WARNING] 
[WARNING] It is highly recommended to fix these problems because they threaten the stability of your build.
[WARNING] 
[WARNING] For this reason, future Maven versions might no longer support building such malformed projects.
[WARNING] 
[INFO] 
[INFO] ---------------------< com.graphhopper:rick-major >---------------------
[INFO] Building rick-major 5.3
[INFO] --------------------------------[ jar ]---------------------------------
[INFO] 
[INFO] --- maven-resources-plugin:2.6:resources (default-resources) @ rick-major ---
[INFO] Using 'UTF-8' encoding to copy filtered resources.
[INFO] Copying 0 resource
[INFO] 
[INFO] --- maven-compiler-plugin:3.8.1:compile (default-compile) @ rick-major ---
[INFO] Nothing to compile - all classes are up to date
[INFO] 
[INFO] --- maven-resources-plugin:2.6:testResources (default-testResources) @ rick-major ---
[INFO] Using 'UTF-8' encoding to copy filtered resources.
[INFO] Copying 26 resources
[INFO] 
[INFO] --- maven-compiler-plugin:3.8.1:testCompile (default-testCompile) @ rick-major ---
[INFO] Changes detected - recompiling the module!
[INFO] Compiling 15 source files to /home/dee/dev/rick-major-review/graphhopper/rick-major/target/test-classes
[INFO] 
[INFO] --- maven-surefire-plugin:2.22.2:test (default-test) @ rick-major ---
[INFO] 
[INFO] -------------------------------------------------------
[INFO]  T E S T S
[INFO] -------------------------------------------------------
[INFO] Running com.graphhopper.util.TestFinishInstructionRickGen
[ERROR] Tests run: 3, Failures: 1, Errors: 0, Skipped: 0, Time elapsed: 4.274 s <<< FAILURE! - in com.graphhopper.util.TestFinishInstructionRickGen
[ERROR] test_getTurnDescription_PO_f4925d65c622402e98befa313e740ccb  Time elapsed: 0.349 s  <<< FAILURE!
org.mockito.exceptions.verification.WantedButNotInvoked: 

Wanted but not invoked:
translation.tr("finish", <any>);
-> at com.graphhopper.util.TestFinishInstructionRickGen.test_getTurnDescription_PO_f4925d65c622402e98befa313e740ccb(TestFinishInstructionRickGen.java:56)
Actually, there were zero interactions with this mock.

	at com.graphhopper.util.TestFinishInstructionRickGen.test_getTurnDescription_PO_f4925d65c622402e98befa313e740ccb(TestFinishInstructionRickGen.java:56)

[INFO] 
[INFO] Results:
[INFO] 
[ERROR] Failures: 
[ERROR]   TestFinishInstructionRickGen.test_getTurnDescription_PO_f4925d65c622402e98befa313e740ccb:56 
Wanted but not invoked:
translation.tr("finish", <any>);
-> at com.graphhopper.util.TestFinishInstructionRickGen.test_getTurnDescription_PO_f4925d65c622402e98befa313e740ccb(TestFinishInstructionRickGen.java:56)
Actually, there were zero interactions with this mock.

[INFO] 
[ERROR] Tests run: 3, Failures: 1, Errors: 0, Skipped: 0
[INFO] 
[INFO] ------------------------------------------------------------------------
[INFO] BUILD FAILURE
[INFO] ------------------------------------------------------------------------
[INFO] Total time:  15.812 s
[INFO] Finished at: 2023-06-11T12:44:25+02:00
[INFO] ------------------------------------------------------------------------
[ERROR] Failed to execute goal org.apache.maven.plugins:maven-surefire-plugin:2.22.2:test (default-test) on project rick-major: There are test failures.
[ERROR] 
[ERROR] Please refer to /home/dee/dev/rick-major-review/graphhopper/rick-major/target/surefire-reports for the individual test results.
[ERROR] Please refer to dump files (if any exist) [date].dump, [date]-jvmRun[N].dump and [date].dumpstream.
[ERROR] -> [Help 1]
[ERROR] 
[ERROR] To see the full stack trace of the errors, re-run Maven with the -e switch.
[ERROR] Re-run Maven using the -X switch to enable full debug logging.
[ERROR] 
[ERROR] For more information about the errors and possible solutions, please read the following articles:
[ERROR] [Help 1] http://cwiki.apache.org/confluence/display/MAVEN/MojoFailureException

Security framework of XStream not initialized, XStream is probably vulnerable.

---------------------------------------------------
[LOG] Cleaned targets with ['mvn', 'clean']
[INFO] Scanning for projects...
[WARNING] 
[WARNING] Some problems were encountered while building the effective model for com.graphhopper:rick-major:jar:5.3
[WARNING] 'dependencies.dependency.(groupId:artifactId:type:classifier)' must be unique: com.graphhopper:graphhopper-web:jar -> duplicate declaration of version 5.3 @ line 79, column 17
[WARNING] 
[WARNING] It is highly recommended to fix these problems because they threaten the stability of your build.
[WARNING] 
[WARNING] For this reason, future Maven versions might no longer support building such malformed projects.
[WARNING] 
[INFO] 
[INFO] ---------------------< com.graphhopper:rick-major >---------------------
[INFO] Building rick-major 5.3
[INFO] --------------------------------[ jar ]---------------------------------
[INFO] 
[INFO] --- maven-clean-plugin:2.5:clean (default-clean) @ rick-major ---
[INFO] Deleting /home/dee/dev/rick-major-review/graphhopper/rick-major/target
[INFO] ------------------------------------------------------------------------
[INFO] BUILD SUCCESS
[INFO] ------------------------------------------------------------------------
[INFO] Total time:  1.067 s
[INFO] Finished at: 2023-06-11T12:44:29+02:00
[INFO] ------------------------------------------------------------------------


---------------------------------------------------
[LOG] In experiment directory /home/dee/dev/rick-experiments/mutation-analysis
---------------------------------------------------
[LOG] Restoring original RICK test from ./FinishInstruction.java/original-test.java
[LOG] Invoking cp ./FinishInstruction.java/original-test.java /home/dee/dev/rick-major-review/graphhopper/rick-major/src/test/java/com/graphhopper/util/TestFinishInstructionRickGen.java
---------------------------------------------------
[CO] Evaluating only CO
[LOG] Replacing original RICK test with variant co
[LOG] Invoking cp /home/dee/dev/rick-experiments/mutation-analysis/output/FinishInstruction_getTurnDescription_Translation/test-co.java /home/dee/dev/rick-major-review/graphhopper/rick-major/src/test/java/com/graphhopper/util/TestFinishInstructionRickGen.java
[LOG] In test module directory /home/dee/dev/rick-major-review/graphhopper/rick-major
[LOG] Invoked tests with ['mvn', 'test', '-Dtest=TestFinishInstructionRickGen']
[INFO] Scanning for projects...
[WARNING] 
[WARNING] Some problems were encountered while building the effective model for com.graphhopper:rick-major:jar:5.3
[WARNING] 'dependencies.dependency.(groupId:artifactId:type:classifier)' must be unique: com.graphhopper:graphhopper-web:jar -> duplicate declaration of version 5.3 @ line 79, column 17
[WARNING] 
[WARNING] It is highly recommended to fix these problems because they threaten the stability of your build.
[WARNING] 
[WARNING] For this reason, future Maven versions might no longer support building such malformed projects.
[WARNING] 
[INFO] 
[INFO] ---------------------< com.graphhopper:rick-major >---------------------
[INFO] Building rick-major 5.3
[INFO] --------------------------------[ jar ]---------------------------------
[INFO] 
[INFO] --- maven-resources-plugin:2.6:resources (default-resources) @ rick-major ---
[INFO] Using 'UTF-8' encoding to copy filtered resources.
[INFO] Copying 0 resource
[INFO] 
[INFO] --- maven-compiler-plugin:3.8.1:compile (default-compile) @ rick-major ---
[INFO] Nothing to compile - all classes are up to date
[INFO] 
[INFO] --- maven-resources-plugin:2.6:testResources (default-testResources) @ rick-major ---
[INFO] Using 'UTF-8' encoding to copy filtered resources.
[INFO] Copying 26 resources
[INFO] 
[INFO] --- maven-compiler-plugin:3.8.1:testCompile (default-testCompile) @ rick-major ---
[INFO] Changes detected - recompiling the module!
[INFO] Compiling 15 source files to /home/dee/dev/rick-major-review/graphhopper/rick-major/target/test-classes
[INFO] 
[INFO] --- maven-surefire-plugin:2.22.2:test (default-test) @ rick-major ---
[INFO] 
[INFO] -------------------------------------------------------
[INFO]  T E S T S
[INFO] -------------------------------------------------------
[INFO] Running com.graphhopper.util.TestFinishInstructionRickGen
[ERROR] Tests run: 3, Failures: 1, Errors: 0, Skipped: 0, Time elapsed: 4.266 s <<< FAILURE! - in com.graphhopper.util.TestFinishInstructionRickGen
[ERROR] test_getTurnDescription_CO_f4925d65c622402e98befa313e740ccb  Time elapsed: 3.064 s  <<< FAILURE!
org.mockito.exceptions.verification.WantedButNotInvoked: 

Wanted but not invoked:
translation.tr(<any string>, <any>);
-> at com.graphhopper.util.TestFinishInstructionRickGen.test_getTurnDescription_CO_f4925d65c622402e98befa313e740ccb(TestFinishInstructionRickGen.java:70)
Actually, there were zero interactions with this mock.

	at com.graphhopper.util.TestFinishInstructionRickGen.test_getTurnDescription_CO_f4925d65c622402e98befa313e740ccb(TestFinishInstructionRickGen.java:70)

[INFO] 
[INFO] Results:
[INFO] 
[ERROR] Failures: 
[ERROR]   TestFinishInstructionRickGen.test_getTurnDescription_CO_f4925d65c622402e98befa313e740ccb:70 
Wanted but not invoked:
translation.tr(<any string>, <any>);
-> at com.graphhopper.util.TestFinishInstructionRickGen.test_getTurnDescription_CO_f4925d65c622402e98befa313e740ccb(TestFinishInstructionRickGen.java:70)
Actually, there were zero interactions with this mock.

[INFO] 
[ERROR] Tests run: 3, Failures: 1, Errors: 0, Skipped: 0
[INFO] 
[INFO] ------------------------------------------------------------------------
[INFO] BUILD FAILURE
[INFO] ------------------------------------------------------------------------
[INFO] Total time:  16.448 s
[INFO] Finished at: 2023-06-11T12:44:50+02:00
[INFO] ------------------------------------------------------------------------
[ERROR] Failed to execute goal org.apache.maven.plugins:maven-surefire-plugin:2.22.2:test (default-test) on project rick-major: There are test failures.
[ERROR] 
[ERROR] Please refer to /home/dee/dev/rick-major-review/graphhopper/rick-major/target/surefire-reports for the individual test results.
[ERROR] Please refer to dump files (if any exist) [date].dump, [date]-jvmRun[N].dump and [date].dumpstream.
[ERROR] -> [Help 1]
[ERROR] 
[ERROR] To see the full stack trace of the errors, re-run Maven with the -e switch.
[ERROR] Re-run Maven using the -X switch to enable full debug logging.
[ERROR] 
[ERROR] For more information about the errors and possible solutions, please read the following articles:
[ERROR] [Help 1] http://cwiki.apache.org/confluence/display/MAVEN/MojoFailureException

Security framework of XStream not initialized, XStream is probably vulnerable.

---------------------------------------------------
[LOG] Cleaned targets with ['mvn', 'clean']
[INFO] Scanning for projects...
[WARNING] 
[WARNING] Some problems were encountered while building the effective model for com.graphhopper:rick-major:jar:5.3
[WARNING] 'dependencies.dependency.(groupId:artifactId:type:classifier)' must be unique: com.graphhopper:graphhopper-web:jar -> duplicate declaration of version 5.3 @ line 79, column 17
[WARNING] 
[WARNING] It is highly recommended to fix these problems because they threaten the stability of your build.
[WARNING] 
[WARNING] For this reason, future Maven versions might no longer support building such malformed projects.
[WARNING] 
[INFO] 
[INFO] ---------------------< com.graphhopper:rick-major >---------------------
[INFO] Building rick-major 5.3
[INFO] --------------------------------[ jar ]---------------------------------
[INFO] 
[INFO] --- maven-clean-plugin:2.5:clean (default-clean) @ rick-major ---
[INFO] Deleting /home/dee/dev/rick-major-review/graphhopper/rick-major/target
[INFO] ------------------------------------------------------------------------
[INFO] BUILD SUCCESS
[INFO] ------------------------------------------------------------------------
[INFO] Total time:  0.868 s
[INFO] Finished at: 2023-06-11T12:44:54+02:00
[INFO] ------------------------------------------------------------------------


---------------------------------------------------
[LOG] In experiment directory /home/dee/dev/rick-experiments/mutation-analysis
---------------------------------------------------
[LOG] Restoring original RICK test from ./FinishInstruction.java/original-test.java
[LOG] Invoking cp ./FinishInstruction.java/original-test.java /home/dee/dev/rick-major-review/graphhopper/rick-major/src/test/java/com/graphhopper/util/TestFinishInstructionRickGen.java
---------------------------------------------------
[ALL] Evaluating (OO +) PO + CO
[LOG] Restoring original RICK test from ./FinishInstruction.java/original-test.java
[LOG] Invoking cp ./FinishInstruction.java/original-test.java /home/dee/dev/rick-major-review/graphhopper/rick-major/src/test/java/com/graphhopper/util/TestFinishInstructionRickGen.java
[LOG] In test module directory /home/dee/dev/rick-major-review/graphhopper/rick-major
[LOG] Invoked tests with ['mvn', 'test', '-Dtest=TestFinishInstructionRickGen']
[INFO] Scanning for projects...
[WARNING] 
[WARNING] Some problems were encountered while building the effective model for com.graphhopper:rick-major:jar:5.3
[WARNING] 'dependencies.dependency.(groupId:artifactId:type:classifier)' must be unique: com.graphhopper:graphhopper-web:jar -> duplicate declaration of version 5.3 @ line 79, column 17
[WARNING] 
[WARNING] It is highly recommended to fix these problems because they threaten the stability of your build.
[WARNING] 
[WARNING] For this reason, future Maven versions might no longer support building such malformed projects.
[WARNING] 
[INFO] 
[INFO] ---------------------< com.graphhopper:rick-major >---------------------
[INFO] Building rick-major 5.3
[INFO] --------------------------------[ jar ]---------------------------------
[INFO] 
[INFO] --- maven-resources-plugin:2.6:resources (default-resources) @ rick-major ---
[INFO] Using 'UTF-8' encoding to copy filtered resources.
[INFO] Copying 0 resource
[INFO] 
[INFO] --- maven-compiler-plugin:3.8.1:compile (default-compile) @ rick-major ---
[INFO] Nothing to compile - all classes are up to date
[INFO] 
[INFO] --- maven-resources-plugin:2.6:testResources (default-testResources) @ rick-major ---
[INFO] Using 'UTF-8' encoding to copy filtered resources.
[INFO] Copying 26 resources
[INFO] 
[INFO] --- maven-compiler-plugin:3.8.1:testCompile (default-testCompile) @ rick-major ---
[INFO] Changes detected - recompiling the module!
[INFO] Compiling 15 source files to /home/dee/dev/rick-major-review/graphhopper/rick-major/target/test-classes
[INFO] 
[INFO] --- maven-surefire-plugin:2.22.2:test (default-test) @ rick-major ---
[INFO] 
[INFO] -------------------------------------------------------
[INFO]  T E S T S
[INFO] -------------------------------------------------------
[INFO] Running com.graphhopper.util.TestFinishInstructionRickGen
[ERROR] Tests run: 3, Failures: 3, Errors: 0, Skipped: 0, Time elapsed: 4.303 s <<< FAILURE! - in com.graphhopper.util.TestFinishInstructionRickGen
[ERROR] test_getTurnDescription_CO_f4925d65c622402e98befa313e740ccb  Time elapsed: 3.137 s  <<< FAILURE!
org.mockito.exceptions.verification.WantedButNotInvoked: 

Wanted but not invoked:
translation.tr(<any string>, <any>);
-> at com.graphhopper.util.TestFinishInstructionRickGen.test_getTurnDescription_CO_f4925d65c622402e98befa313e740ccb(TestFinishInstructionRickGen.java:70)
Actually, there were zero interactions with this mock.

	at com.graphhopper.util.TestFinishInstructionRickGen.test_getTurnDescription_CO_f4925d65c622402e98befa313e740ccb(TestFinishInstructionRickGen.java:70)

[ERROR] test_getTurnDescription_PO_f4925d65c622402e98befa313e740ccb  Time elapsed: 0.308 s  <<< FAILURE!
org.mockito.exceptions.verification.WantedButNotInvoked: 

Wanted but not invoked:
translation.tr("finish", <any>);
-> at com.graphhopper.util.TestFinishInstructionRickGen.test_getTurnDescription_PO_f4925d65c622402e98befa313e740ccb(TestFinishInstructionRickGen.java:56)
Actually, there were zero interactions with this mock.

	at com.graphhopper.util.TestFinishInstructionRickGen.test_getTurnDescription_PO_f4925d65c622402e98befa313e740ccb(TestFinishInstructionRickGen.java:56)

[ERROR] test_getTurnDescription_OO_f4925d65c622402e98befa313e740ccb  Time elapsed: 0.109 s  <<< FAILURE!
org.opentest4j.AssertionFailedError: expected: <arrive at destination> but was: <A>
	at com.graphhopper.util.TestFinishInstructionRickGen.test_getTurnDescription_OO_f4925d65c622402e98befa313e740ccb(TestFinishInstructionRickGen.java:43)

[INFO] 
[INFO] Results:
[INFO] 
[ERROR] Failures: 
[ERROR]   TestFinishInstructionRickGen.test_getTurnDescription_CO_f4925d65c622402e98befa313e740ccb:70 
Wanted but not invoked:
translation.tr(<any string>, <any>);
-> at com.graphhopper.util.TestFinishInstructionRickGen.test_getTurnDescription_CO_f4925d65c622402e98befa313e740ccb(TestFinishInstructionRickGen.java:70)
Actually, there were zero interactions with this mock.

[ERROR]   TestFinishInstructionRickGen.test_getTurnDescription_OO_f4925d65c622402e98befa313e740ccb:43 expected: <arrive at destination> but was: <A>
[ERROR]   TestFinishInstructionRickGen.test_getTurnDescription_PO_f4925d65c622402e98befa313e740ccb:56 
Wanted but not invoked:
translation.tr("finish", <any>);
-> at com.graphhopper.util.TestFinishInstructionRickGen.test_getTurnDescription_PO_f4925d65c622402e98befa313e740ccb(TestFinishInstructionRickGen.java:56)
Actually, there were zero interactions with this mock.

[INFO] 
[ERROR] Tests run: 3, Failures: 3, Errors: 0, Skipped: 0
[INFO] 
[INFO] ------------------------------------------------------------------------
[INFO] BUILD FAILURE
[INFO] ------------------------------------------------------------------------
[INFO] Total time:  14.968 s
[INFO] Finished at: 2023-06-11T12:45:13+02:00
[INFO] ------------------------------------------------------------------------
[ERROR] Failed to execute goal org.apache.maven.plugins:maven-surefire-plugin:2.22.2:test (default-test) on project rick-major: There are test failures.
[ERROR] 
[ERROR] Please refer to /home/dee/dev/rick-major-review/graphhopper/rick-major/target/surefire-reports for the individual test results.
[ERROR] Please refer to dump files (if any exist) [date].dump, [date]-jvmRun[N].dump and [date].dumpstream.
[ERROR] -> [Help 1]
[ERROR] 
[ERROR] To see the full stack trace of the errors, re-run Maven with the -e switch.
[ERROR] Re-run Maven using the -X switch to enable full debug logging.
[ERROR] 
[ERROR] For more information about the errors and possible solutions, please read the following articles:
[ERROR] [Help 1] http://cwiki.apache.org/confluence/display/MAVEN/MojoFailureException

Security framework of XStream not initialized, XStream is probably vulnerable.

---------------------------------------------------
[LOG] Cleaned targets with ['mvn', 'clean']
[INFO] Scanning for projects...
[WARNING] 
[WARNING] Some problems were encountered while building the effective model for com.graphhopper:rick-major:jar:5.3
[WARNING] 'dependencies.dependency.(groupId:artifactId:type:classifier)' must be unique: com.graphhopper:graphhopper-web:jar -> duplicate declaration of version 5.3 @ line 79, column 17
[WARNING] 
[WARNING] It is highly recommended to fix these problems because they threaten the stability of your build.
[WARNING] 
[WARNING] For this reason, future Maven versions might no longer support building such malformed projects.
[WARNING] 
[INFO] 
[INFO] ---------------------< com.graphhopper:rick-major >---------------------
[INFO] Building rick-major 5.3
[INFO] --------------------------------[ jar ]---------------------------------
[INFO] 
[INFO] --- maven-clean-plugin:2.5:clean (default-clean) @ rick-major ---
[INFO] Deleting /home/dee/dev/rick-major-review/graphhopper/rick-major/target
[INFO] ------------------------------------------------------------------------
[INFO] BUILD SUCCESS
[INFO] ------------------------------------------------------------------------
[INFO] Total time:  0.909 s
[INFO] Finished at: 2023-06-11T12:45:17+02:00
[INFO] ------------------------------------------------------------------------


---------------------------------------------------
[LOG] In experiment directory /home/dee/dev/rick-experiments/mutation-analysis
---------------------------------------------------
---------------------------------------------------
[LOG] Resetting FinishInstruction.java to original
[LOG] Invoking cp ./FinishInstruction.java/original.java /home/dee/dev/rick-major-review/graphhopper/web-api/src/main/java/com/graphhopper/util/FinishInstruction.java
---------------------------------------------------
[LOG] Copying littledarwin mutants to /home/dee/dev/rick-experiments/mutation-analysis/output/FinishInstruction_getTurnDescription_Translation/
[LOG] Invoked copying with ['cp', '-r', '/home/dee/dev/rick-experiments/mutation-analysis/FinishInstruction.java', '/home/dee/dev/rick-experiments/mutation-analysis/output/FinishInstruction_getTurnDescription_Translation/']


---------------------------------------------------
[LOG] Finishing analysis at 2023-06-11 12:45:17.990259
====== END OF THE LINE ======
