[LOG] Initiating analysis at 2023-06-11 11:05:45.429500
---------------------------------------------------
[LOG] Removing pre-existing mutants from current working directory
[LOG] Cleaning up LittleDarwin results
---------------------------------------------------
[LOG] Working with EncodedValue_InitializerConfig_init_EncodedValue_InitializerConfig
[LOG] Generating mutants for its parent IntEncodedValueImpl.java
---------------------------------------------------
[LOG] Running littledarwin on /home/dee/dev/rick-major-review/graphhopper/core/src/main/java/com/graphhopper/routing/ev/
[LOG] Invoked LitteDarwin with ['python3', '-m', 'littledarwin', '-m', '-v', '-p', '/home/dee/dev/rick-major-review/graphhopper/core/src/main/java/com/graphhopper/routing/ev/', '--all']

    __     _  __   __   __       ____                          _
   / /    (_)/ /_ / /_ / /___   / __ \ ____ _ _____ _      __ (_)____
  / /    / // __// __// // _ \ / / / // __ `// ___/| | /| / // // __ \
 / /___ / // /_ / /_ / //  __// /_/ // /_/ // /    | |/ |/ // // / / /
/_____//_/ \__/ \__//_/ \___//_____/ \__,_//_/     |__/|__//_//_/ /_/

      _                     _                 ___
     /_|  /|/|  _/__/'     /_|   _ /   _ ' _ (_  _ _ _  _      _ /
    (  | /   |(//(///()/) (  |/)(/((/_) /_)  /  / (///)(-((/()/ /(
                                  /


    LittleDarwin version 0.10.7 Copyright (C) 2014-2020 Ali Parsai

    LittleDarwin comes with ABSOLUTELY NO WARRANTY.
    This is free software, and you are welcome to redistribute it
    under certain conditions; run LittleDarwin --license for details.

    
Source Path:  /home/dee/dev/rick-major-review/graphhopper/core/src/main/java/com/graphhopper/routing/ev
Target Path:  /home/dee/anaconda3/lib/python3.8/site-packages/littledarwin/LittleDarwinResults
Creating Mutation Database:  /home/dee/anaconda3/lib/python3.8/site-packages/littledarwin/LittleDarwinResults/mutationdatabase

(1/41) Source file:  /home/dee/dev/rick-major-review/graphhopper/core/src/main/java/com/graphhopper/routing/ev/Subnetwork.java
ANTLR runtime and generated code versions disagree: 4.13.0!=4.10.1
ANTLR runtime and generated code versions disagree: 4.13.0!=4.10.1
--> Mutations found:  9
----> NullifyInputVariable : 2
----> NullifyReturnValue : 2
----> NullifyObjectInitialization : 2
----> RemoveMethod : 3

(2/41) Source file:  /home/dee/dev/rick-major-review/graphhopper/core/src/main/java/com/graphhopper/routing/ev/BikeNetwork.java
ANTLR runtime and generated code versions disagree: 4.13.0!=4.10.1
ANTLR runtime and generated code versions disagree: 4.13.0!=4.10.1
--> Mutations found:  0

(3/41) Source file:  /home/dee/dev/rick-major-review/graphhopper/core/src/main/java/com/graphhopper/routing/ev/EncodedValueFactory.java
ANTLR runtime and generated code versions disagree: 4.13.0!=4.10.1
ANTLR runtime and generated code versions disagree: 4.13.0!=4.10.1
--> Mutations found:  0

(4/41) Source file:  /home/dee/dev/rick-major-review/graphhopper/core/src/main/java/com/graphhopper/routing/ev/FootNetwork.java
ANTLR runtime and generated code versions disagree: 4.13.0!=4.10.1
ANTLR runtime and generated code versions disagree: 4.13.0!=4.10.1
--> Mutations found:  0

(5/41) Source file:  /home/dee/dev/rick-major-review/graphhopper/core/src/main/java/com/graphhopper/routing/ev/EncodedValueLookup.java
ANTLR runtime and generated code versions disagree: 4.13.0!=4.10.1
ANTLR runtime and generated code versions disagree: 4.13.0!=4.10.1
--> Mutations found:  0

(6/41) Source file:  /home/dee/dev/rick-major-review/graphhopper/core/src/main/java/com/graphhopper/routing/ev/RoadClass.java
ANTLR runtime and generated code versions disagree: 4.13.0!=4.10.1
ANTLR runtime and generated code versions disagree: 4.13.0!=4.10.1
--> Mutations found:  11
----> RelationalOperatorReplacement : 1
----> NullifyInputVariable : 1
----> NullifyReturnValue : 4
----> RemoveNullCheck : 1
----> ConditionalOperatorReplacement : 1
----> RemoveMethod : 3

(7/41) Source file:  /home/dee/dev/rick-major-review/graphhopper/core/src/main/java/com/graphhopper/routing/ev/MaxWeight.java
ANTLR runtime and generated code versions disagree: 4.13.0!=4.10.1
ANTLR runtime and generated code versions disagree: 4.13.0!=4.10.1
--> Mutations found:  3
----> NullifyReturnValue : 1
----> NullifyObjectInitialization : 1
----> RemoveMethod : 1

(8/41) Source file:  /home/dee/dev/rick-major-review/graphhopper/core/src/main/java/com/graphhopper/routing/ev/DecimalEncodedValueImpl.java
ANTLR runtime and generated code versions disagree: 4.13.0!=4.10.1
ANTLR runtime and generated code versions disagree: 4.13.0!=4.10.1
--> Mutations found:  69
----> RelationalOperatorReplacement : 11
----> ArithmeticOperatorReplacementBinary : 20
----> ConditionalOperatorDeletion : 4
----> NullifyInputVariable : 3
----> AssignmentOperatorReplacementShortcut : 1
----> NullifyObjectInitialization : 9
----> ConditionalOperatorReplacement : 10
----> RemoveMethod : 11

(9/41) Source file:  /home/dee/dev/rick-major-review/graphhopper/core/src/main/java/com/graphhopper/routing/ev/HikeRating.java
ANTLR runtime and generated code versions disagree: 4.13.0!=4.10.1
ANTLR runtime and generated code versions disagree: 4.13.0!=4.10.1
--> Mutations found:  3
----> NullifyReturnValue : 1
----> NullifyObjectInitialization : 1
----> RemoveMethod : 1

(10/41) Source file:  /home/dee/dev/rick-major-review/graphhopper/core/src/main/java/com/graphhopper/routing/ev/EnumEncodedValue.java
ANTLR runtime and generated code versions disagree: 4.13.0!=4.10.1
ANTLR runtime and generated code versions disagree: 4.13.0!=4.10.1
--> Mutations found:  18
----> ArithmeticOperatorReplacementBinary : 4
----> ConditionalOperatorDeletion : 1
----> NullifyInputVariable : 4
----> NullifyReturnValue : 2
----> RemoveMethod : 7

(11/41) Source file:  /home/dee/dev/rick-major-review/graphhopper/core/src/main/java/com/graphhopper/routing/ev/RoadClassLink.java
ANTLR runtime and generated code versions disagree: 4.13.0!=4.10.1
ANTLR runtime and generated code versions disagree: 4.13.0!=4.10.1
--> Mutations found:  0

(12/41) Source file:  /home/dee/dev/rick-major-review/graphhopper/core/src/main/java/com/graphhopper/routing/ev/Toll.java
ANTLR runtime and generated code versions disagree: 4.13.0!=4.10.1
ANTLR runtime and generated code versions disagree: 4.13.0!=4.10.1
--> Mutations found:  3
----> NullifyReturnValue : 1
----> RemoveMethod : 2

(13/41) Source file:  /home/dee/dev/rick-major-review/graphhopper/core/src/main/java/com/graphhopper/routing/ev/MaxLength.java
ANTLR runtime and generated code versions disagree: 4.13.0!=4.10.1
ANTLR runtime and generated code versions disagree: 4.13.0!=4.10.1
--> Mutations found:  3
----> NullifyReturnValue : 1
----> NullifyObjectInitialization : 1
----> RemoveMethod : 1

(14/41) Source file:  /home/dee/dev/rick-major-review/graphhopper/core/src/main/java/com/graphhopper/routing/ev/TrackType.java
ANTLR runtime and generated code versions disagree: 4.13.0!=4.10.1
ANTLR runtime and generated code versions disagree: 4.13.0!=4.10.1
--> Mutations found:  8
----> NullifyInputVariable : 1
----> NullifyReturnValue : 4
----> RemoveMethod : 3

(15/41) Source file:  /home/dee/dev/rick-major-review/graphhopper/core/src/main/java/com/graphhopper/routing/ev/RouteNetwork.java
ANTLR runtime and generated code versions disagree: 4.13.0!=4.10.1
ANTLR runtime and generated code versions disagree: 4.13.0!=4.10.1
--> Mutations found:  12
----> NullifyInputVariable : 2
----> NullifyReturnValue : 5
----> RemoveMethod : 5

(16/41) Source file:  /home/dee/dev/rick-major-review/graphhopper/core/src/main/java/com/graphhopper/routing/ev/BooleanEncodedValue.java
ANTLR runtime and generated code versions disagree: 4.13.0!=4.10.1
ANTLR runtime and generated code versions disagree: 4.13.0!=4.10.1
--> Mutations found:  0

(17/41) Source file:  /home/dee/dev/rick-major-review/graphhopper/core/src/main/java/com/graphhopper/routing/ev/Smoothness.java
ANTLR runtime and generated code versions disagree: 4.13.0!=4.10.1
ANTLR runtime and generated code versions disagree: 4.13.0!=4.10.1
--> Mutations found:  8
----> NullifyInputVariable : 1
----> NullifyReturnValue : 4
----> RemoveMethod : 3

(18/41) Source file:  /home/dee/dev/rick-major-review/graphhopper/core/src/main/java/com/graphhopper/routing/ev/HazmatWater.java
ANTLR runtime and generated code versions disagree: 4.13.0!=4.10.1
ANTLR runtime and generated code versions disagree: 4.13.0!=4.10.1
--> Mutations found:  3
----> NullifyReturnValue : 1
----> RemoveMethod : 2

(19/41) Source file:  /home/dee/dev/rick-major-review/graphhopper/core/src/main/java/com/graphhopper/routing/ev/Surface.java
ANTLR runtime and generated code versions disagree: 4.13.0!=4.10.1
ANTLR runtime and generated code versions disagree: 4.13.0!=4.10.1
--> Mutations found:  8
----> NullifyInputVariable : 1
----> NullifyReturnValue : 4
----> RemoveMethod : 3

(20/41) Source file:  /home/dee/dev/rick-major-review/graphhopper/core/src/main/java/com/graphhopper/routing/ev/MaxHeight.java
ANTLR runtime and generated code versions disagree: 4.13.0!=4.10.1
ANTLR runtime and generated code versions disagree: 4.13.0!=4.10.1
--> Mutations found:  3
----> NullifyReturnValue : 1
----> NullifyObjectInitialization : 1
----> RemoveMethod : 1

(21/41) Source file:  /home/dee/dev/rick-major-review/graphhopper/core/src/main/java/com/graphhopper/routing/ev/RoadAccess.java
ANTLR runtime and generated code versions disagree: 4.13.0!=4.10.1
ANTLR runtime and generated code versions disagree: 4.13.0!=4.10.1
--> Mutations found:  10
----> RelationalOperatorReplacement : 1
----> NullifyInputVariable : 1
----> NullifyReturnValue : 4
----> RemoveNullCheck : 1
----> RemoveMethod : 3

(22/41) Source file:  /home/dee/dev/rick-major-review/graphhopper/core/src/main/java/com/graphhopper/routing/ev/HorseRating.java
ANTLR runtime and generated code versions disagree: 4.13.0!=4.10.1
ANTLR runtime and generated code versions disagree: 4.13.0!=4.10.1
--> Mutations found:  3
----> NullifyReturnValue : 1
----> NullifyObjectInitialization : 1
----> RemoveMethod : 1

(23/41) Source file:  /home/dee/dev/rick-major-review/graphhopper/core/src/main/java/com/graphhopper/routing/ev/HazmatTunnel.java
ANTLR runtime and generated code versions disagree: 4.13.0!=4.10.1
ANTLR runtime and generated code versions disagree: 4.13.0!=4.10.1
--> Mutations found:  3
----> NullifyReturnValue : 1
----> RemoveMethod : 2

(24/41) Source file:  /home/dee/dev/rick-major-review/graphhopper/core/src/main/java/com/graphhopper/routing/ev/Country.java
ANTLR runtime and generated code versions disagree: 4.13.0!=4.10.1
ANTLR runtime and generated code versions disagree: 4.13.0!=4.10.1
--> Mutations found:  9
----> NullifyReturnValue : 3
----> NullifyObjectInitialization : 1
----> RemoveMethod : 5

(25/41) Source file:  /home/dee/dev/rick-major-review/graphhopper/core/src/main/java/com/graphhopper/routing/ev/DefaultEncodedValueFactory.java
ANTLR runtime and generated code versions disagree: 4.13.0!=4.10.1
ANTLR runtime and generated code versions disagree: 4.13.0!=4.10.1
--> Mutations found:  22
----> NullifyInputVariable : 1
----> NullifyReturnValue : 1
----> NullifyObjectInitialization : 18
----> ConditionalOperatorReplacement : 1
----> RemoveMethod : 1

(26/41) Source file:  /home/dee/dev/rick-major-review/graphhopper/core/src/main/java/com/graphhopper/routing/ev/MtbRating.java
ANTLR runtime and generated code versions disagree: 4.13.0!=4.10.1
ANTLR runtime and generated code versions disagree: 4.13.0!=4.10.1
--> Mutations found:  3
----> NullifyReturnValue : 1
----> NullifyObjectInitialization : 1
----> RemoveMethod : 1

(27/41) Source file:  /home/dee/dev/rick-major-review/graphhopper/core/src/main/java/com/graphhopper/routing/ev/Hazmat.java
ANTLR runtime and generated code versions disagree: 4.13.0!=4.10.1
ANTLR runtime and generated code versions disagree: 4.13.0!=4.10.1
--> Mutations found:  3
----> NullifyReturnValue : 1
----> RemoveMethod : 2

(28/41) Source file:  /home/dee/dev/rick-major-review/graphhopper/core/src/main/java/com/graphhopper/routing/ev/IntEncodedValueImpl.java
ANTLR runtime and generated code versions disagree: 4.13.0!=4.10.1
ANTLR runtime and generated code versions disagree: 4.13.0!=4.10.1
--> Mutations found:  157
----> RelationalOperatorReplacement : 25
----> ArithmeticOperatorReplacementShortcut : 2
----> ArithmeticOperatorReplacementBinary : 36
----> ConditionalOperatorDeletion : 3
----> NullifyInputVariable : 7
----> ArithmeticOperatorReplacementUnary : 5
----> NullifyReturnValue : 2
----> AssignmentOperatorReplacementShortcut : 3
----> NullifyObjectInitialization : 9
----> LogicalOperatorReplacement : 6
----> RemoveNullCheck : 4
----> ConditionalOperatorReplacement : 17
----> ShiftOperatorReplacement : 7
----> RemoveMethod : 31

(29/41) Source file:  /home/dee/dev/rick-major-review/graphhopper/core/src/main/java/com/graphhopper/routing/ev/Lanes.java
ANTLR runtime and generated code versions disagree: 4.13.0!=4.10.1
ANTLR runtime and generated code versions disagree: 4.13.0!=4.10.1
--> Mutations found:  3
----> NullifyReturnValue : 1
----> NullifyObjectInitialization : 1
----> RemoveMethod : 1

(30/41) Source file:  /home/dee/dev/rick-major-review/graphhopper/core/src/main/java/com/graphhopper/routing/ev/Roundabout.java
ANTLR runtime and generated code versions disagree: 4.13.0!=4.10.1
ANTLR runtime and generated code versions disagree: 4.13.0!=4.10.1
--> Mutations found:  3
----> NullifyReturnValue : 1
----> NullifyObjectInitialization : 1
----> RemoveMethod : 1

(31/41) Source file:  /home/dee/dev/rick-major-review/graphhopper/core/src/main/java/com/graphhopper/routing/ev/MaxSpeed.java
ANTLR runtime and generated code versions disagree: 4.13.0!=4.10.1
ANTLR runtime and generated code versions disagree: 4.13.0!=4.10.1
--> Mutations found:  3
----> NullifyReturnValue : 1
----> NullifyObjectInitialization : 1
----> RemoveMethod : 1

(32/41) Source file:  /home/dee/dev/rick-major-review/graphhopper/core/src/main/java/com/graphhopper/routing/ev/StringEncodedValue.java
ANTLR runtime and generated code versions disagree: 4.13.0!=4.10.1
ANTLR runtime and generated code versions disagree: 4.13.0!=4.10.1
--> Mutations found:  44
----> RelationalOperatorReplacement : 7
----> ArithmeticOperatorReplacementShortcut : 1
----> ArithmeticOperatorReplacementBinary : 5
----> ConditionalOperatorDeletion : 1
----> NullifyInputVariable : 5
----> ArithmeticOperatorReplacementUnary : 1
----> NullifyReturnValue : 3
----> NullifyObjectInitialization : 6
----> RemoveNullCheck : 1
----> ShiftOperatorReplacement : 2
----> RemoveMethod : 12

(33/41) Source file:  /home/dee/dev/rick-major-review/graphhopper/core/src/main/java/com/graphhopper/routing/ev/SimpleBooleanEncodedValue.java
ANTLR runtime and generated code versions disagree: 4.13.0!=4.10.1
ANTLR runtime and generated code versions disagree: 4.13.0!=4.10.1
--> Mutations found:  6
----> RelationalOperatorReplacement : 1
----> NullifyInputVariable : 2
----> RemoveMethod : 3

(34/41) Source file:  /home/dee/dev/rick-major-review/graphhopper/core/src/main/java/com/graphhopper/routing/ev/IntEncodedValue.java
ANTLR runtime and generated code versions disagree: 4.13.0!=4.10.1
ANTLR runtime and generated code versions disagree: 4.13.0!=4.10.1
--> Mutations found:  0

(35/41) Source file:  /home/dee/dev/rick-major-review/graphhopper/core/src/main/java/com/graphhopper/routing/ev/MaxWidth.java
ANTLR runtime and generated code versions disagree: 4.13.0!=4.10.1
ANTLR runtime and generated code versions disagree: 4.13.0!=4.10.1
--> Mutations found:  3
----> NullifyReturnValue : 1
----> NullifyObjectInitialization : 1
----> RemoveMethod : 1

(36/41) Source file:  /home/dee/dev/rick-major-review/graphhopper/core/src/main/java/com/graphhopper/routing/ev/EncodedValue.java
ANTLR runtime and generated code versions disagree: 4.13.0!=4.10.1
ANTLR runtime and generated code versions disagree: 4.13.0!=4.10.1
--> Mutations found:  17
----> RelationalOperatorReplacement : 1
----> ArithmeticOperatorReplacementShortcut : 1
----> ArithmeticOperatorReplacementBinary : 9
----> ArithmeticOperatorReplacementUnary : 1
----> AssignmentOperatorReplacementShortcut : 1
----> ShiftOperatorReplacement : 1
----> RemoveMethod : 3

(37/41) Source file:  /home/dee/dev/rick-major-review/graphhopper/core/src/main/java/com/graphhopper/routing/ev/MaxAxleLoad.java
ANTLR runtime and generated code versions disagree: 4.13.0!=4.10.1
ANTLR runtime and generated code versions disagree: 4.13.0!=4.10.1
--> Mutations found:  3
----> NullifyReturnValue : 1
----> NullifyObjectInitialization : 1
----> RemoveMethod : 1

(38/41) Source file:  /home/dee/dev/rick-major-review/graphhopper/core/src/main/java/com/graphhopper/routing/ev/TurnCost.java
ANTLR runtime and generated code versions disagree: 4.13.0!=4.10.1
ANTLR runtime and generated code versions disagree: 4.13.0!=4.10.1
--> Mutations found:  11
----> NullifyInputVariable : 2
----> NullifyReturnValue : 3
----> NullifyObjectInitialization : 2
----> RemoveMethod : 4

(39/41) Source file:  /home/dee/dev/rick-major-review/graphhopper/core/src/main/java/com/graphhopper/routing/ev/GetOffBike.java
ANTLR runtime and generated code versions disagree: 4.13.0!=4.10.1
ANTLR runtime and generated code versions disagree: 4.13.0!=4.10.1
--> Mutations found:  3
----> NullifyReturnValue : 1
----> NullifyObjectInitialization : 1
----> RemoveMethod : 1

(40/41) Source file:  /home/dee/dev/rick-major-review/graphhopper/core/src/main/java/com/graphhopper/routing/ev/DecimalEncodedValue.java
ANTLR runtime and generated code versions disagree: 4.13.0!=4.10.1
ANTLR runtime and generated code versions disagree: 4.13.0!=4.10.1
--> Mutations found:  0

(41/41) Source file:  /home/dee/dev/rick-major-review/graphhopper/core/src/main/java/com/graphhopper/routing/ev/RoadEnvironment.java
ANTLR runtime and generated code versions disagree: 4.13.0!=4.10.1
ANTLR runtime and generated code versions disagree: 4.13.0!=4.10.1
--> Mutations found:  10
----> RelationalOperatorReplacement : 1
----> NullifyInputVariable : 1
----> NullifyReturnValue : 4
----> RemoveNullCheck : 1
----> RemoveMethod : 3

Total mutations found:  477
--> RelationalOperatorReplacement: 48
--> ArithmeticOperatorReplacementShortcut: 4
--> ArithmeticOperatorReplacementBinary: 74
--> ConditionalOperatorDeletion: 9
--> NullifyInputVariable: 34
--> ArithmeticOperatorReplacementUnary: 7
--> NullifyReturnValue: 61
--> AssignmentOperatorReplacementShortcut: 5
--> NullifyObjectInitialization: 59
--> LogicalOperatorReplacement: 6
--> RemoveNullCheck: 8
--> ConditionalOperatorReplacement: 29
--> ShiftOperatorReplacement: 10
--> RemoveMethod: 123


---------------------------------------------------
[LOG] Copying mutants of IntEncodedValueImpl.java
---------------------------------------------------
[LOG] Generated 157 mutants
---------------------------------------------------
[LOG] Backing up original RICK test as ./IntEncodedValueImpl.java/original-test.java
[LOG] Invoking cp /home/dee/dev/rick-major-review/graphhopper/rick-major/src/test/java/com/graphhopper/routing/ev/TestIntEncodedValueImplRickGen.java ./IntEncodedValueImpl.java/original-test.java
---------------------------------------------------
[LOG] Generating variants of original RICK test
[LOG] Modifying /home/dee/dev/rick-experiments/mutation-analysis/output/EncodedValue_InitializerConfig_init_EncodedValue_InitializerConfig/test-oo.java
[LOG] Created OO test at /home/dee/dev/rick-experiments/mutation-analysis/output/EncodedValue_InitializerConfig_init_EncodedValue_InitializerConfig/test-oo.java
[LOG] Modifying /home/dee/dev/rick-experiments/mutation-analysis/output/EncodedValue_InitializerConfig_init_EncodedValue_InitializerConfig/test-baseline.java
[LOG] Created baseline test at /home/dee/dev/rick-experiments/mutation-analysis/output/EncodedValue_InitializerConfig_init_EncodedValue_InitializerConfig/test-baseline.java
[LOG] Modifying /home/dee/dev/rick-experiments/mutation-analysis/output/EncodedValue_InitializerConfig_init_EncodedValue_InitializerConfig/test-po.java
[LOG] Created PO test at /home/dee/dev/rick-experiments/mutation-analysis/output/EncodedValue_InitializerConfig_init_EncodedValue_InitializerConfig/test-po.java
[LOG] Modifying /home/dee/dev/rick-experiments/mutation-analysis/output/EncodedValue_InitializerConfig_init_EncodedValue_InitializerConfig/test-co.java
[LOG] Created CO test at /home/dee/dev/rick-experiments/mutation-analysis/output/EncodedValue_InitializerConfig_init_EncodedValue_InitializerConfig/test-co.java
[LOG] Created test with all oracles at /home/dee/dev/rick-experiments/mutation-analysis/output/EncodedValue_InitializerConfig_init_EncodedValue_InitializerConfig/test-all.java
---------------------------------------------------
[LOG] Replacing originalIntEncodedValueImpl.java with ./IntEncodedValueImpl.java/156.java
[LOG] Invoking cp ./IntEncodedValueImpl.java/156.java /home/dee/dev/rick-major-review/graphhopper/core/src/main/java/com/graphhopper/routing/ev/IntEncodedValueImpl.java
[LOG] Invoked a clean install of the parent module with ['mvn', 'clean', 'install', '-DskipTests']
[INFO] Scanning for projects...
[INFO] 
[INFO] ------------------< com.graphhopper:graphhopper-core >------------------
[INFO] Building GraphHopper Core 5.3
[INFO] --------------------------------[ jar ]---------------------------------
[INFO] 
[INFO] --- maven-clean-plugin:2.5:clean (default-clean) @ graphhopper-core ---
[INFO] Deleting /home/dee/dev/rick-major-review/graphhopper/core/target
[INFO] 
[INFO] --- git-commit-id-plugin:3.0.0:revision (default) @ graphhopper-core ---
[INFO] 
[INFO] --- maven-resources-plugin:2.6:resources (default-resources) @ graphhopper-core ---
[INFO] Using 'UTF-8' encoding to copy filtered resources.
[INFO] Copying 3 resources
[INFO] Copying 52 resources
[INFO] 
[INFO] --- maven-compiler-plugin:3.8.1:compile (default-compile) @ graphhopper-core ---
[INFO] Changes detected - recompiling the module!
[INFO] Compiling 406 source files to /home/dee/dev/rick-major-review/graphhopper/core/target/classes
[INFO] 
[INFO] --- maven-resources-plugin:2.6:testResources (default-testResources) @ graphhopper-core ---
[INFO] Using 'UTF-8' encoding to copy filtered resources.
[INFO] Copying 37 resources
[INFO] 
[INFO] --- maven-compiler-plugin:3.8.1:testCompile (default-testCompile) @ graphhopper-core ---
[INFO] Changes detected - recompiling the module!
[INFO] Compiling 184 source files to /home/dee/dev/rick-major-review/graphhopper/core/target/test-classes
[INFO] 
[INFO] --- maven-surefire-plugin:2.22.2:test (default-test) @ graphhopper-core ---
[INFO] Tests are skipped.
[INFO] 
[INFO] --- maven-jar-plugin:3.1.1:jar (default-jar) @ graphhopper-core ---
[INFO] Building jar: /home/dee/dev/rick-major-review/graphhopper/core/target/graphhopper-core-5.3.jar
[INFO] 
[INFO] --- maven-jar-plugin:3.1.1:test-jar (default) @ graphhopper-core ---
[INFO] Building jar: /home/dee/dev/rick-major-review/graphhopper/core/target/graphhopper-core-5.3-tests.jar
[INFO] 
[INFO] --- maven-failsafe-plugin:2.22.2:integration-test (default) @ graphhopper-core ---
[INFO] Tests are skipped.
[INFO] 
[INFO] --- maven-failsafe-plugin:2.22.2:verify (default) @ graphhopper-core ---
[INFO] Tests are skipped.
[INFO] 
[INFO] --- maven-install-plugin:2.4:install (default-install) @ graphhopper-core ---
[INFO] Installing /home/dee/dev/rick-major-review/graphhopper/core/target/graphhopper-core-5.3.jar to /home/dee/.m2/repository/com/graphhopper/graphhopper-core/5.3/graphhopper-core-5.3.jar
[INFO] Installing /home/dee/dev/rick-major-review/graphhopper/core/pom.xml to /home/dee/.m2/repository/com/graphhopper/graphhopper-core/5.3/graphhopper-core-5.3.pom
[INFO] Installing /home/dee/dev/rick-major-review/graphhopper/core/target/graphhopper-core-5.3-tests.jar to /home/dee/.m2/repository/com/graphhopper/graphhopper-core/5.3/graphhopper-core-5.3-tests.jar
[INFO] ------------------------------------------------------------------------
[INFO] BUILD SUCCESS
[INFO] ------------------------------------------------------------------------
[INFO] Total time:  45.076 s
[INFO] Finished at: 2023-06-11T11:06:43+02:00
[INFO] ------------------------------------------------------------------------


---------------------------------------------------
[BASELINE] Not evaluating any oracle
[LOG] Replacing original RICK test with variant baseline
[LOG] Invoking cp /home/dee/dev/rick-experiments/mutation-analysis/output/EncodedValue_InitializerConfig_init_EncodedValue_InitializerConfig/test-baseline.java /home/dee/dev/rick-major-review/graphhopper/rick-major/src/test/java/com/graphhopper/routing/ev/TestIntEncodedValueImplRickGen.java
[LOG] In test module directory /home/dee/dev/rick-major-review/graphhopper/rick-major
[LOG] Invoked tests with ['mvn', 'test', '-Dtest=TestIntEncodedValueImplRickGen']
[INFO] Scanning for projects...
[WARNING] 
[WARNING] Some problems were encountered while building the effective model for com.graphhopper:rick-major:jar:5.3
[WARNING] 'dependencies.dependency.(groupId:artifactId:type:classifier)' must be unique: com.graphhopper:graphhopper-web:jar -> duplicate declaration of version 5.3 @ line 79, column 17
[WARNING] 
[WARNING] It is highly recommended to fix these problems because they threaten the stability of your build.
[WARNING] 
[WARNING] For this reason, future Maven versions might no longer support building such malformed projects.
[WARNING] 
[INFO] 
[INFO] ---------------------< com.graphhopper:rick-major >---------------------
[INFO] Building rick-major 5.3
[INFO] --------------------------------[ jar ]---------------------------------
[INFO] 
[INFO] --- maven-resources-plugin:2.6:resources (default-resources) @ rick-major ---
[INFO] Using 'UTF-8' encoding to copy filtered resources.
[INFO] Copying 0 resource
[INFO] 
[INFO] --- maven-compiler-plugin:3.8.1:compile (default-compile) @ rick-major ---
[INFO] Nothing to compile - all classes are up to date
[INFO] 
[INFO] --- maven-resources-plugin:2.6:testResources (default-testResources) @ rick-major ---
[INFO] Using 'UTF-8' encoding to copy filtered resources.
[INFO] Copying 26 resources
[INFO] 
[INFO] --- maven-compiler-plugin:3.8.1:testCompile (default-testCompile) @ rick-major ---
[INFO] Changes detected - recompiling the module!
[INFO] Compiling 15 source files to /home/dee/dev/rick-major-review/graphhopper/rick-major/target/test-classes
[INFO] 
[INFO] --- maven-surefire-plugin:2.22.2:test (default-test) @ rick-major ---
[INFO] 
[INFO] -------------------------------------------------------
[INFO]  T E S T S
[INFO] -------------------------------------------------------
[INFO] Running com.graphhopper.routing.ev.TestIntEncodedValueImplRickGen
[INFO] Tests run: 3, Failures: 0, Errors: 0, Skipped: 0, Time elapsed: 3.53 s - in com.graphhopper.routing.ev.TestIntEncodedValueImplRickGen
[INFO] 
[INFO] Results:
[INFO] 
[INFO] Tests run: 3, Failures: 0, Errors: 0, Skipped: 0
[INFO] 
[INFO] ------------------------------------------------------------------------
[INFO] BUILD SUCCESS
[INFO] ------------------------------------------------------------------------
[INFO] Total time:  14.362 s
[INFO] Finished at: 2023-06-11T11:07:01+02:00
[INFO] ------------------------------------------------------------------------

Security framework of XStream not initialized, XStream is probably vulnerable.

---------------------------------------------------
[LOG] Cleaned targets with ['mvn', 'clean']
[INFO] Scanning for projects...
[WARNING] 
[WARNING] Some problems were encountered while building the effective model for com.graphhopper:rick-major:jar:5.3
[WARNING] 'dependencies.dependency.(groupId:artifactId:type:classifier)' must be unique: com.graphhopper:graphhopper-web:jar -> duplicate declaration of version 5.3 @ line 79, column 17
[WARNING] 
[WARNING] It is highly recommended to fix these problems because they threaten the stability of your build.
[WARNING] 
[WARNING] For this reason, future Maven versions might no longer support building such malformed projects.
[WARNING] 
[INFO] 
[INFO] ---------------------< com.graphhopper:rick-major >---------------------
[INFO] Building rick-major 5.3
[INFO] --------------------------------[ jar ]---------------------------------
[INFO] 
[INFO] --- maven-clean-plugin:2.5:clean (default-clean) @ rick-major ---
[INFO] Deleting /home/dee/dev/rick-major-review/graphhopper/rick-major/target
[INFO] ------------------------------------------------------------------------
[INFO] BUILD SUCCESS
[INFO] ------------------------------------------------------------------------
[INFO] Total time:  0.999 s
[INFO] Finished at: 2023-06-11T11:07:05+02:00
[INFO] ------------------------------------------------------------------------


---------------------------------------------------
[LOG] In experiment directory /home/dee/dev/rick-experiments/mutation-analysis
---------------------------------------------------
[LOG] Restoring original RICK test from ./IntEncodedValueImpl.java/original-test.java
[LOG] Invoking cp ./IntEncodedValueImpl.java/original-test.java /home/dee/dev/rick-major-review/graphhopper/rick-major/src/test/java/com/graphhopper/routing/ev/TestIntEncodedValueImplRickGen.java
---------------------------------------------------
[OO] Evaluating only OO
[LOG] Replacing original RICK test with variant oo
[LOG] Invoking cp /home/dee/dev/rick-experiments/mutation-analysis/output/EncodedValue_InitializerConfig_init_EncodedValue_InitializerConfig/test-oo.java /home/dee/dev/rick-major-review/graphhopper/rick-major/src/test/java/com/graphhopper/routing/ev/TestIntEncodedValueImplRickGen.java
[LOG] In test module directory /home/dee/dev/rick-major-review/graphhopper/rick-major
[LOG] Invoked tests with ['mvn', 'test', '-Dtest=TestIntEncodedValueImplRickGen']
[INFO] Scanning for projects...
[WARNING] 
[WARNING] Some problems were encountered while building the effective model for com.graphhopper:rick-major:jar:5.3
[WARNING] 'dependencies.dependency.(groupId:artifactId:type:classifier)' must be unique: com.graphhopper:graphhopper-web:jar -> duplicate declaration of version 5.3 @ line 79, column 17
[WARNING] 
[WARNING] It is highly recommended to fix these problems because they threaten the stability of your build.
[WARNING] 
[WARNING] For this reason, future Maven versions might no longer support building such malformed projects.
[WARNING] 
[INFO] 
[INFO] ---------------------< com.graphhopper:rick-major >---------------------
[INFO] Building rick-major 5.3
[INFO] --------------------------------[ jar ]---------------------------------
[INFO] 
[INFO] --- maven-resources-plugin:2.6:resources (default-resources) @ rick-major ---
[INFO] Using 'UTF-8' encoding to copy filtered resources.
[INFO] Copying 0 resource
[INFO] 
[INFO] --- maven-compiler-plugin:3.8.1:compile (default-compile) @ rick-major ---
[INFO] Nothing to compile - all classes are up to date
[INFO] 
[INFO] --- maven-resources-plugin:2.6:testResources (default-testResources) @ rick-major ---
[INFO] Using 'UTF-8' encoding to copy filtered resources.
[INFO] Copying 26 resources
[INFO] 
[INFO] --- maven-compiler-plugin:3.8.1:testCompile (default-testCompile) @ rick-major ---
[INFO] Changes detected - recompiling the module!
[INFO] Compiling 15 source files to /home/dee/dev/rick-major-review/graphhopper/rick-major/target/test-classes
[INFO] 
[INFO] --- maven-surefire-plugin:2.22.2:test (default-test) @ rick-major ---
[INFO] 
[INFO] -------------------------------------------------------
[INFO]  T E S T S
[INFO] -------------------------------------------------------
[INFO] Running com.graphhopper.routing.ev.TestIntEncodedValueImplRickGen
[ERROR] Tests run: 3, Failures: 1, Errors: 0, Skipped: 0, Time elapsed: 3.272 s <<< FAILURE! - in com.graphhopper.routing.ev.TestIntEncodedValueImplRickGen
[ERROR] test_init_OO_662703e4e83742d7975c6e2c1fcd6053  Time elapsed: 0.09 s  <<< FAILURE!
org.opentest4j.AssertionFailedError: expected: <1> but was: <0>
	at com.graphhopper.routing.ev.TestIntEncodedValueImplRickGen.test_init_OO_662703e4e83742d7975c6e2c1fcd6053(TestIntEncodedValueImplRickGen.java:42)

[INFO] 
[INFO] Results:
[INFO] 
[ERROR] Failures: 
[ERROR]   TestIntEncodedValueImplRickGen.test_init_OO_662703e4e83742d7975c6e2c1fcd6053:42 expected: <1> but was: <0>
[INFO] 
[ERROR] Tests run: 3, Failures: 1, Errors: 0, Skipped: 0
[INFO] 
[INFO] ------------------------------------------------------------------------
[INFO] BUILD FAILURE
[INFO] ------------------------------------------------------------------------
[INFO] Total time:  14.288 s
[INFO] Finished at: 2023-06-11T11:07:23+02:00
[INFO] ------------------------------------------------------------------------
[ERROR] Failed to execute goal org.apache.maven.plugins:maven-surefire-plugin:2.22.2:test (default-test) on project rick-major: There are test failures.
[ERROR] 
[ERROR] Please refer to /home/dee/dev/rick-major-review/graphhopper/rick-major/target/surefire-reports for the individual test results.
[ERROR] Please refer to dump files (if any exist) [date].dump, [date]-jvmRun[N].dump and [date].dumpstream.
[ERROR] -> [Help 1]
[ERROR] 
[ERROR] To see the full stack trace of the errors, re-run Maven with the -e switch.
[ERROR] Re-run Maven using the -X switch to enable full debug logging.
[ERROR] 
[ERROR] For more information about the errors and possible solutions, please read the following articles:
[ERROR] [Help 1] http://cwiki.apache.org/confluence/display/MAVEN/MojoFailureException

Security framework of XStream not initialized, XStream is probably vulnerable.

---------------------------------------------------
[LOG] Cleaned targets with ['mvn', 'clean']
[INFO] Scanning for projects...
[WARNING] 
[WARNING] Some problems were encountered while building the effective model for com.graphhopper:rick-major:jar:5.3
[WARNING] 'dependencies.dependency.(groupId:artifactId:type:classifier)' must be unique: com.graphhopper:graphhopper-web:jar -> duplicate declaration of version 5.3 @ line 79, column 17
[WARNING] 
[WARNING] It is highly recommended to fix these problems because they threaten the stability of your build.
[WARNING] 
[WARNING] For this reason, future Maven versions might no longer support building such malformed projects.
[WARNING] 
[INFO] 
[INFO] ---------------------< com.graphhopper:rick-major >---------------------
[INFO] Building rick-major 5.3
[INFO] --------------------------------[ jar ]---------------------------------
[INFO] 
[INFO] --- maven-clean-plugin:2.5:clean (default-clean) @ rick-major ---
[INFO] Deleting /home/dee/dev/rick-major-review/graphhopper/rick-major/target
[INFO] ------------------------------------------------------------------------
[INFO] BUILD SUCCESS
[INFO] ------------------------------------------------------------------------
[INFO] Total time:  1.130 s
[INFO] Finished at: 2023-06-11T11:07:28+02:00
[INFO] ------------------------------------------------------------------------


---------------------------------------------------
[LOG] In experiment directory /home/dee/dev/rick-experiments/mutation-analysis
---------------------------------------------------
[LOG] Restoring original RICK test from ./IntEncodedValueImpl.java/original-test.java
[LOG] Invoking cp ./IntEncodedValueImpl.java/original-test.java /home/dee/dev/rick-major-review/graphhopper/rick-major/src/test/java/com/graphhopper/routing/ev/TestIntEncodedValueImplRickGen.java
---------------------------------------------------
[PO] Evaluating only PO
[LOG] Replacing original RICK test with variant po
[LOG] Invoking cp /home/dee/dev/rick-experiments/mutation-analysis/output/EncodedValue_InitializerConfig_init_EncodedValue_InitializerConfig/test-po.java /home/dee/dev/rick-major-review/graphhopper/rick-major/src/test/java/com/graphhopper/routing/ev/TestIntEncodedValueImplRickGen.java
[LOG] In test module directory /home/dee/dev/rick-major-review/graphhopper/rick-major
[LOG] Invoked tests with ['mvn', 'test', '-Dtest=TestIntEncodedValueImplRickGen']
[INFO] Scanning for projects...
[WARNING] 
[WARNING] Some problems were encountered while building the effective model for com.graphhopper:rick-major:jar:5.3
[WARNING] 'dependencies.dependency.(groupId:artifactId:type:classifier)' must be unique: com.graphhopper:graphhopper-web:jar -> duplicate declaration of version 5.3 @ line 79, column 17
[WARNING] 
[WARNING] It is highly recommended to fix these problems because they threaten the stability of your build.
[WARNING] 
[WARNING] For this reason, future Maven versions might no longer support building such malformed projects.
[WARNING] 
[INFO] 
[INFO] ---------------------< com.graphhopper:rick-major >---------------------
[INFO] Building rick-major 5.3
[INFO] --------------------------------[ jar ]---------------------------------
[INFO] 
[INFO] --- maven-resources-plugin:2.6:resources (default-resources) @ rick-major ---
[INFO] Using 'UTF-8' encoding to copy filtered resources.
[INFO] Copying 0 resource
[INFO] 
[INFO] --- maven-compiler-plugin:3.8.1:compile (default-compile) @ rick-major ---
[INFO] Nothing to compile - all classes are up to date
[INFO] 
[INFO] --- maven-resources-plugin:2.6:testResources (default-testResources) @ rick-major ---
[INFO] Using 'UTF-8' encoding to copy filtered resources.
[INFO] Copying 26 resources
[INFO] 
[INFO] --- maven-compiler-plugin:3.8.1:testCompile (default-testCompile) @ rick-major ---
[INFO] Changes detected - recompiling the module!
[INFO] Compiling 15 source files to /home/dee/dev/rick-major-review/graphhopper/rick-major/target/test-classes
[INFO] 
[INFO] --- maven-surefire-plugin:2.22.2:test (default-test) @ rick-major ---
[INFO] 
[INFO] -------------------------------------------------------
[INFO]  T E S T S
[INFO] -------------------------------------------------------
[INFO] Running com.graphhopper.routing.ev.TestIntEncodedValueImplRickGen
[ERROR] Tests run: 3, Failures: 1, Errors: 0, Skipped: 0, Time elapsed: 3.862 s <<< FAILURE! - in com.graphhopper.routing.ev.TestIntEncodedValueImplRickGen
[ERROR] test_init_PO_662703e4e83742d7975c6e2c1fcd6053  Time elapsed: 2.897 s  <<< FAILURE!
org.mockito.exceptions.verification.WantedButNotInvoked: 

Wanted but not invoked:
initializerConfig.next(1);
-> at com.graphhopper.routing.ev.EncodedValue$InitializerConfig.next(EncodedValue.java:65)
Actually, there were zero interactions with this mock.

	at com.graphhopper.routing.ev.TestIntEncodedValueImplRickGen.test_init_PO_662703e4e83742d7975c6e2c1fcd6053(TestIntEncodedValueImplRickGen.java:54)

[INFO] 
[INFO] Results:
[INFO] 
[ERROR] Failures: 
[ERROR]   TestIntEncodedValueImplRickGen.test_init_PO_662703e4e83742d7975c6e2c1fcd6053:54 
Wanted but not invoked:
initializerConfig.next(1);
-> at com.graphhopper.routing.ev.EncodedValue$InitializerConfig.next(EncodedValue.java:65)
Actually, there were zero interactions with this mock.

[INFO] 
[ERROR] Tests run: 3, Failures: 1, Errors: 0, Skipped: 0
[INFO] 
[INFO] ------------------------------------------------------------------------
[INFO] BUILD FAILURE
[INFO] ------------------------------------------------------------------------
[INFO] Total time:  14.838 s
[INFO] Finished at: 2023-06-11T11:07:46+02:00
[INFO] ------------------------------------------------------------------------
[ERROR] Failed to execute goal org.apache.maven.plugins:maven-surefire-plugin:2.22.2:test (default-test) on project rick-major: There are test failures.
[ERROR] 
[ERROR] Please refer to /home/dee/dev/rick-major-review/graphhopper/rick-major/target/surefire-reports for the individual test results.
[ERROR] Please refer to dump files (if any exist) [date].dump, [date]-jvmRun[N].dump and [date].dumpstream.
[ERROR] -> [Help 1]
[ERROR] 
[ERROR] To see the full stack trace of the errors, re-run Maven with the -e switch.
[ERROR] Re-run Maven using the -X switch to enable full debug logging.
[ERROR] 
[ERROR] For more information about the errors and possible solutions, please read the following articles:
[ERROR] [Help 1] http://cwiki.apache.org/confluence/display/MAVEN/MojoFailureException

Security framework of XStream not initialized, XStream is probably vulnerable.

---------------------------------------------------
[LOG] Cleaned targets with ['mvn', 'clean']
[INFO] Scanning for projects...
[WARNING] 
[WARNING] Some problems were encountered while building the effective model for com.graphhopper:rick-major:jar:5.3
[WARNING] 'dependencies.dependency.(groupId:artifactId:type:classifier)' must be unique: com.graphhopper:graphhopper-web:jar -> duplicate declaration of version 5.3 @ line 79, column 17
[WARNING] 
[WARNING] It is highly recommended to fix these problems because they threaten the stability of your build.
[WARNING] 
[WARNING] For this reason, future Maven versions might no longer support building such malformed projects.
[WARNING] 
[INFO] 
[INFO] ---------------------< com.graphhopper:rick-major >---------------------
[INFO] Building rick-major 5.3
[INFO] --------------------------------[ jar ]---------------------------------
[INFO] 
[INFO] --- maven-clean-plugin:2.5:clean (default-clean) @ rick-major ---
[INFO] Deleting /home/dee/dev/rick-major-review/graphhopper/rick-major/target
[INFO] ------------------------------------------------------------------------
[INFO] BUILD SUCCESS
[INFO] ------------------------------------------------------------------------
[INFO] Total time:  0.820 s
[INFO] Finished at: 2023-06-11T11:07:50+02:00
[INFO] ------------------------------------------------------------------------


---------------------------------------------------
[LOG] In experiment directory /home/dee/dev/rick-experiments/mutation-analysis
---------------------------------------------------
[LOG] Restoring original RICK test from ./IntEncodedValueImpl.java/original-test.java
[LOG] Invoking cp ./IntEncodedValueImpl.java/original-test.java /home/dee/dev/rick-major-review/graphhopper/rick-major/src/test/java/com/graphhopper/routing/ev/TestIntEncodedValueImplRickGen.java
---------------------------------------------------
[CO] Evaluating only CO
[LOG] Replacing original RICK test with variant co
[LOG] Invoking cp /home/dee/dev/rick-experiments/mutation-analysis/output/EncodedValue_InitializerConfig_init_EncodedValue_InitializerConfig/test-co.java /home/dee/dev/rick-major-review/graphhopper/rick-major/src/test/java/com/graphhopper/routing/ev/TestIntEncodedValueImplRickGen.java
[LOG] In test module directory /home/dee/dev/rick-major-review/graphhopper/rick-major
[LOG] Invoked tests with ['mvn', 'test', '-Dtest=TestIntEncodedValueImplRickGen']
[INFO] Scanning for projects...
[WARNING] 
[WARNING] Some problems were encountered while building the effective model for com.graphhopper:rick-major:jar:5.3
[WARNING] 'dependencies.dependency.(groupId:artifactId:type:classifier)' must be unique: com.graphhopper:graphhopper-web:jar -> duplicate declaration of version 5.3 @ line 79, column 17
[WARNING] 
[WARNING] It is highly recommended to fix these problems because they threaten the stability of your build.
[WARNING] 
[WARNING] For this reason, future Maven versions might no longer support building such malformed projects.
[WARNING] 
[INFO] 
[INFO] ---------------------< com.graphhopper:rick-major >---------------------
[INFO] Building rick-major 5.3
[INFO] --------------------------------[ jar ]---------------------------------
[INFO] 
[INFO] --- maven-resources-plugin:2.6:resources (default-resources) @ rick-major ---
[INFO] Using 'UTF-8' encoding to copy filtered resources.
[INFO] Copying 0 resource
[INFO] 
[INFO] --- maven-compiler-plugin:3.8.1:compile (default-compile) @ rick-major ---
[INFO] Nothing to compile - all classes are up to date
[INFO] 
[INFO] --- maven-resources-plugin:2.6:testResources (default-testResources) @ rick-major ---
[INFO] Using 'UTF-8' encoding to copy filtered resources.
[INFO] Copying 26 resources
[INFO] 
[INFO] --- maven-compiler-plugin:3.8.1:testCompile (default-testCompile) @ rick-major ---
[INFO] Changes detected - recompiling the module!
[INFO] Compiling 15 source files to /home/dee/dev/rick-major-review/graphhopper/rick-major/target/test-classes
[INFO] 
[INFO] --- maven-surefire-plugin:2.22.2:test (default-test) @ rick-major ---
[INFO] 
[INFO] -------------------------------------------------------
[INFO]  T E S T S
[INFO] -------------------------------------------------------
[INFO] Running com.graphhopper.routing.ev.TestIntEncodedValueImplRickGen
[ERROR] Tests run: 3, Failures: 1, Errors: 0, Skipped: 0, Time elapsed: 3.448 s <<< FAILURE! - in com.graphhopper.routing.ev.TestIntEncodedValueImplRickGen
[ERROR] test_init_CO_662703e4e83742d7975c6e2c1fcd6053  Time elapsed: 0.185 s  <<< FAILURE!
org.mockito.exceptions.verification.WantedButNotInvoked: 

Wanted but not invoked:
initializerConfig.next(<any integer>);
-> at com.graphhopper.routing.ev.EncodedValue$InitializerConfig.next(EncodedValue.java:65)
Actually, there were zero interactions with this mock.

	at com.graphhopper.routing.ev.TestIntEncodedValueImplRickGen.test_init_CO_662703e4e83742d7975c6e2c1fcd6053(TestIntEncodedValueImplRickGen.java:67)

[INFO] 
[INFO] Results:
[INFO] 
[ERROR] Failures: 
[ERROR]   TestIntEncodedValueImplRickGen.test_init_CO_662703e4e83742d7975c6e2c1fcd6053:67 
Wanted but not invoked:
initializerConfig.next(<any integer>);
-> at com.graphhopper.routing.ev.EncodedValue$InitializerConfig.next(EncodedValue.java:65)
Actually, there were zero interactions with this mock.

[INFO] 
[ERROR] Tests run: 3, Failures: 1, Errors: 0, Skipped: 0
[INFO] 
[INFO] ------------------------------------------------------------------------
[INFO] BUILD FAILURE
[INFO] ------------------------------------------------------------------------
[INFO] Total time:  14.106 s
[INFO] Finished at: 2023-06-11T11:08:08+02:00
[INFO] ------------------------------------------------------------------------
[ERROR] Failed to execute goal org.apache.maven.plugins:maven-surefire-plugin:2.22.2:test (default-test) on project rick-major: There are test failures.
[ERROR] 
[ERROR] Please refer to /home/dee/dev/rick-major-review/graphhopper/rick-major/target/surefire-reports for the individual test results.
[ERROR] Please refer to dump files (if any exist) [date].dump, [date]-jvmRun[N].dump and [date].dumpstream.
[ERROR] -> [Help 1]
[ERROR] 
[ERROR] To see the full stack trace of the errors, re-run Maven with the -e switch.
[ERROR] Re-run Maven using the -X switch to enable full debug logging.
[ERROR] 
[ERROR] For more information about the errors and possible solutions, please read the following articles:
[ERROR] [Help 1] http://cwiki.apache.org/confluence/display/MAVEN/MojoFailureException

Security framework of XStream not initialized, XStream is probably vulnerable.

---------------------------------------------------
[LOG] Cleaned targets with ['mvn', 'clean']
[INFO] Scanning for projects...
[WARNING] 
[WARNING] Some problems were encountered while building the effective model for com.graphhopper:rick-major:jar:5.3
[WARNING] 'dependencies.dependency.(groupId:artifactId:type:classifier)' must be unique: com.graphhopper:graphhopper-web:jar -> duplicate declaration of version 5.3 @ line 79, column 17
[WARNING] 
[WARNING] It is highly recommended to fix these problems because they threaten the stability of your build.
[WARNING] 
[WARNING] For this reason, future Maven versions might no longer support building such malformed projects.
[WARNING] 
[INFO] 
[INFO] ---------------------< com.graphhopper:rick-major >---------------------
[INFO] Building rick-major 5.3
[INFO] --------------------------------[ jar ]---------------------------------
[INFO] 
[INFO] --- maven-clean-plugin:2.5:clean (default-clean) @ rick-major ---
[INFO] Deleting /home/dee/dev/rick-major-review/graphhopper/rick-major/target
[INFO] ------------------------------------------------------------------------
[INFO] BUILD SUCCESS
[INFO] ------------------------------------------------------------------------
[INFO] Total time:  0.909 s
[INFO] Finished at: 2023-06-11T11:08:13+02:00
[INFO] ------------------------------------------------------------------------


---------------------------------------------------
[LOG] In experiment directory /home/dee/dev/rick-experiments/mutation-analysis
---------------------------------------------------
[LOG] Restoring original RICK test from ./IntEncodedValueImpl.java/original-test.java
[LOG] Invoking cp ./IntEncodedValueImpl.java/original-test.java /home/dee/dev/rick-major-review/graphhopper/rick-major/src/test/java/com/graphhopper/routing/ev/TestIntEncodedValueImplRickGen.java
---------------------------------------------------
[ALL] Evaluating (OO +) PO + CO
[LOG] Restoring original RICK test from ./IntEncodedValueImpl.java/original-test.java
[LOG] Invoking cp ./IntEncodedValueImpl.java/original-test.java /home/dee/dev/rick-major-review/graphhopper/rick-major/src/test/java/com/graphhopper/routing/ev/TestIntEncodedValueImplRickGen.java
[LOG] In test module directory /home/dee/dev/rick-major-review/graphhopper/rick-major
[LOG] Invoked tests with ['mvn', 'test', '-Dtest=TestIntEncodedValueImplRickGen']
[INFO] Scanning for projects...
[WARNING] 
[WARNING] Some problems were encountered while building the effective model for com.graphhopper:rick-major:jar:5.3
[WARNING] 'dependencies.dependency.(groupId:artifactId:type:classifier)' must be unique: com.graphhopper:graphhopper-web:jar -> duplicate declaration of version 5.3 @ line 79, column 17
[WARNING] 
[WARNING] It is highly recommended to fix these problems because they threaten the stability of your build.
[WARNING] 
[WARNING] For this reason, future Maven versions might no longer support building such malformed projects.
[WARNING] 
[INFO] 
[INFO] ---------------------< com.graphhopper:rick-major >---------------------
[INFO] Building rick-major 5.3
[INFO] --------------------------------[ jar ]---------------------------------
[INFO] 
[INFO] --- maven-resources-plugin:2.6:resources (default-resources) @ rick-major ---
[INFO] Using 'UTF-8' encoding to copy filtered resources.
[INFO] Copying 0 resource
[INFO] 
[INFO] --- maven-compiler-plugin:3.8.1:compile (default-compile) @ rick-major ---
[INFO] Nothing to compile - all classes are up to date
[INFO] 
[INFO] --- maven-resources-plugin:2.6:testResources (default-testResources) @ rick-major ---
[INFO] Using 'UTF-8' encoding to copy filtered resources.
[INFO] Copying 26 resources
[INFO] 
[INFO] --- maven-compiler-plugin:3.8.1:testCompile (default-testCompile) @ rick-major ---
[INFO] Changes detected - recompiling the module!
[INFO] Compiling 15 source files to /home/dee/dev/rick-major-review/graphhopper/rick-major/target/test-classes
[INFO] 
[INFO] --- maven-surefire-plugin:2.22.2:test (default-test) @ rick-major ---
[INFO] 
[INFO] -------------------------------------------------------
[INFO]  T E S T S
[INFO] -------------------------------------------------------
[INFO] Running com.graphhopper.routing.ev.TestIntEncodedValueImplRickGen
[ERROR] Tests run: 3, Failures: 3, Errors: 0, Skipped: 0, Time elapsed: 3.642 s <<< FAILURE! - in com.graphhopper.routing.ev.TestIntEncodedValueImplRickGen
[ERROR] test_init_PO_662703e4e83742d7975c6e2c1fcd6053  Time elapsed: 2.765 s  <<< FAILURE!
org.mockito.exceptions.verification.WantedButNotInvoked: 

Wanted but not invoked:
initializerConfig.next(1);
-> at com.graphhopper.routing.ev.EncodedValue$InitializerConfig.next(EncodedValue.java:65)
Actually, there were zero interactions with this mock.

	at com.graphhopper.routing.ev.TestIntEncodedValueImplRickGen.test_init_PO_662703e4e83742d7975c6e2c1fcd6053(TestIntEncodedValueImplRickGen.java:54)

[ERROR] test_init_OO_662703e4e83742d7975c6e2c1fcd6053  Time elapsed: 0.043 s  <<< FAILURE!
org.opentest4j.AssertionFailedError: expected: <1> but was: <0>
	at com.graphhopper.routing.ev.TestIntEncodedValueImplRickGen.test_init_OO_662703e4e83742d7975c6e2c1fcd6053(TestIntEncodedValueImplRickGen.java:42)

[ERROR] test_init_CO_662703e4e83742d7975c6e2c1fcd6053  Time elapsed: 0.04 s  <<< FAILURE!
org.mockito.exceptions.verification.WantedButNotInvoked: 

Wanted but not invoked:
initializerConfig.next(<any integer>);
-> at com.graphhopper.routing.ev.EncodedValue$InitializerConfig.next(EncodedValue.java:65)
Actually, there were zero interactions with this mock.

	at com.graphhopper.routing.ev.TestIntEncodedValueImplRickGen.test_init_CO_662703e4e83742d7975c6e2c1fcd6053(TestIntEncodedValueImplRickGen.java:67)

[INFO] 
[INFO] Results:
[INFO] 
[ERROR] Failures: 
[ERROR]   TestIntEncodedValueImplRickGen.test_init_CO_662703e4e83742d7975c6e2c1fcd6053:67 
Wanted but not invoked:
initializerConfig.next(<any integer>);
-> at com.graphhopper.routing.ev.EncodedValue$InitializerConfig.next(EncodedValue.java:65)
Actually, there were zero interactions with this mock.

[ERROR]   TestIntEncodedValueImplRickGen.test_init_OO_662703e4e83742d7975c6e2c1fcd6053:42 expected: <1> but was: <0>
[ERROR]   TestIntEncodedValueImplRickGen.test_init_PO_662703e4e83742d7975c6e2c1fcd6053:54 
Wanted but not invoked:
initializerConfig.next(1);
-> at com.graphhopper.routing.ev.EncodedValue$InitializerConfig.next(EncodedValue.java:65)
Actually, there were zero interactions with this mock.

[INFO] 
[ERROR] Tests run: 3, Failures: 3, Errors: 0, Skipped: 0
[INFO] 
[INFO] ------------------------------------------------------------------------
[INFO] BUILD FAILURE
[INFO] ------------------------------------------------------------------------
[INFO] Total time:  14.574 s
[INFO] Finished at: 2023-06-11T11:08:31+02:00
[INFO] ------------------------------------------------------------------------
[ERROR] Failed to execute goal org.apache.maven.plugins:maven-surefire-plugin:2.22.2:test (default-test) on project rick-major: There are test failures.
[ERROR] 
[ERROR] Please refer to /home/dee/dev/rick-major-review/graphhopper/rick-major/target/surefire-reports for the individual test results.
[ERROR] Please refer to dump files (if any exist) [date].dump, [date]-jvmRun[N].dump and [date].dumpstream.
[ERROR] -> [Help 1]
[ERROR] 
[ERROR] To see the full stack trace of the errors, re-run Maven with the -e switch.
[ERROR] Re-run Maven using the -X switch to enable full debug logging.
[ERROR] 
[ERROR] For more information about the errors and possible solutions, please read the following articles:
[ERROR] [Help 1] http://cwiki.apache.org/confluence/display/MAVEN/MojoFailureException

Security framework of XStream not initialized, XStream is probably vulnerable.

---------------------------------------------------
[LOG] Cleaned targets with ['mvn', 'clean']
[INFO] Scanning for projects...
[WARNING] 
[WARNING] Some problems were encountered while building the effective model for com.graphhopper:rick-major:jar:5.3
[WARNING] 'dependencies.dependency.(groupId:artifactId:type:classifier)' must be unique: com.graphhopper:graphhopper-web:jar -> duplicate declaration of version 5.3 @ line 79, column 17
[WARNING] 
[WARNING] It is highly recommended to fix these problems because they threaten the stability of your build.
[WARNING] 
[WARNING] For this reason, future Maven versions might no longer support building such malformed projects.
[WARNING] 
[INFO] 
[INFO] ---------------------< com.graphhopper:rick-major >---------------------
[INFO] Building rick-major 5.3
[INFO] --------------------------------[ jar ]---------------------------------
[INFO] 
[INFO] --- maven-clean-plugin:2.5:clean (default-clean) @ rick-major ---
[INFO] Deleting /home/dee/dev/rick-major-review/graphhopper/rick-major/target
[INFO] ------------------------------------------------------------------------
[INFO] BUILD SUCCESS
[INFO] ------------------------------------------------------------------------
[INFO] Total time:  0.822 s
[INFO] Finished at: 2023-06-11T11:08:35+02:00
[INFO] ------------------------------------------------------------------------


---------------------------------------------------
[LOG] In experiment directory /home/dee/dev/rick-experiments/mutation-analysis
---------------------------------------------------
---------------------------------------------------
[LOG] Resetting IntEncodedValueImpl.java to original
[LOG] Invoking cp ./IntEncodedValueImpl.java/original.java /home/dee/dev/rick-major-review/graphhopper/core/src/main/java/com/graphhopper/routing/ev/IntEncodedValueImpl.java
---------------------------------------------------
[LOG] Replacing originalIntEncodedValueImpl.java with ./IntEncodedValueImpl.java/157.java
[LOG] Invoking cp ./IntEncodedValueImpl.java/157.java /home/dee/dev/rick-major-review/graphhopper/core/src/main/java/com/graphhopper/routing/ev/IntEncodedValueImpl.java
[LOG] Invoked a clean install of the parent module with ['mvn', 'clean', 'install', '-DskipTests']
[INFO] Scanning for projects...
[INFO] 
[INFO] ------------------< com.graphhopper:graphhopper-core >------------------
[INFO] Building GraphHopper Core 5.3
[INFO] --------------------------------[ jar ]---------------------------------
[INFO] 
[INFO] --- maven-clean-plugin:2.5:clean (default-clean) @ graphhopper-core ---
[INFO] Deleting /home/dee/dev/rick-major-review/graphhopper/core/target
[INFO] 
[INFO] --- git-commit-id-plugin:3.0.0:revision (default) @ graphhopper-core ---
[INFO] 
[INFO] --- maven-resources-plugin:2.6:resources (default-resources) @ graphhopper-core ---
[INFO] Using 'UTF-8' encoding to copy filtered resources.
[INFO] Copying 3 resources
[INFO] Copying 52 resources
[INFO] 
[INFO] --- maven-compiler-plugin:3.8.1:compile (default-compile) @ graphhopper-core ---
[INFO] Changes detected - recompiling the module!
[INFO] Compiling 406 source files to /home/dee/dev/rick-major-review/graphhopper/core/target/classes
[INFO] 
[INFO] --- maven-resources-plugin:2.6:testResources (default-testResources) @ graphhopper-core ---
[INFO] Using 'UTF-8' encoding to copy filtered resources.
[INFO] Copying 37 resources
[INFO] 
[INFO] --- maven-compiler-plugin:3.8.1:testCompile (default-testCompile) @ graphhopper-core ---
[INFO] Changes detected - recompiling the module!
[INFO] Compiling 184 source files to /home/dee/dev/rick-major-review/graphhopper/core/target/test-classes
[INFO] 
[INFO] --- maven-surefire-plugin:2.22.2:test (default-test) @ graphhopper-core ---
[INFO] Tests are skipped.
[INFO] 
[INFO] --- maven-jar-plugin:3.1.1:jar (default-jar) @ graphhopper-core ---
[INFO] Building jar: /home/dee/dev/rick-major-review/graphhopper/core/target/graphhopper-core-5.3.jar
[INFO] 
[INFO] --- maven-jar-plugin:3.1.1:test-jar (default) @ graphhopper-core ---
[INFO] Building jar: /home/dee/dev/rick-major-review/graphhopper/core/target/graphhopper-core-5.3-tests.jar
[INFO] 
[INFO] --- maven-failsafe-plugin:2.22.2:integration-test (default) @ graphhopper-core ---
[INFO] Tests are skipped.
[INFO] 
[INFO] --- maven-failsafe-plugin:2.22.2:verify (default) @ graphhopper-core ---
[INFO] Tests are skipped.
[INFO] 
[INFO] --- maven-install-plugin:2.4:install (default-install) @ graphhopper-core ---
[INFO] Installing /home/dee/dev/rick-major-review/graphhopper/core/target/graphhopper-core-5.3.jar to /home/dee/.m2/repository/com/graphhopper/graphhopper-core/5.3/graphhopper-core-5.3.jar
[INFO] Installing /home/dee/dev/rick-major-review/graphhopper/core/pom.xml to /home/dee/.m2/repository/com/graphhopper/graphhopper-core/5.3/graphhopper-core-5.3.pom
[INFO] Installing /home/dee/dev/rick-major-review/graphhopper/core/target/graphhopper-core-5.3-tests.jar to /home/dee/.m2/repository/com/graphhopper/graphhopper-core/5.3/graphhopper-core-5.3-tests.jar
[INFO] ------------------------------------------------------------------------
[INFO] BUILD SUCCESS
[INFO] ------------------------------------------------------------------------
[INFO] Total time:  44.445 s
[INFO] Finished at: 2023-06-11T11:09:23+02:00
[INFO] ------------------------------------------------------------------------


---------------------------------------------------
[BASELINE] Not evaluating any oracle
[LOG] Replacing original RICK test with variant baseline
[LOG] Invoking cp /home/dee/dev/rick-experiments/mutation-analysis/output/EncodedValue_InitializerConfig_init_EncodedValue_InitializerConfig/test-baseline.java /home/dee/dev/rick-major-review/graphhopper/rick-major/src/test/java/com/graphhopper/routing/ev/TestIntEncodedValueImplRickGen.java
[LOG] In test module directory /home/dee/dev/rick-major-review/graphhopper/rick-major
[LOG] Invoked tests with ['mvn', 'test', '-Dtest=TestIntEncodedValueImplRickGen']
[INFO] Scanning for projects...
[WARNING] 
[WARNING] Some problems were encountered while building the effective model for com.graphhopper:rick-major:jar:5.3
[WARNING] 'dependencies.dependency.(groupId:artifactId:type:classifier)' must be unique: com.graphhopper:graphhopper-web:jar -> duplicate declaration of version 5.3 @ line 79, column 17
[WARNING] 
[WARNING] It is highly recommended to fix these problems because they threaten the stability of your build.
[WARNING] 
[WARNING] For this reason, future Maven versions might no longer support building such malformed projects.
[WARNING] 
[INFO] 
[INFO] ---------------------< com.graphhopper:rick-major >---------------------
[INFO] Building rick-major 5.3
[INFO] --------------------------------[ jar ]---------------------------------
[INFO] 
[INFO] --- maven-resources-plugin:2.6:resources (default-resources) @ rick-major ---
[INFO] Using 'UTF-8' encoding to copy filtered resources.
[INFO] Copying 0 resource
[INFO] 
[INFO] --- maven-compiler-plugin:3.8.1:compile (default-compile) @ rick-major ---
[INFO] Nothing to compile - all classes are up to date
[INFO] 
[INFO] --- maven-resources-plugin:2.6:testResources (default-testResources) @ rick-major ---
[INFO] Using 'UTF-8' encoding to copy filtered resources.
[INFO] Copying 26 resources
[INFO] 
[INFO] --- maven-compiler-plugin:3.8.1:testCompile (default-testCompile) @ rick-major ---
[INFO] Changes detected - recompiling the module!
[INFO] Compiling 15 source files to /home/dee/dev/rick-major-review/graphhopper/rick-major/target/test-classes
[INFO] 
[INFO] --- maven-surefire-plugin:2.22.2:test (default-test) @ rick-major ---
[INFO] 
[INFO] -------------------------------------------------------
[INFO]  T E S T S
[INFO] -------------------------------------------------------
[INFO] Running com.graphhopper.routing.ev.TestIntEncodedValueImplRickGen
[INFO] Tests run: 3, Failures: 0, Errors: 0, Skipped: 0, Time elapsed: 3.252 s - in com.graphhopper.routing.ev.TestIntEncodedValueImplRickGen
[INFO] 
[INFO] Results:
[INFO] 
[INFO] Tests run: 3, Failures: 0, Errors: 0, Skipped: 0
[INFO] 
[INFO] ------------------------------------------------------------------------
[INFO] BUILD SUCCESS
[INFO] ------------------------------------------------------------------------
[INFO] Total time:  14.577 s
[INFO] Finished at: 2023-06-11T11:09:42+02:00
[INFO] ------------------------------------------------------------------------

Security framework of XStream not initialized, XStream is probably vulnerable.

---------------------------------------------------
[LOG] Cleaned targets with ['mvn', 'clean']
[INFO] Scanning for projects...
[WARNING] 
[WARNING] Some problems were encountered while building the effective model for com.graphhopper:rick-major:jar:5.3
[WARNING] 'dependencies.dependency.(groupId:artifactId:type:classifier)' must be unique: com.graphhopper:graphhopper-web:jar -> duplicate declaration of version 5.3 @ line 79, column 17
[WARNING] 
[WARNING] It is highly recommended to fix these problems because they threaten the stability of your build.
[WARNING] 
[WARNING] For this reason, future Maven versions might no longer support building such malformed projects.
[WARNING] 
[INFO] 
[INFO] ---------------------< com.graphhopper:rick-major >---------------------
[INFO] Building rick-major 5.3
[INFO] --------------------------------[ jar ]---------------------------------
[INFO] 
[INFO] --- maven-clean-plugin:2.5:clean (default-clean) @ rick-major ---
[INFO] Deleting /home/dee/dev/rick-major-review/graphhopper/rick-major/target
[INFO] ------------------------------------------------------------------------
[INFO] BUILD SUCCESS
[INFO] ------------------------------------------------------------------------
[INFO] Total time:  0.868 s
[INFO] Finished at: 2023-06-11T11:09:46+02:00
[INFO] ------------------------------------------------------------------------


---------------------------------------------------
[LOG] In experiment directory /home/dee/dev/rick-experiments/mutation-analysis
---------------------------------------------------
[LOG] Restoring original RICK test from ./IntEncodedValueImpl.java/original-test.java
[LOG] Invoking cp ./IntEncodedValueImpl.java/original-test.java /home/dee/dev/rick-major-review/graphhopper/rick-major/src/test/java/com/graphhopper/routing/ev/TestIntEncodedValueImplRickGen.java
---------------------------------------------------
[OO] Evaluating only OO
[LOG] Replacing original RICK test with variant oo
[LOG] Invoking cp /home/dee/dev/rick-experiments/mutation-analysis/output/EncodedValue_InitializerConfig_init_EncodedValue_InitializerConfig/test-oo.java /home/dee/dev/rick-major-review/graphhopper/rick-major/src/test/java/com/graphhopper/routing/ev/TestIntEncodedValueImplRickGen.java
[LOG] In test module directory /home/dee/dev/rick-major-review/graphhopper/rick-major
[LOG] Invoked tests with ['mvn', 'test', '-Dtest=TestIntEncodedValueImplRickGen']
[INFO] Scanning for projects...
[WARNING] 
[WARNING] Some problems were encountered while building the effective model for com.graphhopper:rick-major:jar:5.3
[WARNING] 'dependencies.dependency.(groupId:artifactId:type:classifier)' must be unique: com.graphhopper:graphhopper-web:jar -> duplicate declaration of version 5.3 @ line 79, column 17
[WARNING] 
[WARNING] It is highly recommended to fix these problems because they threaten the stability of your build.
[WARNING] 
[WARNING] For this reason, future Maven versions might no longer support building such malformed projects.
[WARNING] 
[INFO] 
[INFO] ---------------------< com.graphhopper:rick-major >---------------------
[INFO] Building rick-major 5.3
[INFO] --------------------------------[ jar ]---------------------------------
[INFO] 
[INFO] --- maven-resources-plugin:2.6:resources (default-resources) @ rick-major ---
[INFO] Using 'UTF-8' encoding to copy filtered resources.
[INFO] Copying 0 resource
[INFO] 
[INFO] --- maven-compiler-plugin:3.8.1:compile (default-compile) @ rick-major ---
[INFO] Nothing to compile - all classes are up to date
[INFO] 
[INFO] --- maven-resources-plugin:2.6:testResources (default-testResources) @ rick-major ---
[INFO] Using 'UTF-8' encoding to copy filtered resources.
[INFO] Copying 26 resources
[INFO] 
[INFO] --- maven-compiler-plugin:3.8.1:testCompile (default-testCompile) @ rick-major ---
[INFO] Changes detected - recompiling the module!
[INFO] Compiling 15 source files to /home/dee/dev/rick-major-review/graphhopper/rick-major/target/test-classes
[INFO] 
[INFO] --- maven-surefire-plugin:2.22.2:test (default-test) @ rick-major ---
[INFO] 
[INFO] -------------------------------------------------------
[INFO]  T E S T S
[INFO] -------------------------------------------------------
[INFO] Running com.graphhopper.routing.ev.TestIntEncodedValueImplRickGen
[INFO] Tests run: 3, Failures: 0, Errors: 0, Skipped: 0, Time elapsed: 3.189 s - in com.graphhopper.routing.ev.TestIntEncodedValueImplRickGen
[INFO] 
[INFO] Results:
[INFO] 
[INFO] Tests run: 3, Failures: 0, Errors: 0, Skipped: 0
[INFO] 
[INFO] ------------------------------------------------------------------------
[INFO] BUILD SUCCESS
[INFO] ------------------------------------------------------------------------
[INFO] Total time:  14.005 s
[INFO] Finished at: 2023-06-11T11:10:04+02:00
[INFO] ------------------------------------------------------------------------

Security framework of XStream not initialized, XStream is probably vulnerable.

---------------------------------------------------
[LOG] Cleaned targets with ['mvn', 'clean']
[INFO] Scanning for projects...
[WARNING] 
[WARNING] Some problems were encountered while building the effective model for com.graphhopper:rick-major:jar:5.3
[WARNING] 'dependencies.dependency.(groupId:artifactId:type:classifier)' must be unique: com.graphhopper:graphhopper-web:jar -> duplicate declaration of version 5.3 @ line 79, column 17
[WARNING] 
[WARNING] It is highly recommended to fix these problems because they threaten the stability of your build.
[WARNING] 
[WARNING] For this reason, future Maven versions might no longer support building such malformed projects.
[WARNING] 
[INFO] 
[INFO] ---------------------< com.graphhopper:rick-major >---------------------
[INFO] Building rick-major 5.3
[INFO] --------------------------------[ jar ]---------------------------------
[INFO] 
[INFO] --- maven-clean-plugin:2.5:clean (default-clean) @ rick-major ---
[INFO] Deleting /home/dee/dev/rick-major-review/graphhopper/rick-major/target
[INFO] ------------------------------------------------------------------------
[INFO] BUILD SUCCESS
[INFO] ------------------------------------------------------------------------
[INFO] Total time:  0.851 s
[INFO] Finished at: 2023-06-11T11:10:08+02:00
[INFO] ------------------------------------------------------------------------


---------------------------------------------------
[LOG] In experiment directory /home/dee/dev/rick-experiments/mutation-analysis
---------------------------------------------------
[LOG] Restoring original RICK test from ./IntEncodedValueImpl.java/original-test.java
[LOG] Invoking cp ./IntEncodedValueImpl.java/original-test.java /home/dee/dev/rick-major-review/graphhopper/rick-major/src/test/java/com/graphhopper/routing/ev/TestIntEncodedValueImplRickGen.java
---------------------------------------------------
[PO] Evaluating only PO
[LOG] Replacing original RICK test with variant po
[LOG] Invoking cp /home/dee/dev/rick-experiments/mutation-analysis/output/EncodedValue_InitializerConfig_init_EncodedValue_InitializerConfig/test-po.java /home/dee/dev/rick-major-review/graphhopper/rick-major/src/test/java/com/graphhopper/routing/ev/TestIntEncodedValueImplRickGen.java
[LOG] In test module directory /home/dee/dev/rick-major-review/graphhopper/rick-major
[LOG] Invoked tests with ['mvn', 'test', '-Dtest=TestIntEncodedValueImplRickGen']
[INFO] Scanning for projects...
[WARNING] 
[WARNING] Some problems were encountered while building the effective model for com.graphhopper:rick-major:jar:5.3
[WARNING] 'dependencies.dependency.(groupId:artifactId:type:classifier)' must be unique: com.graphhopper:graphhopper-web:jar -> duplicate declaration of version 5.3 @ line 79, column 17
[WARNING] 
[WARNING] It is highly recommended to fix these problems because they threaten the stability of your build.
[WARNING] 
[WARNING] For this reason, future Maven versions might no longer support building such malformed projects.
[WARNING] 
[INFO] 
[INFO] ---------------------< com.graphhopper:rick-major >---------------------
[INFO] Building rick-major 5.3
[INFO] --------------------------------[ jar ]---------------------------------
[INFO] 
[INFO] --- maven-resources-plugin:2.6:resources (default-resources) @ rick-major ---
[INFO] Using 'UTF-8' encoding to copy filtered resources.
[INFO] Copying 0 resource
[INFO] 
[INFO] --- maven-compiler-plugin:3.8.1:compile (default-compile) @ rick-major ---
[INFO] Nothing to compile - all classes are up to date
[INFO] 
[INFO] --- maven-resources-plugin:2.6:testResources (default-testResources) @ rick-major ---
[INFO] Using 'UTF-8' encoding to copy filtered resources.
[INFO] Copying 26 resources
[INFO] 
[INFO] --- maven-compiler-plugin:3.8.1:testCompile (default-testCompile) @ rick-major ---
[INFO] Changes detected - recompiling the module!
[INFO] Compiling 15 source files to /home/dee/dev/rick-major-review/graphhopper/rick-major/target/test-classes
[INFO] 
[INFO] --- maven-surefire-plugin:2.22.2:test (default-test) @ rick-major ---
[INFO] 
[INFO] -------------------------------------------------------
[INFO]  T E S T S
[INFO] -------------------------------------------------------
[INFO] Running com.graphhopper.routing.ev.TestIntEncodedValueImplRickGen
[ERROR] Tests run: 3, Failures: 1, Errors: 0, Skipped: 0, Time elapsed: 3.448 s <<< FAILURE! - in com.graphhopper.routing.ev.TestIntEncodedValueImplRickGen
[ERROR] test_init_PO_662703e4e83742d7975c6e2c1fcd6053  Time elapsed: 2.592 s  <<< FAILURE!
org.mockito.exceptions.verification.WantedButNotInvoked: 

Wanted but not invoked:
initializerConfig.next(1);
-> at com.graphhopper.routing.ev.EncodedValue$InitializerConfig.next(EncodedValue.java:65)
Actually, there were zero interactions with this mock.

	at com.graphhopper.routing.ev.TestIntEncodedValueImplRickGen.test_init_PO_662703e4e83742d7975c6e2c1fcd6053(TestIntEncodedValueImplRickGen.java:54)

[INFO] 
[INFO] Results:
[INFO] 
[ERROR] Failures: 
[ERROR]   TestIntEncodedValueImplRickGen.test_init_PO_662703e4e83742d7975c6e2c1fcd6053:54 
Wanted but not invoked:
initializerConfig.next(1);
-> at com.graphhopper.routing.ev.EncodedValue$InitializerConfig.next(EncodedValue.java:65)
Actually, there were zero interactions with this mock.

[INFO] 
[ERROR] Tests run: 3, Failures: 1, Errors: 0, Skipped: 0
[INFO] 
[INFO] ------------------------------------------------------------------------
[INFO] BUILD FAILURE
[INFO] ------------------------------------------------------------------------
[INFO] Total time:  14.370 s
[INFO] Finished at: 2023-06-11T11:10:26+02:00
[INFO] ------------------------------------------------------------------------
[ERROR] Failed to execute goal org.apache.maven.plugins:maven-surefire-plugin:2.22.2:test (default-test) on project rick-major: There are test failures.
[ERROR] 
[ERROR] Please refer to /home/dee/dev/rick-major-review/graphhopper/rick-major/target/surefire-reports for the individual test results.
[ERROR] Please refer to dump files (if any exist) [date].dump, [date]-jvmRun[N].dump and [date].dumpstream.
[ERROR] -> [Help 1]
[ERROR] 
[ERROR] To see the full stack trace of the errors, re-run Maven with the -e switch.
[ERROR] Re-run Maven using the -X switch to enable full debug logging.
[ERROR] 
[ERROR] For more information about the errors and possible solutions, please read the following articles:
[ERROR] [Help 1] http://cwiki.apache.org/confluence/display/MAVEN/MojoFailureException

Security framework of XStream not initialized, XStream is probably vulnerable.

---------------------------------------------------
[LOG] Cleaned targets with ['mvn', 'clean']
[INFO] Scanning for projects...
[WARNING] 
[WARNING] Some problems were encountered while building the effective model for com.graphhopper:rick-major:jar:5.3
[WARNING] 'dependencies.dependency.(groupId:artifactId:type:classifier)' must be unique: com.graphhopper:graphhopper-web:jar -> duplicate declaration of version 5.3 @ line 79, column 17
[WARNING] 
[WARNING] It is highly recommended to fix these problems because they threaten the stability of your build.
[WARNING] 
[WARNING] For this reason, future Maven versions might no longer support building such malformed projects.
[WARNING] 
[INFO] 
[INFO] ---------------------< com.graphhopper:rick-major >---------------------
[INFO] Building rick-major 5.3
[INFO] --------------------------------[ jar ]---------------------------------
[INFO] 
[INFO] --- maven-clean-plugin:2.5:clean (default-clean) @ rick-major ---
[INFO] Deleting /home/dee/dev/rick-major-review/graphhopper/rick-major/target
[INFO] ------------------------------------------------------------------------
[INFO] BUILD SUCCESS
[INFO] ------------------------------------------------------------------------
[INFO] Total time:  0.855 s
[INFO] Finished at: 2023-06-11T11:10:31+02:00
[INFO] ------------------------------------------------------------------------


---------------------------------------------------
[LOG] In experiment directory /home/dee/dev/rick-experiments/mutation-analysis
---------------------------------------------------
[LOG] Restoring original RICK test from ./IntEncodedValueImpl.java/original-test.java
[LOG] Invoking cp ./IntEncodedValueImpl.java/original-test.java /home/dee/dev/rick-major-review/graphhopper/rick-major/src/test/java/com/graphhopper/routing/ev/TestIntEncodedValueImplRickGen.java
---------------------------------------------------
[CO] Evaluating only CO
[LOG] Replacing original RICK test with variant co
[LOG] Invoking cp /home/dee/dev/rick-experiments/mutation-analysis/output/EncodedValue_InitializerConfig_init_EncodedValue_InitializerConfig/test-co.java /home/dee/dev/rick-major-review/graphhopper/rick-major/src/test/java/com/graphhopper/routing/ev/TestIntEncodedValueImplRickGen.java
[LOG] In test module directory /home/dee/dev/rick-major-review/graphhopper/rick-major
[LOG] Invoked tests with ['mvn', 'test', '-Dtest=TestIntEncodedValueImplRickGen']
[INFO] Scanning for projects...
[WARNING] 
[WARNING] Some problems were encountered while building the effective model for com.graphhopper:rick-major:jar:5.3
[WARNING] 'dependencies.dependency.(groupId:artifactId:type:classifier)' must be unique: com.graphhopper:graphhopper-web:jar -> duplicate declaration of version 5.3 @ line 79, column 17
[WARNING] 
[WARNING] It is highly recommended to fix these problems because they threaten the stability of your build.
[WARNING] 
[WARNING] For this reason, future Maven versions might no longer support building such malformed projects.
[WARNING] 
[INFO] 
[INFO] ---------------------< com.graphhopper:rick-major >---------------------
[INFO] Building rick-major 5.3
[INFO] --------------------------------[ jar ]---------------------------------
[INFO] 
[INFO] --- maven-resources-plugin:2.6:resources (default-resources) @ rick-major ---
[INFO] Using 'UTF-8' encoding to copy filtered resources.
[INFO] Copying 0 resource
[INFO] 
[INFO] --- maven-compiler-plugin:3.8.1:compile (default-compile) @ rick-major ---
[INFO] Nothing to compile - all classes are up to date
[INFO] 
[INFO] --- maven-resources-plugin:2.6:testResources (default-testResources) @ rick-major ---
[INFO] Using 'UTF-8' encoding to copy filtered resources.
[INFO] Copying 26 resources
[INFO] 
[INFO] --- maven-compiler-plugin:3.8.1:testCompile (default-testCompile) @ rick-major ---
[INFO] Changes detected - recompiling the module!
[INFO] Compiling 15 source files to /home/dee/dev/rick-major-review/graphhopper/rick-major/target/test-classes
[INFO] 
[INFO] --- maven-surefire-plugin:2.22.2:test (default-test) @ rick-major ---
[INFO] 
[INFO] -------------------------------------------------------
[INFO]  T E S T S
[INFO] -------------------------------------------------------
[INFO] Running com.graphhopper.routing.ev.TestIntEncodedValueImplRickGen
[ERROR] Tests run: 3, Failures: 1, Errors: 0, Skipped: 0, Time elapsed: 3.358 s <<< FAILURE! - in com.graphhopper.routing.ev.TestIntEncodedValueImplRickGen
[ERROR] test_init_CO_662703e4e83742d7975c6e2c1fcd6053  Time elapsed: 0.148 s  <<< FAILURE!
org.mockito.exceptions.verification.WantedButNotInvoked: 

Wanted but not invoked:
initializerConfig.next(<any integer>);
-> at com.graphhopper.routing.ev.EncodedValue$InitializerConfig.next(EncodedValue.java:65)
Actually, there were zero interactions with this mock.

	at com.graphhopper.routing.ev.TestIntEncodedValueImplRickGen.test_init_CO_662703e4e83742d7975c6e2c1fcd6053(TestIntEncodedValueImplRickGen.java:67)

[INFO] 
[INFO] Results:
[INFO] 
[ERROR] Failures: 
[ERROR]   TestIntEncodedValueImplRickGen.test_init_CO_662703e4e83742d7975c6e2c1fcd6053:67 
Wanted but not invoked:
initializerConfig.next(<any integer>);
-> at com.graphhopper.routing.ev.EncodedValue$InitializerConfig.next(EncodedValue.java:65)
Actually, there were zero interactions with this mock.

[INFO] 
[ERROR] Tests run: 3, Failures: 1, Errors: 0, Skipped: 0
[INFO] 
[INFO] ------------------------------------------------------------------------
[INFO] BUILD FAILURE
[INFO] ------------------------------------------------------------------------
[INFO] Total time:  14.704 s
[INFO] Finished at: 2023-06-11T11:10:49+02:00
[INFO] ------------------------------------------------------------------------
[ERROR] Failed to execute goal org.apache.maven.plugins:maven-surefire-plugin:2.22.2:test (default-test) on project rick-major: There are test failures.
[ERROR] 
[ERROR] Please refer to /home/dee/dev/rick-major-review/graphhopper/rick-major/target/surefire-reports for the individual test results.
[ERROR] Please refer to dump files (if any exist) [date].dump, [date]-jvmRun[N].dump and [date].dumpstream.
[ERROR] -> [Help 1]
[ERROR] 
[ERROR] To see the full stack trace of the errors, re-run Maven with the -e switch.
[ERROR] Re-run Maven using the -X switch to enable full debug logging.
[ERROR] 
[ERROR] For more information about the errors and possible solutions, please read the following articles:
[ERROR] [Help 1] http://cwiki.apache.org/confluence/display/MAVEN/MojoFailureException

Security framework of XStream not initialized, XStream is probably vulnerable.

---------------------------------------------------
[LOG] Cleaned targets with ['mvn', 'clean']
[INFO] Scanning for projects...
[WARNING] 
[WARNING] Some problems were encountered while building the effective model for com.graphhopper:rick-major:jar:5.3
[WARNING] 'dependencies.dependency.(groupId:artifactId:type:classifier)' must be unique: com.graphhopper:graphhopper-web:jar -> duplicate declaration of version 5.3 @ line 79, column 17
[WARNING] 
[WARNING] It is highly recommended to fix these problems because they threaten the stability of your build.
[WARNING] 
[WARNING] For this reason, future Maven versions might no longer support building such malformed projects.
[WARNING] 
[INFO] 
[INFO] ---------------------< com.graphhopper:rick-major >---------------------
[INFO] Building rick-major 5.3
[INFO] --------------------------------[ jar ]---------------------------------
[INFO] 
[INFO] --- maven-clean-plugin:2.5:clean (default-clean) @ rick-major ---
[INFO] Deleting /home/dee/dev/rick-major-review/graphhopper/rick-major/target
[INFO] ------------------------------------------------------------------------
[INFO] BUILD SUCCESS
[INFO] ------------------------------------------------------------------------
[INFO] Total time:  0.820 s
[INFO] Finished at: 2023-06-11T11:10:54+02:00
[INFO] ------------------------------------------------------------------------


---------------------------------------------------
[LOG] In experiment directory /home/dee/dev/rick-experiments/mutation-analysis
---------------------------------------------------
[LOG] Restoring original RICK test from ./IntEncodedValueImpl.java/original-test.java
[LOG] Invoking cp ./IntEncodedValueImpl.java/original-test.java /home/dee/dev/rick-major-review/graphhopper/rick-major/src/test/java/com/graphhopper/routing/ev/TestIntEncodedValueImplRickGen.java
---------------------------------------------------
[ALL] Evaluating (OO +) PO + CO
[LOG] Restoring original RICK test from ./IntEncodedValueImpl.java/original-test.java
[LOG] Invoking cp ./IntEncodedValueImpl.java/original-test.java /home/dee/dev/rick-major-review/graphhopper/rick-major/src/test/java/com/graphhopper/routing/ev/TestIntEncodedValueImplRickGen.java
[LOG] In test module directory /home/dee/dev/rick-major-review/graphhopper/rick-major
[LOG] Invoked tests with ['mvn', 'test', '-Dtest=TestIntEncodedValueImplRickGen']
[INFO] Scanning for projects...
[WARNING] 
[WARNING] Some problems were encountered while building the effective model for com.graphhopper:rick-major:jar:5.3
[WARNING] 'dependencies.dependency.(groupId:artifactId:type:classifier)' must be unique: com.graphhopper:graphhopper-web:jar -> duplicate declaration of version 5.3 @ line 79, column 17
[WARNING] 
[WARNING] It is highly recommended to fix these problems because they threaten the stability of your build.
[WARNING] 
[WARNING] For this reason, future Maven versions might no longer support building such malformed projects.
[WARNING] 
[INFO] 
[INFO] ---------------------< com.graphhopper:rick-major >---------------------
[INFO] Building rick-major 5.3
[INFO] --------------------------------[ jar ]---------------------------------
[INFO] 
[INFO] --- maven-resources-plugin:2.6:resources (default-resources) @ rick-major ---
[INFO] Using 'UTF-8' encoding to copy filtered resources.
[INFO] Copying 0 resource
[INFO] 
[INFO] --- maven-compiler-plugin:3.8.1:compile (default-compile) @ rick-major ---
[INFO] Nothing to compile - all classes are up to date
[INFO] 
[INFO] --- maven-resources-plugin:2.6:testResources (default-testResources) @ rick-major ---
[INFO] Using 'UTF-8' encoding to copy filtered resources.
[INFO] Copying 26 resources
[INFO] 
[INFO] --- maven-compiler-plugin:3.8.1:testCompile (default-testCompile) @ rick-major ---
[INFO] Changes detected - recompiling the module!
[INFO] Compiling 15 source files to /home/dee/dev/rick-major-review/graphhopper/rick-major/target/test-classes
[INFO] 
[INFO] --- maven-surefire-plugin:2.22.2:test (default-test) @ rick-major ---
[INFO] 
[INFO] -------------------------------------------------------
[INFO]  T E S T S
[INFO] -------------------------------------------------------
[INFO] Running com.graphhopper.routing.ev.TestIntEncodedValueImplRickGen
[ERROR] Tests run: 3, Failures: 2, Errors: 0, Skipped: 0, Time elapsed: 3.385 s <<< FAILURE! - in com.graphhopper.routing.ev.TestIntEncodedValueImplRickGen
[ERROR] test_init_PO_662703e4e83742d7975c6e2c1fcd6053  Time elapsed: 2.581 s  <<< FAILURE!
org.mockito.exceptions.verification.WantedButNotInvoked: 

Wanted but not invoked:
initializerConfig.next(1);
-> at com.graphhopper.routing.ev.EncodedValue$InitializerConfig.next(EncodedValue.java:65)
Actually, there were zero interactions with this mock.

	at com.graphhopper.routing.ev.TestIntEncodedValueImplRickGen.test_init_PO_662703e4e83742d7975c6e2c1fcd6053(TestIntEncodedValueImplRickGen.java:54)

[ERROR] test_init_CO_662703e4e83742d7975c6e2c1fcd6053  Time elapsed: 0.047 s  <<< FAILURE!
org.mockito.exceptions.verification.WantedButNotInvoked: 

Wanted but not invoked:
initializerConfig.next(<any integer>);
-> at com.graphhopper.routing.ev.EncodedValue$InitializerConfig.next(EncodedValue.java:65)
Actually, there were zero interactions with this mock.

	at com.graphhopper.routing.ev.TestIntEncodedValueImplRickGen.test_init_CO_662703e4e83742d7975c6e2c1fcd6053(TestIntEncodedValueImplRickGen.java:67)

[INFO] 
[INFO] Results:
[INFO] 
[ERROR] Failures: 
[ERROR]   TestIntEncodedValueImplRickGen.test_init_CO_662703e4e83742d7975c6e2c1fcd6053:67 
Wanted but not invoked:
initializerConfig.next(<any integer>);
-> at com.graphhopper.routing.ev.EncodedValue$InitializerConfig.next(EncodedValue.java:65)
Actually, there were zero interactions with this mock.

[ERROR]   TestIntEncodedValueImplRickGen.test_init_PO_662703e4e83742d7975c6e2c1fcd6053:54 
Wanted but not invoked:
initializerConfig.next(1);
-> at com.graphhopper.routing.ev.EncodedValue$InitializerConfig.next(EncodedValue.java:65)
Actually, there were zero interactions with this mock.

[INFO] 
[ERROR] Tests run: 3, Failures: 2, Errors: 0, Skipped: 0
[INFO] 
[INFO] ------------------------------------------------------------------------
[INFO] BUILD FAILURE
[INFO] ------------------------------------------------------------------------
[INFO] Total time:  14.214 s
[INFO] Finished at: 2023-06-11T11:11:11+02:00
[INFO] ------------------------------------------------------------------------
[ERROR] Failed to execute goal org.apache.maven.plugins:maven-surefire-plugin:2.22.2:test (default-test) on project rick-major: There are test failures.
[ERROR] 
[ERROR] Please refer to /home/dee/dev/rick-major-review/graphhopper/rick-major/target/surefire-reports for the individual test results.
[ERROR] Please refer to dump files (if any exist) [date].dump, [date]-jvmRun[N].dump and [date].dumpstream.
[ERROR] -> [Help 1]
[ERROR] 
[ERROR] To see the full stack trace of the errors, re-run Maven with the -e switch.
[ERROR] Re-run Maven using the -X switch to enable full debug logging.
[ERROR] 
[ERROR] For more information about the errors and possible solutions, please read the following articles:
[ERROR] [Help 1] http://cwiki.apache.org/confluence/display/MAVEN/MojoFailureException

Security framework of XStream not initialized, XStream is probably vulnerable.

---------------------------------------------------
[LOG] Cleaned targets with ['mvn', 'clean']
[INFO] Scanning for projects...
[WARNING] 
[WARNING] Some problems were encountered while building the effective model for com.graphhopper:rick-major:jar:5.3
[WARNING] 'dependencies.dependency.(groupId:artifactId:type:classifier)' must be unique: com.graphhopper:graphhopper-web:jar -> duplicate declaration of version 5.3 @ line 79, column 17
[WARNING] 
[WARNING] It is highly recommended to fix these problems because they threaten the stability of your build.
[WARNING] 
[WARNING] For this reason, future Maven versions might no longer support building such malformed projects.
[WARNING] 
[INFO] 
[INFO] ---------------------< com.graphhopper:rick-major >---------------------
[INFO] Building rick-major 5.3
[INFO] --------------------------------[ jar ]---------------------------------
[INFO] 
[INFO] --- maven-clean-plugin:2.5:clean (default-clean) @ rick-major ---
[INFO] Deleting /home/dee/dev/rick-major-review/graphhopper/rick-major/target
[INFO] ------------------------------------------------------------------------
[INFO] BUILD SUCCESS
[INFO] ------------------------------------------------------------------------
[INFO] Total time:  0.923 s
[INFO] Finished at: 2023-06-11T11:11:16+02:00
[INFO] ------------------------------------------------------------------------


---------------------------------------------------
[LOG] In experiment directory /home/dee/dev/rick-experiments/mutation-analysis
---------------------------------------------------
---------------------------------------------------
[LOG] Resetting IntEncodedValueImpl.java to original
[LOG] Invoking cp ./IntEncodedValueImpl.java/original.java /home/dee/dev/rick-major-review/graphhopper/core/src/main/java/com/graphhopper/routing/ev/IntEncodedValueImpl.java
---------------------------------------------------
[LOG] Replacing originalIntEncodedValueImpl.java with ./IntEncodedValueImpl.java/58.java
[LOG] Invoking cp ./IntEncodedValueImpl.java/58.java /home/dee/dev/rick-major-review/graphhopper/core/src/main/java/com/graphhopper/routing/ev/IntEncodedValueImpl.java
[LOG] Invoked a clean install of the parent module with ['mvn', 'clean', 'install', '-DskipTests']
[INFO] Scanning for projects...
[INFO] 
[INFO] ------------------< com.graphhopper:graphhopper-core >------------------
[INFO] Building GraphHopper Core 5.3
[INFO] --------------------------------[ jar ]---------------------------------
[INFO] 
[INFO] --- maven-clean-plugin:2.5:clean (default-clean) @ graphhopper-core ---
[INFO] Deleting /home/dee/dev/rick-major-review/graphhopper/core/target
[INFO] 
[INFO] --- git-commit-id-plugin:3.0.0:revision (default) @ graphhopper-core ---
[INFO] 
[INFO] --- maven-resources-plugin:2.6:resources (default-resources) @ graphhopper-core ---
[INFO] Using 'UTF-8' encoding to copy filtered resources.
[INFO] Copying 3 resources
[INFO] Copying 52 resources
[INFO] 
[INFO] --- maven-compiler-plugin:3.8.1:compile (default-compile) @ graphhopper-core ---
[INFO] Changes detected - recompiling the module!
[INFO] Compiling 406 source files to /home/dee/dev/rick-major-review/graphhopper/core/target/classes
[INFO] 
[INFO] --- maven-resources-plugin:2.6:testResources (default-testResources) @ graphhopper-core ---
[INFO] Using 'UTF-8' encoding to copy filtered resources.
[INFO] Copying 37 resources
[INFO] 
[INFO] --- maven-compiler-plugin:3.8.1:testCompile (default-testCompile) @ graphhopper-core ---
[INFO] Changes detected - recompiling the module!
[INFO] Compiling 184 source files to /home/dee/dev/rick-major-review/graphhopper/core/target/test-classes
[INFO] 
[INFO] --- maven-surefire-plugin:2.22.2:test (default-test) @ graphhopper-core ---
[INFO] Tests are skipped.
[INFO] 
[INFO] --- maven-jar-plugin:3.1.1:jar (default-jar) @ graphhopper-core ---
[INFO] Building jar: /home/dee/dev/rick-major-review/graphhopper/core/target/graphhopper-core-5.3.jar
[INFO] 
[INFO] --- maven-jar-plugin:3.1.1:test-jar (default) @ graphhopper-core ---
[INFO] Building jar: /home/dee/dev/rick-major-review/graphhopper/core/target/graphhopper-core-5.3-tests.jar
[INFO] 
[INFO] --- maven-failsafe-plugin:2.22.2:integration-test (default) @ graphhopper-core ---
[INFO] Tests are skipped.
[INFO] 
[INFO] --- maven-failsafe-plugin:2.22.2:verify (default) @ graphhopper-core ---
[INFO] Tests are skipped.
[INFO] 
[INFO] --- maven-install-plugin:2.4:install (default-install) @ graphhopper-core ---
[INFO] Installing /home/dee/dev/rick-major-review/graphhopper/core/target/graphhopper-core-5.3.jar to /home/dee/.m2/repository/com/graphhopper/graphhopper-core/5.3/graphhopper-core-5.3.jar
[INFO] Installing /home/dee/dev/rick-major-review/graphhopper/core/pom.xml to /home/dee/.m2/repository/com/graphhopper/graphhopper-core/5.3/graphhopper-core-5.3.pom
[INFO] Installing /home/dee/dev/rick-major-review/graphhopper/core/target/graphhopper-core-5.3-tests.jar to /home/dee/.m2/repository/com/graphhopper/graphhopper-core/5.3/graphhopper-core-5.3-tests.jar
[INFO] ------------------------------------------------------------------------
[INFO] BUILD SUCCESS
[INFO] ------------------------------------------------------------------------
[INFO] Total time:  43.047 s
[INFO] Finished at: 2023-06-11T11:12:03+02:00
[INFO] ------------------------------------------------------------------------


---------------------------------------------------
[BASELINE] Not evaluating any oracle
[LOG] Replacing original RICK test with variant baseline
[LOG] Invoking cp /home/dee/dev/rick-experiments/mutation-analysis/output/EncodedValue_InitializerConfig_init_EncodedValue_InitializerConfig/test-baseline.java /home/dee/dev/rick-major-review/graphhopper/rick-major/src/test/java/com/graphhopper/routing/ev/TestIntEncodedValueImplRickGen.java
[LOG] In test module directory /home/dee/dev/rick-major-review/graphhopper/rick-major
[LOG] Invoked tests with ['mvn', 'test', '-Dtest=TestIntEncodedValueImplRickGen']
[INFO] Scanning for projects...
[WARNING] 
[WARNING] Some problems were encountered while building the effective model for com.graphhopper:rick-major:jar:5.3
[WARNING] 'dependencies.dependency.(groupId:artifactId:type:classifier)' must be unique: com.graphhopper:graphhopper-web:jar -> duplicate declaration of version 5.3 @ line 79, column 17
[WARNING] 
[WARNING] It is highly recommended to fix these problems because they threaten the stability of your build.
[WARNING] 
[WARNING] For this reason, future Maven versions might no longer support building such malformed projects.
[WARNING] 
[INFO] 
[INFO] ---------------------< com.graphhopper:rick-major >---------------------
[INFO] Building rick-major 5.3
[INFO] --------------------------------[ jar ]---------------------------------
[INFO] 
[INFO] --- maven-resources-plugin:2.6:resources (default-resources) @ rick-major ---
[INFO] Using 'UTF-8' encoding to copy filtered resources.
[INFO] Copying 0 resource
[INFO] 
[INFO] --- maven-compiler-plugin:3.8.1:compile (default-compile) @ rick-major ---
[INFO] Nothing to compile - all classes are up to date
[INFO] 
[INFO] --- maven-resources-plugin:2.6:testResources (default-testResources) @ rick-major ---
[INFO] Using 'UTF-8' encoding to copy filtered resources.
[INFO] Copying 26 resources
[INFO] 
[INFO] --- maven-compiler-plugin:3.8.1:testCompile (default-testCompile) @ rick-major ---
[INFO] Changes detected - recompiling the module!
[INFO] Compiling 15 source files to /home/dee/dev/rick-major-review/graphhopper/rick-major/target/test-classes
[INFO] 
[INFO] --- maven-surefire-plugin:2.22.2:test (default-test) @ rick-major ---
[INFO] 
[INFO] -------------------------------------------------------
[INFO]  T E S T S
[INFO] -------------------------------------------------------
[INFO] Running com.graphhopper.routing.ev.TestIntEncodedValueImplRickGen
[INFO] Tests run: 3, Failures: 0, Errors: 0, Skipped: 0, Time elapsed: 3.317 s - in com.graphhopper.routing.ev.TestIntEncodedValueImplRickGen
[INFO] 
[INFO] Results:
[INFO] 
[INFO] Tests run: 3, Failures: 0, Errors: 0, Skipped: 0
[INFO] 
[INFO] ------------------------------------------------------------------------
[INFO] BUILD SUCCESS
[INFO] ------------------------------------------------------------------------
[INFO] Total time:  13.864 s
[INFO] Finished at: 2023-06-11T11:12:21+02:00
[INFO] ------------------------------------------------------------------------

Security framework of XStream not initialized, XStream is probably vulnerable.

---------------------------------------------------
[LOG] Cleaned targets with ['mvn', 'clean']
[INFO] Scanning for projects...
[WARNING] 
[WARNING] Some problems were encountered while building the effective model for com.graphhopper:rick-major:jar:5.3
[WARNING] 'dependencies.dependency.(groupId:artifactId:type:classifier)' must be unique: com.graphhopper:graphhopper-web:jar -> duplicate declaration of version 5.3 @ line 79, column 17
[WARNING] 
[WARNING] It is highly recommended to fix these problems because they threaten the stability of your build.
[WARNING] 
[WARNING] For this reason, future Maven versions might no longer support building such malformed projects.
[WARNING] 
[INFO] 
[INFO] ---------------------< com.graphhopper:rick-major >---------------------
[INFO] Building rick-major 5.3
[INFO] --------------------------------[ jar ]---------------------------------
[INFO] 
[INFO] --- maven-clean-plugin:2.5:clean (default-clean) @ rick-major ---
[INFO] Deleting /home/dee/dev/rick-major-review/graphhopper/rick-major/target
[INFO] ------------------------------------------------------------------------
[INFO] BUILD SUCCESS
[INFO] ------------------------------------------------------------------------
[INFO] Total time:  0.846 s
[INFO] Finished at: 2023-06-11T11:12:25+02:00
[INFO] ------------------------------------------------------------------------


---------------------------------------------------
[LOG] In experiment directory /home/dee/dev/rick-experiments/mutation-analysis
---------------------------------------------------
[LOG] Restoring original RICK test from ./IntEncodedValueImpl.java/original-test.java
[LOG] Invoking cp ./IntEncodedValueImpl.java/original-test.java /home/dee/dev/rick-major-review/graphhopper/rick-major/src/test/java/com/graphhopper/routing/ev/TestIntEncodedValueImplRickGen.java
---------------------------------------------------
[OO] Evaluating only OO
[LOG] Replacing original RICK test with variant oo
[LOG] Invoking cp /home/dee/dev/rick-experiments/mutation-analysis/output/EncodedValue_InitializerConfig_init_EncodedValue_InitializerConfig/test-oo.java /home/dee/dev/rick-major-review/graphhopper/rick-major/src/test/java/com/graphhopper/routing/ev/TestIntEncodedValueImplRickGen.java
[LOG] In test module directory /home/dee/dev/rick-major-review/graphhopper/rick-major
[LOG] Invoked tests with ['mvn', 'test', '-Dtest=TestIntEncodedValueImplRickGen']
[INFO] Scanning for projects...
[WARNING] 
[WARNING] Some problems were encountered while building the effective model for com.graphhopper:rick-major:jar:5.3
[WARNING] 'dependencies.dependency.(groupId:artifactId:type:classifier)' must be unique: com.graphhopper:graphhopper-web:jar -> duplicate declaration of version 5.3 @ line 79, column 17
[WARNING] 
[WARNING] It is highly recommended to fix these problems because they threaten the stability of your build.
[WARNING] 
[WARNING] For this reason, future Maven versions might no longer support building such malformed projects.
[WARNING] 
[INFO] 
[INFO] ---------------------< com.graphhopper:rick-major >---------------------
[INFO] Building rick-major 5.3
[INFO] --------------------------------[ jar ]---------------------------------
[INFO] 
[INFO] --- maven-resources-plugin:2.6:resources (default-resources) @ rick-major ---
[INFO] Using 'UTF-8' encoding to copy filtered resources.
[INFO] Copying 0 resource
[INFO] 
[INFO] --- maven-compiler-plugin:3.8.1:compile (default-compile) @ rick-major ---
[INFO] Nothing to compile - all classes are up to date
[INFO] 
[INFO] --- maven-resources-plugin:2.6:testResources (default-testResources) @ rick-major ---
[INFO] Using 'UTF-8' encoding to copy filtered resources.
[INFO] Copying 26 resources
[INFO] 
[INFO] --- maven-compiler-plugin:3.8.1:testCompile (default-testCompile) @ rick-major ---
[INFO] Changes detected - recompiling the module!
[INFO] Compiling 15 source files to /home/dee/dev/rick-major-review/graphhopper/rick-major/target/test-classes
[INFO] 
[INFO] --- maven-surefire-plugin:2.22.2:test (default-test) @ rick-major ---
[INFO] 
[INFO] -------------------------------------------------------
[INFO]  T E S T S
[INFO] -------------------------------------------------------
[INFO] Running com.graphhopper.routing.ev.TestIntEncodedValueImplRickGen
[INFO] Tests run: 3, Failures: 0, Errors: 0, Skipped: 0, Time elapsed: 3.797 s - in com.graphhopper.routing.ev.TestIntEncodedValueImplRickGen
[INFO] 
[INFO] Results:
[INFO] 
[INFO] Tests run: 3, Failures: 0, Errors: 0, Skipped: 0
[INFO] 
[INFO] ------------------------------------------------------------------------
[INFO] BUILD SUCCESS
[INFO] ------------------------------------------------------------------------
[INFO] Total time:  15.874 s
[INFO] Finished at: 2023-06-11T11:12:45+02:00
[INFO] ------------------------------------------------------------------------

Security framework of XStream not initialized, XStream is probably vulnerable.

---------------------------------------------------
[LOG] Cleaned targets with ['mvn', 'clean']
[INFO] Scanning for projects...
[WARNING] 
[WARNING] Some problems were encountered while building the effective model for com.graphhopper:rick-major:jar:5.3
[WARNING] 'dependencies.dependency.(groupId:artifactId:type:classifier)' must be unique: com.graphhopper:graphhopper-web:jar -> duplicate declaration of version 5.3 @ line 79, column 17
[WARNING] 
[WARNING] It is highly recommended to fix these problems because they threaten the stability of your build.
[WARNING] 
[WARNING] For this reason, future Maven versions might no longer support building such malformed projects.
[WARNING] 
[INFO] 
[INFO] ---------------------< com.graphhopper:rick-major >---------------------
[INFO] Building rick-major 5.3
[INFO] --------------------------------[ jar ]---------------------------------
[INFO] 
[INFO] --- maven-clean-plugin:2.5:clean (default-clean) @ rick-major ---
[INFO] Deleting /home/dee/dev/rick-major-review/graphhopper/rick-major/target
[INFO] ------------------------------------------------------------------------
[INFO] BUILD SUCCESS
[INFO] ------------------------------------------------------------------------
[INFO] Total time:  0.830 s
[INFO] Finished at: 2023-06-11T11:12:49+02:00
[INFO] ------------------------------------------------------------------------


---------------------------------------------------
[LOG] In experiment directory /home/dee/dev/rick-experiments/mutation-analysis
---------------------------------------------------
[LOG] Restoring original RICK test from ./IntEncodedValueImpl.java/original-test.java
[LOG] Invoking cp ./IntEncodedValueImpl.java/original-test.java /home/dee/dev/rick-major-review/graphhopper/rick-major/src/test/java/com/graphhopper/routing/ev/TestIntEncodedValueImplRickGen.java
---------------------------------------------------
[PO] Evaluating only PO
[LOG] Replacing original RICK test with variant po
[LOG] Invoking cp /home/dee/dev/rick-experiments/mutation-analysis/output/EncodedValue_InitializerConfig_init_EncodedValue_InitializerConfig/test-po.java /home/dee/dev/rick-major-review/graphhopper/rick-major/src/test/java/com/graphhopper/routing/ev/TestIntEncodedValueImplRickGen.java
[LOG] In test module directory /home/dee/dev/rick-major-review/graphhopper/rick-major
[LOG] Invoked tests with ['mvn', 'test', '-Dtest=TestIntEncodedValueImplRickGen']
[INFO] Scanning for projects...
[WARNING] 
[WARNING] Some problems were encountered while building the effective model for com.graphhopper:rick-major:jar:5.3
[WARNING] 'dependencies.dependency.(groupId:artifactId:type:classifier)' must be unique: com.graphhopper:graphhopper-web:jar -> duplicate declaration of version 5.3 @ line 79, column 17
[WARNING] 
[WARNING] It is highly recommended to fix these problems because they threaten the stability of your build.
[WARNING] 
[WARNING] For this reason, future Maven versions might no longer support building such malformed projects.
[WARNING] 
[INFO] 
[INFO] ---------------------< com.graphhopper:rick-major >---------------------
[INFO] Building rick-major 5.3
[INFO] --------------------------------[ jar ]---------------------------------
[INFO] 
[INFO] --- maven-resources-plugin:2.6:resources (default-resources) @ rick-major ---
[INFO] Using 'UTF-8' encoding to copy filtered resources.
[INFO] Copying 0 resource
[INFO] 
[INFO] --- maven-compiler-plugin:3.8.1:compile (default-compile) @ rick-major ---
[INFO] Nothing to compile - all classes are up to date
[INFO] 
[INFO] --- maven-resources-plugin:2.6:testResources (default-testResources) @ rick-major ---
[INFO] Using 'UTF-8' encoding to copy filtered resources.
[INFO] Copying 26 resources
[INFO] 
[INFO] --- maven-compiler-plugin:3.8.1:testCompile (default-testCompile) @ rick-major ---
[INFO] Changes detected - recompiling the module!
[INFO] Compiling 15 source files to /home/dee/dev/rick-major-review/graphhopper/rick-major/target/test-classes
[INFO] 
[INFO] --- maven-surefire-plugin:2.22.2:test (default-test) @ rick-major ---
[INFO] 
[INFO] -------------------------------------------------------
[INFO]  T E S T S
[INFO] -------------------------------------------------------
[INFO] Running com.graphhopper.routing.ev.TestIntEncodedValueImplRickGen
[INFO] Tests run: 3, Failures: 0, Errors: 0, Skipped: 0, Time elapsed: 3.456 s - in com.graphhopper.routing.ev.TestIntEncodedValueImplRickGen
[INFO] 
[INFO] Results:
[INFO] 
[INFO] Tests run: 3, Failures: 0, Errors: 0, Skipped: 0
[INFO] 
[INFO] ------------------------------------------------------------------------
[INFO] BUILD SUCCESS
[INFO] ------------------------------------------------------------------------
[INFO] Total time:  15.456 s
[INFO] Finished at: 2023-06-11T11:13:08+02:00
[INFO] ------------------------------------------------------------------------

Security framework of XStream not initialized, XStream is probably vulnerable.

---------------------------------------------------
[LOG] Cleaned targets with ['mvn', 'clean']
[INFO] Scanning for projects...
[WARNING] 
[WARNING] Some problems were encountered while building the effective model for com.graphhopper:rick-major:jar:5.3
[WARNING] 'dependencies.dependency.(groupId:artifactId:type:classifier)' must be unique: com.graphhopper:graphhopper-web:jar -> duplicate declaration of version 5.3 @ line 79, column 17
[WARNING] 
[WARNING] It is highly recommended to fix these problems because they threaten the stability of your build.
[WARNING] 
[WARNING] For this reason, future Maven versions might no longer support building such malformed projects.
[WARNING] 
[INFO] 
[INFO] ---------------------< com.graphhopper:rick-major >---------------------
[INFO] Building rick-major 5.3
[INFO] --------------------------------[ jar ]---------------------------------
[INFO] 
[INFO] --- maven-clean-plugin:2.5:clean (default-clean) @ rick-major ---
[INFO] Deleting /home/dee/dev/rick-major-review/graphhopper/rick-major/target
[INFO] ------------------------------------------------------------------------
[INFO] BUILD SUCCESS
[INFO] ------------------------------------------------------------------------
[INFO] Total time:  1.006 s
[INFO] Finished at: 2023-06-11T11:13:13+02:00
[INFO] ------------------------------------------------------------------------


---------------------------------------------------
[LOG] In experiment directory /home/dee/dev/rick-experiments/mutation-analysis
---------------------------------------------------
[LOG] Restoring original RICK test from ./IntEncodedValueImpl.java/original-test.java
[LOG] Invoking cp ./IntEncodedValueImpl.java/original-test.java /home/dee/dev/rick-major-review/graphhopper/rick-major/src/test/java/com/graphhopper/routing/ev/TestIntEncodedValueImplRickGen.java
---------------------------------------------------
[CO] Evaluating only CO
[LOG] Replacing original RICK test with variant co
[LOG] Invoking cp /home/dee/dev/rick-experiments/mutation-analysis/output/EncodedValue_InitializerConfig_init_EncodedValue_InitializerConfig/test-co.java /home/dee/dev/rick-major-review/graphhopper/rick-major/src/test/java/com/graphhopper/routing/ev/TestIntEncodedValueImplRickGen.java
[LOG] In test module directory /home/dee/dev/rick-major-review/graphhopper/rick-major
[LOG] Invoked tests with ['mvn', 'test', '-Dtest=TestIntEncodedValueImplRickGen']
[INFO] Scanning for projects...
[WARNING] 
[WARNING] Some problems were encountered while building the effective model for com.graphhopper:rick-major:jar:5.3
[WARNING] 'dependencies.dependency.(groupId:artifactId:type:classifier)' must be unique: com.graphhopper:graphhopper-web:jar -> duplicate declaration of version 5.3 @ line 79, column 17
[WARNING] 
[WARNING] It is highly recommended to fix these problems because they threaten the stability of your build.
[WARNING] 
[WARNING] For this reason, future Maven versions might no longer support building such malformed projects.
[WARNING] 
[INFO] 
[INFO] ---------------------< com.graphhopper:rick-major >---------------------
[INFO] Building rick-major 5.3
[INFO] --------------------------------[ jar ]---------------------------------
[INFO] 
[INFO] --- maven-resources-plugin:2.6:resources (default-resources) @ rick-major ---
[INFO] Using 'UTF-8' encoding to copy filtered resources.
[INFO] Copying 0 resource
[INFO] 
[INFO] --- maven-compiler-plugin:3.8.1:compile (default-compile) @ rick-major ---
[INFO] Nothing to compile - all classes are up to date
[INFO] 
[INFO] --- maven-resources-plugin:2.6:testResources (default-testResources) @ rick-major ---
[INFO] Using 'UTF-8' encoding to copy filtered resources.
[INFO] Copying 26 resources
[INFO] 
[INFO] --- maven-compiler-plugin:3.8.1:testCompile (default-testCompile) @ rick-major ---
[INFO] Changes detected - recompiling the module!
[INFO] Compiling 15 source files to /home/dee/dev/rick-major-review/graphhopper/rick-major/target/test-classes
[INFO] 
[INFO] --- maven-surefire-plugin:2.22.2:test (default-test) @ rick-major ---
[INFO] 
[INFO] -------------------------------------------------------
[INFO]  T E S T S
[INFO] -------------------------------------------------------
[INFO] Running com.graphhopper.routing.ev.TestIntEncodedValueImplRickGen
[INFO] Tests run: 3, Failures: 0, Errors: 0, Skipped: 0, Time elapsed: 3.43 s - in com.graphhopper.routing.ev.TestIntEncodedValueImplRickGen
[INFO] 
[INFO] Results:
[INFO] 
[INFO] Tests run: 3, Failures: 0, Errors: 0, Skipped: 0
[INFO] 
[INFO] ------------------------------------------------------------------------
[INFO] BUILD SUCCESS
[INFO] ------------------------------------------------------------------------
[INFO] Total time:  14.153 s
[INFO] Finished at: 2023-06-11T11:13:30+02:00
[INFO] ------------------------------------------------------------------------

Security framework of XStream not initialized, XStream is probably vulnerable.

---------------------------------------------------
[LOG] Cleaned targets with ['mvn', 'clean']
[INFO] Scanning for projects...
[WARNING] 
[WARNING] Some problems were encountered while building the effective model for com.graphhopper:rick-major:jar:5.3
[WARNING] 'dependencies.dependency.(groupId:artifactId:type:classifier)' must be unique: com.graphhopper:graphhopper-web:jar -> duplicate declaration of version 5.3 @ line 79, column 17
[WARNING] 
[WARNING] It is highly recommended to fix these problems because they threaten the stability of your build.
[WARNING] 
[WARNING] For this reason, future Maven versions might no longer support building such malformed projects.
[WARNING] 
[INFO] 
[INFO] ---------------------< com.graphhopper:rick-major >---------------------
[INFO] Building rick-major 5.3
[INFO] --------------------------------[ jar ]---------------------------------
[INFO] 
[INFO] --- maven-clean-plugin:2.5:clean (default-clean) @ rick-major ---
[INFO] Deleting /home/dee/dev/rick-major-review/graphhopper/rick-major/target
[INFO] ------------------------------------------------------------------------
[INFO] BUILD SUCCESS
[INFO] ------------------------------------------------------------------------
[INFO] Total time:  0.822 s
[INFO] Finished at: 2023-06-11T11:13:35+02:00
[INFO] ------------------------------------------------------------------------


---------------------------------------------------
[LOG] In experiment directory /home/dee/dev/rick-experiments/mutation-analysis
---------------------------------------------------
[LOG] Restoring original RICK test from ./IntEncodedValueImpl.java/original-test.java
[LOG] Invoking cp ./IntEncodedValueImpl.java/original-test.java /home/dee/dev/rick-major-review/graphhopper/rick-major/src/test/java/com/graphhopper/routing/ev/TestIntEncodedValueImplRickGen.java
---------------------------------------------------
[ALL] Evaluating (OO +) PO + CO
[LOG] Restoring original RICK test from ./IntEncodedValueImpl.java/original-test.java
[LOG] Invoking cp ./IntEncodedValueImpl.java/original-test.java /home/dee/dev/rick-major-review/graphhopper/rick-major/src/test/java/com/graphhopper/routing/ev/TestIntEncodedValueImplRickGen.java
[LOG] In test module directory /home/dee/dev/rick-major-review/graphhopper/rick-major
[LOG] Invoked tests with ['mvn', 'test', '-Dtest=TestIntEncodedValueImplRickGen']
[INFO] Scanning for projects...
[WARNING] 
[WARNING] Some problems were encountered while building the effective model for com.graphhopper:rick-major:jar:5.3
[WARNING] 'dependencies.dependency.(groupId:artifactId:type:classifier)' must be unique: com.graphhopper:graphhopper-web:jar -> duplicate declaration of version 5.3 @ line 79, column 17
[WARNING] 
[WARNING] It is highly recommended to fix these problems because they threaten the stability of your build.
[WARNING] 
[WARNING] For this reason, future Maven versions might no longer support building such malformed projects.
[WARNING] 
[INFO] 
[INFO] ---------------------< com.graphhopper:rick-major >---------------------
[INFO] Building rick-major 5.3
[INFO] --------------------------------[ jar ]---------------------------------
[INFO] 
[INFO] --- maven-resources-plugin:2.6:resources (default-resources) @ rick-major ---
[INFO] Using 'UTF-8' encoding to copy filtered resources.
[INFO] Copying 0 resource
[INFO] 
[INFO] --- maven-compiler-plugin:3.8.1:compile (default-compile) @ rick-major ---
[INFO] Nothing to compile - all classes are up to date
[INFO] 
[INFO] --- maven-resources-plugin:2.6:testResources (default-testResources) @ rick-major ---
[INFO] Using 'UTF-8' encoding to copy filtered resources.
[INFO] Copying 26 resources
[INFO] 
[INFO] --- maven-compiler-plugin:3.8.1:testCompile (default-testCompile) @ rick-major ---
[INFO] Changes detected - recompiling the module!
[INFO] Compiling 15 source files to /home/dee/dev/rick-major-review/graphhopper/rick-major/target/test-classes
[INFO] 
[INFO] --- maven-surefire-plugin:2.22.2:test (default-test) @ rick-major ---
[INFO] 
[INFO] -------------------------------------------------------
[INFO]  T E S T S
[INFO] -------------------------------------------------------
[INFO] Running com.graphhopper.routing.ev.TestIntEncodedValueImplRickGen
[INFO] Tests run: 3, Failures: 0, Errors: 0, Skipped: 0, Time elapsed: 3.392 s - in com.graphhopper.routing.ev.TestIntEncodedValueImplRickGen
[INFO] 
[INFO] Results:
[INFO] 
[INFO] Tests run: 3, Failures: 0, Errors: 0, Skipped: 0
[INFO] 
[INFO] ------------------------------------------------------------------------
[INFO] BUILD SUCCESS
[INFO] ------------------------------------------------------------------------
[INFO] Total time:  14.105 s
[INFO] Finished at: 2023-06-11T11:13:52+02:00
[INFO] ------------------------------------------------------------------------

Security framework of XStream not initialized, XStream is probably vulnerable.

---------------------------------------------------
[LOG] Cleaned targets with ['mvn', 'clean']
[INFO] Scanning for projects...
[WARNING] 
[WARNING] Some problems were encountered while building the effective model for com.graphhopper:rick-major:jar:5.3
[WARNING] 'dependencies.dependency.(groupId:artifactId:type:classifier)' must be unique: com.graphhopper:graphhopper-web:jar -> duplicate declaration of version 5.3 @ line 79, column 17
[WARNING] 
[WARNING] It is highly recommended to fix these problems because they threaten the stability of your build.
[WARNING] 
[WARNING] For this reason, future Maven versions might no longer support building such malformed projects.
[WARNING] 
[INFO] 
[INFO] ---------------------< com.graphhopper:rick-major >---------------------
[INFO] Building rick-major 5.3
[INFO] --------------------------------[ jar ]---------------------------------
[INFO] 
[INFO] --- maven-clean-plugin:2.5:clean (default-clean) @ rick-major ---
[INFO] Deleting /home/dee/dev/rick-major-review/graphhopper/rick-major/target
[INFO] ------------------------------------------------------------------------
[INFO] BUILD SUCCESS
[INFO] ------------------------------------------------------------------------
[INFO] Total time:  1.041 s
[INFO] Finished at: 2023-06-11T11:13:58+02:00
[INFO] ------------------------------------------------------------------------


---------------------------------------------------
[LOG] In experiment directory /home/dee/dev/rick-experiments/mutation-analysis
---------------------------------------------------
---------------------------------------------------
[LOG] Resetting IntEncodedValueImpl.java to original
[LOG] Invoking cp ./IntEncodedValueImpl.java/original.java /home/dee/dev/rick-major-review/graphhopper/core/src/main/java/com/graphhopper/routing/ev/IntEncodedValueImpl.java
---------------------------------------------------
[LOG] Replacing originalIntEncodedValueImpl.java with ./IntEncodedValueImpl.java/73.java
[LOG] Invoking cp ./IntEncodedValueImpl.java/73.java /home/dee/dev/rick-major-review/graphhopper/core/src/main/java/com/graphhopper/routing/ev/IntEncodedValueImpl.java
[LOG] Invoked a clean install of the parent module with ['mvn', 'clean', 'install', '-DskipTests']
[INFO] Scanning for projects...
[INFO] 
[INFO] ------------------< com.graphhopper:graphhopper-core >------------------
[INFO] Building GraphHopper Core 5.3
[INFO] --------------------------------[ jar ]---------------------------------
[INFO] 
[INFO] --- maven-clean-plugin:2.5:clean (default-clean) @ graphhopper-core ---
[INFO] Deleting /home/dee/dev/rick-major-review/graphhopper/core/target
[INFO] 
[INFO] --- git-commit-id-plugin:3.0.0:revision (default) @ graphhopper-core ---
[INFO] 
[INFO] --- maven-resources-plugin:2.6:resources (default-resources) @ graphhopper-core ---
[INFO] Using 'UTF-8' encoding to copy filtered resources.
[INFO] Copying 3 resources
[INFO] Copying 52 resources
[INFO] 
[INFO] --- maven-compiler-plugin:3.8.1:compile (default-compile) @ graphhopper-core ---
[INFO] Changes detected - recompiling the module!
[INFO] Compiling 406 source files to /home/dee/dev/rick-major-review/graphhopper/core/target/classes
[INFO] 
[INFO] --- maven-resources-plugin:2.6:testResources (default-testResources) @ graphhopper-core ---
[INFO] Using 'UTF-8' encoding to copy filtered resources.
[INFO] Copying 37 resources
[INFO] 
[INFO] --- maven-compiler-plugin:3.8.1:testCompile (default-testCompile) @ graphhopper-core ---
[INFO] Changes detected - recompiling the module!
[INFO] Compiling 184 source files to /home/dee/dev/rick-major-review/graphhopper/core/target/test-classes
[INFO] 
[INFO] --- maven-surefire-plugin:2.22.2:test (default-test) @ graphhopper-core ---
[INFO] Tests are skipped.
[INFO] 
[INFO] --- maven-jar-plugin:3.1.1:jar (default-jar) @ graphhopper-core ---
[INFO] Building jar: /home/dee/dev/rick-major-review/graphhopper/core/target/graphhopper-core-5.3.jar
[INFO] 
[INFO] --- maven-jar-plugin:3.1.1:test-jar (default) @ graphhopper-core ---
[INFO] Building jar: /home/dee/dev/rick-major-review/graphhopper/core/target/graphhopper-core-5.3-tests.jar
[INFO] 
[INFO] --- maven-failsafe-plugin:2.22.2:integration-test (default) @ graphhopper-core ---
[INFO] Tests are skipped.
[INFO] 
[INFO] --- maven-failsafe-plugin:2.22.2:verify (default) @ graphhopper-core ---
[INFO] Tests are skipped.
[INFO] 
[INFO] --- maven-install-plugin:2.4:install (default-install) @ graphhopper-core ---
[INFO] Installing /home/dee/dev/rick-major-review/graphhopper/core/target/graphhopper-core-5.3.jar to /home/dee/.m2/repository/com/graphhopper/graphhopper-core/5.3/graphhopper-core-5.3.jar
[INFO] Installing /home/dee/dev/rick-major-review/graphhopper/core/pom.xml to /home/dee/.m2/repository/com/graphhopper/graphhopper-core/5.3/graphhopper-core-5.3.pom
[INFO] Installing /home/dee/dev/rick-major-review/graphhopper/core/target/graphhopper-core-5.3-tests.jar to /home/dee/.m2/repository/com/graphhopper/graphhopper-core/5.3/graphhopper-core-5.3-tests.jar
[INFO] ------------------------------------------------------------------------
[INFO] BUILD SUCCESS
[INFO] ------------------------------------------------------------------------
[INFO] Total time:  45.259 s
[INFO] Finished at: 2023-06-11T11:14:47+02:00
[INFO] ------------------------------------------------------------------------


---------------------------------------------------
[BASELINE] Not evaluating any oracle
[LOG] Replacing original RICK test with variant baseline
[LOG] Invoking cp /home/dee/dev/rick-experiments/mutation-analysis/output/EncodedValue_InitializerConfig_init_EncodedValue_InitializerConfig/test-baseline.java /home/dee/dev/rick-major-review/graphhopper/rick-major/src/test/java/com/graphhopper/routing/ev/TestIntEncodedValueImplRickGen.java
[LOG] In test module directory /home/dee/dev/rick-major-review/graphhopper/rick-major
[LOG] Invoked tests with ['mvn', 'test', '-Dtest=TestIntEncodedValueImplRickGen']
[INFO] Scanning for projects...
[WARNING] 
[WARNING] Some problems were encountered while building the effective model for com.graphhopper:rick-major:jar:5.3
[WARNING] 'dependencies.dependency.(groupId:artifactId:type:classifier)' must be unique: com.graphhopper:graphhopper-web:jar -> duplicate declaration of version 5.3 @ line 79, column 17
[WARNING] 
[WARNING] It is highly recommended to fix these problems because they threaten the stability of your build.
[WARNING] 
[WARNING] For this reason, future Maven versions might no longer support building such malformed projects.
[WARNING] 
[INFO] 
[INFO] ---------------------< com.graphhopper:rick-major >---------------------
[INFO] Building rick-major 5.3
[INFO] --------------------------------[ jar ]---------------------------------
[INFO] 
[INFO] --- maven-resources-plugin:2.6:resources (default-resources) @ rick-major ---
[INFO] Using 'UTF-8' encoding to copy filtered resources.
[INFO] Copying 0 resource
[INFO] 
[INFO] --- maven-compiler-plugin:3.8.1:compile (default-compile) @ rick-major ---
[INFO] Nothing to compile - all classes are up to date
[INFO] 
[INFO] --- maven-resources-plugin:2.6:testResources (default-testResources) @ rick-major ---
[INFO] Using 'UTF-8' encoding to copy filtered resources.
[INFO] Copying 26 resources
[INFO] 
[INFO] --- maven-compiler-plugin:3.8.1:testCompile (default-testCompile) @ rick-major ---
[INFO] Changes detected - recompiling the module!
[INFO] Compiling 15 source files to /home/dee/dev/rick-major-review/graphhopper/rick-major/target/test-classes
[INFO] 
[INFO] --- maven-surefire-plugin:2.22.2:test (default-test) @ rick-major ---
[INFO] 
[INFO] -------------------------------------------------------
[INFO]  T E S T S
[INFO] -------------------------------------------------------
[INFO] Running com.graphhopper.routing.ev.TestIntEncodedValueImplRickGen
[ERROR] Tests run: 3, Failures: 0, Errors: 3, Skipped: 0, Time elapsed: 3.311 s <<< FAILURE! - in com.graphhopper.routing.ev.TestIntEncodedValueImplRickGen
[ERROR] test_init_PO_662703e4e83742d7975c6e2c1fcd6053  Time elapsed: 2.438 s  <<< ERROR!
java.lang.NullPointerException
	at com.graphhopper.routing.ev.TestIntEncodedValueImplRickGen.test_init_PO_662703e4e83742d7975c6e2c1fcd6053(TestIntEncodedValueImplRickGen.java:52)

[ERROR] test_init_OO_662703e4e83742d7975c6e2c1fcd6053  Time elapsed: 0.027 s  <<< ERROR!
java.lang.NullPointerException
	at com.graphhopper.routing.ev.TestIntEncodedValueImplRickGen.test_init_OO_662703e4e83742d7975c6e2c1fcd6053(TestIntEncodedValueImplRickGen.java:40)

[ERROR] test_init_CO_662703e4e83742d7975c6e2c1fcd6053  Time elapsed: 0.019 s  <<< ERROR!
java.lang.NullPointerException
	at com.graphhopper.routing.ev.TestIntEncodedValueImplRickGen.test_init_CO_662703e4e83742d7975c6e2c1fcd6053(TestIntEncodedValueImplRickGen.java:64)

[INFO] 
[INFO] Results:
[INFO] 
[ERROR] Errors: 
[ERROR]   TestIntEncodedValueImplRickGen.test_init_CO_662703e4e83742d7975c6e2c1fcd6053:64 » NullPointer
[ERROR]   TestIntEncodedValueImplRickGen.test_init_OO_662703e4e83742d7975c6e2c1fcd6053:40 » NullPointer
[ERROR]   TestIntEncodedValueImplRickGen.test_init_PO_662703e4e83742d7975c6e2c1fcd6053:52 » NullPointer
[INFO] 
[ERROR] Tests run: 3, Failures: 0, Errors: 3, Skipped: 0
[INFO] 
[INFO] ------------------------------------------------------------------------
[INFO] BUILD FAILURE
[INFO] ------------------------------------------------------------------------
[INFO] Total time:  14.285 s
[INFO] Finished at: 2023-06-11T11:15:05+02:00
[INFO] ------------------------------------------------------------------------
[ERROR] Failed to execute goal org.apache.maven.plugins:maven-surefire-plugin:2.22.2:test (default-test) on project rick-major: There are test failures.
[ERROR] 
[ERROR] Please refer to /home/dee/dev/rick-major-review/graphhopper/rick-major/target/surefire-reports for the individual test results.
[ERROR] Please refer to dump files (if any exist) [date].dump, [date]-jvmRun[N].dump and [date].dumpstream.
[ERROR] -> [Help 1]
[ERROR] 
[ERROR] To see the full stack trace of the errors, re-run Maven with the -e switch.
[ERROR] Re-run Maven using the -X switch to enable full debug logging.
[ERROR] 
[ERROR] For more information about the errors and possible solutions, please read the following articles:
[ERROR] [Help 1] http://cwiki.apache.org/confluence/display/MAVEN/MojoFailureException

Security framework of XStream not initialized, XStream is probably vulnerable.

---------------------------------------------------
[LOG] Cleaned targets with ['mvn', 'clean']
[INFO] Scanning for projects...
[WARNING] 
[WARNING] Some problems were encountered while building the effective model for com.graphhopper:rick-major:jar:5.3
[WARNING] 'dependencies.dependency.(groupId:artifactId:type:classifier)' must be unique: com.graphhopper:graphhopper-web:jar -> duplicate declaration of version 5.3 @ line 79, column 17
[WARNING] 
[WARNING] It is highly recommended to fix these problems because they threaten the stability of your build.
[WARNING] 
[WARNING] For this reason, future Maven versions might no longer support building such malformed projects.
[WARNING] 
[INFO] 
[INFO] ---------------------< com.graphhopper:rick-major >---------------------
[INFO] Building rick-major 5.3
[INFO] --------------------------------[ jar ]---------------------------------
[INFO] 
[INFO] --- maven-clean-plugin:2.5:clean (default-clean) @ rick-major ---
[INFO] Deleting /home/dee/dev/rick-major-review/graphhopper/rick-major/target
[INFO] ------------------------------------------------------------------------
[INFO] BUILD SUCCESS
[INFO] ------------------------------------------------------------------------
[INFO] Total time:  0.805 s
[INFO] Finished at: 2023-06-11T11:15:09+02:00
[INFO] ------------------------------------------------------------------------


---------------------------------------------------
[LOG] In experiment directory /home/dee/dev/rick-experiments/mutation-analysis
---------------------------------------------------
[LOG] Restoring original RICK test from ./IntEncodedValueImpl.java/original-test.java
[LOG] Invoking cp ./IntEncodedValueImpl.java/original-test.java /home/dee/dev/rick-major-review/graphhopper/rick-major/src/test/java/com/graphhopper/routing/ev/TestIntEncodedValueImplRickGen.java
---------------------------------------------------
[OO] Evaluating only OO
[LOG] Replacing original RICK test with variant oo
[LOG] Invoking cp /home/dee/dev/rick-experiments/mutation-analysis/output/EncodedValue_InitializerConfig_init_EncodedValue_InitializerConfig/test-oo.java /home/dee/dev/rick-major-review/graphhopper/rick-major/src/test/java/com/graphhopper/routing/ev/TestIntEncodedValueImplRickGen.java
[LOG] In test module directory /home/dee/dev/rick-major-review/graphhopper/rick-major
[LOG] Invoked tests with ['mvn', 'test', '-Dtest=TestIntEncodedValueImplRickGen']
[INFO] Scanning for projects...
[WARNING] 
[WARNING] Some problems were encountered while building the effective model for com.graphhopper:rick-major:jar:5.3
[WARNING] 'dependencies.dependency.(groupId:artifactId:type:classifier)' must be unique: com.graphhopper:graphhopper-web:jar -> duplicate declaration of version 5.3 @ line 79, column 17
[WARNING] 
[WARNING] It is highly recommended to fix these problems because they threaten the stability of your build.
[WARNING] 
[WARNING] For this reason, future Maven versions might no longer support building such malformed projects.
[WARNING] 
[INFO] 
[INFO] ---------------------< com.graphhopper:rick-major >---------------------
[INFO] Building rick-major 5.3
[INFO] --------------------------------[ jar ]---------------------------------
[INFO] 
[INFO] --- maven-resources-plugin:2.6:resources (default-resources) @ rick-major ---
[INFO] Using 'UTF-8' encoding to copy filtered resources.
[INFO] Copying 0 resource
[INFO] 
[INFO] --- maven-compiler-plugin:3.8.1:compile (default-compile) @ rick-major ---
[INFO] Nothing to compile - all classes are up to date
[INFO] 
[INFO] --- maven-resources-plugin:2.6:testResources (default-testResources) @ rick-major ---
[INFO] Using 'UTF-8' encoding to copy filtered resources.
[INFO] Copying 26 resources
[INFO] 
[INFO] --- maven-compiler-plugin:3.8.1:testCompile (default-testCompile) @ rick-major ---
[INFO] Changes detected - recompiling the module!
[INFO] Compiling 15 source files to /home/dee/dev/rick-major-review/graphhopper/rick-major/target/test-classes
[INFO] 
[INFO] --- maven-surefire-plugin:2.22.2:test (default-test) @ rick-major ---
[INFO] 
[INFO] -------------------------------------------------------
[INFO]  T E S T S
[INFO] -------------------------------------------------------
[INFO] Running com.graphhopper.routing.ev.TestIntEncodedValueImplRickGen
[ERROR] Tests run: 3, Failures: 0, Errors: 3, Skipped: 0, Time elapsed: 3.233 s <<< FAILURE! - in com.graphhopper.routing.ev.TestIntEncodedValueImplRickGen
[ERROR] test_init_PO_662703e4e83742d7975c6e2c1fcd6053  Time elapsed: 2.43 s  <<< ERROR!
java.lang.NullPointerException
	at com.graphhopper.routing.ev.TestIntEncodedValueImplRickGen.test_init_PO_662703e4e83742d7975c6e2c1fcd6053(TestIntEncodedValueImplRickGen.java:52)

[ERROR] test_init_OO_662703e4e83742d7975c6e2c1fcd6053  Time elapsed: 0.02 s  <<< ERROR!
java.lang.NullPointerException
	at com.graphhopper.routing.ev.TestIntEncodedValueImplRickGen.test_init_OO_662703e4e83742d7975c6e2c1fcd6053(TestIntEncodedValueImplRickGen.java:40)

[ERROR] test_init_CO_662703e4e83742d7975c6e2c1fcd6053  Time elapsed: 0.016 s  <<< ERROR!
java.lang.NullPointerException
	at com.graphhopper.routing.ev.TestIntEncodedValueImplRickGen.test_init_CO_662703e4e83742d7975c6e2c1fcd6053(TestIntEncodedValueImplRickGen.java:64)

[INFO] 
[INFO] Results:
[INFO] 
[ERROR] Errors: 
[ERROR]   TestIntEncodedValueImplRickGen.test_init_CO_662703e4e83742d7975c6e2c1fcd6053:64 » NullPointer
[ERROR]   TestIntEncodedValueImplRickGen.test_init_OO_662703e4e83742d7975c6e2c1fcd6053:40 » NullPointer
[ERROR]   TestIntEncodedValueImplRickGen.test_init_PO_662703e4e83742d7975c6e2c1fcd6053:52 » NullPointer
[INFO] 
[ERROR] Tests run: 3, Failures: 0, Errors: 3, Skipped: 0
[INFO] 
[INFO] ------------------------------------------------------------------------
[INFO] BUILD FAILURE
[INFO] ------------------------------------------------------------------------
[INFO] Total time:  13.860 s
[INFO] Finished at: 2023-06-11T11:15:27+02:00
[INFO] ------------------------------------------------------------------------
[ERROR] Failed to execute goal org.apache.maven.plugins:maven-surefire-plugin:2.22.2:test (default-test) on project rick-major: There are test failures.
[ERROR] 
[ERROR] Please refer to /home/dee/dev/rick-major-review/graphhopper/rick-major/target/surefire-reports for the individual test results.
[ERROR] Please refer to dump files (if any exist) [date].dump, [date]-jvmRun[N].dump and [date].dumpstream.
[ERROR] -> [Help 1]
[ERROR] 
[ERROR] To see the full stack trace of the errors, re-run Maven with the -e switch.
[ERROR] Re-run Maven using the -X switch to enable full debug logging.
[ERROR] 
[ERROR] For more information about the errors and possible solutions, please read the following articles:
[ERROR] [Help 1] http://cwiki.apache.org/confluence/display/MAVEN/MojoFailureException

Security framework of XStream not initialized, XStream is probably vulnerable.

---------------------------------------------------
[LOG] Cleaned targets with ['mvn', 'clean']
[INFO] Scanning for projects...
[WARNING] 
[WARNING] Some problems were encountered while building the effective model for com.graphhopper:rick-major:jar:5.3
[WARNING] 'dependencies.dependency.(groupId:artifactId:type:classifier)' must be unique: com.graphhopper:graphhopper-web:jar -> duplicate declaration of version 5.3 @ line 79, column 17
[WARNING] 
[WARNING] It is highly recommended to fix these problems because they threaten the stability of your build.
[WARNING] 
[WARNING] For this reason, future Maven versions might no longer support building such malformed projects.
[WARNING] 
[INFO] 
[INFO] ---------------------< com.graphhopper:rick-major >---------------------
[INFO] Building rick-major 5.3
[INFO] --------------------------------[ jar ]---------------------------------
[INFO] 
[INFO] --- maven-clean-plugin:2.5:clean (default-clean) @ rick-major ---
[INFO] Deleting /home/dee/dev/rick-major-review/graphhopper/rick-major/target
[INFO] ------------------------------------------------------------------------
[INFO] BUILD SUCCESS
[INFO] ------------------------------------------------------------------------
[INFO] Total time:  0.821 s
[INFO] Finished at: 2023-06-11T11:15:32+02:00
[INFO] ------------------------------------------------------------------------


---------------------------------------------------
[LOG] In experiment directory /home/dee/dev/rick-experiments/mutation-analysis
---------------------------------------------------
[LOG] Restoring original RICK test from ./IntEncodedValueImpl.java/original-test.java
[LOG] Invoking cp ./IntEncodedValueImpl.java/original-test.java /home/dee/dev/rick-major-review/graphhopper/rick-major/src/test/java/com/graphhopper/routing/ev/TestIntEncodedValueImplRickGen.java
---------------------------------------------------
[PO] Evaluating only PO
[LOG] Replacing original RICK test with variant po
[LOG] Invoking cp /home/dee/dev/rick-experiments/mutation-analysis/output/EncodedValue_InitializerConfig_init_EncodedValue_InitializerConfig/test-po.java /home/dee/dev/rick-major-review/graphhopper/rick-major/src/test/java/com/graphhopper/routing/ev/TestIntEncodedValueImplRickGen.java
[LOG] In test module directory /home/dee/dev/rick-major-review/graphhopper/rick-major
[LOG] Invoked tests with ['mvn', 'test', '-Dtest=TestIntEncodedValueImplRickGen']
[INFO] Scanning for projects...
[WARNING] 
[WARNING] Some problems were encountered while building the effective model for com.graphhopper:rick-major:jar:5.3
[WARNING] 'dependencies.dependency.(groupId:artifactId:type:classifier)' must be unique: com.graphhopper:graphhopper-web:jar -> duplicate declaration of version 5.3 @ line 79, column 17
[WARNING] 
[WARNING] It is highly recommended to fix these problems because they threaten the stability of your build.
[WARNING] 
[WARNING] For this reason, future Maven versions might no longer support building such malformed projects.
[WARNING] 
[INFO] 
[INFO] ---------------------< com.graphhopper:rick-major >---------------------
[INFO] Building rick-major 5.3
[INFO] --------------------------------[ jar ]---------------------------------
[INFO] 
[INFO] --- maven-resources-plugin:2.6:resources (default-resources) @ rick-major ---
[INFO] Using 'UTF-8' encoding to copy filtered resources.
[INFO] Copying 0 resource
[INFO] 
[INFO] --- maven-compiler-plugin:3.8.1:compile (default-compile) @ rick-major ---
[INFO] Nothing to compile - all classes are up to date
[INFO] 
[INFO] --- maven-resources-plugin:2.6:testResources (default-testResources) @ rick-major ---
[INFO] Using 'UTF-8' encoding to copy filtered resources.
[INFO] Copying 26 resources
[INFO] 
[INFO] --- maven-compiler-plugin:3.8.1:testCompile (default-testCompile) @ rick-major ---
[INFO] Changes detected - recompiling the module!
[INFO] Compiling 15 source files to /home/dee/dev/rick-major-review/graphhopper/rick-major/target/test-classes
[INFO] 
[INFO] --- maven-surefire-plugin:2.22.2:test (default-test) @ rick-major ---
[INFO] 
[INFO] -------------------------------------------------------
[INFO]  T E S T S
[INFO] -------------------------------------------------------
[INFO] Running com.graphhopper.routing.ev.TestIntEncodedValueImplRickGen
[ERROR] Tests run: 3, Failures: 0, Errors: 3, Skipped: 0, Time elapsed: 3.294 s <<< FAILURE! - in com.graphhopper.routing.ev.TestIntEncodedValueImplRickGen
[ERROR] test_init_PO_662703e4e83742d7975c6e2c1fcd6053  Time elapsed: 2.517 s  <<< ERROR!
java.lang.NullPointerException
	at com.graphhopper.routing.ev.TestIntEncodedValueImplRickGen.test_init_PO_662703e4e83742d7975c6e2c1fcd6053(TestIntEncodedValueImplRickGen.java:52)

[ERROR] test_init_OO_662703e4e83742d7975c6e2c1fcd6053  Time elapsed: 0.017 s  <<< ERROR!
java.lang.NullPointerException
	at com.graphhopper.routing.ev.TestIntEncodedValueImplRickGen.test_init_OO_662703e4e83742d7975c6e2c1fcd6053(TestIntEncodedValueImplRickGen.java:40)

[ERROR] test_init_CO_662703e4e83742d7975c6e2c1fcd6053  Time elapsed: 0.016 s  <<< ERROR!
java.lang.NullPointerException
	at com.graphhopper.routing.ev.TestIntEncodedValueImplRickGen.test_init_CO_662703e4e83742d7975c6e2c1fcd6053(TestIntEncodedValueImplRickGen.java:64)

[INFO] 
[INFO] Results:
[INFO] 
[ERROR] Errors: 
[ERROR]   TestIntEncodedValueImplRickGen.test_init_CO_662703e4e83742d7975c6e2c1fcd6053:64 » NullPointer
[ERROR]   TestIntEncodedValueImplRickGen.test_init_OO_662703e4e83742d7975c6e2c1fcd6053:40 » NullPointer
[ERROR]   TestIntEncodedValueImplRickGen.test_init_PO_662703e4e83742d7975c6e2c1fcd6053:52 » NullPointer
[INFO] 
[ERROR] Tests run: 3, Failures: 0, Errors: 3, Skipped: 0
[INFO] 
[INFO] ------------------------------------------------------------------------
[INFO] BUILD FAILURE
[INFO] ------------------------------------------------------------------------
[INFO] Total time:  13.926 s
[INFO] Finished at: 2023-06-11T11:15:49+02:00
[INFO] ------------------------------------------------------------------------
[ERROR] Failed to execute goal org.apache.maven.plugins:maven-surefire-plugin:2.22.2:test (default-test) on project rick-major: There are test failures.
[ERROR] 
[ERROR] Please refer to /home/dee/dev/rick-major-review/graphhopper/rick-major/target/surefire-reports for the individual test results.
[ERROR] Please refer to dump files (if any exist) [date].dump, [date]-jvmRun[N].dump and [date].dumpstream.
[ERROR] -> [Help 1]
[ERROR] 
[ERROR] To see the full stack trace of the errors, re-run Maven with the -e switch.
[ERROR] Re-run Maven using the -X switch to enable full debug logging.
[ERROR] 
[ERROR] For more information about the errors and possible solutions, please read the following articles:
[ERROR] [Help 1] http://cwiki.apache.org/confluence/display/MAVEN/MojoFailureException

Security framework of XStream not initialized, XStream is probably vulnerable.

---------------------------------------------------
[LOG] Cleaned targets with ['mvn', 'clean']
[INFO] Scanning for projects...
[WARNING] 
[WARNING] Some problems were encountered while building the effective model for com.graphhopper:rick-major:jar:5.3
[WARNING] 'dependencies.dependency.(groupId:artifactId:type:classifier)' must be unique: com.graphhopper:graphhopper-web:jar -> duplicate declaration of version 5.3 @ line 79, column 17
[WARNING] 
[WARNING] It is highly recommended to fix these problems because they threaten the stability of your build.
[WARNING] 
[WARNING] For this reason, future Maven versions might no longer support building such malformed projects.
[WARNING] 
[INFO] 
[INFO] ---------------------< com.graphhopper:rick-major >---------------------
[INFO] Building rick-major 5.3
[INFO] --------------------------------[ jar ]---------------------------------
[INFO] 
[INFO] --- maven-clean-plugin:2.5:clean (default-clean) @ rick-major ---
[INFO] Deleting /home/dee/dev/rick-major-review/graphhopper/rick-major/target
[INFO] ------------------------------------------------------------------------
[INFO] BUILD SUCCESS
[INFO] ------------------------------------------------------------------------
[INFO] Total time:  0.983 s
[INFO] Finished at: 2023-06-11T11:15:54+02:00
[INFO] ------------------------------------------------------------------------


---------------------------------------------------
[LOG] In experiment directory /home/dee/dev/rick-experiments/mutation-analysis
---------------------------------------------------
[LOG] Restoring original RICK test from ./IntEncodedValueImpl.java/original-test.java
[LOG] Invoking cp ./IntEncodedValueImpl.java/original-test.java /home/dee/dev/rick-major-review/graphhopper/rick-major/src/test/java/com/graphhopper/routing/ev/TestIntEncodedValueImplRickGen.java
---------------------------------------------------
[CO] Evaluating only CO
[LOG] Replacing original RICK test with variant co
[LOG] Invoking cp /home/dee/dev/rick-experiments/mutation-analysis/output/EncodedValue_InitializerConfig_init_EncodedValue_InitializerConfig/test-co.java /home/dee/dev/rick-major-review/graphhopper/rick-major/src/test/java/com/graphhopper/routing/ev/TestIntEncodedValueImplRickGen.java
[LOG] In test module directory /home/dee/dev/rick-major-review/graphhopper/rick-major
[LOG] Invoked tests with ['mvn', 'test', '-Dtest=TestIntEncodedValueImplRickGen']
[INFO] Scanning for projects...
[WARNING] 
[WARNING] Some problems were encountered while building the effective model for com.graphhopper:rick-major:jar:5.3
[WARNING] 'dependencies.dependency.(groupId:artifactId:type:classifier)' must be unique: com.graphhopper:graphhopper-web:jar -> duplicate declaration of version 5.3 @ line 79, column 17
[WARNING] 
[WARNING] It is highly recommended to fix these problems because they threaten the stability of your build.
[WARNING] 
[WARNING] For this reason, future Maven versions might no longer support building such malformed projects.
[WARNING] 
[INFO] 
[INFO] ---------------------< com.graphhopper:rick-major >---------------------
[INFO] Building rick-major 5.3
[INFO] --------------------------------[ jar ]---------------------------------
[INFO] 
[INFO] --- maven-resources-plugin:2.6:resources (default-resources) @ rick-major ---
[INFO] Using 'UTF-8' encoding to copy filtered resources.
[INFO] Copying 0 resource
[INFO] 
[INFO] --- maven-compiler-plugin:3.8.1:compile (default-compile) @ rick-major ---
[INFO] Nothing to compile - all classes are up to date
[INFO] 
[INFO] --- maven-resources-plugin:2.6:testResources (default-testResources) @ rick-major ---
[INFO] Using 'UTF-8' encoding to copy filtered resources.
[INFO] Copying 26 resources
[INFO] 
[INFO] --- maven-compiler-plugin:3.8.1:testCompile (default-testCompile) @ rick-major ---
[INFO] Changes detected - recompiling the module!
[INFO] Compiling 15 source files to /home/dee/dev/rick-major-review/graphhopper/rick-major/target/test-classes
[INFO] 
[INFO] --- maven-surefire-plugin:2.22.2:test (default-test) @ rick-major ---
[INFO] 
[INFO] -------------------------------------------------------
[INFO]  T E S T S
[INFO] -------------------------------------------------------
[INFO] Running com.graphhopper.routing.ev.TestIntEncodedValueImplRickGen
[ERROR] Tests run: 3, Failures: 0, Errors: 3, Skipped: 0, Time elapsed: 3.244 s <<< FAILURE! - in com.graphhopper.routing.ev.TestIntEncodedValueImplRickGen
[ERROR] test_init_PO_662703e4e83742d7975c6e2c1fcd6053  Time elapsed: 2.466 s  <<< ERROR!
java.lang.NullPointerException
	at com.graphhopper.routing.ev.TestIntEncodedValueImplRickGen.test_init_PO_662703e4e83742d7975c6e2c1fcd6053(TestIntEncodedValueImplRickGen.java:52)

[ERROR] test_init_OO_662703e4e83742d7975c6e2c1fcd6053  Time elapsed: 0.022 s  <<< ERROR!
java.lang.NullPointerException
	at com.graphhopper.routing.ev.TestIntEncodedValueImplRickGen.test_init_OO_662703e4e83742d7975c6e2c1fcd6053(TestIntEncodedValueImplRickGen.java:40)

[ERROR] test_init_CO_662703e4e83742d7975c6e2c1fcd6053  Time elapsed: 0.018 s  <<< ERROR!
java.lang.NullPointerException
	at com.graphhopper.routing.ev.TestIntEncodedValueImplRickGen.test_init_CO_662703e4e83742d7975c6e2c1fcd6053(TestIntEncodedValueImplRickGen.java:64)

[INFO] 
[INFO] Results:
[INFO] 
[ERROR] Errors: 
[ERROR]   TestIntEncodedValueImplRickGen.test_init_CO_662703e4e83742d7975c6e2c1fcd6053:64 » NullPointer
[ERROR]   TestIntEncodedValueImplRickGen.test_init_OO_662703e4e83742d7975c6e2c1fcd6053:40 » NullPointer
[ERROR]   TestIntEncodedValueImplRickGen.test_init_PO_662703e4e83742d7975c6e2c1fcd6053:52 » NullPointer
[INFO] 
[ERROR] Tests run: 3, Failures: 0, Errors: 3, Skipped: 0
[INFO] 
[INFO] ------------------------------------------------------------------------
[INFO] BUILD FAILURE
[INFO] ------------------------------------------------------------------------
[INFO] Total time:  13.785 s
[INFO] Finished at: 2023-06-11T11:16:11+02:00
[INFO] ------------------------------------------------------------------------
[ERROR] Failed to execute goal org.apache.maven.plugins:maven-surefire-plugin:2.22.2:test (default-test) on project rick-major: There are test failures.
[ERROR] 
[ERROR] Please refer to /home/dee/dev/rick-major-review/graphhopper/rick-major/target/surefire-reports for the individual test results.
[ERROR] Please refer to dump files (if any exist) [date].dump, [date]-jvmRun[N].dump and [date].dumpstream.
[ERROR] -> [Help 1]
[ERROR] 
[ERROR] To see the full stack trace of the errors, re-run Maven with the -e switch.
[ERROR] Re-run Maven using the -X switch to enable full debug logging.
[ERROR] 
[ERROR] For more information about the errors and possible solutions, please read the following articles:
[ERROR] [Help 1] http://cwiki.apache.org/confluence/display/MAVEN/MojoFailureException

Security framework of XStream not initialized, XStream is probably vulnerable.

---------------------------------------------------
[LOG] Cleaned targets with ['mvn', 'clean']
[INFO] Scanning for projects...
[WARNING] 
[WARNING] Some problems were encountered while building the effective model for com.graphhopper:rick-major:jar:5.3
[WARNING] 'dependencies.dependency.(groupId:artifactId:type:classifier)' must be unique: com.graphhopper:graphhopper-web:jar -> duplicate declaration of version 5.3 @ line 79, column 17
[WARNING] 
[WARNING] It is highly recommended to fix these problems because they threaten the stability of your build.
[WARNING] 
[WARNING] For this reason, future Maven versions might no longer support building such malformed projects.
[WARNING] 
[INFO] 
[INFO] ---------------------< com.graphhopper:rick-major >---------------------
[INFO] Building rick-major 5.3
[INFO] --------------------------------[ jar ]---------------------------------
[INFO] 
[INFO] --- maven-clean-plugin:2.5:clean (default-clean) @ rick-major ---
[INFO] Deleting /home/dee/dev/rick-major-review/graphhopper/rick-major/target
[INFO] ------------------------------------------------------------------------
[INFO] BUILD SUCCESS
[INFO] ------------------------------------------------------------------------
[INFO] Total time:  0.899 s
[INFO] Finished at: 2023-06-11T11:16:16+02:00
[INFO] ------------------------------------------------------------------------


---------------------------------------------------
[LOG] In experiment directory /home/dee/dev/rick-experiments/mutation-analysis
---------------------------------------------------
[LOG] Restoring original RICK test from ./IntEncodedValueImpl.java/original-test.java
[LOG] Invoking cp ./IntEncodedValueImpl.java/original-test.java /home/dee/dev/rick-major-review/graphhopper/rick-major/src/test/java/com/graphhopper/routing/ev/TestIntEncodedValueImplRickGen.java
---------------------------------------------------
[ALL] Evaluating (OO +) PO + CO
[LOG] Restoring original RICK test from ./IntEncodedValueImpl.java/original-test.java
[LOG] Invoking cp ./IntEncodedValueImpl.java/original-test.java /home/dee/dev/rick-major-review/graphhopper/rick-major/src/test/java/com/graphhopper/routing/ev/TestIntEncodedValueImplRickGen.java
[LOG] In test module directory /home/dee/dev/rick-major-review/graphhopper/rick-major
[LOG] Invoked tests with ['mvn', 'test', '-Dtest=TestIntEncodedValueImplRickGen']
[INFO] Scanning for projects...
[WARNING] 
[WARNING] Some problems were encountered while building the effective model for com.graphhopper:rick-major:jar:5.3
[WARNING] 'dependencies.dependency.(groupId:artifactId:type:classifier)' must be unique: com.graphhopper:graphhopper-web:jar -> duplicate declaration of version 5.3 @ line 79, column 17
[WARNING] 
[WARNING] It is highly recommended to fix these problems because they threaten the stability of your build.
[WARNING] 
[WARNING] For this reason, future Maven versions might no longer support building such malformed projects.
[WARNING] 
[INFO] 
[INFO] ---------------------< com.graphhopper:rick-major >---------------------
[INFO] Building rick-major 5.3
[INFO] --------------------------------[ jar ]---------------------------------
[INFO] 
[INFO] --- maven-resources-plugin:2.6:resources (default-resources) @ rick-major ---
[INFO] Using 'UTF-8' encoding to copy filtered resources.
[INFO] Copying 0 resource
[INFO] 
[INFO] --- maven-compiler-plugin:3.8.1:compile (default-compile) @ rick-major ---
[INFO] Nothing to compile - all classes are up to date
[INFO] 
[INFO] --- maven-resources-plugin:2.6:testResources (default-testResources) @ rick-major ---
[INFO] Using 'UTF-8' encoding to copy filtered resources.
[INFO] Copying 26 resources
[INFO] 
[INFO] --- maven-compiler-plugin:3.8.1:testCompile (default-testCompile) @ rick-major ---
[INFO] Changes detected - recompiling the module!
[INFO] Compiling 15 source files to /home/dee/dev/rick-major-review/graphhopper/rick-major/target/test-classes
[INFO] 
[INFO] --- maven-surefire-plugin:2.22.2:test (default-test) @ rick-major ---
[INFO] 
[INFO] -------------------------------------------------------
[INFO]  T E S T S
[INFO] -------------------------------------------------------
[INFO] Running com.graphhopper.routing.ev.TestIntEncodedValueImplRickGen
[ERROR] Tests run: 3, Failures: 0, Errors: 3, Skipped: 0, Time elapsed: 3.179 s <<< FAILURE! - in com.graphhopper.routing.ev.TestIntEncodedValueImplRickGen
[ERROR] test_init_PO_662703e4e83742d7975c6e2c1fcd6053  Time elapsed: 2.404 s  <<< ERROR!
java.lang.NullPointerException
	at com.graphhopper.routing.ev.TestIntEncodedValueImplRickGen.test_init_PO_662703e4e83742d7975c6e2c1fcd6053(TestIntEncodedValueImplRickGen.java:52)

[ERROR] test_init_OO_662703e4e83742d7975c6e2c1fcd6053  Time elapsed: 0.03 s  <<< ERROR!
java.lang.NullPointerException
	at com.graphhopper.routing.ev.TestIntEncodedValueImplRickGen.test_init_OO_662703e4e83742d7975c6e2c1fcd6053(TestIntEncodedValueImplRickGen.java:40)

[ERROR] test_init_CO_662703e4e83742d7975c6e2c1fcd6053  Time elapsed: 0.023 s  <<< ERROR!
java.lang.NullPointerException
	at com.graphhopper.routing.ev.TestIntEncodedValueImplRickGen.test_init_CO_662703e4e83742d7975c6e2c1fcd6053(TestIntEncodedValueImplRickGen.java:64)

[INFO] 
[INFO] Results:
[INFO] 
[ERROR] Errors: 
[ERROR]   TestIntEncodedValueImplRickGen.test_init_CO_662703e4e83742d7975c6e2c1fcd6053:64 » NullPointer
[ERROR]   TestIntEncodedValueImplRickGen.test_init_OO_662703e4e83742d7975c6e2c1fcd6053:40 » NullPointer
[ERROR]   TestIntEncodedValueImplRickGen.test_init_PO_662703e4e83742d7975c6e2c1fcd6053:52 » NullPointer
[INFO] 
[ERROR] Tests run: 3, Failures: 0, Errors: 3, Skipped: 0
[INFO] 
[INFO] ------------------------------------------------------------------------
[INFO] BUILD FAILURE
[INFO] ------------------------------------------------------------------------
[INFO] Total time:  13.950 s
[INFO] Finished at: 2023-06-11T11:16:33+02:00
[INFO] ------------------------------------------------------------------------
[ERROR] Failed to execute goal org.apache.maven.plugins:maven-surefire-plugin:2.22.2:test (default-test) on project rick-major: There are test failures.
[ERROR] 
[ERROR] Please refer to /home/dee/dev/rick-major-review/graphhopper/rick-major/target/surefire-reports for the individual test results.
[ERROR] Please refer to dump files (if any exist) [date].dump, [date]-jvmRun[N].dump and [date].dumpstream.
[ERROR] -> [Help 1]
[ERROR] 
[ERROR] To see the full stack trace of the errors, re-run Maven with the -e switch.
[ERROR] Re-run Maven using the -X switch to enable full debug logging.
[ERROR] 
[ERROR] For more information about the errors and possible solutions, please read the following articles:
[ERROR] [Help 1] http://cwiki.apache.org/confluence/display/MAVEN/MojoFailureException

Security framework of XStream not initialized, XStream is probably vulnerable.

---------------------------------------------------
[LOG] Cleaned targets with ['mvn', 'clean']
[INFO] Scanning for projects...
[WARNING] 
[WARNING] Some problems were encountered while building the effective model for com.graphhopper:rick-major:jar:5.3
[WARNING] 'dependencies.dependency.(groupId:artifactId:type:classifier)' must be unique: com.graphhopper:graphhopper-web:jar -> duplicate declaration of version 5.3 @ line 79, column 17
[WARNING] 
[WARNING] It is highly recommended to fix these problems because they threaten the stability of your build.
[WARNING] 
[WARNING] For this reason, future Maven versions might no longer support building such malformed projects.
[WARNING] 
[INFO] 
[INFO] ---------------------< com.graphhopper:rick-major >---------------------
[INFO] Building rick-major 5.3
[INFO] --------------------------------[ jar ]---------------------------------
[INFO] 
[INFO] --- maven-clean-plugin:2.5:clean (default-clean) @ rick-major ---
[INFO] Deleting /home/dee/dev/rick-major-review/graphhopper/rick-major/target
[INFO] ------------------------------------------------------------------------
[INFO] BUILD SUCCESS
[INFO] ------------------------------------------------------------------------
[INFO] Total time:  0.807 s
[INFO] Finished at: 2023-06-11T11:16:37+02:00
[INFO] ------------------------------------------------------------------------


---------------------------------------------------
[LOG] In experiment directory /home/dee/dev/rick-experiments/mutation-analysis
---------------------------------------------------
---------------------------------------------------
[LOG] Resetting IntEncodedValueImpl.java to original
[LOG] Invoking cp ./IntEncodedValueImpl.java/original.java /home/dee/dev/rick-major-review/graphhopper/core/src/main/java/com/graphhopper/routing/ev/IntEncodedValueImpl.java
---------------------------------------------------
[LOG] Replacing originalIntEncodedValueImpl.java with ./IntEncodedValueImpl.java/88.java
[LOG] Invoking cp ./IntEncodedValueImpl.java/88.java /home/dee/dev/rick-major-review/graphhopper/core/src/main/java/com/graphhopper/routing/ev/IntEncodedValueImpl.java
[LOG] Invoked a clean install of the parent module with ['mvn', 'clean', 'install', '-DskipTests']
[INFO] Scanning for projects...
[INFO] 
[INFO] ------------------< com.graphhopper:graphhopper-core >------------------
[INFO] Building GraphHopper Core 5.3
[INFO] --------------------------------[ jar ]---------------------------------
[INFO] 
[INFO] --- maven-clean-plugin:2.5:clean (default-clean) @ graphhopper-core ---
[INFO] Deleting /home/dee/dev/rick-major-review/graphhopper/core/target
[INFO] 
[INFO] --- git-commit-id-plugin:3.0.0:revision (default) @ graphhopper-core ---
[INFO] 
[INFO] --- maven-resources-plugin:2.6:resources (default-resources) @ graphhopper-core ---
[INFO] Using 'UTF-8' encoding to copy filtered resources.
[INFO] Copying 3 resources
[INFO] Copying 52 resources
[INFO] 
[INFO] --- maven-compiler-plugin:3.8.1:compile (default-compile) @ graphhopper-core ---
[INFO] Changes detected - recompiling the module!
[INFO] Compiling 406 source files to /home/dee/dev/rick-major-review/graphhopper/core/target/classes
[INFO] 
[INFO] --- maven-resources-plugin:2.6:testResources (default-testResources) @ graphhopper-core ---
[INFO] Using 'UTF-8' encoding to copy filtered resources.
[INFO] Copying 37 resources
[INFO] 
[INFO] --- maven-compiler-plugin:3.8.1:testCompile (default-testCompile) @ graphhopper-core ---
[INFO] Changes detected - recompiling the module!
[INFO] Compiling 184 source files to /home/dee/dev/rick-major-review/graphhopper/core/target/test-classes
[INFO] 
[INFO] --- maven-surefire-plugin:2.22.2:test (default-test) @ graphhopper-core ---
[INFO] Tests are skipped.
[INFO] 
[INFO] --- maven-jar-plugin:3.1.1:jar (default-jar) @ graphhopper-core ---
[INFO] Building jar: /home/dee/dev/rick-major-review/graphhopper/core/target/graphhopper-core-5.3.jar
[INFO] 
[INFO] --- maven-jar-plugin:3.1.1:test-jar (default) @ graphhopper-core ---
[INFO] Building jar: /home/dee/dev/rick-major-review/graphhopper/core/target/graphhopper-core-5.3-tests.jar
[INFO] 
[INFO] --- maven-failsafe-plugin:2.22.2:integration-test (default) @ graphhopper-core ---
[INFO] Tests are skipped.
[INFO] 
[INFO] --- maven-failsafe-plugin:2.22.2:verify (default) @ graphhopper-core ---
[INFO] Tests are skipped.
[INFO] 
[INFO] --- maven-install-plugin:2.4:install (default-install) @ graphhopper-core ---
[INFO] Installing /home/dee/dev/rick-major-review/graphhopper/core/target/graphhopper-core-5.3.jar to /home/dee/.m2/repository/com/graphhopper/graphhopper-core/5.3/graphhopper-core-5.3.jar
[INFO] Installing /home/dee/dev/rick-major-review/graphhopper/core/pom.xml to /home/dee/.m2/repository/com/graphhopper/graphhopper-core/5.3/graphhopper-core-5.3.pom
[INFO] Installing /home/dee/dev/rick-major-review/graphhopper/core/target/graphhopper-core-5.3-tests.jar to /home/dee/.m2/repository/com/graphhopper/graphhopper-core/5.3/graphhopper-core-5.3-tests.jar
[INFO] ------------------------------------------------------------------------
[INFO] BUILD SUCCESS
[INFO] ------------------------------------------------------------------------
[INFO] Total time:  44.232 s
[INFO] Finished at: 2023-06-11T11:17:25+02:00
[INFO] ------------------------------------------------------------------------


---------------------------------------------------
[BASELINE] Not evaluating any oracle
[LOG] Replacing original RICK test with variant baseline
[LOG] Invoking cp /home/dee/dev/rick-experiments/mutation-analysis/output/EncodedValue_InitializerConfig_init_EncodedValue_InitializerConfig/test-baseline.java /home/dee/dev/rick-major-review/graphhopper/rick-major/src/test/java/com/graphhopper/routing/ev/TestIntEncodedValueImplRickGen.java
[LOG] In test module directory /home/dee/dev/rick-major-review/graphhopper/rick-major
[LOG] Invoked tests with ['mvn', 'test', '-Dtest=TestIntEncodedValueImplRickGen']
[INFO] Scanning for projects...
[WARNING] 
[WARNING] Some problems were encountered while building the effective model for com.graphhopper:rick-major:jar:5.3
[WARNING] 'dependencies.dependency.(groupId:artifactId:type:classifier)' must be unique: com.graphhopper:graphhopper-web:jar -> duplicate declaration of version 5.3 @ line 79, column 17
[WARNING] 
[WARNING] It is highly recommended to fix these problems because they threaten the stability of your build.
[WARNING] 
[WARNING] For this reason, future Maven versions might no longer support building such malformed projects.
[WARNING] 
[INFO] 
[INFO] ---------------------< com.graphhopper:rick-major >---------------------
[INFO] Building rick-major 5.3
[INFO] --------------------------------[ jar ]---------------------------------
[INFO] 
[INFO] --- maven-resources-plugin:2.6:resources (default-resources) @ rick-major ---
[INFO] Using 'UTF-8' encoding to copy filtered resources.
[INFO] Copying 0 resource
[INFO] 
[INFO] --- maven-compiler-plugin:3.8.1:compile (default-compile) @ rick-major ---
[INFO] Nothing to compile - all classes are up to date
[INFO] 
[INFO] --- maven-resources-plugin:2.6:testResources (default-testResources) @ rick-major ---
[INFO] Using 'UTF-8' encoding to copy filtered resources.
[INFO] Copying 26 resources
[INFO] 
[INFO] --- maven-compiler-plugin:3.8.1:testCompile (default-testCompile) @ rick-major ---
[INFO] Changes detected - recompiling the module!
[INFO] Compiling 15 source files to /home/dee/dev/rick-major-review/graphhopper/rick-major/target/test-classes
[INFO] 
[INFO] --- maven-surefire-plugin:2.22.2:test (default-test) @ rick-major ---
[INFO] 
[INFO] -------------------------------------------------------
[INFO]  T E S T S
[INFO] -------------------------------------------------------
[INFO] Running com.graphhopper.routing.ev.TestIntEncodedValueImplRickGen
[INFO] Tests run: 3, Failures: 0, Errors: 0, Skipped: 0, Time elapsed: 3.6 s - in com.graphhopper.routing.ev.TestIntEncodedValueImplRickGen
[INFO] 
[INFO] Results:
[INFO] 
[INFO] Tests run: 3, Failures: 0, Errors: 0, Skipped: 0
[INFO] 
[INFO] ------------------------------------------------------------------------
[INFO] BUILD SUCCESS
[INFO] ------------------------------------------------------------------------
[INFO] Total time:  14.878 s
[INFO] Finished at: 2023-06-11T11:17:44+02:00
[INFO] ------------------------------------------------------------------------

Security framework of XStream not initialized, XStream is probably vulnerable.

---------------------------------------------------
[LOG] Cleaned targets with ['mvn', 'clean']
[INFO] Scanning for projects...
[WARNING] 
[WARNING] Some problems were encountered while building the effective model for com.graphhopper:rick-major:jar:5.3
[WARNING] 'dependencies.dependency.(groupId:artifactId:type:classifier)' must be unique: com.graphhopper:graphhopper-web:jar -> duplicate declaration of version 5.3 @ line 79, column 17
[WARNING] 
[WARNING] It is highly recommended to fix these problems because they threaten the stability of your build.
[WARNING] 
[WARNING] For this reason, future Maven versions might no longer support building such malformed projects.
[WARNING] 
[INFO] 
[INFO] ---------------------< com.graphhopper:rick-major >---------------------
[INFO] Building rick-major 5.3
[INFO] --------------------------------[ jar ]---------------------------------
[INFO] 
[INFO] --- maven-clean-plugin:2.5:clean (default-clean) @ rick-major ---
[INFO] Deleting /home/dee/dev/rick-major-review/graphhopper/rick-major/target
[INFO] ------------------------------------------------------------------------
[INFO] BUILD SUCCESS
[INFO] ------------------------------------------------------------------------
[INFO] Total time:  1.045 s
[INFO] Finished at: 2023-06-11T11:17:49+02:00
[INFO] ------------------------------------------------------------------------


---------------------------------------------------
[LOG] In experiment directory /home/dee/dev/rick-experiments/mutation-analysis
---------------------------------------------------
[LOG] Restoring original RICK test from ./IntEncodedValueImpl.java/original-test.java
[LOG] Invoking cp ./IntEncodedValueImpl.java/original-test.java /home/dee/dev/rick-major-review/graphhopper/rick-major/src/test/java/com/graphhopper/routing/ev/TestIntEncodedValueImplRickGen.java
---------------------------------------------------
[OO] Evaluating only OO
[LOG] Replacing original RICK test with variant oo
[LOG] Invoking cp /home/dee/dev/rick-experiments/mutation-analysis/output/EncodedValue_InitializerConfig_init_EncodedValue_InitializerConfig/test-oo.java /home/dee/dev/rick-major-review/graphhopper/rick-major/src/test/java/com/graphhopper/routing/ev/TestIntEncodedValueImplRickGen.java
[LOG] In test module directory /home/dee/dev/rick-major-review/graphhopper/rick-major
[LOG] Invoked tests with ['mvn', 'test', '-Dtest=TestIntEncodedValueImplRickGen']
[INFO] Scanning for projects...
[WARNING] 
[WARNING] Some problems were encountered while building the effective model for com.graphhopper:rick-major:jar:5.3
[WARNING] 'dependencies.dependency.(groupId:artifactId:type:classifier)' must be unique: com.graphhopper:graphhopper-web:jar -> duplicate declaration of version 5.3 @ line 79, column 17
[WARNING] 
[WARNING] It is highly recommended to fix these problems because they threaten the stability of your build.
[WARNING] 
[WARNING] For this reason, future Maven versions might no longer support building such malformed projects.
[WARNING] 
[INFO] 
[INFO] ---------------------< com.graphhopper:rick-major >---------------------
[INFO] Building rick-major 5.3
[INFO] --------------------------------[ jar ]---------------------------------
[INFO] 
[INFO] --- maven-resources-plugin:2.6:resources (default-resources) @ rick-major ---
[INFO] Using 'UTF-8' encoding to copy filtered resources.
[INFO] Copying 0 resource
[INFO] 
[INFO] --- maven-compiler-plugin:3.8.1:compile (default-compile) @ rick-major ---
[INFO] Nothing to compile - all classes are up to date
[INFO] 
[INFO] --- maven-resources-plugin:2.6:testResources (default-testResources) @ rick-major ---
[INFO] Using 'UTF-8' encoding to copy filtered resources.
[INFO] Copying 26 resources
[INFO] 
[INFO] --- maven-compiler-plugin:3.8.1:testCompile (default-testCompile) @ rick-major ---
[INFO] Changes detected - recompiling the module!
[INFO] Compiling 15 source files to /home/dee/dev/rick-major-review/graphhopper/rick-major/target/test-classes
[INFO] 
[INFO] --- maven-surefire-plugin:2.22.2:test (default-test) @ rick-major ---
[INFO] 
[INFO] -------------------------------------------------------
[INFO]  T E S T S
[INFO] -------------------------------------------------------
[INFO] Running com.graphhopper.routing.ev.TestIntEncodedValueImplRickGen
[INFO] Tests run: 3, Failures: 0, Errors: 0, Skipped: 0, Time elapsed: 3.408 s - in com.graphhopper.routing.ev.TestIntEncodedValueImplRickGen
[INFO] 
[INFO] Results:
[INFO] 
[INFO] Tests run: 3, Failures: 0, Errors: 0, Skipped: 0
[INFO] 
[INFO] ------------------------------------------------------------------------
[INFO] BUILD SUCCESS
[INFO] ------------------------------------------------------------------------
[INFO] Total time:  14.137 s
[INFO] Finished at: 2023-06-11T11:18:06+02:00
[INFO] ------------------------------------------------------------------------

Security framework of XStream not initialized, XStream is probably vulnerable.

---------------------------------------------------
[LOG] Cleaned targets with ['mvn', 'clean']
[INFO] Scanning for projects...
[WARNING] 
[WARNING] Some problems were encountered while building the effective model for com.graphhopper:rick-major:jar:5.3
[WARNING] 'dependencies.dependency.(groupId:artifactId:type:classifier)' must be unique: com.graphhopper:graphhopper-web:jar -> duplicate declaration of version 5.3 @ line 79, column 17
[WARNING] 
[WARNING] It is highly recommended to fix these problems because they threaten the stability of your build.
[WARNING] 
[WARNING] For this reason, future Maven versions might no longer support building such malformed projects.
[WARNING] 
[INFO] 
[INFO] ---------------------< com.graphhopper:rick-major >---------------------
[INFO] Building rick-major 5.3
[INFO] --------------------------------[ jar ]---------------------------------
[INFO] 
[INFO] --- maven-clean-plugin:2.5:clean (default-clean) @ rick-major ---
[INFO] Deleting /home/dee/dev/rick-major-review/graphhopper/rick-major/target
[INFO] ------------------------------------------------------------------------
[INFO] BUILD SUCCESS
[INFO] ------------------------------------------------------------------------
[INFO] Total time:  0.841 s
[INFO] Finished at: 2023-06-11T11:18:11+02:00
[INFO] ------------------------------------------------------------------------


---------------------------------------------------
[LOG] In experiment directory /home/dee/dev/rick-experiments/mutation-analysis
---------------------------------------------------
[LOG] Restoring original RICK test from ./IntEncodedValueImpl.java/original-test.java
[LOG] Invoking cp ./IntEncodedValueImpl.java/original-test.java /home/dee/dev/rick-major-review/graphhopper/rick-major/src/test/java/com/graphhopper/routing/ev/TestIntEncodedValueImplRickGen.java
---------------------------------------------------
[PO] Evaluating only PO
[LOG] Replacing original RICK test with variant po
[LOG] Invoking cp /home/dee/dev/rick-experiments/mutation-analysis/output/EncodedValue_InitializerConfig_init_EncodedValue_InitializerConfig/test-po.java /home/dee/dev/rick-major-review/graphhopper/rick-major/src/test/java/com/graphhopper/routing/ev/TestIntEncodedValueImplRickGen.java
[LOG] In test module directory /home/dee/dev/rick-major-review/graphhopper/rick-major
[LOG] Invoked tests with ['mvn', 'test', '-Dtest=TestIntEncodedValueImplRickGen']
[INFO] Scanning for projects...
[WARNING] 
[WARNING] Some problems were encountered while building the effective model for com.graphhopper:rick-major:jar:5.3
[WARNING] 'dependencies.dependency.(groupId:artifactId:type:classifier)' must be unique: com.graphhopper:graphhopper-web:jar -> duplicate declaration of version 5.3 @ line 79, column 17
[WARNING] 
[WARNING] It is highly recommended to fix these problems because they threaten the stability of your build.
[WARNING] 
[WARNING] For this reason, future Maven versions might no longer support building such malformed projects.
[WARNING] 
[INFO] 
[INFO] ---------------------< com.graphhopper:rick-major >---------------------
[INFO] Building rick-major 5.3
[INFO] --------------------------------[ jar ]---------------------------------
[INFO] 
[INFO] --- maven-resources-plugin:2.6:resources (default-resources) @ rick-major ---
[INFO] Using 'UTF-8' encoding to copy filtered resources.
[INFO] Copying 0 resource
[INFO] 
[INFO] --- maven-compiler-plugin:3.8.1:compile (default-compile) @ rick-major ---
[INFO] Nothing to compile - all classes are up to date
[INFO] 
[INFO] --- maven-resources-plugin:2.6:testResources (default-testResources) @ rick-major ---
[INFO] Using 'UTF-8' encoding to copy filtered resources.
[INFO] Copying 26 resources
[INFO] 
[INFO] --- maven-compiler-plugin:3.8.1:testCompile (default-testCompile) @ rick-major ---
[INFO] Changes detected - recompiling the module!
[INFO] Compiling 15 source files to /home/dee/dev/rick-major-review/graphhopper/rick-major/target/test-classes
[INFO] 
[INFO] --- maven-surefire-plugin:2.22.2:test (default-test) @ rick-major ---
[INFO] 
[INFO] -------------------------------------------------------
[INFO]  T E S T S
[INFO] -------------------------------------------------------
[INFO] Running com.graphhopper.routing.ev.TestIntEncodedValueImplRickGen
[INFO] Tests run: 3, Failures: 0, Errors: 0, Skipped: 0, Time elapsed: 3.517 s - in com.graphhopper.routing.ev.TestIntEncodedValueImplRickGen
[INFO] 
[INFO] Results:
[INFO] 
[INFO] Tests run: 3, Failures: 0, Errors: 0, Skipped: 0
[INFO] 
[INFO] ------------------------------------------------------------------------
[INFO] BUILD SUCCESS
[INFO] ------------------------------------------------------------------------
[INFO] Total time:  14.247 s
[INFO] Finished at: 2023-06-11T11:18:29+02:00
[INFO] ------------------------------------------------------------------------

Security framework of XStream not initialized, XStream is probably vulnerable.

---------------------------------------------------
[LOG] Cleaned targets with ['mvn', 'clean']
[INFO] Scanning for projects...
[WARNING] 
[WARNING] Some problems were encountered while building the effective model for com.graphhopper:rick-major:jar:5.3
[WARNING] 'dependencies.dependency.(groupId:artifactId:type:classifier)' must be unique: com.graphhopper:graphhopper-web:jar -> duplicate declaration of version 5.3 @ line 79, column 17
[WARNING] 
[WARNING] It is highly recommended to fix these problems because they threaten the stability of your build.
[WARNING] 
[WARNING] For this reason, future Maven versions might no longer support building such malformed projects.
[WARNING] 
[INFO] 
[INFO] ---------------------< com.graphhopper:rick-major >---------------------
[INFO] Building rick-major 5.3
[INFO] --------------------------------[ jar ]---------------------------------
[INFO] 
[INFO] --- maven-clean-plugin:2.5:clean (default-clean) @ rick-major ---
[INFO] Deleting /home/dee/dev/rick-major-review/graphhopper/rick-major/target
[INFO] ------------------------------------------------------------------------
[INFO] BUILD SUCCESS
[INFO] ------------------------------------------------------------------------
[INFO] Total time:  1.048 s
[INFO] Finished at: 2023-06-11T11:18:33+02:00
[INFO] ------------------------------------------------------------------------


---------------------------------------------------
[LOG] In experiment directory /home/dee/dev/rick-experiments/mutation-analysis
---------------------------------------------------
[LOG] Restoring original RICK test from ./IntEncodedValueImpl.java/original-test.java
[LOG] Invoking cp ./IntEncodedValueImpl.java/original-test.java /home/dee/dev/rick-major-review/graphhopper/rick-major/src/test/java/com/graphhopper/routing/ev/TestIntEncodedValueImplRickGen.java
---------------------------------------------------
[CO] Evaluating only CO
[LOG] Replacing original RICK test with variant co
[LOG] Invoking cp /home/dee/dev/rick-experiments/mutation-analysis/output/EncodedValue_InitializerConfig_init_EncodedValue_InitializerConfig/test-co.java /home/dee/dev/rick-major-review/graphhopper/rick-major/src/test/java/com/graphhopper/routing/ev/TestIntEncodedValueImplRickGen.java
[LOG] In test module directory /home/dee/dev/rick-major-review/graphhopper/rick-major
[LOG] Invoked tests with ['mvn', 'test', '-Dtest=TestIntEncodedValueImplRickGen']
[INFO] Scanning for projects...
[WARNING] 
[WARNING] Some problems were encountered while building the effective model for com.graphhopper:rick-major:jar:5.3
[WARNING] 'dependencies.dependency.(groupId:artifactId:type:classifier)' must be unique: com.graphhopper:graphhopper-web:jar -> duplicate declaration of version 5.3 @ line 79, column 17
[WARNING] 
[WARNING] It is highly recommended to fix these problems because they threaten the stability of your build.
[WARNING] 
[WARNING] For this reason, future Maven versions might no longer support building such malformed projects.
[WARNING] 
[INFO] 
[INFO] ---------------------< com.graphhopper:rick-major >---------------------
[INFO] Building rick-major 5.3
[INFO] --------------------------------[ jar ]---------------------------------
[INFO] 
[INFO] --- maven-resources-plugin:2.6:resources (default-resources) @ rick-major ---
[INFO] Using 'UTF-8' encoding to copy filtered resources.
[INFO] Copying 0 resource
[INFO] 
[INFO] --- maven-compiler-plugin:3.8.1:compile (default-compile) @ rick-major ---
[INFO] Nothing to compile - all classes are up to date
[INFO] 
[INFO] --- maven-resources-plugin:2.6:testResources (default-testResources) @ rick-major ---
[INFO] Using 'UTF-8' encoding to copy filtered resources.
[INFO] Copying 26 resources
[INFO] 
[INFO] --- maven-compiler-plugin:3.8.1:testCompile (default-testCompile) @ rick-major ---
[INFO] Changes detected - recompiling the module!
[INFO] Compiling 15 source files to /home/dee/dev/rick-major-review/graphhopper/rick-major/target/test-classes
[INFO] 
[INFO] --- maven-surefire-plugin:2.22.2:test (default-test) @ rick-major ---
[INFO] 
[INFO] -------------------------------------------------------
[INFO]  T E S T S
[INFO] -------------------------------------------------------
[INFO] Running com.graphhopper.routing.ev.TestIntEncodedValueImplRickGen
[INFO] Tests run: 3, Failures: 0, Errors: 0, Skipped: 0, Time elapsed: 3.462 s - in com.graphhopper.routing.ev.TestIntEncodedValueImplRickGen
[INFO] 
[INFO] Results:
[INFO] 
[INFO] Tests run: 3, Failures: 0, Errors: 0, Skipped: 0
[INFO] 
[INFO] ------------------------------------------------------------------------
[INFO] BUILD SUCCESS
[INFO] ------------------------------------------------------------------------
[INFO] Total time:  14.351 s
[INFO] Finished at: 2023-06-11T11:18:52+02:00
[INFO] ------------------------------------------------------------------------

Security framework of XStream not initialized, XStream is probably vulnerable.

---------------------------------------------------
[LOG] Cleaned targets with ['mvn', 'clean']
[INFO] Scanning for projects...
[WARNING] 
[WARNING] Some problems were encountered while building the effective model for com.graphhopper:rick-major:jar:5.3
[WARNING] 'dependencies.dependency.(groupId:artifactId:type:classifier)' must be unique: com.graphhopper:graphhopper-web:jar -> duplicate declaration of version 5.3 @ line 79, column 17
[WARNING] 
[WARNING] It is highly recommended to fix these problems because they threaten the stability of your build.
[WARNING] 
[WARNING] For this reason, future Maven versions might no longer support building such malformed projects.
[WARNING] 
[INFO] 
[INFO] ---------------------< com.graphhopper:rick-major >---------------------
[INFO] Building rick-major 5.3
[INFO] --------------------------------[ jar ]---------------------------------
[INFO] 
[INFO] --- maven-clean-plugin:2.5:clean (default-clean) @ rick-major ---
[INFO] Deleting /home/dee/dev/rick-major-review/graphhopper/rick-major/target
[INFO] ------------------------------------------------------------------------
[INFO] BUILD SUCCESS
[INFO] ------------------------------------------------------------------------
[INFO] Total time:  0.810 s
[INFO] Finished at: 2023-06-11T11:18:56+02:00
[INFO] ------------------------------------------------------------------------


---------------------------------------------------
[LOG] In experiment directory /home/dee/dev/rick-experiments/mutation-analysis
---------------------------------------------------
[LOG] Restoring original RICK test from ./IntEncodedValueImpl.java/original-test.java
[LOG] Invoking cp ./IntEncodedValueImpl.java/original-test.java /home/dee/dev/rick-major-review/graphhopper/rick-major/src/test/java/com/graphhopper/routing/ev/TestIntEncodedValueImplRickGen.java
---------------------------------------------------
[ALL] Evaluating (OO +) PO + CO
[LOG] Restoring original RICK test from ./IntEncodedValueImpl.java/original-test.java
[LOG] Invoking cp ./IntEncodedValueImpl.java/original-test.java /home/dee/dev/rick-major-review/graphhopper/rick-major/src/test/java/com/graphhopper/routing/ev/TestIntEncodedValueImplRickGen.java
[LOG] In test module directory /home/dee/dev/rick-major-review/graphhopper/rick-major
[LOG] Invoked tests with ['mvn', 'test', '-Dtest=TestIntEncodedValueImplRickGen']
[INFO] Scanning for projects...
[WARNING] 
[WARNING] Some problems were encountered while building the effective model for com.graphhopper:rick-major:jar:5.3
[WARNING] 'dependencies.dependency.(groupId:artifactId:type:classifier)' must be unique: com.graphhopper:graphhopper-web:jar -> duplicate declaration of version 5.3 @ line 79, column 17
[WARNING] 
[WARNING] It is highly recommended to fix these problems because they threaten the stability of your build.
[WARNING] 
[WARNING] For this reason, future Maven versions might no longer support building such malformed projects.
[WARNING] 
[INFO] 
[INFO] ---------------------< com.graphhopper:rick-major >---------------------
[INFO] Building rick-major 5.3
[INFO] --------------------------------[ jar ]---------------------------------
[INFO] 
[INFO] --- maven-resources-plugin:2.6:resources (default-resources) @ rick-major ---
[INFO] Using 'UTF-8' encoding to copy filtered resources.
[INFO] Copying 0 resource
[INFO] 
[INFO] --- maven-compiler-plugin:3.8.1:compile (default-compile) @ rick-major ---
[INFO] Nothing to compile - all classes are up to date
[INFO] 
[INFO] --- maven-resources-plugin:2.6:testResources (default-testResources) @ rick-major ---
[INFO] Using 'UTF-8' encoding to copy filtered resources.
[INFO] Copying 26 resources
[INFO] 
[INFO] --- maven-compiler-plugin:3.8.1:testCompile (default-testCompile) @ rick-major ---
[INFO] Changes detected - recompiling the module!
[INFO] Compiling 15 source files to /home/dee/dev/rick-major-review/graphhopper/rick-major/target/test-classes
[INFO] 
[INFO] --- maven-surefire-plugin:2.22.2:test (default-test) @ rick-major ---
[INFO] 
[INFO] -------------------------------------------------------
[INFO]  T E S T S
[INFO] -------------------------------------------------------
[INFO] Running com.graphhopper.routing.ev.TestIntEncodedValueImplRickGen
[INFO] Tests run: 3, Failures: 0, Errors: 0, Skipped: 0, Time elapsed: 3.663 s - in com.graphhopper.routing.ev.TestIntEncodedValueImplRickGen
[INFO] 
[INFO] Results:
[INFO] 
[INFO] Tests run: 3, Failures: 0, Errors: 0, Skipped: 0
[INFO] 
[INFO] ------------------------------------------------------------------------
[INFO] BUILD SUCCESS
[INFO] ------------------------------------------------------------------------
[INFO] Total time:  14.146 s
[INFO] Finished at: 2023-06-11T11:19:14+02:00
[INFO] ------------------------------------------------------------------------

Security framework of XStream not initialized, XStream is probably vulnerable.

---------------------------------------------------
[LOG] Cleaned targets with ['mvn', 'clean']
[INFO] Scanning for projects...
[WARNING] 
[WARNING] Some problems were encountered while building the effective model for com.graphhopper:rick-major:jar:5.3
[WARNING] 'dependencies.dependency.(groupId:artifactId:type:classifier)' must be unique: com.graphhopper:graphhopper-web:jar -> duplicate declaration of version 5.3 @ line 79, column 17
[WARNING] 
[WARNING] It is highly recommended to fix these problems because they threaten the stability of your build.
[WARNING] 
[WARNING] For this reason, future Maven versions might no longer support building such malformed projects.
[WARNING] 
[INFO] 
[INFO] ---------------------< com.graphhopper:rick-major >---------------------
[INFO] Building rick-major 5.3
[INFO] --------------------------------[ jar ]---------------------------------
[INFO] 
[INFO] --- maven-clean-plugin:2.5:clean (default-clean) @ rick-major ---
[INFO] Deleting /home/dee/dev/rick-major-review/graphhopper/rick-major/target
[INFO] ------------------------------------------------------------------------
[INFO] BUILD SUCCESS
[INFO] ------------------------------------------------------------------------
[INFO] Total time:  0.845 s
[INFO] Finished at: 2023-06-11T11:19:19+02:00
[INFO] ------------------------------------------------------------------------


---------------------------------------------------
[LOG] In experiment directory /home/dee/dev/rick-experiments/mutation-analysis
---------------------------------------------------
---------------------------------------------------
[LOG] Resetting IntEncodedValueImpl.java to original
[LOG] Invoking cp ./IntEncodedValueImpl.java/original.java /home/dee/dev/rick-major-review/graphhopper/core/src/main/java/com/graphhopper/routing/ev/IntEncodedValueImpl.java
---------------------------------------------------
[LOG] Copying littledarwin mutants to /home/dee/dev/rick-experiments/mutation-analysis/output/EncodedValue_InitializerConfig_init_EncodedValue_InitializerConfig/
[LOG] Invoked copying with ['cp', '-r', '/home/dee/dev/rick-experiments/mutation-analysis/IntEncodedValueImpl.java', '/home/dee/dev/rick-experiments/mutation-analysis/output/EncodedValue_InitializerConfig_init_EncodedValue_InitializerConfig/']


---------------------------------------------------
[LOG] Finishing analysis at 2023-06-11 11:19:19.153127
====== END OF THE LINE ======
