[LOG] Initiating analysis at 2023-06-06 18:16:09.101407
---------------------------------------------------
[LOG] Removing pre-existing mutants from current working directory
[LOG] Cleaning up LittleDarwin results
---------------------------------------------------
[LOG] Working with StepDisplacement_moveNode_Node_ForceVector
[LOG] Generating mutants for its parent StepDisplacement.java
---------------------------------------------------
[LOG] Running littledarwin on /home/dee/dev/rick-major-review/gephi/modules/LayoutPlugin/src/main/java/org/gephi/layout/plugin/force/
[LOG] Invoked LitteDarwin with ['python3', '-m', 'littledarwin', '-m', '-v', '-p', '/home/dee/dev/rick-major-review/gephi/modules/LayoutPlugin/src/main/java/org/gephi/layout/plugin/force/', '--all']

    __     _  __   __   __       ____                          _
   / /    (_)/ /_ / /_ / /___   / __ \ ____ _ _____ _      __ (_)____
  / /    / // __// __// // _ \ / / / // __ `// ___/| | /| / // // __ \
 / /___ / // /_ / /_ / //  __// /_/ // /_/ // /    | |/ |/ // // / / /
/_____//_/ \__/ \__//_/ \___//_____/ \__,_//_/     |__/|__//_//_/ /_/

      _                     _                 ___
     /_|  /|/|  _/__/'     /_|   _ /   _ ' _ (_  _ _ _  _      _ /
    (  | /   |(//(///()/) (  |/)(/((/_) /_)  /  / (///)(-((/()/ /(
                                  /


    LittleDarwin version 0.10.7 Copyright (C) 2014-2020 Ali Parsai

    LittleDarwin comes with ABSOLUTELY NO WARRANTY.
    This is free software, and you are welcome to redistribute it
    under certain conditions; run LittleDarwin --license for details.

    
Source Path:  /home/dee/dev/rick-major-review/gephi/modules/LayoutPlugin/src/main/java/org/gephi/layout/plugin/force
Target Path:  /home/dee/anaconda3/lib/python3.8/site-packages/littledarwin/LittleDarwinResults
Creating Mutation Database:  /home/dee/anaconda3/lib/python3.8/site-packages/littledarwin/LittleDarwinResults/mutationdatabase

(1/10) Source file:  /home/dee/dev/rick-major-review/gephi/modules/LayoutPlugin/src/main/java/org/gephi/layout/plugin/force/StepDisplacement.java
ANTLR runtime and generated code versions disagree: 4.13.0!=4.10.1
ANTLR runtime and generated code versions disagree: 4.13.0!=4.10.1
--> Mutations found:  11
----> ConditionalOperatorReplacement : 1
----> RemoveMethod : 4
----> ArithmeticOperatorReplacementBinary : 2
----> ConditionalOperatorDeletion : 2
----> NullifyInputVariable : 2

(2/10) Source file:  /home/dee/dev/rick-major-review/gephi/modules/LayoutPlugin/src/main/java/org/gephi/layout/plugin/force/Displacement.java
ANTLR runtime and generated code versions disagree: 4.13.0!=4.10.1
ANTLR runtime and generated code versions disagree: 4.13.0!=4.10.1
--> Mutations found:  0

(3/10) Source file:  /home/dee/dev/rick-major-review/gephi/modules/LayoutPlugin/src/main/java/org/gephi/layout/plugin/force/ProportionalDisplacement.java
ANTLR runtime and generated code versions disagree: 4.13.0!=4.10.1
ANTLR runtime and generated code versions disagree: 4.13.0!=4.10.1
--> Mutations found:  12
----> NullifyObjectInitialization : 1
----> ConditionalOperatorReplacement : 1
----> RemoveMethod : 4
----> ArithmeticOperatorReplacementBinary : 2
----> ConditionalOperatorDeletion : 2
----> NullifyInputVariable : 2

(4/10) Source file:  /home/dee/dev/rick-major-review/gephi/modules/LayoutPlugin/src/main/java/org/gephi/layout/plugin/force/AbstractForce.java
ANTLR runtime and generated code versions disagree: 4.13.0!=4.10.1
ANTLR runtime and generated code versions disagree: 4.13.0!=4.10.1
--> Mutations found:  4
----> RemoveMethod : 1
----> NullifyInputVariable : 2
----> NullifyReturnValue : 1

(5/10) Source file:  /home/dee/dev/rick-major-review/gephi/modules/LayoutPlugin/src/main/java/org/gephi/layout/plugin/force/ForceVector.java
ANTLR runtime and generated code versions disagree: 4.13.0!=4.10.1
ANTLR runtime and generated code versions disagree: 4.13.0!=4.10.1
--> Mutations found:  39
----> AssignmentOperatorReplacementShortcut : 6
----> NullifyObjectInitialization : 2
----> RemoveNullCheck : 2
----> RemoveMethod : 18
----> RelationalOperatorReplacement : 2
----> ArithmeticOperatorReplacementBinary : 5
----> NullifyInputVariable : 2
----> NullifyReturnValue : 2

(6/10) Source file:  /home/dee/dev/rick-major-review/gephi/modules/LayoutPlugin/src/main/java/org/gephi/layout/plugin/force/quadtree/QuadTree.java
ANTLR runtime and generated code versions disagree: 4.13.0!=4.10.1
ANTLR runtime and generated code versions disagree: 4.13.0!=4.10.1
--> Mutations found:  257
----> NullifyObjectInitialization : 72
----> ConditionalOperatorReplacement : 3
----> RemoveMethod : 104
----> RelationalOperatorReplacement : 5
----> ArithmeticOperatorReplacementShortcut : 1
----> ArithmeticOperatorReplacementBinary : 21
----> NullifyInputVariable : 49
----> NullifyReturnValue : 2

(7/10) Source file:  /home/dee/dev/rick-major-review/gephi/modules/LayoutPlugin/src/main/java/org/gephi/layout/plugin/force/quadtree/BarnesHut.java
ANTLR runtime and generated code versions disagree: 4.13.0!=4.10.1
ANTLR runtime and generated code versions disagree: 4.13.0!=4.10.1
--> Mutations found:  18
----> NullifyObjectInitialization : 1
----> ConditionalOperatorReplacement : 1
----> RemoveMethod : 4
----> RelationalOperatorReplacement : 4
----> ArithmeticOperatorReplacementBinary : 1
----> NullifyInputVariable : 2
----> NullifyReturnValue : 5

(8/10) Source file:  /home/dee/dev/rick-major-review/gephi/modules/LayoutPlugin/src/main/java/org/gephi/layout/plugin/force/yifanHu/YifanHuLayout.java
ANTLR runtime and generated code versions disagree: 4.13.0!=4.10.1
ANTLR runtime and generated code versions disagree: 4.13.0!=4.10.1
--> Mutations found:  110
----> AssignmentOperatorReplacementShortcut : 2
----> NullifyObjectInitialization : 8
----> RemoveNullCheck : 3
----> ConditionalOperatorReplacement : 2
----> RemoveMethod : 33
----> RelationalOperatorReplacement : 6
----> ArithmeticOperatorReplacementShortcut : 2
----> ArithmeticOperatorReplacementBinary : 19
----> ConditionalOperatorDeletion : 3
----> NullifyInputVariable : 15
----> ArithmeticOperatorReplacementUnary : 2
----> NullifyReturnValue : 15

(9/10) Source file:  /home/dee/dev/rick-major-review/gephi/modules/LayoutPlugin/src/main/java/org/gephi/layout/plugin/force/yifanHu/YifanHuProportional.java
ANTLR runtime and generated code versions disagree: 4.13.0!=4.10.1
ANTLR runtime and generated code versions disagree: 4.13.0!=4.10.1
--> Mutations found:  22
----> NullifyObjectInitialization : 3
----> RemoveMethod : 12
----> NullifyInputVariable : 1
----> NullifyReturnValue : 6

(10/10) Source file:  /home/dee/dev/rick-major-review/gephi/modules/LayoutPlugin/src/main/java/org/gephi/layout/plugin/force/yifanHu/YifanHu.java
ANTLR runtime and generated code versions disagree: 4.13.0!=4.10.1
ANTLR runtime and generated code versions disagree: 4.13.0!=4.10.1
--> Mutations found:  22
----> NullifyObjectInitialization : 3
----> RemoveMethod : 12
----> NullifyInputVariable : 1
----> NullifyReturnValue : 6

Total mutations found:  495
--> AssignmentOperatorReplacementShortcut: 8
--> NullifyObjectInitialization: 90
--> RemoveNullCheck: 5
--> ConditionalOperatorReplacement: 8
--> RemoveMethod: 192
--> RelationalOperatorReplacement: 17
--> ArithmeticOperatorReplacementShortcut: 3
--> ArithmeticOperatorReplacementBinary: 50
--> ConditionalOperatorDeletion: 7
--> NullifyInputVariable: 76
--> ArithmeticOperatorReplacementUnary: 2
--> NullifyReturnValue: 37


---------------------------------------------------
[LOG] Copying mutants of StepDisplacement.java
---------------------------------------------------
[LOG] Generated 11 mutants
---------------------------------------------------
[LOG] Backing up original RICK test as ./StepDisplacement.java/original-test.java
[LOG] Invoking cp /home/dee/dev/rick-major-review/rick-tests/src/test/java/org/gephi/layout/plugin/force/TestStepDisplacementRickGen.java ./StepDisplacement.java/original-test.java
---------------------------------------------------
[LOG] Generating variants of original RICK test
[LOG] Modifying /home/dee/dev/rick-major-review/finches/output/StepDisplacement_moveNode_Node_ForceVector/test-baseline.java
[LOG] Created baseline test at /home/dee/dev/rick-major-review/finches/output/StepDisplacement_moveNode_Node_ForceVector/test-baseline.java
[LOG] Modifying /home/dee/dev/rick-major-review/finches/output/StepDisplacement_moveNode_Node_ForceVector/test-po.java
[LOG] Created PO test at /home/dee/dev/rick-major-review/finches/output/StepDisplacement_moveNode_Node_ForceVector/test-po.java
[LOG] Modifying /home/dee/dev/rick-major-review/finches/output/StepDisplacement_moveNode_Node_ForceVector/test-co.java
[LOG] Created CO test at /home/dee/dev/rick-major-review/finches/output/StepDisplacement_moveNode_Node_ForceVector/test-co.java
[LOG] Created test with all oracles at /home/dee/dev/rick-major-review/finches/output/StepDisplacement_moveNode_Node_ForceVector/test-all.java
---------------------------------------------------
[LOG] Replacing originalStepDisplacement.java with ./StepDisplacement.java/10.java
[LOG] Invoking cp ./StepDisplacement.java/10.java /home/dee/dev/rick-major-review/gephi/modules/LayoutPlugin/src/main/java/org/gephi/layout/plugin/force/StepDisplacement.java
[LOG] Invoked a clean install of the parent module with ['mvn', 'clean', 'install', '-DskipTests']
[INFO] Scanning for projects...
[INFO] 
[INFO] ----------------------< org.gephi:layout-plugin >-----------------------
[INFO] Building LayoutPlugin 0.9.6
[INFO] --------------------------------[ nbm ]---------------------------------
[INFO] 
[INFO] --- maven-clean-plugin:3.1.0:clean (default-clean) @ layout-plugin ---
[INFO] Deleting /home/dee/dev/rick-major-review/gephi/modules/LayoutPlugin/target
[INFO] 
[INFO] --- build-helper-maven-plugin:3.3.0:parse-version (parse-version) @ layout-plugin ---
[INFO] 
[INFO] --- maven-checkstyle-plugin:3.1.2:check (validate) @ layout-plugin ---
[INFO] 
[INFO] --- maven-resources-plugin:3.2.0:copy-resources (generate-modules-xml) @ layout-plugin ---
[INFO] Using 'UTF-8' encoding to copy filtered resources.
[INFO] Using 'UTF-8' encoding to copy filtered properties files.
[INFO] Copying 1 resource
[INFO] 
[INFO] --- maven-resources-plugin:3.2.0:resources (default-resources) @ layout-plugin ---
[INFO] Using 'UTF-8' encoding to copy filtered resources.
[INFO] Using 'UTF-8' encoding to copy filtered properties files.
[INFO] Copying 178 resources
[INFO] 
[INFO] --- maven-compiler-plugin:3.10.0:compile (default-compile) @ layout-plugin ---
[INFO] Changes detected - recompiling the module!
[INFO] Compiling 54 source files to /home/dee/dev/rick-major-review/gephi/modules/LayoutPlugin/target/classes
[WARNING] No processor claimed any of these annotations: java.base/java.lang.Override
[WARNING] /home/dee/dev/rick-major-review/gephi/modules/LayoutPlugin/src/main/java/org/gephi/layout/plugin/openord/DensityGrid.java:[68,19] [rawtypes] found raw type: ArrayDeque
  missing type arguments for generic class ArrayDeque<E>
  where E is a type-variable:
    E extends Object declared in class ArrayDeque
[WARNING] /home/dee/dev/rick-major-review/gephi/modules/LayoutPlugin/src/main/java/org/gephi/layout/plugin/openord/DensityGrid.java:[68,15] [unchecked] unchecked conversion
  required: ArrayDeque<Node>[][]
  found:    ArrayDeque[][]
[WARNING] /home/dee/dev/rick-major-review/gephi/modules/LayoutPlugin/src/main/java/org/gephi/layout/plugin/force/quadtree/QuadTree.java:[435,23] [rawtypes] found raw type: Entry
  missing type arguments for generic class Entry<K,V>
  where K,V are type-variables:
    K extends Object declared in interface Entry
    V extends Object declared in interface Entry
[WARNING] /home/dee/dev/rick-major-review/gephi/modules/LayoutPlugin/src/main/java/org/gephi/layout/plugin/AutoLayout.java:[158,48] [unchecked] unchecked call to setValue(T) as a member of the raw type Property
  where T is a type-variable:
    T extends Object declared in class Property
[WARNING] /home/dee/dev/rick-major-review/gephi/modules/LayoutPlugin/src/main/java/org/gephi/layout/plugin/AutoLayout.java:[241,8] [rawtypes] found raw type: Property
  missing type arguments for generic class Property<T>
  where T is a type-variable:
    T extends Object declared in class Property
[WARNING] /home/dee/dev/rick-major-review/gephi/modules/LayoutPlugin/src/main/java/org/gephi/layout/plugin/AutoLayout.java:[249,18] [rawtypes] found raw type: Property
  missing type arguments for generic class Property<T>
  where T is a type-variable:
    T extends Object declared in class Property
[WARNING] /home/dee/dev/rick-major-review/gephi/modules/LayoutPlugin/src/main/java/org/gephi/layout/plugin/AutoLayout.java:[256,15] [rawtypes] found raw type: Property
  missing type arguments for generic class Property<T>
  where T is a type-variable:
    T extends Object declared in class Property
[WARNING] /home/dee/dev/rick-major-review/gephi/modules/LayoutPlugin/src/main/java/org/gephi/layout/plugin/AutoLayout.java:[260,25] [rawtypes] found raw type: Property
  missing type arguments for generic class Property<T>
  where T is a type-variable:
    T extends Object declared in class Property
[WARNING] /home/dee/dev/rick-major-review/gephi/modules/LayoutPlugin/src/main/java/org/gephi/layout/plugin/forceAtlas2/ForceAtlas2.java:[193,22] [rawtypes] found raw type: Future
  missing type arguments for generic class Future<V>
  where V is a type-variable:
    V extends Object declared in interface Future
[WARNING] /home/dee/dev/rick-major-review/gephi/modules/LayoutPlugin/src/main/java/org/gephi/layout/plugin/forceAtlas2/ForceAtlas2.java:[193,44] [rawtypes] found raw type: ArrayList
  missing type arguments for generic class ArrayList<E>
  where E is a type-variable:
    E extends Object declared in class ArrayList
[WARNING] /home/dee/dev/rick-major-review/gephi/modules/LayoutPlugin/src/main/java/org/gephi/layout/plugin/forceAtlas2/ForceAtlas2.java:[193,40] [unchecked] unchecked conversion
  required: ArrayList<Future>
  found:    ArrayList
[WARNING] /home/dee/dev/rick-major-review/gephi/modules/LayoutPlugin/src/main/java/org/gephi/layout/plugin/forceAtlas2/ForceAtlas2.java:[197,16] [rawtypes] found raw type: Future
  missing type arguments for generic class Future<V>
  where V is a type-variable:
    V extends Object declared in interface Future
[WARNING] /home/dee/dev/rick-major-review/gephi/modules/LayoutPlugin/src/main/java/org/gephi/layout/plugin/forceAtlas2/ForceAtlas2.java:[203,17] [rawtypes] found raw type: Future
  missing type arguments for generic class Future<V>
  where V is a type-variable:
    V extends Object declared in interface Future
[INFO] 
[INFO] --- nbm-maven-plugin:4.6:manifest (default-manifest) @ layout-plugin ---
[INFO] NBM Plugin generates manifest
[INFO] 
[INFO] --- maven-resources-plugin:3.2.0:testResources (default-testResources) @ layout-plugin ---
[INFO] Using 'UTF-8' encoding to copy filtered resources.
[INFO] Using 'UTF-8' encoding to copy filtered properties files.
[INFO] skip non existing resourceDirectory /home/dee/dev/rick-major-review/gephi/modules/LayoutPlugin/src/test/resources
[INFO] 
[INFO] --- maven-compiler-plugin:3.10.0:testCompile (default-testCompile) @ layout-plugin ---
[INFO] No sources to compile
[INFO] 
[INFO] --- maven-surefire-plugin:2.22.2:test (default-test) @ layout-plugin ---
[INFO] Tests are skipped.
[INFO] 
[INFO] --- maven-jar-plugin:3.2.2:jar (default-jar) @ layout-plugin ---
[INFO] Building jar: /home/dee/dev/rick-major-review/gephi/modules/LayoutPlugin/target/layout-plugin-0.9.6.jar
[INFO] 
[INFO] --- nbm-maven-plugin:4.6:nbm (default-nbm) @ layout-plugin ---
[INFO] Copying module JAR to /home/dee/dev/rick-major-review/gephi/modules/LayoutPlugin/target/nbm/clusters/gephi/modules
[INFO] Generating Auto Update information for org.gephi.layout.plugin
[WARNING] No updater.jar specified, cannot validate Info.xml against DTD
[INFO] Building jar: /home/dee/dev/rick-major-review/gephi/modules/LayoutPlugin/target/nbm/layout-plugin-0.9.6.nbm
[INFO] 
[INFO] --- maven-install-plugin:2.5.2:install (default-install) @ layout-plugin ---
[INFO] Installing /home/dee/dev/rick-major-review/gephi/modules/LayoutPlugin/target/layout-plugin-0.9.6.jar to /home/dee/.m2/repository/org/gephi/layout-plugin/0.9.6/layout-plugin-0.9.6.jar
[INFO] Installing /home/dee/dev/rick-major-review/gephi/modules/LayoutPlugin/pom.xml to /home/dee/.m2/repository/org/gephi/layout-plugin/0.9.6/layout-plugin-0.9.6.pom
[INFO] Installing /home/dee/dev/rick-major-review/gephi/modules/LayoutPlugin/target/layout-plugin-0.9.6.nbm to /home/dee/.m2/repository/org/gephi/layout-plugin/0.9.6/layout-plugin-0.9.6.nbm
[INFO] ------------------------------------------------------------------------
[INFO] BUILD SUCCESS
[INFO] ------------------------------------------------------------------------
[INFO] Total time:  25.355 s
[INFO] Finished at: 2023-06-06T18:16:46+02:00
[INFO] ------------------------------------------------------------------------


---------------------------------------------------
[BASELINE] Not evaluating any oracle
[LOG] Replacing original RICK test with variant baseline
[LOG] Invoking cp /home/dee/dev/rick-major-review/finches/output/StepDisplacement_moveNode_Node_ForceVector/test-baseline.java /home/dee/dev/rick-major-review/rick-tests/src/test/java/org/gephi/layout/plugin/force/TestStepDisplacementRickGen.java
[LOG] In test module directory /home/dee/dev/rick-major-review/rick-tests
[LOG] Invoked tests with ['mvn', 'test', '-Dtest=TestStepDisplacementRickGen']
[INFO] Scanning for projects...
[INFO] 
[INFO] ------------------------< org.gephi:rick-tests >------------------------
[INFO] Building rick-tests 1.0-SNAPSHOT
[INFO] --------------------------------[ jar ]---------------------------------
[INFO] 
[INFO] --- maven-resources-plugin:2.6:resources (default-resources) @ rick-tests ---
[WARNING] Using platform encoding (UTF-8 actually) to copy filtered resources, i.e. build is platform dependent!
[INFO] Copying 0 resource
[INFO] 
[INFO] --- maven-compiler-plugin:3.1:compile (default-compile) @ rick-tests ---
[INFO] Nothing to compile - all classes are up to date
[INFO] 
[INFO] --- maven-resources-plugin:2.6:testResources (default-testResources) @ rick-tests ---
[WARNING] Using platform encoding (UTF-8 actually) to copy filtered resources, i.e. build is platform dependent!
[INFO] Copying 119 resources
[INFO] 
[INFO] --- maven-compiler-plugin:3.1:testCompile (default-testCompile) @ rick-tests ---
[INFO] Changes detected - recompiling the module!
[WARNING] File encoding has not been set, using platform encoding UTF-8, i.e. build is platform dependent!
[INFO] Compiling 26 source files to /home/dee/dev/rick-major-review/rick-tests/target/test-classes
[WARNING] /home/dee/dev/rick-major-review/rick-tests/src/test/java/org/gephi/importer/impl/TestImportContainerImplRickGenNodeExists.java: Some input files use unchecked or unsafe operations.
[WARNING] /home/dee/dev/rick-major-review/rick-tests/src/test/java/org/gephi/importer/impl/TestImportContainerImplRickGenNodeExists.java: Recompile with -Xlint:unchecked for details.
[INFO] 
[INFO] --- maven-surefire-plugin:2.22.2:test (default-test) @ rick-tests ---
[INFO] 
[INFO] -------------------------------------------------------
[INFO]  T E S T S
[INFO] -------------------------------------------------------
[INFO] Running org.gephi.layout.plugin.force.TestStepDisplacementRickGen
[ERROR] Tests run: 2, Failures: 0, Errors: 2, Skipped: 0, Time elapsed: 12.535 s <<< FAILURE! - in org.gephi.layout.plugin.force.TestStepDisplacementRickGen
[ERROR] test_moveNode_CO_9b888ac8879c4f6383072dc6d8a70054  Time elapsed: 7.518 s  <<< ERROR!
java.lang.NullPointerException
	at org.gephi.layout.plugin.force.TestStepDisplacementRickGen.test_moveNode_CO_9b888ac8879c4f6383072dc6d8a70054(TestStepDisplacementRickGen.java:62)

[ERROR] test_moveNode_PO_9b888ac8879c4f6383072dc6d8a70054  Time elapsed: 4.28 s  <<< ERROR!
java.lang.NullPointerException
	at org.gephi.layout.plugin.force.TestStepDisplacementRickGen.test_moveNode_PO_9b888ac8879c4f6383072dc6d8a70054(TestStepDisplacementRickGen.java:43)

[INFO] 
[INFO] Results:
[INFO] 
[ERROR] Errors: 
[ERROR]   TestStepDisplacementRickGen.test_moveNode_CO_9b888ac8879c4f6383072dc6d8a70054:62 » NullPointer
[ERROR]   TestStepDisplacementRickGen.test_moveNode_PO_9b888ac8879c4f6383072dc6d8a70054:43 » NullPointer
[INFO] 
[ERROR] Tests run: 2, Failures: 0, Errors: 2, Skipped: 0
[INFO] 
[INFO] ------------------------------------------------------------------------
[INFO] BUILD FAILURE
[INFO] ------------------------------------------------------------------------
[INFO] Total time:  30.289 s
[INFO] Finished at: 2023-06-06T18:17:21+02:00
[INFO] ------------------------------------------------------------------------
[ERROR] Failed to execute goal org.apache.maven.plugins:maven-surefire-plugin:2.22.2:test (default-test) on project rick-tests: There are test failures.
[ERROR] 
[ERROR] Please refer to /home/dee/dev/rick-major-review/rick-tests/target/surefire-reports for the individual test results.
[ERROR] Please refer to dump files (if any exist) [date].dump, [date]-jvmRun[N].dump and [date].dumpstream.
[ERROR] -> [Help 1]
[ERROR] 
[ERROR] To see the full stack trace of the errors, re-run Maven with the -e switch.
[ERROR] Re-run Maven using the -X switch to enable full debug logging.
[ERROR] 
[ERROR] For more information about the errors and possible solutions, please read the following articles:
[ERROR] [Help 1] http://cwiki.apache.org/confluence/display/MAVEN/MojoFailureException

Security framework of XStream not initialized, XStream is probably vulnerable.

---------------------------------------------------
[LOG] Cleaned targets with ['mvn', 'clean']
[INFO] Scanning for projects...
[INFO] 
[INFO] ------------------------< org.gephi:rick-tests >------------------------
[INFO] Building rick-tests 1.0-SNAPSHOT
[INFO] --------------------------------[ jar ]---------------------------------
[INFO] 
[INFO] --- maven-clean-plugin:2.5:clean (default-clean) @ rick-tests ---
[INFO] Deleting /home/dee/dev/rick-major-review/rick-tests/target
[INFO] ------------------------------------------------------------------------
[INFO] BUILD SUCCESS
[INFO] ------------------------------------------------------------------------
[INFO] Total time:  0.852 s
[INFO] Finished at: 2023-06-06T18:17:26+02:00
[INFO] ------------------------------------------------------------------------


---------------------------------------------------
[LOG] In experiment directory /home/dee/dev/rick-major-review/finches
---------------------------------------------------
[LOG] Restoring original RICK test from ./StepDisplacement.java/original-test.java
[LOG] Invoking cp ./StepDisplacement.java/original-test.java /home/dee/dev/rick-major-review/rick-tests/src/test/java/org/gephi/layout/plugin/force/TestStepDisplacementRickGen.java
---------------------------------------------------
[PO] Evaluating only PO
[LOG] Replacing original RICK test with variant po
[LOG] Invoking cp /home/dee/dev/rick-major-review/finches/output/StepDisplacement_moveNode_Node_ForceVector/test-po.java /home/dee/dev/rick-major-review/rick-tests/src/test/java/org/gephi/layout/plugin/force/TestStepDisplacementRickGen.java
[LOG] In test module directory /home/dee/dev/rick-major-review/rick-tests
[LOG] Invoked tests with ['mvn', 'test', '-Dtest=TestStepDisplacementRickGen']
[INFO] Scanning for projects...
[INFO] 
[INFO] ------------------------< org.gephi:rick-tests >------------------------
[INFO] Building rick-tests 1.0-SNAPSHOT
[INFO] --------------------------------[ jar ]---------------------------------
[INFO] 
[INFO] --- maven-resources-plugin:2.6:resources (default-resources) @ rick-tests ---
[WARNING] Using platform encoding (UTF-8 actually) to copy filtered resources, i.e. build is platform dependent!
[INFO] Copying 0 resource
[INFO] 
[INFO] --- maven-compiler-plugin:3.1:compile (default-compile) @ rick-tests ---
[INFO] Nothing to compile - all classes are up to date
[INFO] 
[INFO] --- maven-resources-plugin:2.6:testResources (default-testResources) @ rick-tests ---
[WARNING] Using platform encoding (UTF-8 actually) to copy filtered resources, i.e. build is platform dependent!
[INFO] Copying 119 resources
[INFO] 
[INFO] --- maven-compiler-plugin:3.1:testCompile (default-testCompile) @ rick-tests ---
[INFO] Changes detected - recompiling the module!
[WARNING] File encoding has not been set, using platform encoding UTF-8, i.e. build is platform dependent!
[INFO] Compiling 26 source files to /home/dee/dev/rick-major-review/rick-tests/target/test-classes
[WARNING] /home/dee/dev/rick-major-review/rick-tests/src/test/java/org/gephi/importer/impl/TestImportContainerImplRickGenNodeExists.java: Some input files use unchecked or unsafe operations.
[WARNING] /home/dee/dev/rick-major-review/rick-tests/src/test/java/org/gephi/importer/impl/TestImportContainerImplRickGenNodeExists.java: Recompile with -Xlint:unchecked for details.
[INFO] 
[INFO] --- maven-surefire-plugin:2.22.2:test (default-test) @ rick-tests ---
[INFO] 
[INFO] -------------------------------------------------------
[INFO]  T E S T S
[INFO] -------------------------------------------------------
[INFO] Running org.gephi.layout.plugin.force.TestStepDisplacementRickGen
[ERROR] Tests run: 2, Failures: 0, Errors: 2, Skipped: 0, Time elapsed: 12.98 s <<< FAILURE! - in org.gephi.layout.plugin.force.TestStepDisplacementRickGen
[ERROR] test_moveNode_CO_9b888ac8879c4f6383072dc6d8a70054  Time elapsed: 7.788 s  <<< ERROR!
java.lang.NullPointerException
	at org.gephi.layout.plugin.force.TestStepDisplacementRickGen.test_moveNode_CO_9b888ac8879c4f6383072dc6d8a70054(TestStepDisplacementRickGen.java:62)

[ERROR] test_moveNode_PO_9b888ac8879c4f6383072dc6d8a70054  Time elapsed: 4.381 s  <<< ERROR!
java.lang.NullPointerException
	at org.gephi.layout.plugin.force.TestStepDisplacementRickGen.test_moveNode_PO_9b888ac8879c4f6383072dc6d8a70054(TestStepDisplacementRickGen.java:43)

[INFO] 
[INFO] Results:
[INFO] 
[ERROR] Errors: 
[ERROR]   TestStepDisplacementRickGen.test_moveNode_CO_9b888ac8879c4f6383072dc6d8a70054:62 » NullPointer
[ERROR]   TestStepDisplacementRickGen.test_moveNode_PO_9b888ac8879c4f6383072dc6d8a70054:43 » NullPointer
[INFO] 
[ERROR] Tests run: 2, Failures: 0, Errors: 2, Skipped: 0
[INFO] 
[INFO] ------------------------------------------------------------------------
[INFO] BUILD FAILURE
[INFO] ------------------------------------------------------------------------
[INFO] Total time:  28.881 s
[INFO] Finished at: 2023-06-06T18:17:58+02:00
[INFO] ------------------------------------------------------------------------
[ERROR] Failed to execute goal org.apache.maven.plugins:maven-surefire-plugin:2.22.2:test (default-test) on project rick-tests: There are test failures.
[ERROR] 
[ERROR] Please refer to /home/dee/dev/rick-major-review/rick-tests/target/surefire-reports for the individual test results.
[ERROR] Please refer to dump files (if any exist) [date].dump, [date]-jvmRun[N].dump and [date].dumpstream.
[ERROR] -> [Help 1]
[ERROR] 
[ERROR] To see the full stack trace of the errors, re-run Maven with the -e switch.
[ERROR] Re-run Maven using the -X switch to enable full debug logging.
[ERROR] 
[ERROR] For more information about the errors and possible solutions, please read the following articles:
[ERROR] [Help 1] http://cwiki.apache.org/confluence/display/MAVEN/MojoFailureException

Security framework of XStream not initialized, XStream is probably vulnerable.

---------------------------------------------------
[LOG] Cleaned targets with ['mvn', 'clean']
[INFO] Scanning for projects...
[INFO] 
[INFO] ------------------------< org.gephi:rick-tests >------------------------
[INFO] Building rick-tests 1.0-SNAPSHOT
[INFO] --------------------------------[ jar ]---------------------------------
[INFO] 
[INFO] --- maven-clean-plugin:2.5:clean (default-clean) @ rick-tests ---
[INFO] Deleting /home/dee/dev/rick-major-review/rick-tests/target
[INFO] ------------------------------------------------------------------------
[INFO] BUILD SUCCESS
[INFO] ------------------------------------------------------------------------
[INFO] Total time:  0.879 s
[INFO] Finished at: 2023-06-06T18:18:02+02:00
[INFO] ------------------------------------------------------------------------


---------------------------------------------------
[LOG] In experiment directory /home/dee/dev/rick-major-review/finches
---------------------------------------------------
[LOG] Restoring original RICK test from ./StepDisplacement.java/original-test.java
[LOG] Invoking cp ./StepDisplacement.java/original-test.java /home/dee/dev/rick-major-review/rick-tests/src/test/java/org/gephi/layout/plugin/force/TestStepDisplacementRickGen.java
---------------------------------------------------
[CO] Evaluating only CO
[LOG] Replacing original RICK test with variant co
[LOG] Invoking cp /home/dee/dev/rick-major-review/finches/output/StepDisplacement_moveNode_Node_ForceVector/test-co.java /home/dee/dev/rick-major-review/rick-tests/src/test/java/org/gephi/layout/plugin/force/TestStepDisplacementRickGen.java
[LOG] In test module directory /home/dee/dev/rick-major-review/rick-tests
[LOG] Invoked tests with ['mvn', 'test', '-Dtest=TestStepDisplacementRickGen']
[INFO] Scanning for projects...
[INFO] 
[INFO] ------------------------< org.gephi:rick-tests >------------------------
[INFO] Building rick-tests 1.0-SNAPSHOT
[INFO] --------------------------------[ jar ]---------------------------------
[INFO] 
[INFO] --- maven-resources-plugin:2.6:resources (default-resources) @ rick-tests ---
[WARNING] Using platform encoding (UTF-8 actually) to copy filtered resources, i.e. build is platform dependent!
[INFO] Copying 0 resource
[INFO] 
[INFO] --- maven-compiler-plugin:3.1:compile (default-compile) @ rick-tests ---
[INFO] Nothing to compile - all classes are up to date
[INFO] 
[INFO] --- maven-resources-plugin:2.6:testResources (default-testResources) @ rick-tests ---
[WARNING] Using platform encoding (UTF-8 actually) to copy filtered resources, i.e. build is platform dependent!
[INFO] Copying 119 resources
[INFO] 
[INFO] --- maven-compiler-plugin:3.1:testCompile (default-testCompile) @ rick-tests ---
[INFO] Changes detected - recompiling the module!
[WARNING] File encoding has not been set, using platform encoding UTF-8, i.e. build is platform dependent!
[INFO] Compiling 26 source files to /home/dee/dev/rick-major-review/rick-tests/target/test-classes
[WARNING] /home/dee/dev/rick-major-review/rick-tests/src/test/java/org/gephi/importer/impl/TestImportContainerImplRickGenNodeExists.java: Some input files use unchecked or unsafe operations.
[WARNING] /home/dee/dev/rick-major-review/rick-tests/src/test/java/org/gephi/importer/impl/TestImportContainerImplRickGenNodeExists.java: Recompile with -Xlint:unchecked for details.
[INFO] 
[INFO] --- maven-surefire-plugin:2.22.2:test (default-test) @ rick-tests ---
[INFO] 
[INFO] -------------------------------------------------------
[INFO]  T E S T S
[INFO] -------------------------------------------------------
[INFO] Running org.gephi.layout.plugin.force.TestStepDisplacementRickGen
[ERROR] Tests run: 2, Failures: 0, Errors: 2, Skipped: 0, Time elapsed: 12.884 s <<< FAILURE! - in org.gephi.layout.plugin.force.TestStepDisplacementRickGen
[ERROR] test_moveNode_CO_9b888ac8879c4f6383072dc6d8a70054  Time elapsed: 7.455 s  <<< ERROR!
java.lang.NullPointerException
	at org.gephi.layout.plugin.force.TestStepDisplacementRickGen.test_moveNode_CO_9b888ac8879c4f6383072dc6d8a70054(TestStepDisplacementRickGen.java:62)

[ERROR] test_moveNode_PO_9b888ac8879c4f6383072dc6d8a70054  Time elapsed: 4.659 s  <<< ERROR!
java.lang.NullPointerException
	at org.gephi.layout.plugin.force.TestStepDisplacementRickGen.test_moveNode_PO_9b888ac8879c4f6383072dc6d8a70054(TestStepDisplacementRickGen.java:43)

[INFO] 
[INFO] Results:
[INFO] 
[ERROR] Errors: 
[ERROR]   TestStepDisplacementRickGen.test_moveNode_CO_9b888ac8879c4f6383072dc6d8a70054:62 » NullPointer
[ERROR]   TestStepDisplacementRickGen.test_moveNode_PO_9b888ac8879c4f6383072dc6d8a70054:43 » NullPointer
[INFO] 
[ERROR] Tests run: 2, Failures: 0, Errors: 2, Skipped: 0
[INFO] 
[INFO] ------------------------------------------------------------------------
[INFO] BUILD FAILURE
[INFO] ------------------------------------------------------------------------
[INFO] Total time:  28.641 s
[INFO] Finished at: 2023-06-06T18:18:34+02:00
[INFO] ------------------------------------------------------------------------
[ERROR] Failed to execute goal org.apache.maven.plugins:maven-surefire-plugin:2.22.2:test (default-test) on project rick-tests: There are test failures.
[ERROR] 
[ERROR] Please refer to /home/dee/dev/rick-major-review/rick-tests/target/surefire-reports for the individual test results.
[ERROR] Please refer to dump files (if any exist) [date].dump, [date]-jvmRun[N].dump and [date].dumpstream.
[ERROR] -> [Help 1]
[ERROR] 
[ERROR] To see the full stack trace of the errors, re-run Maven with the -e switch.
[ERROR] Re-run Maven using the -X switch to enable full debug logging.
[ERROR] 
[ERROR] For more information about the errors and possible solutions, please read the following articles:
[ERROR] [Help 1] http://cwiki.apache.org/confluence/display/MAVEN/MojoFailureException

Security framework of XStream not initialized, XStream is probably vulnerable.

---------------------------------------------------
[LOG] Cleaned targets with ['mvn', 'clean']
[INFO] Scanning for projects...
[INFO] 
[INFO] ------------------------< org.gephi:rick-tests >------------------------
[INFO] Building rick-tests 1.0-SNAPSHOT
[INFO] --------------------------------[ jar ]---------------------------------
[INFO] 
[INFO] --- maven-clean-plugin:2.5:clean (default-clean) @ rick-tests ---
[INFO] Deleting /home/dee/dev/rick-major-review/rick-tests/target
[INFO] ------------------------------------------------------------------------
[INFO] BUILD SUCCESS
[INFO] ------------------------------------------------------------------------
[INFO] Total time:  0.832 s
[INFO] Finished at: 2023-06-06T18:18:39+02:00
[INFO] ------------------------------------------------------------------------


---------------------------------------------------
[LOG] In experiment directory /home/dee/dev/rick-major-review/finches
---------------------------------------------------
[LOG] Restoring original RICK test from ./StepDisplacement.java/original-test.java
[LOG] Invoking cp ./StepDisplacement.java/original-test.java /home/dee/dev/rick-major-review/rick-tests/src/test/java/org/gephi/layout/plugin/force/TestStepDisplacementRickGen.java
---------------------------------------------------
[ALL] Evaluating (OO +) PO + CO
[LOG] Restoring original RICK test from ./StepDisplacement.java/original-test.java
[LOG] Invoking cp ./StepDisplacement.java/original-test.java /home/dee/dev/rick-major-review/rick-tests/src/test/java/org/gephi/layout/plugin/force/TestStepDisplacementRickGen.java
[LOG] In test module directory /home/dee/dev/rick-major-review/rick-tests
[LOG] Invoked tests with ['mvn', 'test', '-Dtest=TestStepDisplacementRickGen']
[INFO] Scanning for projects...
[INFO] 
[INFO] ------------------------< org.gephi:rick-tests >------------------------
[INFO] Building rick-tests 1.0-SNAPSHOT
[INFO] --------------------------------[ jar ]---------------------------------
[INFO] 
[INFO] --- maven-resources-plugin:2.6:resources (default-resources) @ rick-tests ---
[WARNING] Using platform encoding (UTF-8 actually) to copy filtered resources, i.e. build is platform dependent!
[INFO] Copying 0 resource
[INFO] 
[INFO] --- maven-compiler-plugin:3.1:compile (default-compile) @ rick-tests ---
[INFO] Nothing to compile - all classes are up to date
[INFO] 
[INFO] --- maven-resources-plugin:2.6:testResources (default-testResources) @ rick-tests ---
[WARNING] Using platform encoding (UTF-8 actually) to copy filtered resources, i.e. build is platform dependent!
[INFO] Copying 119 resources
[INFO] 
[INFO] --- maven-compiler-plugin:3.1:testCompile (default-testCompile) @ rick-tests ---
[INFO] Changes detected - recompiling the module!
[WARNING] File encoding has not been set, using platform encoding UTF-8, i.e. build is platform dependent!
[INFO] Compiling 26 source files to /home/dee/dev/rick-major-review/rick-tests/target/test-classes
[WARNING] /home/dee/dev/rick-major-review/rick-tests/src/test/java/org/gephi/importer/impl/TestImportContainerImplRickGenNodeExists.java: Some input files use unchecked or unsafe operations.
[WARNING] /home/dee/dev/rick-major-review/rick-tests/src/test/java/org/gephi/importer/impl/TestImportContainerImplRickGenNodeExists.java: Recompile with -Xlint:unchecked for details.
[INFO] 
[INFO] --- maven-surefire-plugin:2.22.2:test (default-test) @ rick-tests ---
[INFO] 
[INFO] -------------------------------------------------------
[INFO]  T E S T S
[INFO] -------------------------------------------------------
[INFO] Running org.gephi.layout.plugin.force.TestStepDisplacementRickGen
[ERROR] Tests run: 2, Failures: 0, Errors: 2, Skipped: 0, Time elapsed: 11.905 s <<< FAILURE! - in org.gephi.layout.plugin.force.TestStepDisplacementRickGen
[ERROR] test_moveNode_CO_9b888ac8879c4f6383072dc6d8a70054  Time elapsed: 7.296 s  <<< ERROR!
java.lang.NullPointerException
	at org.gephi.layout.plugin.force.TestStepDisplacementRickGen.test_moveNode_CO_9b888ac8879c4f6383072dc6d8a70054(TestStepDisplacementRickGen.java:62)

[ERROR] test_moveNode_PO_9b888ac8879c4f6383072dc6d8a70054  Time elapsed: 3.815 s  <<< ERROR!
java.lang.NullPointerException
	at org.gephi.layout.plugin.force.TestStepDisplacementRickGen.test_moveNode_PO_9b888ac8879c4f6383072dc6d8a70054(TestStepDisplacementRickGen.java:43)

[INFO] 
[INFO] Results:
[INFO] 
[ERROR] Errors: 
[ERROR]   TestStepDisplacementRickGen.test_moveNode_CO_9b888ac8879c4f6383072dc6d8a70054:62 » NullPointer
[ERROR]   TestStepDisplacementRickGen.test_moveNode_PO_9b888ac8879c4f6383072dc6d8a70054:43 » NullPointer
[INFO] 
[ERROR] Tests run: 2, Failures: 0, Errors: 2, Skipped: 0
[INFO] 
[INFO] ------------------------------------------------------------------------
[INFO] BUILD FAILURE
[INFO] ------------------------------------------------------------------------
[INFO] Total time:  27.742 s
[INFO] Finished at: 2023-06-06T18:19:10+02:00
[INFO] ------------------------------------------------------------------------
[ERROR] Failed to execute goal org.apache.maven.plugins:maven-surefire-plugin:2.22.2:test (default-test) on project rick-tests: There are test failures.
[ERROR] 
[ERROR] Please refer to /home/dee/dev/rick-major-review/rick-tests/target/surefire-reports for the individual test results.
[ERROR] Please refer to dump files (if any exist) [date].dump, [date]-jvmRun[N].dump and [date].dumpstream.
[ERROR] -> [Help 1]
[ERROR] 
[ERROR] To see the full stack trace of the errors, re-run Maven with the -e switch.
[ERROR] Re-run Maven using the -X switch to enable full debug logging.
[ERROR] 
[ERROR] For more information about the errors and possible solutions, please read the following articles:
[ERROR] [Help 1] http://cwiki.apache.org/confluence/display/MAVEN/MojoFailureException

Security framework of XStream not initialized, XStream is probably vulnerable.

---------------------------------------------------
[LOG] Cleaned targets with ['mvn', 'clean']
[INFO] Scanning for projects...
[INFO] 
[INFO] ------------------------< org.gephi:rick-tests >------------------------
[INFO] Building rick-tests 1.0-SNAPSHOT
[INFO] --------------------------------[ jar ]---------------------------------
[INFO] 
[INFO] --- maven-clean-plugin:2.5:clean (default-clean) @ rick-tests ---
[INFO] Deleting /home/dee/dev/rick-major-review/rick-tests/target
[INFO] ------------------------------------------------------------------------
[INFO] BUILD SUCCESS
[INFO] ------------------------------------------------------------------------
[INFO] Total time:  0.865 s
[INFO] Finished at: 2023-06-06T18:19:14+02:00
[INFO] ------------------------------------------------------------------------


---------------------------------------------------
[LOG] In experiment directory /home/dee/dev/rick-major-review/finches
---------------------------------------------------
---------------------------------------------------
[LOG] Resetting StepDisplacement.java to original
[LOG] Invoking cp ./StepDisplacement.java/original.java /home/dee/dev/rick-major-review/gephi/modules/LayoutPlugin/src/main/java/org/gephi/layout/plugin/force/StepDisplacement.java
---------------------------------------------------
[LOG] Replacing originalStepDisplacement.java with ./StepDisplacement.java/11.java
[LOG] Invoking cp ./StepDisplacement.java/11.java /home/dee/dev/rick-major-review/gephi/modules/LayoutPlugin/src/main/java/org/gephi/layout/plugin/force/StepDisplacement.java
[LOG] Invoked a clean install of the parent module with ['mvn', 'clean', 'install', '-DskipTests']
[INFO] Scanning for projects...
[INFO] 
[INFO] ----------------------< org.gephi:layout-plugin >-----------------------
[INFO] Building LayoutPlugin 0.9.6
[INFO] --------------------------------[ nbm ]---------------------------------
[INFO] 
[INFO] --- maven-clean-plugin:3.1.0:clean (default-clean) @ layout-plugin ---
[INFO] Deleting /home/dee/dev/rick-major-review/gephi/modules/LayoutPlugin/target
[INFO] 
[INFO] --- build-helper-maven-plugin:3.3.0:parse-version (parse-version) @ layout-plugin ---
[INFO] 
[INFO] --- maven-checkstyle-plugin:3.1.2:check (validate) @ layout-plugin ---
[INFO] 
[INFO] --- maven-resources-plugin:3.2.0:copy-resources (generate-modules-xml) @ layout-plugin ---
[INFO] Using 'UTF-8' encoding to copy filtered resources.
[INFO] Using 'UTF-8' encoding to copy filtered properties files.
[INFO] Copying 1 resource
[INFO] 
[INFO] --- maven-resources-plugin:3.2.0:resources (default-resources) @ layout-plugin ---
[INFO] Using 'UTF-8' encoding to copy filtered resources.
[INFO] Using 'UTF-8' encoding to copy filtered properties files.
[INFO] Copying 178 resources
[INFO] 
[INFO] --- maven-compiler-plugin:3.10.0:compile (default-compile) @ layout-plugin ---
[INFO] Changes detected - recompiling the module!
[INFO] Compiling 54 source files to /home/dee/dev/rick-major-review/gephi/modules/LayoutPlugin/target/classes
[WARNING] No processor claimed any of these annotations: java.base/java.lang.Override
[WARNING] /home/dee/dev/rick-major-review/gephi/modules/LayoutPlugin/src/main/java/org/gephi/layout/plugin/openord/DensityGrid.java:[68,19] [rawtypes] found raw type: ArrayDeque
  missing type arguments for generic class ArrayDeque<E>
  where E is a type-variable:
    E extends Object declared in class ArrayDeque
[WARNING] /home/dee/dev/rick-major-review/gephi/modules/LayoutPlugin/src/main/java/org/gephi/layout/plugin/openord/DensityGrid.java:[68,15] [unchecked] unchecked conversion
  required: ArrayDeque<Node>[][]
  found:    ArrayDeque[][]
[WARNING] /home/dee/dev/rick-major-review/gephi/modules/LayoutPlugin/src/main/java/org/gephi/layout/plugin/force/quadtree/QuadTree.java:[435,23] [rawtypes] found raw type: Entry
  missing type arguments for generic class Entry<K,V>
  where K,V are type-variables:
    K extends Object declared in interface Entry
    V extends Object declared in interface Entry
[WARNING] /home/dee/dev/rick-major-review/gephi/modules/LayoutPlugin/src/main/java/org/gephi/layout/plugin/AutoLayout.java:[158,48] [unchecked] unchecked call to setValue(T) as a member of the raw type Property
  where T is a type-variable:
    T extends Object declared in class Property
[WARNING] /home/dee/dev/rick-major-review/gephi/modules/LayoutPlugin/src/main/java/org/gephi/layout/plugin/AutoLayout.java:[241,8] [rawtypes] found raw type: Property
  missing type arguments for generic class Property<T>
  where T is a type-variable:
    T extends Object declared in class Property
[WARNING] /home/dee/dev/rick-major-review/gephi/modules/LayoutPlugin/src/main/java/org/gephi/layout/plugin/AutoLayout.java:[249,18] [rawtypes] found raw type: Property
  missing type arguments for generic class Property<T>
  where T is a type-variable:
    T extends Object declared in class Property
[WARNING] /home/dee/dev/rick-major-review/gephi/modules/LayoutPlugin/src/main/java/org/gephi/layout/plugin/AutoLayout.java:[256,15] [rawtypes] found raw type: Property
  missing type arguments for generic class Property<T>
  where T is a type-variable:
    T extends Object declared in class Property
[WARNING] /home/dee/dev/rick-major-review/gephi/modules/LayoutPlugin/src/main/java/org/gephi/layout/plugin/AutoLayout.java:[260,25] [rawtypes] found raw type: Property
  missing type arguments for generic class Property<T>
  where T is a type-variable:
    T extends Object declared in class Property
[WARNING] /home/dee/dev/rick-major-review/gephi/modules/LayoutPlugin/src/main/java/org/gephi/layout/plugin/forceAtlas2/ForceAtlas2.java:[193,22] [rawtypes] found raw type: Future
  missing type arguments for generic class Future<V>
  where V is a type-variable:
    V extends Object declared in interface Future
[WARNING] /home/dee/dev/rick-major-review/gephi/modules/LayoutPlugin/src/main/java/org/gephi/layout/plugin/forceAtlas2/ForceAtlas2.java:[193,44] [rawtypes] found raw type: ArrayList
  missing type arguments for generic class ArrayList<E>
  where E is a type-variable:
    E extends Object declared in class ArrayList
[WARNING] /home/dee/dev/rick-major-review/gephi/modules/LayoutPlugin/src/main/java/org/gephi/layout/plugin/forceAtlas2/ForceAtlas2.java:[193,40] [unchecked] unchecked conversion
  required: ArrayList<Future>
  found:    ArrayList
[WARNING] /home/dee/dev/rick-major-review/gephi/modules/LayoutPlugin/src/main/java/org/gephi/layout/plugin/forceAtlas2/ForceAtlas2.java:[197,16] [rawtypes] found raw type: Future
  missing type arguments for generic class Future<V>
  where V is a type-variable:
    V extends Object declared in interface Future
[WARNING] /home/dee/dev/rick-major-review/gephi/modules/LayoutPlugin/src/main/java/org/gephi/layout/plugin/forceAtlas2/ForceAtlas2.java:[203,17] [rawtypes] found raw type: Future
  missing type arguments for generic class Future<V>
  where V is a type-variable:
    V extends Object declared in interface Future
[INFO] 
[INFO] --- nbm-maven-plugin:4.6:manifest (default-manifest) @ layout-plugin ---
[INFO] NBM Plugin generates manifest
[INFO] 
[INFO] --- maven-resources-plugin:3.2.0:testResources (default-testResources) @ layout-plugin ---
[INFO] Using 'UTF-8' encoding to copy filtered resources.
[INFO] Using 'UTF-8' encoding to copy filtered properties files.
[INFO] skip non existing resourceDirectory /home/dee/dev/rick-major-review/gephi/modules/LayoutPlugin/src/test/resources
[INFO] 
[INFO] --- maven-compiler-plugin:3.10.0:testCompile (default-testCompile) @ layout-plugin ---
[INFO] No sources to compile
[INFO] 
[INFO] --- maven-surefire-plugin:2.22.2:test (default-test) @ layout-plugin ---
[INFO] Tests are skipped.
[INFO] 
[INFO] --- maven-jar-plugin:3.2.2:jar (default-jar) @ layout-plugin ---
[INFO] Building jar: /home/dee/dev/rick-major-review/gephi/modules/LayoutPlugin/target/layout-plugin-0.9.6.jar
[INFO] 
[INFO] --- nbm-maven-plugin:4.6:nbm (default-nbm) @ layout-plugin ---
[INFO] Copying module JAR to /home/dee/dev/rick-major-review/gephi/modules/LayoutPlugin/target/nbm/clusters/gephi/modules
[INFO] Generating Auto Update information for org.gephi.layout.plugin
[WARNING] No updater.jar specified, cannot validate Info.xml against DTD
[INFO] Building jar: /home/dee/dev/rick-major-review/gephi/modules/LayoutPlugin/target/nbm/layout-plugin-0.9.6.nbm
[INFO] 
[INFO] --- maven-install-plugin:2.5.2:install (default-install) @ layout-plugin ---
[INFO] Installing /home/dee/dev/rick-major-review/gephi/modules/LayoutPlugin/target/layout-plugin-0.9.6.jar to /home/dee/.m2/repository/org/gephi/layout-plugin/0.9.6/layout-plugin-0.9.6.jar
[INFO] Installing /home/dee/dev/rick-major-review/gephi/modules/LayoutPlugin/pom.xml to /home/dee/.m2/repository/org/gephi/layout-plugin/0.9.6/layout-plugin-0.9.6.pom
[INFO] Installing /home/dee/dev/rick-major-review/gephi/modules/LayoutPlugin/target/layout-plugin-0.9.6.nbm to /home/dee/.m2/repository/org/gephi/layout-plugin/0.9.6/layout-plugin-0.9.6.nbm
[INFO] ------------------------------------------------------------------------
[INFO] BUILD SUCCESS
[INFO] ------------------------------------------------------------------------
[INFO] Total time:  19.400 s
[INFO] Finished at: 2023-06-06T18:19:37+02:00
[INFO] ------------------------------------------------------------------------


---------------------------------------------------
[BASELINE] Not evaluating any oracle
[LOG] Replacing original RICK test with variant baseline
[LOG] Invoking cp /home/dee/dev/rick-major-review/finches/output/StepDisplacement_moveNode_Node_ForceVector/test-baseline.java /home/dee/dev/rick-major-review/rick-tests/src/test/java/org/gephi/layout/plugin/force/TestStepDisplacementRickGen.java
[LOG] In test module directory /home/dee/dev/rick-major-review/rick-tests
[LOG] Invoked tests with ['mvn', 'test', '-Dtest=TestStepDisplacementRickGen']
[INFO] Scanning for projects...
[INFO] 
[INFO] ------------------------< org.gephi:rick-tests >------------------------
[INFO] Building rick-tests 1.0-SNAPSHOT
[INFO] --------------------------------[ jar ]---------------------------------
[INFO] 
[INFO] --- maven-resources-plugin:2.6:resources (default-resources) @ rick-tests ---
[WARNING] Using platform encoding (UTF-8 actually) to copy filtered resources, i.e. build is platform dependent!
[INFO] Copying 0 resource
[INFO] 
[INFO] --- maven-compiler-plugin:3.1:compile (default-compile) @ rick-tests ---
[INFO] Nothing to compile - all classes are up to date
[INFO] 
[INFO] --- maven-resources-plugin:2.6:testResources (default-testResources) @ rick-tests ---
[WARNING] Using platform encoding (UTF-8 actually) to copy filtered resources, i.e. build is platform dependent!
[INFO] Copying 119 resources
[INFO] 
[INFO] --- maven-compiler-plugin:3.1:testCompile (default-testCompile) @ rick-tests ---
[INFO] Changes detected - recompiling the module!
[WARNING] File encoding has not been set, using platform encoding UTF-8, i.e. build is platform dependent!
[INFO] Compiling 26 source files to /home/dee/dev/rick-major-review/rick-tests/target/test-classes
[WARNING] /home/dee/dev/rick-major-review/rick-tests/src/test/java/org/gephi/importer/impl/TestImportContainerImplRickGenNodeExists.java: Some input files use unchecked or unsafe operations.
[WARNING] /home/dee/dev/rick-major-review/rick-tests/src/test/java/org/gephi/importer/impl/TestImportContainerImplRickGenNodeExists.java: Recompile with -Xlint:unchecked for details.
[INFO] 
[INFO] --- maven-surefire-plugin:2.22.2:test (default-test) @ rick-tests ---
[INFO] 
[INFO] -------------------------------------------------------
[INFO]  T E S T S
[INFO] -------------------------------------------------------
[INFO] Running org.gephi.layout.plugin.force.TestStepDisplacementRickGen
[ERROR] Tests run: 2, Failures: 0, Errors: 2, Skipped: 0, Time elapsed: 12.76 s <<< FAILURE! - in org.gephi.layout.plugin.force.TestStepDisplacementRickGen
[ERROR] test_moveNode_CO_9b888ac8879c4f6383072dc6d8a70054  Time elapsed: 7.405 s  <<< ERROR!
java.lang.NullPointerException
	at org.gephi.layout.plugin.force.TestStepDisplacementRickGen.test_moveNode_CO_9b888ac8879c4f6383072dc6d8a70054(TestStepDisplacementRickGen.java:62)

[ERROR] test_moveNode_PO_9b888ac8879c4f6383072dc6d8a70054  Time elapsed: 4.617 s  <<< ERROR!
java.lang.NullPointerException
	at org.gephi.layout.plugin.force.TestStepDisplacementRickGen.test_moveNode_PO_9b888ac8879c4f6383072dc6d8a70054(TestStepDisplacementRickGen.java:43)

[INFO] 
[INFO] Results:
[INFO] 
[ERROR] Errors: 
[ERROR]   TestStepDisplacementRickGen.test_moveNode_CO_9b888ac8879c4f6383072dc6d8a70054:62 » NullPointer
[ERROR]   TestStepDisplacementRickGen.test_moveNode_PO_9b888ac8879c4f6383072dc6d8a70054:43 » NullPointer
[INFO] 
[ERROR] Tests run: 2, Failures: 0, Errors: 2, Skipped: 0
[INFO] 
[INFO] ------------------------------------------------------------------------
[INFO] BUILD FAILURE
[INFO] ------------------------------------------------------------------------
[INFO] Total time:  27.706 s
[INFO] Finished at: 2023-06-06T18:20:08+02:00
[INFO] ------------------------------------------------------------------------
[ERROR] Failed to execute goal org.apache.maven.plugins:maven-surefire-plugin:2.22.2:test (default-test) on project rick-tests: There are test failures.
[ERROR] 
[ERROR] Please refer to /home/dee/dev/rick-major-review/rick-tests/target/surefire-reports for the individual test results.
[ERROR] Please refer to dump files (if any exist) [date].dump, [date]-jvmRun[N].dump and [date].dumpstream.
[ERROR] -> [Help 1]
[ERROR] 
[ERROR] To see the full stack trace of the errors, re-run Maven with the -e switch.
[ERROR] Re-run Maven using the -X switch to enable full debug logging.
[ERROR] 
[ERROR] For more information about the errors and possible solutions, please read the following articles:
[ERROR] [Help 1] http://cwiki.apache.org/confluence/display/MAVEN/MojoFailureException

Security framework of XStream not initialized, XStream is probably vulnerable.

---------------------------------------------------
[LOG] Cleaned targets with ['mvn', 'clean']
[INFO] Scanning for projects...
[INFO] 
[INFO] ------------------------< org.gephi:rick-tests >------------------------
[INFO] Building rick-tests 1.0-SNAPSHOT
[INFO] --------------------------------[ jar ]---------------------------------
[INFO] 
[INFO] --- maven-clean-plugin:2.5:clean (default-clean) @ rick-tests ---
[INFO] Deleting /home/dee/dev/rick-major-review/rick-tests/target
[INFO] ------------------------------------------------------------------------
[INFO] BUILD SUCCESS
[INFO] ------------------------------------------------------------------------
[INFO] Total time:  0.858 s
[INFO] Finished at: 2023-06-06T18:20:12+02:00
[INFO] ------------------------------------------------------------------------


---------------------------------------------------
[LOG] In experiment directory /home/dee/dev/rick-major-review/finches
---------------------------------------------------
[LOG] Restoring original RICK test from ./StepDisplacement.java/original-test.java
[LOG] Invoking cp ./StepDisplacement.java/original-test.java /home/dee/dev/rick-major-review/rick-tests/src/test/java/org/gephi/layout/plugin/force/TestStepDisplacementRickGen.java
---------------------------------------------------
[PO] Evaluating only PO
[LOG] Replacing original RICK test with variant po
[LOG] Invoking cp /home/dee/dev/rick-major-review/finches/output/StepDisplacement_moveNode_Node_ForceVector/test-po.java /home/dee/dev/rick-major-review/rick-tests/src/test/java/org/gephi/layout/plugin/force/TestStepDisplacementRickGen.java
[LOG] In test module directory /home/dee/dev/rick-major-review/rick-tests
[LOG] Invoked tests with ['mvn', 'test', '-Dtest=TestStepDisplacementRickGen']
[INFO] Scanning for projects...
[INFO] 
[INFO] ------------------------< org.gephi:rick-tests >------------------------
[INFO] Building rick-tests 1.0-SNAPSHOT
[INFO] --------------------------------[ jar ]---------------------------------
[INFO] 
[INFO] --- maven-resources-plugin:2.6:resources (default-resources) @ rick-tests ---
[WARNING] Using platform encoding (UTF-8 actually) to copy filtered resources, i.e. build is platform dependent!
[INFO] Copying 0 resource
[INFO] 
[INFO] --- maven-compiler-plugin:3.1:compile (default-compile) @ rick-tests ---
[INFO] Nothing to compile - all classes are up to date
[INFO] 
[INFO] --- maven-resources-plugin:2.6:testResources (default-testResources) @ rick-tests ---
[WARNING] Using platform encoding (UTF-8 actually) to copy filtered resources, i.e. build is platform dependent!
[INFO] Copying 119 resources
[INFO] 
[INFO] --- maven-compiler-plugin:3.1:testCompile (default-testCompile) @ rick-tests ---
[INFO] Changes detected - recompiling the module!
[WARNING] File encoding has not been set, using platform encoding UTF-8, i.e. build is platform dependent!
[INFO] Compiling 26 source files to /home/dee/dev/rick-major-review/rick-tests/target/test-classes
[WARNING] /home/dee/dev/rick-major-review/rick-tests/src/test/java/org/gephi/importer/impl/TestImportContainerImplRickGenNodeExists.java: Some input files use unchecked or unsafe operations.
[WARNING] /home/dee/dev/rick-major-review/rick-tests/src/test/java/org/gephi/importer/impl/TestImportContainerImplRickGenNodeExists.java: Recompile with -Xlint:unchecked for details.
[INFO] 
[INFO] --- maven-surefire-plugin:2.22.2:test (default-test) @ rick-tests ---
[INFO] 
[INFO] -------------------------------------------------------
[INFO]  T E S T S
[INFO] -------------------------------------------------------
[INFO] Running org.gephi.layout.plugin.force.TestStepDisplacementRickGen
[ERROR] Tests run: 2, Failures: 0, Errors: 2, Skipped: 0, Time elapsed: 12.36 s <<< FAILURE! - in org.gephi.layout.plugin.force.TestStepDisplacementRickGen
[ERROR] test_moveNode_CO_9b888ac8879c4f6383072dc6d8a70054  Time elapsed: 7.829 s  <<< ERROR!
java.lang.NullPointerException
	at org.gephi.layout.plugin.force.TestStepDisplacementRickGen.test_moveNode_CO_9b888ac8879c4f6383072dc6d8a70054(TestStepDisplacementRickGen.java:62)

[ERROR] test_moveNode_PO_9b888ac8879c4f6383072dc6d8a70054  Time elapsed: 3.836 s  <<< ERROR!
java.lang.NullPointerException
	at org.gephi.layout.plugin.force.TestStepDisplacementRickGen.test_moveNode_PO_9b888ac8879c4f6383072dc6d8a70054(TestStepDisplacementRickGen.java:43)

[INFO] 
[INFO] Results:
[INFO] 
[ERROR] Errors: 
[ERROR]   TestStepDisplacementRickGen.test_moveNode_CO_9b888ac8879c4f6383072dc6d8a70054:62 » NullPointer
[ERROR]   TestStepDisplacementRickGen.test_moveNode_PO_9b888ac8879c4f6383072dc6d8a70054:43 » NullPointer
[INFO] 
[ERROR] Tests run: 2, Failures: 0, Errors: 2, Skipped: 0
[INFO] 
[INFO] ------------------------------------------------------------------------
[INFO] BUILD FAILURE
[INFO] ------------------------------------------------------------------------
[INFO] Total time:  27.978 s
[INFO] Finished at: 2023-06-06T18:20:44+02:00
[INFO] ------------------------------------------------------------------------
[ERROR] Failed to execute goal org.apache.maven.plugins:maven-surefire-plugin:2.22.2:test (default-test) on project rick-tests: There are test failures.
[ERROR] 
[ERROR] Please refer to /home/dee/dev/rick-major-review/rick-tests/target/surefire-reports for the individual test results.
[ERROR] Please refer to dump files (if any exist) [date].dump, [date]-jvmRun[N].dump and [date].dumpstream.
[ERROR] -> [Help 1]
[ERROR] 
[ERROR] To see the full stack trace of the errors, re-run Maven with the -e switch.
[ERROR] Re-run Maven using the -X switch to enable full debug logging.
[ERROR] 
[ERROR] For more information about the errors and possible solutions, please read the following articles:
[ERROR] [Help 1] http://cwiki.apache.org/confluence/display/MAVEN/MojoFailureException

Security framework of XStream not initialized, XStream is probably vulnerable.

---------------------------------------------------
[LOG] Cleaned targets with ['mvn', 'clean']
[INFO] Scanning for projects...
[INFO] 
[INFO] ------------------------< org.gephi:rick-tests >------------------------
[INFO] Building rick-tests 1.0-SNAPSHOT
[INFO] --------------------------------[ jar ]---------------------------------
[INFO] 
[INFO] --- maven-clean-plugin:2.5:clean (default-clean) @ rick-tests ---
[INFO] Deleting /home/dee/dev/rick-major-review/rick-tests/target
[INFO] ------------------------------------------------------------------------
[INFO] BUILD SUCCESS
[INFO] ------------------------------------------------------------------------
[INFO] Total time:  0.847 s
[INFO] Finished at: 2023-06-06T18:20:48+02:00
[INFO] ------------------------------------------------------------------------


---------------------------------------------------
[LOG] In experiment directory /home/dee/dev/rick-major-review/finches
---------------------------------------------------
[LOG] Restoring original RICK test from ./StepDisplacement.java/original-test.java
[LOG] Invoking cp ./StepDisplacement.java/original-test.java /home/dee/dev/rick-major-review/rick-tests/src/test/java/org/gephi/layout/plugin/force/TestStepDisplacementRickGen.java
---------------------------------------------------
[CO] Evaluating only CO
[LOG] Replacing original RICK test with variant co
[LOG] Invoking cp /home/dee/dev/rick-major-review/finches/output/StepDisplacement_moveNode_Node_ForceVector/test-co.java /home/dee/dev/rick-major-review/rick-tests/src/test/java/org/gephi/layout/plugin/force/TestStepDisplacementRickGen.java
[LOG] In test module directory /home/dee/dev/rick-major-review/rick-tests
[LOG] Invoked tests with ['mvn', 'test', '-Dtest=TestStepDisplacementRickGen']
[INFO] Scanning for projects...
[INFO] 
[INFO] ------------------------< org.gephi:rick-tests >------------------------
[INFO] Building rick-tests 1.0-SNAPSHOT
[INFO] --------------------------------[ jar ]---------------------------------
[INFO] 
[INFO] --- maven-resources-plugin:2.6:resources (default-resources) @ rick-tests ---
[WARNING] Using platform encoding (UTF-8 actually) to copy filtered resources, i.e. build is platform dependent!
[INFO] Copying 0 resource
[INFO] 
[INFO] --- maven-compiler-plugin:3.1:compile (default-compile) @ rick-tests ---
[INFO] Nothing to compile - all classes are up to date
[INFO] 
[INFO] --- maven-resources-plugin:2.6:testResources (default-testResources) @ rick-tests ---
[WARNING] Using platform encoding (UTF-8 actually) to copy filtered resources, i.e. build is platform dependent!
[INFO] Copying 119 resources
[INFO] 
[INFO] --- maven-compiler-plugin:3.1:testCompile (default-testCompile) @ rick-tests ---
[INFO] Changes detected - recompiling the module!
[WARNING] File encoding has not been set, using platform encoding UTF-8, i.e. build is platform dependent!
[INFO] Compiling 26 source files to /home/dee/dev/rick-major-review/rick-tests/target/test-classes
[WARNING] /home/dee/dev/rick-major-review/rick-tests/src/test/java/org/gephi/importer/impl/TestImportContainerImplRickGenNodeExists.java: Some input files use unchecked or unsafe operations.
[WARNING] /home/dee/dev/rick-major-review/rick-tests/src/test/java/org/gephi/importer/impl/TestImportContainerImplRickGenNodeExists.java: Recompile with -Xlint:unchecked for details.
[INFO] 
[INFO] --- maven-surefire-plugin:2.22.2:test (default-test) @ rick-tests ---
[INFO] 
[INFO] -------------------------------------------------------
[INFO]  T E S T S
[INFO] -------------------------------------------------------
[INFO] Running org.gephi.layout.plugin.force.TestStepDisplacementRickGen
[ERROR] Tests run: 2, Failures: 0, Errors: 2, Skipped: 0, Time elapsed: 12.219 s <<< FAILURE! - in org.gephi.layout.plugin.force.TestStepDisplacementRickGen
[ERROR] test_moveNode_CO_9b888ac8879c4f6383072dc6d8a70054  Time elapsed: 7.019 s  <<< ERROR!
java.lang.NullPointerException
	at org.gephi.layout.plugin.force.TestStepDisplacementRickGen.test_moveNode_CO_9b888ac8879c4f6383072dc6d8a70054(TestStepDisplacementRickGen.java:62)

[ERROR] test_moveNode_PO_9b888ac8879c4f6383072dc6d8a70054  Time elapsed: 4.506 s  <<< ERROR!
java.lang.NullPointerException
	at org.gephi.layout.plugin.force.TestStepDisplacementRickGen.test_moveNode_PO_9b888ac8879c4f6383072dc6d8a70054(TestStepDisplacementRickGen.java:43)

[INFO] 
[INFO] Results:
[INFO] 
[ERROR] Errors: 
[ERROR]   TestStepDisplacementRickGen.test_moveNode_CO_9b888ac8879c4f6383072dc6d8a70054:62 » NullPointer
[ERROR]   TestStepDisplacementRickGen.test_moveNode_PO_9b888ac8879c4f6383072dc6d8a70054:43 » NullPointer
[INFO] 
[ERROR] Tests run: 2, Failures: 0, Errors: 2, Skipped: 0
[INFO] 
[INFO] ------------------------------------------------------------------------
[INFO] BUILD FAILURE
[INFO] ------------------------------------------------------------------------
[INFO] Total time:  27.226 s
[INFO] Finished at: 2023-06-06T18:21:19+02:00
[INFO] ------------------------------------------------------------------------
[ERROR] Failed to execute goal org.apache.maven.plugins:maven-surefire-plugin:2.22.2:test (default-test) on project rick-tests: There are test failures.
[ERROR] 
[ERROR] Please refer to /home/dee/dev/rick-major-review/rick-tests/target/surefire-reports for the individual test results.
[ERROR] Please refer to dump files (if any exist) [date].dump, [date]-jvmRun[N].dump and [date].dumpstream.
[ERROR] -> [Help 1]
[ERROR] 
[ERROR] To see the full stack trace of the errors, re-run Maven with the -e switch.
[ERROR] Re-run Maven using the -X switch to enable full debug logging.
[ERROR] 
[ERROR] For more information about the errors and possible solutions, please read the following articles:
[ERROR] [Help 1] http://cwiki.apache.org/confluence/display/MAVEN/MojoFailureException

Security framework of XStream not initialized, XStream is probably vulnerable.

---------------------------------------------------
[LOG] Cleaned targets with ['mvn', 'clean']
[INFO] Scanning for projects...
[INFO] 
[INFO] ------------------------< org.gephi:rick-tests >------------------------
[INFO] Building rick-tests 1.0-SNAPSHOT
[INFO] --------------------------------[ jar ]---------------------------------
[INFO] 
[INFO] --- maven-clean-plugin:2.5:clean (default-clean) @ rick-tests ---
[INFO] Deleting /home/dee/dev/rick-major-review/rick-tests/target
[INFO] ------------------------------------------------------------------------
[INFO] BUILD SUCCESS
[INFO] ------------------------------------------------------------------------
[INFO] Total time:  0.888 s
[INFO] Finished at: 2023-06-06T18:21:23+02:00
[INFO] ------------------------------------------------------------------------


---------------------------------------------------
[LOG] In experiment directory /home/dee/dev/rick-major-review/finches
---------------------------------------------------
[LOG] Restoring original RICK test from ./StepDisplacement.java/original-test.java
[LOG] Invoking cp ./StepDisplacement.java/original-test.java /home/dee/dev/rick-major-review/rick-tests/src/test/java/org/gephi/layout/plugin/force/TestStepDisplacementRickGen.java
---------------------------------------------------
[ALL] Evaluating (OO +) PO + CO
[LOG] Restoring original RICK test from ./StepDisplacement.java/original-test.java
[LOG] Invoking cp ./StepDisplacement.java/original-test.java /home/dee/dev/rick-major-review/rick-tests/src/test/java/org/gephi/layout/plugin/force/TestStepDisplacementRickGen.java
[LOG] In test module directory /home/dee/dev/rick-major-review/rick-tests
[LOG] Invoked tests with ['mvn', 'test', '-Dtest=TestStepDisplacementRickGen']
[INFO] Scanning for projects...
[INFO] 
[INFO] ------------------------< org.gephi:rick-tests >------------------------
[INFO] Building rick-tests 1.0-SNAPSHOT
[INFO] --------------------------------[ jar ]---------------------------------
[INFO] 
[INFO] --- maven-resources-plugin:2.6:resources (default-resources) @ rick-tests ---
[WARNING] Using platform encoding (UTF-8 actually) to copy filtered resources, i.e. build is platform dependent!
[INFO] Copying 0 resource
[INFO] 
[INFO] --- maven-compiler-plugin:3.1:compile (default-compile) @ rick-tests ---
[INFO] Nothing to compile - all classes are up to date
[INFO] 
[INFO] --- maven-resources-plugin:2.6:testResources (default-testResources) @ rick-tests ---
[WARNING] Using platform encoding (UTF-8 actually) to copy filtered resources, i.e. build is platform dependent!
[INFO] Copying 119 resources
[INFO] 
[INFO] --- maven-compiler-plugin:3.1:testCompile (default-testCompile) @ rick-tests ---
[INFO] Changes detected - recompiling the module!
[WARNING] File encoding has not been set, using platform encoding UTF-8, i.e. build is platform dependent!
[INFO] Compiling 26 source files to /home/dee/dev/rick-major-review/rick-tests/target/test-classes
[WARNING] /home/dee/dev/rick-major-review/rick-tests/src/test/java/org/gephi/importer/impl/TestImportContainerImplRickGenNodeExists.java: Some input files use unchecked or unsafe operations.
[WARNING] /home/dee/dev/rick-major-review/rick-tests/src/test/java/org/gephi/importer/impl/TestImportContainerImplRickGenNodeExists.java: Recompile with -Xlint:unchecked for details.
[INFO] 
[INFO] --- maven-surefire-plugin:2.22.2:test (default-test) @ rick-tests ---
[INFO] 
[INFO] -------------------------------------------------------
[INFO]  T E S T S
[INFO] -------------------------------------------------------
[INFO] Running org.gephi.layout.plugin.force.TestStepDisplacementRickGen
[ERROR] Tests run: 2, Failures: 0, Errors: 2, Skipped: 0, Time elapsed: 11.704 s <<< FAILURE! - in org.gephi.layout.plugin.force.TestStepDisplacementRickGen
[ERROR] test_moveNode_CO_9b888ac8879c4f6383072dc6d8a70054  Time elapsed: 7.231 s  <<< ERROR!
java.lang.NullPointerException
	at org.gephi.layout.plugin.force.TestStepDisplacementRickGen.test_moveNode_CO_9b888ac8879c4f6383072dc6d8a70054(TestStepDisplacementRickGen.java:62)

[ERROR] test_moveNode_PO_9b888ac8879c4f6383072dc6d8a70054  Time elapsed: 3.748 s  <<< ERROR!
java.lang.NullPointerException
	at org.gephi.layout.plugin.force.TestStepDisplacementRickGen.test_moveNode_PO_9b888ac8879c4f6383072dc6d8a70054(TestStepDisplacementRickGen.java:43)

[INFO] 
[INFO] Results:
[INFO] 
[ERROR] Errors: 
[ERROR]   TestStepDisplacementRickGen.test_moveNode_CO_9b888ac8879c4f6383072dc6d8a70054:62 » NullPointer
[ERROR]   TestStepDisplacementRickGen.test_moveNode_PO_9b888ac8879c4f6383072dc6d8a70054:43 » NullPointer
[INFO] 
[ERROR] Tests run: 2, Failures: 0, Errors: 2, Skipped: 0
[INFO] 
[INFO] ------------------------------------------------------------------------
[INFO] BUILD FAILURE
[INFO] ------------------------------------------------------------------------
[INFO] Total time:  26.867 s
[INFO] Finished at: 2023-06-06T18:21:53+02:00
[INFO] ------------------------------------------------------------------------
[ERROR] Failed to execute goal org.apache.maven.plugins:maven-surefire-plugin:2.22.2:test (default-test) on project rick-tests: There are test failures.
[ERROR] 
[ERROR] Please refer to /home/dee/dev/rick-major-review/rick-tests/target/surefire-reports for the individual test results.
[ERROR] Please refer to dump files (if any exist) [date].dump, [date]-jvmRun[N].dump and [date].dumpstream.
[ERROR] -> [Help 1]
[ERROR] 
[ERROR] To see the full stack trace of the errors, re-run Maven with the -e switch.
[ERROR] Re-run Maven using the -X switch to enable full debug logging.
[ERROR] 
[ERROR] For more information about the errors and possible solutions, please read the following articles:
[ERROR] [Help 1] http://cwiki.apache.org/confluence/display/MAVEN/MojoFailureException

Security framework of XStream not initialized, XStream is probably vulnerable.

---------------------------------------------------
[LOG] Cleaned targets with ['mvn', 'clean']
[INFO] Scanning for projects...
[INFO] 
[INFO] ------------------------< org.gephi:rick-tests >------------------------
[INFO] Building rick-tests 1.0-SNAPSHOT
[INFO] --------------------------------[ jar ]---------------------------------
[INFO] 
[INFO] --- maven-clean-plugin:2.5:clean (default-clean) @ rick-tests ---
[INFO] Deleting /home/dee/dev/rick-major-review/rick-tests/target
[INFO] ------------------------------------------------------------------------
[INFO] BUILD SUCCESS
[INFO] ------------------------------------------------------------------------
[INFO] Total time:  0.857 s
[INFO] Finished at: 2023-06-06T18:21:58+02:00
[INFO] ------------------------------------------------------------------------


---------------------------------------------------
[LOG] In experiment directory /home/dee/dev/rick-major-review/finches
---------------------------------------------------
---------------------------------------------------
[LOG] Resetting StepDisplacement.java to original
[LOG] Invoking cp ./StepDisplacement.java/original.java /home/dee/dev/rick-major-review/gephi/modules/LayoutPlugin/src/main/java/org/gephi/layout/plugin/force/StepDisplacement.java
---------------------------------------------------
[LOG] Replacing originalStepDisplacement.java with ./StepDisplacement.java/3.java
[LOG] Invoking cp ./StepDisplacement.java/3.java /home/dee/dev/rick-major-review/gephi/modules/LayoutPlugin/src/main/java/org/gephi/layout/plugin/force/StepDisplacement.java
[LOG] Invoked a clean install of the parent module with ['mvn', 'clean', 'install', '-DskipTests']
[INFO] Scanning for projects...
[INFO] 
[INFO] ----------------------< org.gephi:layout-plugin >-----------------------
[INFO] Building LayoutPlugin 0.9.6
[INFO] --------------------------------[ nbm ]---------------------------------
[INFO] 
[INFO] --- maven-clean-plugin:3.1.0:clean (default-clean) @ layout-plugin ---
[INFO] Deleting /home/dee/dev/rick-major-review/gephi/modules/LayoutPlugin/target
[INFO] 
[INFO] --- build-helper-maven-plugin:3.3.0:parse-version (parse-version) @ layout-plugin ---
[INFO] 
[INFO] --- maven-checkstyle-plugin:3.1.2:check (validate) @ layout-plugin ---
[INFO] 
[INFO] --- maven-resources-plugin:3.2.0:copy-resources (generate-modules-xml) @ layout-plugin ---
[INFO] Using 'UTF-8' encoding to copy filtered resources.
[INFO] Using 'UTF-8' encoding to copy filtered properties files.
[INFO] Copying 1 resource
[INFO] 
[INFO] --- maven-resources-plugin:3.2.0:resources (default-resources) @ layout-plugin ---
[INFO] Using 'UTF-8' encoding to copy filtered resources.
[INFO] Using 'UTF-8' encoding to copy filtered properties files.
[INFO] Copying 178 resources
[INFO] 
[INFO] --- maven-compiler-plugin:3.10.0:compile (default-compile) @ layout-plugin ---
[INFO] Changes detected - recompiling the module!
[INFO] Compiling 54 source files to /home/dee/dev/rick-major-review/gephi/modules/LayoutPlugin/target/classes
[WARNING] No processor claimed any of these annotations: java.base/java.lang.Override
[WARNING] /home/dee/dev/rick-major-review/gephi/modules/LayoutPlugin/src/main/java/org/gephi/layout/plugin/openord/DensityGrid.java:[68,19] [rawtypes] found raw type: ArrayDeque
  missing type arguments for generic class ArrayDeque<E>
  where E is a type-variable:
    E extends Object declared in class ArrayDeque
[WARNING] /home/dee/dev/rick-major-review/gephi/modules/LayoutPlugin/src/main/java/org/gephi/layout/plugin/openord/DensityGrid.java:[68,15] [unchecked] unchecked conversion
  required: ArrayDeque<Node>[][]
  found:    ArrayDeque[][]
[WARNING] /home/dee/dev/rick-major-review/gephi/modules/LayoutPlugin/src/main/java/org/gephi/layout/plugin/force/quadtree/QuadTree.java:[435,23] [rawtypes] found raw type: Entry
  missing type arguments for generic class Entry<K,V>
  where K,V are type-variables:
    K extends Object declared in interface Entry
    V extends Object declared in interface Entry
[WARNING] /home/dee/dev/rick-major-review/gephi/modules/LayoutPlugin/src/main/java/org/gephi/layout/plugin/AutoLayout.java:[158,48] [unchecked] unchecked call to setValue(T) as a member of the raw type Property
  where T is a type-variable:
    T extends Object declared in class Property
[WARNING] /home/dee/dev/rick-major-review/gephi/modules/LayoutPlugin/src/main/java/org/gephi/layout/plugin/AutoLayout.java:[241,8] [rawtypes] found raw type: Property
  missing type arguments for generic class Property<T>
  where T is a type-variable:
    T extends Object declared in class Property
[WARNING] /home/dee/dev/rick-major-review/gephi/modules/LayoutPlugin/src/main/java/org/gephi/layout/plugin/AutoLayout.java:[249,18] [rawtypes] found raw type: Property
  missing type arguments for generic class Property<T>
  where T is a type-variable:
    T extends Object declared in class Property
[WARNING] /home/dee/dev/rick-major-review/gephi/modules/LayoutPlugin/src/main/java/org/gephi/layout/plugin/AutoLayout.java:[256,15] [rawtypes] found raw type: Property
  missing type arguments for generic class Property<T>
  where T is a type-variable:
    T extends Object declared in class Property
[WARNING] /home/dee/dev/rick-major-review/gephi/modules/LayoutPlugin/src/main/java/org/gephi/layout/plugin/AutoLayout.java:[260,25] [rawtypes] found raw type: Property
  missing type arguments for generic class Property<T>
  where T is a type-variable:
    T extends Object declared in class Property
[WARNING] /home/dee/dev/rick-major-review/gephi/modules/LayoutPlugin/src/main/java/org/gephi/layout/plugin/forceAtlas2/ForceAtlas2.java:[193,22] [rawtypes] found raw type: Future
  missing type arguments for generic class Future<V>
  where V is a type-variable:
    V extends Object declared in interface Future
[WARNING] /home/dee/dev/rick-major-review/gephi/modules/LayoutPlugin/src/main/java/org/gephi/layout/plugin/forceAtlas2/ForceAtlas2.java:[193,44] [rawtypes] found raw type: ArrayList
  missing type arguments for generic class ArrayList<E>
  where E is a type-variable:
    E extends Object declared in class ArrayList
[WARNING] /home/dee/dev/rick-major-review/gephi/modules/LayoutPlugin/src/main/java/org/gephi/layout/plugin/forceAtlas2/ForceAtlas2.java:[193,40] [unchecked] unchecked conversion
  required: ArrayList<Future>
  found:    ArrayList
[WARNING] /home/dee/dev/rick-major-review/gephi/modules/LayoutPlugin/src/main/java/org/gephi/layout/plugin/forceAtlas2/ForceAtlas2.java:[197,16] [rawtypes] found raw type: Future
  missing type arguments for generic class Future<V>
  where V is a type-variable:
    V extends Object declared in interface Future
[WARNING] /home/dee/dev/rick-major-review/gephi/modules/LayoutPlugin/src/main/java/org/gephi/layout/plugin/forceAtlas2/ForceAtlas2.java:[203,17] [rawtypes] found raw type: Future
  missing type arguments for generic class Future<V>
  where V is a type-variable:
    V extends Object declared in interface Future
[INFO] 
[INFO] --- nbm-maven-plugin:4.6:manifest (default-manifest) @ layout-plugin ---
[INFO] NBM Plugin generates manifest
[INFO] 
[INFO] --- maven-resources-plugin:3.2.0:testResources (default-testResources) @ layout-plugin ---
[INFO] Using 'UTF-8' encoding to copy filtered resources.
[INFO] Using 'UTF-8' encoding to copy filtered properties files.
[INFO] skip non existing resourceDirectory /home/dee/dev/rick-major-review/gephi/modules/LayoutPlugin/src/test/resources
[INFO] 
[INFO] --- maven-compiler-plugin:3.10.0:testCompile (default-testCompile) @ layout-plugin ---
[INFO] No sources to compile
[INFO] 
[INFO] --- maven-surefire-plugin:2.22.2:test (default-test) @ layout-plugin ---
[INFO] Tests are skipped.
[INFO] 
[INFO] --- maven-jar-plugin:3.2.2:jar (default-jar) @ layout-plugin ---
[INFO] Building jar: /home/dee/dev/rick-major-review/gephi/modules/LayoutPlugin/target/layout-plugin-0.9.6.jar
[INFO] 
[INFO] --- nbm-maven-plugin:4.6:nbm (default-nbm) @ layout-plugin ---
[INFO] Copying module JAR to /home/dee/dev/rick-major-review/gephi/modules/LayoutPlugin/target/nbm/clusters/gephi/modules
[INFO] Generating Auto Update information for org.gephi.layout.plugin
[WARNING] No updater.jar specified, cannot validate Info.xml against DTD
[INFO] Building jar: /home/dee/dev/rick-major-review/gephi/modules/LayoutPlugin/target/nbm/layout-plugin-0.9.6.nbm
[INFO] 
[INFO] --- maven-install-plugin:2.5.2:install (default-install) @ layout-plugin ---
[INFO] Installing /home/dee/dev/rick-major-review/gephi/modules/LayoutPlugin/target/layout-plugin-0.9.6.jar to /home/dee/.m2/repository/org/gephi/layout-plugin/0.9.6/layout-plugin-0.9.6.jar
[INFO] Installing /home/dee/dev/rick-major-review/gephi/modules/LayoutPlugin/pom.xml to /home/dee/.m2/repository/org/gephi/layout-plugin/0.9.6/layout-plugin-0.9.6.pom
[INFO] Installing /home/dee/dev/rick-major-review/gephi/modules/LayoutPlugin/target/layout-plugin-0.9.6.nbm to /home/dee/.m2/repository/org/gephi/layout-plugin/0.9.6/layout-plugin-0.9.6.nbm
[INFO] ------------------------------------------------------------------------
[INFO] BUILD SUCCESS
[INFO] ------------------------------------------------------------------------
[INFO] Total time:  19.077 s
[INFO] Finished at: 2023-06-06T18:22:21+02:00
[INFO] ------------------------------------------------------------------------


---------------------------------------------------
[BASELINE] Not evaluating any oracle
[LOG] Replacing original RICK test with variant baseline
[LOG] Invoking cp /home/dee/dev/rick-major-review/finches/output/StepDisplacement_moveNode_Node_ForceVector/test-baseline.java /home/dee/dev/rick-major-review/rick-tests/src/test/java/org/gephi/layout/plugin/force/TestStepDisplacementRickGen.java
[LOG] In test module directory /home/dee/dev/rick-major-review/rick-tests
[LOG] Invoked tests with ['mvn', 'test', '-Dtest=TestStepDisplacementRickGen']
[INFO] Scanning for projects...
[INFO] 
[INFO] ------------------------< org.gephi:rick-tests >------------------------
[INFO] Building rick-tests 1.0-SNAPSHOT
[INFO] --------------------------------[ jar ]---------------------------------
[INFO] 
[INFO] --- maven-resources-plugin:2.6:resources (default-resources) @ rick-tests ---
[WARNING] Using platform encoding (UTF-8 actually) to copy filtered resources, i.e. build is platform dependent!
[INFO] Copying 0 resource
[INFO] 
[INFO] --- maven-compiler-plugin:3.1:compile (default-compile) @ rick-tests ---
[INFO] Nothing to compile - all classes are up to date
[INFO] 
[INFO] --- maven-resources-plugin:2.6:testResources (default-testResources) @ rick-tests ---
[WARNING] Using platform encoding (UTF-8 actually) to copy filtered resources, i.e. build is platform dependent!
[INFO] Copying 119 resources
[INFO] 
[INFO] --- maven-compiler-plugin:3.1:testCompile (default-testCompile) @ rick-tests ---
[INFO] Changes detected - recompiling the module!
[WARNING] File encoding has not been set, using platform encoding UTF-8, i.e. build is platform dependent!
[INFO] Compiling 26 source files to /home/dee/dev/rick-major-review/rick-tests/target/test-classes
[WARNING] /home/dee/dev/rick-major-review/rick-tests/src/test/java/org/gephi/importer/impl/TestImportContainerImplRickGenNodeExists.java: Some input files use unchecked or unsafe operations.
[WARNING] /home/dee/dev/rick-major-review/rick-tests/src/test/java/org/gephi/importer/impl/TestImportContainerImplRickGenNodeExists.java: Recompile with -Xlint:unchecked for details.
[INFO] 
[INFO] --- maven-surefire-plugin:2.22.2:test (default-test) @ rick-tests ---
[INFO] 
[INFO] -------------------------------------------------------
[INFO]  T E S T S
[INFO] -------------------------------------------------------
[INFO] Running org.gephi.layout.plugin.force.TestStepDisplacementRickGen
[ERROR] Tests run: 2, Failures: 0, Errors: 2, Skipped: 0, Time elapsed: 14.331 s <<< FAILURE! - in org.gephi.layout.plugin.force.TestStepDisplacementRickGen
[ERROR] test_moveNode_CO_9b888ac8879c4f6383072dc6d8a70054  Time elapsed: 8.735 s  <<< ERROR!
org.mockito.exceptions.misusing.UnnecessaryStubbingException: 

Unnecessary stubbings detected.
Clean & maintainable test code requires zero unnecessary code.
Following stubbings are unnecessary (click to navigate to relevant line of code):
  1. -> at org.gephi.layout.plugin.force.TestStepDisplacementRickGen.test_moveNode_CO_9b888ac8879c4f6383072dc6d8a70054(TestStepDisplacementRickGen.java:59)
  2. -> at org.gephi.layout.plugin.force.TestStepDisplacementRickGen.test_moveNode_CO_9b888ac8879c4f6383072dc6d8a70054(TestStepDisplacementRickGen.java:60)
Please remove unnecessary stubbings or use 'lenient' strictness. More info: javadoc for UnnecessaryStubbingException class.

[ERROR] test_moveNode_PO_9b888ac8879c4f6383072dc6d8a70054  Time elapsed: 4.752 s  <<< ERROR!
org.mockito.exceptions.misusing.UnnecessaryStubbingException: 

Unnecessary stubbings detected.
Clean & maintainable test code requires zero unnecessary code.
Following stubbings are unnecessary (click to navigate to relevant line of code):
  1. -> at org.gephi.layout.plugin.force.TestStepDisplacementRickGen.test_moveNode_PO_9b888ac8879c4f6383072dc6d8a70054(TestStepDisplacementRickGen.java:40)
  2. -> at org.gephi.layout.plugin.force.TestStepDisplacementRickGen.test_moveNode_PO_9b888ac8879c4f6383072dc6d8a70054(TestStepDisplacementRickGen.java:41)
Please remove unnecessary stubbings or use 'lenient' strictness. More info: javadoc for UnnecessaryStubbingException class.

[INFO] 
[INFO] Results:
[INFO] 
[ERROR] Errors: 
[ERROR]   TestStepDisplacementRickGen.test_moveNode_CO_9b888ac8879c4f6383072dc6d8a70054 » UnnecessaryStubbing
[ERROR]   TestStepDisplacementRickGen.test_moveNode_PO_9b888ac8879c4f6383072dc6d8a70054 » UnnecessaryStubbing
[INFO] 
[ERROR] Tests run: 2, Failures: 0, Errors: 2, Skipped: 0
[INFO] 
[INFO] ------------------------------------------------------------------------
[INFO] BUILD FAILURE
[INFO] ------------------------------------------------------------------------
[INFO] Total time:  30.027 s
[INFO] Finished at: 2023-06-06T18:22:54+02:00
[INFO] ------------------------------------------------------------------------
[ERROR] Failed to execute goal org.apache.maven.plugins:maven-surefire-plugin:2.22.2:test (default-test) on project rick-tests: There are test failures.
[ERROR] 
[ERROR] Please refer to /home/dee/dev/rick-major-review/rick-tests/target/surefire-reports for the individual test results.
[ERROR] Please refer to dump files (if any exist) [date].dump, [date]-jvmRun[N].dump and [date].dumpstream.
[ERROR] -> [Help 1]
[ERROR] 
[ERROR] To see the full stack trace of the errors, re-run Maven with the -e switch.
[ERROR] Re-run Maven using the -X switch to enable full debug logging.
[ERROR] 
[ERROR] For more information about the errors and possible solutions, please read the following articles:
[ERROR] [Help 1] http://cwiki.apache.org/confluence/display/MAVEN/MojoFailureException

Security framework of XStream not initialized, XStream is probably vulnerable.

---------------------------------------------------
[LOG] Cleaned targets with ['mvn', 'clean']
[INFO] Scanning for projects...
[INFO] 
[INFO] ------------------------< org.gephi:rick-tests >------------------------
[INFO] Building rick-tests 1.0-SNAPSHOT
[INFO] --------------------------------[ jar ]---------------------------------
[INFO] 
[INFO] --- maven-clean-plugin:2.5:clean (default-clean) @ rick-tests ---
[INFO] Deleting /home/dee/dev/rick-major-review/rick-tests/target
[INFO] ------------------------------------------------------------------------
[INFO] BUILD SUCCESS
[INFO] ------------------------------------------------------------------------
[INFO] Total time:  0.841 s
[INFO] Finished at: 2023-06-06T18:22:58+02:00
[INFO] ------------------------------------------------------------------------


---------------------------------------------------
[LOG] In experiment directory /home/dee/dev/rick-major-review/finches
---------------------------------------------------
[LOG] Restoring original RICK test from ./StepDisplacement.java/original-test.java
[LOG] Invoking cp ./StepDisplacement.java/original-test.java /home/dee/dev/rick-major-review/rick-tests/src/test/java/org/gephi/layout/plugin/force/TestStepDisplacementRickGen.java
---------------------------------------------------
[PO] Evaluating only PO
[LOG] Replacing original RICK test with variant po
[LOG] Invoking cp /home/dee/dev/rick-major-review/finches/output/StepDisplacement_moveNode_Node_ForceVector/test-po.java /home/dee/dev/rick-major-review/rick-tests/src/test/java/org/gephi/layout/plugin/force/TestStepDisplacementRickGen.java
[LOG] In test module directory /home/dee/dev/rick-major-review/rick-tests
[LOG] Invoked tests with ['mvn', 'test', '-Dtest=TestStepDisplacementRickGen']
[INFO] Scanning for projects...
[INFO] 
[INFO] ------------------------< org.gephi:rick-tests >------------------------
[INFO] Building rick-tests 1.0-SNAPSHOT
[INFO] --------------------------------[ jar ]---------------------------------
[INFO] 
[INFO] --- maven-resources-plugin:2.6:resources (default-resources) @ rick-tests ---
[WARNING] Using platform encoding (UTF-8 actually) to copy filtered resources, i.e. build is platform dependent!
[INFO] Copying 0 resource
[INFO] 
[INFO] --- maven-compiler-plugin:3.1:compile (default-compile) @ rick-tests ---
[INFO] Nothing to compile - all classes are up to date
[INFO] 
[INFO] --- maven-resources-plugin:2.6:testResources (default-testResources) @ rick-tests ---
[WARNING] Using platform encoding (UTF-8 actually) to copy filtered resources, i.e. build is platform dependent!
[INFO] Copying 119 resources
[INFO] 
[INFO] --- maven-compiler-plugin:3.1:testCompile (default-testCompile) @ rick-tests ---
[INFO] Changes detected - recompiling the module!
[WARNING] File encoding has not been set, using platform encoding UTF-8, i.e. build is platform dependent!
[INFO] Compiling 26 source files to /home/dee/dev/rick-major-review/rick-tests/target/test-classes
[WARNING] /home/dee/dev/rick-major-review/rick-tests/src/test/java/org/gephi/importer/impl/TestImportContainerImplRickGenNodeExists.java: Some input files use unchecked or unsafe operations.
[WARNING] /home/dee/dev/rick-major-review/rick-tests/src/test/java/org/gephi/importer/impl/TestImportContainerImplRickGenNodeExists.java: Recompile with -Xlint:unchecked for details.
[INFO] 
[INFO] --- maven-surefire-plugin:2.22.2:test (default-test) @ rick-tests ---
[INFO] 
[INFO] -------------------------------------------------------
[INFO]  T E S T S
[INFO] -------------------------------------------------------
[INFO] Running org.gephi.layout.plugin.force.TestStepDisplacementRickGen
[ERROR] Tests run: 2, Failures: 1, Errors: 1, Skipped: 0, Time elapsed: 12.483 s <<< FAILURE! - in org.gephi.layout.plugin.force.TestStepDisplacementRickGen
[ERROR] test_moveNode_CO_9b888ac8879c4f6383072dc6d8a70054  Time elapsed: 7.521 s  <<< ERROR!
org.mockito.exceptions.misusing.UnnecessaryStubbingException: 

Unnecessary stubbings detected.
Clean & maintainable test code requires zero unnecessary code.
Following stubbings are unnecessary (click to navigate to relevant line of code):
  1. -> at org.gephi.layout.plugin.force.TestStepDisplacementRickGen.test_moveNode_CO_9b888ac8879c4f6383072dc6d8a70054(TestStepDisplacementRickGen.java:59)
  2. -> at org.gephi.layout.plugin.force.TestStepDisplacementRickGen.test_moveNode_CO_9b888ac8879c4f6383072dc6d8a70054(TestStepDisplacementRickGen.java:60)
Please remove unnecessary stubbings or use 'lenient' strictness. More info: javadoc for UnnecessaryStubbingException class.

[ERROR] test_moveNode_PO_9b888ac8879c4f6383072dc6d8a70054  Time elapsed: 4.196 s  <<< FAILURE!
org.mockito.exceptions.verification.WantedButNotInvoked: 

Wanted but not invoked:
node.x();
-> at org.gephi.layout.plugin.force.TestStepDisplacementRickGen.test_moveNode_PO_9b888ac8879c4f6383072dc6d8a70054(TestStepDisplacementRickGen.java:45)
Actually, there were zero interactions with this mock.

	at org.gephi.layout.plugin.force.TestStepDisplacementRickGen.test_moveNode_PO_9b888ac8879c4f6383072dc6d8a70054(TestStepDisplacementRickGen.java:45)

[INFO] 
[INFO] Results:
[INFO] 
[ERROR] Failures: 
[ERROR]   TestStepDisplacementRickGen.test_moveNode_PO_9b888ac8879c4f6383072dc6d8a70054:45 
Wanted but not invoked:
node.x();
-> at org.gephi.layout.plugin.force.TestStepDisplacementRickGen.test_moveNode_PO_9b888ac8879c4f6383072dc6d8a70054(TestStepDisplacementRickGen.java:45)
Actually, there were zero interactions with this mock.

[ERROR] Errors: 
[ERROR]   TestStepDisplacementRickGen.test_moveNode_CO_9b888ac8879c4f6383072dc6d8a70054 » UnnecessaryStubbing
[INFO] 
[ERROR] Tests run: 2, Failures: 1, Errors: 1, Skipped: 0
[INFO] 
[INFO] ------------------------------------------------------------------------
[INFO] BUILD FAILURE
[INFO] ------------------------------------------------------------------------
[INFO] Total time:  27.378 s
[INFO] Finished at: 2023-06-06T18:23:29+02:00
[INFO] ------------------------------------------------------------------------
[ERROR] Failed to execute goal org.apache.maven.plugins:maven-surefire-plugin:2.22.2:test (default-test) on project rick-tests: There are test failures.
[ERROR] 
[ERROR] Please refer to /home/dee/dev/rick-major-review/rick-tests/target/surefire-reports for the individual test results.
[ERROR] Please refer to dump files (if any exist) [date].dump, [date]-jvmRun[N].dump and [date].dumpstream.
[ERROR] -> [Help 1]
[ERROR] 
[ERROR] To see the full stack trace of the errors, re-run Maven with the -e switch.
[ERROR] Re-run Maven using the -X switch to enable full debug logging.
[ERROR] 
[ERROR] For more information about the errors and possible solutions, please read the following articles:
[ERROR] [Help 1] http://cwiki.apache.org/confluence/display/MAVEN/MojoFailureException

Security framework of XStream not initialized, XStream is probably vulnerable.

---------------------------------------------------
[LOG] Cleaned targets with ['mvn', 'clean']
[INFO] Scanning for projects...
[INFO] 
[INFO] ------------------------< org.gephi:rick-tests >------------------------
[INFO] Building rick-tests 1.0-SNAPSHOT
[INFO] --------------------------------[ jar ]---------------------------------
[INFO] 
[INFO] --- maven-clean-plugin:2.5:clean (default-clean) @ rick-tests ---
[INFO] Deleting /home/dee/dev/rick-major-review/rick-tests/target
[INFO] ------------------------------------------------------------------------
[INFO] BUILD SUCCESS
[INFO] ------------------------------------------------------------------------
[INFO] Total time:  0.842 s
[INFO] Finished at: 2023-06-06T18:23:33+02:00
[INFO] ------------------------------------------------------------------------


---------------------------------------------------
[LOG] In experiment directory /home/dee/dev/rick-major-review/finches
---------------------------------------------------
[LOG] Restoring original RICK test from ./StepDisplacement.java/original-test.java
[LOG] Invoking cp ./StepDisplacement.java/original-test.java /home/dee/dev/rick-major-review/rick-tests/src/test/java/org/gephi/layout/plugin/force/TestStepDisplacementRickGen.java
---------------------------------------------------
[CO] Evaluating only CO
[LOG] Replacing original RICK test with variant co
[LOG] Invoking cp /home/dee/dev/rick-major-review/finches/output/StepDisplacement_moveNode_Node_ForceVector/test-co.java /home/dee/dev/rick-major-review/rick-tests/src/test/java/org/gephi/layout/plugin/force/TestStepDisplacementRickGen.java
[LOG] In test module directory /home/dee/dev/rick-major-review/rick-tests
[LOG] Invoked tests with ['mvn', 'test', '-Dtest=TestStepDisplacementRickGen']
[INFO] Scanning for projects...
[INFO] 
[INFO] ------------------------< org.gephi:rick-tests >------------------------
[INFO] Building rick-tests 1.0-SNAPSHOT
[INFO] --------------------------------[ jar ]---------------------------------
[INFO] 
[INFO] --- maven-resources-plugin:2.6:resources (default-resources) @ rick-tests ---
[WARNING] Using platform encoding (UTF-8 actually) to copy filtered resources, i.e. build is platform dependent!
[INFO] Copying 0 resource
[INFO] 
[INFO] --- maven-compiler-plugin:3.1:compile (default-compile) @ rick-tests ---
[INFO] Nothing to compile - all classes are up to date
[INFO] 
[INFO] --- maven-resources-plugin:2.6:testResources (default-testResources) @ rick-tests ---
[WARNING] Using platform encoding (UTF-8 actually) to copy filtered resources, i.e. build is platform dependent!
[INFO] Copying 119 resources
[INFO] 
[INFO] --- maven-compiler-plugin:3.1:testCompile (default-testCompile) @ rick-tests ---
[INFO] Changes detected - recompiling the module!
[WARNING] File encoding has not been set, using platform encoding UTF-8, i.e. build is platform dependent!
[INFO] Compiling 26 source files to /home/dee/dev/rick-major-review/rick-tests/target/test-classes
[WARNING] /home/dee/dev/rick-major-review/rick-tests/src/test/java/org/gephi/importer/impl/TestImportContainerImplRickGenNodeExists.java: Some input files use unchecked or unsafe operations.
[WARNING] /home/dee/dev/rick-major-review/rick-tests/src/test/java/org/gephi/importer/impl/TestImportContainerImplRickGenNodeExists.java: Recompile with -Xlint:unchecked for details.
[INFO] 
[INFO] --- maven-surefire-plugin:2.22.2:test (default-test) @ rick-tests ---
[INFO] 
[INFO] -------------------------------------------------------
[INFO]  T E S T S
[INFO] -------------------------------------------------------
[INFO] Running org.gephi.layout.plugin.force.TestStepDisplacementRickGen
[ERROR] Tests run: 2, Failures: 1, Errors: 1, Skipped: 0, Time elapsed: 12.208 s <<< FAILURE! - in org.gephi.layout.plugin.force.TestStepDisplacementRickGen
[ERROR] test_moveNode_CO_9b888ac8879c4f6383072dc6d8a70054  Time elapsed: 7.345 s  <<< FAILURE!
org.mockito.exceptions.verification.WantedButNotInvoked: 

Wanted but not invoked:
node.x();
-> at org.gephi.layout.plugin.force.TestStepDisplacementRickGen.test_moveNode_CO_9b888ac8879c4f6383072dc6d8a70054(TestStepDisplacementRickGen.java:65)
Actually, there were zero interactions with this mock.

	at org.gephi.layout.plugin.force.TestStepDisplacementRickGen.test_moveNode_CO_9b888ac8879c4f6383072dc6d8a70054(TestStepDisplacementRickGen.java:65)

[ERROR] test_moveNode_PO_9b888ac8879c4f6383072dc6d8a70054  Time elapsed: 4.109 s  <<< ERROR!
org.mockito.exceptions.misusing.UnnecessaryStubbingException: 

Unnecessary stubbings detected.
Clean & maintainable test code requires zero unnecessary code.
Following stubbings are unnecessary (click to navigate to relevant line of code):
  1. -> at org.gephi.layout.plugin.force.TestStepDisplacementRickGen.test_moveNode_PO_9b888ac8879c4f6383072dc6d8a70054(TestStepDisplacementRickGen.java:40)
  2. -> at org.gephi.layout.plugin.force.TestStepDisplacementRickGen.test_moveNode_PO_9b888ac8879c4f6383072dc6d8a70054(TestStepDisplacementRickGen.java:41)
Please remove unnecessary stubbings or use 'lenient' strictness. More info: javadoc for UnnecessaryStubbingException class.

[INFO] 
[INFO] Results:
[INFO] 
[ERROR] Failures: 
[ERROR]   TestStepDisplacementRickGen.test_moveNode_CO_9b888ac8879c4f6383072dc6d8a70054:65 
Wanted but not invoked:
node.x();
-> at org.gephi.layout.plugin.force.TestStepDisplacementRickGen.test_moveNode_CO_9b888ac8879c4f6383072dc6d8a70054(TestStepDisplacementRickGen.java:65)
Actually, there were zero interactions with this mock.

[ERROR] Errors: 
[ERROR]   TestStepDisplacementRickGen.test_moveNode_PO_9b888ac8879c4f6383072dc6d8a70054 » UnnecessaryStubbing
[INFO] 
[ERROR] Tests run: 2, Failures: 1, Errors: 1, Skipped: 0
[INFO] 
[INFO] ------------------------------------------------------------------------
[INFO] BUILD FAILURE
[INFO] ------------------------------------------------------------------------
[INFO] Total time:  27.293 s
[INFO] Finished at: 2023-06-06T18:24:04+02:00
[INFO] ------------------------------------------------------------------------
[ERROR] Failed to execute goal org.apache.maven.plugins:maven-surefire-plugin:2.22.2:test (default-test) on project rick-tests: There are test failures.
[ERROR] 
[ERROR] Please refer to /home/dee/dev/rick-major-review/rick-tests/target/surefire-reports for the individual test results.
[ERROR] Please refer to dump files (if any exist) [date].dump, [date]-jvmRun[N].dump and [date].dumpstream.
[ERROR] -> [Help 1]
[ERROR] 
[ERROR] To see the full stack trace of the errors, re-run Maven with the -e switch.
[ERROR] Re-run Maven using the -X switch to enable full debug logging.
[ERROR] 
[ERROR] For more information about the errors and possible solutions, please read the following articles:
[ERROR] [Help 1] http://cwiki.apache.org/confluence/display/MAVEN/MojoFailureException

Security framework of XStream not initialized, XStream is probably vulnerable.

---------------------------------------------------
[LOG] Cleaned targets with ['mvn', 'clean']
[INFO] Scanning for projects...
[INFO] 
[INFO] ------------------------< org.gephi:rick-tests >------------------------
[INFO] Building rick-tests 1.0-SNAPSHOT
[INFO] --------------------------------[ jar ]---------------------------------
[INFO] 
[INFO] --- maven-clean-plugin:2.5:clean (default-clean) @ rick-tests ---
[INFO] Deleting /home/dee/dev/rick-major-review/rick-tests/target
[INFO] ------------------------------------------------------------------------
[INFO] BUILD SUCCESS
[INFO] ------------------------------------------------------------------------
[INFO] Total time:  0.831 s
[INFO] Finished at: 2023-06-06T18:24:08+02:00
[INFO] ------------------------------------------------------------------------


---------------------------------------------------
[LOG] In experiment directory /home/dee/dev/rick-major-review/finches
---------------------------------------------------
[LOG] Restoring original RICK test from ./StepDisplacement.java/original-test.java
[LOG] Invoking cp ./StepDisplacement.java/original-test.java /home/dee/dev/rick-major-review/rick-tests/src/test/java/org/gephi/layout/plugin/force/TestStepDisplacementRickGen.java
---------------------------------------------------
[ALL] Evaluating (OO +) PO + CO
[LOG] Restoring original RICK test from ./StepDisplacement.java/original-test.java
[LOG] Invoking cp ./StepDisplacement.java/original-test.java /home/dee/dev/rick-major-review/rick-tests/src/test/java/org/gephi/layout/plugin/force/TestStepDisplacementRickGen.java
[LOG] In test module directory /home/dee/dev/rick-major-review/rick-tests
[LOG] Invoked tests with ['mvn', 'test', '-Dtest=TestStepDisplacementRickGen']
[INFO] Scanning for projects...
[INFO] 
[INFO] ------------------------< org.gephi:rick-tests >------------------------
[INFO] Building rick-tests 1.0-SNAPSHOT
[INFO] --------------------------------[ jar ]---------------------------------
[INFO] 
[INFO] --- maven-resources-plugin:2.6:resources (default-resources) @ rick-tests ---
[WARNING] Using platform encoding (UTF-8 actually) to copy filtered resources, i.e. build is platform dependent!
[INFO] Copying 0 resource
[INFO] 
[INFO] --- maven-compiler-plugin:3.1:compile (default-compile) @ rick-tests ---
[INFO] Nothing to compile - all classes are up to date
[INFO] 
[INFO] --- maven-resources-plugin:2.6:testResources (default-testResources) @ rick-tests ---
[WARNING] Using platform encoding (UTF-8 actually) to copy filtered resources, i.e. build is platform dependent!
[INFO] Copying 119 resources
[INFO] 
[INFO] --- maven-compiler-plugin:3.1:testCompile (default-testCompile) @ rick-tests ---
[INFO] Changes detected - recompiling the module!
[WARNING] File encoding has not been set, using platform encoding UTF-8, i.e. build is platform dependent!
[INFO] Compiling 26 source files to /home/dee/dev/rick-major-review/rick-tests/target/test-classes
[WARNING] /home/dee/dev/rick-major-review/rick-tests/src/test/java/org/gephi/importer/impl/TestImportContainerImplRickGenNodeExists.java: Some input files use unchecked or unsafe operations.
[WARNING] /home/dee/dev/rick-major-review/rick-tests/src/test/java/org/gephi/importer/impl/TestImportContainerImplRickGenNodeExists.java: Recompile with -Xlint:unchecked for details.
[INFO] 
[INFO] --- maven-surefire-plugin:2.22.2:test (default-test) @ rick-tests ---
[INFO] 
[INFO] -------------------------------------------------------
[INFO]  T E S T S
[INFO] -------------------------------------------------------
[INFO] Running org.gephi.layout.plugin.force.TestStepDisplacementRickGen
[ERROR] Tests run: 2, Failures: 2, Errors: 0, Skipped: 0, Time elapsed: 13.289 s <<< FAILURE! - in org.gephi.layout.plugin.force.TestStepDisplacementRickGen
[ERROR] test_moveNode_CO_9b888ac8879c4f6383072dc6d8a70054  Time elapsed: 7.749 s  <<< FAILURE!
org.mockito.exceptions.verification.WantedButNotInvoked: 

Wanted but not invoked:
node.x();
-> at org.gephi.layout.plugin.force.TestStepDisplacementRickGen.test_moveNode_CO_9b888ac8879c4f6383072dc6d8a70054(TestStepDisplacementRickGen.java:65)
Actually, there were zero interactions with this mock.

	at org.gephi.layout.plugin.force.TestStepDisplacementRickGen.test_moveNode_CO_9b888ac8879c4f6383072dc6d8a70054(TestStepDisplacementRickGen.java:65)

[ERROR] test_moveNode_PO_9b888ac8879c4f6383072dc6d8a70054  Time elapsed: 4.758 s  <<< FAILURE!
org.mockito.exceptions.verification.WantedButNotInvoked: 

Wanted but not invoked:
node.x();
-> at org.gephi.layout.plugin.force.TestStepDisplacementRickGen.test_moveNode_PO_9b888ac8879c4f6383072dc6d8a70054(TestStepDisplacementRickGen.java:45)
Actually, there were zero interactions with this mock.

	at org.gephi.layout.plugin.force.TestStepDisplacementRickGen.test_moveNode_PO_9b888ac8879c4f6383072dc6d8a70054(TestStepDisplacementRickGen.java:45)

[INFO] 
[INFO] Results:
[INFO] 
[ERROR] Failures: 
[ERROR]   TestStepDisplacementRickGen.test_moveNode_CO_9b888ac8879c4f6383072dc6d8a70054:65 
Wanted but not invoked:
node.x();
-> at org.gephi.layout.plugin.force.TestStepDisplacementRickGen.test_moveNode_CO_9b888ac8879c4f6383072dc6d8a70054(TestStepDisplacementRickGen.java:65)
Actually, there were zero interactions with this mock.

[ERROR]   TestStepDisplacementRickGen.test_moveNode_PO_9b888ac8879c4f6383072dc6d8a70054:45 
Wanted but not invoked:
node.x();
-> at org.gephi.layout.plugin.force.TestStepDisplacementRickGen.test_moveNode_PO_9b888ac8879c4f6383072dc6d8a70054(TestStepDisplacementRickGen.java:45)
Actually, there were zero interactions with this mock.

[INFO] 
[ERROR] Tests run: 2, Failures: 2, Errors: 0, Skipped: 0
[INFO] 
[INFO] ------------------------------------------------------------------------
[INFO] BUILD FAILURE
[INFO] ------------------------------------------------------------------------
[INFO] Total time:  28.963 s
[INFO] Finished at: 2023-06-06T18:24:41+02:00
[INFO] ------------------------------------------------------------------------
[ERROR] Failed to execute goal org.apache.maven.plugins:maven-surefire-plugin:2.22.2:test (default-test) on project rick-tests: There are test failures.
[ERROR] 
[ERROR] Please refer to /home/dee/dev/rick-major-review/rick-tests/target/surefire-reports for the individual test results.
[ERROR] Please refer to dump files (if any exist) [date].dump, [date]-jvmRun[N].dump and [date].dumpstream.
[ERROR] -> [Help 1]
[ERROR] 
[ERROR] To see the full stack trace of the errors, re-run Maven with the -e switch.
[ERROR] Re-run Maven using the -X switch to enable full debug logging.
[ERROR] 
[ERROR] For more information about the errors and possible solutions, please read the following articles:
[ERROR] [Help 1] http://cwiki.apache.org/confluence/display/MAVEN/MojoFailureException

Security framework of XStream not initialized, XStream is probably vulnerable.

---------------------------------------------------
[LOG] Cleaned targets with ['mvn', 'clean']
[INFO] Scanning for projects...
[INFO] 
[INFO] ------------------------< org.gephi:rick-tests >------------------------
[INFO] Building rick-tests 1.0-SNAPSHOT
[INFO] --------------------------------[ jar ]---------------------------------
[INFO] 
[INFO] --- maven-clean-plugin:2.5:clean (default-clean) @ rick-tests ---
[INFO] Deleting /home/dee/dev/rick-major-review/rick-tests/target
[INFO] ------------------------------------------------------------------------
[INFO] BUILD SUCCESS
[INFO] ------------------------------------------------------------------------
[INFO] Total time:  0.899 s
[INFO] Finished at: 2023-06-06T18:24:45+02:00
[INFO] ------------------------------------------------------------------------


---------------------------------------------------
[LOG] In experiment directory /home/dee/dev/rick-major-review/finches
---------------------------------------------------
---------------------------------------------------
[LOG] Resetting StepDisplacement.java to original
[LOG] Invoking cp ./StepDisplacement.java/original.java /home/dee/dev/rick-major-review/gephi/modules/LayoutPlugin/src/main/java/org/gephi/layout/plugin/force/StepDisplacement.java
---------------------------------------------------
[LOG] Replacing originalStepDisplacement.java with ./StepDisplacement.java/6.java
[LOG] Invoking cp ./StepDisplacement.java/6.java /home/dee/dev/rick-major-review/gephi/modules/LayoutPlugin/src/main/java/org/gephi/layout/plugin/force/StepDisplacement.java
[LOG] Invoked a clean install of the parent module with ['mvn', 'clean', 'install', '-DskipTests']
[INFO] Scanning for projects...
[INFO] 
[INFO] ----------------------< org.gephi:layout-plugin >-----------------------
[INFO] Building LayoutPlugin 0.9.6
[INFO] --------------------------------[ nbm ]---------------------------------
[INFO] 
[INFO] --- maven-clean-plugin:3.1.0:clean (default-clean) @ layout-plugin ---
[INFO] Deleting /home/dee/dev/rick-major-review/gephi/modules/LayoutPlugin/target
[INFO] 
[INFO] --- build-helper-maven-plugin:3.3.0:parse-version (parse-version) @ layout-plugin ---
[INFO] 
[INFO] --- maven-checkstyle-plugin:3.1.2:check (validate) @ layout-plugin ---
[INFO] 
[INFO] --- maven-resources-plugin:3.2.0:copy-resources (generate-modules-xml) @ layout-plugin ---
[INFO] Using 'UTF-8' encoding to copy filtered resources.
[INFO] Using 'UTF-8' encoding to copy filtered properties files.
[INFO] Copying 1 resource
[INFO] 
[INFO] --- maven-resources-plugin:3.2.0:resources (default-resources) @ layout-plugin ---
[INFO] Using 'UTF-8' encoding to copy filtered resources.
[INFO] Using 'UTF-8' encoding to copy filtered properties files.
[INFO] Copying 178 resources
[INFO] 
[INFO] --- maven-compiler-plugin:3.10.0:compile (default-compile) @ layout-plugin ---
[INFO] Changes detected - recompiling the module!
[INFO] Compiling 54 source files to /home/dee/dev/rick-major-review/gephi/modules/LayoutPlugin/target/classes
[WARNING] No processor claimed any of these annotations: java.base/java.lang.Override
[WARNING] /home/dee/dev/rick-major-review/gephi/modules/LayoutPlugin/src/main/java/org/gephi/layout/plugin/openord/DensityGrid.java:[68,19] [rawtypes] found raw type: ArrayDeque
  missing type arguments for generic class ArrayDeque<E>
  where E is a type-variable:
    E extends Object declared in class ArrayDeque
[WARNING] /home/dee/dev/rick-major-review/gephi/modules/LayoutPlugin/src/main/java/org/gephi/layout/plugin/openord/DensityGrid.java:[68,15] [unchecked] unchecked conversion
  required: ArrayDeque<Node>[][]
  found:    ArrayDeque[][]
[WARNING] /home/dee/dev/rick-major-review/gephi/modules/LayoutPlugin/src/main/java/org/gephi/layout/plugin/force/quadtree/QuadTree.java:[435,23] [rawtypes] found raw type: Entry
  missing type arguments for generic class Entry<K,V>
  where K,V are type-variables:
    K extends Object declared in interface Entry
    V extends Object declared in interface Entry
[WARNING] /home/dee/dev/rick-major-review/gephi/modules/LayoutPlugin/src/main/java/org/gephi/layout/plugin/AutoLayout.java:[158,48] [unchecked] unchecked call to setValue(T) as a member of the raw type Property
  where T is a type-variable:
    T extends Object declared in class Property
[WARNING] /home/dee/dev/rick-major-review/gephi/modules/LayoutPlugin/src/main/java/org/gephi/layout/plugin/AutoLayout.java:[241,8] [rawtypes] found raw type: Property
  missing type arguments for generic class Property<T>
  where T is a type-variable:
    T extends Object declared in class Property
[WARNING] /home/dee/dev/rick-major-review/gephi/modules/LayoutPlugin/src/main/java/org/gephi/layout/plugin/AutoLayout.java:[249,18] [rawtypes] found raw type: Property
  missing type arguments for generic class Property<T>
  where T is a type-variable:
    T extends Object declared in class Property
[WARNING] /home/dee/dev/rick-major-review/gephi/modules/LayoutPlugin/src/main/java/org/gephi/layout/plugin/AutoLayout.java:[256,15] [rawtypes] found raw type: Property
  missing type arguments for generic class Property<T>
  where T is a type-variable:
    T extends Object declared in class Property
[WARNING] /home/dee/dev/rick-major-review/gephi/modules/LayoutPlugin/src/main/java/org/gephi/layout/plugin/AutoLayout.java:[260,25] [rawtypes] found raw type: Property
  missing type arguments for generic class Property<T>
  where T is a type-variable:
    T extends Object declared in class Property
[WARNING] /home/dee/dev/rick-major-review/gephi/modules/LayoutPlugin/src/main/java/org/gephi/layout/plugin/forceAtlas2/ForceAtlas2.java:[193,22] [rawtypes] found raw type: Future
  missing type arguments for generic class Future<V>
  where V is a type-variable:
    V extends Object declared in interface Future
[WARNING] /home/dee/dev/rick-major-review/gephi/modules/LayoutPlugin/src/main/java/org/gephi/layout/plugin/forceAtlas2/ForceAtlas2.java:[193,44] [rawtypes] found raw type: ArrayList
  missing type arguments for generic class ArrayList<E>
  where E is a type-variable:
    E extends Object declared in class ArrayList
[WARNING] /home/dee/dev/rick-major-review/gephi/modules/LayoutPlugin/src/main/java/org/gephi/layout/plugin/forceAtlas2/ForceAtlas2.java:[193,40] [unchecked] unchecked conversion
  required: ArrayList<Future>
  found:    ArrayList
[WARNING] /home/dee/dev/rick-major-review/gephi/modules/LayoutPlugin/src/main/java/org/gephi/layout/plugin/forceAtlas2/ForceAtlas2.java:[197,16] [rawtypes] found raw type: Future
  missing type arguments for generic class Future<V>
  where V is a type-variable:
    V extends Object declared in interface Future
[WARNING] /home/dee/dev/rick-major-review/gephi/modules/LayoutPlugin/src/main/java/org/gephi/layout/plugin/forceAtlas2/ForceAtlas2.java:[203,17] [rawtypes] found raw type: Future
  missing type arguments for generic class Future<V>
  where V is a type-variable:
    V extends Object declared in interface Future
[INFO] 
[INFO] --- nbm-maven-plugin:4.6:manifest (default-manifest) @ layout-plugin ---
[INFO] NBM Plugin generates manifest
[INFO] 
[INFO] --- maven-resources-plugin:3.2.0:testResources (default-testResources) @ layout-plugin ---
[INFO] Using 'UTF-8' encoding to copy filtered resources.
[INFO] Using 'UTF-8' encoding to copy filtered properties files.
[INFO] skip non existing resourceDirectory /home/dee/dev/rick-major-review/gephi/modules/LayoutPlugin/src/test/resources
[INFO] 
[INFO] --- maven-compiler-plugin:3.10.0:testCompile (default-testCompile) @ layout-plugin ---
[INFO] No sources to compile
[INFO] 
[INFO] --- maven-surefire-plugin:2.22.2:test (default-test) @ layout-plugin ---
[INFO] Tests are skipped.
[INFO] 
[INFO] --- maven-jar-plugin:3.2.2:jar (default-jar) @ layout-plugin ---
[INFO] Building jar: /home/dee/dev/rick-major-review/gephi/modules/LayoutPlugin/target/layout-plugin-0.9.6.jar
[INFO] 
[INFO] --- nbm-maven-plugin:4.6:nbm (default-nbm) @ layout-plugin ---
[INFO] Copying module JAR to /home/dee/dev/rick-major-review/gephi/modules/LayoutPlugin/target/nbm/clusters/gephi/modules
[INFO] Generating Auto Update information for org.gephi.layout.plugin
[WARNING] No updater.jar specified, cannot validate Info.xml against DTD
[INFO] Building jar: /home/dee/dev/rick-major-review/gephi/modules/LayoutPlugin/target/nbm/layout-plugin-0.9.6.nbm
[INFO] 
[INFO] --- maven-install-plugin:2.5.2:install (default-install) @ layout-plugin ---
[INFO] Installing /home/dee/dev/rick-major-review/gephi/modules/LayoutPlugin/target/layout-plugin-0.9.6.jar to /home/dee/.m2/repository/org/gephi/layout-plugin/0.9.6/layout-plugin-0.9.6.jar
[INFO] Installing /home/dee/dev/rick-major-review/gephi/modules/LayoutPlugin/pom.xml to /home/dee/.m2/repository/org/gephi/layout-plugin/0.9.6/layout-plugin-0.9.6.pom
[INFO] Installing /home/dee/dev/rick-major-review/gephi/modules/LayoutPlugin/target/layout-plugin-0.9.6.nbm to /home/dee/.m2/repository/org/gephi/layout-plugin/0.9.6/layout-plugin-0.9.6.nbm
[INFO] ------------------------------------------------------------------------
[INFO] BUILD SUCCESS
[INFO] ------------------------------------------------------------------------
[INFO] Total time:  19.073 s
[INFO] Finished at: 2023-06-06T18:25:08+02:00
[INFO] ------------------------------------------------------------------------


---------------------------------------------------
[BASELINE] Not evaluating any oracle
[LOG] Replacing original RICK test with variant baseline
[LOG] Invoking cp /home/dee/dev/rick-major-review/finches/output/StepDisplacement_moveNode_Node_ForceVector/test-baseline.java /home/dee/dev/rick-major-review/rick-tests/src/test/java/org/gephi/layout/plugin/force/TestStepDisplacementRickGen.java
[LOG] In test module directory /home/dee/dev/rick-major-review/rick-tests
[LOG] Invoked tests with ['mvn', 'test', '-Dtest=TestStepDisplacementRickGen']
[INFO] Scanning for projects...
[INFO] 
[INFO] ------------------------< org.gephi:rick-tests >------------------------
[INFO] Building rick-tests 1.0-SNAPSHOT
[INFO] --------------------------------[ jar ]---------------------------------
[INFO] 
[INFO] --- maven-resources-plugin:2.6:resources (default-resources) @ rick-tests ---
[WARNING] Using platform encoding (UTF-8 actually) to copy filtered resources, i.e. build is platform dependent!
[INFO] Copying 0 resource
[INFO] 
[INFO] --- maven-compiler-plugin:3.1:compile (default-compile) @ rick-tests ---
[INFO] Nothing to compile - all classes are up to date
[INFO] 
[INFO] --- maven-resources-plugin:2.6:testResources (default-testResources) @ rick-tests ---
[WARNING] Using platform encoding (UTF-8 actually) to copy filtered resources, i.e. build is platform dependent!
[INFO] Copying 119 resources
[INFO] 
[INFO] --- maven-compiler-plugin:3.1:testCompile (default-testCompile) @ rick-tests ---
[INFO] Changes detected - recompiling the module!
[WARNING] File encoding has not been set, using platform encoding UTF-8, i.e. build is platform dependent!
[INFO] Compiling 26 source files to /home/dee/dev/rick-major-review/rick-tests/target/test-classes
[WARNING] /home/dee/dev/rick-major-review/rick-tests/src/test/java/org/gephi/importer/impl/TestImportContainerImplRickGenNodeExists.java: Some input files use unchecked or unsafe operations.
[WARNING] /home/dee/dev/rick-major-review/rick-tests/src/test/java/org/gephi/importer/impl/TestImportContainerImplRickGenNodeExists.java: Recompile with -Xlint:unchecked for details.
[INFO] 
[INFO] --- maven-surefire-plugin:2.22.2:test (default-test) @ rick-tests ---
[INFO] 
[INFO] -------------------------------------------------------
[INFO]  T E S T S
[INFO] -------------------------------------------------------
[INFO] Running org.gephi.layout.plugin.force.TestStepDisplacementRickGen
[INFO] Tests run: 2, Failures: 0, Errors: 0, Skipped: 0, Time elapsed: 12.864 s - in org.gephi.layout.plugin.force.TestStepDisplacementRickGen
[INFO] 
[INFO] Results:
[INFO] 
[INFO] Tests run: 2, Failures: 0, Errors: 0, Skipped: 0
[INFO] 
[INFO] ------------------------------------------------------------------------
[INFO] BUILD SUCCESS
[INFO] ------------------------------------------------------------------------
[INFO] Total time:  28.390 s
[INFO] Finished at: 2023-06-06T18:25:40+02:00
[INFO] ------------------------------------------------------------------------

Security framework of XStream not initialized, XStream is probably vulnerable.

---------------------------------------------------
[LOG] Cleaned targets with ['mvn', 'clean']
[INFO] Scanning for projects...
[INFO] 
[INFO] ------------------------< org.gephi:rick-tests >------------------------
[INFO] Building rick-tests 1.0-SNAPSHOT
[INFO] --------------------------------[ jar ]---------------------------------
[INFO] 
[INFO] --- maven-clean-plugin:2.5:clean (default-clean) @ rick-tests ---
[INFO] Deleting /home/dee/dev/rick-major-review/rick-tests/target
[INFO] ------------------------------------------------------------------------
[INFO] BUILD SUCCESS
[INFO] ------------------------------------------------------------------------
[INFO] Total time:  0.875 s
[INFO] Finished at: 2023-06-06T18:25:44+02:00
[INFO] ------------------------------------------------------------------------


---------------------------------------------------
[LOG] In experiment directory /home/dee/dev/rick-major-review/finches
---------------------------------------------------
[LOG] Restoring original RICK test from ./StepDisplacement.java/original-test.java
[LOG] Invoking cp ./StepDisplacement.java/original-test.java /home/dee/dev/rick-major-review/rick-tests/src/test/java/org/gephi/layout/plugin/force/TestStepDisplacementRickGen.java
---------------------------------------------------
[PO] Evaluating only PO
[LOG] Replacing original RICK test with variant po
[LOG] Invoking cp /home/dee/dev/rick-major-review/finches/output/StepDisplacement_moveNode_Node_ForceVector/test-po.java /home/dee/dev/rick-major-review/rick-tests/src/test/java/org/gephi/layout/plugin/force/TestStepDisplacementRickGen.java
[LOG] In test module directory /home/dee/dev/rick-major-review/rick-tests
[LOG] Invoked tests with ['mvn', 'test', '-Dtest=TestStepDisplacementRickGen']
[INFO] Scanning for projects...
[INFO] 
[INFO] ------------------------< org.gephi:rick-tests >------------------------
[INFO] Building rick-tests 1.0-SNAPSHOT
[INFO] --------------------------------[ jar ]---------------------------------
[INFO] 
[INFO] --- maven-resources-plugin:2.6:resources (default-resources) @ rick-tests ---
[WARNING] Using platform encoding (UTF-8 actually) to copy filtered resources, i.e. build is platform dependent!
[INFO] Copying 0 resource
[INFO] 
[INFO] --- maven-compiler-plugin:3.1:compile (default-compile) @ rick-tests ---
[INFO] Nothing to compile - all classes are up to date
[INFO] 
[INFO] --- maven-resources-plugin:2.6:testResources (default-testResources) @ rick-tests ---
[WARNING] Using platform encoding (UTF-8 actually) to copy filtered resources, i.e. build is platform dependent!
[INFO] Copying 119 resources
[INFO] 
[INFO] --- maven-compiler-plugin:3.1:testCompile (default-testCompile) @ rick-tests ---
[INFO] Changes detected - recompiling the module!
[WARNING] File encoding has not been set, using platform encoding UTF-8, i.e. build is platform dependent!
[INFO] Compiling 26 source files to /home/dee/dev/rick-major-review/rick-tests/target/test-classes
[WARNING] /home/dee/dev/rick-major-review/rick-tests/src/test/java/org/gephi/importer/impl/TestImportContainerImplRickGenNodeExists.java: Some input files use unchecked or unsafe operations.
[WARNING] /home/dee/dev/rick-major-review/rick-tests/src/test/java/org/gephi/importer/impl/TestImportContainerImplRickGenNodeExists.java: Recompile with -Xlint:unchecked for details.
[INFO] 
[INFO] --- maven-surefire-plugin:2.22.2:test (default-test) @ rick-tests ---
[INFO] 
[INFO] -------------------------------------------------------
[INFO]  T E S T S
[INFO] -------------------------------------------------------
[INFO] Running org.gephi.layout.plugin.force.TestStepDisplacementRickGen
[ERROR] Tests run: 2, Failures: 1, Errors: 0, Skipped: 0, Time elapsed: 12.981 s <<< FAILURE! - in org.gephi.layout.plugin.force.TestStepDisplacementRickGen
[ERROR] test_moveNode_PO_9b888ac8879c4f6383072dc6d8a70054  Time elapsed: 4.793 s  <<< FAILURE!
org.mockito.exceptions.verification.opentest4j.ArgumentsAreDifferent: 

Argument(s) are different! Wanted:
node.setY(105.14341f);
-> at org.gephi.layout.plugin.force.TestStepDisplacementRickGen.test_moveNode_PO_9b888ac8879c4f6383072dc6d8a70054(TestStepDisplacementRickGen.java:48)
Actual invocations have different arguments:
node.x();
-> at org.gephi.layout.plugin.force.StepDisplacement.moveNode(StepDisplacement.java:79)
node.y();
-> at org.gephi.layout.plugin.force.StepDisplacement.moveNode(StepDisplacement.java:80)
node.setX(-403.92587f);
-> at org.gephi.layout.plugin.force.StepDisplacement.moveNode(StepDisplacement.java:83)
node.setY(109.90296f);
-> at org.gephi.layout.plugin.force.StepDisplacement.moveNode(StepDisplacement.java:86)

	at org.gephi.layout.plugin.force.TestStepDisplacementRickGen.test_moveNode_PO_9b888ac8879c4f6383072dc6d8a70054(TestStepDisplacementRickGen.java:48)

[INFO] 
[INFO] Results:
[INFO] 
[ERROR] Failures: 
[ERROR]   TestStepDisplacementRickGen.test_moveNode_PO_9b888ac8879c4f6383072dc6d8a70054:48 
Argument(s) are different! Wanted:
node.setY(105.14341f);
-> at org.gephi.layout.plugin.force.TestStepDisplacementRickGen.test_moveNode_PO_9b888ac8879c4f6383072dc6d8a70054(TestStepDisplacementRickGen.java:48)
Actual invocations have different arguments:
node.x();
-> at org.gephi.layout.plugin.force.StepDisplacement.moveNode(StepDisplacement.java:79)
node.y();
-> at org.gephi.layout.plugin.force.StepDisplacement.moveNode(StepDisplacement.java:80)
node.setX(-403.92587f);
-> at org.gephi.layout.plugin.force.StepDisplacement.moveNode(StepDisplacement.java:83)
node.setY(109.90296f);
-> at org.gephi.layout.plugin.force.StepDisplacement.moveNode(StepDisplacement.java:86)

[INFO] 
[ERROR] Tests run: 2, Failures: 1, Errors: 0, Skipped: 0
[INFO] 
[INFO] ------------------------------------------------------------------------
[INFO] BUILD FAILURE
[INFO] ------------------------------------------------------------------------
[INFO] Total time:  28.561 s
[INFO] Finished at: 2023-06-06T18:26:16+02:00
[INFO] ------------------------------------------------------------------------
[ERROR] Failed to execute goal org.apache.maven.plugins:maven-surefire-plugin:2.22.2:test (default-test) on project rick-tests: There are test failures.
[ERROR] 
[ERROR] Please refer to /home/dee/dev/rick-major-review/rick-tests/target/surefire-reports for the individual test results.
[ERROR] Please refer to dump files (if any exist) [date].dump, [date]-jvmRun[N].dump and [date].dumpstream.
[ERROR] -> [Help 1]
[ERROR] 
[ERROR] To see the full stack trace of the errors, re-run Maven with the -e switch.
[ERROR] Re-run Maven using the -X switch to enable full debug logging.
[ERROR] 
[ERROR] For more information about the errors and possible solutions, please read the following articles:
[ERROR] [Help 1] http://cwiki.apache.org/confluence/display/MAVEN/MojoFailureException

Security framework of XStream not initialized, XStream is probably vulnerable.

---------------------------------------------------
[LOG] Cleaned targets with ['mvn', 'clean']
[INFO] Scanning for projects...
[INFO] 
[INFO] ------------------------< org.gephi:rick-tests >------------------------
[INFO] Building rick-tests 1.0-SNAPSHOT
[INFO] --------------------------------[ jar ]---------------------------------
[INFO] 
[INFO] --- maven-clean-plugin:2.5:clean (default-clean) @ rick-tests ---
[INFO] Deleting /home/dee/dev/rick-major-review/rick-tests/target
[INFO] ------------------------------------------------------------------------
[INFO] BUILD SUCCESS
[INFO] ------------------------------------------------------------------------
[INFO] Total time:  0.850 s
[INFO] Finished at: 2023-06-06T18:26:20+02:00
[INFO] ------------------------------------------------------------------------


---------------------------------------------------
[LOG] In experiment directory /home/dee/dev/rick-major-review/finches
---------------------------------------------------
[LOG] Restoring original RICK test from ./StepDisplacement.java/original-test.java
[LOG] Invoking cp ./StepDisplacement.java/original-test.java /home/dee/dev/rick-major-review/rick-tests/src/test/java/org/gephi/layout/plugin/force/TestStepDisplacementRickGen.java
---------------------------------------------------
[CO] Evaluating only CO
[LOG] Replacing original RICK test with variant co
[LOG] Invoking cp /home/dee/dev/rick-major-review/finches/output/StepDisplacement_moveNode_Node_ForceVector/test-co.java /home/dee/dev/rick-major-review/rick-tests/src/test/java/org/gephi/layout/plugin/force/TestStepDisplacementRickGen.java
[LOG] In test module directory /home/dee/dev/rick-major-review/rick-tests
[LOG] Invoked tests with ['mvn', 'test', '-Dtest=TestStepDisplacementRickGen']
[INFO] Scanning for projects...
[INFO] 
[INFO] ------------------------< org.gephi:rick-tests >------------------------
[INFO] Building rick-tests 1.0-SNAPSHOT
[INFO] --------------------------------[ jar ]---------------------------------
[INFO] 
[INFO] --- maven-resources-plugin:2.6:resources (default-resources) @ rick-tests ---
[WARNING] Using platform encoding (UTF-8 actually) to copy filtered resources, i.e. build is platform dependent!
[INFO] Copying 0 resource
[INFO] 
[INFO] --- maven-compiler-plugin:3.1:compile (default-compile) @ rick-tests ---
[INFO] Nothing to compile - all classes are up to date
[INFO] 
[INFO] --- maven-resources-plugin:2.6:testResources (default-testResources) @ rick-tests ---
[WARNING] Using platform encoding (UTF-8 actually) to copy filtered resources, i.e. build is platform dependent!
[INFO] Copying 119 resources
[INFO] 
[INFO] --- maven-compiler-plugin:3.1:testCompile (default-testCompile) @ rick-tests ---
[INFO] Changes detected - recompiling the module!
[WARNING] File encoding has not been set, using platform encoding UTF-8, i.e. build is platform dependent!
[INFO] Compiling 26 source files to /home/dee/dev/rick-major-review/rick-tests/target/test-classes
[WARNING] /home/dee/dev/rick-major-review/rick-tests/src/test/java/org/gephi/importer/impl/TestImportContainerImplRickGenNodeExists.java: Some input files use unchecked or unsafe operations.
[WARNING] /home/dee/dev/rick-major-review/rick-tests/src/test/java/org/gephi/importer/impl/TestImportContainerImplRickGenNodeExists.java: Recompile with -Xlint:unchecked for details.
[INFO] 
[INFO] --- maven-surefire-plugin:2.22.2:test (default-test) @ rick-tests ---
[INFO] 
[INFO] -------------------------------------------------------
[INFO]  T E S T S
[INFO] -------------------------------------------------------
[INFO] Running org.gephi.layout.plugin.force.TestStepDisplacementRickGen
[INFO] Tests run: 2, Failures: 0, Errors: 0, Skipped: 0, Time elapsed: 13.815 s - in org.gephi.layout.plugin.force.TestStepDisplacementRickGen
[INFO] 
[INFO] Results:
[INFO] 
[INFO] Tests run: 2, Failures: 0, Errors: 0, Skipped: 0
[INFO] 
[INFO] ------------------------------------------------------------------------
[INFO] BUILD SUCCESS
[INFO] ------------------------------------------------------------------------
[INFO] Total time:  29.282 s
[INFO] Finished at: 2023-06-06T18:26:53+02:00
[INFO] ------------------------------------------------------------------------

Security framework of XStream not initialized, XStream is probably vulnerable.

---------------------------------------------------
[LOG] Cleaned targets with ['mvn', 'clean']
[INFO] Scanning for projects...
[INFO] 
[INFO] ------------------------< org.gephi:rick-tests >------------------------
[INFO] Building rick-tests 1.0-SNAPSHOT
[INFO] --------------------------------[ jar ]---------------------------------
[INFO] 
[INFO] --- maven-clean-plugin:2.5:clean (default-clean) @ rick-tests ---
[INFO] Deleting /home/dee/dev/rick-major-review/rick-tests/target
[INFO] ------------------------------------------------------------------------
[INFO] BUILD SUCCESS
[INFO] ------------------------------------------------------------------------
[INFO] Total time:  0.836 s
[INFO] Finished at: 2023-06-06T18:26:57+02:00
[INFO] ------------------------------------------------------------------------


---------------------------------------------------
[LOG] In experiment directory /home/dee/dev/rick-major-review/finches
---------------------------------------------------
[LOG] Restoring original RICK test from ./StepDisplacement.java/original-test.java
[LOG] Invoking cp ./StepDisplacement.java/original-test.java /home/dee/dev/rick-major-review/rick-tests/src/test/java/org/gephi/layout/plugin/force/TestStepDisplacementRickGen.java
---------------------------------------------------
[ALL] Evaluating (OO +) PO + CO
[LOG] Restoring original RICK test from ./StepDisplacement.java/original-test.java
[LOG] Invoking cp ./StepDisplacement.java/original-test.java /home/dee/dev/rick-major-review/rick-tests/src/test/java/org/gephi/layout/plugin/force/TestStepDisplacementRickGen.java
[LOG] In test module directory /home/dee/dev/rick-major-review/rick-tests
[LOG] Invoked tests with ['mvn', 'test', '-Dtest=TestStepDisplacementRickGen']
[INFO] Scanning for projects...
[INFO] 
[INFO] ------------------------< org.gephi:rick-tests >------------------------
[INFO] Building rick-tests 1.0-SNAPSHOT
[INFO] --------------------------------[ jar ]---------------------------------
[INFO] 
[INFO] --- maven-resources-plugin:2.6:resources (default-resources) @ rick-tests ---
[WARNING] Using platform encoding (UTF-8 actually) to copy filtered resources, i.e. build is platform dependent!
[INFO] Copying 0 resource
[INFO] 
[INFO] --- maven-compiler-plugin:3.1:compile (default-compile) @ rick-tests ---
[INFO] Nothing to compile - all classes are up to date
[INFO] 
[INFO] --- maven-resources-plugin:2.6:testResources (default-testResources) @ rick-tests ---
[WARNING] Using platform encoding (UTF-8 actually) to copy filtered resources, i.e. build is platform dependent!
[INFO] Copying 119 resources
[INFO] 
[INFO] --- maven-compiler-plugin:3.1:testCompile (default-testCompile) @ rick-tests ---
[INFO] Changes detected - recompiling the module!
[WARNING] File encoding has not been set, using platform encoding UTF-8, i.e. build is platform dependent!
[INFO] Compiling 26 source files to /home/dee/dev/rick-major-review/rick-tests/target/test-classes
[WARNING] /home/dee/dev/rick-major-review/rick-tests/src/test/java/org/gephi/importer/impl/TestImportContainerImplRickGenNodeExists.java: Some input files use unchecked or unsafe operations.
[WARNING] /home/dee/dev/rick-major-review/rick-tests/src/test/java/org/gephi/importer/impl/TestImportContainerImplRickGenNodeExists.java: Recompile with -Xlint:unchecked for details.
[INFO] 
[INFO] --- maven-surefire-plugin:2.22.2:test (default-test) @ rick-tests ---
[INFO] 
[INFO] -------------------------------------------------------
[INFO]  T E S T S
[INFO] -------------------------------------------------------
[INFO] Running org.gephi.layout.plugin.force.TestStepDisplacementRickGen
[ERROR] Tests run: 2, Failures: 1, Errors: 0, Skipped: 0, Time elapsed: 12.795 s <<< FAILURE! - in org.gephi.layout.plugin.force.TestStepDisplacementRickGen
[ERROR] test_moveNode_PO_9b888ac8879c4f6383072dc6d8a70054  Time elapsed: 4.511 s  <<< FAILURE!
org.mockito.exceptions.verification.opentest4j.ArgumentsAreDifferent: 

Argument(s) are different! Wanted:
node.setY(105.14341f);
-> at org.gephi.layout.plugin.force.TestStepDisplacementRickGen.test_moveNode_PO_9b888ac8879c4f6383072dc6d8a70054(TestStepDisplacementRickGen.java:48)
Actual invocations have different arguments:
node.x();
-> at org.gephi.layout.plugin.force.StepDisplacement.moveNode(StepDisplacement.java:79)
node.y();
-> at org.gephi.layout.plugin.force.StepDisplacement.moveNode(StepDisplacement.java:80)
node.setX(-403.92587f);
-> at org.gephi.layout.plugin.force.StepDisplacement.moveNode(StepDisplacement.java:83)
node.setY(109.90296f);
-> at org.gephi.layout.plugin.force.StepDisplacement.moveNode(StepDisplacement.java:86)

	at org.gephi.layout.plugin.force.TestStepDisplacementRickGen.test_moveNode_PO_9b888ac8879c4f6383072dc6d8a70054(TestStepDisplacementRickGen.java:48)

[INFO] 
[INFO] Results:
[INFO] 
[ERROR] Failures: 
[ERROR]   TestStepDisplacementRickGen.test_moveNode_PO_9b888ac8879c4f6383072dc6d8a70054:48 
Argument(s) are different! Wanted:
node.setY(105.14341f);
-> at org.gephi.layout.plugin.force.TestStepDisplacementRickGen.test_moveNode_PO_9b888ac8879c4f6383072dc6d8a70054(TestStepDisplacementRickGen.java:48)
Actual invocations have different arguments:
node.x();
-> at org.gephi.layout.plugin.force.StepDisplacement.moveNode(StepDisplacement.java:79)
node.y();
-> at org.gephi.layout.plugin.force.StepDisplacement.moveNode(StepDisplacement.java:80)
node.setX(-403.92587f);
-> at org.gephi.layout.plugin.force.StepDisplacement.moveNode(StepDisplacement.java:83)
node.setY(109.90296f);
-> at org.gephi.layout.plugin.force.StepDisplacement.moveNode(StepDisplacement.java:86)

[INFO] 
[ERROR] Tests run: 2, Failures: 1, Errors: 0, Skipped: 0
[INFO] 
[INFO] ------------------------------------------------------------------------
[INFO] BUILD FAILURE
[INFO] ------------------------------------------------------------------------
[INFO] Total time:  27.839 s
[INFO] Finished at: 2023-06-06T18:27:28+02:00
[INFO] ------------------------------------------------------------------------
[ERROR] Failed to execute goal org.apache.maven.plugins:maven-surefire-plugin:2.22.2:test (default-test) on project rick-tests: There are test failures.
[ERROR] 
[ERROR] Please refer to /home/dee/dev/rick-major-review/rick-tests/target/surefire-reports for the individual test results.
[ERROR] Please refer to dump files (if any exist) [date].dump, [date]-jvmRun[N].dump and [date].dumpstream.
[ERROR] -> [Help 1]
[ERROR] 
[ERROR] To see the full stack trace of the errors, re-run Maven with the -e switch.
[ERROR] Re-run Maven using the -X switch to enable full debug logging.
[ERROR] 
[ERROR] For more information about the errors and possible solutions, please read the following articles:
[ERROR] [Help 1] http://cwiki.apache.org/confluence/display/MAVEN/MojoFailureException

Security framework of XStream not initialized, XStream is probably vulnerable.

---------------------------------------------------
[LOG] Cleaned targets with ['mvn', 'clean']
[INFO] Scanning for projects...
[INFO] 
[INFO] ------------------------< org.gephi:rick-tests >------------------------
[INFO] Building rick-tests 1.0-SNAPSHOT
[INFO] --------------------------------[ jar ]---------------------------------
[INFO] 
[INFO] --- maven-clean-plugin:2.5:clean (default-clean) @ rick-tests ---
[INFO] Deleting /home/dee/dev/rick-major-review/rick-tests/target
[INFO] ------------------------------------------------------------------------
[INFO] BUILD SUCCESS
[INFO] ------------------------------------------------------------------------
[INFO] Total time:  0.825 s
[INFO] Finished at: 2023-06-06T18:27:33+02:00
[INFO] ------------------------------------------------------------------------


---------------------------------------------------
[LOG] In experiment directory /home/dee/dev/rick-major-review/finches
---------------------------------------------------
---------------------------------------------------
[LOG] Resetting StepDisplacement.java to original
[LOG] Invoking cp ./StepDisplacement.java/original.java /home/dee/dev/rick-major-review/gephi/modules/LayoutPlugin/src/main/java/org/gephi/layout/plugin/force/StepDisplacement.java
---------------------------------------------------
[LOG] Replacing originalStepDisplacement.java with ./StepDisplacement.java/7.java
[LOG] Invoking cp ./StepDisplacement.java/7.java /home/dee/dev/rick-major-review/gephi/modules/LayoutPlugin/src/main/java/org/gephi/layout/plugin/force/StepDisplacement.java
[LOG] Invoked a clean install of the parent module with ['mvn', 'clean', 'install', '-DskipTests']
[INFO] Scanning for projects...
[INFO] 
[INFO] ----------------------< org.gephi:layout-plugin >-----------------------
[INFO] Building LayoutPlugin 0.9.6
[INFO] --------------------------------[ nbm ]---------------------------------
[INFO] 
[INFO] --- maven-clean-plugin:3.1.0:clean (default-clean) @ layout-plugin ---
[INFO] Deleting /home/dee/dev/rick-major-review/gephi/modules/LayoutPlugin/target
[INFO] 
[INFO] --- build-helper-maven-plugin:3.3.0:parse-version (parse-version) @ layout-plugin ---
[INFO] 
[INFO] --- maven-checkstyle-plugin:3.1.2:check (validate) @ layout-plugin ---
[INFO] 
[INFO] --- maven-resources-plugin:3.2.0:copy-resources (generate-modules-xml) @ layout-plugin ---
[INFO] Using 'UTF-8' encoding to copy filtered resources.
[INFO] Using 'UTF-8' encoding to copy filtered properties files.
[INFO] Copying 1 resource
[INFO] 
[INFO] --- maven-resources-plugin:3.2.0:resources (default-resources) @ layout-plugin ---
[INFO] Using 'UTF-8' encoding to copy filtered resources.
[INFO] Using 'UTF-8' encoding to copy filtered properties files.
[INFO] Copying 178 resources
[INFO] 
[INFO] --- maven-compiler-plugin:3.10.0:compile (default-compile) @ layout-plugin ---
[INFO] Changes detected - recompiling the module!
[INFO] Compiling 54 source files to /home/dee/dev/rick-major-review/gephi/modules/LayoutPlugin/target/classes
[WARNING] No processor claimed any of these annotations: java.base/java.lang.Override
[WARNING] /home/dee/dev/rick-major-review/gephi/modules/LayoutPlugin/src/main/java/org/gephi/layout/plugin/openord/DensityGrid.java:[68,19] [rawtypes] found raw type: ArrayDeque
  missing type arguments for generic class ArrayDeque<E>
  where E is a type-variable:
    E extends Object declared in class ArrayDeque
[WARNING] /home/dee/dev/rick-major-review/gephi/modules/LayoutPlugin/src/main/java/org/gephi/layout/plugin/openord/DensityGrid.java:[68,15] [unchecked] unchecked conversion
  required: ArrayDeque<Node>[][]
  found:    ArrayDeque[][]
[WARNING] /home/dee/dev/rick-major-review/gephi/modules/LayoutPlugin/src/main/java/org/gephi/layout/plugin/force/quadtree/QuadTree.java:[435,23] [rawtypes] found raw type: Entry
  missing type arguments for generic class Entry<K,V>
  where K,V are type-variables:
    K extends Object declared in interface Entry
    V extends Object declared in interface Entry
[WARNING] /home/dee/dev/rick-major-review/gephi/modules/LayoutPlugin/src/main/java/org/gephi/layout/plugin/AutoLayout.java:[158,48] [unchecked] unchecked call to setValue(T) as a member of the raw type Property
  where T is a type-variable:
    T extends Object declared in class Property
[WARNING] /home/dee/dev/rick-major-review/gephi/modules/LayoutPlugin/src/main/java/org/gephi/layout/plugin/AutoLayout.java:[241,8] [rawtypes] found raw type: Property
  missing type arguments for generic class Property<T>
  where T is a type-variable:
    T extends Object declared in class Property
[WARNING] /home/dee/dev/rick-major-review/gephi/modules/LayoutPlugin/src/main/java/org/gephi/layout/plugin/AutoLayout.java:[249,18] [rawtypes] found raw type: Property
  missing type arguments for generic class Property<T>
  where T is a type-variable:
    T extends Object declared in class Property
[WARNING] /home/dee/dev/rick-major-review/gephi/modules/LayoutPlugin/src/main/java/org/gephi/layout/plugin/AutoLayout.java:[256,15] [rawtypes] found raw type: Property
  missing type arguments for generic class Property<T>
  where T is a type-variable:
    T extends Object declared in class Property
[WARNING] /home/dee/dev/rick-major-review/gephi/modules/LayoutPlugin/src/main/java/org/gephi/layout/plugin/AutoLayout.java:[260,25] [rawtypes] found raw type: Property
  missing type arguments for generic class Property<T>
  where T is a type-variable:
    T extends Object declared in class Property
[WARNING] /home/dee/dev/rick-major-review/gephi/modules/LayoutPlugin/src/main/java/org/gephi/layout/plugin/forceAtlas2/ForceAtlas2.java:[193,22] [rawtypes] found raw type: Future
  missing type arguments for generic class Future<V>
  where V is a type-variable:
    V extends Object declared in interface Future
[WARNING] /home/dee/dev/rick-major-review/gephi/modules/LayoutPlugin/src/main/java/org/gephi/layout/plugin/forceAtlas2/ForceAtlas2.java:[193,44] [rawtypes] found raw type: ArrayList
  missing type arguments for generic class ArrayList<E>
  where E is a type-variable:
    E extends Object declared in class ArrayList
[WARNING] /home/dee/dev/rick-major-review/gephi/modules/LayoutPlugin/src/main/java/org/gephi/layout/plugin/forceAtlas2/ForceAtlas2.java:[193,40] [unchecked] unchecked conversion
  required: ArrayList<Future>
  found:    ArrayList
[WARNING] /home/dee/dev/rick-major-review/gephi/modules/LayoutPlugin/src/main/java/org/gephi/layout/plugin/forceAtlas2/ForceAtlas2.java:[197,16] [rawtypes] found raw type: Future
  missing type arguments for generic class Future<V>
  where V is a type-variable:
    V extends Object declared in interface Future
[WARNING] /home/dee/dev/rick-major-review/gephi/modules/LayoutPlugin/src/main/java/org/gephi/layout/plugin/forceAtlas2/ForceAtlas2.java:[203,17] [rawtypes] found raw type: Future
  missing type arguments for generic class Future<V>
  where V is a type-variable:
    V extends Object declared in interface Future
[INFO] 
[INFO] --- nbm-maven-plugin:4.6:manifest (default-manifest) @ layout-plugin ---
[INFO] NBM Plugin generates manifest
[INFO] 
[INFO] --- maven-resources-plugin:3.2.0:testResources (default-testResources) @ layout-plugin ---
[INFO] Using 'UTF-8' encoding to copy filtered resources.
[INFO] Using 'UTF-8' encoding to copy filtered properties files.
[INFO] skip non existing resourceDirectory /home/dee/dev/rick-major-review/gephi/modules/LayoutPlugin/src/test/resources
[INFO] 
[INFO] --- maven-compiler-plugin:3.10.0:testCompile (default-testCompile) @ layout-plugin ---
[INFO] No sources to compile
[INFO] 
[INFO] --- maven-surefire-plugin:2.22.2:test (default-test) @ layout-plugin ---
[INFO] Tests are skipped.
[INFO] 
[INFO] --- maven-jar-plugin:3.2.2:jar (default-jar) @ layout-plugin ---
[INFO] Building jar: /home/dee/dev/rick-major-review/gephi/modules/LayoutPlugin/target/layout-plugin-0.9.6.jar
[INFO] 
[INFO] --- nbm-maven-plugin:4.6:nbm (default-nbm) @ layout-plugin ---
[INFO] Copying module JAR to /home/dee/dev/rick-major-review/gephi/modules/LayoutPlugin/target/nbm/clusters/gephi/modules
[INFO] Generating Auto Update information for org.gephi.layout.plugin
[WARNING] No updater.jar specified, cannot validate Info.xml against DTD
[INFO] Building jar: /home/dee/dev/rick-major-review/gephi/modules/LayoutPlugin/target/nbm/layout-plugin-0.9.6.nbm
[INFO] 
[INFO] --- maven-install-plugin:2.5.2:install (default-install) @ layout-plugin ---
[INFO] Installing /home/dee/dev/rick-major-review/gephi/modules/LayoutPlugin/target/layout-plugin-0.9.6.jar to /home/dee/.m2/repository/org/gephi/layout-plugin/0.9.6/layout-plugin-0.9.6.jar
[INFO] Installing /home/dee/dev/rick-major-review/gephi/modules/LayoutPlugin/pom.xml to /home/dee/.m2/repository/org/gephi/layout-plugin/0.9.6/layout-plugin-0.9.6.pom
[INFO] Installing /home/dee/dev/rick-major-review/gephi/modules/LayoutPlugin/target/layout-plugin-0.9.6.nbm to /home/dee/.m2/repository/org/gephi/layout-plugin/0.9.6/layout-plugin-0.9.6.nbm
[INFO] ------------------------------------------------------------------------
[INFO] BUILD SUCCESS
[INFO] ------------------------------------------------------------------------
[INFO] Total time:  20.003 s
[INFO] Finished at: 2023-06-06T18:27:57+02:00
[INFO] ------------------------------------------------------------------------


---------------------------------------------------
[BASELINE] Not evaluating any oracle
[LOG] Replacing original RICK test with variant baseline
[LOG] Invoking cp /home/dee/dev/rick-major-review/finches/output/StepDisplacement_moveNode_Node_ForceVector/test-baseline.java /home/dee/dev/rick-major-review/rick-tests/src/test/java/org/gephi/layout/plugin/force/TestStepDisplacementRickGen.java
[LOG] In test module directory /home/dee/dev/rick-major-review/rick-tests
[LOG] Invoked tests with ['mvn', 'test', '-Dtest=TestStepDisplacementRickGen']
[INFO] Scanning for projects...
[INFO] 
[INFO] ------------------------< org.gephi:rick-tests >------------------------
[INFO] Building rick-tests 1.0-SNAPSHOT
[INFO] --------------------------------[ jar ]---------------------------------
[INFO] 
[INFO] --- maven-resources-plugin:2.6:resources (default-resources) @ rick-tests ---
[WARNING] Using platform encoding (UTF-8 actually) to copy filtered resources, i.e. build is platform dependent!
[INFO] Copying 0 resource
[INFO] 
[INFO] --- maven-compiler-plugin:3.1:compile (default-compile) @ rick-tests ---
[INFO] Nothing to compile - all classes are up to date
[INFO] 
[INFO] --- maven-resources-plugin:2.6:testResources (default-testResources) @ rick-tests ---
[WARNING] Using platform encoding (UTF-8 actually) to copy filtered resources, i.e. build is platform dependent!
[INFO] Copying 119 resources
[INFO] 
[INFO] --- maven-compiler-plugin:3.1:testCompile (default-testCompile) @ rick-tests ---
[INFO] Changes detected - recompiling the module!
[WARNING] File encoding has not been set, using platform encoding UTF-8, i.e. build is platform dependent!
[INFO] Compiling 26 source files to /home/dee/dev/rick-major-review/rick-tests/target/test-classes
[WARNING] /home/dee/dev/rick-major-review/rick-tests/src/test/java/org/gephi/importer/impl/TestImportContainerImplRickGenNodeExists.java: Some input files use unchecked or unsafe operations.
[WARNING] /home/dee/dev/rick-major-review/rick-tests/src/test/java/org/gephi/importer/impl/TestImportContainerImplRickGenNodeExists.java: Recompile with -Xlint:unchecked for details.
[INFO] 
[INFO] --- maven-surefire-plugin:2.22.2:test (default-test) @ rick-tests ---
[INFO] 
[INFO] -------------------------------------------------------
[INFO]  T E S T S
[INFO] -------------------------------------------------------
[INFO] Running org.gephi.layout.plugin.force.TestStepDisplacementRickGen
[INFO] Tests run: 2, Failures: 0, Errors: 0, Skipped: 0, Time elapsed: 12.029 s - in org.gephi.layout.plugin.force.TestStepDisplacementRickGen
[INFO] 
[INFO] Results:
[INFO] 
[INFO] Tests run: 2, Failures: 0, Errors: 0, Skipped: 0
[INFO] 
[INFO] ------------------------------------------------------------------------
[INFO] BUILD SUCCESS
[INFO] ------------------------------------------------------------------------
[INFO] Total time:  27.142 s
[INFO] Finished at: 2023-06-06T18:28:27+02:00
[INFO] ------------------------------------------------------------------------

Security framework of XStream not initialized, XStream is probably vulnerable.

---------------------------------------------------
[LOG] Cleaned targets with ['mvn', 'clean']
[INFO] Scanning for projects...
[INFO] 
[INFO] ------------------------< org.gephi:rick-tests >------------------------
[INFO] Building rick-tests 1.0-SNAPSHOT
[INFO] --------------------------------[ jar ]---------------------------------
[INFO] 
[INFO] --- maven-clean-plugin:2.5:clean (default-clean) @ rick-tests ---
[INFO] Deleting /home/dee/dev/rick-major-review/rick-tests/target
[INFO] ------------------------------------------------------------------------
[INFO] BUILD SUCCESS
[INFO] ------------------------------------------------------------------------
[INFO] Total time:  0.910 s
[INFO] Finished at: 2023-06-06T18:28:32+02:00
[INFO] ------------------------------------------------------------------------


---------------------------------------------------
[LOG] In experiment directory /home/dee/dev/rick-major-review/finches
---------------------------------------------------
[LOG] Restoring original RICK test from ./StepDisplacement.java/original-test.java
[LOG] Invoking cp ./StepDisplacement.java/original-test.java /home/dee/dev/rick-major-review/rick-tests/src/test/java/org/gephi/layout/plugin/force/TestStepDisplacementRickGen.java
---------------------------------------------------
[PO] Evaluating only PO
[LOG] Replacing original RICK test with variant po
[LOG] Invoking cp /home/dee/dev/rick-major-review/finches/output/StepDisplacement_moveNode_Node_ForceVector/test-po.java /home/dee/dev/rick-major-review/rick-tests/src/test/java/org/gephi/layout/plugin/force/TestStepDisplacementRickGen.java
[LOG] In test module directory /home/dee/dev/rick-major-review/rick-tests
[LOG] Invoked tests with ['mvn', 'test', '-Dtest=TestStepDisplacementRickGen']
[INFO] Scanning for projects...
[INFO] 
[INFO] ------------------------< org.gephi:rick-tests >------------------------
[INFO] Building rick-tests 1.0-SNAPSHOT
[INFO] --------------------------------[ jar ]---------------------------------
[INFO] 
[INFO] --- maven-resources-plugin:2.6:resources (default-resources) @ rick-tests ---
[WARNING] Using platform encoding (UTF-8 actually) to copy filtered resources, i.e. build is platform dependent!
[INFO] Copying 0 resource
[INFO] 
[INFO] --- maven-compiler-plugin:3.1:compile (default-compile) @ rick-tests ---
[INFO] Nothing to compile - all classes are up to date
[INFO] 
[INFO] --- maven-resources-plugin:2.6:testResources (default-testResources) @ rick-tests ---
[WARNING] Using platform encoding (UTF-8 actually) to copy filtered resources, i.e. build is platform dependent!
[INFO] Copying 119 resources
[INFO] 
[INFO] --- maven-compiler-plugin:3.1:testCompile (default-testCompile) @ rick-tests ---
[INFO] Changes detected - recompiling the module!
[WARNING] File encoding has not been set, using platform encoding UTF-8, i.e. build is platform dependent!
[INFO] Compiling 26 source files to /home/dee/dev/rick-major-review/rick-tests/target/test-classes
[WARNING] /home/dee/dev/rick-major-review/rick-tests/src/test/java/org/gephi/importer/impl/TestImportContainerImplRickGenNodeExists.java: Some input files use unchecked or unsafe operations.
[WARNING] /home/dee/dev/rick-major-review/rick-tests/src/test/java/org/gephi/importer/impl/TestImportContainerImplRickGenNodeExists.java: Recompile with -Xlint:unchecked for details.
[INFO] 
[INFO] --- maven-surefire-plugin:2.22.2:test (default-test) @ rick-tests ---
[INFO] 
[INFO] -------------------------------------------------------
[INFO]  T E S T S
[INFO] -------------------------------------------------------
[INFO] Running org.gephi.layout.plugin.force.TestStepDisplacementRickGen
[ERROR] Tests run: 2, Failures: 1, Errors: 0, Skipped: 0, Time elapsed: 13.511 s <<< FAILURE! - in org.gephi.layout.plugin.force.TestStepDisplacementRickGen
[ERROR] test_moveNode_PO_9b888ac8879c4f6383072dc6d8a70054  Time elapsed: 4.709 s  <<< FAILURE!
org.mockito.exceptions.verification.opentest4j.ArgumentsAreDifferent: 

Argument(s) are different! Wanted:
node.setX(-403.92587f);
-> at org.gephi.layout.plugin.force.TestStepDisplacementRickGen.test_moveNode_PO_9b888ac8879c4f6383072dc6d8a70054(TestStepDisplacementRickGen.java:47)
Actual invocations have different arguments:
node.x();
-> at org.gephi.layout.plugin.force.StepDisplacement.moveNode(StepDisplacement.java:79)
node.y();
-> at org.gephi.layout.plugin.force.StepDisplacement.moveNode(StepDisplacement.java:80)
node.setX(-443.6417f);
-> at org.gephi.layout.plugin.force.StepDisplacement.moveNode(StepDisplacement.java:83)
node.setY(105.14341f);
-> at org.gephi.layout.plugin.force.StepDisplacement.moveNode(StepDisplacement.java:86)

	at org.gephi.layout.plugin.force.TestStepDisplacementRickGen.test_moveNode_PO_9b888ac8879c4f6383072dc6d8a70054(TestStepDisplacementRickGen.java:47)

[INFO] 
[INFO] Results:
[INFO] 
[ERROR] Failures: 
[ERROR]   TestStepDisplacementRickGen.test_moveNode_PO_9b888ac8879c4f6383072dc6d8a70054:47 
Argument(s) are different! Wanted:
node.setX(-403.92587f);
-> at org.gephi.layout.plugin.force.TestStepDisplacementRickGen.test_moveNode_PO_9b888ac8879c4f6383072dc6d8a70054(TestStepDisplacementRickGen.java:47)
Actual invocations have different arguments:
node.x();
-> at org.gephi.layout.plugin.force.StepDisplacement.moveNode(StepDisplacement.java:79)
node.y();
-> at org.gephi.layout.plugin.force.StepDisplacement.moveNode(StepDisplacement.java:80)
node.setX(-443.6417f);
-> at org.gephi.layout.plugin.force.StepDisplacement.moveNode(StepDisplacement.java:83)
node.setY(105.14341f);
-> at org.gephi.layout.plugin.force.StepDisplacement.moveNode(StepDisplacement.java:86)

[INFO] 
[ERROR] Tests run: 2, Failures: 1, Errors: 0, Skipped: 0
[INFO] 
[INFO] ------------------------------------------------------------------------
[INFO] BUILD FAILURE
[INFO] ------------------------------------------------------------------------
[INFO] Total time:  29.433 s
[INFO] Finished at: 2023-06-06T18:29:04+02:00
[INFO] ------------------------------------------------------------------------
[ERROR] Failed to execute goal org.apache.maven.plugins:maven-surefire-plugin:2.22.2:test (default-test) on project rick-tests: There are test failures.
[ERROR] 
[ERROR] Please refer to /home/dee/dev/rick-major-review/rick-tests/target/surefire-reports for the individual test results.
[ERROR] Please refer to dump files (if any exist) [date].dump, [date]-jvmRun[N].dump and [date].dumpstream.
[ERROR] -> [Help 1]
[ERROR] 
[ERROR] To see the full stack trace of the errors, re-run Maven with the -e switch.
[ERROR] Re-run Maven using the -X switch to enable full debug logging.
[ERROR] 
[ERROR] For more information about the errors and possible solutions, please read the following articles:
[ERROR] [Help 1] http://cwiki.apache.org/confluence/display/MAVEN/MojoFailureException

Security framework of XStream not initialized, XStream is probably vulnerable.

---------------------------------------------------
[LOG] Cleaned targets with ['mvn', 'clean']
[INFO] Scanning for projects...
[INFO] 
[INFO] ------------------------< org.gephi:rick-tests >------------------------
[INFO] Building rick-tests 1.0-SNAPSHOT
[INFO] --------------------------------[ jar ]---------------------------------
[INFO] 
[INFO] --- maven-clean-plugin:2.5:clean (default-clean) @ rick-tests ---
[INFO] Deleting /home/dee/dev/rick-major-review/rick-tests/target
[INFO] ------------------------------------------------------------------------
[INFO] BUILD SUCCESS
[INFO] ------------------------------------------------------------------------
[INFO] Total time:  0.863 s
[INFO] Finished at: 2023-06-06T18:29:09+02:00
[INFO] ------------------------------------------------------------------------


---------------------------------------------------
[LOG] In experiment directory /home/dee/dev/rick-major-review/finches
---------------------------------------------------
[LOG] Restoring original RICK test from ./StepDisplacement.java/original-test.java
[LOG] Invoking cp ./StepDisplacement.java/original-test.java /home/dee/dev/rick-major-review/rick-tests/src/test/java/org/gephi/layout/plugin/force/TestStepDisplacementRickGen.java
---------------------------------------------------
[CO] Evaluating only CO
[LOG] Replacing original RICK test with variant co
[LOG] Invoking cp /home/dee/dev/rick-major-review/finches/output/StepDisplacement_moveNode_Node_ForceVector/test-co.java /home/dee/dev/rick-major-review/rick-tests/src/test/java/org/gephi/layout/plugin/force/TestStepDisplacementRickGen.java
[LOG] In test module directory /home/dee/dev/rick-major-review/rick-tests
[LOG] Invoked tests with ['mvn', 'test', '-Dtest=TestStepDisplacementRickGen']
[INFO] Scanning for projects...
[INFO] 
[INFO] ------------------------< org.gephi:rick-tests >------------------------
[INFO] Building rick-tests 1.0-SNAPSHOT
[INFO] --------------------------------[ jar ]---------------------------------
[INFO] 
[INFO] --- maven-resources-plugin:2.6:resources (default-resources) @ rick-tests ---
[WARNING] Using platform encoding (UTF-8 actually) to copy filtered resources, i.e. build is platform dependent!
[INFO] Copying 0 resource
[INFO] 
[INFO] --- maven-compiler-plugin:3.1:compile (default-compile) @ rick-tests ---
[INFO] Nothing to compile - all classes are up to date
[INFO] 
[INFO] --- maven-resources-plugin:2.6:testResources (default-testResources) @ rick-tests ---
[WARNING] Using platform encoding (UTF-8 actually) to copy filtered resources, i.e. build is platform dependent!
[INFO] Copying 119 resources
[INFO] 
[INFO] --- maven-compiler-plugin:3.1:testCompile (default-testCompile) @ rick-tests ---
[INFO] Changes detected - recompiling the module!
[WARNING] File encoding has not been set, using platform encoding UTF-8, i.e. build is platform dependent!
[INFO] Compiling 26 source files to /home/dee/dev/rick-major-review/rick-tests/target/test-classes
[WARNING] /home/dee/dev/rick-major-review/rick-tests/src/test/java/org/gephi/importer/impl/TestImportContainerImplRickGenNodeExists.java: Some input files use unchecked or unsafe operations.
[WARNING] /home/dee/dev/rick-major-review/rick-tests/src/test/java/org/gephi/importer/impl/TestImportContainerImplRickGenNodeExists.java: Recompile with -Xlint:unchecked for details.
[INFO] 
[INFO] --- maven-surefire-plugin:2.22.2:test (default-test) @ rick-tests ---
[INFO] 
[INFO] -------------------------------------------------------
[INFO]  T E S T S
[INFO] -------------------------------------------------------
[INFO] Running org.gephi.layout.plugin.force.TestStepDisplacementRickGen
[INFO] Tests run: 2, Failures: 0, Errors: 0, Skipped: 0, Time elapsed: 12.201 s - in org.gephi.layout.plugin.force.TestStepDisplacementRickGen
[INFO] 
[INFO] Results:
[INFO] 
[INFO] Tests run: 2, Failures: 0, Errors: 0, Skipped: 0
[INFO] 
[INFO] ------------------------------------------------------------------------
[INFO] BUILD SUCCESS
[INFO] ------------------------------------------------------------------------
[INFO] Total time:  27.414 s
[INFO] Finished at: 2023-06-06T18:29:39+02:00
[INFO] ------------------------------------------------------------------------

Security framework of XStream not initialized, XStream is probably vulnerable.

---------------------------------------------------
[LOG] Cleaned targets with ['mvn', 'clean']
[INFO] Scanning for projects...
[INFO] 
[INFO] ------------------------< org.gephi:rick-tests >------------------------
[INFO] Building rick-tests 1.0-SNAPSHOT
[INFO] --------------------------------[ jar ]---------------------------------
[INFO] 
[INFO] --- maven-clean-plugin:2.5:clean (default-clean) @ rick-tests ---
[INFO] Deleting /home/dee/dev/rick-major-review/rick-tests/target
[INFO] ------------------------------------------------------------------------
[INFO] BUILD SUCCESS
[INFO] ------------------------------------------------------------------------
[INFO] Total time:  0.925 s
[INFO] Finished at: 2023-06-06T18:29:44+02:00
[INFO] ------------------------------------------------------------------------


---------------------------------------------------
[LOG] In experiment directory /home/dee/dev/rick-major-review/finches
---------------------------------------------------
[LOG] Restoring original RICK test from ./StepDisplacement.java/original-test.java
[LOG] Invoking cp ./StepDisplacement.java/original-test.java /home/dee/dev/rick-major-review/rick-tests/src/test/java/org/gephi/layout/plugin/force/TestStepDisplacementRickGen.java
---------------------------------------------------
[ALL] Evaluating (OO +) PO + CO
[LOG] Restoring original RICK test from ./StepDisplacement.java/original-test.java
[LOG] Invoking cp ./StepDisplacement.java/original-test.java /home/dee/dev/rick-major-review/rick-tests/src/test/java/org/gephi/layout/plugin/force/TestStepDisplacementRickGen.java
[LOG] In test module directory /home/dee/dev/rick-major-review/rick-tests
[LOG] Invoked tests with ['mvn', 'test', '-Dtest=TestStepDisplacementRickGen']
[INFO] Scanning for projects...
[INFO] 
[INFO] ------------------------< org.gephi:rick-tests >------------------------
[INFO] Building rick-tests 1.0-SNAPSHOT
[INFO] --------------------------------[ jar ]---------------------------------
[INFO] 
[INFO] --- maven-resources-plugin:2.6:resources (default-resources) @ rick-tests ---
[WARNING] Using platform encoding (UTF-8 actually) to copy filtered resources, i.e. build is platform dependent!
[INFO] Copying 0 resource
[INFO] 
[INFO] --- maven-compiler-plugin:3.1:compile (default-compile) @ rick-tests ---
[INFO] Nothing to compile - all classes are up to date
[INFO] 
[INFO] --- maven-resources-plugin:2.6:testResources (default-testResources) @ rick-tests ---
[WARNING] Using platform encoding (UTF-8 actually) to copy filtered resources, i.e. build is platform dependent!
[INFO] Copying 119 resources
[INFO] 
[INFO] --- maven-compiler-plugin:3.1:testCompile (default-testCompile) @ rick-tests ---
[INFO] Changes detected - recompiling the module!
[WARNING] File encoding has not been set, using platform encoding UTF-8, i.e. build is platform dependent!
[INFO] Compiling 26 source files to /home/dee/dev/rick-major-review/rick-tests/target/test-classes
[WARNING] /home/dee/dev/rick-major-review/rick-tests/src/test/java/org/gephi/importer/impl/TestImportContainerImplRickGenNodeExists.java: Some input files use unchecked or unsafe operations.
[WARNING] /home/dee/dev/rick-major-review/rick-tests/src/test/java/org/gephi/importer/impl/TestImportContainerImplRickGenNodeExists.java: Recompile with -Xlint:unchecked for details.
[INFO] 
[INFO] --- maven-surefire-plugin:2.22.2:test (default-test) @ rick-tests ---
[INFO] 
[INFO] -------------------------------------------------------
[INFO]  T E S T S
[INFO] -------------------------------------------------------
[INFO] Running org.gephi.layout.plugin.force.TestStepDisplacementRickGen
[ERROR] Tests run: 2, Failures: 1, Errors: 0, Skipped: 0, Time elapsed: 13.332 s <<< FAILURE! - in org.gephi.layout.plugin.force.TestStepDisplacementRickGen
[ERROR] test_moveNode_PO_9b888ac8879c4f6383072dc6d8a70054  Time elapsed: 4.985 s  <<< FAILURE!
org.mockito.exceptions.verification.opentest4j.ArgumentsAreDifferent: 

Argument(s) are different! Wanted:
node.setX(-403.92587f);
-> at org.gephi.layout.plugin.force.TestStepDisplacementRickGen.test_moveNode_PO_9b888ac8879c4f6383072dc6d8a70054(TestStepDisplacementRickGen.java:47)
Actual invocations have different arguments:
node.x();
-> at org.gephi.layout.plugin.force.StepDisplacement.moveNode(StepDisplacement.java:79)
node.y();
-> at org.gephi.layout.plugin.force.StepDisplacement.moveNode(StepDisplacement.java:80)
node.setX(-443.6417f);
-> at org.gephi.layout.plugin.force.StepDisplacement.moveNode(StepDisplacement.java:83)
node.setY(105.14341f);
-> at org.gephi.layout.plugin.force.StepDisplacement.moveNode(StepDisplacement.java:86)

	at org.gephi.layout.plugin.force.TestStepDisplacementRickGen.test_moveNode_PO_9b888ac8879c4f6383072dc6d8a70054(TestStepDisplacementRickGen.java:47)

[INFO] 
[INFO] Results:
[INFO] 
[ERROR] Failures: 
[ERROR]   TestStepDisplacementRickGen.test_moveNode_PO_9b888ac8879c4f6383072dc6d8a70054:47 
Argument(s) are different! Wanted:
node.setX(-403.92587f);
-> at org.gephi.layout.plugin.force.TestStepDisplacementRickGen.test_moveNode_PO_9b888ac8879c4f6383072dc6d8a70054(TestStepDisplacementRickGen.java:47)
Actual invocations have different arguments:
node.x();
-> at org.gephi.layout.plugin.force.StepDisplacement.moveNode(StepDisplacement.java:79)
node.y();
-> at org.gephi.layout.plugin.force.StepDisplacement.moveNode(StepDisplacement.java:80)
node.setX(-443.6417f);
-> at org.gephi.layout.plugin.force.StepDisplacement.moveNode(StepDisplacement.java:83)
node.setY(105.14341f);
-> at org.gephi.layout.plugin.force.StepDisplacement.moveNode(StepDisplacement.java:86)

[INFO] 
[ERROR] Tests run: 2, Failures: 1, Errors: 0, Skipped: 0
[INFO] 
[INFO] ------------------------------------------------------------------------
[INFO] BUILD FAILURE
[INFO] ------------------------------------------------------------------------
[INFO] Total time:  28.393 s
[INFO] Finished at: 2023-06-06T18:30:16+02:00
[INFO] ------------------------------------------------------------------------
[ERROR] Failed to execute goal org.apache.maven.plugins:maven-surefire-plugin:2.22.2:test (default-test) on project rick-tests: There are test failures.
[ERROR] 
[ERROR] Please refer to /home/dee/dev/rick-major-review/rick-tests/target/surefire-reports for the individual test results.
[ERROR] Please refer to dump files (if any exist) [date].dump, [date]-jvmRun[N].dump and [date].dumpstream.
[ERROR] -> [Help 1]
[ERROR] 
[ERROR] To see the full stack trace of the errors, re-run Maven with the -e switch.
[ERROR] Re-run Maven using the -X switch to enable full debug logging.
[ERROR] 
[ERROR] For more information about the errors and possible solutions, please read the following articles:
[ERROR] [Help 1] http://cwiki.apache.org/confluence/display/MAVEN/MojoFailureException

Security framework of XStream not initialized, XStream is probably vulnerable.

---------------------------------------------------
[LOG] Cleaned targets with ['mvn', 'clean']
[INFO] Scanning for projects...
[INFO] 
[INFO] ------------------------< org.gephi:rick-tests >------------------------
[INFO] Building rick-tests 1.0-SNAPSHOT
[INFO] --------------------------------[ jar ]---------------------------------
[INFO] 
[INFO] --- maven-clean-plugin:2.5:clean (default-clean) @ rick-tests ---
[INFO] Deleting /home/dee/dev/rick-major-review/rick-tests/target
[INFO] ------------------------------------------------------------------------
[INFO] BUILD SUCCESS
[INFO] ------------------------------------------------------------------------
[INFO] Total time:  0.835 s
[INFO] Finished at: 2023-06-06T18:30:20+02:00
[INFO] ------------------------------------------------------------------------


---------------------------------------------------
[LOG] In experiment directory /home/dee/dev/rick-major-review/finches
---------------------------------------------------
---------------------------------------------------
[LOG] Resetting StepDisplacement.java to original
[LOG] Invoking cp ./StepDisplacement.java/original.java /home/dee/dev/rick-major-review/gephi/modules/LayoutPlugin/src/main/java/org/gephi/layout/plugin/force/StepDisplacement.java
---------------------------------------------------
[LOG] Copying littledarwin mutants to /home/dee/dev/rick-major-review/finches/output/StepDisplacement_moveNode_Node_ForceVector/
[LOG] Invoked copying with ['cp', '-r', '/home/dee/dev/rick-major-review/finches/StepDisplacement.java', '/home/dee/dev/rick-major-review/finches/output/StepDisplacement_moveNode_Node_ForceVector/']


---------------------------------------------------
[LOG] Finishing analysis at 2023-06-06 18:30:20.706559
====== END OF THE LINE ======
