[LOG] Initiating analysis at 2023-06-11 06:53:00.298787
---------------------------------------------------
[LOG] Removing pre-existing mutants from current working directory
[LOG] Cleaning up LittleDarwin results
---------------------------------------------------
[LOG] Working with setMatrix_AffineTransform
[LOG] Generating mutants for its parent PDFormXObject.java
---------------------------------------------------
[LOG] Running littledarwin on /home/dee/dev/rick-major-review/pdfbox/pdfbox/src/main/java/org/apache/pdfbox/pdmodel/graphics/form/
[LOG] Invoked LitteDarwin with ['python3', '-m', 'littledarwin', '-m', '-v', '-p', '/home/dee/dev/rick-major-review/pdfbox/pdfbox/src/main/java/org/apache/pdfbox/pdmodel/graphics/form/', '--all']

    __     _  __   __   __       ____                          _
   / /    (_)/ /_ / /_ / /___   / __ \ ____ _ _____ _      __ (_)____
  / /    / // __// __// // _ \ / / / // __ `// ___/| | /| / // // __ \
 / /___ / // /_ / /_ / //  __// /_/ // /_/ // /    | |/ |/ // // / / /
/_____//_/ \__/ \__//_/ \___//_____/ \__,_//_/     |__/|__//_//_/ /_/

      _                     _                 ___
     /_|  /|/|  _/__/'     /_|   _ /   _ ' _ (_  _ _ _  _      _ /
    (  | /   |(//(///()/) (  |/)(/((/_) /_)  /  / (///)(-((/()/ /(
                                  /


    LittleDarwin version 0.10.7 Copyright (C) 2014-2020 Ali Parsai

    LittleDarwin comes with ABSOLUTELY NO WARRANTY.
    This is free software, and you are welcome to redistribute it
    under certain conditions; run LittleDarwin --license for details.

    
Source Path:  /home/dee/dev/rick-major-review/pdfbox/pdfbox/src/main/java/org/apache/pdfbox/pdmodel/graphics/form
Target Path:  /home/dee/anaconda3/lib/python3.8/site-packages/littledarwin/LittleDarwinResults
Creating Mutation Database:  /home/dee/anaconda3/lib/python3.8/site-packages/littledarwin/LittleDarwinResults/mutationdatabase

(1/3) Source file:  /home/dee/dev/rick-major-review/pdfbox/pdfbox/src/main/java/org/apache/pdfbox/pdmodel/graphics/form/PDTransparencyGroup.java
ANTLR runtime and generated code versions disagree: 4.13.0!=4.10.1
ANTLR runtime and generated code versions disagree: 4.13.0!=4.10.1
--> Mutations found:  0

(2/3) Source file:  /home/dee/dev/rick-major-review/pdfbox/pdfbox/src/main/java/org/apache/pdfbox/pdmodel/graphics/form/PDFormXObject.java
ANTLR runtime and generated code versions disagree: 4.13.0!=4.10.1
ANTLR runtime and generated code versions disagree: 4.13.0!=4.10.1
--> Mutations found:  48
----> RemoveNullCheck : 5
----> RemoveMethod : 17
----> RelationalOperatorReplacement : 5
----> NullifyInputVariable : 4
----> NullifyReturnValue : 10
----> NullifyObjectInitialization : 7

(3/3) Source file:  /home/dee/dev/rick-major-review/pdfbox/pdfbox/src/main/java/org/apache/pdfbox/pdmodel/graphics/form/PDTransparencyGroupAttributes.java
ANTLR runtime and generated code versions disagree: 4.13.0!=4.10.1
ANTLR runtime and generated code versions disagree: 4.13.0!=4.10.1
--> Mutations found:  15
----> RemoveNullCheck : 1
----> ConditionalOperatorReplacement : 1
----> RemoveMethod : 7
----> RelationalOperatorReplacement : 1
----> NullifyInputVariable : 1
----> NullifyReturnValue : 3
----> NullifyObjectInitialization : 1

Total mutations found:  63
--> RemoveNullCheck: 6
--> ConditionalOperatorReplacement: 1
--> RemoveMethod: 24
--> RelationalOperatorReplacement: 6
--> NullifyInputVariable: 5
--> NullifyReturnValue: 13
--> NullifyObjectInitialization: 8


---------------------------------------------------
[LOG] Copying mutants of PDFormXObject.java
---------------------------------------------------
[LOG] Generated 48 mutants
---------------------------------------------------
[LOG] Backing up original RICK test as ./PDFormXObject.java/original-test.java
[LOG] Invoking cp /home/dee/dev/rick-major-review/pdfbox/rick-major/src/test/java/org/apache/pdfbox/pdmodel/graphics/form/TestPDFormXObjectRickGen.java ./PDFormXObject.java/original-test.java
---------------------------------------------------
[LOG] Generating variants of original RICK test
[LOG] Modifying /home/dee/dev/rick-experiments/mutation-analysis/output/setMatrix_AffineTransform/test-baseline.java
[LOG] Created baseline test at /home/dee/dev/rick-experiments/mutation-analysis/output/setMatrix_AffineTransform/test-baseline.java
[LOG] Modifying /home/dee/dev/rick-experiments/mutation-analysis/output/setMatrix_AffineTransform/test-po.java
[LOG] Created PO test at /home/dee/dev/rick-experiments/mutation-analysis/output/setMatrix_AffineTransform/test-po.java
[LOG] Modifying /home/dee/dev/rick-experiments/mutation-analysis/output/setMatrix_AffineTransform/test-co.java
[LOG] Created CO test at /home/dee/dev/rick-experiments/mutation-analysis/output/setMatrix_AffineTransform/test-co.java
[LOG] Created test with all oracles at /home/dee/dev/rick-experiments/mutation-analysis/output/setMatrix_AffineTransform/test-all.java
---------------------------------------------------
[LOG] Replacing originalPDFormXObject.java with ./PDFormXObject.java/11.java
[LOG] Invoking cp ./PDFormXObject.java/11.java /home/dee/dev/rick-major-review/pdfbox/pdfbox/src/main/java/org/apache/pdfbox/pdmodel/graphics/form/PDFormXObject.java
[LOG] Invoked a clean install of the parent module with ['mvn', 'clean', 'install', '-DskipTests']
[INFO] Scanning for projects...
[INFO] 
[INFO] ----------------------< org.apache.pdfbox:pdfbox >----------------------
[INFO] Building Apache PDFBox 2.0.24
[INFO] -------------------------------[ bundle ]-------------------------------
[INFO] 
[INFO] --- maven-clean-plugin:3.0.0:clean (default-clean) @ pdfbox ---
[INFO] Deleting /home/dee/dev/rick-major-review/pdfbox/pdfbox/target
[INFO] 
[INFO] --- maven-enforcer-plugin:1.4.1:enforce (default) @ pdfbox ---
[INFO] 
[INFO] --- maven-enforcer-plugin:1.4.1:enforce (enforce-maven-version) @ pdfbox ---
[INFO] 
[INFO] --- maven-remote-resources-plugin:1.5:process (process-resource-bundles) @ pdfbox ---
[INFO] 
[INFO] --- maven-resources-plugin:3.0.2:resources (default-resources) @ pdfbox ---
[INFO] Using 'UTF-8' encoding to copy filtered resources.
[INFO] Copying 1 resource
[INFO] Copying 21 resources
[INFO] Copying 3 resources
[INFO] 
[INFO] --- maven-compiler-plugin:3.6.0:compile (default-compile) @ pdfbox ---
[INFO] Changes detected - recompiling the module!
[INFO] Compiling 609 source files to /home/dee/dev/rick-major-review/pdfbox/pdfbox/target/classes
[WARNING] To suppress warnings about obsolete options, use -Xlint:-options.
/home/dee/dev/rick-major-review/pdfbox/pdfbox/src/main/java/org/apache/pdfbox/pdmodel/PDDocument.java:[471,96] [deprecation] toList() in COSArrayList has been deprecated
[WARNING] /home/dee/dev/rick-major-review/pdfbox/pdfbox/src/main/java/org/apache/pdfbox/pdmodel/PDDocument.java:[471,45] [deprecation] toList() in COSArrayList has been deprecated
[WARNING] /home/dee/dev/rick-major-review/pdfbox/pdfbox/src/main/java/org/apache/pdfbox/pdmodel/font/PDType3Font.java:[196,17] [deprecation] getHeight(int) in PDFontLike has been deprecated
[WARNING] /home/dee/dev/rick-major-review/pdfbox/pdfbox/src/main/java/org/apache/pdfbox/text/LegacyPDFStreamEngine.java:[152,19] [deprecation] showGlyph(Matrix,PDFont,int,String,Vector) in PDFStreamEngine has been deprecated
[WARNING] /home/dee/dev/rick-major-review/pdfbox/pdfbox/src/main/java/org/apache/pdfbox/pdmodel/font/PDTrueTypeFont.java:[375,17] [deprecation] getHeight(int) in PDFontLike has been deprecated
[WARNING] /home/dee/dev/rick-major-review/pdfbox/pdfbox/src/main/java/org/apache/pdfbox/pdmodel/font/PDType0Font.java:[414,17] [deprecation] getHeight(int) in PDFontLike has been deprecated
[WARNING] /home/dee/dev/rick-major-review/pdfbox/pdfbox/src/main/java/org/apache/pdfbox/pdmodel/font/PDType0Font.java:[416,29] [deprecation] getHeight(int) in PDFontLike has been deprecated
[WARNING] /home/dee/dev/rick-major-review/pdfbox/pdfbox/src/main/java/org/apache/pdfbox/pdmodel/font/TrueTypeEmbedder.java:[120,18] [deprecation] getUnicodeCmap() in TrueTypeFont has been deprecated
[WARNING] /home/dee/dev/rick-major-review/pdfbox/pdfbox/src/main/java/org/apache/pdfbox/pdmodel/font/PDType1Font.java:[395,17] [deprecation] getHeight(int) in PDFontLike has been deprecated
[WARNING] /home/dee/dev/rick-major-review/pdfbox/pdfbox/src/main/java/org/apache/pdfbox/cos/UnmodifiableCOSDictionary.java:[286,16] [deprecation] mergeInto(COSDictionary) in COSDictionary has been deprecated
[WARNING] /home/dee/dev/rick-major-review/pdfbox/pdfbox/src/main/java/org/apache/pdfbox/pdmodel/font/PDCIDFontType0.java:[439,17] [deprecation] getHeight(int) in PDFontLike has been deprecated
[WARNING] /home/dee/dev/rick-major-review/pdfbox/pdfbox/src/main/java/org/apache/pdfbox/pdmodel/font/PDType1CFont.java:[304,17] [deprecation] getHeight(int) in PDFontLike has been deprecated
[WARNING] /home/dee/dev/rick-major-review/pdfbox/pdfbox/src/main/java/org/apache/pdfbox/pdmodel/font/PDCIDFontType2.java:[312,17] [deprecation] getHeight(int) in PDFontLike has been deprecated
[INFO] 
[INFO] --- download-maven-plugin:1.5.1:wget (PDFBOX-1031-1) @ pdfbox ---
[INFO] maven-download-plugin:wget skipped
[INFO] 
[INFO] --- download-maven-plugin:1.5.1:wget (PDFBOX-1031-2) @ pdfbox ---
[INFO] maven-download-plugin:wget skipped
[INFO] 
[INFO] --- download-maven-plugin:1.5.1:wget (PDFBOX-1065-1) @ pdfbox ---
[INFO] maven-download-plugin:wget skipped
[INFO] 
[INFO] --- download-maven-plugin:1.5.1:wget (PDFBOX-1065-2) @ pdfbox ---
[INFO] maven-download-plugin:wget skipped
[INFO] 
[INFO] --- download-maven-plugin:1.5.1:wget (PDFBOX-1100-1) @ pdfbox ---
[INFO] maven-download-plugin:wget skipped
[INFO] 
[INFO] --- download-maven-plugin:1.5.1:wget (PDFBOX-1100-2) @ pdfbox ---
[INFO] maven-download-plugin:wget skipped
[INFO] 
[INFO] --- download-maven-plugin:1.5.1:wget (PDFBOX-3208) @ pdfbox ---
[INFO] maven-download-plugin:wget skipped
[INFO] 
[INFO] --- download-maven-plugin:1.5.1:wget (PDFBOX-3656) @ pdfbox ---
[INFO] maven-download-plugin:wget skipped
[INFO] 
[INFO] --- download-maven-plugin:1.5.1:wget (PDFBOX-3682) @ pdfbox ---
[INFO] maven-download-plugin:wget skipped
[INFO] 
[INFO] --- download-maven-plugin:1.5.1:wget (PDFBOX-3940) @ pdfbox ---
[INFO] maven-download-plugin:wget skipped
[INFO] 
[INFO] --- download-maven-plugin:1.5.1:wget (PDFBOX-3783) @ pdfbox ---
[INFO] maven-download-plugin:wget skipped
[INFO] 
[INFO] --- download-maven-plugin:1.5.1:wget (PDFBOX-3785) @ pdfbox ---
[INFO] maven-download-plugin:wget skipped
[INFO] 
[INFO] --- download-maven-plugin:1.5.1:wget (PDFBOX-3947) @ pdfbox ---
[INFO] maven-download-plugin:wget skipped
[INFO] 
[INFO] --- download-maven-plugin:1.5.1:wget (PDFBOX-3948) @ pdfbox ---
[INFO] maven-download-plugin:wget skipped
[INFO] 
[INFO] --- download-maven-plugin:1.5.1:wget (PDFBOX-3949) @ pdfbox ---
[INFO] maven-download-plugin:wget skipped
[INFO] 
[INFO] --- download-maven-plugin:1.5.1:wget (PDFBOX-3950) @ pdfbox ---
[INFO] maven-download-plugin:wget skipped
[INFO] 
[INFO] --- download-maven-plugin:1.5.1:wget (PDFBOX-3951) @ pdfbox ---
[INFO] maven-download-plugin:wget skipped
[INFO] 
[INFO] --- download-maven-plugin:1.5.1:wget (PDFBOX-3964) @ pdfbox ---
[INFO] maven-download-plugin:wget skipped
[INFO] 
[INFO] --- download-maven-plugin:1.5.1:wget (PDFBOX-3977) @ pdfbox ---
[INFO] maven-download-plugin:wget skipped
[INFO] 
[INFO] --- download-maven-plugin:1.5.1:wget (Genko) @ pdfbox ---
[INFO] maven-download-plugin:wget skipped
[INFO] 
[INFO] --- download-maven-plugin:1.5.1:wget (PDFBOX-3999) @ pdfbox ---
[INFO] maven-download-plugin:wget skipped
[INFO] 
[INFO] --- download-maven-plugin:1.5.1:wget (PDFBOX-4106) @ pdfbox ---
[INFO] maven-download-plugin:wget skipped
[INFO] 
[INFO] --- download-maven-plugin:1.5.1:wget (PDFBOX-4106b) @ pdfbox ---
[INFO] maven-download-plugin:wget skipped
[INFO] 
[INFO] --- download-maven-plugin:1.5.1:wget (PDFBOX-4115) @ pdfbox ---
[INFO] maven-download-plugin:wget skipped
[INFO] 
[INFO] --- download-maven-plugin:1.5.1:wget (PDFBOX-4197) @ pdfbox ---
[INFO] maven-download-plugin:wget skipped
[INFO] 
[INFO] --- download-maven-plugin:1.5.1:wget (PDFBOX-4184) @ pdfbox ---
[INFO] maven-download-plugin:wget skipped
[INFO] 
[INFO] --- download-maven-plugin:1.5.1:wget (PDFBOX-4184-2) @ pdfbox ---
[INFO] maven-download-plugin:wget skipped
[INFO] 
[INFO] --- download-maven-plugin:1.5.1:wget (PDFBOX-4308) @ pdfbox ---
[INFO] maven-download-plugin:wget skipped
[INFO] 
[INFO] --- download-maven-plugin:1.5.1:wget (PDFBOX-4338) @ pdfbox ---
[INFO] maven-download-plugin:wget skipped
[INFO] 
[INFO] --- download-maven-plugin:1.5.1:wget (PDFBOX-4339) @ pdfbox ---
[INFO] maven-download-plugin:wget skipped
[INFO] 
[INFO] --- download-maven-plugin:1.5.1:wget (PDFBOX-4408) @ pdfbox ---
[INFO] maven-download-plugin:wget skipped
[INFO] 
[INFO] --- download-maven-plugin:1.5.1:wget (PDFBOX-4418-1) @ pdfbox ---
[INFO] maven-download-plugin:wget skipped
[INFO] 
[INFO] --- download-maven-plugin:1.5.1:wget (PDFBOX-4418-2) @ pdfbox ---
[INFO] maven-download-plugin:wget skipped
[INFO] 
[INFO] --- download-maven-plugin:1.5.1:wget (PDFBOX-4423) @ pdfbox ---
[INFO] maven-download-plugin:wget skipped
[INFO] 
[INFO] --- download-maven-plugin:1.5.1:wget (PDFBOX-4517) @ pdfbox ---
[INFO] maven-download-plugin:wget skipped
[INFO] 
[INFO] --- download-maven-plugin:1.5.1:wget (PDFBOX-4750) @ pdfbox ---
[INFO] maven-download-plugin:wget skipped
[INFO] 
[INFO] --- download-maven-plugin:1.5.1:wget (PDFBOX-4153) @ pdfbox ---
[INFO] maven-download-plugin:wget skipped
[INFO] 
[INFO] --- download-maven-plugin:1.5.1:wget (PDFBOX-4490) @ pdfbox ---
[INFO] maven-download-plugin:wget skipped
[INFO] 
[INFO] --- download-maven-plugin:1.5.1:wget (PDFBOX-5196) @ pdfbox ---
[INFO] maven-download-plugin:wget skipped
[INFO] 
[INFO] --- maven-resources-plugin:3.0.2:testResources (default-testResources) @ pdfbox ---
[INFO] Using 'UTF-8' encoding to copy filtered resources.
[INFO] Copying 229 resources
[INFO] Copying 3 resources
[INFO] 
[INFO] --- maven-compiler-plugin:3.6.0:testCompile (default-testCompile) @ pdfbox ---
[INFO] Changes detected - recompiling the module!
[INFO] Compiling 115 source files to /home/dee/dev/rick-major-review/pdfbox/pdfbox/target/test-classes
[WARNING] To suppress warnings about obsolete options, use -Xlint:-options.
/home/dee/dev/rick-major-review/pdfbox/pdfbox/src/test/java/org/apache/pdfbox/pdmodel/common/COSArrayListTest.java:[27,22] [deprecation] Assert in junit.framework has been deprecated
[WARNING] /home/dee/dev/rick-major-review/pdfbox/pdfbox/src/test/java/org/apache/pdfbox/pdmodel/interactive/form/PDButtonTest.java:[109,19] [deprecation] setPushButton(boolean) in PDButton has been deprecated
[WARNING] /home/dee/dev/rick-major-review/pdfbox/pdfbox/src/test/java/org/apache/pdfbox/pdmodel/interactive/form/PDButtonTest.java:[125,19] [deprecation] setRadioButton(boolean) in PDButton has been deprecated
[WARNING] /home/dee/dev/rick-major-review/pdfbox/pdfbox/src/test/java/org/apache/pdfbox/io/UnmodifiableCOSDictionaryTest.java:[66,37] [deprecation] mergeInto(COSDictionary) in COSDictionary has been deprecated
[WARNING] /home/dee/dev/rick-major-review/pdfbox/pdfbox/src/test/java/org/apache/pdfbox/pdmodel/TestPDPageContentStream.java:[98,21] [deprecation] setNonStrokingColor(int,int,int) in PDPageContentStream has been deprecated
[WARNING] /home/dee/dev/rick-major-review/pdfbox/pdfbox/src/test/java/org/apache/pdfbox/pdmodel/TestPDPageContentStream.java:[100,21] [deprecation] setNonStrokingColor(int) in PDPageContentStream has been deprecated
[WARNING] /home/dee/dev/rick-major-review/pdfbox/pdfbox/src/test/java/org/apache/pdfbox/pdmodel/TestPDPageContentStream.java:[128,21] [deprecation] setStrokingColor(int,int,int) in PDPageContentStream has been deprecated
[WARNING] /home/dee/dev/rick-major-review/pdfbox/pdfbox/src/test/java/org/apache/pdfbox/pdmodel/TestPDPageContentStream.java:[130,21] [deprecation] setStrokingColor(int) in PDPageContentStream has been deprecated
[WARNING] /home/dee/dev/rick-major-review/pdfbox/pdfbox/src/test/java/org/apache/pdfbox/pdmodel/font/PDFontTest.java:[288,36] [deprecation] getHeight(int) in PDFontLike has been deprecated
[WARNING] /home/dee/dev/rick-major-review/pdfbox/pdfbox/src/test/java/org/apache/pdfbox/pdmodel/PageModeTest.java:[27,55] [deprecation] none() in ExpectedException has been deprecated
[WARNING] /home/dee/dev/rick-major-review/pdfbox/pdfbox/src/test/java/org/apache/pdfbox/cos/TestCOSInteger.java:[106,54] [deprecation] doubleValue() in COSInteger has been deprecated
[WARNING] /home/dee/dev/rick-major-review/pdfbox/pdfbox/src/test/java/org/apache/pdfbox/pdmodel/graphics/state/RenderingIntentTest.java:[27,55] [deprecation] none() in ExpectedException has been deprecated
[WARNING] /home/dee/dev/rick-major-review/pdfbox/pdfbox/src/test/java/org/apache/pdfbox/cos/TestCOSFloat.java:[187,78] [deprecation] doubleValue() in COSFloat has been deprecated
[WARNING] /home/dee/dev/rick-major-review/pdfbox/pdfbox/src/test/java/org/apache/pdfbox/pdmodel/common/COSArrayListTest.java:[46,55] [deprecation] none() in ExpectedException has been deprecated
[WARNING] /home/dee/dev/rick-major-review/pdfbox/pdfbox/src/test/java/org/apache/pdfbox/pdmodel/PageLayoutTest.java:[52,55] [deprecation] none() in ExpectedException has been deprecated
[WARNING] /home/dee/dev/rick-major-review/pdfbox/pdfbox/src/test/java/org/apache/pdfbox/pdfwriter/COSWriterXRefEntryTest.java:[27,55] [deprecation] none() in ExpectedException has been deprecated
[WARNING] /home/dee/dev/rick-major-review/pdfbox/pdfbox/src/test/java/org/apache/pdfbox/util/MatrixTest.java:[180,26] [deprecation] multiply(Matrix,Matrix) in Matrix has been deprecated
[WARNING] /home/dee/dev/rick-major-review/pdfbox/pdfbox/src/test/java/org/apache/pdfbox/util/MatrixTest.java:[189,19] [deprecation] multiply(Matrix,Matrix) in Matrix has been deprecated
[WARNING] /home/dee/dev/rick-major-review/pdfbox/pdfbox/src/test/java/org/apache/pdfbox/util/MatrixTest.java:[199,19] [deprecation] multiply(Matrix,Matrix) in Matrix has been deprecated
[WARNING] /home/dee/dev/rick-major-review/pdfbox/pdfbox/src/test/java/org/apache/pdfbox/util/MatrixTest.java:[208,19] [deprecation] multiply(Matrix,Matrix) in Matrix has been deprecated
[WARNING] /home/dee/dev/rick-major-review/pdfbox/pdfbox/src/test/java/org/apache/pdfbox/util/MatrixTest.java:[218,9] [deprecation] multiply(Matrix,Matrix) in Matrix has been deprecated
[WARNING] /home/dee/dev/rick-major-review/pdfbox/pdfbox/src/test/java/org/apache/pdfbox/util/MatrixTest.java:[226,9] [deprecation] multiply(Matrix,Matrix) in Matrix has been deprecated
[WARNING] /home/dee/dev/rick-major-review/pdfbox/pdfbox/src/test/java/org/apache/pdfbox/util/MatrixTest.java:[234,9] [deprecation] multiply(Matrix,Matrix) in Matrix has been deprecated
[WARNING] /home/dee/dev/rick-major-review/pdfbox/pdfbox/src/test/java/org/apache/pdfbox/util/MatrixTest.java:[242,9] [deprecation] multiply(Matrix,Matrix) in Matrix has been deprecated
[WARNING] /home/dee/dev/rick-major-review/pdfbox/pdfbox/src/test/java/org/apache/pdfbox/cos/COSObjectKeyTest.java:[27,55] [deprecation] none() in ExpectedException has been deprecated
[INFO] 
[INFO] --- maven-surefire-plugin:2.22.2:test (default-test) @ pdfbox ---
[INFO] Tests are skipped.
[INFO] 
[INFO] --- animal-sniffer-maven-plugin:1.17:check (check-java-version) @ pdfbox ---
[INFO] Signature checking is skipped.
[INFO] 
[INFO] --- maven-bundle-plugin:3.5.1:bundle (default-bundle) @ pdfbox ---
[INFO] 
[INFO] --- maven-site-plugin:3.7:attach-descriptor (attach-descriptor) @ pdfbox ---
[INFO] Skipping because packaging 'bundle' is not pom.
[INFO] 
[INFO] >>> maven-source-plugin:3.0.1:jar (attach-sources) > generate-sources @ pdfbox >>>
[INFO] 
[INFO] --- maven-enforcer-plugin:1.4.1:enforce (default) @ pdfbox ---
[INFO] 
[INFO] --- maven-enforcer-plugin:1.4.1:enforce (enforce-maven-version) @ pdfbox ---
[INFO] 
[INFO] <<< maven-source-plugin:3.0.1:jar (attach-sources) < generate-sources @ pdfbox <<<
[INFO] 
[INFO] 
[INFO] --- maven-source-plugin:3.0.1:jar (attach-sources) @ pdfbox ---
[INFO] Building jar: /home/dee/dev/rick-major-review/pdfbox/pdfbox/target/pdfbox-2.0.24-sources.jar
[INFO] 
[INFO] --- maven-install-plugin:2.5.2:install (default-install) @ pdfbox ---
[INFO] Installing /home/dee/dev/rick-major-review/pdfbox/pdfbox/target/pdfbox-2.0.24.jar to /home/dee/.m2/repository/org/apache/pdfbox/pdfbox/2.0.24/pdfbox-2.0.24.jar
[INFO] Installing /home/dee/dev/rick-major-review/pdfbox/pdfbox/pom.xml to /home/dee/.m2/repository/org/apache/pdfbox/pdfbox/2.0.24/pdfbox-2.0.24.pom
[INFO] Installing /home/dee/dev/rick-major-review/pdfbox/pdfbox/target/pdfbox-2.0.24-sources.jar to /home/dee/.m2/repository/org/apache/pdfbox/pdfbox/2.0.24/pdfbox-2.0.24-sources.jar
[INFO] 
[INFO] --- maven-bundle-plugin:3.5.1:install (default-install) @ pdfbox ---
[INFO] Installing org/apache/pdfbox/pdfbox/2.0.24/pdfbox-2.0.24.jar
[INFO] Writing OBR metadata
[INFO] ------------------------------------------------------------------------
[INFO] BUILD SUCCESS
[INFO] ------------------------------------------------------------------------
[INFO] Total time:  45.993 s
[INFO] Finished at: 2023-06-11T06:53:54+02:00
[INFO] ------------------------------------------------------------------------


---------------------------------------------------
[BASELINE] Not evaluating any oracle
[LOG] Replacing original RICK test with variant baseline
[LOG] Invoking cp /home/dee/dev/rick-experiments/mutation-analysis/output/setMatrix_AffineTransform/test-baseline.java /home/dee/dev/rick-major-review/pdfbox/rick-major/src/test/java/org/apache/pdfbox/pdmodel/graphics/form/TestPDFormXObjectRickGen.java
[LOG] In test module directory /home/dee/dev/rick-major-review/pdfbox/rick-major
[LOG] Invoked tests with ['mvn', 'test', '-Dtest=TestPDFormXObjectRickGen']
[INFO] Scanning for projects...
[INFO] 
[INFO] --------------------< org.apache.pdfbox:rick-major >--------------------
[INFO] Building rick-major 2.0.24
[INFO] --------------------------------[ jar ]---------------------------------
[INFO] 
[INFO] --- maven-enforcer-plugin:1.4.1:enforce (default) @ rick-major ---
[INFO] 
[INFO] --- maven-enforcer-plugin:1.4.1:enforce (enforce-maven-version) @ rick-major ---
[INFO] 
[INFO] --- maven-remote-resources-plugin:1.5:process (process-resource-bundles) @ rick-major ---
[INFO] 
[INFO] --- maven-resources-plugin:3.0.2:resources (default-resources) @ rick-major ---
[INFO] Using 'UTF-8' encoding to copy filtered resources.
[INFO] Copying 0 resource
[INFO] Copying 3 resources
[INFO] 
[INFO] --- maven-compiler-plugin:3.6.0:compile (default-compile) @ rick-major ---
[INFO] Nothing to compile - all classes are up to date
[INFO] 
[INFO] --- maven-resources-plugin:3.0.2:testResources (default-testResources) @ rick-major ---
[INFO] Using 'UTF-8' encoding to copy filtered resources.
[INFO] Copying 72 resources
[INFO] Copying 3 resources
[INFO] 
[INFO] --- maven-compiler-plugin:3.6.0:testCompile (default-testCompile) @ rick-major ---
[INFO] Changes detected - recompiling the module!
[INFO] Compiling 38 source files to /home/dee/dev/rick-major-review/pdfbox/rick-major/target/test-classes
[INFO] 
[INFO] --- maven-surefire-plugin:2.22.2:test (default-test) @ rick-major ---
[INFO] 
[INFO] -------------------------------------------------------
[INFO]  T E S T S
[INFO] -------------------------------------------------------
[INFO] Running org.apache.pdfbox.pdmodel.graphics.form.TestPDFormXObjectRickGen
[INFO] Tests run: 2, Failures: 0, Errors: 0, Skipped: 0, Time elapsed: 10.297 s - in org.apache.pdfbox.pdmodel.graphics.form.TestPDFormXObjectRickGen
[INFO] 
[INFO] Results:
[INFO] 
[INFO] Tests run: 2, Failures: 0, Errors: 0, Skipped: 0
[INFO] 
[INFO] 
[INFO] --- animal-sniffer-maven-plugin:1.17:check (check-java-version) @ rick-major ---
[INFO] Checking unresolved references to org.codehaus.mojo.signature:java16:1.0
[INFO] ------------------------------------------------------------------------
[INFO] BUILD SUCCESS
[INFO] ------------------------------------------------------------------------
[INFO] Total time:  24.681 s
[INFO] Finished at: 2023-06-11T06:54:23+02:00
[INFO] ------------------------------------------------------------------------

Security framework of XStream not initialized, XStream is probably vulnerable.

---------------------------------------------------
[LOG] Cleaned targets with ['mvn', 'clean']
[INFO] Scanning for projects...
[INFO] 
[INFO] --------------------< org.apache.pdfbox:rick-major >--------------------
[INFO] Building rick-major 2.0.24
[INFO] --------------------------------[ jar ]---------------------------------
[INFO] 
[INFO] --- maven-clean-plugin:3.0.0:clean (default-clean) @ rick-major ---
[INFO] Deleting /home/dee/dev/rick-major-review/pdfbox/rick-major/target
[INFO] ------------------------------------------------------------------------
[INFO] BUILD SUCCESS
[INFO] ------------------------------------------------------------------------
[INFO] Total time:  1.493 s
[INFO] Finished at: 2023-06-11T06:54:28+02:00
[INFO] ------------------------------------------------------------------------


---------------------------------------------------
[LOG] In experiment directory /home/dee/dev/rick-experiments/mutation-analysis
---------------------------------------------------
[LOG] Restoring original RICK test from ./PDFormXObject.java/original-test.java
[LOG] Invoking cp ./PDFormXObject.java/original-test.java /home/dee/dev/rick-major-review/pdfbox/rick-major/src/test/java/org/apache/pdfbox/pdmodel/graphics/form/TestPDFormXObjectRickGen.java
---------------------------------------------------
[PO] Evaluating only PO
[LOG] Replacing original RICK test with variant po
[LOG] Invoking cp /home/dee/dev/rick-experiments/mutation-analysis/output/setMatrix_AffineTransform/test-po.java /home/dee/dev/rick-major-review/pdfbox/rick-major/src/test/java/org/apache/pdfbox/pdmodel/graphics/form/TestPDFormXObjectRickGen.java
[LOG] In test module directory /home/dee/dev/rick-major-review/pdfbox/rick-major
[LOG] Invoked tests with ['mvn', 'test', '-Dtest=TestPDFormXObjectRickGen']
[INFO] Scanning for projects...
[INFO] 
[INFO] --------------------< org.apache.pdfbox:rick-major >--------------------
[INFO] Building rick-major 2.0.24
[INFO] --------------------------------[ jar ]---------------------------------
[INFO] 
[INFO] --- maven-enforcer-plugin:1.4.1:enforce (default) @ rick-major ---
[INFO] 
[INFO] --- maven-enforcer-plugin:1.4.1:enforce (enforce-maven-version) @ rick-major ---
[INFO] 
[INFO] --- maven-remote-resources-plugin:1.5:process (process-resource-bundles) @ rick-major ---
[INFO] 
[INFO] --- maven-resources-plugin:3.0.2:resources (default-resources) @ rick-major ---
[INFO] Using 'UTF-8' encoding to copy filtered resources.
[INFO] Copying 0 resource
[INFO] Copying 3 resources
[INFO] 
[INFO] --- maven-compiler-plugin:3.6.0:compile (default-compile) @ rick-major ---
[INFO] Nothing to compile - all classes are up to date
[INFO] 
[INFO] --- maven-resources-plugin:3.0.2:testResources (default-testResources) @ rick-major ---
[INFO] Using 'UTF-8' encoding to copy filtered resources.
[INFO] Copying 72 resources
[INFO] Copying 3 resources
[INFO] 
[INFO] --- maven-compiler-plugin:3.6.0:testCompile (default-testCompile) @ rick-major ---
[INFO] Changes detected - recompiling the module!
[INFO] Compiling 38 source files to /home/dee/dev/rick-major-review/pdfbox/rick-major/target/test-classes
[INFO] 
[INFO] --- maven-surefire-plugin:2.22.2:test (default-test) @ rick-major ---
[INFO] 
[INFO] -------------------------------------------------------
[INFO]  T E S T S
[INFO] -------------------------------------------------------
[INFO] Running org.apache.pdfbox.pdmodel.graphics.form.TestPDFormXObjectRickGen
[ERROR] Tests run: 2, Failures: 1, Errors: 0, Skipped: 0, Time elapsed: 10.223 s <<< FAILURE! - in org.apache.pdfbox.pdmodel.graphics.form.TestPDFormXObjectRickGen
[ERROR] test_setMatrix_PO_5cf162cf3fb140d784d0bfaaf3c2159c  Time elapsed: 3.747 s  <<< FAILURE!
org.mockito.exceptions.verification.WantedButNotInvoked: 

Wanted but not invoked:
affineTransform.getMatrix(<any>);
-> at java.desktop/java.awt.geom.AffineTransform.getMatrix(AffineTransform.java:1152)
Actually, there were zero interactions with this mock.

	at org.apache.pdfbox.pdmodel.graphics.form.TestPDFormXObjectRickGen.test_setMatrix_PO_5cf162cf3fb140d784d0bfaaf3c2159c(TestPDFormXObjectRickGen.java:50)

[INFO] 
[INFO] Results:
[INFO] 
[ERROR] Failures: 
[ERROR]   TestPDFormXObjectRickGen.test_setMatrix_PO_5cf162cf3fb140d784d0bfaaf3c2159c:50 
Wanted but not invoked:
affineTransform.getMatrix(<any>);
-> at java.desktop/java.awt.geom.AffineTransform.getMatrix(AffineTransform.java:1152)
Actually, there were zero interactions with this mock.

[INFO] 
[ERROR] Tests run: 2, Failures: 1, Errors: 0, Skipped: 0
[INFO] 
[INFO] ------------------------------------------------------------------------
[INFO] BUILD FAILURE
[INFO] ------------------------------------------------------------------------
[INFO] Total time:  24.241 s
[INFO] Finished at: 2023-06-11T06:54:56+02:00
[INFO] ------------------------------------------------------------------------
[ERROR] Failed to execute goal org.apache.maven.plugins:maven-surefire-plugin:2.22.2:test (default-test) on project rick-major: There are test failures.
[ERROR] 
[ERROR] Please refer to /home/dee/dev/rick-major-review/pdfbox/rick-major/target/surefire-reports for the individual test results.
[ERROR] Please refer to dump files (if any exist) [date].dump, [date]-jvmRun[N].dump and [date].dumpstream.
[ERROR] -> [Help 1]
[ERROR] 
[ERROR] To see the full stack trace of the errors, re-run Maven with the -e switch.
[ERROR] Re-run Maven using the -X switch to enable full debug logging.
[ERROR] 
[ERROR] For more information about the errors and possible solutions, please read the following articles:
[ERROR] [Help 1] http://cwiki.apache.org/confluence/display/MAVEN/MojoFailureException

Security framework of XStream not initialized, XStream is probably vulnerable.

---------------------------------------------------
[LOG] Cleaned targets with ['mvn', 'clean']
[INFO] Scanning for projects...
[INFO] 
[INFO] --------------------< org.apache.pdfbox:rick-major >--------------------
[INFO] Building rick-major 2.0.24
[INFO] --------------------------------[ jar ]---------------------------------
[INFO] 
[INFO] --- maven-clean-plugin:3.0.0:clean (default-clean) @ rick-major ---
[INFO] Deleting /home/dee/dev/rick-major-review/pdfbox/rick-major/target
[INFO] ------------------------------------------------------------------------
[INFO] BUILD SUCCESS
[INFO] ------------------------------------------------------------------------
[INFO] Total time:  1.468 s
[INFO] Finished at: 2023-06-11T06:55:01+02:00
[INFO] ------------------------------------------------------------------------


---------------------------------------------------
[LOG] In experiment directory /home/dee/dev/rick-experiments/mutation-analysis
---------------------------------------------------
[LOG] Restoring original RICK test from ./PDFormXObject.java/original-test.java
[LOG] Invoking cp ./PDFormXObject.java/original-test.java /home/dee/dev/rick-major-review/pdfbox/rick-major/src/test/java/org/apache/pdfbox/pdmodel/graphics/form/TestPDFormXObjectRickGen.java
---------------------------------------------------
[CO] Evaluating only CO
[LOG] Replacing original RICK test with variant co
[LOG] Invoking cp /home/dee/dev/rick-experiments/mutation-analysis/output/setMatrix_AffineTransform/test-co.java /home/dee/dev/rick-major-review/pdfbox/rick-major/src/test/java/org/apache/pdfbox/pdmodel/graphics/form/TestPDFormXObjectRickGen.java
[LOG] In test module directory /home/dee/dev/rick-major-review/pdfbox/rick-major
[LOG] Invoked tests with ['mvn', 'test', '-Dtest=TestPDFormXObjectRickGen']
[INFO] Scanning for projects...
[INFO] 
[INFO] --------------------< org.apache.pdfbox:rick-major >--------------------
[INFO] Building rick-major 2.0.24
[INFO] --------------------------------[ jar ]---------------------------------
[INFO] 
[INFO] --- maven-enforcer-plugin:1.4.1:enforce (default) @ rick-major ---
[INFO] 
[INFO] --- maven-enforcer-plugin:1.4.1:enforce (enforce-maven-version) @ rick-major ---
[INFO] 
[INFO] --- maven-remote-resources-plugin:1.5:process (process-resource-bundles) @ rick-major ---
[INFO] 
[INFO] --- maven-resources-plugin:3.0.2:resources (default-resources) @ rick-major ---
[INFO] Using 'UTF-8' encoding to copy filtered resources.
[INFO] Copying 0 resource
[INFO] Copying 3 resources
[INFO] 
[INFO] --- maven-compiler-plugin:3.6.0:compile (default-compile) @ rick-major ---
[INFO] Nothing to compile - all classes are up to date
[INFO] 
[INFO] --- maven-resources-plugin:3.0.2:testResources (default-testResources) @ rick-major ---
[INFO] Using 'UTF-8' encoding to copy filtered resources.
[INFO] Copying 72 resources
[INFO] Copying 3 resources
[INFO] 
[INFO] --- maven-compiler-plugin:3.6.0:testCompile (default-testCompile) @ rick-major ---
[INFO] Changes detected - recompiling the module!
[INFO] Compiling 38 source files to /home/dee/dev/rick-major-review/pdfbox/rick-major/target/test-classes
[INFO] 
[INFO] --- maven-surefire-plugin:2.22.2:test (default-test) @ rick-major ---
[INFO] 
[INFO] -------------------------------------------------------
[INFO]  T E S T S
[INFO] -------------------------------------------------------
[INFO] Running org.apache.pdfbox.pdmodel.graphics.form.TestPDFormXObjectRickGen
[ERROR] Tests run: 2, Failures: 1, Errors: 0, Skipped: 0, Time elapsed: 10.702 s <<< FAILURE! - in org.apache.pdfbox.pdmodel.graphics.form.TestPDFormXObjectRickGen
[ERROR] test_setMatrix_CO_5cf162cf3fb140d784d0bfaaf3c2159c  Time elapsed: 6.381 s  <<< FAILURE!
org.mockito.exceptions.verification.WantedButNotInvoked: 

Wanted but not invoked:
affineTransform.getMatrix(<any>);
-> at java.desktop/java.awt.geom.AffineTransform.getMatrix(AffineTransform.java:1152)
Actually, there were zero interactions with this mock.

	at org.apache.pdfbox.pdmodel.graphics.form.TestPDFormXObjectRickGen.test_setMatrix_CO_5cf162cf3fb140d784d0bfaaf3c2159c(TestPDFormXObjectRickGen.java:63)

[INFO] 
[INFO] Results:
[INFO] 
[ERROR] Failures: 
[ERROR]   TestPDFormXObjectRickGen.test_setMatrix_CO_5cf162cf3fb140d784d0bfaaf3c2159c:63 
Wanted but not invoked:
affineTransform.getMatrix(<any>);
-> at java.desktop/java.awt.geom.AffineTransform.getMatrix(AffineTransform.java:1152)
Actually, there were zero interactions with this mock.

[INFO] 
[ERROR] Tests run: 2, Failures: 1, Errors: 0, Skipped: 0
[INFO] 
[INFO] ------------------------------------------------------------------------
[INFO] BUILD FAILURE
[INFO] ------------------------------------------------------------------------
[INFO] Total time:  23.691 s
[INFO] Finished at: 2023-06-11T06:55:28+02:00
[INFO] ------------------------------------------------------------------------
[ERROR] Failed to execute goal org.apache.maven.plugins:maven-surefire-plugin:2.22.2:test (default-test) on project rick-major: There are test failures.
[ERROR] 
[ERROR] Please refer to /home/dee/dev/rick-major-review/pdfbox/rick-major/target/surefire-reports for the individual test results.
[ERROR] Please refer to dump files (if any exist) [date].dump, [date]-jvmRun[N].dump and [date].dumpstream.
[ERROR] -> [Help 1]
[ERROR] 
[ERROR] To see the full stack trace of the errors, re-run Maven with the -e switch.
[ERROR] Re-run Maven using the -X switch to enable full debug logging.
[ERROR] 
[ERROR] For more information about the errors and possible solutions, please read the following articles:
[ERROR] [Help 1] http://cwiki.apache.org/confluence/display/MAVEN/MojoFailureException

Security framework of XStream not initialized, XStream is probably vulnerable.

---------------------------------------------------
[LOG] Cleaned targets with ['mvn', 'clean']
[INFO] Scanning for projects...
[INFO] 
[INFO] --------------------< org.apache.pdfbox:rick-major >--------------------
[INFO] Building rick-major 2.0.24
[INFO] --------------------------------[ jar ]---------------------------------
[INFO] 
[INFO] --- maven-clean-plugin:3.0.0:clean (default-clean) @ rick-major ---
[INFO] Deleting /home/dee/dev/rick-major-review/pdfbox/rick-major/target
[INFO] ------------------------------------------------------------------------
[INFO] BUILD SUCCESS
[INFO] ------------------------------------------------------------------------
[INFO] Total time:  1.309 s
[INFO] Finished at: 2023-06-11T06:55:33+02:00
[INFO] ------------------------------------------------------------------------


---------------------------------------------------
[LOG] In experiment directory /home/dee/dev/rick-experiments/mutation-analysis
---------------------------------------------------
[LOG] Restoring original RICK test from ./PDFormXObject.java/original-test.java
[LOG] Invoking cp ./PDFormXObject.java/original-test.java /home/dee/dev/rick-major-review/pdfbox/rick-major/src/test/java/org/apache/pdfbox/pdmodel/graphics/form/TestPDFormXObjectRickGen.java
---------------------------------------------------
[ALL] Evaluating (OO +) PO + CO
[LOG] Restoring original RICK test from ./PDFormXObject.java/original-test.java
[LOG] Invoking cp ./PDFormXObject.java/original-test.java /home/dee/dev/rick-major-review/pdfbox/rick-major/src/test/java/org/apache/pdfbox/pdmodel/graphics/form/TestPDFormXObjectRickGen.java
[LOG] In test module directory /home/dee/dev/rick-major-review/pdfbox/rick-major
[LOG] Invoked tests with ['mvn', 'test', '-Dtest=TestPDFormXObjectRickGen']
[INFO] Scanning for projects...
[INFO] 
[INFO] --------------------< org.apache.pdfbox:rick-major >--------------------
[INFO] Building rick-major 2.0.24
[INFO] --------------------------------[ jar ]---------------------------------
[INFO] 
[INFO] --- maven-enforcer-plugin:1.4.1:enforce (default) @ rick-major ---
[INFO] 
[INFO] --- maven-enforcer-plugin:1.4.1:enforce (enforce-maven-version) @ rick-major ---
[INFO] 
[INFO] --- maven-remote-resources-plugin:1.5:process (process-resource-bundles) @ rick-major ---
[INFO] 
[INFO] --- maven-resources-plugin:3.0.2:resources (default-resources) @ rick-major ---
[INFO] Using 'UTF-8' encoding to copy filtered resources.
[INFO] Copying 0 resource
[INFO] Copying 3 resources
[INFO] 
[INFO] --- maven-compiler-plugin:3.6.0:compile (default-compile) @ rick-major ---
[INFO] Nothing to compile - all classes are up to date
[INFO] 
[INFO] --- maven-resources-plugin:3.0.2:testResources (default-testResources) @ rick-major ---
[INFO] Using 'UTF-8' encoding to copy filtered resources.
[INFO] Copying 72 resources
[INFO] Copying 3 resources
[INFO] 
[INFO] --- maven-compiler-plugin:3.6.0:testCompile (default-testCompile) @ rick-major ---
[INFO] Changes detected - recompiling the module!
[INFO] Compiling 38 source files to /home/dee/dev/rick-major-review/pdfbox/rick-major/target/test-classes
[INFO] 
[INFO] --- maven-surefire-plugin:2.22.2:test (default-test) @ rick-major ---
[INFO] 
[INFO] -------------------------------------------------------
[INFO]  T E S T S
[INFO] -------------------------------------------------------
[INFO] Running org.apache.pdfbox.pdmodel.graphics.form.TestPDFormXObjectRickGen
[ERROR] Tests run: 2, Failures: 2, Errors: 0, Skipped: 0, Time elapsed: 10.829 s <<< FAILURE! - in org.apache.pdfbox.pdmodel.graphics.form.TestPDFormXObjectRickGen
[ERROR] test_setMatrix_CO_5cf162cf3fb140d784d0bfaaf3c2159c  Time elapsed: 6.531 s  <<< FAILURE!
org.mockito.exceptions.verification.WantedButNotInvoked: 

Wanted but not invoked:
affineTransform.getMatrix(<any>);
-> at java.desktop/java.awt.geom.AffineTransform.getMatrix(AffineTransform.java:1152)
Actually, there were zero interactions with this mock.

	at org.apache.pdfbox.pdmodel.graphics.form.TestPDFormXObjectRickGen.test_setMatrix_CO_5cf162cf3fb140d784d0bfaaf3c2159c(TestPDFormXObjectRickGen.java:63)

[ERROR] test_setMatrix_PO_5cf162cf3fb140d784d0bfaaf3c2159c  Time elapsed: 3.564 s  <<< FAILURE!
org.mockito.exceptions.verification.WantedButNotInvoked: 

Wanted but not invoked:
affineTransform.getMatrix(<any>);
-> at java.desktop/java.awt.geom.AffineTransform.getMatrix(AffineTransform.java:1152)
Actually, there were zero interactions with this mock.

	at org.apache.pdfbox.pdmodel.graphics.form.TestPDFormXObjectRickGen.test_setMatrix_PO_5cf162cf3fb140d784d0bfaaf3c2159c(TestPDFormXObjectRickGen.java:50)

[INFO] 
[INFO] Results:
[INFO] 
[ERROR] Failures: 
[ERROR]   TestPDFormXObjectRickGen.test_setMatrix_CO_5cf162cf3fb140d784d0bfaaf3c2159c:63 
Wanted but not invoked:
affineTransform.getMatrix(<any>);
-> at java.desktop/java.awt.geom.AffineTransform.getMatrix(AffineTransform.java:1152)
Actually, there were zero interactions with this mock.

[ERROR]   TestPDFormXObjectRickGen.test_setMatrix_PO_5cf162cf3fb140d784d0bfaaf3c2159c:50 
Wanted but not invoked:
affineTransform.getMatrix(<any>);
-> at java.desktop/java.awt.geom.AffineTransform.getMatrix(AffineTransform.java:1152)
Actually, there were zero interactions with this mock.

[INFO] 
[ERROR] Tests run: 2, Failures: 2, Errors: 0, Skipped: 0
[INFO] 
[INFO] ------------------------------------------------------------------------
[INFO] BUILD FAILURE
[INFO] ------------------------------------------------------------------------
[INFO] Total time:  23.826 s
[INFO] Finished at: 2023-06-11T06:56:01+02:00
[INFO] ------------------------------------------------------------------------
[ERROR] Failed to execute goal org.apache.maven.plugins:maven-surefire-plugin:2.22.2:test (default-test) on project rick-major: There are test failures.
[ERROR] 
[ERROR] Please refer to /home/dee/dev/rick-major-review/pdfbox/rick-major/target/surefire-reports for the individual test results.
[ERROR] Please refer to dump files (if any exist) [date].dump, [date]-jvmRun[N].dump and [date].dumpstream.
[ERROR] -> [Help 1]
[ERROR] 
[ERROR] To see the full stack trace of the errors, re-run Maven with the -e switch.
[ERROR] Re-run Maven using the -X switch to enable full debug logging.
[ERROR] 
[ERROR] For more information about the errors and possible solutions, please read the following articles:
[ERROR] [Help 1] http://cwiki.apache.org/confluence/display/MAVEN/MojoFailureException

Security framework of XStream not initialized, XStream is probably vulnerable.

---------------------------------------------------
[LOG] Cleaned targets with ['mvn', 'clean']
[INFO] Scanning for projects...
[INFO] 
[INFO] --------------------< org.apache.pdfbox:rick-major >--------------------
[INFO] Building rick-major 2.0.24
[INFO] --------------------------------[ jar ]---------------------------------
[INFO] 
[INFO] --- maven-clean-plugin:3.0.0:clean (default-clean) @ rick-major ---
[INFO] Deleting /home/dee/dev/rick-major-review/pdfbox/rick-major/target
[INFO] ------------------------------------------------------------------------
[INFO] BUILD SUCCESS
[INFO] ------------------------------------------------------------------------
[INFO] Total time:  1.372 s
[INFO] Finished at: 2023-06-11T06:56:05+02:00
[INFO] ------------------------------------------------------------------------


---------------------------------------------------
[LOG] In experiment directory /home/dee/dev/rick-experiments/mutation-analysis
---------------------------------------------------
---------------------------------------------------
[LOG] Resetting PDFormXObject.java to original
[LOG] Invoking cp ./PDFormXObject.java/original.java /home/dee/dev/rick-major-review/pdfbox/pdfbox/src/main/java/org/apache/pdfbox/pdmodel/graphics/form/PDFormXObject.java
---------------------------------------------------
[LOG] Replacing originalPDFormXObject.java with ./PDFormXObject.java/29.java
[LOG] Invoking cp ./PDFormXObject.java/29.java /home/dee/dev/rick-major-review/pdfbox/pdfbox/src/main/java/org/apache/pdfbox/pdmodel/graphics/form/PDFormXObject.java
[LOG] Invoked a clean install of the parent module with ['mvn', 'clean', 'install', '-DskipTests']
[INFO] Scanning for projects...
[INFO] 
[INFO] ----------------------< org.apache.pdfbox:pdfbox >----------------------
[INFO] Building Apache PDFBox 2.0.24
[INFO] -------------------------------[ bundle ]-------------------------------
[INFO] 
[INFO] --- maven-clean-plugin:3.0.0:clean (default-clean) @ pdfbox ---
[INFO] Deleting /home/dee/dev/rick-major-review/pdfbox/pdfbox/target
[INFO] 
[INFO] --- maven-enforcer-plugin:1.4.1:enforce (default) @ pdfbox ---
[INFO] 
[INFO] --- maven-enforcer-plugin:1.4.1:enforce (enforce-maven-version) @ pdfbox ---
[INFO] 
[INFO] --- maven-remote-resources-plugin:1.5:process (process-resource-bundles) @ pdfbox ---
[INFO] 
[INFO] --- maven-resources-plugin:3.0.2:resources (default-resources) @ pdfbox ---
[INFO] Using 'UTF-8' encoding to copy filtered resources.
[INFO] Copying 1 resource
[INFO] Copying 21 resources
[INFO] Copying 3 resources
[INFO] 
[INFO] --- maven-compiler-plugin:3.6.0:compile (default-compile) @ pdfbox ---
[INFO] Changes detected - recompiling the module!
[INFO] Compiling 609 source files to /home/dee/dev/rick-major-review/pdfbox/pdfbox/target/classes
[WARNING] To suppress warnings about obsolete options, use -Xlint:-options.
/home/dee/dev/rick-major-review/pdfbox/pdfbox/src/main/java/org/apache/pdfbox/pdmodel/PDDocument.java:[471,96] [deprecation] toList() in COSArrayList has been deprecated
[WARNING] /home/dee/dev/rick-major-review/pdfbox/pdfbox/src/main/java/org/apache/pdfbox/pdmodel/PDDocument.java:[471,45] [deprecation] toList() in COSArrayList has been deprecated
[WARNING] /home/dee/dev/rick-major-review/pdfbox/pdfbox/src/main/java/org/apache/pdfbox/pdmodel/font/PDType3Font.java:[196,17] [deprecation] getHeight(int) in PDFontLike has been deprecated
[WARNING] /home/dee/dev/rick-major-review/pdfbox/pdfbox/src/main/java/org/apache/pdfbox/text/LegacyPDFStreamEngine.java:[152,19] [deprecation] showGlyph(Matrix,PDFont,int,String,Vector) in PDFStreamEngine has been deprecated
[WARNING] /home/dee/dev/rick-major-review/pdfbox/pdfbox/src/main/java/org/apache/pdfbox/pdmodel/font/PDTrueTypeFont.java:[375,17] [deprecation] getHeight(int) in PDFontLike has been deprecated
[WARNING] /home/dee/dev/rick-major-review/pdfbox/pdfbox/src/main/java/org/apache/pdfbox/pdmodel/font/PDType0Font.java:[414,17] [deprecation] getHeight(int) in PDFontLike has been deprecated
[WARNING] /home/dee/dev/rick-major-review/pdfbox/pdfbox/src/main/java/org/apache/pdfbox/pdmodel/font/PDType0Font.java:[416,29] [deprecation] getHeight(int) in PDFontLike has been deprecated
[WARNING] /home/dee/dev/rick-major-review/pdfbox/pdfbox/src/main/java/org/apache/pdfbox/pdmodel/font/TrueTypeEmbedder.java:[120,18] [deprecation] getUnicodeCmap() in TrueTypeFont has been deprecated
[WARNING] /home/dee/dev/rick-major-review/pdfbox/pdfbox/src/main/java/org/apache/pdfbox/pdmodel/font/PDType1Font.java:[395,17] [deprecation] getHeight(int) in PDFontLike has been deprecated
[WARNING] /home/dee/dev/rick-major-review/pdfbox/pdfbox/src/main/java/org/apache/pdfbox/cos/UnmodifiableCOSDictionary.java:[286,16] [deprecation] mergeInto(COSDictionary) in COSDictionary has been deprecated
[WARNING] /home/dee/dev/rick-major-review/pdfbox/pdfbox/src/main/java/org/apache/pdfbox/pdmodel/font/PDCIDFontType0.java:[439,17] [deprecation] getHeight(int) in PDFontLike has been deprecated
[WARNING] /home/dee/dev/rick-major-review/pdfbox/pdfbox/src/main/java/org/apache/pdfbox/pdmodel/font/PDType1CFont.java:[304,17] [deprecation] getHeight(int) in PDFontLike has been deprecated
[WARNING] /home/dee/dev/rick-major-review/pdfbox/pdfbox/src/main/java/org/apache/pdfbox/pdmodel/font/PDCIDFontType2.java:[312,17] [deprecation] getHeight(int) in PDFontLike has been deprecated
[INFO] 
[INFO] --- download-maven-plugin:1.5.1:wget (PDFBOX-1031-1) @ pdfbox ---
[INFO] maven-download-plugin:wget skipped
[INFO] 
[INFO] --- download-maven-plugin:1.5.1:wget (PDFBOX-1031-2) @ pdfbox ---
[INFO] maven-download-plugin:wget skipped
[INFO] 
[INFO] --- download-maven-plugin:1.5.1:wget (PDFBOX-1065-1) @ pdfbox ---
[INFO] maven-download-plugin:wget skipped
[INFO] 
[INFO] --- download-maven-plugin:1.5.1:wget (PDFBOX-1065-2) @ pdfbox ---
[INFO] maven-download-plugin:wget skipped
[INFO] 
[INFO] --- download-maven-plugin:1.5.1:wget (PDFBOX-1100-1) @ pdfbox ---
[INFO] maven-download-plugin:wget skipped
[INFO] 
[INFO] --- download-maven-plugin:1.5.1:wget (PDFBOX-1100-2) @ pdfbox ---
[INFO] maven-download-plugin:wget skipped
[INFO] 
[INFO] --- download-maven-plugin:1.5.1:wget (PDFBOX-3208) @ pdfbox ---
[INFO] maven-download-plugin:wget skipped
[INFO] 
[INFO] --- download-maven-plugin:1.5.1:wget (PDFBOX-3656) @ pdfbox ---
[INFO] maven-download-plugin:wget skipped
[INFO] 
[INFO] --- download-maven-plugin:1.5.1:wget (PDFBOX-3682) @ pdfbox ---
[INFO] maven-download-plugin:wget skipped
[INFO] 
[INFO] --- download-maven-plugin:1.5.1:wget (PDFBOX-3940) @ pdfbox ---
[INFO] maven-download-plugin:wget skipped
[INFO] 
[INFO] --- download-maven-plugin:1.5.1:wget (PDFBOX-3783) @ pdfbox ---
[INFO] maven-download-plugin:wget skipped
[INFO] 
[INFO] --- download-maven-plugin:1.5.1:wget (PDFBOX-3785) @ pdfbox ---
[INFO] maven-download-plugin:wget skipped
[INFO] 
[INFO] --- download-maven-plugin:1.5.1:wget (PDFBOX-3947) @ pdfbox ---
[INFO] maven-download-plugin:wget skipped
[INFO] 
[INFO] --- download-maven-plugin:1.5.1:wget (PDFBOX-3948) @ pdfbox ---
[INFO] maven-download-plugin:wget skipped
[INFO] 
[INFO] --- download-maven-plugin:1.5.1:wget (PDFBOX-3949) @ pdfbox ---
[INFO] maven-download-plugin:wget skipped
[INFO] 
[INFO] --- download-maven-plugin:1.5.1:wget (PDFBOX-3950) @ pdfbox ---
[INFO] maven-download-plugin:wget skipped
[INFO] 
[INFO] --- download-maven-plugin:1.5.1:wget (PDFBOX-3951) @ pdfbox ---
[INFO] maven-download-plugin:wget skipped
[INFO] 
[INFO] --- download-maven-plugin:1.5.1:wget (PDFBOX-3964) @ pdfbox ---
[INFO] maven-download-plugin:wget skipped
[INFO] 
[INFO] --- download-maven-plugin:1.5.1:wget (PDFBOX-3977) @ pdfbox ---
[INFO] maven-download-plugin:wget skipped
[INFO] 
[INFO] --- download-maven-plugin:1.5.1:wget (Genko) @ pdfbox ---
[INFO] maven-download-plugin:wget skipped
[INFO] 
[INFO] --- download-maven-plugin:1.5.1:wget (PDFBOX-3999) @ pdfbox ---
[INFO] maven-download-plugin:wget skipped
[INFO] 
[INFO] --- download-maven-plugin:1.5.1:wget (PDFBOX-4106) @ pdfbox ---
[INFO] maven-download-plugin:wget skipped
[INFO] 
[INFO] --- download-maven-plugin:1.5.1:wget (PDFBOX-4106b) @ pdfbox ---
[INFO] maven-download-plugin:wget skipped
[INFO] 
[INFO] --- download-maven-plugin:1.5.1:wget (PDFBOX-4115) @ pdfbox ---
[INFO] maven-download-plugin:wget skipped
[INFO] 
[INFO] --- download-maven-plugin:1.5.1:wget (PDFBOX-4197) @ pdfbox ---
[INFO] maven-download-plugin:wget skipped
[INFO] 
[INFO] --- download-maven-plugin:1.5.1:wget (PDFBOX-4184) @ pdfbox ---
[INFO] maven-download-plugin:wget skipped
[INFO] 
[INFO] --- download-maven-plugin:1.5.1:wget (PDFBOX-4184-2) @ pdfbox ---
[INFO] maven-download-plugin:wget skipped
[INFO] 
[INFO] --- download-maven-plugin:1.5.1:wget (PDFBOX-4308) @ pdfbox ---
[INFO] maven-download-plugin:wget skipped
[INFO] 
[INFO] --- download-maven-plugin:1.5.1:wget (PDFBOX-4338) @ pdfbox ---
[INFO] maven-download-plugin:wget skipped
[INFO] 
[INFO] --- download-maven-plugin:1.5.1:wget (PDFBOX-4339) @ pdfbox ---
[INFO] maven-download-plugin:wget skipped
[INFO] 
[INFO] --- download-maven-plugin:1.5.1:wget (PDFBOX-4408) @ pdfbox ---
[INFO] maven-download-plugin:wget skipped
[INFO] 
[INFO] --- download-maven-plugin:1.5.1:wget (PDFBOX-4418-1) @ pdfbox ---
[INFO] maven-download-plugin:wget skipped
[INFO] 
[INFO] --- download-maven-plugin:1.5.1:wget (PDFBOX-4418-2) @ pdfbox ---
[INFO] maven-download-plugin:wget skipped
[INFO] 
[INFO] --- download-maven-plugin:1.5.1:wget (PDFBOX-4423) @ pdfbox ---
[INFO] maven-download-plugin:wget skipped
[INFO] 
[INFO] --- download-maven-plugin:1.5.1:wget (PDFBOX-4517) @ pdfbox ---
[INFO] maven-download-plugin:wget skipped
[INFO] 
[INFO] --- download-maven-plugin:1.5.1:wget (PDFBOX-4750) @ pdfbox ---
[INFO] maven-download-plugin:wget skipped
[INFO] 
[INFO] --- download-maven-plugin:1.5.1:wget (PDFBOX-4153) @ pdfbox ---
[INFO] maven-download-plugin:wget skipped
[INFO] 
[INFO] --- download-maven-plugin:1.5.1:wget (PDFBOX-4490) @ pdfbox ---
[INFO] maven-download-plugin:wget skipped
[INFO] 
[INFO] --- download-maven-plugin:1.5.1:wget (PDFBOX-5196) @ pdfbox ---
[INFO] maven-download-plugin:wget skipped
[INFO] 
[INFO] --- maven-resources-plugin:3.0.2:testResources (default-testResources) @ pdfbox ---
[INFO] Using 'UTF-8' encoding to copy filtered resources.
[INFO] Copying 229 resources
[INFO] Copying 3 resources
[INFO] 
[INFO] --- maven-compiler-plugin:3.6.0:testCompile (default-testCompile) @ pdfbox ---
[INFO] Changes detected - recompiling the module!
[INFO] Compiling 115 source files to /home/dee/dev/rick-major-review/pdfbox/pdfbox/target/test-classes
[WARNING] To suppress warnings about obsolete options, use -Xlint:-options.
/home/dee/dev/rick-major-review/pdfbox/pdfbox/src/test/java/org/apache/pdfbox/pdmodel/common/COSArrayListTest.java:[27,22] [deprecation] Assert in junit.framework has been deprecated
[WARNING] /home/dee/dev/rick-major-review/pdfbox/pdfbox/src/test/java/org/apache/pdfbox/pdmodel/interactive/form/PDButtonTest.java:[109,19] [deprecation] setPushButton(boolean) in PDButton has been deprecated
[WARNING] /home/dee/dev/rick-major-review/pdfbox/pdfbox/src/test/java/org/apache/pdfbox/pdmodel/interactive/form/PDButtonTest.java:[125,19] [deprecation] setRadioButton(boolean) in PDButton has been deprecated
[WARNING] /home/dee/dev/rick-major-review/pdfbox/pdfbox/src/test/java/org/apache/pdfbox/io/UnmodifiableCOSDictionaryTest.java:[66,37] [deprecation] mergeInto(COSDictionary) in COSDictionary has been deprecated
[WARNING] /home/dee/dev/rick-major-review/pdfbox/pdfbox/src/test/java/org/apache/pdfbox/pdmodel/TestPDPageContentStream.java:[98,21] [deprecation] setNonStrokingColor(int,int,int) in PDPageContentStream has been deprecated
[WARNING] /home/dee/dev/rick-major-review/pdfbox/pdfbox/src/test/java/org/apache/pdfbox/pdmodel/TestPDPageContentStream.java:[100,21] [deprecation] setNonStrokingColor(int) in PDPageContentStream has been deprecated
[WARNING] /home/dee/dev/rick-major-review/pdfbox/pdfbox/src/test/java/org/apache/pdfbox/pdmodel/TestPDPageContentStream.java:[128,21] [deprecation] setStrokingColor(int,int,int) in PDPageContentStream has been deprecated
[WARNING] /home/dee/dev/rick-major-review/pdfbox/pdfbox/src/test/java/org/apache/pdfbox/pdmodel/TestPDPageContentStream.java:[130,21] [deprecation] setStrokingColor(int) in PDPageContentStream has been deprecated
[WARNING] /home/dee/dev/rick-major-review/pdfbox/pdfbox/src/test/java/org/apache/pdfbox/pdmodel/font/PDFontTest.java:[288,36] [deprecation] getHeight(int) in PDFontLike has been deprecated
[WARNING] /home/dee/dev/rick-major-review/pdfbox/pdfbox/src/test/java/org/apache/pdfbox/pdmodel/PageModeTest.java:[27,55] [deprecation] none() in ExpectedException has been deprecated
[WARNING] /home/dee/dev/rick-major-review/pdfbox/pdfbox/src/test/java/org/apache/pdfbox/cos/TestCOSInteger.java:[106,54] [deprecation] doubleValue() in COSInteger has been deprecated
[WARNING] /home/dee/dev/rick-major-review/pdfbox/pdfbox/src/test/java/org/apache/pdfbox/pdmodel/graphics/state/RenderingIntentTest.java:[27,55] [deprecation] none() in ExpectedException has been deprecated
[WARNING] /home/dee/dev/rick-major-review/pdfbox/pdfbox/src/test/java/org/apache/pdfbox/cos/TestCOSFloat.java:[187,78] [deprecation] doubleValue() in COSFloat has been deprecated
[WARNING] /home/dee/dev/rick-major-review/pdfbox/pdfbox/src/test/java/org/apache/pdfbox/pdmodel/common/COSArrayListTest.java:[46,55] [deprecation] none() in ExpectedException has been deprecated
[WARNING] /home/dee/dev/rick-major-review/pdfbox/pdfbox/src/test/java/org/apache/pdfbox/pdmodel/PageLayoutTest.java:[52,55] [deprecation] none() in ExpectedException has been deprecated
[WARNING] /home/dee/dev/rick-major-review/pdfbox/pdfbox/src/test/java/org/apache/pdfbox/pdfwriter/COSWriterXRefEntryTest.java:[27,55] [deprecation] none() in ExpectedException has been deprecated
[WARNING] /home/dee/dev/rick-major-review/pdfbox/pdfbox/src/test/java/org/apache/pdfbox/util/MatrixTest.java:[180,26] [deprecation] multiply(Matrix,Matrix) in Matrix has been deprecated
[WARNING] /home/dee/dev/rick-major-review/pdfbox/pdfbox/src/test/java/org/apache/pdfbox/util/MatrixTest.java:[189,19] [deprecation] multiply(Matrix,Matrix) in Matrix has been deprecated
[WARNING] /home/dee/dev/rick-major-review/pdfbox/pdfbox/src/test/java/org/apache/pdfbox/util/MatrixTest.java:[199,19] [deprecation] multiply(Matrix,Matrix) in Matrix has been deprecated
[WARNING] /home/dee/dev/rick-major-review/pdfbox/pdfbox/src/test/java/org/apache/pdfbox/util/MatrixTest.java:[208,19] [deprecation] multiply(Matrix,Matrix) in Matrix has been deprecated
[WARNING] /home/dee/dev/rick-major-review/pdfbox/pdfbox/src/test/java/org/apache/pdfbox/util/MatrixTest.java:[218,9] [deprecation] multiply(Matrix,Matrix) in Matrix has been deprecated
[WARNING] /home/dee/dev/rick-major-review/pdfbox/pdfbox/src/test/java/org/apache/pdfbox/util/MatrixTest.java:[226,9] [deprecation] multiply(Matrix,Matrix) in Matrix has been deprecated
[WARNING] /home/dee/dev/rick-major-review/pdfbox/pdfbox/src/test/java/org/apache/pdfbox/util/MatrixTest.java:[234,9] [deprecation] multiply(Matrix,Matrix) in Matrix has been deprecated
[WARNING] /home/dee/dev/rick-major-review/pdfbox/pdfbox/src/test/java/org/apache/pdfbox/util/MatrixTest.java:[242,9] [deprecation] multiply(Matrix,Matrix) in Matrix has been deprecated
[WARNING] /home/dee/dev/rick-major-review/pdfbox/pdfbox/src/test/java/org/apache/pdfbox/cos/COSObjectKeyTest.java:[27,55] [deprecation] none() in ExpectedException has been deprecated
[INFO] 
[INFO] --- maven-surefire-plugin:2.22.2:test (default-test) @ pdfbox ---
[INFO] Tests are skipped.
[INFO] 
[INFO] --- animal-sniffer-maven-plugin:1.17:check (check-java-version) @ pdfbox ---
[INFO] Signature checking is skipped.
[INFO] 
[INFO] --- maven-bundle-plugin:3.5.1:bundle (default-bundle) @ pdfbox ---
[INFO] 
[INFO] --- maven-site-plugin:3.7:attach-descriptor (attach-descriptor) @ pdfbox ---
[INFO] Skipping because packaging 'bundle' is not pom.
[INFO] 
[INFO] >>> maven-source-plugin:3.0.1:jar (attach-sources) > generate-sources @ pdfbox >>>
[INFO] 
[INFO] --- maven-enforcer-plugin:1.4.1:enforce (default) @ pdfbox ---
[INFO] 
[INFO] --- maven-enforcer-plugin:1.4.1:enforce (enforce-maven-version) @ pdfbox ---
[INFO] 
[INFO] <<< maven-source-plugin:3.0.1:jar (attach-sources) < generate-sources @ pdfbox <<<
[INFO] 
[INFO] 
[INFO] --- maven-source-plugin:3.0.1:jar (attach-sources) @ pdfbox ---
[INFO] Building jar: /home/dee/dev/rick-major-review/pdfbox/pdfbox/target/pdfbox-2.0.24-sources.jar
[INFO] 
[INFO] --- maven-install-plugin:2.5.2:install (default-install) @ pdfbox ---
[INFO] Installing /home/dee/dev/rick-major-review/pdfbox/pdfbox/target/pdfbox-2.0.24.jar to /home/dee/.m2/repository/org/apache/pdfbox/pdfbox/2.0.24/pdfbox-2.0.24.jar
[INFO] Installing /home/dee/dev/rick-major-review/pdfbox/pdfbox/pom.xml to /home/dee/.m2/repository/org/apache/pdfbox/pdfbox/2.0.24/pdfbox-2.0.24.pom
[INFO] Installing /home/dee/dev/rick-major-review/pdfbox/pdfbox/target/pdfbox-2.0.24-sources.jar to /home/dee/.m2/repository/org/apache/pdfbox/pdfbox/2.0.24/pdfbox-2.0.24-sources.jar
[INFO] 
[INFO] --- maven-bundle-plugin:3.5.1:install (default-install) @ pdfbox ---
[INFO] Installing org/apache/pdfbox/pdfbox/2.0.24/pdfbox-2.0.24.jar
[INFO] Writing OBR metadata
[INFO] ------------------------------------------------------------------------
[INFO] BUILD SUCCESS
[INFO] ------------------------------------------------------------------------
[INFO] Total time:  43.819 s
[INFO] Finished at: 2023-06-11T06:56:53+02:00
[INFO] ------------------------------------------------------------------------


---------------------------------------------------
[BASELINE] Not evaluating any oracle
[LOG] Replacing original RICK test with variant baseline
[LOG] Invoking cp /home/dee/dev/rick-experiments/mutation-analysis/output/setMatrix_AffineTransform/test-baseline.java /home/dee/dev/rick-major-review/pdfbox/rick-major/src/test/java/org/apache/pdfbox/pdmodel/graphics/form/TestPDFormXObjectRickGen.java
[LOG] In test module directory /home/dee/dev/rick-major-review/pdfbox/rick-major
[LOG] Invoked tests with ['mvn', 'test', '-Dtest=TestPDFormXObjectRickGen']
[INFO] Scanning for projects...
[INFO] 
[INFO] --------------------< org.apache.pdfbox:rick-major >--------------------
[INFO] Building rick-major 2.0.24
[INFO] --------------------------------[ jar ]---------------------------------
[INFO] 
[INFO] --- maven-enforcer-plugin:1.4.1:enforce (default) @ rick-major ---
[INFO] 
[INFO] --- maven-enforcer-plugin:1.4.1:enforce (enforce-maven-version) @ rick-major ---
[INFO] 
[INFO] --- maven-remote-resources-plugin:1.5:process (process-resource-bundles) @ rick-major ---
[INFO] 
[INFO] --- maven-resources-plugin:3.0.2:resources (default-resources) @ rick-major ---
[INFO] Using 'UTF-8' encoding to copy filtered resources.
[INFO] Copying 0 resource
[INFO] Copying 3 resources
[INFO] 
[INFO] --- maven-compiler-plugin:3.6.0:compile (default-compile) @ rick-major ---
[INFO] Nothing to compile - all classes are up to date
[INFO] 
[INFO] --- maven-resources-plugin:3.0.2:testResources (default-testResources) @ rick-major ---
[INFO] Using 'UTF-8' encoding to copy filtered resources.
[INFO] Copying 72 resources
[INFO] Copying 3 resources
[INFO] 
[INFO] --- maven-compiler-plugin:3.6.0:testCompile (default-testCompile) @ rick-major ---
[INFO] Changes detected - recompiling the module!
[INFO] Compiling 38 source files to /home/dee/dev/rick-major-review/pdfbox/rick-major/target/test-classes
[INFO] 
[INFO] --- maven-surefire-plugin:2.22.2:test (default-test) @ rick-major ---
[INFO] 
[INFO] -------------------------------------------------------
[INFO]  T E S T S
[INFO] -------------------------------------------------------
[INFO] Running org.apache.pdfbox.pdmodel.graphics.form.TestPDFormXObjectRickGen
[ERROR] Tests run: 2, Failures: 0, Errors: 2, Skipped: 0, Time elapsed: 10.156 s <<< FAILURE! - in org.apache.pdfbox.pdmodel.graphics.form.TestPDFormXObjectRickGen
[ERROR] test_setMatrix_CO_5cf162cf3fb140d784d0bfaaf3c2159c  Time elapsed: 5.893 s  <<< ERROR!
java.lang.NullPointerException
	at org.apache.pdfbox.pdmodel.graphics.form.TestPDFormXObjectRickGen.test_setMatrix_CO_5cf162cf3fb140d784d0bfaaf3c2159c(TestPDFormXObjectRickGen.java:60)

[ERROR] test_setMatrix_PO_5cf162cf3fb140d784d0bfaaf3c2159c  Time elapsed: 3.486 s  <<< ERROR!
java.lang.NullPointerException
	at org.apache.pdfbox.pdmodel.graphics.form.TestPDFormXObjectRickGen.test_setMatrix_PO_5cf162cf3fb140d784d0bfaaf3c2159c(TestPDFormXObjectRickGen.java:48)

[INFO] 
[INFO] Results:
[INFO] 
[ERROR] Errors: 
[ERROR]   TestPDFormXObjectRickGen.test_setMatrix_CO_5cf162cf3fb140d784d0bfaaf3c2159c:60 » NullPointer
[ERROR]   TestPDFormXObjectRickGen.test_setMatrix_PO_5cf162cf3fb140d784d0bfaaf3c2159c:48 » NullPointer
[INFO] 
[ERROR] Tests run: 2, Failures: 0, Errors: 2, Skipped: 0
[INFO] 
[INFO] ------------------------------------------------------------------------
[INFO] BUILD FAILURE
[INFO] ------------------------------------------------------------------------
[INFO] Total time:  23.040 s
[INFO] Finished at: 2023-06-11T06:57:20+02:00
[INFO] ------------------------------------------------------------------------
[ERROR] Failed to execute goal org.apache.maven.plugins:maven-surefire-plugin:2.22.2:test (default-test) on project rick-major: There are test failures.
[ERROR] 
[ERROR] Please refer to /home/dee/dev/rick-major-review/pdfbox/rick-major/target/surefire-reports for the individual test results.
[ERROR] Please refer to dump files (if any exist) [date].dump, [date]-jvmRun[N].dump and [date].dumpstream.
[ERROR] -> [Help 1]
[ERROR] 
[ERROR] To see the full stack trace of the errors, re-run Maven with the -e switch.
[ERROR] Re-run Maven using the -X switch to enable full debug logging.
[ERROR] 
[ERROR] For more information about the errors and possible solutions, please read the following articles:
[ERROR] [Help 1] http://cwiki.apache.org/confluence/display/MAVEN/MojoFailureException

Security framework of XStream not initialized, XStream is probably vulnerable.

---------------------------------------------------
[LOG] Cleaned targets with ['mvn', 'clean']
[INFO] Scanning for projects...
[INFO] 
[INFO] --------------------< org.apache.pdfbox:rick-major >--------------------
[INFO] Building rick-major 2.0.24
[INFO] --------------------------------[ jar ]---------------------------------
[INFO] 
[INFO] --- maven-clean-plugin:3.0.0:clean (default-clean) @ rick-major ---
[INFO] Deleting /home/dee/dev/rick-major-review/pdfbox/rick-major/target
[INFO] ------------------------------------------------------------------------
[INFO] BUILD SUCCESS
[INFO] ------------------------------------------------------------------------
[INFO] Total time:  1.314 s
[INFO] Finished at: 2023-06-11T06:57:25+02:00
[INFO] ------------------------------------------------------------------------


---------------------------------------------------
[LOG] In experiment directory /home/dee/dev/rick-experiments/mutation-analysis
---------------------------------------------------
[LOG] Restoring original RICK test from ./PDFormXObject.java/original-test.java
[LOG] Invoking cp ./PDFormXObject.java/original-test.java /home/dee/dev/rick-major-review/pdfbox/rick-major/src/test/java/org/apache/pdfbox/pdmodel/graphics/form/TestPDFormXObjectRickGen.java
---------------------------------------------------
[PO] Evaluating only PO
[LOG] Replacing original RICK test with variant po
[LOG] Invoking cp /home/dee/dev/rick-experiments/mutation-analysis/output/setMatrix_AffineTransform/test-po.java /home/dee/dev/rick-major-review/pdfbox/rick-major/src/test/java/org/apache/pdfbox/pdmodel/graphics/form/TestPDFormXObjectRickGen.java
[LOG] In test module directory /home/dee/dev/rick-major-review/pdfbox/rick-major
[LOG] Invoked tests with ['mvn', 'test', '-Dtest=TestPDFormXObjectRickGen']
[INFO] Scanning for projects...
[INFO] 
[INFO] --------------------< org.apache.pdfbox:rick-major >--------------------
[INFO] Building rick-major 2.0.24
[INFO] --------------------------------[ jar ]---------------------------------
[INFO] 
[INFO] --- maven-enforcer-plugin:1.4.1:enforce (default) @ rick-major ---
[INFO] 
[INFO] --- maven-enforcer-plugin:1.4.1:enforce (enforce-maven-version) @ rick-major ---
[INFO] 
[INFO] --- maven-remote-resources-plugin:1.5:process (process-resource-bundles) @ rick-major ---
[INFO] 
[INFO] --- maven-resources-plugin:3.0.2:resources (default-resources) @ rick-major ---
[INFO] Using 'UTF-8' encoding to copy filtered resources.
[INFO] Copying 0 resource
[INFO] Copying 3 resources
[INFO] 
[INFO] --- maven-compiler-plugin:3.6.0:compile (default-compile) @ rick-major ---
[INFO] Nothing to compile - all classes are up to date
[INFO] 
[INFO] --- maven-resources-plugin:3.0.2:testResources (default-testResources) @ rick-major ---
[INFO] Using 'UTF-8' encoding to copy filtered resources.
[INFO] Copying 72 resources
[INFO] Copying 3 resources
[INFO] 
[INFO] --- maven-compiler-plugin:3.6.0:testCompile (default-testCompile) @ rick-major ---
[INFO] Changes detected - recompiling the module!
[INFO] Compiling 38 source files to /home/dee/dev/rick-major-review/pdfbox/rick-major/target/test-classes
[INFO] 
[INFO] --- maven-surefire-plugin:2.22.2:test (default-test) @ rick-major ---
[INFO] 
[INFO] -------------------------------------------------------
[INFO]  T E S T S
[INFO] -------------------------------------------------------
[INFO] Running org.apache.pdfbox.pdmodel.graphics.form.TestPDFormXObjectRickGen
[ERROR] Tests run: 2, Failures: 0, Errors: 2, Skipped: 0, Time elapsed: 10.465 s <<< FAILURE! - in org.apache.pdfbox.pdmodel.graphics.form.TestPDFormXObjectRickGen
[ERROR] test_setMatrix_CO_5cf162cf3fb140d784d0bfaaf3c2159c  Time elapsed: 6.327 s  <<< ERROR!
java.lang.NullPointerException
	at org.apache.pdfbox.pdmodel.graphics.form.TestPDFormXObjectRickGen.test_setMatrix_CO_5cf162cf3fb140d784d0bfaaf3c2159c(TestPDFormXObjectRickGen.java:60)

[ERROR] test_setMatrix_PO_5cf162cf3fb140d784d0bfaaf3c2159c  Time elapsed: 3.424 s  <<< ERROR!
java.lang.NullPointerException
	at org.apache.pdfbox.pdmodel.graphics.form.TestPDFormXObjectRickGen.test_setMatrix_PO_5cf162cf3fb140d784d0bfaaf3c2159c(TestPDFormXObjectRickGen.java:48)

[INFO] 
[INFO] Results:
[INFO] 
[ERROR] Errors: 
[ERROR]   TestPDFormXObjectRickGen.test_setMatrix_CO_5cf162cf3fb140d784d0bfaaf3c2159c:60 » NullPointer
[ERROR]   TestPDFormXObjectRickGen.test_setMatrix_PO_5cf162cf3fb140d784d0bfaaf3c2159c:48 » NullPointer
[INFO] 
[ERROR] Tests run: 2, Failures: 0, Errors: 2, Skipped: 0
[INFO] 
[INFO] ------------------------------------------------------------------------
[INFO] BUILD FAILURE
[INFO] ------------------------------------------------------------------------
[INFO] Total time:  22.829 s
[INFO] Finished at: 2023-06-11T06:57:51+02:00
[INFO] ------------------------------------------------------------------------
[ERROR] Failed to execute goal org.apache.maven.plugins:maven-surefire-plugin:2.22.2:test (default-test) on project rick-major: There are test failures.
[ERROR] 
[ERROR] Please refer to /home/dee/dev/rick-major-review/pdfbox/rick-major/target/surefire-reports for the individual test results.
[ERROR] Please refer to dump files (if any exist) [date].dump, [date]-jvmRun[N].dump and [date].dumpstream.
[ERROR] -> [Help 1]
[ERROR] 
[ERROR] To see the full stack trace of the errors, re-run Maven with the -e switch.
[ERROR] Re-run Maven using the -X switch to enable full debug logging.
[ERROR] 
[ERROR] For more information about the errors and possible solutions, please read the following articles:
[ERROR] [Help 1] http://cwiki.apache.org/confluence/display/MAVEN/MojoFailureException

Security framework of XStream not initialized, XStream is probably vulnerable.

---------------------------------------------------
[LOG] Cleaned targets with ['mvn', 'clean']
[INFO] Scanning for projects...
[INFO] 
[INFO] --------------------< org.apache.pdfbox:rick-major >--------------------
[INFO] Building rick-major 2.0.24
[INFO] --------------------------------[ jar ]---------------------------------
[INFO] 
[INFO] --- maven-clean-plugin:3.0.0:clean (default-clean) @ rick-major ---
[INFO] Deleting /home/dee/dev/rick-major-review/pdfbox/rick-major/target
[INFO] ------------------------------------------------------------------------
[INFO] BUILD SUCCESS
[INFO] ------------------------------------------------------------------------
[INFO] Total time:  1.561 s
[INFO] Finished at: 2023-06-11T06:57:56+02:00
[INFO] ------------------------------------------------------------------------


---------------------------------------------------
[LOG] In experiment directory /home/dee/dev/rick-experiments/mutation-analysis
---------------------------------------------------
[LOG] Restoring original RICK test from ./PDFormXObject.java/original-test.java
[LOG] Invoking cp ./PDFormXObject.java/original-test.java /home/dee/dev/rick-major-review/pdfbox/rick-major/src/test/java/org/apache/pdfbox/pdmodel/graphics/form/TestPDFormXObjectRickGen.java
---------------------------------------------------
[CO] Evaluating only CO
[LOG] Replacing original RICK test with variant co
[LOG] Invoking cp /home/dee/dev/rick-experiments/mutation-analysis/output/setMatrix_AffineTransform/test-co.java /home/dee/dev/rick-major-review/pdfbox/rick-major/src/test/java/org/apache/pdfbox/pdmodel/graphics/form/TestPDFormXObjectRickGen.java
[LOG] In test module directory /home/dee/dev/rick-major-review/pdfbox/rick-major
[LOG] Invoked tests with ['mvn', 'test', '-Dtest=TestPDFormXObjectRickGen']
[INFO] Scanning for projects...
[INFO] 
[INFO] --------------------< org.apache.pdfbox:rick-major >--------------------
[INFO] Building rick-major 2.0.24
[INFO] --------------------------------[ jar ]---------------------------------
[INFO] 
[INFO] --- maven-enforcer-plugin:1.4.1:enforce (default) @ rick-major ---
[INFO] 
[INFO] --- maven-enforcer-plugin:1.4.1:enforce (enforce-maven-version) @ rick-major ---
[INFO] 
[INFO] --- maven-remote-resources-plugin:1.5:process (process-resource-bundles) @ rick-major ---
[INFO] 
[INFO] --- maven-resources-plugin:3.0.2:resources (default-resources) @ rick-major ---
[INFO] Using 'UTF-8' encoding to copy filtered resources.
[INFO] Copying 0 resource
[INFO] Copying 3 resources
[INFO] 
[INFO] --- maven-compiler-plugin:3.6.0:compile (default-compile) @ rick-major ---
[INFO] Nothing to compile - all classes are up to date
[INFO] 
[INFO] --- maven-resources-plugin:3.0.2:testResources (default-testResources) @ rick-major ---
[INFO] Using 'UTF-8' encoding to copy filtered resources.
[INFO] Copying 72 resources
[INFO] Copying 3 resources
[INFO] 
[INFO] --- maven-compiler-plugin:3.6.0:testCompile (default-testCompile) @ rick-major ---
[INFO] Changes detected - recompiling the module!
[INFO] Compiling 38 source files to /home/dee/dev/rick-major-review/pdfbox/rick-major/target/test-classes
[INFO] 
[INFO] --- maven-surefire-plugin:2.22.2:test (default-test) @ rick-major ---
[INFO] 
[INFO] -------------------------------------------------------
[INFO]  T E S T S
[INFO] -------------------------------------------------------
[INFO] Running org.apache.pdfbox.pdmodel.graphics.form.TestPDFormXObjectRickGen
[ERROR] Tests run: 2, Failures: 0, Errors: 2, Skipped: 0, Time elapsed: 10.125 s <<< FAILURE! - in org.apache.pdfbox.pdmodel.graphics.form.TestPDFormXObjectRickGen
[ERROR] test_setMatrix_CO_5cf162cf3fb140d784d0bfaaf3c2159c  Time elapsed: 5.858 s  <<< ERROR!
java.lang.NullPointerException
	at org.apache.pdfbox.pdmodel.graphics.form.TestPDFormXObjectRickGen.test_setMatrix_CO_5cf162cf3fb140d784d0bfaaf3c2159c(TestPDFormXObjectRickGen.java:60)

[ERROR] test_setMatrix_PO_5cf162cf3fb140d784d0bfaaf3c2159c  Time elapsed: 3.295 s  <<< ERROR!
java.lang.NullPointerException
	at org.apache.pdfbox.pdmodel.graphics.form.TestPDFormXObjectRickGen.test_setMatrix_PO_5cf162cf3fb140d784d0bfaaf3c2159c(TestPDFormXObjectRickGen.java:48)

[INFO] 
[INFO] Results:
[INFO] 
[ERROR] Errors: 
[ERROR]   TestPDFormXObjectRickGen.test_setMatrix_CO_5cf162cf3fb140d784d0bfaaf3c2159c:60 » NullPointer
[ERROR]   TestPDFormXObjectRickGen.test_setMatrix_PO_5cf162cf3fb140d784d0bfaaf3c2159c:48 » NullPointer
[INFO] 
[ERROR] Tests run: 2, Failures: 0, Errors: 2, Skipped: 0
[INFO] 
[INFO] ------------------------------------------------------------------------
[INFO] BUILD FAILURE
[INFO] ------------------------------------------------------------------------
[INFO] Total time:  23.041 s
[INFO] Finished at: 2023-06-11T06:58:23+02:00
[INFO] ------------------------------------------------------------------------
[ERROR] Failed to execute goal org.apache.maven.plugins:maven-surefire-plugin:2.22.2:test (default-test) on project rick-major: There are test failures.
[ERROR] 
[ERROR] Please refer to /home/dee/dev/rick-major-review/pdfbox/rick-major/target/surefire-reports for the individual test results.
[ERROR] Please refer to dump files (if any exist) [date].dump, [date]-jvmRun[N].dump and [date].dumpstream.
[ERROR] -> [Help 1]
[ERROR] 
[ERROR] To see the full stack trace of the errors, re-run Maven with the -e switch.
[ERROR] Re-run Maven using the -X switch to enable full debug logging.
[ERROR] 
[ERROR] For more information about the errors and possible solutions, please read the following articles:
[ERROR] [Help 1] http://cwiki.apache.org/confluence/display/MAVEN/MojoFailureException

Security framework of XStream not initialized, XStream is probably vulnerable.

---------------------------------------------------
[LOG] Cleaned targets with ['mvn', 'clean']
[INFO] Scanning for projects...
[INFO] 
[INFO] --------------------< org.apache.pdfbox:rick-major >--------------------
[INFO] Building rick-major 2.0.24
[INFO] --------------------------------[ jar ]---------------------------------
[INFO] 
[INFO] --- maven-clean-plugin:3.0.0:clean (default-clean) @ rick-major ---
[INFO] Deleting /home/dee/dev/rick-major-review/pdfbox/rick-major/target
[INFO] ------------------------------------------------------------------------
[INFO] BUILD SUCCESS
[INFO] ------------------------------------------------------------------------
[INFO] Total time:  1.463 s
[INFO] Finished at: 2023-06-11T06:58:28+02:00
[INFO] ------------------------------------------------------------------------


---------------------------------------------------
[LOG] In experiment directory /home/dee/dev/rick-experiments/mutation-analysis
---------------------------------------------------
[LOG] Restoring original RICK test from ./PDFormXObject.java/original-test.java
[LOG] Invoking cp ./PDFormXObject.java/original-test.java /home/dee/dev/rick-major-review/pdfbox/rick-major/src/test/java/org/apache/pdfbox/pdmodel/graphics/form/TestPDFormXObjectRickGen.java
---------------------------------------------------
[ALL] Evaluating (OO +) PO + CO
[LOG] Restoring original RICK test from ./PDFormXObject.java/original-test.java
[LOG] Invoking cp ./PDFormXObject.java/original-test.java /home/dee/dev/rick-major-review/pdfbox/rick-major/src/test/java/org/apache/pdfbox/pdmodel/graphics/form/TestPDFormXObjectRickGen.java
[LOG] In test module directory /home/dee/dev/rick-major-review/pdfbox/rick-major
[LOG] Invoked tests with ['mvn', 'test', '-Dtest=TestPDFormXObjectRickGen']
[INFO] Scanning for projects...
[INFO] 
[INFO] --------------------< org.apache.pdfbox:rick-major >--------------------
[INFO] Building rick-major 2.0.24
[INFO] --------------------------------[ jar ]---------------------------------
[INFO] 
[INFO] --- maven-enforcer-plugin:1.4.1:enforce (default) @ rick-major ---
[INFO] 
[INFO] --- maven-enforcer-plugin:1.4.1:enforce (enforce-maven-version) @ rick-major ---
[INFO] 
[INFO] --- maven-remote-resources-plugin:1.5:process (process-resource-bundles) @ rick-major ---
[INFO] 
[INFO] --- maven-resources-plugin:3.0.2:resources (default-resources) @ rick-major ---
[INFO] Using 'UTF-8' encoding to copy filtered resources.
[INFO] Copying 0 resource
[INFO] Copying 3 resources
[INFO] 
[INFO] --- maven-compiler-plugin:3.6.0:compile (default-compile) @ rick-major ---
[INFO] Nothing to compile - all classes are up to date
[INFO] 
[INFO] --- maven-resources-plugin:3.0.2:testResources (default-testResources) @ rick-major ---
[INFO] Using 'UTF-8' encoding to copy filtered resources.
[INFO] Copying 72 resources
[INFO] Copying 3 resources
[INFO] 
[INFO] --- maven-compiler-plugin:3.6.0:testCompile (default-testCompile) @ rick-major ---
[INFO] Changes detected - recompiling the module!
[INFO] Compiling 38 source files to /home/dee/dev/rick-major-review/pdfbox/rick-major/target/test-classes
[INFO] 
[INFO] --- maven-surefire-plugin:2.22.2:test (default-test) @ rick-major ---
[INFO] 
[INFO] -------------------------------------------------------
[INFO]  T E S T S
[INFO] -------------------------------------------------------
[INFO] Running org.apache.pdfbox.pdmodel.graphics.form.TestPDFormXObjectRickGen
[ERROR] Tests run: 2, Failures: 0, Errors: 2, Skipped: 0, Time elapsed: 9.948 s <<< FAILURE! - in org.apache.pdfbox.pdmodel.graphics.form.TestPDFormXObjectRickGen
[ERROR] test_setMatrix_CO_5cf162cf3fb140d784d0bfaaf3c2159c  Time elapsed: 5.871 s  <<< ERROR!
java.lang.NullPointerException
	at org.apache.pdfbox.pdmodel.graphics.form.TestPDFormXObjectRickGen.test_setMatrix_CO_5cf162cf3fb140d784d0bfaaf3c2159c(TestPDFormXObjectRickGen.java:60)

[ERROR] test_setMatrix_PO_5cf162cf3fb140d784d0bfaaf3c2159c  Time elapsed: 3.356 s  <<< ERROR!
java.lang.NullPointerException
	at org.apache.pdfbox.pdmodel.graphics.form.TestPDFormXObjectRickGen.test_setMatrix_PO_5cf162cf3fb140d784d0bfaaf3c2159c(TestPDFormXObjectRickGen.java:48)

[INFO] 
[INFO] Results:
[INFO] 
[ERROR] Errors: 
[ERROR]   TestPDFormXObjectRickGen.test_setMatrix_CO_5cf162cf3fb140d784d0bfaaf3c2159c:60 » NullPointer
[ERROR]   TestPDFormXObjectRickGen.test_setMatrix_PO_5cf162cf3fb140d784d0bfaaf3c2159c:48 » NullPointer
[INFO] 
[ERROR] Tests run: 2, Failures: 0, Errors: 2, Skipped: 0
[INFO] 
[INFO] ------------------------------------------------------------------------
[INFO] BUILD FAILURE
[INFO] ------------------------------------------------------------------------
[INFO] Total time:  22.915 s
[INFO] Finished at: 2023-06-11T06:58:54+02:00
[INFO] ------------------------------------------------------------------------
[ERROR] Failed to execute goal org.apache.maven.plugins:maven-surefire-plugin:2.22.2:test (default-test) on project rick-major: There are test failures.
[ERROR] 
[ERROR] Please refer to /home/dee/dev/rick-major-review/pdfbox/rick-major/target/surefire-reports for the individual test results.
[ERROR] Please refer to dump files (if any exist) [date].dump, [date]-jvmRun[N].dump and [date].dumpstream.
[ERROR] -> [Help 1]
[ERROR] 
[ERROR] To see the full stack trace of the errors, re-run Maven with the -e switch.
[ERROR] Re-run Maven using the -X switch to enable full debug logging.
[ERROR] 
[ERROR] For more information about the errors and possible solutions, please read the following articles:
[ERROR] [Help 1] http://cwiki.apache.org/confluence/display/MAVEN/MojoFailureException

Security framework of XStream not initialized, XStream is probably vulnerable.

---------------------------------------------------
[LOG] Cleaned targets with ['mvn', 'clean']
[INFO] Scanning for projects...
[INFO] 
[INFO] --------------------< org.apache.pdfbox:rick-major >--------------------
[INFO] Building rick-major 2.0.24
[INFO] --------------------------------[ jar ]---------------------------------
[INFO] 
[INFO] --- maven-clean-plugin:3.0.0:clean (default-clean) @ rick-major ---
[INFO] Deleting /home/dee/dev/rick-major-review/pdfbox/rick-major/target
[INFO] ------------------------------------------------------------------------
[INFO] BUILD SUCCESS
[INFO] ------------------------------------------------------------------------
[INFO] Total time:  1.341 s
[INFO] Finished at: 2023-06-11T06:58:59+02:00
[INFO] ------------------------------------------------------------------------


---------------------------------------------------
[LOG] In experiment directory /home/dee/dev/rick-experiments/mutation-analysis
---------------------------------------------------
---------------------------------------------------
[LOG] Resetting PDFormXObject.java to original
[LOG] Invoking cp ./PDFormXObject.java/original.java /home/dee/dev/rick-major-review/pdfbox/pdfbox/src/main/java/org/apache/pdfbox/pdmodel/graphics/form/PDFormXObject.java
---------------------------------------------------
[LOG] Replacing originalPDFormXObject.java with ./PDFormXObject.java/42.java
[LOG] Invoking cp ./PDFormXObject.java/42.java /home/dee/dev/rick-major-review/pdfbox/pdfbox/src/main/java/org/apache/pdfbox/pdmodel/graphics/form/PDFormXObject.java
[LOG] Invoked a clean install of the parent module with ['mvn', 'clean', 'install', '-DskipTests']
[INFO] Scanning for projects...
[INFO] 
[INFO] ----------------------< org.apache.pdfbox:pdfbox >----------------------
[INFO] Building Apache PDFBox 2.0.24
[INFO] -------------------------------[ bundle ]-------------------------------
[INFO] 
[INFO] --- maven-clean-plugin:3.0.0:clean (default-clean) @ pdfbox ---
[INFO] Deleting /home/dee/dev/rick-major-review/pdfbox/pdfbox/target
[INFO] 
[INFO] --- maven-enforcer-plugin:1.4.1:enforce (default) @ pdfbox ---
[INFO] 
[INFO] --- maven-enforcer-plugin:1.4.1:enforce (enforce-maven-version) @ pdfbox ---
[INFO] 
[INFO] --- maven-remote-resources-plugin:1.5:process (process-resource-bundles) @ pdfbox ---
[INFO] 
[INFO] --- maven-resources-plugin:3.0.2:resources (default-resources) @ pdfbox ---
[INFO] Using 'UTF-8' encoding to copy filtered resources.
[INFO] Copying 1 resource
[INFO] Copying 21 resources
[INFO] Copying 3 resources
[INFO] 
[INFO] --- maven-compiler-plugin:3.6.0:compile (default-compile) @ pdfbox ---
[INFO] Changes detected - recompiling the module!
[INFO] Compiling 609 source files to /home/dee/dev/rick-major-review/pdfbox/pdfbox/target/classes
[WARNING] To suppress warnings about obsolete options, use -Xlint:-options.
/home/dee/dev/rick-major-review/pdfbox/pdfbox/src/main/java/org/apache/pdfbox/pdmodel/PDDocument.java:[471,96] [deprecation] toList() in COSArrayList has been deprecated
[WARNING] /home/dee/dev/rick-major-review/pdfbox/pdfbox/src/main/java/org/apache/pdfbox/pdmodel/PDDocument.java:[471,45] [deprecation] toList() in COSArrayList has been deprecated
[WARNING] /home/dee/dev/rick-major-review/pdfbox/pdfbox/src/main/java/org/apache/pdfbox/pdmodel/font/PDType3Font.java:[196,17] [deprecation] getHeight(int) in PDFontLike has been deprecated
[WARNING] /home/dee/dev/rick-major-review/pdfbox/pdfbox/src/main/java/org/apache/pdfbox/text/LegacyPDFStreamEngine.java:[152,19] [deprecation] showGlyph(Matrix,PDFont,int,String,Vector) in PDFStreamEngine has been deprecated
[WARNING] /home/dee/dev/rick-major-review/pdfbox/pdfbox/src/main/java/org/apache/pdfbox/pdmodel/font/PDTrueTypeFont.java:[375,17] [deprecation] getHeight(int) in PDFontLike has been deprecated
[WARNING] /home/dee/dev/rick-major-review/pdfbox/pdfbox/src/main/java/org/apache/pdfbox/pdmodel/font/PDType0Font.java:[414,17] [deprecation] getHeight(int) in PDFontLike has been deprecated
[WARNING] /home/dee/dev/rick-major-review/pdfbox/pdfbox/src/main/java/org/apache/pdfbox/pdmodel/font/PDType0Font.java:[416,29] [deprecation] getHeight(int) in PDFontLike has been deprecated
[WARNING] /home/dee/dev/rick-major-review/pdfbox/pdfbox/src/main/java/org/apache/pdfbox/pdmodel/font/TrueTypeEmbedder.java:[120,18] [deprecation] getUnicodeCmap() in TrueTypeFont has been deprecated
[WARNING] /home/dee/dev/rick-major-review/pdfbox/pdfbox/src/main/java/org/apache/pdfbox/pdmodel/font/PDType1Font.java:[395,17] [deprecation] getHeight(int) in PDFontLike has been deprecated
[WARNING] /home/dee/dev/rick-major-review/pdfbox/pdfbox/src/main/java/org/apache/pdfbox/cos/UnmodifiableCOSDictionary.java:[286,16] [deprecation] mergeInto(COSDictionary) in COSDictionary has been deprecated
[WARNING] /home/dee/dev/rick-major-review/pdfbox/pdfbox/src/main/java/org/apache/pdfbox/pdmodel/font/PDCIDFontType0.java:[439,17] [deprecation] getHeight(int) in PDFontLike has been deprecated
[WARNING] /home/dee/dev/rick-major-review/pdfbox/pdfbox/src/main/java/org/apache/pdfbox/pdmodel/font/PDType1CFont.java:[304,17] [deprecation] getHeight(int) in PDFontLike has been deprecated
[WARNING] /home/dee/dev/rick-major-review/pdfbox/pdfbox/src/main/java/org/apache/pdfbox/pdmodel/font/PDCIDFontType2.java:[312,17] [deprecation] getHeight(int) in PDFontLike has been deprecated
[INFO] 
[INFO] --- download-maven-plugin:1.5.1:wget (PDFBOX-1031-1) @ pdfbox ---
[INFO] maven-download-plugin:wget skipped
[INFO] 
[INFO] --- download-maven-plugin:1.5.1:wget (PDFBOX-1031-2) @ pdfbox ---
[INFO] maven-download-plugin:wget skipped
[INFO] 
[INFO] --- download-maven-plugin:1.5.1:wget (PDFBOX-1065-1) @ pdfbox ---
[INFO] maven-download-plugin:wget skipped
[INFO] 
[INFO] --- download-maven-plugin:1.5.1:wget (PDFBOX-1065-2) @ pdfbox ---
[INFO] maven-download-plugin:wget skipped
[INFO] 
[INFO] --- download-maven-plugin:1.5.1:wget (PDFBOX-1100-1) @ pdfbox ---
[INFO] maven-download-plugin:wget skipped
[INFO] 
[INFO] --- download-maven-plugin:1.5.1:wget (PDFBOX-1100-2) @ pdfbox ---
[INFO] maven-download-plugin:wget skipped
[INFO] 
[INFO] --- download-maven-plugin:1.5.1:wget (PDFBOX-3208) @ pdfbox ---
[INFO] maven-download-plugin:wget skipped
[INFO] 
[INFO] --- download-maven-plugin:1.5.1:wget (PDFBOX-3656) @ pdfbox ---
[INFO] maven-download-plugin:wget skipped
[INFO] 
[INFO] --- download-maven-plugin:1.5.1:wget (PDFBOX-3682) @ pdfbox ---
[INFO] maven-download-plugin:wget skipped
[INFO] 
[INFO] --- download-maven-plugin:1.5.1:wget (PDFBOX-3940) @ pdfbox ---
[INFO] maven-download-plugin:wget skipped
[INFO] 
[INFO] --- download-maven-plugin:1.5.1:wget (PDFBOX-3783) @ pdfbox ---
[INFO] maven-download-plugin:wget skipped
[INFO] 
[INFO] --- download-maven-plugin:1.5.1:wget (PDFBOX-3785) @ pdfbox ---
[INFO] maven-download-plugin:wget skipped
[INFO] 
[INFO] --- download-maven-plugin:1.5.1:wget (PDFBOX-3947) @ pdfbox ---
[INFO] maven-download-plugin:wget skipped
[INFO] 
[INFO] --- download-maven-plugin:1.5.1:wget (PDFBOX-3948) @ pdfbox ---
[INFO] maven-download-plugin:wget skipped
[INFO] 
[INFO] --- download-maven-plugin:1.5.1:wget (PDFBOX-3949) @ pdfbox ---
[INFO] maven-download-plugin:wget skipped
[INFO] 
[INFO] --- download-maven-plugin:1.5.1:wget (PDFBOX-3950) @ pdfbox ---
[INFO] maven-download-plugin:wget skipped
[INFO] 
[INFO] --- download-maven-plugin:1.5.1:wget (PDFBOX-3951) @ pdfbox ---
[INFO] maven-download-plugin:wget skipped
[INFO] 
[INFO] --- download-maven-plugin:1.5.1:wget (PDFBOX-3964) @ pdfbox ---
[INFO] maven-download-plugin:wget skipped
[INFO] 
[INFO] --- download-maven-plugin:1.5.1:wget (PDFBOX-3977) @ pdfbox ---
[INFO] maven-download-plugin:wget skipped
[INFO] 
[INFO] --- download-maven-plugin:1.5.1:wget (Genko) @ pdfbox ---
[INFO] maven-download-plugin:wget skipped
[INFO] 
[INFO] --- download-maven-plugin:1.5.1:wget (PDFBOX-3999) @ pdfbox ---
[INFO] maven-download-plugin:wget skipped
[INFO] 
[INFO] --- download-maven-plugin:1.5.1:wget (PDFBOX-4106) @ pdfbox ---
[INFO] maven-download-plugin:wget skipped
[INFO] 
[INFO] --- download-maven-plugin:1.5.1:wget (PDFBOX-4106b) @ pdfbox ---
[INFO] maven-download-plugin:wget skipped
[INFO] 
[INFO] --- download-maven-plugin:1.5.1:wget (PDFBOX-4115) @ pdfbox ---
[INFO] maven-download-plugin:wget skipped
[INFO] 
[INFO] --- download-maven-plugin:1.5.1:wget (PDFBOX-4197) @ pdfbox ---
[INFO] maven-download-plugin:wget skipped
[INFO] 
[INFO] --- download-maven-plugin:1.5.1:wget (PDFBOX-4184) @ pdfbox ---
[INFO] maven-download-plugin:wget skipped
[INFO] 
[INFO] --- download-maven-plugin:1.5.1:wget (PDFBOX-4184-2) @ pdfbox ---
[INFO] maven-download-plugin:wget skipped
[INFO] 
[INFO] --- download-maven-plugin:1.5.1:wget (PDFBOX-4308) @ pdfbox ---
[INFO] maven-download-plugin:wget skipped
[INFO] 
[INFO] --- download-maven-plugin:1.5.1:wget (PDFBOX-4338) @ pdfbox ---
[INFO] maven-download-plugin:wget skipped
[INFO] 
[INFO] --- download-maven-plugin:1.5.1:wget (PDFBOX-4339) @ pdfbox ---
[INFO] maven-download-plugin:wget skipped
[INFO] 
[INFO] --- download-maven-plugin:1.5.1:wget (PDFBOX-4408) @ pdfbox ---
[INFO] maven-download-plugin:wget skipped
[INFO] 
[INFO] --- download-maven-plugin:1.5.1:wget (PDFBOX-4418-1) @ pdfbox ---
[INFO] maven-download-plugin:wget skipped
[INFO] 
[INFO] --- download-maven-plugin:1.5.1:wget (PDFBOX-4418-2) @ pdfbox ---
[INFO] maven-download-plugin:wget skipped
[INFO] 
[INFO] --- download-maven-plugin:1.5.1:wget (PDFBOX-4423) @ pdfbox ---
[INFO] maven-download-plugin:wget skipped
[INFO] 
[INFO] --- download-maven-plugin:1.5.1:wget (PDFBOX-4517) @ pdfbox ---
[INFO] maven-download-plugin:wget skipped
[INFO] 
[INFO] --- download-maven-plugin:1.5.1:wget (PDFBOX-4750) @ pdfbox ---
[INFO] maven-download-plugin:wget skipped
[INFO] 
[INFO] --- download-maven-plugin:1.5.1:wget (PDFBOX-4153) @ pdfbox ---
[INFO] maven-download-plugin:wget skipped
[INFO] 
[INFO] --- download-maven-plugin:1.5.1:wget (PDFBOX-4490) @ pdfbox ---
[INFO] maven-download-plugin:wget skipped
[INFO] 
[INFO] --- download-maven-plugin:1.5.1:wget (PDFBOX-5196) @ pdfbox ---
[INFO] maven-download-plugin:wget skipped
[INFO] 
[INFO] --- maven-resources-plugin:3.0.2:testResources (default-testResources) @ pdfbox ---
[INFO] Using 'UTF-8' encoding to copy filtered resources.
[INFO] Copying 229 resources
[INFO] Copying 3 resources
[INFO] 
[INFO] --- maven-compiler-plugin:3.6.0:testCompile (default-testCompile) @ pdfbox ---
[INFO] Changes detected - recompiling the module!
[INFO] Compiling 115 source files to /home/dee/dev/rick-major-review/pdfbox/pdfbox/target/test-classes
[WARNING] To suppress warnings about obsolete options, use -Xlint:-options.
/home/dee/dev/rick-major-review/pdfbox/pdfbox/src/test/java/org/apache/pdfbox/pdmodel/common/COSArrayListTest.java:[27,22] [deprecation] Assert in junit.framework has been deprecated
[WARNING] /home/dee/dev/rick-major-review/pdfbox/pdfbox/src/test/java/org/apache/pdfbox/pdmodel/interactive/form/PDButtonTest.java:[109,19] [deprecation] setPushButton(boolean) in PDButton has been deprecated
[WARNING] /home/dee/dev/rick-major-review/pdfbox/pdfbox/src/test/java/org/apache/pdfbox/pdmodel/interactive/form/PDButtonTest.java:[125,19] [deprecation] setRadioButton(boolean) in PDButton has been deprecated
[WARNING] /home/dee/dev/rick-major-review/pdfbox/pdfbox/src/test/java/org/apache/pdfbox/io/UnmodifiableCOSDictionaryTest.java:[66,37] [deprecation] mergeInto(COSDictionary) in COSDictionary has been deprecated
[WARNING] /home/dee/dev/rick-major-review/pdfbox/pdfbox/src/test/java/org/apache/pdfbox/pdmodel/TestPDPageContentStream.java:[98,21] [deprecation] setNonStrokingColor(int,int,int) in PDPageContentStream has been deprecated
[WARNING] /home/dee/dev/rick-major-review/pdfbox/pdfbox/src/test/java/org/apache/pdfbox/pdmodel/TestPDPageContentStream.java:[100,21] [deprecation] setNonStrokingColor(int) in PDPageContentStream has been deprecated
[WARNING] /home/dee/dev/rick-major-review/pdfbox/pdfbox/src/test/java/org/apache/pdfbox/pdmodel/TestPDPageContentStream.java:[128,21] [deprecation] setStrokingColor(int,int,int) in PDPageContentStream has been deprecated
[WARNING] /home/dee/dev/rick-major-review/pdfbox/pdfbox/src/test/java/org/apache/pdfbox/pdmodel/TestPDPageContentStream.java:[130,21] [deprecation] setStrokingColor(int) in PDPageContentStream has been deprecated
[WARNING] /home/dee/dev/rick-major-review/pdfbox/pdfbox/src/test/java/org/apache/pdfbox/pdmodel/font/PDFontTest.java:[288,36] [deprecation] getHeight(int) in PDFontLike has been deprecated
[WARNING] /home/dee/dev/rick-major-review/pdfbox/pdfbox/src/test/java/org/apache/pdfbox/pdmodel/PageModeTest.java:[27,55] [deprecation] none() in ExpectedException has been deprecated
[WARNING] /home/dee/dev/rick-major-review/pdfbox/pdfbox/src/test/java/org/apache/pdfbox/cos/TestCOSInteger.java:[106,54] [deprecation] doubleValue() in COSInteger has been deprecated
[WARNING] /home/dee/dev/rick-major-review/pdfbox/pdfbox/src/test/java/org/apache/pdfbox/pdmodel/graphics/state/RenderingIntentTest.java:[27,55] [deprecation] none() in ExpectedException has been deprecated
[WARNING] /home/dee/dev/rick-major-review/pdfbox/pdfbox/src/test/java/org/apache/pdfbox/cos/TestCOSFloat.java:[187,78] [deprecation] doubleValue() in COSFloat has been deprecated
[WARNING] /home/dee/dev/rick-major-review/pdfbox/pdfbox/src/test/java/org/apache/pdfbox/pdmodel/common/COSArrayListTest.java:[46,55] [deprecation] none() in ExpectedException has been deprecated
[WARNING] /home/dee/dev/rick-major-review/pdfbox/pdfbox/src/test/java/org/apache/pdfbox/pdmodel/PageLayoutTest.java:[52,55] [deprecation] none() in ExpectedException has been deprecated
[WARNING] /home/dee/dev/rick-major-review/pdfbox/pdfbox/src/test/java/org/apache/pdfbox/pdfwriter/COSWriterXRefEntryTest.java:[27,55] [deprecation] none() in ExpectedException has been deprecated
[WARNING] /home/dee/dev/rick-major-review/pdfbox/pdfbox/src/test/java/org/apache/pdfbox/util/MatrixTest.java:[180,26] [deprecation] multiply(Matrix,Matrix) in Matrix has been deprecated
[WARNING] /home/dee/dev/rick-major-review/pdfbox/pdfbox/src/test/java/org/apache/pdfbox/util/MatrixTest.java:[189,19] [deprecation] multiply(Matrix,Matrix) in Matrix has been deprecated
[WARNING] /home/dee/dev/rick-major-review/pdfbox/pdfbox/src/test/java/org/apache/pdfbox/util/MatrixTest.java:[199,19] [deprecation] multiply(Matrix,Matrix) in Matrix has been deprecated
[WARNING] /home/dee/dev/rick-major-review/pdfbox/pdfbox/src/test/java/org/apache/pdfbox/util/MatrixTest.java:[208,19] [deprecation] multiply(Matrix,Matrix) in Matrix has been deprecated
[WARNING] /home/dee/dev/rick-major-review/pdfbox/pdfbox/src/test/java/org/apache/pdfbox/util/MatrixTest.java:[218,9] [deprecation] multiply(Matrix,Matrix) in Matrix has been deprecated
[WARNING] /home/dee/dev/rick-major-review/pdfbox/pdfbox/src/test/java/org/apache/pdfbox/util/MatrixTest.java:[226,9] [deprecation] multiply(Matrix,Matrix) in Matrix has been deprecated
[WARNING] /home/dee/dev/rick-major-review/pdfbox/pdfbox/src/test/java/org/apache/pdfbox/util/MatrixTest.java:[234,9] [deprecation] multiply(Matrix,Matrix) in Matrix has been deprecated
[WARNING] /home/dee/dev/rick-major-review/pdfbox/pdfbox/src/test/java/org/apache/pdfbox/util/MatrixTest.java:[242,9] [deprecation] multiply(Matrix,Matrix) in Matrix has been deprecated
[WARNING] /home/dee/dev/rick-major-review/pdfbox/pdfbox/src/test/java/org/apache/pdfbox/cos/COSObjectKeyTest.java:[27,55] [deprecation] none() in ExpectedException has been deprecated
[INFO] 
[INFO] --- maven-surefire-plugin:2.22.2:test (default-test) @ pdfbox ---
[INFO] Tests are skipped.
[INFO] 
[INFO] --- animal-sniffer-maven-plugin:1.17:check (check-java-version) @ pdfbox ---
[INFO] Signature checking is skipped.
[INFO] 
[INFO] --- maven-bundle-plugin:3.5.1:bundle (default-bundle) @ pdfbox ---
[INFO] 
[INFO] --- maven-site-plugin:3.7:attach-descriptor (attach-descriptor) @ pdfbox ---
[INFO] Skipping because packaging 'bundle' is not pom.
[INFO] 
[INFO] >>> maven-source-plugin:3.0.1:jar (attach-sources) > generate-sources @ pdfbox >>>
[INFO] 
[INFO] --- maven-enforcer-plugin:1.4.1:enforce (default) @ pdfbox ---
[INFO] 
[INFO] --- maven-enforcer-plugin:1.4.1:enforce (enforce-maven-version) @ pdfbox ---
[INFO] 
[INFO] <<< maven-source-plugin:3.0.1:jar (attach-sources) < generate-sources @ pdfbox <<<
[INFO] 
[INFO] 
[INFO] --- maven-source-plugin:3.0.1:jar (attach-sources) @ pdfbox ---
[INFO] Building jar: /home/dee/dev/rick-major-review/pdfbox/pdfbox/target/pdfbox-2.0.24-sources.jar
[INFO] 
[INFO] --- maven-install-plugin:2.5.2:install (default-install) @ pdfbox ---
[INFO] Installing /home/dee/dev/rick-major-review/pdfbox/pdfbox/target/pdfbox-2.0.24.jar to /home/dee/.m2/repository/org/apache/pdfbox/pdfbox/2.0.24/pdfbox-2.0.24.jar
[INFO] Installing /home/dee/dev/rick-major-review/pdfbox/pdfbox/pom.xml to /home/dee/.m2/repository/org/apache/pdfbox/pdfbox/2.0.24/pdfbox-2.0.24.pom
[INFO] Installing /home/dee/dev/rick-major-review/pdfbox/pdfbox/target/pdfbox-2.0.24-sources.jar to /home/dee/.m2/repository/org/apache/pdfbox/pdfbox/2.0.24/pdfbox-2.0.24-sources.jar
[INFO] 
[INFO] --- maven-bundle-plugin:3.5.1:install (default-install) @ pdfbox ---
[INFO] Installing org/apache/pdfbox/pdfbox/2.0.24/pdfbox-2.0.24.jar
[INFO] Writing OBR metadata
[INFO] ------------------------------------------------------------------------
[INFO] BUILD SUCCESS
[INFO] ------------------------------------------------------------------------
[INFO] Total time:  41.692 s
[INFO] Finished at: 2023-06-11T06:59:45+02:00
[INFO] ------------------------------------------------------------------------


---------------------------------------------------
[BASELINE] Not evaluating any oracle
[LOG] Replacing original RICK test with variant baseline
[LOG] Invoking cp /home/dee/dev/rick-experiments/mutation-analysis/output/setMatrix_AffineTransform/test-baseline.java /home/dee/dev/rick-major-review/pdfbox/rick-major/src/test/java/org/apache/pdfbox/pdmodel/graphics/form/TestPDFormXObjectRickGen.java
[LOG] In test module directory /home/dee/dev/rick-major-review/pdfbox/rick-major
[LOG] Invoked tests with ['mvn', 'test', '-Dtest=TestPDFormXObjectRickGen']
[INFO] Scanning for projects...
[INFO] 
[INFO] --------------------< org.apache.pdfbox:rick-major >--------------------
[INFO] Building rick-major 2.0.24
[INFO] --------------------------------[ jar ]---------------------------------
[INFO] 
[INFO] --- maven-enforcer-plugin:1.4.1:enforce (default) @ rick-major ---
[INFO] 
[INFO] --- maven-enforcer-plugin:1.4.1:enforce (enforce-maven-version) @ rick-major ---
[INFO] 
[INFO] --- maven-remote-resources-plugin:1.5:process (process-resource-bundles) @ rick-major ---
[INFO] 
[INFO] --- maven-resources-plugin:3.0.2:resources (default-resources) @ rick-major ---
[INFO] Using 'UTF-8' encoding to copy filtered resources.
[INFO] Copying 0 resource
[INFO] Copying 3 resources
[INFO] 
[INFO] --- maven-compiler-plugin:3.6.0:compile (default-compile) @ rick-major ---
[INFO] Nothing to compile - all classes are up to date
[INFO] 
[INFO] --- maven-resources-plugin:3.0.2:testResources (default-testResources) @ rick-major ---
[INFO] Using 'UTF-8' encoding to copy filtered resources.
[INFO] Copying 72 resources
[INFO] Copying 3 resources
[INFO] 
[INFO] --- maven-compiler-plugin:3.6.0:testCompile (default-testCompile) @ rick-major ---
[INFO] Changes detected - recompiling the module!
[INFO] Compiling 38 source files to /home/dee/dev/rick-major-review/pdfbox/rick-major/target/test-classes
[INFO] 
[INFO] --- maven-surefire-plugin:2.22.2:test (default-test) @ rick-major ---
[INFO] 
[INFO] -------------------------------------------------------
[INFO]  T E S T S
[INFO] -------------------------------------------------------
[INFO] Running org.apache.pdfbox.pdmodel.graphics.form.TestPDFormXObjectRickGen
[INFO] Tests run: 2, Failures: 0, Errors: 0, Skipped: 0, Time elapsed: 9.971 s - in org.apache.pdfbox.pdmodel.graphics.form.TestPDFormXObjectRickGen
[INFO] 
[INFO] Results:
[INFO] 
[INFO] Tests run: 2, Failures: 0, Errors: 0, Skipped: 0
[INFO] 
[INFO] 
[INFO] --- animal-sniffer-maven-plugin:1.17:check (check-java-version) @ rick-major ---
[INFO] Checking unresolved references to org.codehaus.mojo.signature:java16:1.0
[INFO] ------------------------------------------------------------------------
[INFO] BUILD SUCCESS
[INFO] ------------------------------------------------------------------------
[INFO] Total time:  25.015 s
[INFO] Finished at: 2023-06-11T07:00:14+02:00
[INFO] ------------------------------------------------------------------------

Security framework of XStream not initialized, XStream is probably vulnerable.

---------------------------------------------------
[LOG] Cleaned targets with ['mvn', 'clean']
[INFO] Scanning for projects...
[INFO] 
[INFO] --------------------< org.apache.pdfbox:rick-major >--------------------
[INFO] Building rick-major 2.0.24
[INFO] --------------------------------[ jar ]---------------------------------
[INFO] 
[INFO] --- maven-clean-plugin:3.0.0:clean (default-clean) @ rick-major ---
[INFO] Deleting /home/dee/dev/rick-major-review/pdfbox/rick-major/target
[INFO] ------------------------------------------------------------------------
[INFO] BUILD SUCCESS
[INFO] ------------------------------------------------------------------------
[INFO] Total time:  1.492 s
[INFO] Finished at: 2023-06-11T07:00:19+02:00
[INFO] ------------------------------------------------------------------------


---------------------------------------------------
[LOG] In experiment directory /home/dee/dev/rick-experiments/mutation-analysis
---------------------------------------------------
[LOG] Restoring original RICK test from ./PDFormXObject.java/original-test.java
[LOG] Invoking cp ./PDFormXObject.java/original-test.java /home/dee/dev/rick-major-review/pdfbox/rick-major/src/test/java/org/apache/pdfbox/pdmodel/graphics/form/TestPDFormXObjectRickGen.java
---------------------------------------------------
[PO] Evaluating only PO
[LOG] Replacing original RICK test with variant po
[LOG] Invoking cp /home/dee/dev/rick-experiments/mutation-analysis/output/setMatrix_AffineTransform/test-po.java /home/dee/dev/rick-major-review/pdfbox/rick-major/src/test/java/org/apache/pdfbox/pdmodel/graphics/form/TestPDFormXObjectRickGen.java
[LOG] In test module directory /home/dee/dev/rick-major-review/pdfbox/rick-major
[LOG] Invoked tests with ['mvn', 'test', '-Dtest=TestPDFormXObjectRickGen']
[INFO] Scanning for projects...
[INFO] 
[INFO] --------------------< org.apache.pdfbox:rick-major >--------------------
[INFO] Building rick-major 2.0.24
[INFO] --------------------------------[ jar ]---------------------------------
[INFO] 
[INFO] --- maven-enforcer-plugin:1.4.1:enforce (default) @ rick-major ---
[INFO] 
[INFO] --- maven-enforcer-plugin:1.4.1:enforce (enforce-maven-version) @ rick-major ---
[INFO] 
[INFO] --- maven-remote-resources-plugin:1.5:process (process-resource-bundles) @ rick-major ---
[INFO] 
[INFO] --- maven-resources-plugin:3.0.2:resources (default-resources) @ rick-major ---
[INFO] Using 'UTF-8' encoding to copy filtered resources.
[INFO] Copying 0 resource
[INFO] Copying 3 resources
[INFO] 
[INFO] --- maven-compiler-plugin:3.6.0:compile (default-compile) @ rick-major ---
[INFO] Nothing to compile - all classes are up to date
[INFO] 
[INFO] --- maven-resources-plugin:3.0.2:testResources (default-testResources) @ rick-major ---
[INFO] Using 'UTF-8' encoding to copy filtered resources.
[INFO] Copying 72 resources
[INFO] Copying 3 resources
[INFO] 
[INFO] --- maven-compiler-plugin:3.6.0:testCompile (default-testCompile) @ rick-major ---
[INFO] Changes detected - recompiling the module!
[INFO] Compiling 38 source files to /home/dee/dev/rick-major-review/pdfbox/rick-major/target/test-classes
[INFO] 
[INFO] --- maven-surefire-plugin:2.22.2:test (default-test) @ rick-major ---
[INFO] 
[INFO] -------------------------------------------------------
[INFO]  T E S T S
[INFO] -------------------------------------------------------
[INFO] Running org.apache.pdfbox.pdmodel.graphics.form.TestPDFormXObjectRickGen
[INFO] Tests run: 2, Failures: 0, Errors: 0, Skipped: 0, Time elapsed: 10.764 s - in org.apache.pdfbox.pdmodel.graphics.form.TestPDFormXObjectRickGen
[INFO] 
[INFO] Results:
[INFO] 
[INFO] Tests run: 2, Failures: 0, Errors: 0, Skipped: 0
[INFO] 
[INFO] 
[INFO] --- animal-sniffer-maven-plugin:1.17:check (check-java-version) @ rick-major ---
[INFO] Checking unresolved references to org.codehaus.mojo.signature:java16:1.0
[INFO] ------------------------------------------------------------------------
[INFO] BUILD SUCCESS
[INFO] ------------------------------------------------------------------------
[INFO] Total time:  25.688 s
[INFO] Finished at: 2023-06-11T07:00:48+02:00
[INFO] ------------------------------------------------------------------------

Security framework of XStream not initialized, XStream is probably vulnerable.

---------------------------------------------------
[LOG] Cleaned targets with ['mvn', 'clean']
[INFO] Scanning for projects...
[INFO] 
[INFO] --------------------< org.apache.pdfbox:rick-major >--------------------
[INFO] Building rick-major 2.0.24
[INFO] --------------------------------[ jar ]---------------------------------
[INFO] 
[INFO] --- maven-clean-plugin:3.0.0:clean (default-clean) @ rick-major ---
[INFO] Deleting /home/dee/dev/rick-major-review/pdfbox/rick-major/target
[INFO] ------------------------------------------------------------------------
[INFO] BUILD SUCCESS
[INFO] ------------------------------------------------------------------------
[INFO] Total time:  1.319 s
[INFO] Finished at: 2023-06-11T07:00:53+02:00
[INFO] ------------------------------------------------------------------------


---------------------------------------------------
[LOG] In experiment directory /home/dee/dev/rick-experiments/mutation-analysis
---------------------------------------------------
[LOG] Restoring original RICK test from ./PDFormXObject.java/original-test.java
[LOG] Invoking cp ./PDFormXObject.java/original-test.java /home/dee/dev/rick-major-review/pdfbox/rick-major/src/test/java/org/apache/pdfbox/pdmodel/graphics/form/TestPDFormXObjectRickGen.java
---------------------------------------------------
[CO] Evaluating only CO
[LOG] Replacing original RICK test with variant co
[LOG] Invoking cp /home/dee/dev/rick-experiments/mutation-analysis/output/setMatrix_AffineTransform/test-co.java /home/dee/dev/rick-major-review/pdfbox/rick-major/src/test/java/org/apache/pdfbox/pdmodel/graphics/form/TestPDFormXObjectRickGen.java
[LOG] In test module directory /home/dee/dev/rick-major-review/pdfbox/rick-major
[LOG] Invoked tests with ['mvn', 'test', '-Dtest=TestPDFormXObjectRickGen']
[INFO] Scanning for projects...
[INFO] 
[INFO] --------------------< org.apache.pdfbox:rick-major >--------------------
[INFO] Building rick-major 2.0.24
[INFO] --------------------------------[ jar ]---------------------------------
[INFO] 
[INFO] --- maven-enforcer-plugin:1.4.1:enforce (default) @ rick-major ---
[INFO] 
[INFO] --- maven-enforcer-plugin:1.4.1:enforce (enforce-maven-version) @ rick-major ---
[INFO] 
[INFO] --- maven-remote-resources-plugin:1.5:process (process-resource-bundles) @ rick-major ---
[INFO] 
[INFO] --- maven-resources-plugin:3.0.2:resources (default-resources) @ rick-major ---
[INFO] Using 'UTF-8' encoding to copy filtered resources.
[INFO] Copying 0 resource
[INFO] Copying 3 resources
[INFO] 
[INFO] --- maven-compiler-plugin:3.6.0:compile (default-compile) @ rick-major ---
[INFO] Nothing to compile - all classes are up to date
[INFO] 
[INFO] --- maven-resources-plugin:3.0.2:testResources (default-testResources) @ rick-major ---
[INFO] Using 'UTF-8' encoding to copy filtered resources.
[INFO] Copying 72 resources
[INFO] Copying 3 resources
[INFO] 
[INFO] --- maven-compiler-plugin:3.6.0:testCompile (default-testCompile) @ rick-major ---
[INFO] Changes detected - recompiling the module!
[INFO] Compiling 38 source files to /home/dee/dev/rick-major-review/pdfbox/rick-major/target/test-classes
[INFO] 
[INFO] --- maven-surefire-plugin:2.22.2:test (default-test) @ rick-major ---
[INFO] 
[INFO] -------------------------------------------------------
[INFO]  T E S T S
[INFO] -------------------------------------------------------
[INFO] Running org.apache.pdfbox.pdmodel.graphics.form.TestPDFormXObjectRickGen
[INFO] Tests run: 2, Failures: 0, Errors: 0, Skipped: 0, Time elapsed: 10.582 s - in org.apache.pdfbox.pdmodel.graphics.form.TestPDFormXObjectRickGen
[INFO] 
[INFO] Results:
[INFO] 
[INFO] Tests run: 2, Failures: 0, Errors: 0, Skipped: 0
[INFO] 
[INFO] 
[INFO] --- animal-sniffer-maven-plugin:1.17:check (check-java-version) @ rick-major ---
[INFO] Checking unresolved references to org.codehaus.mojo.signature:java16:1.0
[INFO] ------------------------------------------------------------------------
[INFO] BUILD SUCCESS
[INFO] ------------------------------------------------------------------------
[INFO] Total time:  25.243 s
[INFO] Finished at: 2023-06-11T07:01:22+02:00
[INFO] ------------------------------------------------------------------------

Security framework of XStream not initialized, XStream is probably vulnerable.

---------------------------------------------------
[LOG] Cleaned targets with ['mvn', 'clean']
[INFO] Scanning for projects...
[INFO] 
[INFO] --------------------< org.apache.pdfbox:rick-major >--------------------
[INFO] Building rick-major 2.0.24
[INFO] --------------------------------[ jar ]---------------------------------
[INFO] 
[INFO] --- maven-clean-plugin:3.0.0:clean (default-clean) @ rick-major ---
[INFO] Deleting /home/dee/dev/rick-major-review/pdfbox/rick-major/target
[INFO] ------------------------------------------------------------------------
[INFO] BUILD SUCCESS
[INFO] ------------------------------------------------------------------------
[INFO] Total time:  1.584 s
[INFO] Finished at: 2023-06-11T07:01:27+02:00
[INFO] ------------------------------------------------------------------------


---------------------------------------------------
[LOG] In experiment directory /home/dee/dev/rick-experiments/mutation-analysis
---------------------------------------------------
[LOG] Restoring original RICK test from ./PDFormXObject.java/original-test.java
[LOG] Invoking cp ./PDFormXObject.java/original-test.java /home/dee/dev/rick-major-review/pdfbox/rick-major/src/test/java/org/apache/pdfbox/pdmodel/graphics/form/TestPDFormXObjectRickGen.java
---------------------------------------------------
[ALL] Evaluating (OO +) PO + CO
[LOG] Restoring original RICK test from ./PDFormXObject.java/original-test.java
[LOG] Invoking cp ./PDFormXObject.java/original-test.java /home/dee/dev/rick-major-review/pdfbox/rick-major/src/test/java/org/apache/pdfbox/pdmodel/graphics/form/TestPDFormXObjectRickGen.java
[LOG] In test module directory /home/dee/dev/rick-major-review/pdfbox/rick-major
[LOG] Invoked tests with ['mvn', 'test', '-Dtest=TestPDFormXObjectRickGen']
[INFO] Scanning for projects...
[INFO] 
[INFO] --------------------< org.apache.pdfbox:rick-major >--------------------
[INFO] Building rick-major 2.0.24
[INFO] --------------------------------[ jar ]---------------------------------
[INFO] 
[INFO] --- maven-enforcer-plugin:1.4.1:enforce (default) @ rick-major ---
[INFO] 
[INFO] --- maven-enforcer-plugin:1.4.1:enforce (enforce-maven-version) @ rick-major ---
[INFO] 
[INFO] --- maven-remote-resources-plugin:1.5:process (process-resource-bundles) @ rick-major ---
[INFO] 
[INFO] --- maven-resources-plugin:3.0.2:resources (default-resources) @ rick-major ---
[INFO] Using 'UTF-8' encoding to copy filtered resources.
[INFO] Copying 0 resource
[INFO] Copying 3 resources
[INFO] 
[INFO] --- maven-compiler-plugin:3.6.0:compile (default-compile) @ rick-major ---
[INFO] Nothing to compile - all classes are up to date
[INFO] 
[INFO] --- maven-resources-plugin:3.0.2:testResources (default-testResources) @ rick-major ---
[INFO] Using 'UTF-8' encoding to copy filtered resources.
[INFO] Copying 72 resources
[INFO] Copying 3 resources
[INFO] 
[INFO] --- maven-compiler-plugin:3.6.0:testCompile (default-testCompile) @ rick-major ---
[INFO] Changes detected - recompiling the module!
[INFO] Compiling 38 source files to /home/dee/dev/rick-major-review/pdfbox/rick-major/target/test-classes
[INFO] 
[INFO] --- maven-surefire-plugin:2.22.2:test (default-test) @ rick-major ---
[INFO] 
[INFO] -------------------------------------------------------
[INFO]  T E S T S
[INFO] -------------------------------------------------------
[INFO] Running org.apache.pdfbox.pdmodel.graphics.form.TestPDFormXObjectRickGen
[INFO] Tests run: 2, Failures: 0, Errors: 0, Skipped: 0, Time elapsed: 10.049 s - in org.apache.pdfbox.pdmodel.graphics.form.TestPDFormXObjectRickGen
[INFO] 
[INFO] Results:
[INFO] 
[INFO] Tests run: 2, Failures: 0, Errors: 0, Skipped: 0
[INFO] 
[INFO] 
[INFO] --- animal-sniffer-maven-plugin:1.17:check (check-java-version) @ rick-major ---
[INFO] Checking unresolved references to org.codehaus.mojo.signature:java16:1.0
[INFO] ------------------------------------------------------------------------
[INFO] BUILD SUCCESS
[INFO] ------------------------------------------------------------------------
[INFO] Total time:  24.818 s
[INFO] Finished at: 2023-06-11T07:01:55+02:00
[INFO] ------------------------------------------------------------------------

Security framework of XStream not initialized, XStream is probably vulnerable.

---------------------------------------------------
[LOG] Cleaned targets with ['mvn', 'clean']
[INFO] Scanning for projects...
[INFO] 
[INFO] --------------------< org.apache.pdfbox:rick-major >--------------------
[INFO] Building rick-major 2.0.24
[INFO] --------------------------------[ jar ]---------------------------------
[INFO] 
[INFO] --- maven-clean-plugin:3.0.0:clean (default-clean) @ rick-major ---
[INFO] Deleting /home/dee/dev/rick-major-review/pdfbox/rick-major/target
[INFO] ------------------------------------------------------------------------
[INFO] BUILD SUCCESS
[INFO] ------------------------------------------------------------------------
[INFO] Total time:  1.317 s
[INFO] Finished at: 2023-06-11T07:02:00+02:00
[INFO] ------------------------------------------------------------------------


---------------------------------------------------
[LOG] In experiment directory /home/dee/dev/rick-experiments/mutation-analysis
---------------------------------------------------
---------------------------------------------------
[LOG] Resetting PDFormXObject.java to original
[LOG] Invoking cp ./PDFormXObject.java/original.java /home/dee/dev/rick-major-review/pdfbox/pdfbox/src/main/java/org/apache/pdfbox/pdmodel/graphics/form/PDFormXObject.java
---------------------------------------------------
[LOG] Replacing originalPDFormXObject.java with ./PDFormXObject.java/43.java
[LOG] Invoking cp ./PDFormXObject.java/43.java /home/dee/dev/rick-major-review/pdfbox/pdfbox/src/main/java/org/apache/pdfbox/pdmodel/graphics/form/PDFormXObject.java
[LOG] Invoked a clean install of the parent module with ['mvn', 'clean', 'install', '-DskipTests']
[INFO] Scanning for projects...
[INFO] 
[INFO] ----------------------< org.apache.pdfbox:pdfbox >----------------------
[INFO] Building Apache PDFBox 2.0.24
[INFO] -------------------------------[ bundle ]-------------------------------
[INFO] 
[INFO] --- maven-clean-plugin:3.0.0:clean (default-clean) @ pdfbox ---
[INFO] Deleting /home/dee/dev/rick-major-review/pdfbox/pdfbox/target
[INFO] 
[INFO] --- maven-enforcer-plugin:1.4.1:enforce (default) @ pdfbox ---
[INFO] 
[INFO] --- maven-enforcer-plugin:1.4.1:enforce (enforce-maven-version) @ pdfbox ---
[INFO] 
[INFO] --- maven-remote-resources-plugin:1.5:process (process-resource-bundles) @ pdfbox ---
[INFO] 
[INFO] --- maven-resources-plugin:3.0.2:resources (default-resources) @ pdfbox ---
[INFO] Using 'UTF-8' encoding to copy filtered resources.
[INFO] Copying 1 resource
[INFO] Copying 21 resources
[INFO] Copying 3 resources
[INFO] 
[INFO] --- maven-compiler-plugin:3.6.0:compile (default-compile) @ pdfbox ---
[INFO] Changes detected - recompiling the module!
[INFO] Compiling 609 source files to /home/dee/dev/rick-major-review/pdfbox/pdfbox/target/classes
[WARNING] To suppress warnings about obsolete options, use -Xlint:-options.
/home/dee/dev/rick-major-review/pdfbox/pdfbox/src/main/java/org/apache/pdfbox/pdmodel/PDDocument.java:[471,96] [deprecation] toList() in COSArrayList has been deprecated
[WARNING] /home/dee/dev/rick-major-review/pdfbox/pdfbox/src/main/java/org/apache/pdfbox/pdmodel/PDDocument.java:[471,45] [deprecation] toList() in COSArrayList has been deprecated
[WARNING] /home/dee/dev/rick-major-review/pdfbox/pdfbox/src/main/java/org/apache/pdfbox/pdmodel/font/PDType3Font.java:[196,17] [deprecation] getHeight(int) in PDFontLike has been deprecated
[WARNING] /home/dee/dev/rick-major-review/pdfbox/pdfbox/src/main/java/org/apache/pdfbox/text/LegacyPDFStreamEngine.java:[152,19] [deprecation] showGlyph(Matrix,PDFont,int,String,Vector) in PDFStreamEngine has been deprecated
[WARNING] /home/dee/dev/rick-major-review/pdfbox/pdfbox/src/main/java/org/apache/pdfbox/pdmodel/font/PDTrueTypeFont.java:[375,17] [deprecation] getHeight(int) in PDFontLike has been deprecated
[WARNING] /home/dee/dev/rick-major-review/pdfbox/pdfbox/src/main/java/org/apache/pdfbox/pdmodel/font/PDType0Font.java:[414,17] [deprecation] getHeight(int) in PDFontLike has been deprecated
[WARNING] /home/dee/dev/rick-major-review/pdfbox/pdfbox/src/main/java/org/apache/pdfbox/pdmodel/font/PDType0Font.java:[416,29] [deprecation] getHeight(int) in PDFontLike has been deprecated
[WARNING] /home/dee/dev/rick-major-review/pdfbox/pdfbox/src/main/java/org/apache/pdfbox/pdmodel/font/TrueTypeEmbedder.java:[120,18] [deprecation] getUnicodeCmap() in TrueTypeFont has been deprecated
[WARNING] /home/dee/dev/rick-major-review/pdfbox/pdfbox/src/main/java/org/apache/pdfbox/pdmodel/font/PDType1Font.java:[395,17] [deprecation] getHeight(int) in PDFontLike has been deprecated
[WARNING] /home/dee/dev/rick-major-review/pdfbox/pdfbox/src/main/java/org/apache/pdfbox/cos/UnmodifiableCOSDictionary.java:[286,16] [deprecation] mergeInto(COSDictionary) in COSDictionary has been deprecated
[WARNING] /home/dee/dev/rick-major-review/pdfbox/pdfbox/src/main/java/org/apache/pdfbox/pdmodel/font/PDCIDFontType0.java:[439,17] [deprecation] getHeight(int) in PDFontLike has been deprecated
[WARNING] /home/dee/dev/rick-major-review/pdfbox/pdfbox/src/main/java/org/apache/pdfbox/pdmodel/font/PDType1CFont.java:[304,17] [deprecation] getHeight(int) in PDFontLike has been deprecated
[WARNING] /home/dee/dev/rick-major-review/pdfbox/pdfbox/src/main/java/org/apache/pdfbox/pdmodel/font/PDCIDFontType2.java:[312,17] [deprecation] getHeight(int) in PDFontLike has been deprecated
[INFO] 
[INFO] --- download-maven-plugin:1.5.1:wget (PDFBOX-1031-1) @ pdfbox ---
[INFO] maven-download-plugin:wget skipped
[INFO] 
[INFO] --- download-maven-plugin:1.5.1:wget (PDFBOX-1031-2) @ pdfbox ---
[INFO] maven-download-plugin:wget skipped
[INFO] 
[INFO] --- download-maven-plugin:1.5.1:wget (PDFBOX-1065-1) @ pdfbox ---
[INFO] maven-download-plugin:wget skipped
[INFO] 
[INFO] --- download-maven-plugin:1.5.1:wget (PDFBOX-1065-2) @ pdfbox ---
[INFO] maven-download-plugin:wget skipped
[INFO] 
[INFO] --- download-maven-plugin:1.5.1:wget (PDFBOX-1100-1) @ pdfbox ---
[INFO] maven-download-plugin:wget skipped
[INFO] 
[INFO] --- download-maven-plugin:1.5.1:wget (PDFBOX-1100-2) @ pdfbox ---
[INFO] maven-download-plugin:wget skipped
[INFO] 
[INFO] --- download-maven-plugin:1.5.1:wget (PDFBOX-3208) @ pdfbox ---
[INFO] maven-download-plugin:wget skipped
[INFO] 
[INFO] --- download-maven-plugin:1.5.1:wget (PDFBOX-3656) @ pdfbox ---
[INFO] maven-download-plugin:wget skipped
[INFO] 
[INFO] --- download-maven-plugin:1.5.1:wget (PDFBOX-3682) @ pdfbox ---
[INFO] maven-download-plugin:wget skipped
[INFO] 
[INFO] --- download-maven-plugin:1.5.1:wget (PDFBOX-3940) @ pdfbox ---
[INFO] maven-download-plugin:wget skipped
[INFO] 
[INFO] --- download-maven-plugin:1.5.1:wget (PDFBOX-3783) @ pdfbox ---
[INFO] maven-download-plugin:wget skipped
[INFO] 
[INFO] --- download-maven-plugin:1.5.1:wget (PDFBOX-3785) @ pdfbox ---
[INFO] maven-download-plugin:wget skipped
[INFO] 
[INFO] --- download-maven-plugin:1.5.1:wget (PDFBOX-3947) @ pdfbox ---
[INFO] maven-download-plugin:wget skipped
[INFO] 
[INFO] --- download-maven-plugin:1.5.1:wget (PDFBOX-3948) @ pdfbox ---
[INFO] maven-download-plugin:wget skipped
[INFO] 
[INFO] --- download-maven-plugin:1.5.1:wget (PDFBOX-3949) @ pdfbox ---
[INFO] maven-download-plugin:wget skipped
[INFO] 
[INFO] --- download-maven-plugin:1.5.1:wget (PDFBOX-3950) @ pdfbox ---
[INFO] maven-download-plugin:wget skipped
[INFO] 
[INFO] --- download-maven-plugin:1.5.1:wget (PDFBOX-3951) @ pdfbox ---
[INFO] maven-download-plugin:wget skipped
[INFO] 
[INFO] --- download-maven-plugin:1.5.1:wget (PDFBOX-3964) @ pdfbox ---
[INFO] maven-download-plugin:wget skipped
[INFO] 
[INFO] --- download-maven-plugin:1.5.1:wget (PDFBOX-3977) @ pdfbox ---
[INFO] maven-download-plugin:wget skipped
[INFO] 
[INFO] --- download-maven-plugin:1.5.1:wget (Genko) @ pdfbox ---
[INFO] maven-download-plugin:wget skipped
[INFO] 
[INFO] --- download-maven-plugin:1.5.1:wget (PDFBOX-3999) @ pdfbox ---
[INFO] maven-download-plugin:wget skipped
[INFO] 
[INFO] --- download-maven-plugin:1.5.1:wget (PDFBOX-4106) @ pdfbox ---
[INFO] maven-download-plugin:wget skipped
[INFO] 
[INFO] --- download-maven-plugin:1.5.1:wget (PDFBOX-4106b) @ pdfbox ---
[INFO] maven-download-plugin:wget skipped
[INFO] 
[INFO] --- download-maven-plugin:1.5.1:wget (PDFBOX-4115) @ pdfbox ---
[INFO] maven-download-plugin:wget skipped
[INFO] 
[INFO] --- download-maven-plugin:1.5.1:wget (PDFBOX-4197) @ pdfbox ---
[INFO] maven-download-plugin:wget skipped
[INFO] 
[INFO] --- download-maven-plugin:1.5.1:wget (PDFBOX-4184) @ pdfbox ---
[INFO] maven-download-plugin:wget skipped
[INFO] 
[INFO] --- download-maven-plugin:1.5.1:wget (PDFBOX-4184-2) @ pdfbox ---
[INFO] maven-download-plugin:wget skipped
[INFO] 
[INFO] --- download-maven-plugin:1.5.1:wget (PDFBOX-4308) @ pdfbox ---
[INFO] maven-download-plugin:wget skipped
[INFO] 
[INFO] --- download-maven-plugin:1.5.1:wget (PDFBOX-4338) @ pdfbox ---
[INFO] maven-download-plugin:wget skipped
[INFO] 
[INFO] --- download-maven-plugin:1.5.1:wget (PDFBOX-4339) @ pdfbox ---
[INFO] maven-download-plugin:wget skipped
[INFO] 
[INFO] --- download-maven-plugin:1.5.1:wget (PDFBOX-4408) @ pdfbox ---
[INFO] maven-download-plugin:wget skipped
[INFO] 
[INFO] --- download-maven-plugin:1.5.1:wget (PDFBOX-4418-1) @ pdfbox ---
[INFO] maven-download-plugin:wget skipped
[INFO] 
[INFO] --- download-maven-plugin:1.5.1:wget (PDFBOX-4418-2) @ pdfbox ---
[INFO] maven-download-plugin:wget skipped
[INFO] 
[INFO] --- download-maven-plugin:1.5.1:wget (PDFBOX-4423) @ pdfbox ---
[INFO] maven-download-plugin:wget skipped
[INFO] 
[INFO] --- download-maven-plugin:1.5.1:wget (PDFBOX-4517) @ pdfbox ---
[INFO] maven-download-plugin:wget skipped
[INFO] 
[INFO] --- download-maven-plugin:1.5.1:wget (PDFBOX-4750) @ pdfbox ---
[INFO] maven-download-plugin:wget skipped
[INFO] 
[INFO] --- download-maven-plugin:1.5.1:wget (PDFBOX-4153) @ pdfbox ---
[INFO] maven-download-plugin:wget skipped
[INFO] 
[INFO] --- download-maven-plugin:1.5.1:wget (PDFBOX-4490) @ pdfbox ---
[INFO] maven-download-plugin:wget skipped
[INFO] 
[INFO] --- download-maven-plugin:1.5.1:wget (PDFBOX-5196) @ pdfbox ---
[INFO] maven-download-plugin:wget skipped
[INFO] 
[INFO] --- maven-resources-plugin:3.0.2:testResources (default-testResources) @ pdfbox ---
[INFO] Using 'UTF-8' encoding to copy filtered resources.
[INFO] Copying 229 resources
[INFO] Copying 3 resources
[INFO] 
[INFO] --- maven-compiler-plugin:3.6.0:testCompile (default-testCompile) @ pdfbox ---
[INFO] Changes detected - recompiling the module!
[INFO] Compiling 115 source files to /home/dee/dev/rick-major-review/pdfbox/pdfbox/target/test-classes
[WARNING] To suppress warnings about obsolete options, use -Xlint:-options.
/home/dee/dev/rick-major-review/pdfbox/pdfbox/src/test/java/org/apache/pdfbox/pdmodel/common/COSArrayListTest.java:[27,22] [deprecation] Assert in junit.framework has been deprecated
[WARNING] /home/dee/dev/rick-major-review/pdfbox/pdfbox/src/test/java/org/apache/pdfbox/pdmodel/interactive/form/PDButtonTest.java:[109,19] [deprecation] setPushButton(boolean) in PDButton has been deprecated
[WARNING] /home/dee/dev/rick-major-review/pdfbox/pdfbox/src/test/java/org/apache/pdfbox/pdmodel/interactive/form/PDButtonTest.java:[125,19] [deprecation] setRadioButton(boolean) in PDButton has been deprecated
[WARNING] /home/dee/dev/rick-major-review/pdfbox/pdfbox/src/test/java/org/apache/pdfbox/io/UnmodifiableCOSDictionaryTest.java:[66,37] [deprecation] mergeInto(COSDictionary) in COSDictionary has been deprecated
[WARNING] /home/dee/dev/rick-major-review/pdfbox/pdfbox/src/test/java/org/apache/pdfbox/pdmodel/TestPDPageContentStream.java:[98,21] [deprecation] setNonStrokingColor(int,int,int) in PDPageContentStream has been deprecated
[WARNING] /home/dee/dev/rick-major-review/pdfbox/pdfbox/src/test/java/org/apache/pdfbox/pdmodel/TestPDPageContentStream.java:[100,21] [deprecation] setNonStrokingColor(int) in PDPageContentStream has been deprecated
[WARNING] /home/dee/dev/rick-major-review/pdfbox/pdfbox/src/test/java/org/apache/pdfbox/pdmodel/TestPDPageContentStream.java:[128,21] [deprecation] setStrokingColor(int,int,int) in PDPageContentStream has been deprecated
[WARNING] /home/dee/dev/rick-major-review/pdfbox/pdfbox/src/test/java/org/apache/pdfbox/pdmodel/TestPDPageContentStream.java:[130,21] [deprecation] setStrokingColor(int) in PDPageContentStream has been deprecated
[WARNING] /home/dee/dev/rick-major-review/pdfbox/pdfbox/src/test/java/org/apache/pdfbox/pdmodel/font/PDFontTest.java:[288,36] [deprecation] getHeight(int) in PDFontLike has been deprecated
[WARNING] /home/dee/dev/rick-major-review/pdfbox/pdfbox/src/test/java/org/apache/pdfbox/pdmodel/PageModeTest.java:[27,55] [deprecation] none() in ExpectedException has been deprecated
[WARNING] /home/dee/dev/rick-major-review/pdfbox/pdfbox/src/test/java/org/apache/pdfbox/cos/TestCOSInteger.java:[106,54] [deprecation] doubleValue() in COSInteger has been deprecated
[WARNING] /home/dee/dev/rick-major-review/pdfbox/pdfbox/src/test/java/org/apache/pdfbox/pdmodel/graphics/state/RenderingIntentTest.java:[27,55] [deprecation] none() in ExpectedException has been deprecated
[WARNING] /home/dee/dev/rick-major-review/pdfbox/pdfbox/src/test/java/org/apache/pdfbox/cos/TestCOSFloat.java:[187,78] [deprecation] doubleValue() in COSFloat has been deprecated
[WARNING] /home/dee/dev/rick-major-review/pdfbox/pdfbox/src/test/java/org/apache/pdfbox/pdmodel/common/COSArrayListTest.java:[46,55] [deprecation] none() in ExpectedException has been deprecated
[WARNING] /home/dee/dev/rick-major-review/pdfbox/pdfbox/src/test/java/org/apache/pdfbox/pdmodel/PageLayoutTest.java:[52,55] [deprecation] none() in ExpectedException has been deprecated
[WARNING] /home/dee/dev/rick-major-review/pdfbox/pdfbox/src/test/java/org/apache/pdfbox/pdfwriter/COSWriterXRefEntryTest.java:[27,55] [deprecation] none() in ExpectedException has been deprecated
[WARNING] /home/dee/dev/rick-major-review/pdfbox/pdfbox/src/test/java/org/apache/pdfbox/util/MatrixTest.java:[180,26] [deprecation] multiply(Matrix,Matrix) in Matrix has been deprecated
[WARNING] /home/dee/dev/rick-major-review/pdfbox/pdfbox/src/test/java/org/apache/pdfbox/util/MatrixTest.java:[189,19] [deprecation] multiply(Matrix,Matrix) in Matrix has been deprecated
[WARNING] /home/dee/dev/rick-major-review/pdfbox/pdfbox/src/test/java/org/apache/pdfbox/util/MatrixTest.java:[199,19] [deprecation] multiply(Matrix,Matrix) in Matrix has been deprecated
[WARNING] /home/dee/dev/rick-major-review/pdfbox/pdfbox/src/test/java/org/apache/pdfbox/util/MatrixTest.java:[208,19] [deprecation] multiply(Matrix,Matrix) in Matrix has been deprecated
[WARNING] /home/dee/dev/rick-major-review/pdfbox/pdfbox/src/test/java/org/apache/pdfbox/util/MatrixTest.java:[218,9] [deprecation] multiply(Matrix,Matrix) in Matrix has been deprecated
[WARNING] /home/dee/dev/rick-major-review/pdfbox/pdfbox/src/test/java/org/apache/pdfbox/util/MatrixTest.java:[226,9] [deprecation] multiply(Matrix,Matrix) in Matrix has been deprecated
[WARNING] /home/dee/dev/rick-major-review/pdfbox/pdfbox/src/test/java/org/apache/pdfbox/util/MatrixTest.java:[234,9] [deprecation] multiply(Matrix,Matrix) in Matrix has been deprecated
[WARNING] /home/dee/dev/rick-major-review/pdfbox/pdfbox/src/test/java/org/apache/pdfbox/util/MatrixTest.java:[242,9] [deprecation] multiply(Matrix,Matrix) in Matrix has been deprecated
[WARNING] /home/dee/dev/rick-major-review/pdfbox/pdfbox/src/test/java/org/apache/pdfbox/cos/COSObjectKeyTest.java:[27,55] [deprecation] none() in ExpectedException has been deprecated
[INFO] 
[INFO] --- maven-surefire-plugin:2.22.2:test (default-test) @ pdfbox ---
[INFO] Tests are skipped.
[INFO] 
[INFO] --- animal-sniffer-maven-plugin:1.17:check (check-java-version) @ pdfbox ---
[INFO] Signature checking is skipped.
[INFO] 
[INFO] --- maven-bundle-plugin:3.5.1:bundle (default-bundle) @ pdfbox ---
[INFO] 
[INFO] --- maven-site-plugin:3.7:attach-descriptor (attach-descriptor) @ pdfbox ---
[INFO] Skipping because packaging 'bundle' is not pom.
[INFO] 
[INFO] >>> maven-source-plugin:3.0.1:jar (attach-sources) > generate-sources @ pdfbox >>>
[INFO] 
[INFO] --- maven-enforcer-plugin:1.4.1:enforce (default) @ pdfbox ---
[INFO] 
[INFO] --- maven-enforcer-plugin:1.4.1:enforce (enforce-maven-version) @ pdfbox ---
[INFO] 
[INFO] <<< maven-source-plugin:3.0.1:jar (attach-sources) < generate-sources @ pdfbox <<<
[INFO] 
[INFO] 
[INFO] --- maven-source-plugin:3.0.1:jar (attach-sources) @ pdfbox ---
[INFO] Building jar: /home/dee/dev/rick-major-review/pdfbox/pdfbox/target/pdfbox-2.0.24-sources.jar
[INFO] 
[INFO] --- maven-install-plugin:2.5.2:install (default-install) @ pdfbox ---
[INFO] Installing /home/dee/dev/rick-major-review/pdfbox/pdfbox/target/pdfbox-2.0.24.jar to /home/dee/.m2/repository/org/apache/pdfbox/pdfbox/2.0.24/pdfbox-2.0.24.jar
[INFO] Installing /home/dee/dev/rick-major-review/pdfbox/pdfbox/pom.xml to /home/dee/.m2/repository/org/apache/pdfbox/pdfbox/2.0.24/pdfbox-2.0.24.pom
[INFO] Installing /home/dee/dev/rick-major-review/pdfbox/pdfbox/target/pdfbox-2.0.24-sources.jar to /home/dee/.m2/repository/org/apache/pdfbox/pdfbox/2.0.24/pdfbox-2.0.24-sources.jar
[INFO] 
[INFO] --- maven-bundle-plugin:3.5.1:install (default-install) @ pdfbox ---
[INFO] Installing org/apache/pdfbox/pdfbox/2.0.24/pdfbox-2.0.24.jar
[INFO] Writing OBR metadata
[INFO] ------------------------------------------------------------------------
[INFO] BUILD SUCCESS
[INFO] ------------------------------------------------------------------------
[INFO] Total time:  45.392 s
[INFO] Finished at: 2023-06-11T07:02:49+02:00
[INFO] ------------------------------------------------------------------------


---------------------------------------------------
[BASELINE] Not evaluating any oracle
[LOG] Replacing original RICK test with variant baseline
[LOG] Invoking cp /home/dee/dev/rick-experiments/mutation-analysis/output/setMatrix_AffineTransform/test-baseline.java /home/dee/dev/rick-major-review/pdfbox/rick-major/src/test/java/org/apache/pdfbox/pdmodel/graphics/form/TestPDFormXObjectRickGen.java
[LOG] In test module directory /home/dee/dev/rick-major-review/pdfbox/rick-major
[LOG] Invoked tests with ['mvn', 'test', '-Dtest=TestPDFormXObjectRickGen']
[INFO] Scanning for projects...
[INFO] 
[INFO] --------------------< org.apache.pdfbox:rick-major >--------------------
[INFO] Building rick-major 2.0.24
[INFO] --------------------------------[ jar ]---------------------------------
[INFO] 
[INFO] --- maven-enforcer-plugin:1.4.1:enforce (default) @ rick-major ---
[INFO] 
[INFO] --- maven-enforcer-plugin:1.4.1:enforce (enforce-maven-version) @ rick-major ---
[INFO] 
[INFO] --- maven-remote-resources-plugin:1.5:process (process-resource-bundles) @ rick-major ---
[INFO] 
[INFO] --- maven-resources-plugin:3.0.2:resources (default-resources) @ rick-major ---
[INFO] Using 'UTF-8' encoding to copy filtered resources.
[INFO] Copying 0 resource
[INFO] Copying 3 resources
[INFO] 
[INFO] --- maven-compiler-plugin:3.6.0:compile (default-compile) @ rick-major ---
[INFO] Nothing to compile - all classes are up to date
[INFO] 
[INFO] --- maven-resources-plugin:3.0.2:testResources (default-testResources) @ rick-major ---
[INFO] Using 'UTF-8' encoding to copy filtered resources.
[INFO] Copying 72 resources
[INFO] Copying 3 resources
[INFO] 
[INFO] --- maven-compiler-plugin:3.6.0:testCompile (default-testCompile) @ rick-major ---
[INFO] Changes detected - recompiling the module!
[INFO] Compiling 38 source files to /home/dee/dev/rick-major-review/pdfbox/rick-major/target/test-classes
[INFO] 
[INFO] --- maven-surefire-plugin:2.22.2:test (default-test) @ rick-major ---
[INFO] 
[INFO] -------------------------------------------------------
[INFO]  T E S T S
[INFO] -------------------------------------------------------
[INFO] Running org.apache.pdfbox.pdmodel.graphics.form.TestPDFormXObjectRickGen
[ERROR] Tests run: 2, Failures: 0, Errors: 2, Skipped: 0, Time elapsed: 10.642 s <<< FAILURE! - in org.apache.pdfbox.pdmodel.graphics.form.TestPDFormXObjectRickGen
[ERROR] test_setMatrix_CO_5cf162cf3fb140d784d0bfaaf3c2159c  Time elapsed: 6.247 s  <<< ERROR!
java.lang.NullPointerException
	at org.apache.pdfbox.pdmodel.graphics.form.TestPDFormXObjectRickGen.test_setMatrix_CO_5cf162cf3fb140d784d0bfaaf3c2159c(TestPDFormXObjectRickGen.java:60)

[ERROR] test_setMatrix_PO_5cf162cf3fb140d784d0bfaaf3c2159c  Time elapsed: 3.633 s  <<< ERROR!
java.lang.NullPointerException
	at org.apache.pdfbox.pdmodel.graphics.form.TestPDFormXObjectRickGen.test_setMatrix_PO_5cf162cf3fb140d784d0bfaaf3c2159c(TestPDFormXObjectRickGen.java:48)

[INFO] 
[INFO] Results:
[INFO] 
[ERROR] Errors: 
[ERROR]   TestPDFormXObjectRickGen.test_setMatrix_CO_5cf162cf3fb140d784d0bfaaf3c2159c:60 » NullPointer
[ERROR]   TestPDFormXObjectRickGen.test_setMatrix_PO_5cf162cf3fb140d784d0bfaaf3c2159c:48 » NullPointer
[INFO] 
[ERROR] Tests run: 2, Failures: 0, Errors: 2, Skipped: 0
[INFO] 
[INFO] ------------------------------------------------------------------------
[INFO] BUILD FAILURE
[INFO] ------------------------------------------------------------------------
[INFO] Total time:  24.442 s
[INFO] Finished at: 2023-06-11T07:03:18+02:00
[INFO] ------------------------------------------------------------------------
[ERROR] Failed to execute goal org.apache.maven.plugins:maven-surefire-plugin:2.22.2:test (default-test) on project rick-major: There are test failures.
[ERROR] 
[ERROR] Please refer to /home/dee/dev/rick-major-review/pdfbox/rick-major/target/surefire-reports for the individual test results.
[ERROR] Please refer to dump files (if any exist) [date].dump, [date]-jvmRun[N].dump and [date].dumpstream.
[ERROR] -> [Help 1]
[ERROR] 
[ERROR] To see the full stack trace of the errors, re-run Maven with the -e switch.
[ERROR] Re-run Maven using the -X switch to enable full debug logging.
[ERROR] 
[ERROR] For more information about the errors and possible solutions, please read the following articles:
[ERROR] [Help 1] http://cwiki.apache.org/confluence/display/MAVEN/MojoFailureException

Security framework of XStream not initialized, XStream is probably vulnerable.

---------------------------------------------------
[LOG] Cleaned targets with ['mvn', 'clean']
[INFO] Scanning for projects...
[INFO] 
[INFO] --------------------< org.apache.pdfbox:rick-major >--------------------
[INFO] Building rick-major 2.0.24
[INFO] --------------------------------[ jar ]---------------------------------
[INFO] 
[INFO] --- maven-clean-plugin:3.0.0:clean (default-clean) @ rick-major ---
[INFO] Deleting /home/dee/dev/rick-major-review/pdfbox/rick-major/target
[INFO] ------------------------------------------------------------------------
[INFO] BUILD SUCCESS
[INFO] ------------------------------------------------------------------------
[INFO] Total time:  1.320 s
[INFO] Finished at: 2023-06-11T07:03:22+02:00
[INFO] ------------------------------------------------------------------------


---------------------------------------------------
[LOG] In experiment directory /home/dee/dev/rick-experiments/mutation-analysis
---------------------------------------------------
[LOG] Restoring original RICK test from ./PDFormXObject.java/original-test.java
[LOG] Invoking cp ./PDFormXObject.java/original-test.java /home/dee/dev/rick-major-review/pdfbox/rick-major/src/test/java/org/apache/pdfbox/pdmodel/graphics/form/TestPDFormXObjectRickGen.java
---------------------------------------------------
[PO] Evaluating only PO
[LOG] Replacing original RICK test with variant po
[LOG] Invoking cp /home/dee/dev/rick-experiments/mutation-analysis/output/setMatrix_AffineTransform/test-po.java /home/dee/dev/rick-major-review/pdfbox/rick-major/src/test/java/org/apache/pdfbox/pdmodel/graphics/form/TestPDFormXObjectRickGen.java
[LOG] In test module directory /home/dee/dev/rick-major-review/pdfbox/rick-major
[LOG] Invoked tests with ['mvn', 'test', '-Dtest=TestPDFormXObjectRickGen']
[INFO] Scanning for projects...
[INFO] 
[INFO] --------------------< org.apache.pdfbox:rick-major >--------------------
[INFO] Building rick-major 2.0.24
[INFO] --------------------------------[ jar ]---------------------------------
[INFO] 
[INFO] --- maven-enforcer-plugin:1.4.1:enforce (default) @ rick-major ---
[INFO] 
[INFO] --- maven-enforcer-plugin:1.4.1:enforce (enforce-maven-version) @ rick-major ---
[INFO] 
[INFO] --- maven-remote-resources-plugin:1.5:process (process-resource-bundles) @ rick-major ---
[INFO] 
[INFO] --- maven-resources-plugin:3.0.2:resources (default-resources) @ rick-major ---
[INFO] Using 'UTF-8' encoding to copy filtered resources.
[INFO] Copying 0 resource
[INFO] Copying 3 resources
[INFO] 
[INFO] --- maven-compiler-plugin:3.6.0:compile (default-compile) @ rick-major ---
[INFO] Nothing to compile - all classes are up to date
[INFO] 
[INFO] --- maven-resources-plugin:3.0.2:testResources (default-testResources) @ rick-major ---
[INFO] Using 'UTF-8' encoding to copy filtered resources.
[INFO] Copying 72 resources
[INFO] Copying 3 resources
[INFO] 
[INFO] --- maven-compiler-plugin:3.6.0:testCompile (default-testCompile) @ rick-major ---
[INFO] Changes detected - recompiling the module!
[INFO] Compiling 38 source files to /home/dee/dev/rick-major-review/pdfbox/rick-major/target/test-classes
[INFO] 
[INFO] --- maven-surefire-plugin:2.22.2:test (default-test) @ rick-major ---
[INFO] 
[INFO] -------------------------------------------------------
[INFO]  T E S T S
[INFO] -------------------------------------------------------
[INFO] Running org.apache.pdfbox.pdmodel.graphics.form.TestPDFormXObjectRickGen
[ERROR] Tests run: 2, Failures: 0, Errors: 2, Skipped: 0, Time elapsed: 10.652 s <<< FAILURE! - in org.apache.pdfbox.pdmodel.graphics.form.TestPDFormXObjectRickGen
[ERROR] test_setMatrix_CO_5cf162cf3fb140d784d0bfaaf3c2159c  Time elapsed: 6.297 s  <<< ERROR!
java.lang.NullPointerException
	at org.apache.pdfbox.pdmodel.graphics.form.TestPDFormXObjectRickGen.test_setMatrix_CO_5cf162cf3fb140d784d0bfaaf3c2159c(TestPDFormXObjectRickGen.java:60)

[ERROR] test_setMatrix_PO_5cf162cf3fb140d784d0bfaaf3c2159c  Time elapsed: 3.585 s  <<< ERROR!
java.lang.NullPointerException
	at org.apache.pdfbox.pdmodel.graphics.form.TestPDFormXObjectRickGen.test_setMatrix_PO_5cf162cf3fb140d784d0bfaaf3c2159c(TestPDFormXObjectRickGen.java:48)

[INFO] 
[INFO] Results:
[INFO] 
[ERROR] Errors: 
[ERROR]   TestPDFormXObjectRickGen.test_setMatrix_CO_5cf162cf3fb140d784d0bfaaf3c2159c:60 » NullPointer
[ERROR]   TestPDFormXObjectRickGen.test_setMatrix_PO_5cf162cf3fb140d784d0bfaaf3c2159c:48 » NullPointer
[INFO] 
[ERROR] Tests run: 2, Failures: 0, Errors: 2, Skipped: 0
[INFO] 
[INFO] ------------------------------------------------------------------------
[INFO] BUILD FAILURE
[INFO] ------------------------------------------------------------------------
[INFO] Total time:  23.293 s
[INFO] Finished at: 2023-06-11T07:03:49+02:00
[INFO] ------------------------------------------------------------------------
[ERROR] Failed to execute goal org.apache.maven.plugins:maven-surefire-plugin:2.22.2:test (default-test) on project rick-major: There are test failures.
[ERROR] 
[ERROR] Please refer to /home/dee/dev/rick-major-review/pdfbox/rick-major/target/surefire-reports for the individual test results.
[ERROR] Please refer to dump files (if any exist) [date].dump, [date]-jvmRun[N].dump and [date].dumpstream.
[ERROR] -> [Help 1]
[ERROR] 
[ERROR] To see the full stack trace of the errors, re-run Maven with the -e switch.
[ERROR] Re-run Maven using the -X switch to enable full debug logging.
[ERROR] 
[ERROR] For more information about the errors and possible solutions, please read the following articles:
[ERROR] [Help 1] http://cwiki.apache.org/confluence/display/MAVEN/MojoFailureException

Security framework of XStream not initialized, XStream is probably vulnerable.

---------------------------------------------------
[LOG] Cleaned targets with ['mvn', 'clean']
[INFO] Scanning for projects...
[INFO] 
[INFO] --------------------< org.apache.pdfbox:rick-major >--------------------
[INFO] Building rick-major 2.0.24
[INFO] --------------------------------[ jar ]---------------------------------
[INFO] 
[INFO] --- maven-clean-plugin:3.0.0:clean (default-clean) @ rick-major ---
[INFO] Deleting /home/dee/dev/rick-major-review/pdfbox/rick-major/target
[INFO] ------------------------------------------------------------------------
[INFO] BUILD SUCCESS
[INFO] ------------------------------------------------------------------------
[INFO] Total time:  1.385 s
[INFO] Finished at: 2023-06-11T07:03:54+02:00
[INFO] ------------------------------------------------------------------------


---------------------------------------------------
[LOG] In experiment directory /home/dee/dev/rick-experiments/mutation-analysis
---------------------------------------------------
[LOG] Restoring original RICK test from ./PDFormXObject.java/original-test.java
[LOG] Invoking cp ./PDFormXObject.java/original-test.java /home/dee/dev/rick-major-review/pdfbox/rick-major/src/test/java/org/apache/pdfbox/pdmodel/graphics/form/TestPDFormXObjectRickGen.java
---------------------------------------------------
[CO] Evaluating only CO
[LOG] Replacing original RICK test with variant co
[LOG] Invoking cp /home/dee/dev/rick-experiments/mutation-analysis/output/setMatrix_AffineTransform/test-co.java /home/dee/dev/rick-major-review/pdfbox/rick-major/src/test/java/org/apache/pdfbox/pdmodel/graphics/form/TestPDFormXObjectRickGen.java
[LOG] In test module directory /home/dee/dev/rick-major-review/pdfbox/rick-major
[LOG] Invoked tests with ['mvn', 'test', '-Dtest=TestPDFormXObjectRickGen']
[INFO] Scanning for projects...
[INFO] 
[INFO] --------------------< org.apache.pdfbox:rick-major >--------------------
[INFO] Building rick-major 2.0.24
[INFO] --------------------------------[ jar ]---------------------------------
[INFO] 
[INFO] --- maven-enforcer-plugin:1.4.1:enforce (default) @ rick-major ---
[INFO] 
[INFO] --- maven-enforcer-plugin:1.4.1:enforce (enforce-maven-version) @ rick-major ---
[INFO] 
[INFO] --- maven-remote-resources-plugin:1.5:process (process-resource-bundles) @ rick-major ---
[INFO] 
[INFO] --- maven-resources-plugin:3.0.2:resources (default-resources) @ rick-major ---
[INFO] Using 'UTF-8' encoding to copy filtered resources.
[INFO] Copying 0 resource
[INFO] Copying 3 resources
[INFO] 
[INFO] --- maven-compiler-plugin:3.6.0:compile (default-compile) @ rick-major ---
[INFO] Nothing to compile - all classes are up to date
[INFO] 
[INFO] --- maven-resources-plugin:3.0.2:testResources (default-testResources) @ rick-major ---
[INFO] Using 'UTF-8' encoding to copy filtered resources.
[INFO] Copying 72 resources
[INFO] Copying 3 resources
[INFO] 
[INFO] --- maven-compiler-plugin:3.6.0:testCompile (default-testCompile) @ rick-major ---
[INFO] Changes detected - recompiling the module!
[INFO] Compiling 38 source files to /home/dee/dev/rick-major-review/pdfbox/rick-major/target/test-classes
[INFO] 
[INFO] --- maven-surefire-plugin:2.22.2:test (default-test) @ rick-major ---
[INFO] 
[INFO] -------------------------------------------------------
[INFO]  T E S T S
[INFO] -------------------------------------------------------
[INFO] Running org.apache.pdfbox.pdmodel.graphics.form.TestPDFormXObjectRickGen
[ERROR] Tests run: 2, Failures: 0, Errors: 2, Skipped: 0, Time elapsed: 10.091 s <<< FAILURE! - in org.apache.pdfbox.pdmodel.graphics.form.TestPDFormXObjectRickGen
[ERROR] test_setMatrix_CO_5cf162cf3fb140d784d0bfaaf3c2159c  Time elapsed: 6.013 s  <<< ERROR!
java.lang.NullPointerException
	at org.apache.pdfbox.pdmodel.graphics.form.TestPDFormXObjectRickGen.test_setMatrix_CO_5cf162cf3fb140d784d0bfaaf3c2159c(TestPDFormXObjectRickGen.java:60)

[ERROR] test_setMatrix_PO_5cf162cf3fb140d784d0bfaaf3c2159c  Time elapsed: 3.355 s  <<< ERROR!
java.lang.NullPointerException
	at org.apache.pdfbox.pdmodel.graphics.form.TestPDFormXObjectRickGen.test_setMatrix_PO_5cf162cf3fb140d784d0bfaaf3c2159c(TestPDFormXObjectRickGen.java:48)

[INFO] 
[INFO] Results:
[INFO] 
[ERROR] Errors: 
[ERROR]   TestPDFormXObjectRickGen.test_setMatrix_CO_5cf162cf3fb140d784d0bfaaf3c2159c:60 » NullPointer
[ERROR]   TestPDFormXObjectRickGen.test_setMatrix_PO_5cf162cf3fb140d784d0bfaaf3c2159c:48 » NullPointer
[INFO] 
[ERROR] Tests run: 2, Failures: 0, Errors: 2, Skipped: 0
[INFO] 
[INFO] ------------------------------------------------------------------------
[INFO] BUILD FAILURE
[INFO] ------------------------------------------------------------------------
[INFO] Total time:  22.651 s
[INFO] Finished at: 2023-06-11T07:04:21+02:00
[INFO] ------------------------------------------------------------------------
[ERROR] Failed to execute goal org.apache.maven.plugins:maven-surefire-plugin:2.22.2:test (default-test) on project rick-major: There are test failures.
[ERROR] 
[ERROR] Please refer to /home/dee/dev/rick-major-review/pdfbox/rick-major/target/surefire-reports for the individual test results.
[ERROR] Please refer to dump files (if any exist) [date].dump, [date]-jvmRun[N].dump and [date].dumpstream.
[ERROR] -> [Help 1]
[ERROR] 
[ERROR] To see the full stack trace of the errors, re-run Maven with the -e switch.
[ERROR] Re-run Maven using the -X switch to enable full debug logging.
[ERROR] 
[ERROR] For more information about the errors and possible solutions, please read the following articles:
[ERROR] [Help 1] http://cwiki.apache.org/confluence/display/MAVEN/MojoFailureException

Security framework of XStream not initialized, XStream is probably vulnerable.

---------------------------------------------------
[LOG] Cleaned targets with ['mvn', 'clean']
[INFO] Scanning for projects...
[INFO] 
[INFO] --------------------< org.apache.pdfbox:rick-major >--------------------
[INFO] Building rick-major 2.0.24
[INFO] --------------------------------[ jar ]---------------------------------
[INFO] 
[INFO] --- maven-clean-plugin:3.0.0:clean (default-clean) @ rick-major ---
[INFO] Deleting /home/dee/dev/rick-major-review/pdfbox/rick-major/target
[INFO] ------------------------------------------------------------------------
[INFO] BUILD SUCCESS
[INFO] ------------------------------------------------------------------------
[INFO] Total time:  1.523 s
[INFO] Finished at: 2023-06-11T07:04:27+02:00
[INFO] ------------------------------------------------------------------------


---------------------------------------------------
[LOG] In experiment directory /home/dee/dev/rick-experiments/mutation-analysis
---------------------------------------------------
[LOG] Restoring original RICK test from ./PDFormXObject.java/original-test.java
[LOG] Invoking cp ./PDFormXObject.java/original-test.java /home/dee/dev/rick-major-review/pdfbox/rick-major/src/test/java/org/apache/pdfbox/pdmodel/graphics/form/TestPDFormXObjectRickGen.java
---------------------------------------------------
[ALL] Evaluating (OO +) PO + CO
[LOG] Restoring original RICK test from ./PDFormXObject.java/original-test.java
[LOG] Invoking cp ./PDFormXObject.java/original-test.java /home/dee/dev/rick-major-review/pdfbox/rick-major/src/test/java/org/apache/pdfbox/pdmodel/graphics/form/TestPDFormXObjectRickGen.java
[LOG] In test module directory /home/dee/dev/rick-major-review/pdfbox/rick-major
[LOG] Invoked tests with ['mvn', 'test', '-Dtest=TestPDFormXObjectRickGen']
[INFO] Scanning for projects...
[INFO] 
[INFO] --------------------< org.apache.pdfbox:rick-major >--------------------
[INFO] Building rick-major 2.0.24
[INFO] --------------------------------[ jar ]---------------------------------
[INFO] 
[INFO] --- maven-enforcer-plugin:1.4.1:enforce (default) @ rick-major ---
[INFO] 
[INFO] --- maven-enforcer-plugin:1.4.1:enforce (enforce-maven-version) @ rick-major ---
[INFO] 
[INFO] --- maven-remote-resources-plugin:1.5:process (process-resource-bundles) @ rick-major ---
[INFO] 
[INFO] --- maven-resources-plugin:3.0.2:resources (default-resources) @ rick-major ---
[INFO] Using 'UTF-8' encoding to copy filtered resources.
[INFO] Copying 0 resource
[INFO] Copying 3 resources
[INFO] 
[INFO] --- maven-compiler-plugin:3.6.0:compile (default-compile) @ rick-major ---
[INFO] Nothing to compile - all classes are up to date
[INFO] 
[INFO] --- maven-resources-plugin:3.0.2:testResources (default-testResources) @ rick-major ---
[INFO] Using 'UTF-8' encoding to copy filtered resources.
[INFO] Copying 72 resources
[INFO] Copying 3 resources
[INFO] 
[INFO] --- maven-compiler-plugin:3.6.0:testCompile (default-testCompile) @ rick-major ---
[INFO] Changes detected - recompiling the module!
[INFO] Compiling 38 source files to /home/dee/dev/rick-major-review/pdfbox/rick-major/target/test-classes
[INFO] 
[INFO] --- maven-surefire-plugin:2.22.2:test (default-test) @ rick-major ---
[INFO] 
[INFO] -------------------------------------------------------
[INFO]  T E S T S
[INFO] -------------------------------------------------------
[INFO] Running org.apache.pdfbox.pdmodel.graphics.form.TestPDFormXObjectRickGen
[ERROR] Tests run: 2, Failures: 0, Errors: 2, Skipped: 0, Time elapsed: 10.392 s <<< FAILURE! - in org.apache.pdfbox.pdmodel.graphics.form.TestPDFormXObjectRickGen
[ERROR] test_setMatrix_CO_5cf162cf3fb140d784d0bfaaf3c2159c  Time elapsed: 6.118 s  <<< ERROR!
java.lang.NullPointerException
	at org.apache.pdfbox.pdmodel.graphics.form.TestPDFormXObjectRickGen.test_setMatrix_CO_5cf162cf3fb140d784d0bfaaf3c2159c(TestPDFormXObjectRickGen.java:60)

[ERROR] test_setMatrix_PO_5cf162cf3fb140d784d0bfaaf3c2159c  Time elapsed: 3.462 s  <<< ERROR!
java.lang.NullPointerException
	at org.apache.pdfbox.pdmodel.graphics.form.TestPDFormXObjectRickGen.test_setMatrix_PO_5cf162cf3fb140d784d0bfaaf3c2159c(TestPDFormXObjectRickGen.java:48)

[INFO] 
[INFO] Results:
[INFO] 
[ERROR] Errors: 
[ERROR]   TestPDFormXObjectRickGen.test_setMatrix_CO_5cf162cf3fb140d784d0bfaaf3c2159c:60 » NullPointer
[ERROR]   TestPDFormXObjectRickGen.test_setMatrix_PO_5cf162cf3fb140d784d0bfaaf3c2159c:48 » NullPointer
[INFO] 
[ERROR] Tests run: 2, Failures: 0, Errors: 2, Skipped: 0
[INFO] 
[INFO] ------------------------------------------------------------------------
[INFO] BUILD FAILURE
[INFO] ------------------------------------------------------------------------
[INFO] Total time:  22.792 s
[INFO] Finished at: 2023-06-11T07:04:53+02:00
[INFO] ------------------------------------------------------------------------
[ERROR] Failed to execute goal org.apache.maven.plugins:maven-surefire-plugin:2.22.2:test (default-test) on project rick-major: There are test failures.
[ERROR] 
[ERROR] Please refer to /home/dee/dev/rick-major-review/pdfbox/rick-major/target/surefire-reports for the individual test results.
[ERROR] Please refer to dump files (if any exist) [date].dump, [date]-jvmRun[N].dump and [date].dumpstream.
[ERROR] -> [Help 1]
[ERROR] 
[ERROR] To see the full stack trace of the errors, re-run Maven with the -e switch.
[ERROR] Re-run Maven using the -X switch to enable full debug logging.
[ERROR] 
[ERROR] For more information about the errors and possible solutions, please read the following articles:
[ERROR] [Help 1] http://cwiki.apache.org/confluence/display/MAVEN/MojoFailureException

Security framework of XStream not initialized, XStream is probably vulnerable.

---------------------------------------------------
[LOG] Cleaned targets with ['mvn', 'clean']
[INFO] Scanning for projects...
[INFO] 
[INFO] --------------------< org.apache.pdfbox:rick-major >--------------------
[INFO] Building rick-major 2.0.24
[INFO] --------------------------------[ jar ]---------------------------------
[INFO] 
[INFO] --- maven-clean-plugin:3.0.0:clean (default-clean) @ rick-major ---
[INFO] Deleting /home/dee/dev/rick-major-review/pdfbox/rick-major/target
[INFO] ------------------------------------------------------------------------
[INFO] BUILD SUCCESS
[INFO] ------------------------------------------------------------------------
[INFO] Total time:  1.431 s
[INFO] Finished at: 2023-06-11T07:04:58+02:00
[INFO] ------------------------------------------------------------------------


---------------------------------------------------
[LOG] In experiment directory /home/dee/dev/rick-experiments/mutation-analysis
---------------------------------------------------
---------------------------------------------------
[LOG] Resetting PDFormXObject.java to original
[LOG] Invoking cp ./PDFormXObject.java/original.java /home/dee/dev/rick-major-review/pdfbox/pdfbox/src/main/java/org/apache/pdfbox/pdmodel/graphics/form/PDFormXObject.java
---------------------------------------------------
[LOG] Copying littledarwin mutants to /home/dee/dev/rick-experiments/mutation-analysis/output/setMatrix_AffineTransform/
[LOG] Invoked copying with ['cp', '-r', '/home/dee/dev/rick-experiments/mutation-analysis/PDFormXObject.java', '/home/dee/dev/rick-experiments/mutation-analysis/output/setMatrix_AffineTransform/']


---------------------------------------------------
[LOG] Finishing analysis at 2023-06-11 07:04:58.828444
====== END OF THE LINE ======
