[LOG] Initiating analysis at 2023-06-05 21:27:25.096821
---------------------------------------------------
[LOG] Removing pre-existing mutants from current working directory
[LOG] Cleaning up LittleDarwin results
---------------------------------------------------
[LOG] Working with EncodingManager_Builder_add_EncodedValue
[LOG] Generating mutants for its parent EncodingManager.java
---------------------------------------------------
[LOG] Running littledarwin on /home/dee/dev/rick-major-review/graphhopper/core/src/main/java/com/graphhopper/routing/util/
[LOG] Invoked LitteDarwin with ['python3', '-m', 'littledarwin', '-m', '-v', '-p', '/home/dee/dev/rick-major-review/graphhopper/core/src/main/java/com/graphhopper/routing/util/', '--all']

    __     _  __   __   __       ____                          _
   / /    (_)/ /_ / /_ / /___   / __ \ ____ _ _____ _      __ (_)____
  / /    / // __// __// // _ \ / / / // __ `// ___/| | /| / // // __ \
 / /___ / // /_ / /_ / //  __// /_/ // /_/ // /    | |/ |/ // // / / /
/_____//_/ \__/ \__//_/ \___//_____/ \__,_//_/     |__/|__//_//_/ /_/

      _                     _                 ___
     /_|  /|/|  _/__/'     /_|   _ /   _ ' _ (_  _ _ _  _      _ /
    (  | /   |(//(///()/) (  |/)(/((/_) /_)  /  / (///)(-((/()/ /(
                                  /


    LittleDarwin version 0.10.7 Copyright (C) 2014-2020 Ali Parsai

    LittleDarwin comes with ABSOLUTELY NO WARRANTY.
    This is free software, and you are welcome to redistribute it
    under certain conditions; run LittleDarwin --license for details.

    
Source Path:  /home/dee/dev/rick-major-review/graphhopper/core/src/main/java/com/graphhopper/routing/util
Target Path:  /home/dee/anaconda3/lib/python3.8/site-packages/littledarwin/LittleDarwinResults
Creating Mutation Database:  /home/dee/anaconda3/lib/python3.8/site-packages/littledarwin/LittleDarwinResults/mutationdatabase

(1/73) Source file:  /home/dee/dev/rick-major-review/graphhopper/core/src/main/java/com/graphhopper/routing/util/AbstractFlagEncoder.java
ANTLR runtime and generated code versions disagree: 4.13.0!=4.10.1
ANTLR runtime and generated code versions disagree: 4.13.0!=4.10.1
--> Mutations found:  118
----> RelationalOperatorReplacement : 9
----> ArithmeticOperatorReplacementBinary : 2
----> ConditionalOperatorDeletion : 6
----> NullifyInputVariable : 21
----> NullifyReturnValue : 14
----> NullifyObjectInitialization : 14
----> RemoveNullCheck : 2
----> ConditionalOperatorReplacement : 6
----> RemoveMethod : 44

(2/73) Source file:  /home/dee/dev/rick-major-review/graphhopper/core/src/main/java/com/graphhopper/routing/util/AccessFilter.java
ANTLR runtime and generated code versions disagree: 4.13.0!=4.10.1
ANTLR runtime and generated code versions disagree: 4.13.0!=4.10.1
--> Mutations found:  43
----> RelationalOperatorReplacement : 6
----> ArithmeticOperatorReplacementBinary : 6
----> NullifyInputVariable : 5
----> NullifyReturnValue : 5
----> NullifyObjectInitialization : 3
----> RemoveNullCheck : 1
----> ConditionalOperatorReplacement : 5
----> RemoveMethod : 12

(3/73) Source file:  /home/dee/dev/rick-major-review/graphhopper/core/src/main/java/com/graphhopper/routing/util/RacingBikeFlagEncoder.java
ANTLR runtime and generated code versions disagree: 4.13.0!=4.10.1
ANTLR runtime and generated code versions disagree: 4.13.0!=4.10.1
--> Mutations found:  24
----> RelationalOperatorReplacement : 1
----> ArithmeticOperatorReplacementBinary : 15
----> NullifyInputVariable : 2
----> NullifyReturnValue : 1
----> RemoveNullCheck : 1
----> ConditionalOperatorReplacement : 1
----> RemoveMethod : 3

(4/73) Source file:  /home/dee/dev/rick-major-review/graphhopper/core/src/main/java/com/graphhopper/routing/util/RoadsFlagEncoder.java
ANTLR runtime and generated code versions disagree: 4.13.0!=4.10.1
ANTLR runtime and generated code versions disagree: 4.13.0!=4.10.1
--> Mutations found:  16
----> NullifyInputVariable : 4
----> NullifyReturnValue : 5
----> NullifyObjectInitialization : 1
----> RemoveMethod : 6

(5/73) Source file:  /home/dee/dev/rick-major-review/graphhopper/core/src/main/java/com/graphhopper/routing/util/AllEdgesIterator.java
ANTLR runtime and generated code versions disagree: 4.13.0!=4.10.1
ANTLR runtime and generated code versions disagree: 4.13.0!=4.10.1
--> Mutations found:  0

(6/73) Source file:  /home/dee/dev/rick-major-review/graphhopper/core/src/main/java/com/graphhopper/routing/util/FiniteWeightFilter.java
ANTLR runtime and generated code versions disagree: 4.13.0!=4.10.1
ANTLR runtime and generated code versions disagree: 4.13.0!=4.10.1
--> Mutations found:  4
----> NullifyInputVariable : 1
----> ConditionalOperatorReplacement : 1
----> RemoveMethod : 2

(7/73) Source file:  /home/dee/dev/rick-major-review/graphhopper/core/src/main/java/com/graphhopper/routing/util/FootFlagEncoder.java
ANTLR runtime and generated code versions disagree: 4.13.0!=4.10.1
ANTLR runtime and generated code versions disagree: 4.13.0!=4.10.1
--> Mutations found:  81
----> RelationalOperatorReplacement : 8
----> ArithmeticOperatorReplacementBinary : 1
----> ConditionalOperatorDeletion : 7
----> NullifyInputVariable : 10
----> NullifyReturnValue : 16
----> NullifyObjectInitialization : 10
----> RemoveNullCheck : 5
----> ConditionalOperatorReplacement : 12
----> RemoveMethod : 12

(8/73) Source file:  /home/dee/dev/rick-major-review/graphhopper/core/src/main/java/com/graphhopper/routing/util/MountainBikeFlagEncoder.java
ANTLR runtime and generated code versions disagree: 4.13.0!=4.10.1
ANTLR runtime and generated code versions disagree: 4.13.0!=4.10.1
--> Mutations found:  15
----> RelationalOperatorReplacement : 1
----> ArithmeticOperatorReplacementBinary : 1
----> NullifyInputVariable : 3
----> NullifyReturnValue : 1
----> RemoveNullCheck : 1
----> ConditionalOperatorReplacement : 3
----> RemoveMethod : 5

(9/73) Source file:  /home/dee/dev/rick-major-review/graphhopper/core/src/main/java/com/graphhopper/routing/util/CarFlagEncoder.java
ANTLR runtime and generated code versions disagree: 4.13.0!=4.10.1
ANTLR runtime and generated code versions disagree: 4.13.0!=4.10.1
--> Mutations found:  99
----> RelationalOperatorReplacement : 6
----> ArithmeticOperatorReplacementBinary : 3
----> ConditionalOperatorDeletion : 13
----> NullifyInputVariable : 10
----> NullifyReturnValue : 15
----> NullifyObjectInitialization : 7
----> RemoveNullCheck : 4
----> ConditionalOperatorReplacement : 23
----> RemoveMethod : 18

(10/73) Source file:  /home/dee/dev/rick-major-review/graphhopper/core/src/main/java/com/graphhopper/routing/util/BikeFlagEncoder.java
ANTLR runtime and generated code versions disagree: 4.13.0!=4.10.1
ANTLR runtime and generated code versions disagree: 4.13.0!=4.10.1
--> Mutations found:  3
----> NullifyReturnValue : 1
----> RemoveMethod : 2

(11/73) Source file:  /home/dee/dev/rick-major-review/graphhopper/core/src/main/java/com/graphhopper/routing/util/NameSimilarityEdgeFilter.java
ANTLR runtime and generated code versions disagree: 4.13.0!=4.10.1
ANTLR runtime and generated code versions disagree: 4.13.0!=4.10.1
--> Mutations found:  53
----> RelationalOperatorReplacement : 10
----> ArithmeticOperatorReplacementShortcut : 1
----> ArithmeticOperatorReplacementBinary : 3
----> ConditionalOperatorDeletion : 2
----> NullifyInputVariable : 8
----> ArithmeticOperatorReplacementUnary : 2
----> NullifyReturnValue : 4
----> NullifyObjectInitialization : 4
----> RemoveNullCheck : 3
----> ConditionalOperatorReplacement : 3
----> RemoveMethod : 13

(12/73) Source file:  /home/dee/dev/rick-major-review/graphhopper/core/src/main/java/com/graphhopper/routing/util/TransportationMode.java
ANTLR runtime and generated code versions disagree: 4.13.0!=4.10.1
ANTLR runtime and generated code versions disagree: 4.13.0!=4.10.1
--> Mutations found:  2
----> RemoveMethod : 2

(13/73) Source file:  /home/dee/dev/rick-major-review/graphhopper/core/src/main/java/com/graphhopper/routing/util/DefaultFlagEncoderFactory.java
ANTLR runtime and generated code versions disagree: 4.13.0!=4.10.1
ANTLR runtime and generated code versions disagree: 4.13.0!=4.10.1
--> Mutations found:  26
----> NullifyInputVariable : 2
----> NullifyReturnValue : 11
----> NullifyObjectInitialization : 12
----> RemoveMethod : 1

(14/73) Source file:  /home/dee/dev/rick-major-review/graphhopper/core/src/main/java/com/graphhopper/routing/util/HeadingEdgeFilter.java
ANTLR runtime and generated code versions disagree: 4.13.0!=4.10.1
ANTLR runtime and generated code versions disagree: 4.13.0!=4.10.1
--> Mutations found:  28
----> RelationalOperatorReplacement : 7
----> ArithmeticOperatorReplacementShortcut : 1
----> ArithmeticOperatorReplacementBinary : 9
----> NullifyInputVariable : 3
----> ArithmeticOperatorReplacementUnary : 1
----> ConditionalOperatorReplacement : 3
----> RemoveMethod : 4

(15/73) Source file:  /home/dee/dev/rick-major-review/graphhopper/core/src/main/java/com/graphhopper/routing/util/Car4WDFlagEncoder.java
ANTLR runtime and generated code versions disagree: 4.13.0!=4.10.1
ANTLR runtime and generated code versions disagree: 4.13.0!=4.10.1
--> Mutations found:  3
----> NullifyReturnValue : 1
----> RemoveMethod : 2

(16/73) Source file:  /home/dee/dev/rick-major-review/graphhopper/core/src/main/java/com/graphhopper/routing/util/AreaIndex.java
ANTLR runtime and generated code versions disagree: 4.13.0!=4.10.1
ANTLR runtime and generated code versions disagree: 4.13.0!=4.10.1
--> Mutations found:  11
----> NullifyInputVariable : 1
----> NullifyReturnValue : 1
----> NullifyObjectInitialization : 6
----> RemoveMethod : 3

(17/73) Source file:  /home/dee/dev/rick-major-review/graphhopper/core/src/main/java/com/graphhopper/routing/util/EncodingManager.java
ANTLR runtime and generated code versions disagree: 4.13.0!=4.10.1
ANTLR runtime and generated code versions disagree: 4.13.0!=4.10.1
--> Mutations found:  327
----> RelationalOperatorReplacement : 24
----> ArithmeticOperatorReplacementShortcut : 3
----> ArithmeticOperatorReplacementBinary : 3
----> ConditionalOperatorDeletion : 29
----> NullifyInputVariable : 62
----> NullifyReturnValue : 37
----> NullifyObjectInitialization : 66
----> RemoveNullCheck : 6
----> ConditionalOperatorReplacement : 11
----> RemoveMethod : 86

(18/73) Source file:  /home/dee/dev/rick-major-review/graphhopper/core/src/main/java/com/graphhopper/routing/util/WheelchairFlagEncoder.java
ANTLR runtime and generated code versions disagree: 4.13.0!=4.10.1
ANTLR runtime and generated code versions disagree: 4.13.0!=4.10.1
--> Mutations found:  69
----> RelationalOperatorReplacement : 13
----> ArithmeticOperatorReplacementBinary : 9
----> ConditionalOperatorDeletion : 4
----> NullifyInputVariable : 7
----> ArithmeticOperatorReplacementUnary : 4
----> NullifyReturnValue : 11
----> AssignmentOperatorReplacementShortcut : 1
----> NullifyObjectInitialization : 4
----> ConditionalOperatorReplacement : 9
----> RemoveMethod : 7

(19/73) Source file:  /home/dee/dev/rick-major-review/graphhopper/core/src/main/java/com/graphhopper/routing/util/HikeFlagEncoder.java
ANTLR runtime and generated code versions disagree: 4.13.0!=4.10.1
ANTLR runtime and generated code versions disagree: 4.13.0!=4.10.1
--> Mutations found:  34
----> RelationalOperatorReplacement : 4
----> ArithmeticOperatorReplacementBinary : 8
----> ConditionalOperatorDeletion : 1
----> NullifyInputVariable : 5
----> NullifyReturnValue : 1
----> ConditionalOperatorReplacement : 9
----> RemoveMethod : 6

(20/73) Source file:  /home/dee/dev/rick-major-review/graphhopper/core/src/main/java/com/graphhopper/routing/util/DirectedEdgeFilter.java
ANTLR runtime and generated code versions disagree: 4.13.0!=4.10.1
ANTLR runtime and generated code versions disagree: 4.13.0!=4.10.1
--> Mutations found:  0

(21/73) Source file:  /home/dee/dev/rick-major-review/graphhopper/core/src/main/java/com/graphhopper/routing/util/FerrySpeedCalculator.java
ANTLR runtime and generated code versions disagree: 4.13.0!=4.10.1
ANTLR runtime and generated code versions disagree: 4.13.0!=4.10.1
--> Mutations found:  7
----> RelationalOperatorReplacement : 1
----> ArithmeticOperatorReplacementBinary : 1
----> ConditionalOperatorDeletion : 1
----> NullifyInputVariable : 1
----> NullifyObjectInitialization : 1
----> RemoveMethod : 2

(22/73) Source file:  /home/dee/dev/rick-major-review/graphhopper/core/src/main/java/com/graphhopper/routing/util/Bike2WeightFlagEncoder.java
ANTLR runtime and generated code versions disagree: 4.13.0!=4.10.1
ANTLR runtime and generated code versions disagree: 4.13.0!=4.10.1
--> Mutations found:  53
----> RelationalOperatorReplacement : 5
----> ArithmeticOperatorReplacementBinary : 34
----> ConditionalOperatorDeletion : 1
----> NullifyInputVariable : 2
----> ArithmeticOperatorReplacementUnary : 2
----> NullifyReturnValue : 1
----> NullifyObjectInitialization : 3
----> ConditionalOperatorReplacement : 2
----> RemoveMethod : 3

(23/73) Source file:  /home/dee/dev/rick-major-review/graphhopper/core/src/main/java/com/graphhopper/routing/util/CustomArea.java
ANTLR runtime and generated code versions disagree: 4.13.0!=4.10.1
ANTLR runtime and generated code versions disagree: 4.13.0!=4.10.1
--> Mutations found:  12
----> RelationalOperatorReplacement : 1
----> ArithmeticOperatorReplacementShortcut : 1
----> NullifyInputVariable : 1
----> NullifyReturnValue : 3
----> NullifyObjectInitialization : 3
----> RemoveMethod : 3

(24/73) Source file:  /home/dee/dev/rick-major-review/graphhopper/core/src/main/java/com/graphhopper/routing/util/TraversalMode.java
ANTLR runtime and generated code versions disagree: 4.13.0!=4.10.1
ANTLR runtime and generated code versions disagree: 4.13.0!=4.10.1
--> Mutations found:  11
----> NullifyInputVariable : 2
----> NullifyReturnValue : 1
----> NullifyObjectInitialization : 1
----> RemoveMethod : 7

(25/73) Source file:  /home/dee/dev/rick-major-review/graphhopper/core/src/main/java/com/graphhopper/routing/util/FlagEncoder.java
ANTLR runtime and generated code versions disagree: 4.13.0!=4.10.1
ANTLR runtime and generated code versions disagree: 4.13.0!=4.10.1
--> Mutations found:  0

(26/73) Source file:  /home/dee/dev/rick-major-review/graphhopper/core/src/main/java/com/graphhopper/routing/util/SnapPreventionEdgeFilter.java
ANTLR runtime and generated code versions disagree: 4.13.0!=4.10.1
ANTLR runtime and generated code versions disagree: 4.13.0!=4.10.1
--> Mutations found:  32
----> RelationalOperatorReplacement : 10
----> ConditionalOperatorDeletion : 6
----> NullifyInputVariable : 1
----> NullifyObjectInitialization : 1
----> ConditionalOperatorReplacement : 12
----> RemoveMethod : 2

(27/73) Source file:  /home/dee/dev/rick-major-review/graphhopper/core/src/main/java/com/graphhopper/routing/util/DefaultSnapFilter.java
ANTLR runtime and generated code versions disagree: 4.13.0!=4.10.1
ANTLR runtime and generated code versions disagree: 4.13.0!=4.10.1
--> Mutations found:  6
----> ConditionalOperatorDeletion : 1
----> NullifyInputVariable : 1
----> ConditionalOperatorReplacement : 2
----> RemoveMethod : 2

(28/73) Source file:  /home/dee/dev/rick-major-review/graphhopper/core/src/main/java/com/graphhopper/routing/util/BikeCommonFlagEncoder.java
ANTLR runtime and generated code versions disagree: 4.13.0!=4.10.1
ANTLR runtime and generated code versions disagree: 4.13.0!=4.10.1
--> Mutations found:  210
----> RelationalOperatorReplacement : 24
----> ArithmeticOperatorReplacementBinary : 7
----> ConditionalOperatorDeletion : 25
----> NullifyInputVariable : 22
----> ArithmeticOperatorReplacementUnary : 3
----> NullifyReturnValue : 24
----> NullifyObjectInitialization : 13
----> RemoveNullCheck : 10
----> ConditionalOperatorReplacement : 56
----> RemoveMethod : 26

(29/73) Source file:  /home/dee/dev/rick-major-review/graphhopper/core/src/main/java/com/graphhopper/routing/util/EdgeFilter.java
ANTLR runtime and generated code versions disagree: 4.13.0!=4.10.1
ANTLR runtime and generated code versions disagree: 4.13.0!=4.10.1
--> Mutations found:  0

(30/73) Source file:  /home/dee/dev/rick-major-review/graphhopper/core/src/main/java/com/graphhopper/routing/util/MotorcycleFlagEncoder.java
ANTLR runtime and generated code versions disagree: 4.13.0!=4.10.1
ANTLR runtime and generated code versions disagree: 4.13.0!=4.10.1
--> Mutations found:  87
----> RelationalOperatorReplacement : 9
----> ArithmeticOperatorReplacementBinary : 5
----> ConditionalOperatorDeletion : 7
----> NullifyInputVariable : 9
----> NullifyReturnValue : 15
----> NullifyObjectInitialization : 7
----> RemoveNullCheck : 3
----> ConditionalOperatorReplacement : 13
----> RemoveMethod : 19

(31/73) Source file:  /home/dee/dev/rick-major-review/graphhopper/core/src/main/java/com/graphhopper/routing/util/PriorityCode.java
ANTLR runtime and generated code versions disagree: 4.13.0!=4.10.1
ANTLR runtime and generated code versions disagree: 4.13.0!=4.10.1
--> Mutations found:  7
----> ArithmeticOperatorReplacementBinary : 1
----> RemoveMethod : 6

(32/73) Source file:  /home/dee/dev/rick-major-review/graphhopper/core/src/main/java/com/graphhopper/routing/util/FlagEncoderFactory.java
ANTLR runtime and generated code versions disagree: 4.13.0!=4.10.1
ANTLR runtime and generated code versions disagree: 4.13.0!=4.10.1
--> Mutations found:  0

(33/73) Source file:  /home/dee/dev/rick-major-review/graphhopper/core/src/main/java/com/graphhopper/routing/util/parsers/OSMHorseRatingParser.java
ANTLR runtime and generated code versions disagree: 4.13.0!=4.10.1
ANTLR runtime and generated code versions disagree: 4.13.0!=4.10.1
--> Mutations found:  11
----> RelationalOperatorReplacement : 2
----> NullifyInputVariable : 5
----> NullifyReturnValue : 1
----> RemoveNullCheck : 1
----> RemoveMethod : 2

(34/73) Source file:  /home/dee/dev/rick-major-review/graphhopper/core/src/main/java/com/graphhopper/routing/util/parsers/TurnCostParser.java
ANTLR runtime and generated code versions disagree: 4.13.0!=4.10.1
ANTLR runtime and generated code versions disagree: 4.13.0!=4.10.1
--> Mutations found:  0

(35/73) Source file:  /home/dee/dev/rick-major-review/graphhopper/core/src/main/java/com/graphhopper/routing/util/parsers/OSMRoadClassLinkParser.java
ANTLR runtime and generated code versions disagree: 4.13.0!=4.10.1
ANTLR runtime and generated code versions disagree: 4.13.0!=4.10.1
--> Mutations found:  11
----> ConditionalOperatorDeletion : 1
----> NullifyInputVariable : 5
----> NullifyReturnValue : 1
----> NullifyObjectInitialization : 1
----> ConditionalOperatorReplacement : 1
----> RemoveMethod : 2

(36/73) Source file:  /home/dee/dev/rick-major-review/graphhopper/core/src/main/java/com/graphhopper/routing/util/parsers/OSMHazmatWaterParser.java
ANTLR runtime and generated code versions disagree: 4.13.0!=4.10.1
ANTLR runtime and generated code versions disagree: 4.13.0!=4.10.1
--> Mutations found:  9
----> NullifyInputVariable : 5
----> NullifyReturnValue : 1
----> NullifyObjectInitialization : 1
----> RemoveMethod : 2

(37/73) Source file:  /home/dee/dev/rick-major-review/graphhopper/core/src/main/java/com/graphhopper/routing/util/parsers/OSMHikeRatingParser.java
ANTLR runtime and generated code versions disagree: 4.13.0!=4.10.1
ANTLR runtime and generated code versions disagree: 4.13.0!=4.10.1
--> Mutations found:  11
----> RelationalOperatorReplacement : 2
----> NullifyInputVariable : 5
----> NullifyReturnValue : 1
----> RemoveNullCheck : 1
----> RemoveMethod : 2

(38/73) Source file:  /home/dee/dev/rick-major-review/graphhopper/core/src/main/java/com/graphhopper/routing/util/parsers/OSMMaxWeightParser.java
ANTLR runtime and generated code versions disagree: 4.13.0!=4.10.1
ANTLR runtime and generated code versions disagree: 4.13.0!=4.10.1
--> Mutations found:  8
----> NullifyInputVariable : 5
----> NullifyReturnValue : 1
----> RemoveMethod : 2

(39/73) Source file:  /home/dee/dev/rick-major-review/graphhopper/core/src/main/java/com/graphhopper/routing/util/parsers/CountryParser.java
ANTLR runtime and generated code versions disagree: 4.13.0!=4.10.1
ANTLR runtime and generated code versions disagree: 4.13.0!=4.10.1
--> Mutations found:  8
----> NullifyInputVariable : 5
----> NullifyReturnValue : 1
----> RemoveMethod : 2

(40/73) Source file:  /home/dee/dev/rick-major-review/graphhopper/core/src/main/java/com/graphhopper/routing/util/parsers/OSMRoadAccessParser.java
ANTLR runtime and generated code versions disagree: 4.13.0!=4.10.1
ANTLR runtime and generated code versions disagree: 4.13.0!=4.10.1
--> Mutations found:  25
----> RelationalOperatorReplacement : 3
----> NullifyInputVariable : 6
----> NullifyReturnValue : 8
----> NullifyObjectInitialization : 2
----> RemoveNullCheck : 2
----> ConditionalOperatorReplacement : 1
----> RemoveMethod : 3

(41/73) Source file:  /home/dee/dev/rick-major-review/graphhopper/core/src/main/java/com/graphhopper/routing/util/parsers/OSMMaxLengthParser.java
ANTLR runtime and generated code versions disagree: 4.13.0!=4.10.1
ANTLR runtime and generated code versions disagree: 4.13.0!=4.10.1
--> Mutations found:  8
----> NullifyInputVariable : 5
----> NullifyReturnValue : 1
----> RemoveMethod : 2

(42/73) Source file:  /home/dee/dev/rick-major-review/graphhopper/core/src/main/java/com/graphhopper/routing/util/parsers/OSMTrackTypeParser.java
ANTLR runtime and generated code versions disagree: 4.13.0!=4.10.1
ANTLR runtime and generated code versions disagree: 4.13.0!=4.10.1
--> Mutations found:  10
----> RelationalOperatorReplacement : 1
----> NullifyInputVariable : 5
----> NullifyReturnValue : 1
----> NullifyObjectInitialization : 1
----> RemoveMethod : 2

(43/73) Source file:  /home/dee/dev/rick-major-review/graphhopper/core/src/main/java/com/graphhopper/routing/util/parsers/OSMTurnRelationParser.java
ANTLR runtime and generated code versions disagree: 4.13.0!=4.10.1
ANTLR runtime and generated code versions disagree: 4.13.0!=4.10.1
--> Mutations found:  46
----> RelationalOperatorReplacement : 10
----> ConditionalOperatorDeletion : 2
----> NullifyInputVariable : 10
----> NullifyReturnValue : 5
----> NullifyObjectInitialization : 2
----> RemoveNullCheck : 2
----> ConditionalOperatorReplacement : 5
----> RemoveMethod : 10

(44/73) Source file:  /home/dee/dev/rick-major-review/graphhopper/core/src/main/java/com/graphhopper/routing/util/parsers/OSMMaxHeightParser.java
ANTLR runtime and generated code versions disagree: 4.13.0!=4.10.1
ANTLR runtime and generated code versions disagree: 4.13.0!=4.10.1
--> Mutations found:  8
----> NullifyInputVariable : 5
----> NullifyReturnValue : 1
----> RemoveMethod : 2

(45/73) Source file:  /home/dee/dev/rick-major-review/graphhopper/core/src/main/java/com/graphhopper/routing/util/parsers/OSMLanesParser.java
ANTLR runtime and generated code versions disagree: 4.13.0!=4.10.1
ANTLR runtime and generated code versions disagree: 4.13.0!=4.10.1
--> Mutations found:  11
----> RelationalOperatorReplacement : 3
----> NullifyInputVariable : 5
----> NullifyReturnValue : 1
----> RemoveMethod : 2

(46/73) Source file:  /home/dee/dev/rick-major-review/graphhopper/core/src/main/java/com/graphhopper/routing/util/parsers/OSMMaxAxleLoadParser.java
ANTLR runtime and generated code versions disagree: 4.13.0!=4.10.1
ANTLR runtime and generated code versions disagree: 4.13.0!=4.10.1
--> Mutations found:  8
----> NullifyInputVariable : 5
----> NullifyReturnValue : 1
----> RemoveMethod : 2

(47/73) Source file:  /home/dee/dev/rick-major-review/graphhopper/core/src/main/java/com/graphhopper/routing/util/parsers/OSMRoadClassParser.java
ANTLR runtime and generated code versions disagree: 4.13.0!=4.10.1
ANTLR runtime and generated code versions disagree: 4.13.0!=4.10.1
--> Mutations found:  16
----> RelationalOperatorReplacement : 3
----> ArithmeticOperatorReplacementBinary : 1
----> NullifyInputVariable : 5
----> NullifyReturnValue : 2
----> NullifyObjectInitialization : 1
----> RemoveNullCheck : 1
----> ConditionalOperatorReplacement : 1
----> RemoveMethod : 2

(48/73) Source file:  /home/dee/dev/rick-major-review/graphhopper/core/src/main/java/com/graphhopper/routing/util/parsers/OSMRoundaboutParser.java
ANTLR runtime and generated code versions disagree: 4.13.0!=4.10.1
ANTLR runtime and generated code versions disagree: 4.13.0!=4.10.1
--> Mutations found:  9
----> NullifyInputVariable : 5
----> NullifyReturnValue : 1
----> ConditionalOperatorReplacement : 1
----> RemoveMethod : 2

(49/73) Source file:  /home/dee/dev/rick-major-review/graphhopper/core/src/main/java/com/graphhopper/routing/util/parsers/OSMBikeNetworkTagParser.java
ANTLR runtime and generated code versions disagree: 4.13.0!=4.10.1
ANTLR runtime and generated code versions disagree: 4.13.0!=4.10.1
--> Mutations found:  20
----> RelationalOperatorReplacement : 2
----> NullifyInputVariable : 9
----> NullifyReturnValue : 2
----> NullifyObjectInitialization : 2
----> ConditionalOperatorReplacement : 1
----> RemoveMethod : 4

(50/73) Source file:  /home/dee/dev/rick-major-review/graphhopper/core/src/main/java/com/graphhopper/routing/util/parsers/OSMSurfaceParser.java
ANTLR runtime and generated code versions disagree: 4.13.0!=4.10.1
ANTLR runtime and generated code versions disagree: 4.13.0!=4.10.1
--> Mutations found:  11
----> RelationalOperatorReplacement : 1
----> NullifyInputVariable : 5
----> NullifyReturnValue : 2
----> NullifyObjectInitialization : 1
----> RemoveMethod : 2

(51/73) Source file:  /home/dee/dev/rick-major-review/graphhopper/core/src/main/java/com/graphhopper/routing/util/parsers/OSMMaxWidthParser.java
ANTLR runtime and generated code versions disagree: 4.13.0!=4.10.1
ANTLR runtime and generated code versions disagree: 4.13.0!=4.10.1
--> Mutations found:  8
----> NullifyInputVariable : 5
----> NullifyReturnValue : 1
----> RemoveMethod : 2

(52/73) Source file:  /home/dee/dev/rick-major-review/graphhopper/core/src/main/java/com/graphhopper/routing/util/parsers/OSMTollParser.java
ANTLR runtime and generated code versions disagree: 4.13.0!=4.10.1
ANTLR runtime and generated code versions disagree: 4.13.0!=4.10.1
--> Mutations found:  11
----> RelationalOperatorReplacement : 1
----> NullifyInputVariable : 5
----> NullifyReturnValue : 1
----> NullifyObjectInitialization : 1
----> RemoveNullCheck : 1
----> RemoveMethod : 2

(53/73) Source file:  /home/dee/dev/rick-major-review/graphhopper/core/src/main/java/com/graphhopper/routing/util/parsers/RelationTagParser.java
ANTLR runtime and generated code versions disagree: 4.13.0!=4.10.1
ANTLR runtime and generated code versions disagree: 4.13.0!=4.10.1
--> Mutations found:  0

(54/73) Source file:  /home/dee/dev/rick-major-review/graphhopper/core/src/main/java/com/graphhopper/routing/util/parsers/TagParser.java
ANTLR runtime and generated code versions disagree: 4.13.0!=4.10.1
ANTLR runtime and generated code versions disagree: 4.13.0!=4.10.1
--> Mutations found:  0

(55/73) Source file:  /home/dee/dev/rick-major-review/graphhopper/core/src/main/java/com/graphhopper/routing/util/parsers/TagParserFactory.java
ANTLR runtime and generated code versions disagree: 4.13.0!=4.10.1
ANTLR runtime and generated code versions disagree: 4.13.0!=4.10.1
--> Mutations found:  0

(56/73) Source file:  /home/dee/dev/rick-major-review/graphhopper/core/src/main/java/com/graphhopper/routing/util/parsers/DefaultTagParserFactory.java
ANTLR runtime and generated code versions disagree: 4.13.0!=4.10.1
ANTLR runtime and generated code versions disagree: 4.13.0!=4.10.1
--> Mutations found:  56
----> ConditionalOperatorDeletion : 1
----> NullifyInputVariable : 2
----> NullifyReturnValue : 25
----> NullifyObjectInitialization : 27
----> RemoveMethod : 1

(57/73) Source file:  /home/dee/dev/rick-major-review/graphhopper/core/src/main/java/com/graphhopper/routing/util/parsers/OSMMtbRatingParser.java
ANTLR runtime and generated code versions disagree: 4.13.0!=4.10.1
ANTLR runtime and generated code versions disagree: 4.13.0!=4.10.1
--> Mutations found:  19
----> RelationalOperatorReplacement : 6
----> ArithmeticOperatorReplacementBinary : 1
----> NullifyInputVariable : 5
----> NullifyReturnValue : 1
----> RemoveNullCheck : 1
----> ConditionalOperatorReplacement : 3
----> RemoveMethod : 2

(58/73) Source file:  /home/dee/dev/rick-major-review/graphhopper/core/src/main/java/com/graphhopper/routing/util/parsers/OSMMaxSpeedParser.java
ANTLR runtime and generated code versions disagree: 4.13.0!=4.10.1
ANTLR runtime and generated code versions disagree: 4.13.0!=4.10.1
--> Mutations found:  25
----> RelationalOperatorReplacement : 3
----> ConditionalOperatorDeletion : 6
----> NullifyInputVariable : 5
----> NullifyReturnValue : 1
----> NullifyObjectInitialization : 1
----> RemoveNullCheck : 1
----> ConditionalOperatorReplacement : 4
----> RemoveMethod : 4

(59/73) Source file:  /home/dee/dev/rick-major-review/graphhopper/core/src/main/java/com/graphhopper/routing/util/parsers/OSMRoadEnvironmentParser.java
ANTLR runtime and generated code versions disagree: 4.13.0!=4.10.1
ANTLR runtime and generated code versions disagree: 4.13.0!=4.10.1
--> Mutations found:  20
----> RelationalOperatorReplacement : 1
----> ConditionalOperatorDeletion : 4
----> NullifyInputVariable : 5
----> NullifyReturnValue : 1
----> NullifyObjectInitialization : 1
----> ConditionalOperatorReplacement : 6
----> RemoveMethod : 2

(60/73) Source file:  /home/dee/dev/rick-major-review/graphhopper/core/src/main/java/com/graphhopper/routing/util/parsers/OSMAccessParser.java
ANTLR runtime and generated code versions disagree: 4.13.0!=4.10.1
ANTLR runtime and generated code versions disagree: 4.13.0!=4.10.1
--> Mutations found:  79
----> RelationalOperatorReplacement : 5
----> ConditionalOperatorDeletion : 14
----> NullifyInputVariable : 9
----> NullifyReturnValue : 1
----> NullifyObjectInitialization : 5
----> RemoveNullCheck : 2
----> ConditionalOperatorReplacement : 33
----> RemoveMethod : 10

(61/73) Source file:  /home/dee/dev/rick-major-review/graphhopper/core/src/main/java/com/graphhopper/routing/util/parsers/OSMFootNetworkTagParser.java
ANTLR runtime and generated code versions disagree: 4.13.0!=4.10.1
ANTLR runtime and generated code versions disagree: 4.13.0!=4.10.1
--> Mutations found:  21
----> RelationalOperatorReplacement : 2
----> NullifyInputVariable : 9
----> NullifyReturnValue : 2
----> NullifyObjectInitialization : 2
----> ConditionalOperatorReplacement : 2
----> RemoveMethod : 4

(62/73) Source file:  /home/dee/dev/rick-major-review/graphhopper/core/src/main/java/com/graphhopper/routing/util/parsers/OSMHazmatTunnelParser.java
ANTLR runtime and generated code versions disagree: 4.13.0!=4.10.1
ANTLR runtime and generated code versions disagree: 4.13.0!=4.10.1
--> Mutations found:  14
----> RelationalOperatorReplacement : 2
----> ArithmeticOperatorReplacementShortcut : 2
----> ArithmeticOperatorReplacementBinary : 1
----> NullifyInputVariable : 5
----> NullifyReturnValue : 1
----> NullifyObjectInitialization : 1
----> RemoveMethod : 2

(63/73) Source file:  /home/dee/dev/rick-major-review/graphhopper/core/src/main/java/com/graphhopper/routing/util/parsers/OSMHazmatParser.java
ANTLR runtime and generated code versions disagree: 4.13.0!=4.10.1
ANTLR runtime and generated code versions disagree: 4.13.0!=4.10.1
--> Mutations found:  9
----> NullifyInputVariable : 5
----> NullifyReturnValue : 1
----> NullifyObjectInitialization : 1
----> RemoveMethod : 2

(64/73) Source file:  /home/dee/dev/rick-major-review/graphhopper/core/src/main/java/com/graphhopper/routing/util/parsers/OSMSmoothnessParser.java
ANTLR runtime and generated code versions disagree: 4.13.0!=4.10.1
ANTLR runtime and generated code versions disagree: 4.13.0!=4.10.1
--> Mutations found:  11
----> RelationalOperatorReplacement : 1
----> NullifyInputVariable : 5
----> NullifyReturnValue : 2
----> NullifyObjectInitialization : 1
----> RemoveMethod : 2

(65/73) Source file:  /home/dee/dev/rick-major-review/graphhopper/core/src/main/java/com/graphhopper/routing/util/parsers/OSMGetOffBikeParser.java
ANTLR runtime and generated code versions disagree: 4.13.0!=4.10.1
ANTLR runtime and generated code versions disagree: 4.13.0!=4.10.1
--> Mutations found:  14
----> ConditionalOperatorDeletion : 1
----> NullifyInputVariable : 5
----> NullifyReturnValue : 1
----> NullifyObjectInitialization : 1
----> ConditionalOperatorReplacement : 4
----> RemoveMethod : 2

(66/73) Source file:  /home/dee/dev/rick-major-review/graphhopper/core/src/main/java/com/graphhopper/routing/util/parsers/helpers/OSMValueExtractor.java
ANTLR runtime and generated code versions disagree: 4.13.0!=4.10.1
ANTLR runtime and generated code versions disagree: 4.13.0!=4.10.1
--> Mutations found:  65
----> RelationalOperatorReplacement : 8
----> ArithmeticOperatorReplacementBinary : 13
----> NullifyInputVariable : 12
----> AssignmentOperatorReplacementShortcut : 3
----> ConditionalOperatorReplacement : 19
----> RemoveMethod : 10

(67/73) Source file:  /home/dee/dev/rick-major-review/graphhopper/core/src/main/java/com/graphhopper/routing/util/tour/MultiPointTour.java
ANTLR runtime and generated code versions disagree: 4.13.0!=4.10.1
ANTLR runtime and generated code versions disagree: 4.13.0!=4.10.1
--> Mutations found:  13
----> RelationalOperatorReplacement : 1
----> ArithmeticOperatorReplacementBinary : 6
----> RemoveMethod : 6

(68/73) Source file:  /home/dee/dev/rick-major-review/graphhopper/core/src/main/java/com/graphhopper/routing/util/tour/SinglePointTour.java
ANTLR runtime and generated code versions disagree: 4.13.0!=4.10.1
ANTLR runtime and generated code versions disagree: 4.13.0!=4.10.1
--> Mutations found:  7
----> ArithmeticOperatorReplacementBinary : 1
----> RemoveMethod : 6

(69/73) Source file:  /home/dee/dev/rick-major-review/graphhopper/core/src/main/java/com/graphhopper/routing/util/tour/TourStrategy.java
ANTLR runtime and generated code versions disagree: 4.13.0!=4.10.1
ANTLR runtime and generated code versions disagree: 4.13.0!=4.10.1
--> Mutations found:  6
----> ArithmeticOperatorReplacementBinary : 3
----> ArithmeticOperatorReplacementUnary : 1
----> RemoveMethod : 2

(70/73) Source file:  /home/dee/dev/rick-major-review/graphhopper/core/src/main/java/com/graphhopper/routing/util/countryrules/AustriaCountryRule.java
ANTLR runtime and generated code versions disagree: 4.13.0!=4.10.1
ANTLR runtime and generated code versions disagree: 4.13.0!=4.10.1
--> Mutations found:  32
----> RelationalOperatorReplacement : 4
----> ConditionalOperatorDeletion : 4
----> NullifyInputVariable : 8
----> NullifyReturnValue : 9
----> ConditionalOperatorReplacement : 3
----> RemoveMethod : 4

(71/73) Source file:  /home/dee/dev/rick-major-review/graphhopper/core/src/main/java/com/graphhopper/routing/util/countryrules/CountryRuleFactory.java
ANTLR runtime and generated code versions disagree: 4.13.0!=4.10.1
ANTLR runtime and generated code versions disagree: 4.13.0!=4.10.1
--> Mutations found:  8
----> NullifyInputVariable : 1
----> NullifyReturnValue : 2
----> NullifyObjectInitialization : 3
----> RemoveMethod : 2

(72/73) Source file:  /home/dee/dev/rick-major-review/graphhopper/core/src/main/java/com/graphhopper/routing/util/countryrules/GermanyCountryRule.java
ANTLR runtime and generated code versions disagree: 4.13.0!=4.10.1
ANTLR runtime and generated code versions disagree: 4.13.0!=4.10.1
--> Mutations found:  33
----> RelationalOperatorReplacement : 5
----> ConditionalOperatorDeletion : 4
----> NullifyInputVariable : 8
----> NullifyReturnValue : 8
----> ConditionalOperatorReplacement : 4
----> RemoveMethod : 4

(73/73) Source file:  /home/dee/dev/rick-major-review/graphhopper/core/src/main/java/com/graphhopper/routing/util/countryrules/CountryRule.java
ANTLR runtime and generated code versions disagree: 4.13.0!=4.10.1
ANTLR runtime and generated code versions disagree: 4.13.0!=4.10.1
--> Mutations found:  14
----> NullifyInputVariable : 8
----> NullifyReturnValue : 2
----> RemoveMethod : 4

Total mutations found:  2076
--> RelationalOperatorReplacement: 205
--> ArithmeticOperatorReplacementShortcut: 8
--> ArithmeticOperatorReplacementBinary: 134
--> ConditionalOperatorDeletion: 140
--> NullifyInputVariable: 380
--> ArithmeticOperatorReplacementUnary: 13
--> NullifyReturnValue: 258
--> AssignmentOperatorReplacementShortcut: 4
--> NullifyObjectInitialization: 211
--> RemoveNullCheck: 48
--> ConditionalOperatorReplacement: 259
--> RemoveMethod: 416


---------------------------------------------------
[LOG] Copying mutants of EncodingManager.java
---------------------------------------------------
[LOG] Generated 327 mutants
---------------------------------------------------
[LOG] Backing up original RICK test as ./EncodingManager.java/original-test.java
[LOG] Invoking cp /home/dee/dev/rick-major-review/graphhopper/rick-major/src/test/java/com/graphhopper/routing/util/TestBuilderRickGen.java ./EncodingManager.java/original-test.java
---------------------------------------------------
[LOG] Generating variants of original RICK test
[LOG] Modifying /home/dee/dev/rick-major-review/finches/output/EncodingManager_Builder_add_EncodedValue/test-baseline.java
[LOG] Created baseline test at /home/dee/dev/rick-major-review/finches/output/EncodingManager_Builder_add_EncodedValue/test-baseline.java
[LOG] Modifying /home/dee/dev/rick-major-review/finches/output/EncodingManager_Builder_add_EncodedValue/test-po.java
[LOG] Created PO test at /home/dee/dev/rick-major-review/finches/output/EncodingManager_Builder_add_EncodedValue/test-po.java
[LOG] Modifying /home/dee/dev/rick-major-review/finches/output/EncodingManager_Builder_add_EncodedValue/test-co.java
[LOG] Created CO test at /home/dee/dev/rick-major-review/finches/output/EncodingManager_Builder_add_EncodedValue/test-co.java
[LOG] Created test with all oracles at /home/dee/dev/rick-major-review/finches/output/EncodingManager_Builder_add_EncodedValue/test-all.java
---------------------------------------------------
[LOG] Replacing originalEncodingManager.java with ./EncodingManager.java/102.java
[LOG] Invoking cp ./EncodingManager.java/102.java /home/dee/dev/rick-major-review/graphhopper/core/src/main/java/com/graphhopper/routing/util/EncodingManager.java
[LOG] Invoked a clean install of the parent module with ['mvn', 'clean', 'install', '-DskipTests']
[INFO] Scanning for projects...
[INFO] 
[INFO] ------------------< com.graphhopper:graphhopper-core >------------------
[INFO] Building GraphHopper Core 5.3
[INFO] --------------------------------[ jar ]---------------------------------
[INFO] 
[INFO] --- maven-clean-plugin:2.5:clean (default-clean) @ graphhopper-core ---
[INFO] Deleting /home/dee/dev/rick-major-review/graphhopper/core/target
[INFO] 
[INFO] --- git-commit-id-plugin:3.0.0:revision (default) @ graphhopper-core ---
[INFO] 
[INFO] --- maven-resources-plugin:2.6:resources (default-resources) @ graphhopper-core ---
[INFO] Using 'UTF-8' encoding to copy filtered resources.
[INFO] Copying 3 resources
[INFO] Copying 52 resources
[INFO] 
[INFO] --- maven-compiler-plugin:3.8.1:compile (default-compile) @ graphhopper-core ---
[INFO] Changes detected - recompiling the module!
[INFO] Compiling 406 source files to /home/dee/dev/rick-major-review/graphhopper/core/target/classes
[INFO] 
[INFO] --- maven-resources-plugin:2.6:testResources (default-testResources) @ graphhopper-core ---
[INFO] Using 'UTF-8' encoding to copy filtered resources.
[INFO] Copying 37 resources
[INFO] 
[INFO] --- maven-compiler-plugin:3.8.1:testCompile (default-testCompile) @ graphhopper-core ---
[INFO] Changes detected - recompiling the module!
[INFO] Compiling 184 source files to /home/dee/dev/rick-major-review/graphhopper/core/target/test-classes
[INFO] 
[INFO] --- maven-surefire-plugin:2.22.2:test (default-test) @ graphhopper-core ---
[INFO] Tests are skipped.
[INFO] 
[INFO] --- maven-jar-plugin:3.1.1:jar (default-jar) @ graphhopper-core ---
[INFO] Building jar: /home/dee/dev/rick-major-review/graphhopper/core/target/graphhopper-core-5.3.jar
[INFO] 
[INFO] --- maven-jar-plugin:3.1.1:test-jar (default) @ graphhopper-core ---
[INFO] Building jar: /home/dee/dev/rick-major-review/graphhopper/core/target/graphhopper-core-5.3-tests.jar
[INFO] 
[INFO] --- maven-failsafe-plugin:2.22.2:integration-test (default) @ graphhopper-core ---
[INFO] Tests are skipped.
[INFO] 
[INFO] --- maven-failsafe-plugin:2.22.2:verify (default) @ graphhopper-core ---
[INFO] Tests are skipped.
[INFO] 
[INFO] --- maven-install-plugin:2.4:install (default-install) @ graphhopper-core ---
[INFO] Installing /home/dee/dev/rick-major-review/graphhopper/core/target/graphhopper-core-5.3.jar to /home/dee/.m2/repository/com/graphhopper/graphhopper-core/5.3/graphhopper-core-5.3.jar
[INFO] Installing /home/dee/dev/rick-major-review/graphhopper/core/pom.xml to /home/dee/.m2/repository/com/graphhopper/graphhopper-core/5.3/graphhopper-core-5.3.pom
[INFO] Installing /home/dee/dev/rick-major-review/graphhopper/core/target/graphhopper-core-5.3-tests.jar to /home/dee/.m2/repository/com/graphhopper/graphhopper-core/5.3/graphhopper-core-5.3-tests.jar
[INFO] ------------------------------------------------------------------------
[INFO] BUILD SUCCESS
[INFO] ------------------------------------------------------------------------
[INFO] Total time:  53.432 s
[INFO] Finished at: 2023-06-05T21:29:03+02:00
[INFO] ------------------------------------------------------------------------


---------------------------------------------------
[BASELINE] Not evaluating any oracle
[LOG] Replacing original RICK test with variant baseline
[LOG] Invoking cp /home/dee/dev/rick-major-review/finches/output/EncodingManager_Builder_add_EncodedValue/test-baseline.java /home/dee/dev/rick-major-review/graphhopper/rick-major/src/test/java/com/graphhopper/routing/util/TestBuilderRickGen.java
[LOG] In test module directory /home/dee/dev/rick-major-review/graphhopper/rick-major
[LOG] Invoked tests with ['mvn', 'test', '-Dtest=TestBuilderRickGen']
[INFO] Scanning for projects...
[WARNING] 
[WARNING] Some problems were encountered while building the effective model for com.graphhopper:rick-major:jar:5.3
[WARNING] 'dependencies.dependency.(groupId:artifactId:type:classifier)' must be unique: com.graphhopper:graphhopper-web:jar -> duplicate declaration of version 5.3 @ line 79, column 17
[WARNING] 
[WARNING] It is highly recommended to fix these problems because they threaten the stability of your build.
[WARNING] 
[WARNING] For this reason, future Maven versions might no longer support building such malformed projects.
[WARNING] 
[INFO] 
[INFO] ---------------------< com.graphhopper:rick-major >---------------------
[INFO] Building rick-major 5.3
[INFO] --------------------------------[ jar ]---------------------------------
[INFO] 
[INFO] --- maven-resources-plugin:2.6:resources (default-resources) @ rick-major ---
[INFO] Using 'UTF-8' encoding to copy filtered resources.
[INFO] Copying 0 resource
[INFO] 
[INFO] --- maven-compiler-plugin:3.8.1:compile (default-compile) @ rick-major ---
[INFO] Nothing to compile - all classes are up to date
[INFO] 
[INFO] --- maven-resources-plugin:2.6:testResources (default-testResources) @ rick-major ---
[INFO] Using 'UTF-8' encoding to copy filtered resources.
[INFO] Copying 26 resources
[INFO] 
[INFO] --- maven-compiler-plugin:3.8.1:testCompile (default-testCompile) @ rick-major ---
[INFO] Changes detected - recompiling the module!
[INFO] Compiling 15 source files to /home/dee/dev/rick-major-review/graphhopper/rick-major/target/test-classes
[INFO] 
[INFO] --- maven-surefire-plugin:2.22.2:test (default-test) @ rick-major ---
[INFO] 
[INFO] -------------------------------------------------------
[INFO]  T E S T S
[INFO] -------------------------------------------------------
[INFO] Running com.graphhopper.routing.util.TestBuilderRickGen
[ERROR] Tests run: 2, Failures: 0, Errors: 2, Skipped: 0, Time elapsed: 3.814 s <<< FAILURE! - in com.graphhopper.routing.util.TestBuilderRickGen
[ERROR] test_add_com_graphhopper_routing_ev_EncodedValue_CO_806a5d770a2047db86be84da16bb35b1  Time elapsed: 3.017 s  <<< ERROR!
java.lang.NullPointerException
	at com.graphhopper.routing.util.TestBuilderRickGen.test_add_com_graphhopper_routing_ev_EncodedValue_CO_806a5d770a2047db86be84da16bb35b1(TestBuilderRickGen.java:52)

[ERROR] test_add_com_graphhopper_routing_ev_EncodedValue_PO_806a5d770a2047db86be84da16bb35b1  Time elapsed: 0.027 s  <<< ERROR!
java.lang.NullPointerException
	at com.graphhopper.routing.util.TestBuilderRickGen.test_add_com_graphhopper_routing_ev_EncodedValue_PO_806a5d770a2047db86be84da16bb35b1(TestBuilderRickGen.java:39)

[INFO] 
[INFO] Results:
[INFO] 
[ERROR] Errors: 
[ERROR]   TestBuilderRickGen.test_add_com_graphhopper_routing_ev_EncodedValue_CO_806a5d770a2047db86be84da16bb35b1:52 » NullPointer
[ERROR]   TestBuilderRickGen.test_add_com_graphhopper_routing_ev_EncodedValue_PO_806a5d770a2047db86be84da16bb35b1:39 » NullPointer
[INFO] 
[ERROR] Tests run: 2, Failures: 0, Errors: 2, Skipped: 0
[INFO] 
[INFO] ------------------------------------------------------------------------
[INFO] BUILD FAILURE
[INFO] ------------------------------------------------------------------------
[INFO] Total time:  15.543 s
[INFO] Finished at: 2023-06-05T21:29:23+02:00
[INFO] ------------------------------------------------------------------------
[ERROR] Failed to execute goal org.apache.maven.plugins:maven-surefire-plugin:2.22.2:test (default-test) on project rick-major: There are test failures.
[ERROR] 
[ERROR] Please refer to /home/dee/dev/rick-major-review/graphhopper/rick-major/target/surefire-reports for the individual test results.
[ERROR] Please refer to dump files (if any exist) [date].dump, [date]-jvmRun[N].dump and [date].dumpstream.
[ERROR] -> [Help 1]
[ERROR] 
[ERROR] To see the full stack trace of the errors, re-run Maven with the -e switch.
[ERROR] Re-run Maven using the -X switch to enable full debug logging.
[ERROR] 
[ERROR] For more information about the errors and possible solutions, please read the following articles:
[ERROR] [Help 1] http://cwiki.apache.org/confluence/display/MAVEN/MojoFailureException

Security framework of XStream not initialized, XStream is probably vulnerable.

---------------------------------------------------
[LOG] Cleaned targets with ['mvn', 'clean']
[INFO] Scanning for projects...
[WARNING] 
[WARNING] Some problems were encountered while building the effective model for com.graphhopper:rick-major:jar:5.3
[WARNING] 'dependencies.dependency.(groupId:artifactId:type:classifier)' must be unique: com.graphhopper:graphhopper-web:jar -> duplicate declaration of version 5.3 @ line 79, column 17
[WARNING] 
[WARNING] It is highly recommended to fix these problems because they threaten the stability of your build.
[WARNING] 
[WARNING] For this reason, future Maven versions might no longer support building such malformed projects.
[WARNING] 
[INFO] 
[INFO] ---------------------< com.graphhopper:rick-major >---------------------
[INFO] Building rick-major 5.3
[INFO] --------------------------------[ jar ]---------------------------------
[INFO] 
[INFO] --- maven-clean-plugin:2.5:clean (default-clean) @ rick-major ---
[INFO] Deleting /home/dee/dev/rick-major-review/graphhopper/rick-major/target
[INFO] ------------------------------------------------------------------------
[INFO] BUILD SUCCESS
[INFO] ------------------------------------------------------------------------
[INFO] Total time:  1.252 s
[INFO] Finished at: 2023-06-05T21:29:28+02:00
[INFO] ------------------------------------------------------------------------


---------------------------------------------------
[LOG] In experiment directory /home/dee/dev/rick-major-review/finches
---------------------------------------------------
[LOG] Restoring original RICK test from ./EncodingManager.java/original-test.java
[LOG] Invoking cp ./EncodingManager.java/original-test.java /home/dee/dev/rick-major-review/graphhopper/rick-major/src/test/java/com/graphhopper/routing/util/TestBuilderRickGen.java
---------------------------------------------------
[PO] Evaluating only PO
[LOG] Replacing original RICK test with variant po
[LOG] Invoking cp /home/dee/dev/rick-major-review/finches/output/EncodingManager_Builder_add_EncodedValue/test-po.java /home/dee/dev/rick-major-review/graphhopper/rick-major/src/test/java/com/graphhopper/routing/util/TestBuilderRickGen.java
[LOG] In test module directory /home/dee/dev/rick-major-review/graphhopper/rick-major
[LOG] Invoked tests with ['mvn', 'test', '-Dtest=TestBuilderRickGen']
[INFO] Scanning for projects...
[WARNING] 
[WARNING] Some problems were encountered while building the effective model for com.graphhopper:rick-major:jar:5.3
[WARNING] 'dependencies.dependency.(groupId:artifactId:type:classifier)' must be unique: com.graphhopper:graphhopper-web:jar -> duplicate declaration of version 5.3 @ line 79, column 17
[WARNING] 
[WARNING] It is highly recommended to fix these problems because they threaten the stability of your build.
[WARNING] 
[WARNING] For this reason, future Maven versions might no longer support building such malformed projects.
[WARNING] 
[INFO] 
[INFO] ---------------------< com.graphhopper:rick-major >---------------------
[INFO] Building rick-major 5.3
[INFO] --------------------------------[ jar ]---------------------------------
[INFO] 
[INFO] --- maven-resources-plugin:2.6:resources (default-resources) @ rick-major ---
[INFO] Using 'UTF-8' encoding to copy filtered resources.
[INFO] Copying 0 resource
[INFO] 
[INFO] --- maven-compiler-plugin:3.8.1:compile (default-compile) @ rick-major ---
[INFO] Nothing to compile - all classes are up to date
[INFO] 
[INFO] --- maven-resources-plugin:2.6:testResources (default-testResources) @ rick-major ---
[INFO] Using 'UTF-8' encoding to copy filtered resources.
[INFO] Copying 26 resources
[INFO] 
[INFO] --- maven-compiler-plugin:3.8.1:testCompile (default-testCompile) @ rick-major ---
[INFO] Changes detected - recompiling the module!
[INFO] Compiling 15 source files to /home/dee/dev/rick-major-review/graphhopper/rick-major/target/test-classes
[INFO] 
[INFO] --- maven-surefire-plugin:2.22.2:test (default-test) @ rick-major ---
[INFO] 
[INFO] -------------------------------------------------------
[INFO]  T E S T S
[INFO] -------------------------------------------------------
[INFO] Running com.graphhopper.routing.util.TestBuilderRickGen
[ERROR] Tests run: 2, Failures: 0, Errors: 2, Skipped: 0, Time elapsed: 3.763 s <<< FAILURE! - in com.graphhopper.routing.util.TestBuilderRickGen
[ERROR] test_add_com_graphhopper_routing_ev_EncodedValue_CO_806a5d770a2047db86be84da16bb35b1  Time elapsed: 2.817 s  <<< ERROR!
java.lang.NullPointerException
	at com.graphhopper.routing.util.TestBuilderRickGen.test_add_com_graphhopper_routing_ev_EncodedValue_CO_806a5d770a2047db86be84da16bb35b1(TestBuilderRickGen.java:52)

[ERROR] test_add_com_graphhopper_routing_ev_EncodedValue_PO_806a5d770a2047db86be84da16bb35b1  Time elapsed: 0.031 s  <<< ERROR!
java.lang.NullPointerException
	at com.graphhopper.routing.util.TestBuilderRickGen.test_add_com_graphhopper_routing_ev_EncodedValue_PO_806a5d770a2047db86be84da16bb35b1(TestBuilderRickGen.java:39)

[INFO] 
[INFO] Results:
[INFO] 
[ERROR] Errors: 
[ERROR]   TestBuilderRickGen.test_add_com_graphhopper_routing_ev_EncodedValue_CO_806a5d770a2047db86be84da16bb35b1:52 » NullPointer
[ERROR]   TestBuilderRickGen.test_add_com_graphhopper_routing_ev_EncodedValue_PO_806a5d770a2047db86be84da16bb35b1:39 » NullPointer
[INFO] 
[ERROR] Tests run: 2, Failures: 0, Errors: 2, Skipped: 0
[INFO] 
[INFO] ------------------------------------------------------------------------
[INFO] BUILD FAILURE
[INFO] ------------------------------------------------------------------------
[INFO] Total time:  15.071 s
[INFO] Finished at: 2023-06-05T21:29:47+02:00
[INFO] ------------------------------------------------------------------------
[ERROR] Failed to execute goal org.apache.maven.plugins:maven-surefire-plugin:2.22.2:test (default-test) on project rick-major: There are test failures.
[ERROR] 
[ERROR] Please refer to /home/dee/dev/rick-major-review/graphhopper/rick-major/target/surefire-reports for the individual test results.
[ERROR] Please refer to dump files (if any exist) [date].dump, [date]-jvmRun[N].dump and [date].dumpstream.
[ERROR] -> [Help 1]
[ERROR] 
[ERROR] To see the full stack trace of the errors, re-run Maven with the -e switch.
[ERROR] Re-run Maven using the -X switch to enable full debug logging.
[ERROR] 
[ERROR] For more information about the errors and possible solutions, please read the following articles:
[ERROR] [Help 1] http://cwiki.apache.org/confluence/display/MAVEN/MojoFailureException

Security framework of XStream not initialized, XStream is probably vulnerable.

---------------------------------------------------
[LOG] Cleaned targets with ['mvn', 'clean']
[INFO] Scanning for projects...
[WARNING] 
[WARNING] Some problems were encountered while building the effective model for com.graphhopper:rick-major:jar:5.3
[WARNING] 'dependencies.dependency.(groupId:artifactId:type:classifier)' must be unique: com.graphhopper:graphhopper-web:jar -> duplicate declaration of version 5.3 @ line 79, column 17
[WARNING] 
[WARNING] It is highly recommended to fix these problems because they threaten the stability of your build.
[WARNING] 
[WARNING] For this reason, future Maven versions might no longer support building such malformed projects.
[WARNING] 
[INFO] 
[INFO] ---------------------< com.graphhopper:rick-major >---------------------
[INFO] Building rick-major 5.3
[INFO] --------------------------------[ jar ]---------------------------------
[INFO] 
[INFO] --- maven-clean-plugin:2.5:clean (default-clean) @ rick-major ---
[INFO] Deleting /home/dee/dev/rick-major-review/graphhopper/rick-major/target
[INFO] ------------------------------------------------------------------------
[INFO] BUILD SUCCESS
[INFO] ------------------------------------------------------------------------
[INFO] Total time:  0.851 s
[INFO] Finished at: 2023-06-05T21:29:52+02:00
[INFO] ------------------------------------------------------------------------


---------------------------------------------------
[LOG] In experiment directory /home/dee/dev/rick-major-review/finches
---------------------------------------------------
[LOG] Restoring original RICK test from ./EncodingManager.java/original-test.java
[LOG] Invoking cp ./EncodingManager.java/original-test.java /home/dee/dev/rick-major-review/graphhopper/rick-major/src/test/java/com/graphhopper/routing/util/TestBuilderRickGen.java
---------------------------------------------------
[CO] Evaluating only CO
[LOG] Replacing original RICK test with variant co
[LOG] Invoking cp /home/dee/dev/rick-major-review/finches/output/EncodingManager_Builder_add_EncodedValue/test-co.java /home/dee/dev/rick-major-review/graphhopper/rick-major/src/test/java/com/graphhopper/routing/util/TestBuilderRickGen.java
[LOG] In test module directory /home/dee/dev/rick-major-review/graphhopper/rick-major
[LOG] Invoked tests with ['mvn', 'test', '-Dtest=TestBuilderRickGen']
[INFO] Scanning for projects...
[WARNING] 
[WARNING] Some problems were encountered while building the effective model for com.graphhopper:rick-major:jar:5.3
[WARNING] 'dependencies.dependency.(groupId:artifactId:type:classifier)' must be unique: com.graphhopper:graphhopper-web:jar -> duplicate declaration of version 5.3 @ line 79, column 17
[WARNING] 
[WARNING] It is highly recommended to fix these problems because they threaten the stability of your build.
[WARNING] 
[WARNING] For this reason, future Maven versions might no longer support building such malformed projects.
[WARNING] 
[INFO] 
[INFO] ---------------------< com.graphhopper:rick-major >---------------------
[INFO] Building rick-major 5.3
[INFO] --------------------------------[ jar ]---------------------------------
[INFO] 
[INFO] --- maven-resources-plugin:2.6:resources (default-resources) @ rick-major ---
[INFO] Using 'UTF-8' encoding to copy filtered resources.
[INFO] Copying 0 resource
[INFO] 
[INFO] --- maven-compiler-plugin:3.8.1:compile (default-compile) @ rick-major ---
[INFO] Nothing to compile - all classes are up to date
[INFO] 
[INFO] --- maven-resources-plugin:2.6:testResources (default-testResources) @ rick-major ---
[INFO] Using 'UTF-8' encoding to copy filtered resources.
[INFO] Copying 26 resources
[INFO] 
[INFO] --- maven-compiler-plugin:3.8.1:testCompile (default-testCompile) @ rick-major ---
[INFO] Changes detected - recompiling the module!
[INFO] Compiling 15 source files to /home/dee/dev/rick-major-review/graphhopper/rick-major/target/test-classes
[INFO] 
[INFO] --- maven-surefire-plugin:2.22.2:test (default-test) @ rick-major ---
[INFO] 
[INFO] -------------------------------------------------------
[INFO]  T E S T S
[INFO] -------------------------------------------------------
[INFO] Running com.graphhopper.routing.util.TestBuilderRickGen
[ERROR] Tests run: 2, Failures: 0, Errors: 2, Skipped: 0, Time elapsed: 3.779 s <<< FAILURE! - in com.graphhopper.routing.util.TestBuilderRickGen
[ERROR] test_add_com_graphhopper_routing_ev_EncodedValue_CO_806a5d770a2047db86be84da16bb35b1  Time elapsed: 2.943 s  <<< ERROR!
java.lang.NullPointerException
	at com.graphhopper.routing.util.TestBuilderRickGen.test_add_com_graphhopper_routing_ev_EncodedValue_CO_806a5d770a2047db86be84da16bb35b1(TestBuilderRickGen.java:52)

[ERROR] test_add_com_graphhopper_routing_ev_EncodedValue_PO_806a5d770a2047db86be84da16bb35b1  Time elapsed: 0.03 s  <<< ERROR!
java.lang.NullPointerException
	at com.graphhopper.routing.util.TestBuilderRickGen.test_add_com_graphhopper_routing_ev_EncodedValue_PO_806a5d770a2047db86be84da16bb35b1(TestBuilderRickGen.java:39)

[INFO] 
[INFO] Results:
[INFO] 
[ERROR] Errors: 
[ERROR]   TestBuilderRickGen.test_add_com_graphhopper_routing_ev_EncodedValue_CO_806a5d770a2047db86be84da16bb35b1:52 » NullPointer
[ERROR]   TestBuilderRickGen.test_add_com_graphhopper_routing_ev_EncodedValue_PO_806a5d770a2047db86be84da16bb35b1:39 » NullPointer
[INFO] 
[ERROR] Tests run: 2, Failures: 0, Errors: 2, Skipped: 0
[INFO] 
[INFO] ------------------------------------------------------------------------
[INFO] BUILD FAILURE
[INFO] ------------------------------------------------------------------------
[INFO] Total time:  15.708 s
[INFO] Finished at: 2023-06-05T21:30:11+02:00
[INFO] ------------------------------------------------------------------------
[ERROR] Failed to execute goal org.apache.maven.plugins:maven-surefire-plugin:2.22.2:test (default-test) on project rick-major: There are test failures.
[ERROR] 
[ERROR] Please refer to /home/dee/dev/rick-major-review/graphhopper/rick-major/target/surefire-reports for the individual test results.
[ERROR] Please refer to dump files (if any exist) [date].dump, [date]-jvmRun[N].dump and [date].dumpstream.
[ERROR] -> [Help 1]
[ERROR] 
[ERROR] To see the full stack trace of the errors, re-run Maven with the -e switch.
[ERROR] Re-run Maven using the -X switch to enable full debug logging.
[ERROR] 
[ERROR] For more information about the errors and possible solutions, please read the following articles:
[ERROR] [Help 1] http://cwiki.apache.org/confluence/display/MAVEN/MojoFailureException

Security framework of XStream not initialized, XStream is probably vulnerable.

---------------------------------------------------
[LOG] Cleaned targets with ['mvn', 'clean']
[INFO] Scanning for projects...
[WARNING] 
[WARNING] Some problems were encountered while building the effective model for com.graphhopper:rick-major:jar:5.3
[WARNING] 'dependencies.dependency.(groupId:artifactId:type:classifier)' must be unique: com.graphhopper:graphhopper-web:jar -> duplicate declaration of version 5.3 @ line 79, column 17
[WARNING] 
[WARNING] It is highly recommended to fix these problems because they threaten the stability of your build.
[WARNING] 
[WARNING] For this reason, future Maven versions might no longer support building such malformed projects.
[WARNING] 
[INFO] 
[INFO] ---------------------< com.graphhopper:rick-major >---------------------
[INFO] Building rick-major 5.3
[INFO] --------------------------------[ jar ]---------------------------------
[INFO] 
[INFO] --- maven-clean-plugin:2.5:clean (default-clean) @ rick-major ---
[INFO] Deleting /home/dee/dev/rick-major-review/graphhopper/rick-major/target
[INFO] ------------------------------------------------------------------------
[INFO] BUILD SUCCESS
[INFO] ------------------------------------------------------------------------
[INFO] Total time:  1.140 s
[INFO] Finished at: 2023-06-05T21:30:16+02:00
[INFO] ------------------------------------------------------------------------


---------------------------------------------------
[LOG] In experiment directory /home/dee/dev/rick-major-review/finches
---------------------------------------------------
[LOG] Restoring original RICK test from ./EncodingManager.java/original-test.java
[LOG] Invoking cp ./EncodingManager.java/original-test.java /home/dee/dev/rick-major-review/graphhopper/rick-major/src/test/java/com/graphhopper/routing/util/TestBuilderRickGen.java
---------------------------------------------------
[ALL] Evaluating (OO +) PO + CO
[LOG] Restoring original RICK test from ./EncodingManager.java/original-test.java
[LOG] Invoking cp ./EncodingManager.java/original-test.java /home/dee/dev/rick-major-review/graphhopper/rick-major/src/test/java/com/graphhopper/routing/util/TestBuilderRickGen.java
[LOG] In test module directory /home/dee/dev/rick-major-review/graphhopper/rick-major
[LOG] Invoked tests with ['mvn', 'test', '-Dtest=TestBuilderRickGen']
[INFO] Scanning for projects...
[WARNING] 
[WARNING] Some problems were encountered while building the effective model for com.graphhopper:rick-major:jar:5.3
[WARNING] 'dependencies.dependency.(groupId:artifactId:type:classifier)' must be unique: com.graphhopper:graphhopper-web:jar -> duplicate declaration of version 5.3 @ line 79, column 17
[WARNING] 
[WARNING] It is highly recommended to fix these problems because they threaten the stability of your build.
[WARNING] 
[WARNING] For this reason, future Maven versions might no longer support building such malformed projects.
[WARNING] 
[INFO] 
[INFO] ---------------------< com.graphhopper:rick-major >---------------------
[INFO] Building rick-major 5.3
[INFO] --------------------------------[ jar ]---------------------------------
[INFO] 
[INFO] --- maven-resources-plugin:2.6:resources (default-resources) @ rick-major ---
[INFO] Using 'UTF-8' encoding to copy filtered resources.
[INFO] Copying 0 resource
[INFO] 
[INFO] --- maven-compiler-plugin:3.8.1:compile (default-compile) @ rick-major ---
[INFO] Nothing to compile - all classes are up to date
[INFO] 
[INFO] --- maven-resources-plugin:2.6:testResources (default-testResources) @ rick-major ---
[INFO] Using 'UTF-8' encoding to copy filtered resources.
[INFO] Copying 26 resources
[INFO] 
[INFO] --- maven-compiler-plugin:3.8.1:testCompile (default-testCompile) @ rick-major ---
[INFO] Changes detected - recompiling the module!
[INFO] Compiling 15 source files to /home/dee/dev/rick-major-review/graphhopper/rick-major/target/test-classes
[INFO] 
[INFO] --- maven-surefire-plugin:2.22.2:test (default-test) @ rick-major ---
[INFO] 
[INFO] -------------------------------------------------------
[INFO]  T E S T S
[INFO] -------------------------------------------------------
[INFO] Running com.graphhopper.routing.util.TestBuilderRickGen
[ERROR] Tests run: 2, Failures: 0, Errors: 2, Skipped: 0, Time elapsed: 3.878 s <<< FAILURE! - in com.graphhopper.routing.util.TestBuilderRickGen
[ERROR] test_add_com_graphhopper_routing_ev_EncodedValue_CO_806a5d770a2047db86be84da16bb35b1  Time elapsed: 3.01 s  <<< ERROR!
java.lang.NullPointerException
	at com.graphhopper.routing.util.TestBuilderRickGen.test_add_com_graphhopper_routing_ev_EncodedValue_CO_806a5d770a2047db86be84da16bb35b1(TestBuilderRickGen.java:52)

[ERROR] test_add_com_graphhopper_routing_ev_EncodedValue_PO_806a5d770a2047db86be84da16bb35b1  Time elapsed: 0.027 s  <<< ERROR!
java.lang.NullPointerException
	at com.graphhopper.routing.util.TestBuilderRickGen.test_add_com_graphhopper_routing_ev_EncodedValue_PO_806a5d770a2047db86be84da16bb35b1(TestBuilderRickGen.java:39)

[INFO] 
[INFO] Results:
[INFO] 
[ERROR] Errors: 
[ERROR]   TestBuilderRickGen.test_add_com_graphhopper_routing_ev_EncodedValue_CO_806a5d770a2047db86be84da16bb35b1:52 » NullPointer
[ERROR]   TestBuilderRickGen.test_add_com_graphhopper_routing_ev_EncodedValue_PO_806a5d770a2047db86be84da16bb35b1:39 » NullPointer
[INFO] 
[ERROR] Tests run: 2, Failures: 0, Errors: 2, Skipped: 0
[INFO] 
[INFO] ------------------------------------------------------------------------
[INFO] BUILD FAILURE
[INFO] ------------------------------------------------------------------------
[INFO] Total time:  14.998 s
[INFO] Finished at: 2023-06-05T21:30:36+02:00
[INFO] ------------------------------------------------------------------------
[ERROR] Failed to execute goal org.apache.maven.plugins:maven-surefire-plugin:2.22.2:test (default-test) on project rick-major: There are test failures.
[ERROR] 
[ERROR] Please refer to /home/dee/dev/rick-major-review/graphhopper/rick-major/target/surefire-reports for the individual test results.
[ERROR] Please refer to dump files (if any exist) [date].dump, [date]-jvmRun[N].dump and [date].dumpstream.
[ERROR] -> [Help 1]
[ERROR] 
[ERROR] To see the full stack trace of the errors, re-run Maven with the -e switch.
[ERROR] Re-run Maven using the -X switch to enable full debug logging.
[ERROR] 
[ERROR] For more information about the errors and possible solutions, please read the following articles:
[ERROR] [Help 1] http://cwiki.apache.org/confluence/display/MAVEN/MojoFailureException

Security framework of XStream not initialized, XStream is probably vulnerable.

---------------------------------------------------
[LOG] Cleaned targets with ['mvn', 'clean']
[INFO] Scanning for projects...
[WARNING] 
[WARNING] Some problems were encountered while building the effective model for com.graphhopper:rick-major:jar:5.3
[WARNING] 'dependencies.dependency.(groupId:artifactId:type:classifier)' must be unique: com.graphhopper:graphhopper-web:jar -> duplicate declaration of version 5.3 @ line 79, column 17
[WARNING] 
[WARNING] It is highly recommended to fix these problems because they threaten the stability of your build.
[WARNING] 
[WARNING] For this reason, future Maven versions might no longer support building such malformed projects.
[WARNING] 
[INFO] 
[INFO] ---------------------< com.graphhopper:rick-major >---------------------
[INFO] Building rick-major 5.3
[INFO] --------------------------------[ jar ]---------------------------------
[INFO] 
[INFO] --- maven-clean-plugin:2.5:clean (default-clean) @ rick-major ---
[INFO] Deleting /home/dee/dev/rick-major-review/graphhopper/rick-major/target
[INFO] ------------------------------------------------------------------------
[INFO] BUILD SUCCESS
[INFO] ------------------------------------------------------------------------
[INFO] Total time:  0.898 s
[INFO] Finished at: 2023-06-05T21:30:40+02:00
[INFO] ------------------------------------------------------------------------


---------------------------------------------------
[LOG] In experiment directory /home/dee/dev/rick-major-review/finches
---------------------------------------------------
---------------------------------------------------
[LOG] Resetting EncodingManager.java to original
[LOG] Invoking cp ./EncodingManager.java/original.java /home/dee/dev/rick-major-review/graphhopper/core/src/main/java/com/graphhopper/routing/util/EncodingManager.java
---------------------------------------------------
[LOG] Replacing originalEncodingManager.java with ./EncodingManager.java/148.java
[LOG] Invoking cp ./EncodingManager.java/148.java /home/dee/dev/rick-major-review/graphhopper/core/src/main/java/com/graphhopper/routing/util/EncodingManager.java
[LOG] Invoked a clean install of the parent module with ['mvn', 'clean', 'install', '-DskipTests']
[INFO] Scanning for projects...
[INFO] 
[INFO] ------------------< com.graphhopper:graphhopper-core >------------------
[INFO] Building GraphHopper Core 5.3
[INFO] --------------------------------[ jar ]---------------------------------
[INFO] 
[INFO] --- maven-clean-plugin:2.5:clean (default-clean) @ graphhopper-core ---
[INFO] Deleting /home/dee/dev/rick-major-review/graphhopper/core/target
[INFO] 
[INFO] --- git-commit-id-plugin:3.0.0:revision (default) @ graphhopper-core ---
[INFO] 
[INFO] --- maven-resources-plugin:2.6:resources (default-resources) @ graphhopper-core ---
[INFO] Using 'UTF-8' encoding to copy filtered resources.
[INFO] Copying 3 resources
[INFO] Copying 52 resources
[INFO] 
[INFO] --- maven-compiler-plugin:3.8.1:compile (default-compile) @ graphhopper-core ---
[INFO] Changes detected - recompiling the module!
[INFO] Compiling 406 source files to /home/dee/dev/rick-major-review/graphhopper/core/target/classes
[INFO] 
[INFO] --- maven-resources-plugin:2.6:testResources (default-testResources) @ graphhopper-core ---
[INFO] Using 'UTF-8' encoding to copy filtered resources.
[INFO] Copying 37 resources
[INFO] 
[INFO] --- maven-compiler-plugin:3.8.1:testCompile (default-testCompile) @ graphhopper-core ---
[INFO] Changes detected - recompiling the module!
[INFO] Compiling 184 source files to /home/dee/dev/rick-major-review/graphhopper/core/target/test-classes
[INFO] 
[INFO] --- maven-surefire-plugin:2.22.2:test (default-test) @ graphhopper-core ---
[INFO] Tests are skipped.
[INFO] 
[INFO] --- maven-jar-plugin:3.1.1:jar (default-jar) @ graphhopper-core ---
[INFO] Building jar: /home/dee/dev/rick-major-review/graphhopper/core/target/graphhopper-core-5.3.jar
[INFO] 
[INFO] --- maven-jar-plugin:3.1.1:test-jar (default) @ graphhopper-core ---
[INFO] Building jar: /home/dee/dev/rick-major-review/graphhopper/core/target/graphhopper-core-5.3-tests.jar
[INFO] 
[INFO] --- maven-failsafe-plugin:2.22.2:integration-test (default) @ graphhopper-core ---
[INFO] Tests are skipped.
[INFO] 
[INFO] --- maven-failsafe-plugin:2.22.2:verify (default) @ graphhopper-core ---
[INFO] Tests are skipped.
[INFO] 
[INFO] --- maven-install-plugin:2.4:install (default-install) @ graphhopper-core ---
[INFO] Installing /home/dee/dev/rick-major-review/graphhopper/core/target/graphhopper-core-5.3.jar to /home/dee/.m2/repository/com/graphhopper/graphhopper-core/5.3/graphhopper-core-5.3.jar
[INFO] Installing /home/dee/dev/rick-major-review/graphhopper/core/pom.xml to /home/dee/.m2/repository/com/graphhopper/graphhopper-core/5.3/graphhopper-core-5.3.pom
[INFO] Installing /home/dee/dev/rick-major-review/graphhopper/core/target/graphhopper-core-5.3-tests.jar to /home/dee/.m2/repository/com/graphhopper/graphhopper-core/5.3/graphhopper-core-5.3-tests.jar
[INFO] ------------------------------------------------------------------------
[INFO] BUILD SUCCESS
[INFO] ------------------------------------------------------------------------
[INFO] Total time:  47.507 s
[INFO] Finished at: 2023-06-05T21:31:32+02:00
[INFO] ------------------------------------------------------------------------


---------------------------------------------------
[BASELINE] Not evaluating any oracle
[LOG] Replacing original RICK test with variant baseline
[LOG] Invoking cp /home/dee/dev/rick-major-review/finches/output/EncodingManager_Builder_add_EncodedValue/test-baseline.java /home/dee/dev/rick-major-review/graphhopper/rick-major/src/test/java/com/graphhopper/routing/util/TestBuilderRickGen.java
[LOG] In test module directory /home/dee/dev/rick-major-review/graphhopper/rick-major
[LOG] Invoked tests with ['mvn', 'test', '-Dtest=TestBuilderRickGen']
[INFO] Scanning for projects...
[WARNING] 
[WARNING] Some problems were encountered while building the effective model for com.graphhopper:rick-major:jar:5.3
[WARNING] 'dependencies.dependency.(groupId:artifactId:type:classifier)' must be unique: com.graphhopper:graphhopper-web:jar -> duplicate declaration of version 5.3 @ line 79, column 17
[WARNING] 
[WARNING] It is highly recommended to fix these problems because they threaten the stability of your build.
[WARNING] 
[WARNING] For this reason, future Maven versions might no longer support building such malformed projects.
[WARNING] 
[INFO] 
[INFO] ---------------------< com.graphhopper:rick-major >---------------------
[INFO] Building rick-major 5.3
[INFO] --------------------------------[ jar ]---------------------------------
[INFO] 
[INFO] --- maven-resources-plugin:2.6:resources (default-resources) @ rick-major ---
[INFO] Using 'UTF-8' encoding to copy filtered resources.
[INFO] Copying 0 resource
[INFO] 
[INFO] --- maven-compiler-plugin:3.8.1:compile (default-compile) @ rick-major ---
[INFO] Nothing to compile - all classes are up to date
[INFO] 
[INFO] --- maven-resources-plugin:2.6:testResources (default-testResources) @ rick-major ---
[INFO] Using 'UTF-8' encoding to copy filtered resources.
[INFO] Copying 26 resources
[INFO] 
[INFO] --- maven-compiler-plugin:3.8.1:testCompile (default-testCompile) @ rick-major ---
[INFO] Changes detected - recompiling the module!
[INFO] Compiling 15 source files to /home/dee/dev/rick-major-review/graphhopper/rick-major/target/test-classes
[INFO] 
[INFO] --- maven-surefire-plugin:2.22.2:test (default-test) @ rick-major ---
[INFO] 
[INFO] -------------------------------------------------------
[INFO]  T E S T S
[INFO] -------------------------------------------------------
[INFO] Running com.graphhopper.routing.util.TestBuilderRickGen
[INFO] Tests run: 2, Failures: 0, Errors: 0, Skipped: 0, Time elapsed: 3.689 s - in com.graphhopper.routing.util.TestBuilderRickGen
[INFO] 
[INFO] Results:
[INFO] 
[INFO] Tests run: 2, Failures: 0, Errors: 0, Skipped: 0
[INFO] 
[INFO] ------------------------------------------------------------------------
[INFO] BUILD SUCCESS
[INFO] ------------------------------------------------------------------------
[INFO] Total time:  15.114 s
[INFO] Finished at: 2023-06-05T21:31:51+02:00
[INFO] ------------------------------------------------------------------------

Security framework of XStream not initialized, XStream is probably vulnerable.

---------------------------------------------------
[LOG] Cleaned targets with ['mvn', 'clean']
[INFO] Scanning for projects...
[WARNING] 
[WARNING] Some problems were encountered while building the effective model for com.graphhopper:rick-major:jar:5.3
[WARNING] 'dependencies.dependency.(groupId:artifactId:type:classifier)' must be unique: com.graphhopper:graphhopper-web:jar -> duplicate declaration of version 5.3 @ line 79, column 17
[WARNING] 
[WARNING] It is highly recommended to fix these problems because they threaten the stability of your build.
[WARNING] 
[WARNING] For this reason, future Maven versions might no longer support building such malformed projects.
[WARNING] 
[INFO] 
[INFO] ---------------------< com.graphhopper:rick-major >---------------------
[INFO] Building rick-major 5.3
[INFO] --------------------------------[ jar ]---------------------------------
[INFO] 
[INFO] --- maven-clean-plugin:2.5:clean (default-clean) @ rick-major ---
[INFO] Deleting /home/dee/dev/rick-major-review/graphhopper/rick-major/target
[INFO] ------------------------------------------------------------------------
[INFO] BUILD SUCCESS
[INFO] ------------------------------------------------------------------------
[INFO] Total time:  0.945 s
[INFO] Finished at: 2023-06-05T21:31:56+02:00
[INFO] ------------------------------------------------------------------------


---------------------------------------------------
[LOG] In experiment directory /home/dee/dev/rick-major-review/finches
---------------------------------------------------
[LOG] Restoring original RICK test from ./EncodingManager.java/original-test.java
[LOG] Invoking cp ./EncodingManager.java/original-test.java /home/dee/dev/rick-major-review/graphhopper/rick-major/src/test/java/com/graphhopper/routing/util/TestBuilderRickGen.java
---------------------------------------------------
[PO] Evaluating only PO
[LOG] Replacing original RICK test with variant po
[LOG] Invoking cp /home/dee/dev/rick-major-review/finches/output/EncodingManager_Builder_add_EncodedValue/test-po.java /home/dee/dev/rick-major-review/graphhopper/rick-major/src/test/java/com/graphhopper/routing/util/TestBuilderRickGen.java
[LOG] In test module directory /home/dee/dev/rick-major-review/graphhopper/rick-major
[LOG] Invoked tests with ['mvn', 'test', '-Dtest=TestBuilderRickGen']
[INFO] Scanning for projects...
[WARNING] 
[WARNING] Some problems were encountered while building the effective model for com.graphhopper:rick-major:jar:5.3
[WARNING] 'dependencies.dependency.(groupId:artifactId:type:classifier)' must be unique: com.graphhopper:graphhopper-web:jar -> duplicate declaration of version 5.3 @ line 79, column 17
[WARNING] 
[WARNING] It is highly recommended to fix these problems because they threaten the stability of your build.
[WARNING] 
[WARNING] For this reason, future Maven versions might no longer support building such malformed projects.
[WARNING] 
[INFO] 
[INFO] ---------------------< com.graphhopper:rick-major >---------------------
[INFO] Building rick-major 5.3
[INFO] --------------------------------[ jar ]---------------------------------
[INFO] 
[INFO] --- maven-resources-plugin:2.6:resources (default-resources) @ rick-major ---
[INFO] Using 'UTF-8' encoding to copy filtered resources.
[INFO] Copying 0 resource
[INFO] 
[INFO] --- maven-compiler-plugin:3.8.1:compile (default-compile) @ rick-major ---
[INFO] Nothing to compile - all classes are up to date
[INFO] 
[INFO] --- maven-resources-plugin:2.6:testResources (default-testResources) @ rick-major ---
[INFO] Using 'UTF-8' encoding to copy filtered resources.
[INFO] Copying 26 resources
[INFO] 
[INFO] --- maven-compiler-plugin:3.8.1:testCompile (default-testCompile) @ rick-major ---
[INFO] Changes detected - recompiling the module!
[INFO] Compiling 15 source files to /home/dee/dev/rick-major-review/graphhopper/rick-major/target/test-classes
[INFO] 
[INFO] --- maven-surefire-plugin:2.22.2:test (default-test) @ rick-major ---
[INFO] 
[INFO] -------------------------------------------------------
[INFO]  T E S T S
[INFO] -------------------------------------------------------
[INFO] Running com.graphhopper.routing.util.TestBuilderRickGen
[INFO] Tests run: 2, Failures: 0, Errors: 0, Skipped: 0, Time elapsed: 3.764 s - in com.graphhopper.routing.util.TestBuilderRickGen
[INFO] 
[INFO] Results:
[INFO] 
[INFO] Tests run: 2, Failures: 0, Errors: 0, Skipped: 0
[INFO] 
[INFO] ------------------------------------------------------------------------
[INFO] BUILD SUCCESS
[INFO] ------------------------------------------------------------------------
[INFO] Total time:  16.128 s
[INFO] Finished at: 2023-06-05T21:32:16+02:00
[INFO] ------------------------------------------------------------------------

Security framework of XStream not initialized, XStream is probably vulnerable.

---------------------------------------------------
[LOG] Cleaned targets with ['mvn', 'clean']
[INFO] Scanning for projects...
[WARNING] 
[WARNING] Some problems were encountered while building the effective model for com.graphhopper:rick-major:jar:5.3
[WARNING] 'dependencies.dependency.(groupId:artifactId:type:classifier)' must be unique: com.graphhopper:graphhopper-web:jar -> duplicate declaration of version 5.3 @ line 79, column 17
[WARNING] 
[WARNING] It is highly recommended to fix these problems because they threaten the stability of your build.
[WARNING] 
[WARNING] For this reason, future Maven versions might no longer support building such malformed projects.
[WARNING] 
[INFO] 
[INFO] ---------------------< com.graphhopper:rick-major >---------------------
[INFO] Building rick-major 5.3
[INFO] --------------------------------[ jar ]---------------------------------
[INFO] 
[INFO] --- maven-clean-plugin:2.5:clean (default-clean) @ rick-major ---
[INFO] Deleting /home/dee/dev/rick-major-review/graphhopper/rick-major/target
[INFO] ------------------------------------------------------------------------
[INFO] BUILD SUCCESS
[INFO] ------------------------------------------------------------------------
[INFO] Total time:  1.247 s
[INFO] Finished at: 2023-06-05T21:32:20+02:00
[INFO] ------------------------------------------------------------------------


---------------------------------------------------
[LOG] In experiment directory /home/dee/dev/rick-major-review/finches
---------------------------------------------------
[LOG] Restoring original RICK test from ./EncodingManager.java/original-test.java
[LOG] Invoking cp ./EncodingManager.java/original-test.java /home/dee/dev/rick-major-review/graphhopper/rick-major/src/test/java/com/graphhopper/routing/util/TestBuilderRickGen.java
---------------------------------------------------
[CO] Evaluating only CO
[LOG] Replacing original RICK test with variant co
[LOG] Invoking cp /home/dee/dev/rick-major-review/finches/output/EncodingManager_Builder_add_EncodedValue/test-co.java /home/dee/dev/rick-major-review/graphhopper/rick-major/src/test/java/com/graphhopper/routing/util/TestBuilderRickGen.java
[LOG] In test module directory /home/dee/dev/rick-major-review/graphhopper/rick-major
[LOG] Invoked tests with ['mvn', 'test', '-Dtest=TestBuilderRickGen']
[INFO] Scanning for projects...
[WARNING] 
[WARNING] Some problems were encountered while building the effective model for com.graphhopper:rick-major:jar:5.3
[WARNING] 'dependencies.dependency.(groupId:artifactId:type:classifier)' must be unique: com.graphhopper:graphhopper-web:jar -> duplicate declaration of version 5.3 @ line 79, column 17
[WARNING] 
[WARNING] It is highly recommended to fix these problems because they threaten the stability of your build.
[WARNING] 
[WARNING] For this reason, future Maven versions might no longer support building such malformed projects.
[WARNING] 
[INFO] 
[INFO] ---------------------< com.graphhopper:rick-major >---------------------
[INFO] Building rick-major 5.3
[INFO] --------------------------------[ jar ]---------------------------------
[INFO] 
[INFO] --- maven-resources-plugin:2.6:resources (default-resources) @ rick-major ---
[INFO] Using 'UTF-8' encoding to copy filtered resources.
[INFO] Copying 0 resource
[INFO] 
[INFO] --- maven-compiler-plugin:3.8.1:compile (default-compile) @ rick-major ---
[INFO] Nothing to compile - all classes are up to date
[INFO] 
[INFO] --- maven-resources-plugin:2.6:testResources (default-testResources) @ rick-major ---
[INFO] Using 'UTF-8' encoding to copy filtered resources.
[INFO] Copying 26 resources
[INFO] 
[INFO] --- maven-compiler-plugin:3.8.1:testCompile (default-testCompile) @ rick-major ---
[INFO] Changes detected - recompiling the module!
[INFO] Compiling 15 source files to /home/dee/dev/rick-major-review/graphhopper/rick-major/target/test-classes
[INFO] 
[INFO] --- maven-surefire-plugin:2.22.2:test (default-test) @ rick-major ---
[INFO] 
[INFO] -------------------------------------------------------
[INFO]  T E S T S
[INFO] -------------------------------------------------------
[INFO] Running com.graphhopper.routing.util.TestBuilderRickGen
[INFO] Tests run: 2, Failures: 0, Errors: 0, Skipped: 0, Time elapsed: 3.733 s - in com.graphhopper.routing.util.TestBuilderRickGen
[INFO] 
[INFO] Results:
[INFO] 
[INFO] Tests run: 2, Failures: 0, Errors: 0, Skipped: 0
[INFO] 
[INFO] ------------------------------------------------------------------------
[INFO] BUILD SUCCESS
[INFO] ------------------------------------------------------------------------
[INFO] Total time:  15.620 s
[INFO] Finished at: 2023-06-05T21:32:40+02:00
[INFO] ------------------------------------------------------------------------

Security framework of XStream not initialized, XStream is probably vulnerable.

---------------------------------------------------
[LOG] Cleaned targets with ['mvn', 'clean']
[INFO] Scanning for projects...
[WARNING] 
[WARNING] Some problems were encountered while building the effective model for com.graphhopper:rick-major:jar:5.3
[WARNING] 'dependencies.dependency.(groupId:artifactId:type:classifier)' must be unique: com.graphhopper:graphhopper-web:jar -> duplicate declaration of version 5.3 @ line 79, column 17
[WARNING] 
[WARNING] It is highly recommended to fix these problems because they threaten the stability of your build.
[WARNING] 
[WARNING] For this reason, future Maven versions might no longer support building such malformed projects.
[WARNING] 
[INFO] 
[INFO] ---------------------< com.graphhopper:rick-major >---------------------
[INFO] Building rick-major 5.3
[INFO] --------------------------------[ jar ]---------------------------------
[INFO] 
[INFO] --- maven-clean-plugin:2.5:clean (default-clean) @ rick-major ---
[INFO] Deleting /home/dee/dev/rick-major-review/graphhopper/rick-major/target
[INFO] ------------------------------------------------------------------------
[INFO] BUILD SUCCESS
[INFO] ------------------------------------------------------------------------
[INFO] Total time:  1.000 s
[INFO] Finished at: 2023-06-05T21:32:45+02:00
[INFO] ------------------------------------------------------------------------


---------------------------------------------------
[LOG] In experiment directory /home/dee/dev/rick-major-review/finches
---------------------------------------------------
[LOG] Restoring original RICK test from ./EncodingManager.java/original-test.java
[LOG] Invoking cp ./EncodingManager.java/original-test.java /home/dee/dev/rick-major-review/graphhopper/rick-major/src/test/java/com/graphhopper/routing/util/TestBuilderRickGen.java
---------------------------------------------------
[ALL] Evaluating (OO +) PO + CO
[LOG] Restoring original RICK test from ./EncodingManager.java/original-test.java
[LOG] Invoking cp ./EncodingManager.java/original-test.java /home/dee/dev/rick-major-review/graphhopper/rick-major/src/test/java/com/graphhopper/routing/util/TestBuilderRickGen.java
[LOG] In test module directory /home/dee/dev/rick-major-review/graphhopper/rick-major
[LOG] Invoked tests with ['mvn', 'test', '-Dtest=TestBuilderRickGen']
[INFO] Scanning for projects...
[WARNING] 
[WARNING] Some problems were encountered while building the effective model for com.graphhopper:rick-major:jar:5.3
[WARNING] 'dependencies.dependency.(groupId:artifactId:type:classifier)' must be unique: com.graphhopper:graphhopper-web:jar -> duplicate declaration of version 5.3 @ line 79, column 17
[WARNING] 
[WARNING] It is highly recommended to fix these problems because they threaten the stability of your build.
[WARNING] 
[WARNING] For this reason, future Maven versions might no longer support building such malformed projects.
[WARNING] 
[INFO] 
[INFO] ---------------------< com.graphhopper:rick-major >---------------------
[INFO] Building rick-major 5.3
[INFO] --------------------------------[ jar ]---------------------------------
[INFO] 
[INFO] --- maven-resources-plugin:2.6:resources (default-resources) @ rick-major ---
[INFO] Using 'UTF-8' encoding to copy filtered resources.
[INFO] Copying 0 resource
[INFO] 
[INFO] --- maven-compiler-plugin:3.8.1:compile (default-compile) @ rick-major ---
[INFO] Nothing to compile - all classes are up to date
[INFO] 
[INFO] --- maven-resources-plugin:2.6:testResources (default-testResources) @ rick-major ---
[INFO] Using 'UTF-8' encoding to copy filtered resources.
[INFO] Copying 26 resources
[INFO] 
[INFO] --- maven-compiler-plugin:3.8.1:testCompile (default-testCompile) @ rick-major ---
[INFO] Changes detected - recompiling the module!
[INFO] Compiling 15 source files to /home/dee/dev/rick-major-review/graphhopper/rick-major/target/test-classes
[INFO] 
[INFO] --- maven-surefire-plugin:2.22.2:test (default-test) @ rick-major ---
[INFO] 
[INFO] -------------------------------------------------------
[INFO]  T E S T S
[INFO] -------------------------------------------------------
[INFO] Running com.graphhopper.routing.util.TestBuilderRickGen
[INFO] Tests run: 2, Failures: 0, Errors: 0, Skipped: 0, Time elapsed: 3.785 s - in com.graphhopper.routing.util.TestBuilderRickGen
[INFO] 
[INFO] Results:
[INFO] 
[INFO] Tests run: 2, Failures: 0, Errors: 0, Skipped: 0
[INFO] 
[INFO] ------------------------------------------------------------------------
[INFO] BUILD SUCCESS
[INFO] ------------------------------------------------------------------------
[INFO] Total time:  15.381 s
[INFO] Finished at: 2023-06-05T21:33:04+02:00
[INFO] ------------------------------------------------------------------------

Security framework of XStream not initialized, XStream is probably vulnerable.

---------------------------------------------------
[LOG] Cleaned targets with ['mvn', 'clean']
[INFO] Scanning for projects...
[WARNING] 
[WARNING] Some problems were encountered while building the effective model for com.graphhopper:rick-major:jar:5.3
[WARNING] 'dependencies.dependency.(groupId:artifactId:type:classifier)' must be unique: com.graphhopper:graphhopper-web:jar -> duplicate declaration of version 5.3 @ line 79, column 17
[WARNING] 
[WARNING] It is highly recommended to fix these problems because they threaten the stability of your build.
[WARNING] 
[WARNING] For this reason, future Maven versions might no longer support building such malformed projects.
[WARNING] 
[INFO] 
[INFO] ---------------------< com.graphhopper:rick-major >---------------------
[INFO] Building rick-major 5.3
[INFO] --------------------------------[ jar ]---------------------------------
[INFO] 
[INFO] --- maven-clean-plugin:2.5:clean (default-clean) @ rick-major ---
[INFO] Deleting /home/dee/dev/rick-major-review/graphhopper/rick-major/target
[INFO] ------------------------------------------------------------------------
[INFO] BUILD SUCCESS
[INFO] ------------------------------------------------------------------------
[INFO] Total time:  1.011 s
[INFO] Finished at: 2023-06-05T21:33:09+02:00
[INFO] ------------------------------------------------------------------------


---------------------------------------------------
[LOG] In experiment directory /home/dee/dev/rick-major-review/finches
---------------------------------------------------
---------------------------------------------------
[LOG] Resetting EncodingManager.java to original
[LOG] Invoking cp ./EncodingManager.java/original.java /home/dee/dev/rick-major-review/graphhopper/core/src/main/java/com/graphhopper/routing/util/EncodingManager.java
---------------------------------------------------
[LOG] Replacing originalEncodingManager.java with ./EncodingManager.java/206.java
[LOG] Invoking cp ./EncodingManager.java/206.java /home/dee/dev/rick-major-review/graphhopper/core/src/main/java/com/graphhopper/routing/util/EncodingManager.java
[LOG] Invoked a clean install of the parent module with ['mvn', 'clean', 'install', '-DskipTests']
[INFO] Scanning for projects...
[INFO] 
[INFO] ------------------< com.graphhopper:graphhopper-core >------------------
[INFO] Building GraphHopper Core 5.3
[INFO] --------------------------------[ jar ]---------------------------------
[INFO] 
[INFO] --- maven-clean-plugin:2.5:clean (default-clean) @ graphhopper-core ---
[INFO] Deleting /home/dee/dev/rick-major-review/graphhopper/core/target
[INFO] 
[INFO] --- git-commit-id-plugin:3.0.0:revision (default) @ graphhopper-core ---
[INFO] 
[INFO] --- maven-resources-plugin:2.6:resources (default-resources) @ graphhopper-core ---
[INFO] Using 'UTF-8' encoding to copy filtered resources.
[INFO] Copying 3 resources
[INFO] Copying 52 resources
[INFO] 
[INFO] --- maven-compiler-plugin:3.8.1:compile (default-compile) @ graphhopper-core ---
[INFO] Changes detected - recompiling the module!
[INFO] Compiling 406 source files to /home/dee/dev/rick-major-review/graphhopper/core/target/classes
[INFO] 
[INFO] --- maven-resources-plugin:2.6:testResources (default-testResources) @ graphhopper-core ---
[INFO] Using 'UTF-8' encoding to copy filtered resources.
[INFO] Copying 37 resources
[INFO] 
[INFO] --- maven-compiler-plugin:3.8.1:testCompile (default-testCompile) @ graphhopper-core ---
[INFO] Changes detected - recompiling the module!
[INFO] Compiling 184 source files to /home/dee/dev/rick-major-review/graphhopper/core/target/test-classes
[INFO] 
[INFO] --- maven-surefire-plugin:2.22.2:test (default-test) @ graphhopper-core ---
[INFO] Tests are skipped.
[INFO] 
[INFO] --- maven-jar-plugin:3.1.1:jar (default-jar) @ graphhopper-core ---
[INFO] Building jar: /home/dee/dev/rick-major-review/graphhopper/core/target/graphhopper-core-5.3.jar
[INFO] 
[INFO] --- maven-jar-plugin:3.1.1:test-jar (default) @ graphhopper-core ---
[INFO] Building jar: /home/dee/dev/rick-major-review/graphhopper/core/target/graphhopper-core-5.3-tests.jar
[INFO] 
[INFO] --- maven-failsafe-plugin:2.22.2:integration-test (default) @ graphhopper-core ---
[INFO] Tests are skipped.
[INFO] 
[INFO] --- maven-failsafe-plugin:2.22.2:verify (default) @ graphhopper-core ---
[INFO] Tests are skipped.
[INFO] 
[INFO] --- maven-install-plugin:2.4:install (default-install) @ graphhopper-core ---
[INFO] Installing /home/dee/dev/rick-major-review/graphhopper/core/target/graphhopper-core-5.3.jar to /home/dee/.m2/repository/com/graphhopper/graphhopper-core/5.3/graphhopper-core-5.3.jar
[INFO] Installing /home/dee/dev/rick-major-review/graphhopper/core/pom.xml to /home/dee/.m2/repository/com/graphhopper/graphhopper-core/5.3/graphhopper-core-5.3.pom
[INFO] Installing /home/dee/dev/rick-major-review/graphhopper/core/target/graphhopper-core-5.3-tests.jar to /home/dee/.m2/repository/com/graphhopper/graphhopper-core/5.3/graphhopper-core-5.3-tests.jar
[INFO] ------------------------------------------------------------------------
[INFO] BUILD SUCCESS
[INFO] ------------------------------------------------------------------------
[INFO] Total time:  47.347 s
[INFO] Finished at: 2023-06-05T21:34:01+02:00
[INFO] ------------------------------------------------------------------------


---------------------------------------------------
[BASELINE] Not evaluating any oracle
[LOG] Replacing original RICK test with variant baseline
[LOG] Invoking cp /home/dee/dev/rick-major-review/finches/output/EncodingManager_Builder_add_EncodedValue/test-baseline.java /home/dee/dev/rick-major-review/graphhopper/rick-major/src/test/java/com/graphhopper/routing/util/TestBuilderRickGen.java
[LOG] In test module directory /home/dee/dev/rick-major-review/graphhopper/rick-major
[LOG] Invoked tests with ['mvn', 'test', '-Dtest=TestBuilderRickGen']
[INFO] Scanning for projects...
[WARNING] 
[WARNING] Some problems were encountered while building the effective model for com.graphhopper:rick-major:jar:5.3
[WARNING] 'dependencies.dependency.(groupId:artifactId:type:classifier)' must be unique: com.graphhopper:graphhopper-web:jar -> duplicate declaration of version 5.3 @ line 79, column 17
[WARNING] 
[WARNING] It is highly recommended to fix these problems because they threaten the stability of your build.
[WARNING] 
[WARNING] For this reason, future Maven versions might no longer support building such malformed projects.
[WARNING] 
[INFO] 
[INFO] ---------------------< com.graphhopper:rick-major >---------------------
[INFO] Building rick-major 5.3
[INFO] --------------------------------[ jar ]---------------------------------
[INFO] 
[INFO] --- maven-resources-plugin:2.6:resources (default-resources) @ rick-major ---
[INFO] Using 'UTF-8' encoding to copy filtered resources.
[INFO] Copying 0 resource
[INFO] 
[INFO] --- maven-compiler-plugin:3.8.1:compile (default-compile) @ rick-major ---
[INFO] Nothing to compile - all classes are up to date
[INFO] 
[INFO] --- maven-resources-plugin:2.6:testResources (default-testResources) @ rick-major ---
[INFO] Using 'UTF-8' encoding to copy filtered resources.
[INFO] Copying 26 resources
[INFO] 
[INFO] --- maven-compiler-plugin:3.8.1:testCompile (default-testCompile) @ rick-major ---
[INFO] Changes detected - recompiling the module!
[INFO] Compiling 15 source files to /home/dee/dev/rick-major-review/graphhopper/rick-major/target/test-classes
[INFO] 
[INFO] --- maven-surefire-plugin:2.22.2:test (default-test) @ rick-major ---
[INFO] 
[INFO] -------------------------------------------------------
[INFO]  T E S T S
[INFO] -------------------------------------------------------
[INFO] Running com.graphhopper.routing.util.TestBuilderRickGen
[INFO] Tests run: 2, Failures: 0, Errors: 0, Skipped: 0, Time elapsed: 3.695 s - in com.graphhopper.routing.util.TestBuilderRickGen
[INFO] 
[INFO] Results:
[INFO] 
[INFO] Tests run: 2, Failures: 0, Errors: 0, Skipped: 0
[INFO] 
[INFO] ------------------------------------------------------------------------
[INFO] BUILD SUCCESS
[INFO] ------------------------------------------------------------------------
[INFO] Total time:  14.904 s
[INFO] Finished at: 2023-06-05T21:34:19+02:00
[INFO] ------------------------------------------------------------------------

Security framework of XStream not initialized, XStream is probably vulnerable.

---------------------------------------------------
[LOG] Cleaned targets with ['mvn', 'clean']
[INFO] Scanning for projects...
[WARNING] 
[WARNING] Some problems were encountered while building the effective model for com.graphhopper:rick-major:jar:5.3
[WARNING] 'dependencies.dependency.(groupId:artifactId:type:classifier)' must be unique: com.graphhopper:graphhopper-web:jar -> duplicate declaration of version 5.3 @ line 79, column 17
[WARNING] 
[WARNING] It is highly recommended to fix these problems because they threaten the stability of your build.
[WARNING] 
[WARNING] For this reason, future Maven versions might no longer support building such malformed projects.
[WARNING] 
[INFO] 
[INFO] ---------------------< com.graphhopper:rick-major >---------------------
[INFO] Building rick-major 5.3
[INFO] --------------------------------[ jar ]---------------------------------
[INFO] 
[INFO] --- maven-clean-plugin:2.5:clean (default-clean) @ rick-major ---
[INFO] Deleting /home/dee/dev/rick-major-review/graphhopper/rick-major/target
[INFO] ------------------------------------------------------------------------
[INFO] BUILD SUCCESS
[INFO] ------------------------------------------------------------------------
[INFO] Total time:  0.839 s
[INFO] Finished at: 2023-06-05T21:34:24+02:00
[INFO] ------------------------------------------------------------------------


---------------------------------------------------
[LOG] In experiment directory /home/dee/dev/rick-major-review/finches
---------------------------------------------------
[LOG] Restoring original RICK test from ./EncodingManager.java/original-test.java
[LOG] Invoking cp ./EncodingManager.java/original-test.java /home/dee/dev/rick-major-review/graphhopper/rick-major/src/test/java/com/graphhopper/routing/util/TestBuilderRickGen.java
---------------------------------------------------
[PO] Evaluating only PO
[LOG] Replacing original RICK test with variant po
[LOG] Invoking cp /home/dee/dev/rick-major-review/finches/output/EncodingManager_Builder_add_EncodedValue/test-po.java /home/dee/dev/rick-major-review/graphhopper/rick-major/src/test/java/com/graphhopper/routing/util/TestBuilderRickGen.java
[LOG] In test module directory /home/dee/dev/rick-major-review/graphhopper/rick-major
[LOG] Invoked tests with ['mvn', 'test', '-Dtest=TestBuilderRickGen']
[INFO] Scanning for projects...
[WARNING] 
[WARNING] Some problems were encountered while building the effective model for com.graphhopper:rick-major:jar:5.3
[WARNING] 'dependencies.dependency.(groupId:artifactId:type:classifier)' must be unique: com.graphhopper:graphhopper-web:jar -> duplicate declaration of version 5.3 @ line 79, column 17
[WARNING] 
[WARNING] It is highly recommended to fix these problems because they threaten the stability of your build.
[WARNING] 
[WARNING] For this reason, future Maven versions might no longer support building such malformed projects.
[WARNING] 
[INFO] 
[INFO] ---------------------< com.graphhopper:rick-major >---------------------
[INFO] Building rick-major 5.3
[INFO] --------------------------------[ jar ]---------------------------------
[INFO] 
[INFO] --- maven-resources-plugin:2.6:resources (default-resources) @ rick-major ---
[INFO] Using 'UTF-8' encoding to copy filtered resources.
[INFO] Copying 0 resource
[INFO] 
[INFO] --- maven-compiler-plugin:3.8.1:compile (default-compile) @ rick-major ---
[INFO] Nothing to compile - all classes are up to date
[INFO] 
[INFO] --- maven-resources-plugin:2.6:testResources (default-testResources) @ rick-major ---
[INFO] Using 'UTF-8' encoding to copy filtered resources.
[INFO] Copying 26 resources
[INFO] 
[INFO] --- maven-compiler-plugin:3.8.1:testCompile (default-testCompile) @ rick-major ---
[INFO] Changes detected - recompiling the module!
[INFO] Compiling 15 source files to /home/dee/dev/rick-major-review/graphhopper/rick-major/target/test-classes
[INFO] 
[INFO] --- maven-surefire-plugin:2.22.2:test (default-test) @ rick-major ---
[INFO] 
[INFO] -------------------------------------------------------
[INFO]  T E S T S
[INFO] -------------------------------------------------------
[INFO] Running com.graphhopper.routing.util.TestBuilderRickGen
[INFO] Tests run: 2, Failures: 0, Errors: 0, Skipped: 0, Time elapsed: 3.579 s - in com.graphhopper.routing.util.TestBuilderRickGen
[INFO] 
[INFO] Results:
[INFO] 
[INFO] Tests run: 2, Failures: 0, Errors: 0, Skipped: 0
[INFO] 
[INFO] ------------------------------------------------------------------------
[INFO] BUILD SUCCESS
[INFO] ------------------------------------------------------------------------
[INFO] Total time:  15.385 s
[INFO] Finished at: 2023-06-05T21:34:43+02:00
[INFO] ------------------------------------------------------------------------

Security framework of XStream not initialized, XStream is probably vulnerable.

---------------------------------------------------
[LOG] Cleaned targets with ['mvn', 'clean']
[INFO] Scanning for projects...
[WARNING] 
[WARNING] Some problems were encountered while building the effective model for com.graphhopper:rick-major:jar:5.3
[WARNING] 'dependencies.dependency.(groupId:artifactId:type:classifier)' must be unique: com.graphhopper:graphhopper-web:jar -> duplicate declaration of version 5.3 @ line 79, column 17
[WARNING] 
[WARNING] It is highly recommended to fix these problems because they threaten the stability of your build.
[WARNING] 
[WARNING] For this reason, future Maven versions might no longer support building such malformed projects.
[WARNING] 
[INFO] 
[INFO] ---------------------< com.graphhopper:rick-major >---------------------
[INFO] Building rick-major 5.3
[INFO] --------------------------------[ jar ]---------------------------------
[INFO] 
[INFO] --- maven-clean-plugin:2.5:clean (default-clean) @ rick-major ---
[INFO] Deleting /home/dee/dev/rick-major-review/graphhopper/rick-major/target
[INFO] ------------------------------------------------------------------------
[INFO] BUILD SUCCESS
[INFO] ------------------------------------------------------------------------
[INFO] Total time:  0.891 s
[INFO] Finished at: 2023-06-05T21:34:48+02:00
[INFO] ------------------------------------------------------------------------


---------------------------------------------------
[LOG] In experiment directory /home/dee/dev/rick-major-review/finches
---------------------------------------------------
[LOG] Restoring original RICK test from ./EncodingManager.java/original-test.java
[LOG] Invoking cp ./EncodingManager.java/original-test.java /home/dee/dev/rick-major-review/graphhopper/rick-major/src/test/java/com/graphhopper/routing/util/TestBuilderRickGen.java
---------------------------------------------------
[CO] Evaluating only CO
[LOG] Replacing original RICK test with variant co
[LOG] Invoking cp /home/dee/dev/rick-major-review/finches/output/EncodingManager_Builder_add_EncodedValue/test-co.java /home/dee/dev/rick-major-review/graphhopper/rick-major/src/test/java/com/graphhopper/routing/util/TestBuilderRickGen.java
[LOG] In test module directory /home/dee/dev/rick-major-review/graphhopper/rick-major
[LOG] Invoked tests with ['mvn', 'test', '-Dtest=TestBuilderRickGen']
[INFO] Scanning for projects...
[WARNING] 
[WARNING] Some problems were encountered while building the effective model for com.graphhopper:rick-major:jar:5.3
[WARNING] 'dependencies.dependency.(groupId:artifactId:type:classifier)' must be unique: com.graphhopper:graphhopper-web:jar -> duplicate declaration of version 5.3 @ line 79, column 17
[WARNING] 
[WARNING] It is highly recommended to fix these problems because they threaten the stability of your build.
[WARNING] 
[WARNING] For this reason, future Maven versions might no longer support building such malformed projects.
[WARNING] 
[INFO] 
[INFO] ---------------------< com.graphhopper:rick-major >---------------------
[INFO] Building rick-major 5.3
[INFO] --------------------------------[ jar ]---------------------------------
[INFO] 
[INFO] --- maven-resources-plugin:2.6:resources (default-resources) @ rick-major ---
[INFO] Using 'UTF-8' encoding to copy filtered resources.
[INFO] Copying 0 resource
[INFO] 
[INFO] --- maven-compiler-plugin:3.8.1:compile (default-compile) @ rick-major ---
[INFO] Nothing to compile - all classes are up to date
[INFO] 
[INFO] --- maven-resources-plugin:2.6:testResources (default-testResources) @ rick-major ---
[INFO] Using 'UTF-8' encoding to copy filtered resources.
[INFO] Copying 26 resources
[INFO] 
[INFO] --- maven-compiler-plugin:3.8.1:testCompile (default-testCompile) @ rick-major ---
[INFO] Changes detected - recompiling the module!
[INFO] Compiling 15 source files to /home/dee/dev/rick-major-review/graphhopper/rick-major/target/test-classes
[INFO] 
[INFO] --- maven-surefire-plugin:2.22.2:test (default-test) @ rick-major ---
[INFO] 
[INFO] -------------------------------------------------------
[INFO]  T E S T S
[INFO] -------------------------------------------------------
[INFO] Running com.graphhopper.routing.util.TestBuilderRickGen
[INFO] Tests run: 2, Failures: 0, Errors: 0, Skipped: 0, Time elapsed: 3.783 s - in com.graphhopper.routing.util.TestBuilderRickGen
[INFO] 
[INFO] Results:
[INFO] 
[INFO] Tests run: 2, Failures: 0, Errors: 0, Skipped: 0
[INFO] 
[INFO] ------------------------------------------------------------------------
[INFO] BUILD SUCCESS
[INFO] ------------------------------------------------------------------------
[INFO] Total time:  15.825 s
[INFO] Finished at: 2023-06-05T21:35:07+02:00
[INFO] ------------------------------------------------------------------------

Security framework of XStream not initialized, XStream is probably vulnerable.

---------------------------------------------------
[LOG] Cleaned targets with ['mvn', 'clean']
[INFO] Scanning for projects...
[WARNING] 
[WARNING] Some problems were encountered while building the effective model for com.graphhopper:rick-major:jar:5.3
[WARNING] 'dependencies.dependency.(groupId:artifactId:type:classifier)' must be unique: com.graphhopper:graphhopper-web:jar -> duplicate declaration of version 5.3 @ line 79, column 17
[WARNING] 
[WARNING] It is highly recommended to fix these problems because they threaten the stability of your build.
[WARNING] 
[WARNING] For this reason, future Maven versions might no longer support building such malformed projects.
[WARNING] 
[INFO] 
[INFO] ---------------------< com.graphhopper:rick-major >---------------------
[INFO] Building rick-major 5.3
[INFO] --------------------------------[ jar ]---------------------------------
[INFO] 
[INFO] --- maven-clean-plugin:2.5:clean (default-clean) @ rick-major ---
[INFO] Deleting /home/dee/dev/rick-major-review/graphhopper/rick-major/target
[INFO] ------------------------------------------------------------------------
[INFO] BUILD SUCCESS
[INFO] ------------------------------------------------------------------------
[INFO] Total time:  1.035 s
[INFO] Finished at: 2023-06-05T21:35:12+02:00
[INFO] ------------------------------------------------------------------------


---------------------------------------------------
[LOG] In experiment directory /home/dee/dev/rick-major-review/finches
---------------------------------------------------
[LOG] Restoring original RICK test from ./EncodingManager.java/original-test.java
[LOG] Invoking cp ./EncodingManager.java/original-test.java /home/dee/dev/rick-major-review/graphhopper/rick-major/src/test/java/com/graphhopper/routing/util/TestBuilderRickGen.java
---------------------------------------------------
[ALL] Evaluating (OO +) PO + CO
[LOG] Restoring original RICK test from ./EncodingManager.java/original-test.java
[LOG] Invoking cp ./EncodingManager.java/original-test.java /home/dee/dev/rick-major-review/graphhopper/rick-major/src/test/java/com/graphhopper/routing/util/TestBuilderRickGen.java
[LOG] In test module directory /home/dee/dev/rick-major-review/graphhopper/rick-major
[LOG] Invoked tests with ['mvn', 'test', '-Dtest=TestBuilderRickGen']
[INFO] Scanning for projects...
[WARNING] 
[WARNING] Some problems were encountered while building the effective model for com.graphhopper:rick-major:jar:5.3
[WARNING] 'dependencies.dependency.(groupId:artifactId:type:classifier)' must be unique: com.graphhopper:graphhopper-web:jar -> duplicate declaration of version 5.3 @ line 79, column 17
[WARNING] 
[WARNING] It is highly recommended to fix these problems because they threaten the stability of your build.
[WARNING] 
[WARNING] For this reason, future Maven versions might no longer support building such malformed projects.
[WARNING] 
[INFO] 
[INFO] ---------------------< com.graphhopper:rick-major >---------------------
[INFO] Building rick-major 5.3
[INFO] --------------------------------[ jar ]---------------------------------
[INFO] 
[INFO] --- maven-resources-plugin:2.6:resources (default-resources) @ rick-major ---
[INFO] Using 'UTF-8' encoding to copy filtered resources.
[INFO] Copying 0 resource
[INFO] 
[INFO] --- maven-compiler-plugin:3.8.1:compile (default-compile) @ rick-major ---
[INFO] Nothing to compile - all classes are up to date
[INFO] 
[INFO] --- maven-resources-plugin:2.6:testResources (default-testResources) @ rick-major ---
[INFO] Using 'UTF-8' encoding to copy filtered resources.
[INFO] Copying 26 resources
[INFO] 
[INFO] --- maven-compiler-plugin:3.8.1:testCompile (default-testCompile) @ rick-major ---
[INFO] Changes detected - recompiling the module!
[INFO] Compiling 15 source files to /home/dee/dev/rick-major-review/graphhopper/rick-major/target/test-classes
[INFO] 
[INFO] --- maven-surefire-plugin:2.22.2:test (default-test) @ rick-major ---
[INFO] 
[INFO] -------------------------------------------------------
[INFO]  T E S T S
[INFO] -------------------------------------------------------
[INFO] Running com.graphhopper.routing.util.TestBuilderRickGen
[INFO] Tests run: 2, Failures: 0, Errors: 0, Skipped: 0, Time elapsed: 3.925 s - in com.graphhopper.routing.util.TestBuilderRickGen
[INFO] 
[INFO] Results:
[INFO] 
[INFO] Tests run: 2, Failures: 0, Errors: 0, Skipped: 0
[INFO] 
[INFO] ------------------------------------------------------------------------
[INFO] BUILD SUCCESS
[INFO] ------------------------------------------------------------------------
[INFO] Total time:  15.412 s
[INFO] Finished at: 2023-06-05T21:35:31+02:00
[INFO] ------------------------------------------------------------------------

Security framework of XStream not initialized, XStream is probably vulnerable.

---------------------------------------------------
[LOG] Cleaned targets with ['mvn', 'clean']
[INFO] Scanning for projects...
[WARNING] 
[WARNING] Some problems were encountered while building the effective model for com.graphhopper:rick-major:jar:5.3
[WARNING] 'dependencies.dependency.(groupId:artifactId:type:classifier)' must be unique: com.graphhopper:graphhopper-web:jar -> duplicate declaration of version 5.3 @ line 79, column 17
[WARNING] 
[WARNING] It is highly recommended to fix these problems because they threaten the stability of your build.
[WARNING] 
[WARNING] For this reason, future Maven versions might no longer support building such malformed projects.
[WARNING] 
[INFO] 
[INFO] ---------------------< com.graphhopper:rick-major >---------------------
[INFO] Building rick-major 5.3
[INFO] --------------------------------[ jar ]---------------------------------
[INFO] 
[INFO] --- maven-clean-plugin:2.5:clean (default-clean) @ rick-major ---
[INFO] Deleting /home/dee/dev/rick-major-review/graphhopper/rick-major/target
[INFO] ------------------------------------------------------------------------
[INFO] BUILD SUCCESS
[INFO] ------------------------------------------------------------------------
[INFO] Total time:  0.870 s
[INFO] Finished at: 2023-06-05T21:35:36+02:00
[INFO] ------------------------------------------------------------------------


---------------------------------------------------
[LOG] In experiment directory /home/dee/dev/rick-major-review/finches
---------------------------------------------------
---------------------------------------------------
[LOG] Resetting EncodingManager.java to original
[LOG] Invoking cp ./EncodingManager.java/original.java /home/dee/dev/rick-major-review/graphhopper/core/src/main/java/com/graphhopper/routing/util/EncodingManager.java
---------------------------------------------------
[LOG] Replacing originalEncodingManager.java with ./EncodingManager.java/310.java
[LOG] Invoking cp ./EncodingManager.java/310.java /home/dee/dev/rick-major-review/graphhopper/core/src/main/java/com/graphhopper/routing/util/EncodingManager.java
[LOG] Invoked a clean install of the parent module with ['mvn', 'clean', 'install', '-DskipTests']
[INFO] Scanning for projects...
[INFO] 
[INFO] ------------------< com.graphhopper:graphhopper-core >------------------
[INFO] Building GraphHopper Core 5.3
[INFO] --------------------------------[ jar ]---------------------------------
[INFO] 
[INFO] --- maven-clean-plugin:2.5:clean (default-clean) @ graphhopper-core ---
[INFO] Deleting /home/dee/dev/rick-major-review/graphhopper/core/target
[INFO] 
[INFO] --- git-commit-id-plugin:3.0.0:revision (default) @ graphhopper-core ---
[INFO] 
[INFO] --- maven-resources-plugin:2.6:resources (default-resources) @ graphhopper-core ---
[INFO] Using 'UTF-8' encoding to copy filtered resources.
[INFO] Copying 3 resources
[INFO] Copying 52 resources
[INFO] 
[INFO] --- maven-compiler-plugin:3.8.1:compile (default-compile) @ graphhopper-core ---
[INFO] Changes detected - recompiling the module!
[INFO] Compiling 406 source files to /home/dee/dev/rick-major-review/graphhopper/core/target/classes
[INFO] 
[INFO] --- maven-resources-plugin:2.6:testResources (default-testResources) @ graphhopper-core ---
[INFO] Using 'UTF-8' encoding to copy filtered resources.
[INFO] Copying 37 resources
[INFO] 
[INFO] --- maven-compiler-plugin:3.8.1:testCompile (default-testCompile) @ graphhopper-core ---
[INFO] Changes detected - recompiling the module!
[INFO] Compiling 184 source files to /home/dee/dev/rick-major-review/graphhopper/core/target/test-classes
[INFO] 
[INFO] --- maven-surefire-plugin:2.22.2:test (default-test) @ graphhopper-core ---
[INFO] Tests are skipped.
[INFO] 
[INFO] --- maven-jar-plugin:3.1.1:jar (default-jar) @ graphhopper-core ---
[INFO] Building jar: /home/dee/dev/rick-major-review/graphhopper/core/target/graphhopper-core-5.3.jar
[INFO] 
[INFO] --- maven-jar-plugin:3.1.1:test-jar (default) @ graphhopper-core ---
[INFO] Building jar: /home/dee/dev/rick-major-review/graphhopper/core/target/graphhopper-core-5.3-tests.jar
[INFO] 
[INFO] --- maven-failsafe-plugin:2.22.2:integration-test (default) @ graphhopper-core ---
[INFO] Tests are skipped.
[INFO] 
[INFO] --- maven-failsafe-plugin:2.22.2:verify (default) @ graphhopper-core ---
[INFO] Tests are skipped.
[INFO] 
[INFO] --- maven-install-plugin:2.4:install (default-install) @ graphhopper-core ---
[INFO] Installing /home/dee/dev/rick-major-review/graphhopper/core/target/graphhopper-core-5.3.jar to /home/dee/.m2/repository/com/graphhopper/graphhopper-core/5.3/graphhopper-core-5.3.jar
[INFO] Installing /home/dee/dev/rick-major-review/graphhopper/core/pom.xml to /home/dee/.m2/repository/com/graphhopper/graphhopper-core/5.3/graphhopper-core-5.3.pom
[INFO] Installing /home/dee/dev/rick-major-review/graphhopper/core/target/graphhopper-core-5.3-tests.jar to /home/dee/.m2/repository/com/graphhopper/graphhopper-core/5.3/graphhopper-core-5.3-tests.jar
[INFO] ------------------------------------------------------------------------
[INFO] BUILD SUCCESS
[INFO] ------------------------------------------------------------------------
[INFO] Total time:  47.140 s
[INFO] Finished at: 2023-06-05T21:36:28+02:00
[INFO] ------------------------------------------------------------------------


---------------------------------------------------
[BASELINE] Not evaluating any oracle
[LOG] Replacing original RICK test with variant baseline
[LOG] Invoking cp /home/dee/dev/rick-major-review/finches/output/EncodingManager_Builder_add_EncodedValue/test-baseline.java /home/dee/dev/rick-major-review/graphhopper/rick-major/src/test/java/com/graphhopper/routing/util/TestBuilderRickGen.java
[LOG] In test module directory /home/dee/dev/rick-major-review/graphhopper/rick-major
[LOG] Invoked tests with ['mvn', 'test', '-Dtest=TestBuilderRickGen']
[INFO] Scanning for projects...
[WARNING] 
[WARNING] Some problems were encountered while building the effective model for com.graphhopper:rick-major:jar:5.3
[WARNING] 'dependencies.dependency.(groupId:artifactId:type:classifier)' must be unique: com.graphhopper:graphhopper-web:jar -> duplicate declaration of version 5.3 @ line 79, column 17
[WARNING] 
[WARNING] It is highly recommended to fix these problems because they threaten the stability of your build.
[WARNING] 
[WARNING] For this reason, future Maven versions might no longer support building such malformed projects.
[WARNING] 
[INFO] 
[INFO] ---------------------< com.graphhopper:rick-major >---------------------
[INFO] Building rick-major 5.3
[INFO] --------------------------------[ jar ]---------------------------------
[INFO] 
[INFO] --- maven-resources-plugin:2.6:resources (default-resources) @ rick-major ---
[INFO] Using 'UTF-8' encoding to copy filtered resources.
[INFO] Copying 0 resource
[INFO] 
[INFO] --- maven-compiler-plugin:3.8.1:compile (default-compile) @ rick-major ---
[INFO] Nothing to compile - all classes are up to date
[INFO] 
[INFO] --- maven-resources-plugin:2.6:testResources (default-testResources) @ rick-major ---
[INFO] Using 'UTF-8' encoding to copy filtered resources.
[INFO] Copying 26 resources
[INFO] 
[INFO] --- maven-compiler-plugin:3.8.1:testCompile (default-testCompile) @ rick-major ---
[INFO] Changes detected - recompiling the module!
[INFO] Compiling 15 source files to /home/dee/dev/rick-major-review/graphhopper/rick-major/target/test-classes
[INFO] 
[INFO] --- maven-surefire-plugin:2.22.2:test (default-test) @ rick-major ---
[INFO] 
[INFO] -------------------------------------------------------
[INFO]  T E S T S
[INFO] -------------------------------------------------------
[INFO] Running com.graphhopper.routing.util.TestBuilderRickGen
[ERROR] Tests run: 2, Failures: 0, Errors: 2, Skipped: 0, Time elapsed: 3.747 s <<< FAILURE! - in com.graphhopper.routing.util.TestBuilderRickGen
[ERROR] test_add_com_graphhopper_routing_ev_EncodedValue_CO_806a5d770a2047db86be84da16bb35b1  Time elapsed: 2.929 s  <<< ERROR!
org.mockito.exceptions.misusing.UnnecessaryStubbingException: 

Unnecessary stubbings detected.
Clean & maintainable test code requires zero unnecessary code.
Following stubbings are unnecessary (click to navigate to relevant line of code):
  1. -> at com.graphhopper.routing.util.TestBuilderRickGen.test_add_com_graphhopper_routing_ev_EncodedValue_CO_806a5d770a2047db86be84da16bb35b1(TestBuilderRickGen.java:50)
Please remove unnecessary stubbings or use 'lenient' strictness. More info: javadoc for UnnecessaryStubbingException class.

[ERROR] test_add_com_graphhopper_routing_ev_EncodedValue_PO_806a5d770a2047db86be84da16bb35b1  Time elapsed: 0.023 s  <<< ERROR!
org.mockito.exceptions.misusing.UnnecessaryStubbingException: 

Unnecessary stubbings detected.
Clean & maintainable test code requires zero unnecessary code.
Following stubbings are unnecessary (click to navigate to relevant line of code):
  1. -> at com.graphhopper.routing.util.TestBuilderRickGen.test_add_com_graphhopper_routing_ev_EncodedValue_PO_806a5d770a2047db86be84da16bb35b1(TestBuilderRickGen.java:37)
Please remove unnecessary stubbings or use 'lenient' strictness. More info: javadoc for UnnecessaryStubbingException class.

[INFO] 
[INFO] Results:
[INFO] 
[ERROR] Errors: 
[ERROR]   TestBuilderRickGen.test_add_com_graphhopper_routing_ev_EncodedValue_CO_806a5d770a2047db86be84da16bb35b1 » UnnecessaryStubbing
[ERROR]   TestBuilderRickGen.test_add_com_graphhopper_routing_ev_EncodedValue_PO_806a5d770a2047db86be84da16bb35b1 » UnnecessaryStubbing
[INFO] 
[ERROR] Tests run: 2, Failures: 0, Errors: 2, Skipped: 0
[INFO] 
[INFO] ------------------------------------------------------------------------
[INFO] BUILD FAILURE
[INFO] ------------------------------------------------------------------------
[INFO] Total time:  15.235 s
[INFO] Finished at: 2023-06-05T21:36:47+02:00
[INFO] ------------------------------------------------------------------------
[ERROR] Failed to execute goal org.apache.maven.plugins:maven-surefire-plugin:2.22.2:test (default-test) on project rick-major: There are test failures.
[ERROR] 
[ERROR] Please refer to /home/dee/dev/rick-major-review/graphhopper/rick-major/target/surefire-reports for the individual test results.
[ERROR] Please refer to dump files (if any exist) [date].dump, [date]-jvmRun[N].dump and [date].dumpstream.
[ERROR] -> [Help 1]
[ERROR] 
[ERROR] To see the full stack trace of the errors, re-run Maven with the -e switch.
[ERROR] Re-run Maven using the -X switch to enable full debug logging.
[ERROR] 
[ERROR] For more information about the errors and possible solutions, please read the following articles:
[ERROR] [Help 1] http://cwiki.apache.org/confluence/display/MAVEN/MojoFailureException

Security framework of XStream not initialized, XStream is probably vulnerable.

---------------------------------------------------
[LOG] Cleaned targets with ['mvn', 'clean']
[INFO] Scanning for projects...
[WARNING] 
[WARNING] Some problems were encountered while building the effective model for com.graphhopper:rick-major:jar:5.3
[WARNING] 'dependencies.dependency.(groupId:artifactId:type:classifier)' must be unique: com.graphhopper:graphhopper-web:jar -> duplicate declaration of version 5.3 @ line 79, column 17
[WARNING] 
[WARNING] It is highly recommended to fix these problems because they threaten the stability of your build.
[WARNING] 
[WARNING] For this reason, future Maven versions might no longer support building such malformed projects.
[WARNING] 
[INFO] 
[INFO] ---------------------< com.graphhopper:rick-major >---------------------
[INFO] Building rick-major 5.3
[INFO] --------------------------------[ jar ]---------------------------------
[INFO] 
[INFO] --- maven-clean-plugin:2.5:clean (default-clean) @ rick-major ---
[INFO] Deleting /home/dee/dev/rick-major-review/graphhopper/rick-major/target
[INFO] ------------------------------------------------------------------------
[INFO] BUILD SUCCESS
[INFO] ------------------------------------------------------------------------
[INFO] Total time:  0.910 s
[INFO] Finished at: 2023-06-05T21:36:52+02:00
[INFO] ------------------------------------------------------------------------


---------------------------------------------------
[LOG] In experiment directory /home/dee/dev/rick-major-review/finches
---------------------------------------------------
[LOG] Restoring original RICK test from ./EncodingManager.java/original-test.java
[LOG] Invoking cp ./EncodingManager.java/original-test.java /home/dee/dev/rick-major-review/graphhopper/rick-major/src/test/java/com/graphhopper/routing/util/TestBuilderRickGen.java
---------------------------------------------------
[PO] Evaluating only PO
[LOG] Replacing original RICK test with variant po
[LOG] Invoking cp /home/dee/dev/rick-major-review/finches/output/EncodingManager_Builder_add_EncodedValue/test-po.java /home/dee/dev/rick-major-review/graphhopper/rick-major/src/test/java/com/graphhopper/routing/util/TestBuilderRickGen.java
[LOG] In test module directory /home/dee/dev/rick-major-review/graphhopper/rick-major
[LOG] Invoked tests with ['mvn', 'test', '-Dtest=TestBuilderRickGen']
[INFO] Scanning for projects...
[WARNING] 
[WARNING] Some problems were encountered while building the effective model for com.graphhopper:rick-major:jar:5.3
[WARNING] 'dependencies.dependency.(groupId:artifactId:type:classifier)' must be unique: com.graphhopper:graphhopper-web:jar -> duplicate declaration of version 5.3 @ line 79, column 17
[WARNING] 
[WARNING] It is highly recommended to fix these problems because they threaten the stability of your build.
[WARNING] 
[WARNING] For this reason, future Maven versions might no longer support building such malformed projects.
[WARNING] 
[INFO] 
[INFO] ---------------------< com.graphhopper:rick-major >---------------------
[INFO] Building rick-major 5.3
[INFO] --------------------------------[ jar ]---------------------------------
[INFO] 
[INFO] --- maven-resources-plugin:2.6:resources (default-resources) @ rick-major ---
[INFO] Using 'UTF-8' encoding to copy filtered resources.
[INFO] Copying 0 resource
[INFO] 
[INFO] --- maven-compiler-plugin:3.8.1:compile (default-compile) @ rick-major ---
[INFO] Nothing to compile - all classes are up to date
[INFO] 
[INFO] --- maven-resources-plugin:2.6:testResources (default-testResources) @ rick-major ---
[INFO] Using 'UTF-8' encoding to copy filtered resources.
[INFO] Copying 26 resources
[INFO] 
[INFO] --- maven-compiler-plugin:3.8.1:testCompile (default-testCompile) @ rick-major ---
[INFO] Changes detected - recompiling the module!
[INFO] Compiling 15 source files to /home/dee/dev/rick-major-review/graphhopper/rick-major/target/test-classes
[INFO] 
[INFO] --- maven-surefire-plugin:2.22.2:test (default-test) @ rick-major ---
[INFO] 
[INFO] -------------------------------------------------------
[INFO]  T E S T S
[INFO] -------------------------------------------------------
[INFO] Running com.graphhopper.routing.util.TestBuilderRickGen
[ERROR] Tests run: 2, Failures: 1, Errors: 1, Skipped: 0, Time elapsed: 3.697 s <<< FAILURE! - in com.graphhopper.routing.util.TestBuilderRickGen
[ERROR] test_add_com_graphhopper_routing_ev_EncodedValue_CO_806a5d770a2047db86be84da16bb35b1  Time elapsed: 2.889 s  <<< ERROR!
org.mockito.exceptions.misusing.UnnecessaryStubbingException: 

Unnecessary stubbings detected.
Clean & maintainable test code requires zero unnecessary code.
Following stubbings are unnecessary (click to navigate to relevant line of code):
  1. -> at com.graphhopper.routing.util.TestBuilderRickGen.test_add_com_graphhopper_routing_ev_EncodedValue_CO_806a5d770a2047db86be84da16bb35b1(TestBuilderRickGen.java:50)
Please remove unnecessary stubbings or use 'lenient' strictness. More info: javadoc for UnnecessaryStubbingException class.

[ERROR] test_add_com_graphhopper_routing_ev_EncodedValue_PO_806a5d770a2047db86be84da16bb35b1  Time elapsed: 0.045 s  <<< FAILURE!
org.mockito.exceptions.verification.WantedButNotInvoked: 

Wanted but not invoked:
encodedValue.getName();
-> at com.graphhopper.routing.util.TestBuilderRickGen.test_add_com_graphhopper_routing_ev_EncodedValue_PO_806a5d770a2047db86be84da16bb35b1(TestBuilderRickGen.java:41)
Actually, there were zero interactions with this mock.

	at com.graphhopper.routing.util.TestBuilderRickGen.test_add_com_graphhopper_routing_ev_EncodedValue_PO_806a5d770a2047db86be84da16bb35b1(TestBuilderRickGen.java:41)

[INFO] 
[INFO] Results:
[INFO] 
[ERROR] Failures: 
[ERROR]   TestBuilderRickGen.test_add_com_graphhopper_routing_ev_EncodedValue_PO_806a5d770a2047db86be84da16bb35b1:41 
Wanted but not invoked:
encodedValue.getName();
-> at com.graphhopper.routing.util.TestBuilderRickGen.test_add_com_graphhopper_routing_ev_EncodedValue_PO_806a5d770a2047db86be84da16bb35b1(TestBuilderRickGen.java:41)
Actually, there were zero interactions with this mock.

[ERROR] Errors: 
[ERROR]   TestBuilderRickGen.test_add_com_graphhopper_routing_ev_EncodedValue_CO_806a5d770a2047db86be84da16bb35b1 » UnnecessaryStubbing
[INFO] 
[ERROR] Tests run: 2, Failures: 1, Errors: 1, Skipped: 0
[INFO] 
[INFO] ------------------------------------------------------------------------
[INFO] BUILD FAILURE
[INFO] ------------------------------------------------------------------------
[INFO] Total time:  16.153 s
[INFO] Finished at: 2023-06-05T21:37:12+02:00
[INFO] ------------------------------------------------------------------------
[ERROR] Failed to execute goal org.apache.maven.plugins:maven-surefire-plugin:2.22.2:test (default-test) on project rick-major: There are test failures.
[ERROR] 
[ERROR] Please refer to /home/dee/dev/rick-major-review/graphhopper/rick-major/target/surefire-reports for the individual test results.
[ERROR] Please refer to dump files (if any exist) [date].dump, [date]-jvmRun[N].dump and [date].dumpstream.
[ERROR] -> [Help 1]
[ERROR] 
[ERROR] To see the full stack trace of the errors, re-run Maven with the -e switch.
[ERROR] Re-run Maven using the -X switch to enable full debug logging.
[ERROR] 
[ERROR] For more information about the errors and possible solutions, please read the following articles:
[ERROR] [Help 1] http://cwiki.apache.org/confluence/display/MAVEN/MojoFailureException

Security framework of XStream not initialized, XStream is probably vulnerable.

---------------------------------------------------
[LOG] Cleaned targets with ['mvn', 'clean']
[INFO] Scanning for projects...
[WARNING] 
[WARNING] Some problems were encountered while building the effective model for com.graphhopper:rick-major:jar:5.3
[WARNING] 'dependencies.dependency.(groupId:artifactId:type:classifier)' must be unique: com.graphhopper:graphhopper-web:jar -> duplicate declaration of version 5.3 @ line 79, column 17
[WARNING] 
[WARNING] It is highly recommended to fix these problems because they threaten the stability of your build.
[WARNING] 
[WARNING] For this reason, future Maven versions might no longer support building such malformed projects.
[WARNING] 
[INFO] 
[INFO] ---------------------< com.graphhopper:rick-major >---------------------
[INFO] Building rick-major 5.3
[INFO] --------------------------------[ jar ]---------------------------------
[INFO] 
[INFO] --- maven-clean-plugin:2.5:clean (default-clean) @ rick-major ---
[INFO] Deleting /home/dee/dev/rick-major-review/graphhopper/rick-major/target
[INFO] ------------------------------------------------------------------------
[INFO] BUILD SUCCESS
[INFO] ------------------------------------------------------------------------
[INFO] Total time:  0.866 s
[INFO] Finished at: 2023-06-05T21:37:17+02:00
[INFO] ------------------------------------------------------------------------


---------------------------------------------------
[LOG] In experiment directory /home/dee/dev/rick-major-review/finches
---------------------------------------------------
[LOG] Restoring original RICK test from ./EncodingManager.java/original-test.java
[LOG] Invoking cp ./EncodingManager.java/original-test.java /home/dee/dev/rick-major-review/graphhopper/rick-major/src/test/java/com/graphhopper/routing/util/TestBuilderRickGen.java
---------------------------------------------------
[CO] Evaluating only CO
[LOG] Replacing original RICK test with variant co
[LOG] Invoking cp /home/dee/dev/rick-major-review/finches/output/EncodingManager_Builder_add_EncodedValue/test-co.java /home/dee/dev/rick-major-review/graphhopper/rick-major/src/test/java/com/graphhopper/routing/util/TestBuilderRickGen.java
[LOG] In test module directory /home/dee/dev/rick-major-review/graphhopper/rick-major
[LOG] Invoked tests with ['mvn', 'test', '-Dtest=TestBuilderRickGen']
[INFO] Scanning for projects...
[WARNING] 
[WARNING] Some problems were encountered while building the effective model for com.graphhopper:rick-major:jar:5.3
[WARNING] 'dependencies.dependency.(groupId:artifactId:type:classifier)' must be unique: com.graphhopper:graphhopper-web:jar -> duplicate declaration of version 5.3 @ line 79, column 17
[WARNING] 
[WARNING] It is highly recommended to fix these problems because they threaten the stability of your build.
[WARNING] 
[WARNING] For this reason, future Maven versions might no longer support building such malformed projects.
[WARNING] 
[INFO] 
[INFO] ---------------------< com.graphhopper:rick-major >---------------------
[INFO] Building rick-major 5.3
[INFO] --------------------------------[ jar ]---------------------------------
[INFO] 
[INFO] --- maven-resources-plugin:2.6:resources (default-resources) @ rick-major ---
[INFO] Using 'UTF-8' encoding to copy filtered resources.
[INFO] Copying 0 resource
[INFO] 
[INFO] --- maven-compiler-plugin:3.8.1:compile (default-compile) @ rick-major ---
[INFO] Nothing to compile - all classes are up to date
[INFO] 
[INFO] --- maven-resources-plugin:2.6:testResources (default-testResources) @ rick-major ---
[INFO] Using 'UTF-8' encoding to copy filtered resources.
[INFO] Copying 26 resources
[INFO] 
[INFO] --- maven-compiler-plugin:3.8.1:testCompile (default-testCompile) @ rick-major ---
[INFO] Changes detected - recompiling the module!
[INFO] Compiling 15 source files to /home/dee/dev/rick-major-review/graphhopper/rick-major/target/test-classes
[INFO] 
[INFO] --- maven-surefire-plugin:2.22.2:test (default-test) @ rick-major ---
[INFO] 
[INFO] -------------------------------------------------------
[INFO]  T E S T S
[INFO] -------------------------------------------------------
[INFO] Running com.graphhopper.routing.util.TestBuilderRickGen
[ERROR] Tests run: 2, Failures: 1, Errors: 1, Skipped: 0, Time elapsed: 5.423 s <<< FAILURE! - in com.graphhopper.routing.util.TestBuilderRickGen
[ERROR] test_add_com_graphhopper_routing_ev_EncodedValue_CO_806a5d770a2047db86be84da16bb35b1  Time elapsed: 3.369 s  <<< FAILURE!
org.mockito.exceptions.verification.WantedButNotInvoked: 

Wanted but not invoked:
encodedValue.getName();
-> at com.graphhopper.routing.util.TestBuilderRickGen.test_add_com_graphhopper_routing_ev_EncodedValue_CO_806a5d770a2047db86be84da16bb35b1(TestBuilderRickGen.java:55)
Actually, there were zero interactions with this mock.

	at com.graphhopper.routing.util.TestBuilderRickGen.test_add_com_graphhopper_routing_ev_EncodedValue_CO_806a5d770a2047db86be84da16bb35b1(TestBuilderRickGen.java:55)

[ERROR] test_add_com_graphhopper_routing_ev_EncodedValue_PO_806a5d770a2047db86be84da16bb35b1  Time elapsed: 0.031 s  <<< ERROR!
org.mockito.exceptions.misusing.UnnecessaryStubbingException: 

Unnecessary stubbings detected.
Clean & maintainable test code requires zero unnecessary code.
Following stubbings are unnecessary (click to navigate to relevant line of code):
  1. -> at com.graphhopper.routing.util.TestBuilderRickGen.test_add_com_graphhopper_routing_ev_EncodedValue_PO_806a5d770a2047db86be84da16bb35b1(TestBuilderRickGen.java:37)
Please remove unnecessary stubbings or use 'lenient' strictness. More info: javadoc for UnnecessaryStubbingException class.

[INFO] 
[INFO] Results:
[INFO] 
[ERROR] Failures: 
[ERROR]   TestBuilderRickGen.test_add_com_graphhopper_routing_ev_EncodedValue_CO_806a5d770a2047db86be84da16bb35b1:55 
Wanted but not invoked:
encodedValue.getName();
-> at com.graphhopper.routing.util.TestBuilderRickGen.test_add_com_graphhopper_routing_ev_EncodedValue_CO_806a5d770a2047db86be84da16bb35b1(TestBuilderRickGen.java:55)
Actually, there were zero interactions with this mock.

[ERROR] Errors: 
[ERROR]   TestBuilderRickGen.test_add_com_graphhopper_routing_ev_EncodedValue_PO_806a5d770a2047db86be84da16bb35b1 » UnnecessaryStubbing
[INFO] 
[ERROR] Tests run: 2, Failures: 1, Errors: 1, Skipped: 0
[INFO] 
[INFO] ------------------------------------------------------------------------
[INFO] BUILD FAILURE
[INFO] ------------------------------------------------------------------------
[INFO] Total time:  18.257 s
[INFO] Finished at: 2023-06-05T21:37:39+02:00
[INFO] ------------------------------------------------------------------------
[ERROR] Failed to execute goal org.apache.maven.plugins:maven-surefire-plugin:2.22.2:test (default-test) on project rick-major: There are test failures.
[ERROR] 
[ERROR] Please refer to /home/dee/dev/rick-major-review/graphhopper/rick-major/target/surefire-reports for the individual test results.
[ERROR] Please refer to dump files (if any exist) [date].dump, [date]-jvmRun[N].dump and [date].dumpstream.
[ERROR] -> [Help 1]
[ERROR] 
[ERROR] To see the full stack trace of the errors, re-run Maven with the -e switch.
[ERROR] Re-run Maven using the -X switch to enable full debug logging.
[ERROR] 
[ERROR] For more information about the errors and possible solutions, please read the following articles:
[ERROR] [Help 1] http://cwiki.apache.org/confluence/display/MAVEN/MojoFailureException

Security framework of XStream not initialized, XStream is probably vulnerable.

---------------------------------------------------
[LOG] Cleaned targets with ['mvn', 'clean']
[INFO] Scanning for projects...
[WARNING] 
[WARNING] Some problems were encountered while building the effective model for com.graphhopper:rick-major:jar:5.3
[WARNING] 'dependencies.dependency.(groupId:artifactId:type:classifier)' must be unique: com.graphhopper:graphhopper-web:jar -> duplicate declaration of version 5.3 @ line 79, column 17
[WARNING] 
[WARNING] It is highly recommended to fix these problems because they threaten the stability of your build.
[WARNING] 
[WARNING] For this reason, future Maven versions might no longer support building such malformed projects.
[WARNING] 
[INFO] 
[INFO] ---------------------< com.graphhopper:rick-major >---------------------
[INFO] Building rick-major 5.3
[INFO] --------------------------------[ jar ]---------------------------------
[INFO] 
[INFO] --- maven-clean-plugin:2.5:clean (default-clean) @ rick-major ---
[INFO] Deleting /home/dee/dev/rick-major-review/graphhopper/rick-major/target
[INFO] ------------------------------------------------------------------------
[INFO] BUILD SUCCESS
[INFO] ------------------------------------------------------------------------
[INFO] Total time:  0.948 s
[INFO] Finished at: 2023-06-05T21:37:44+02:00
[INFO] ------------------------------------------------------------------------


---------------------------------------------------
[LOG] In experiment directory /home/dee/dev/rick-major-review/finches
---------------------------------------------------
[LOG] Restoring original RICK test from ./EncodingManager.java/original-test.java
[LOG] Invoking cp ./EncodingManager.java/original-test.java /home/dee/dev/rick-major-review/graphhopper/rick-major/src/test/java/com/graphhopper/routing/util/TestBuilderRickGen.java
---------------------------------------------------
[ALL] Evaluating (OO +) PO + CO
[LOG] Restoring original RICK test from ./EncodingManager.java/original-test.java
[LOG] Invoking cp ./EncodingManager.java/original-test.java /home/dee/dev/rick-major-review/graphhopper/rick-major/src/test/java/com/graphhopper/routing/util/TestBuilderRickGen.java
[LOG] In test module directory /home/dee/dev/rick-major-review/graphhopper/rick-major
[LOG] Invoked tests with ['mvn', 'test', '-Dtest=TestBuilderRickGen']
[INFO] Scanning for projects...
[WARNING] 
[WARNING] Some problems were encountered while building the effective model for com.graphhopper:rick-major:jar:5.3
[WARNING] 'dependencies.dependency.(groupId:artifactId:type:classifier)' must be unique: com.graphhopper:graphhopper-web:jar -> duplicate declaration of version 5.3 @ line 79, column 17
[WARNING] 
[WARNING] It is highly recommended to fix these problems because they threaten the stability of your build.
[WARNING] 
[WARNING] For this reason, future Maven versions might no longer support building such malformed projects.
[WARNING] 
[INFO] 
[INFO] ---------------------< com.graphhopper:rick-major >---------------------
[INFO] Building rick-major 5.3
[INFO] --------------------------------[ jar ]---------------------------------
[INFO] 
[INFO] --- maven-resources-plugin:2.6:resources (default-resources) @ rick-major ---
[INFO] Using 'UTF-8' encoding to copy filtered resources.
[INFO] Copying 0 resource
[INFO] 
[INFO] --- maven-compiler-plugin:3.8.1:compile (default-compile) @ rick-major ---
[INFO] Nothing to compile - all classes are up to date
[INFO] 
[INFO] --- maven-resources-plugin:2.6:testResources (default-testResources) @ rick-major ---
[INFO] Using 'UTF-8' encoding to copy filtered resources.
[INFO] Copying 26 resources
[INFO] 
[INFO] --- maven-compiler-plugin:3.8.1:testCompile (default-testCompile) @ rick-major ---
[INFO] Changes detected - recompiling the module!
[INFO] Compiling 15 source files to /home/dee/dev/rick-major-review/graphhopper/rick-major/target/test-classes
[INFO] 
[INFO] --- maven-surefire-plugin:2.22.2:test (default-test) @ rick-major ---
[INFO] 
[INFO] -------------------------------------------------------
[INFO]  T E S T S
[INFO] -------------------------------------------------------
[INFO] Running com.graphhopper.routing.util.TestBuilderRickGen
[ERROR] Tests run: 2, Failures: 2, Errors: 0, Skipped: 0, Time elapsed: 4.089 s <<< FAILURE! - in com.graphhopper.routing.util.TestBuilderRickGen
[ERROR] test_add_com_graphhopper_routing_ev_EncodedValue_CO_806a5d770a2047db86be84da16bb35b1  Time elapsed: 3.287 s  <<< FAILURE!
org.mockito.exceptions.verification.WantedButNotInvoked: 

Wanted but not invoked:
encodedValue.getName();
-> at com.graphhopper.routing.util.TestBuilderRickGen.test_add_com_graphhopper_routing_ev_EncodedValue_CO_806a5d770a2047db86be84da16bb35b1(TestBuilderRickGen.java:55)
Actually, there were zero interactions with this mock.

	at com.graphhopper.routing.util.TestBuilderRickGen.test_add_com_graphhopper_routing_ev_EncodedValue_CO_806a5d770a2047db86be84da16bb35b1(TestBuilderRickGen.java:55)

[ERROR] test_add_com_graphhopper_routing_ev_EncodedValue_PO_806a5d770a2047db86be84da16bb35b1  Time elapsed: 0.032 s  <<< FAILURE!
org.mockito.exceptions.verification.WantedButNotInvoked: 

Wanted but not invoked:
encodedValue.getName();
-> at com.graphhopper.routing.util.TestBuilderRickGen.test_add_com_graphhopper_routing_ev_EncodedValue_PO_806a5d770a2047db86be84da16bb35b1(TestBuilderRickGen.java:41)
Actually, there were zero interactions with this mock.

	at com.graphhopper.routing.util.TestBuilderRickGen.test_add_com_graphhopper_routing_ev_EncodedValue_PO_806a5d770a2047db86be84da16bb35b1(TestBuilderRickGen.java:41)

[INFO] 
[INFO] Results:
[INFO] 
[ERROR] Failures: 
[ERROR]   TestBuilderRickGen.test_add_com_graphhopper_routing_ev_EncodedValue_CO_806a5d770a2047db86be84da16bb35b1:55 
Wanted but not invoked:
encodedValue.getName();
-> at com.graphhopper.routing.util.TestBuilderRickGen.test_add_com_graphhopper_routing_ev_EncodedValue_CO_806a5d770a2047db86be84da16bb35b1(TestBuilderRickGen.java:55)
Actually, there were zero interactions with this mock.

[ERROR]   TestBuilderRickGen.test_add_com_graphhopper_routing_ev_EncodedValue_PO_806a5d770a2047db86be84da16bb35b1:41 
Wanted but not invoked:
encodedValue.getName();
-> at com.graphhopper.routing.util.TestBuilderRickGen.test_add_com_graphhopper_routing_ev_EncodedValue_PO_806a5d770a2047db86be84da16bb35b1(TestBuilderRickGen.java:41)
Actually, there were zero interactions with this mock.

[INFO] 
[ERROR] Tests run: 2, Failures: 2, Errors: 0, Skipped: 0
[INFO] 
[INFO] ------------------------------------------------------------------------
[INFO] BUILD FAILURE
[INFO] ------------------------------------------------------------------------
[INFO] Total time:  16.012 s
[INFO] Finished at: 2023-06-05T21:38:04+02:00
[INFO] ------------------------------------------------------------------------
[ERROR] Failed to execute goal org.apache.maven.plugins:maven-surefire-plugin:2.22.2:test (default-test) on project rick-major: There are test failures.
[ERROR] 
[ERROR] Please refer to /home/dee/dev/rick-major-review/graphhopper/rick-major/target/surefire-reports for the individual test results.
[ERROR] Please refer to dump files (if any exist) [date].dump, [date]-jvmRun[N].dump and [date].dumpstream.
[ERROR] -> [Help 1]
[ERROR] 
[ERROR] To see the full stack trace of the errors, re-run Maven with the -e switch.
[ERROR] Re-run Maven using the -X switch to enable full debug logging.
[ERROR] 
[ERROR] For more information about the errors and possible solutions, please read the following articles:
[ERROR] [Help 1] http://cwiki.apache.org/confluence/display/MAVEN/MojoFailureException

Security framework of XStream not initialized, XStream is probably vulnerable.

---------------------------------------------------
[LOG] Cleaned targets with ['mvn', 'clean']
[INFO] Scanning for projects...
[WARNING] 
[WARNING] Some problems were encountered while building the effective model for com.graphhopper:rick-major:jar:5.3
[WARNING] 'dependencies.dependency.(groupId:artifactId:type:classifier)' must be unique: com.graphhopper:graphhopper-web:jar -> duplicate declaration of version 5.3 @ line 79, column 17
[WARNING] 
[WARNING] It is highly recommended to fix these problems because they threaten the stability of your build.
[WARNING] 
[WARNING] For this reason, future Maven versions might no longer support building such malformed projects.
[WARNING] 
[INFO] 
[INFO] ---------------------< com.graphhopper:rick-major >---------------------
[INFO] Building rick-major 5.3
[INFO] --------------------------------[ jar ]---------------------------------
[INFO] 
[INFO] --- maven-clean-plugin:2.5:clean (default-clean) @ rick-major ---
[INFO] Deleting /home/dee/dev/rick-major-review/graphhopper/rick-major/target
[INFO] ------------------------------------------------------------------------
[INFO] BUILD SUCCESS
[INFO] ------------------------------------------------------------------------
[INFO] Total time:  0.899 s
[INFO] Finished at: 2023-06-05T21:38:08+02:00
[INFO] ------------------------------------------------------------------------


---------------------------------------------------
[LOG] In experiment directory /home/dee/dev/rick-major-review/finches
---------------------------------------------------
---------------------------------------------------
[LOG] Resetting EncodingManager.java to original
[LOG] Invoking cp ./EncodingManager.java/original.java /home/dee/dev/rick-major-review/graphhopper/core/src/main/java/com/graphhopper/routing/util/EncodingManager.java
---------------------------------------------------
[LOG] Copying littledarwin mutants to /home/dee/dev/rick-major-review/finches/output/EncodingManager_Builder_add_EncodedValue/
[LOG] Invoked copying with ['cp', '-r', '/home/dee/dev/rick-major-review/finches/EncodingManager.java', '/home/dee/dev/rick-major-review/finches/output/EncodingManager_Builder_add_EncodedValue/']


---------------------------------------------------
[LOG] Finishing analysis at 2023-06-05 21:38:09.251867
====== END OF THE LINE ======
